0
0
0
0
0
ffec
42c
5d6
3f9
ffb5
46
38e
49d
2e1
ff6e
3f
30e
3fb
287
ff91
84
3de
4e1
2f3
ff34
fffc
37f
4e4
35f
ffd0
ff7f
39c
581
41a
3b
ff23
364
584
455
8f
19
3f0
554
377
ff73
c6
412
4e5
2bb
fed4
5b
3d5
4fb
31f
ff54
7
3b7
522
371
ffa2
ffd1
38e
51b
392
ffd7
ffa9
380
52d
3b9
fffc
ff67
35b
53a
3f0
40
ff82
37e
54e
3e6
1b
ff82
37a
546
3df
1a
ff85
39a
571
3fb
15
3d
3d7
515
33a
ff5c
a0
3e2
4c8
2c5
ff04
2e
3ac
4ee
337
ff85
ffdb
399
522
390
ffd0
ffb5
386
52c
3b1
fff2
ff94
380
543
3d8
15
ff8a
37e
54a
3e6
22
ff7f
389
561
3f7
20
ff43
366
567
420
55
ff51
381
57e
425
43
83
411
520
30f
ff11
d0
406
4ca
2a3
fecf
4e
3c9
4f6
324
ff5f
ffea
3a7
526
388
ffbe
ffb0
392
540
3bf
fff2
ff9a
388
547
3d3
8
ff96
38e
552
3dc
9
ff76
384
562
3fd
27
ff48
36d
56d
424
54
ff3b
379
58b
441
60
4a
403
546
354
ff4f
9e
3f6
4e5
2d8
ff00
4c
3c7
4f3
31e
ff57
d
3b7
51a
364
ff95
ff98
37e
53c
3cf
e
ff81
375
543
3e0
1d
ff85
377
544
3e0
1d
ff71
37a
55c
400
34
ff15
33f
560
440
8c
ff04
345
575
454
90
4c
3f0
528
33a
ff46
9c
3f0
4de
2d4
ff01
40
3b6
4e8
323
ff6d
ffeb
39d
517
37b
ffba
ffab
385
533
3bd
fffc
ffa5
383
536
3bf
fffb
ff81
375
542
3df
1c
ff70
377
558
3fc
32
ff54
36b
55f
410
45
ff3a
36e
57b
436
5f
56
3f5
527
336
ff44
b8
3fa
4d1
2b8
fee6
42
3c2
4f8
32c
ff69
fff5
3a9
51d
377
ffab
ffb8
390
535
3b1
ffe8
ff99
38b
54b
3d7
8
ff88
37d
548
3dd
13
ff8b
391
561
3ee
13
ff5c
379
56d
418
44
ff4e
384
588
432
4c
79
412
52b
31d
ff19
112
421
4af
25f
fe86
62
3c7
4e0
307
ff4c
ffde
398
51d
389
ffc8
ff99
380
53d
3cb
4
ff88
37b
547
3e3
1f
ff93
38e
556
3e3
e
ff89
388
555
3e4
f
ff58
378
56d
418
42
ff5e
381
573
415
39
6a
405
528
325
ff27
c0
3fc
4cc
2af
fede
36
3bd
500
342
ff85
ffdf
399
51b
384
ffc1
ffa9
38d
53f
3c2
fff5
ff90
37f
545
3db
16
ff7d
377
549
3e5
1c
ff5b
36b
55b
40d
46
ff5b
378
56a
412
3c
ff46
378
57d
42b
4c
8c
41e
52b
30f
ff05
101
41a
4b6
273
fe9c
68
3cb
4e1
304
ff48
16
3b1
508
351
ff8d
ffa7
383
534
3be
fffe
ff94
381
545
3d9
13
ff95
385
548
3d8
e
ff82
382
555
3eb
1b
ff4b
365
560
418
4f
ff4d
372
56d
41b
46
6b
3fa
518
319
ff29
b3
3f1
4c8
2b5
feea
50
3c1
4e9
317
ff59
ffe4
398
518
382
ffc4
ffa6
385
538
3c3

ffb0
38e
53a
3bc
fff1
ff8f
383
549
3dc
12
ff7f
37d
54f
3e7
19
ff5a
36f
560
40f
42
ff45
378
582
437
5b
4b
3f2
52f
344
ff4f
a4
3ed
4d1
2c6
fefa
2f
3ac
4ea
32c
ff76
ffe3
399
518
380
ffbf
ff9c
37d
537
3c8
9
ff93
381
545
3d9
12
ff8b
37b
541
3d7
11
ff84
37e
54c
3e2
16
ff57
364
553
408
46
ff55
378
56e
418
40
6a
3fa
51a
31d
ff2c
bd
3fc
4cf
2b2
fee0
4e
3bd
4e5
317
ff5e
ffe8
39f
51b
37e
ffb9
ffb6
38c
532
3b2
ffed
ff9b
387
545
3d2
8
ff89
37c
545
3de
17
ff6c
376
558
3fc
2e
ff4d
360
556
40e
4b
ff4d
378
575
421
47
53
3f2
523
331
ff3e
ab
3f5
4d6
2c4
fef2
47
3b5
4e0
315
ff5e
fffb
3a5
512
36c
ffa9
ffb2
388
531
3b4
fff0
ffb1
394
542
3c1
fff1
ff97
387
548
3d5
7
ff95
394
55b
3e1
4
ff5f
370
55b
405
39
ff54
383
57e
423
3f
69
402
529
32c
ff33
bb
400
4d8
2bd
fee7
47
3c3
4f5
329
ff68
ffe4
3a1
521
384
ffba
ffb3
38f
539
3ba
fff1
ff85
37e
54d
3e5
1b
ff86
378
544
3df
1a
ff8a
38d
55e
3ef
18
ff1d
348
564
439
7b
ff2a
363
57c
441
6e
7e
40e
522
312
ff14
109
426
4be
270
fe90
47
3b4
4df
316
ff62
fff5
3aa
51f
378
ffad
ffaf
388
533
3b7
fff3
ffad
395
547
3c7
fff6
ff8e
380
547
3dd
15
ff80
388
55e
3f3
1b
ff3e
35c
560
421
5d
ff46
379
57e
42c
4c
6d
3fe
51b
31a
ff26
bb
3fb
4d0
2b8
fee8
3c
3b9
4f1
32b
ff6d
7
3b4
51a
367
ff97
ffb4
38a
531
3b3
fff0
ffa8
392
546
3c6
fff4
ffa3
38a
540
3c8
fffd
ff8c
390
55f
3ec
12
ff4f
368
562
418
4f
ff40
373
57b
42d
50
5e
3fa
524
32a
ff33
b4
3fd
4d9
2c1
feeb
37
3b7
4f3
330
ff72
ffe5
3a3
527
38c
ffc4
ffb2
38a
533
3b5
fff0
ff9d
38a
544
3cc
fffe
ff6d
36f
54f
3f6
30
ff7b
37d
554
3ee
1e
ff4a
370
570
423
4e
ff45
37b
582
430
4f
bc
42f
514
2df
fed7
10e
426
4bb
26d
fe8f
54
3bc
4df
310
ff5a
fff2
399
509
368
ffac
ffb5
392
53b
3b7
ffe9
ffa0
384
53b
3c6
0
ff84
381
551
3e6
17
ff75
37d
55a
3f7
27
ff41
365
568
422
54
ff5c
37e
56f
413
37
64
407
532
331
ff30
bf
3f8
4c7
2ac
fede
3f
3be
4f8
332
ff74
ffe6
39f
51d
382
ffbe
ffa1
382
538
3c5
3
ff75
367
53d
3e7
2d
ff62
362
547
3fa
3f
ff4b
360
55b
419
58
ff3a
35a
561
425
60
ff57
379
56f
418
3f
a1
41f
518
2f3
fef0
123
428
4a8
24f
fe76
83
3da
4d9
2e7
ff21
b
3a7
505
358
ff97
ffb4
38c
535
3b9
fff6
ffab
38c
53c
3be
fff2
ff88
37b
545
3de
18
ff75
37f
55f
402
34
ff46
364
565
421
58
ff36
36f
582
43e
64
81
413
526
314
ff10
11c
427
4ab
252
fe78
68
3ce
4de
2f4
ff2f
11
3ac
507
356
ff96
ffb9
391
536
3b3
ffeb
ffb3
38f
538
3b7
ffed
ff7d
379
54e
3ee
28
ff69
379
562
409
3b
ff34
357
563
42a
67
ff27
35f
57d
449
7a
7b
40d
528
321
ff24
f2
412
4ba
27f
fea9
77
3c7
4ca
2e6
ff31
16
3ac
503
352
ff94
ffb7
388
52b
3ad
ffec
ffa1
380
535
3c1
fffe
ff73
36d
547
3f0
32
ff6c
372
553
3f9
2f
ff3c
359
55e
421
5d
ff37
361
56a
428
5d
6a
3fb
51b
31c
ff2a
bc
3f3
4c2
2a8
fedd
56
3c0
4e1
30f
ff57
ffe8
395
50c
371
ffb4
ffb7
388
52a
3aa
ffe8
ff95
37e
53f
3d5
15
ff88
37a
544
3dc
16
ff86
37e
54a
3e1
16
ff52
36a
55f
413
4a
ff45
37a
586
43e
64
52
3f6
52e
340
ff49
98
3ed
4de
2d8
ff08
70
3d2
4e0
2f7
ff31
33
3c0
502
339
ff6e
ffd7
3a1
52f
398
ffca
ffb4
393
53c
3b8
ffe9
ff8e
382
54c
3e1
16
ff73
37d
55c
3fa
28
ff47
367
568
422
57
ff3a
36e
57c
436
5d
73
40b
52a
326
ff28
b7
3fa
4d3
2bb
fee9
4a
3bf
4ee
322
ff67
fff5
3a0
511
36e
ffac
ffc9
395
52c
39f
ffd7
ff9e
387
544
3d2
9
ff70
36a
544
3ec
2c
ff52
367
55e
417
51
0
0
0
0
0
ffec
42c
5d6
3f9
ffb5
46
38e
49d
2e1
ff6e
3f
30e
3fb
287
ff91
84
3de
4e1
2f3
ff34
fffc
37f
4e4
35f
ffd0
ff7f
39c
581
41a
3b
ff23
364
584
455
8f
19
3f0
554
377
ff73
c6
412
4e5
2bb
fed4
5b
3d5
4fb
31f
ff54
7
3b7
522
371
ffa2
ffd1
38e
51b
392
ffd7
ffa9
380
52d
3b9
fffc
ff67
35b
53a
3f0
40
ff82
37e
54e
3e6
1b
ff82
37a
546
3df
1a
ff85
39a
571
3fb
15
3d
3d7
515
33a
ff5c
a0
3e2
4c8
2c5
ff04
2e
3ac
4ee
337
ff85
ffdb
399
522
390
ffd0
ffb5
386
52c
3b1
fff2
ff94
380
543
3d8
15
ff8a
37e
54a
3e6
22
ff7f
389
561
3f7
20
ff43
366
567
420
55
ff51
381
57e
425
43
83
411
520
30f
ff11
d0
406
4ca
2a3
fecf
4e
3c9
4f6
324
ff5f
ffea
3a7
526
388
ffbe
ffb0
392
540
3bf
fff2
ff9a
388
547
3d3
8
ff96
38e
552
3dc
9
ff76
384
562
3fd
27
ff48
36d
56d
424
54
ff3b
379
58b
441
60
4a
403
546
354
ff4f
9e
3f6
4e5
2d8
ff00
4c
3c7
4f3
31e
ff57
d
3b7
51a
364
ff95
ff98
37e
53c
3cf
e
ff81
375
543
3e0
1d
ff85
377
544
3e0
1d
ff71
37a
55c
400
34
ff15
33f
560
440
8c
ff04
345
575
454
90
4c
3f0
528
33a
ff46
9c
3f0
4de
2d4
ff01
40
3b6
4e8
323
ff6d
ffeb
39d
517
37b
ffba
ffab
385
533
3bd
fffc
ffa5
383
536
3bf
fffb
ff81
375
542
3df
1c
ff70
377
558
3fc
32
ff54
36b
55f
410
45
ff3a
36e
57b
436
5f
56
3f5
527
336
ff44
b8
3fa
4d1
2b8
fee6
42
3c2
4f8
32c
ff69
fff5
3a9
51d
377
ffab
ffb8
390
535
3b1
ffe8
ff99
38b
54b
3d7
8
ff88
37d
548
3dd
13
ff8b
391
561
3ee
13
ff5c
379
56d
418
44
ff4e
384
588
432
4c
79
412
52b
31d
ff19
112
421
4af
25f
fe86
62
3c7
4e0
307
ff4c
ffde
398
51d
389
ffc8
ff99
380
53d
3cb
4
ff88
37b
547
3e3
1f
ff93
38e
556
3e3
e
ff89
388
555
3e4
f
ff58
378
56d
418
42
ff5e
381
573
415
39
6a
405
528
325
ff27
c0
3fc
4cc
2af
fede
36
3bd
500
342
ff85
ffdf
399
51b
384
ffc1
ffa9
38d
53f
3c2
fff5
ff90
37f
545
3db
16
ff7d
377
549
3e5
1c
ff5b
36b
55b
40d
46
ff5b
378
56a
412
3c
ff46
378
57d
42b
4c
8c
41e
52b
30f
ff05
101
41a
4b6
273
fe9c
68
3cb
4e1
304
ff48
16
3b1
508
351
ff8d
ffa7
383
534
3be
fffe
ff94
381
545
3d9
13
ff95
385
548
3d8
e
ff82
382
555
3eb
1b
ff4b
365
560
418
4f
ff4d
372
56d
41b
46
6b
3fa
518
319
ff29
b3
3f1
4c8
2b5
feea
50
3c1
4e9
317
ff59
ffe4
398
518
382
ffc4
ffa6
385
538
3c3

ffb0
38e
53a
3bc
fff1
ff8f
383
549
3dc
12
ff7f
37d
54f
3e7
19
ff5a
36f
560
40f
42
ff45
378
582
437
5b
4b
3f2
52f
344
ff4f
a4
3ed
4d1
2c6
fefa
2f
3ac
4ea
32c
ff76
ffe3
399
518
380
ffbf
ff9c
37d
537
3c8
9
ff93
381
545
3d9
12
ff8b
37b
541
3d7
11
ff84
37e
54c
3e2
16
ff57
364
553
408
46
ff55
378
56e
418
40
6a
3fa
51a
31d
ff2c
bd
3fc
4cf
2b2
fee0
4e
3bd
4e5
317
ff5e
ffe8
39f
51b
37e
ffb9
ffb6
38c
532
3b2
ffed
ff9b
387
545
3d2
8
ff89
37c
545
3de
17
ff6c
376
558
3fc
2e
ff4d
360
556
40e
4b
ff4d
378
575
421
47
53
3f2
523
331
ff3e
ab
3f5
4d6
2c4
fef2
47
3b5
4e0
315
ff5e
fffb
3a5
512
36c
ffa9
ffb2
388
531
3b4
fff0
ffb1
394
542
3c1
fff1
ff97
387
548
3d5
7
ff95
394
55b
3e1
4
ff5f
370
55b
405
39
ff54
383
57e
423
3f
69
402
529
32c
ff33
bb
400
4d8
2bd
fee7
47
3c3
4f5
329
ff68
ffe4
3a1
521
384
ffba
ffb3
38f
539
3ba
fff1
ff85
37e
54d
3e5
1b
ff86
378
544
3df
1a
ff8a
38d
55e
3ef
18
ff1d
348
564
439
7b
ff2a
363
57c
441
6e
7e
40e
522
312
ff14
109
426
4be
270
fe90
47
3b4
4df
316
ff62
fff5
3aa
51f
378
ffad
ffaf
388
533
3b7
fff3
ffad
395
547
3c7
fff6
ff8e
380
547
3dd
15
ff80
388
55e
3f3
1b
ff3e
35c
560
421
5d
ff46
379
57e
42c
4c
6d
3fe
51b
31a
ff26
bb
3fb
4d0
2b8
fee8
3c
3b9
4f1
32b
ff6d
7
3b4
51a
367
ff97
ffb4
38a
531
3b3
fff0
ffa8
392
546
3c6
fff4
ffa3
38a
540
3c8
fffd
ff8c
390
55f
3ec
12
ff4f
368
562
418
4f
ff40
373
57b
42d
50
5e
3fa
524
32a
ff33
b4
3fd
4d9
2c1
feeb
37
3b7
4f3
330
ff72
ffe5
3a3
527
38c
ffc4
ffb2
38a
533
3b5
fff0
ff9d
38a
544
3cc
fffe
ff6d
36f
54f
3f6
30
ff7b
37d
554
3ee
1e
ff4a
370
570
423
4e
ff45
37b
582
430
4f
bc
42f
514
2df
fed7
10e
426
4bb
26d
fe8f
54
3bc
4df
310
ff5a
fff2
399
509
368
ffac
ffb5
392
53b
3b7
ffe9
ffa0
384
53b
3c6
0
ff84
381
551
3e6
17
ff75
37d
55a
3f7
27
ff41
365
568
422
54
ff5c
37e
56f
413
37
64
407
532
331
ff30
bf
3f8
4c7
2ac
fede
3f
3be
4f8
332
ff74
ffe6
39f
51d
382
ffbe
ffa1
382
538
3c5
3
ff75
367
53d
3e7
2d
ff62
362
547
3fa
3f
ff4b
360
55b
419
58
ff3a
35a
561
425
60
ff57
379
56f
418
3f
a1
41f
518
2f3
fef0
123
428
4a8
24f
fe76
83
3da
4d9
2e7
ff21
b
3a7
505
358
ff97
ffb4
38c
535
3b9
fff6
ffab
38c
53c
3be
fff2
ff88
37b
545
3de
18
ff75
37f
55f
402
34
ff46
364
565
421
58
ff36
36f
582
43e
64
81
413
526
314
ff10
11c
427
4ab
252
fe78
68
3ce
4de
2f4
ff2f
11
3ac
507
356
ff96
ffb9
391
536
3b3
ffeb
ffb3
38f
538
3b7
ffed
ff7d
379
54e
3ee
28
ff69
379
562
409
3b
ff34
357
563
42a
67
ff27
35f
57d
449
7a
7b
40d
528
321
ff24
f2
412
4ba
27f
fea9
77
3c7
4ca
2e6
ff31
16
3ac
503
352
ff94
ffb7
388
52b
3ad
ffec
ffa1
380
535
3c1
fffe
ff73
36d
547
3f0
32
ff6c
372
553
3f9
2f
ff3c
359
55e
421
5d
ff37
361
56a
428
5d
6a
3fb
51b
31c
ff2a
bc
3f3
4c2
2a8
fedd
56
3c0
4e1
30f
ff57
ffe8
395
50c
371
ffb4
ffb7
388
52a
3aa
ffe8
ff95
37e
53f
3d5
15
ff88
37a
544
3dc
16
ff86
37e
54a
3e1
16
ff52
36a
55f
413
4a
ff45
37a
586
43e
64
52
3f6
52e
340
ff49
98
3ed
4de
2d8
ff08
70
3d2
4e0
2f7
ff31
33
3c0
502
339
ff6e
ffd7
3a1
52f
398
ffca
ffb4
393
53c
3b8
ffe9
ff8e
382
54c
3e1
16
ff73
37d
55c
3fa
28
ff47
367
568
422
57
ff3a
36e
57c
436
5d
73
40b
52a
326
ff28
b7
3fa
4d3
2bb
fee9
4a
3bf
4ee
322
ff67
fff5
3a0
511
36e
ffac
ffc9
395
52c
39f
ffd7
ff9e
387
544
3d2
9
ff70
36a
544
3ec
2c
ff52
367
55e
417
51
0
0
0
0
0
ffec
42c
5d6
3f9
ffb5
46
38e
49d
2e1
ff6e
3f
30e
3fb
287
ff91
84
3de
4e1
2f3
ff34
fffc
37f
4e4
35f
ffd0
ff7f
39c
581
41a
3b
ff23
364
584
455
8f
19
3f0
554
377
ff73
c6
412
4e5
2bb
fed4
5b
3d5
4fb
31f
ff54
7
3b7
522
371
ffa2
ffd1
38e
51b
392
ffd7
ffa9
380
52d
3b9
fffc
ff67
35b
53a
3f0
40
ff82
37e
54e
3e6
1b
ff82
37a
546
3df
1a
ff85
39a
571
3fb
15
3d
3d7
515
33a
ff5c
a0
3e2
4c8
2c5
ff04
2e
3ac
4ee
337
ff85
ffdb
399
522
390
ffd0
ffb5
386
52c
3b1
fff2
ff94
380
543
3d8
15
ff8a
37e
54a
3e6
22
ff7f
389
561
3f7
20
ff43
366
567
420
55
ff51
381
57e
425
43
83
411
520
30f
ff11
d0
406
4ca
2a3
fecf
4e
3c9
4f6
324
ff5f
ffea
3a7
526
388
ffbe
ffb0
392
540
3bf
fff2
ff9a
388
547
3d3
8
ff96
38e
552
3dc
9
ff76
384
562
3fd
27
ff48
36d
56d
424
54
ff3b
379
58b
441
60
4a
403
546
354
ff4f
9e
3f6
4e5
2d8
ff00
4c
3c7
4f3
31e
ff57
d
3b7
51a
364
ff95
ff98
37e
53c
3cf
e
ff81
375
543
3e0
1d
ff85
377
544
3e0
1d
ff71
37a
55c
400
34
ff15
33f
560
440
8c
ff04
345
575
454
90
4c
3f0
528
33a
ff46
9c
3f0
4de
2d4
ff01
40
3b6
4e8
323
ff6d
ffeb
39d
517
37b
ffba
ffab
385
533
3bd
fffc
ffa5
383
536
3bf
fffb
ff81
375
542
3df
1c
ff70
377
558
3fc
32
ff54
36b
55f
410
45
ff3a
36e
57b
436
5f
56
3f5
527
336
ff44
b8
3fa
4d1
2b8
fee6
42
3c2
4f8
32c
ff69
fff5
3a9
51d
377
ffab
ffb8
390
535
3b1
ffe8
ff99
38b
54b
3d7
8
ff88
37d
548
3dd
13
ff8b
391
561
3ee
13
ff5c
379
56d
418
44
ff4e
384
588
432
4c
79
412
52b
31d
ff19
112
421
4af
25f
fe86
62
3c7
4e0
307
ff4c
ffde
398
51d
389
ffc8
ff99
380
53d
3cb
4
ff88
37b
547
3e3
1f
ff93
38e
556
3e3
e
ff89
388
555
3e4
f
ff58
378
56d
418
42
ff5e
381
573
415
39
6a
405
528
325
ff27
c0
3fc
4cc
2af
fede
36
3bd
500
342
ff85
ffdf
399
51b
384
ffc1
ffa9
38d
53f
3c2
fff5
ff90
37f
545
3db
16
ff7d
377
549
3e5
1c
ff5b
36b
55b
40d
46
ff5b
378
56a
412
3c
ff46
378
57d
42b
4c
8c
41e
52b
30f
ff05
101
41a
4b6
273
fe9c
68
3cb
4e1
304
ff48
16
3b1
508
351
ff8d
ffa7
383
534
3be
fffe
ff94
381
545
3d9
13
ff95
385
548
3d8
e
ff82
382
555
3eb
1b
ff4b
365
560
418
4f
ff4d
372
56d
41b
46
6b
3fa
518
319
ff29
b3
3f1
4c8
2b5
feea
50
3c1
4e9
317
ff59
ffe4
398
518
382
ffc4
ffa6
385
538
3c3

ffb0
38e
53a
3bc
fff1
ff8f
383
549
3dc
12
ff7f
37d
54f
3e7
19
ff5a
36f
560
40f
42
ff45
378
582
437
5b
4b
3f2
52f
344
ff4f
a4
3ed
4d1
2c6
fefa
2f
3ac
4ea
32c
ff76
ffe3
399
518
380
ffbf
ff9c
37d
537
3c8
9
ff93
381
545
3d9
12
ff8b
37b
541
3d7
11
ff84
37e
54c
3e2
16
ff57
364
553
408
46
ff55
378
56e
418
40
6a
3fa
51a
31d
ff2c
bd
3fc
4cf
2b2
fee0
4e
3bd
4e5
317
ff5e
ffe8
39f
51b
37e
ffb9
ffb6
38c
532
3b2
ffed
ff9b
387
545
3d2
8
ff89
37c
545
3de
17
ff6c
376
558
3fc
2e
ff4d
360
556
40e
4b
ff4d
378
575
421
47
53
3f2
523
331
ff3e
ab
3f5
4d6
2c4
fef2
47
3b5
4e0
315
ff5e
fffb
3a5
512
36c
ffa9
ffb2
388
531
3b4
fff0
ffb1
394
542
3c1
fff1
ff97
387
548
3d5
7
ff95
394
55b
3e1
4
ff5f
370
55b
405
39
ff54
383
57e
423
3f
69
402
529
32c
ff33
bb
400
4d8
2bd
fee7
47
3c3
4f5
329
ff68
ffe4
3a1
521
384
ffba
ffb3
38f
539
3ba
fff1
ff85
37e
54d
3e5
1b
ff86
378
544
3df
1a
ff8a
38d
55e
3ef
18
ff1d
348
564
439
7b
ff2a
363
57c
441
6e
7e
40e
522
312
ff14
109
426
4be
270
fe90
47
3b4
4df
316
ff62
fff5
3aa
51f
378
ffad
ffaf
388
533
3b7
fff3
ffad
395
547
3c7
fff6
ff8e
380
547
3dd
15
ff80
388
55e
3f3
1b
ff3e
35c
560
421
5d
ff46
379
57e
42c
4c
6d
3fe
51b
31a
ff26
bb
3fb
4d0
2b8
fee8
3c
3b9
4f1
32b
ff6d
7
3b4
51a
367
ff97
ffb4
38a
531
3b3
fff0
ffa8
392
546
3c6
fff4
ffa3
38a
540
3c8
fffd
ff8c
390
55f
3ec
12
ff4f
368
562
418
4f
ff40
373
57b
42d
50
5e
3fa
524
32a
ff33
b4
3fd
4d9
2c1
feeb
37
3b7
4f3
330
ff72
ffe5
3a3
527
38c
ffc4
ffb2
38a
533
3b5
fff0
ff9d
38a
544
3cc
fffe
ff6d
36f
54f
3f6
30
ff7b
37d
554
3ee
1e
ff4a
370
570
423
4e
ff45
37b
582
430
4f
bc
42f
514
2df
fed7
10e
426
4bb
26d
fe8f
54
3bc
4df
310
ff5a
fff2
399
509
368
ffac
ffb5
392
53b
3b7
ffe9
ffa0
384
53b
3c6
0
ff84
381
551
3e6
17
ff75
37d
55a
3f7
27
ff41
365
568
422
54
ff5c
37e
56f
413
37
64
407
532
331
ff30
bf
3f8
4c7
2ac
fede
3f
3be
4f8
332
ff74
ffe6
39f
51d
382
ffbe
ffa1
382
538
3c5
3
ff75
367
53d
3e7
2d
ff62
362
547
3fa
3f
ff4b
360
55b
419
58
ff3a
35a
561
425
60
ff57
379
56f
418
3f
a1
41f
518
2f3
fef0
123
428
4a8
24f
fe76
83
3da
4d9
2e7
ff21
b
3a7
505
358
ff97
ffb4
38c
535
3b9
fff6
ffab
38c
53c
3be
fff2
ff88
37b
545
3de
18
ff75
37f
55f
402
34
ff46
364
565
421
58
ff36
36f
582
43e
64
81
413
526
314
ff10
11c
427
4ab
252
fe78
68
3ce
4de
2f4
ff2f
11
3ac
507
356
ff96
ffb9
391
536
3b3
ffeb
ffb3
38f
538
3b7
ffed
ff7d
379
54e
3ee
28
ff69
379
562
409
3b
ff34
357
563
42a
67
ff27
35f
57d
449
7a
7b
40d
528
321
ff24
f2
412
4ba
27f
fea9
77
3c7
4ca
2e6
ff31
16
3ac
503
352
ff94
ffb7
388
52b
3ad
ffec
ffa1
380
535
3c1
fffe
ff73
36d
547
3f0
32
ff6c
372
553
3f9
2f
ff3c
359
55e
421
5d
ff37
361
56a
428
5d
6a
3fb
51b
31c
ff2a
bc
3f3
4c2
2a8
fedd
56
3c0
4e1
30f
ff57
ffe8
395
50c
371
ffb4
ffb7
388
52a
3aa
ffe8
ff95
37e
53f
3d5
15
ff88
37a
544
3dc
16
ff86
37e
54a
3e1
16
ff52
36a
55f
413
4a
ff45
37a
586
43e
64
52
3f6
52e
340
ff49
98
3ed
4de
2d8
ff08
70
3d2
4e0
2f7
ff31
33
3c0
502
339
ff6e
ffd7
3a1
52f
398
ffca
ffb4
393
53c
3b8
ffe9
ff8e
382
54c
3e1
16
ff73
37d
55c
3fa
28
ff47
367
568
422
57
ff3a
36e
57c
436
5d
73
40b
52a
326
ff28
b7
3fa
4d3
2bb
fee9
4a
3bf
4ee
322
ff67
fff5
3a0
511
36e
ffac
ffc9
395
52c
39f
ffd7
ff9e
387
544
3d2
9
ff70
36a
544
3ec
2c
ff52
367
55e
417
51
