Release 12.4 - xst M.81d (nt64)
Copyright (c) 1995-2010 Xilinx, Inc.  All rights reserved.
--> Parameter TMPDIR set to xst/projnav.tmp


Total REAL time to Xst completion: 1.00 secs
Total CPU time to Xst completion: 0.11 secs
 
--> Parameter xsthdpdir set to xst


Total REAL time to Xst completion: 1.00 secs
Total CPU time to Xst completion: 0.11 secs
 
--> Reading design: int_qlpc.prj

TABLE OF CONTENTS
  1) Synthesis Options Summary
  2) HDL Compilation
  3) Design Hierarchy Analysis
  4) HDL Analysis
  5) HDL Synthesis
     5.1) HDL Synthesis Report
  6) Advanced HDL Synthesis
     6.1) Advanced HDL Synthesis Report
  7) Low Level Synthesis
  8) Partition Report
  9) Final Report
	9.1) Device utilization summary
	9.2) Partition Resource Summary
	9.3) TIMING REPORT


=========================================================================
*                      Synthesis Options Summary                        *
=========================================================================
---- Source Parameters
Input File Name                    : "int_qlpc.prj"
Input Format                       : mixed
Ignore Synthesis Constraint File   : NO

---- Target Parameters
Output File Name                   : "int_qlpc"
Output Format                      : NGC
Target Device                      : xc5vlx110t-1-ff1136

---- Source Options
Top Module Name                    : int_qlpc
Automatic FSM Extraction           : YES
FSM Encoding Algorithm             : Auto
Safe Implementation                : No
FSM Style                          : LUT
RAM Extraction                     : Yes
RAM Style                          : Auto
ROM Extraction                     : Yes
Mux Style                          : Auto
Decoder Extraction                 : YES
Priority Encoder Extraction        : Yes
Shift Register Extraction          : YES
Logical Shifter Extraction         : YES
XOR Collapsing                     : YES
ROM Style                          : Auto
Mux Extraction                     : Yes
Resource Sharing                   : YES
Asynchronous To Synchronous        : NO
Use DSP Block                      : Auto
Automatic Register Balancing       : No

---- Target Options
LUT Combining                      : Off
Reduce Control Sets                : Off
Add IO Buffers                     : YES
Global Maximum Fanout              : 100000
Add Generic Clock Buffer(BUFG)     : 32
Register Duplication               : YES
Slice Packing                      : YES
Optimize Instantiated Primitives   : NO
Use Clock Enable                   : Auto
Use Synchronous Set                : Auto
Use Synchronous Reset              : Auto
Pack IO Registers into IOBs        : Auto
Equivalent register Removal        : YES

---- General Options
Optimization Goal                  : Speed
Optimization Effort                : 1
Power Reduction                    : NO
Keep Hierarchy                     : No
Netlist Hierarchy                  : As_Optimized
RTL Output                         : Yes
Global Optimization                : AllClockNets
Read Cores                         : YES
Write Timing Constraints           : NO
Cross Clock Analysis               : NO
Hierarchy Separator                : /
Bus Delimiter                      : <>
Case Specifier                     : Maintain
Slice Utilization Ratio            : 100
BRAM Utilization Ratio             : 100
DSP48 Utilization Ratio            : 100
Verilog 2001                       : YES
Auto BRAM Packing                  : NO
Slice Utilization Ratio Delta      : 5

=========================================================================


=========================================================================
*                          HDL Compilation                              *
=========================================================================
Compiling verilog file "mpy_32_16.v" in library work
Compiling verilog file "get_lsp_pol.v" in library work
Module <mpy_32_16> compiled
Compiling verilog include file "paramList.v"
Compiling verilog file "LSP_to_Az.v" in library work
Module <get_lsp_pol> compiled
Compiling verilog include file "paramList.v"
Compiling verilog file "int_qlpc.v" in library work
Module <LSP_to_Az> compiled
Compiling verilog include file "paramList.v"
Compiling verilog include file "constants_param_list.v"
Module <int_qlpc> compiled
No errors in compilation
Analysis of file <"int_qlpc.prj"> succeeded.
 

=========================================================================
*                     Design Hierarchy Analysis                         *
=========================================================================
Analyzing hierarchy for module <int_qlpc> in library <work> with parameters.
	A100 = "00000000000000000000111111110100"
	A140 = "00000000000000000000111111111100"
	ACELP_DN = "100001000000"
	ACELP_EXTRA = "001010111000"
	ACELP_RR = "010000000000"
	AQ_T_HIGH = "001100110000"
	AQ_T_LOW = "001100100000"
	AUTOCORR_R = "000100000000"
	AUTOCORR_Y = "000000000000"
	A_T_HIGH = "001100010000"
	A_T_LOW = "001100000000"
	B100 = "00000000000000000000111111110000"
	B140 = "00000000000000000000111111111000"
	BITSNO = "00000000000000000000111110110000"
	CODE = "100010000000"
	COEF = "00000000000000000000111111100100"
	COR_H = "001111000000"
	D17_P_SIGN = "100000000000"
	FG = "00000000000000000000101100000000"
	FG_SUM = "00000000000000000000111011000000"
	FG_SUM_INV = "00000000000000000000111011100000"
	FREQ_PREV = "001000110000"
	GBK1 = "00000000000000000000111110000000"
	GBK2 = "00000000000000000000111100100000"
	GET_WEGT_BUF = "001011000000"
	GRID = "00000000000000000000110010000000"
	H1 = "011010000000"
	IMAP1 = "00000000000000000000111111011000"
	IMAP2 = "00000000000000000000111110100000"
	INTERPOLATION_LSF_INT = "000110100000"
	INTERPOLATION_LSF_NEW = "000110110000"
	INTER_3 = "00000000000000000000111101110000"
	INTER_3L = "00000000000000000000111100000000"
	INT_LPC_F1 = "000111100000"
	INT_LPC_F2 = "000111101000"
	INT_LPC_LSP = "000111010000"
	INT_LPC_LSP_TEMP = "000111110000"
	LAG_WINDOW_R_PRIME = "000100010000"
	LEVINSON_DURBIN_ANEXT = "000100110000"
	LEVINSON_DURBIN_AOLD = "000101000000"
	LEVINSON_DURBIN_ATEMP = "000101010000"
	LEVINSON_DURBIN_RC = "000101100000"
	LEVINSON_DURBIN_RCOLD = "000101110000"
	LSPCB1 = "00000000000000000000000000000000"
	LSPCB2 = "00000000000000000000100000000000"
	LSPGETQ_BUF = "000100100000"
	LSP_NEW = "000110000000"
	LSP_NEW_Q = "001011010000"
	LSP_OLD = "000110010000"
	LSP_OLD_Q = "001011100000"
	LSP_SELECT_1_BUF = "001011111000"
	LSP_SELECT_1_INDEX = "000111000111"
	LSP_SELECT_1_RBUF = "001011110000"
	LSP_SELECT_1_WEGT = "001010110000"
	L_COEF = "00000000000000000000111111101000"
	MAP1 = "00000000000000000000111111001000"
	MAP2 = "00000000000000000000111110010000"
	PERC_VAR_GAMMA1 = "000111000000"
	PERC_VAR_GAMMA2 = "000111000010"
	PERC_VAR_LAR = "000111001000"
	PERC_VAR_LAR_NEW = "000111001100"
	PERC_VAR_LAR_OLD = "000111000100"
	PRED = "00000000000000000000111111100000"
	QUA_LSP_MODE_INDEX = "000111000110"
	RELSPWED_BUF = "001000100000"
	SLOPE = "00000000000000000000110110000000"
	SLOPE_ACOS = "00000000000000000000111001000000"
	SLOPE_COS = "00000000000000000000111000000000"
	SYN_FILT_TEMP = "001101000000"
	TABLE1 = "00000000000000000000101110000000"
	TABLE2 = "00000000000000000000110111000000"
	TABLOG = "00000000000000000000110100000000"
	TABPOW = "00000000000000000000110011000000"
	TABSQR = "00000000000000000000110101000000"
	TAB_HUP_L = "00000000000000000000110000000000"
	TAB_HUP_S = "00000000000000000000111101000000"
	TAB_ZONE = "00000000000000000000101000000000"
	THR1 = "00000000000000000000111111101100"
	THR2 = "00000000000000000000111111010000"
	WEIGHT_AZ_AP_OUT = "001000010000"
	XX = "001000000000"
	XXXXXXX = "001010111100"
	Y2 = "100011000000"
	ZZZZZZZZZZZ = "00000000000000000000111111000000"
	ZZZZZZZZZZZZZ = "00000000000000000000111101100000"
	ZZZZZZZZZZZZZZ = "00000000000000000000111010000000"
	init = "0000"
	state1 = "0001"
	state2 = "0010"
	state3 = "0011"
	state4 = "0100"
	state5 = "0101"
	state6 = "0110"
	state7 = "0111"
	state8 = "1000"
	state9 = "1001"
	xxxx = "100100000000"
	xxxxx = "101000000000"
	xxxxxx = "110000000000"

Analyzing hierarchy for module <LSP_to_Az> in library <work> with parameters.
	ACELP_DN = "100001000000"
	ACELP_EXTRA = "001010111000"
	ACELP_RR = "010000000000"
	AQ_T_HIGH = "001100110000"
	AQ_T_LOW = "001100100000"
	AUTOCORR_R = "000100000000"
	AUTOCORR_Y = "000000000000"
	A_T_HIGH = "001100010000"
	A_T_LOW = "001100000000"
	CODE = "100010000000"
	COR_H = "001111000000"
	D17_P_SIGN = "100000000000"
	FREQ_PREV = "001000110000"
	GET_WEGT_BUF = "001011000000"
	H1 = "011010000000"
	INTERPOLATION_LSF_INT = "000110100000"
	INTERPOLATION_LSF_NEW = "000110110000"
	INT_LPC_F1 = "000111100000"
	INT_LPC_F2 = "000111101000"
	INT_LPC_LSP = "000111010000"
	INT_LPC_LSP_TEMP = "000111110000"
	LAG_WINDOW_R_PRIME = "000100010000"
	LEVINSON_DURBIN_ANEXT = "000100110000"
	LEVINSON_DURBIN_AOLD = "000101000000"
	LEVINSON_DURBIN_ATEMP = "000101010000"
	LEVINSON_DURBIN_RC = "000101100000"
	LEVINSON_DURBIN_RCOLD = "000101110000"
	LSPGETQ_BUF = "000100100000"
	LSP_NEW = "000110000000"
	LSP_NEW_Q = "001011010000"
	LSP_OLD = "000110010000"
	LSP_OLD_Q = "001011100000"
	LSP_SELECT_1_BUF = "001011111000"
	LSP_SELECT_1_INDEX = "000111000111"
	LSP_SELECT_1_RBUF = "001011110000"
	LSP_SELECT_1_WEGT = "001010110000"
	PERC_VAR_GAMMA1 = "000111000000"
	PERC_VAR_GAMMA2 = "000111000010"
	PERC_VAR_LAR = "000111001000"
	PERC_VAR_LAR_NEW = "000111001100"
	PERC_VAR_LAR_OLD = "000111000100"
	QUA_LSP_MODE_INDEX = "000111000110"
	RELSPWED_BUF = "001000100000"
	SYN_FILT_TEMP = "001101000000"
	WEIGHT_AZ_AP_OUT = "001000010000"
	XX = "001000000000"
	XXXXXXX = "001010111100"
	Y2 = "100011000000"
	init = "000000"
	state1 = "000001"
	state10 = "001010"
	state11 = "001011"
	state12 = "001100"
	state13 = "001101"
	state14 = "001110"
	state2 = "000010"
	state3 = "000011"
	state4 = "000100"
	state5 = "000101"
	state6 = "000110"
	state7 = "000111"
	state8 = "001000"
	state9 = "001001"
	xxxx = "100100000000"
	xxxxx = "101000000000"
	xxxxxx = "110000000000"

Analyzing hierarchy for module <get_lsp_pol> in library <work> with parameters.
	ACELP_DN = "100001000000"
	ACELP_EXTRA = "001010111000"
	ACELP_RR = "010000000000"
	AQ_T_HIGH = "001100110000"
	AQ_T_LOW = "001100100000"
	AUTOCORR_R = "000100000000"
	AUTOCORR_Y = "000000000000"
	A_T_HIGH = "001100010000"
	A_T_LOW = "001100000000"
	CODE = "100010000000"
	COR_H = "001111000000"
	D17_P_SIGN = "100000000000"
	FREQ_PREV = "001000110000"
	GET_WEGT_BUF = "001011000000"
	H1 = "011010000000"
	INTERPOLATION_LSF_INT = "000110100000"
	INTERPOLATION_LSF_NEW = "000110110000"
	INT_LPC_F1 = "000111100000"
	INT_LPC_F2 = "000111101000"
	INT_LPC_LSP = "000111010000"
	INT_LPC_LSP_TEMP = "000111110000"
	LAG_WINDOW_R_PRIME = "000100010000"
	LEVINSON_DURBIN_ANEXT = "000100110000"
	LEVINSON_DURBIN_AOLD = "000101000000"
	LEVINSON_DURBIN_ATEMP = "000101010000"
	LEVINSON_DURBIN_RC = "000101100000"
	LEVINSON_DURBIN_RCOLD = "000101110000"
	LSPGETQ_BUF = "000100100000"
	LSP_NEW = "000110000000"
	LSP_NEW_Q = "001011010000"
	LSP_OLD = "000110010000"
	LSP_OLD_Q = "001011100000"
	LSP_SELECT_1_BUF = "001011111000"
	LSP_SELECT_1_INDEX = "000111000111"
	LSP_SELECT_1_RBUF = "001011110000"
	LSP_SELECT_1_WEGT = "001010110000"
	PERC_VAR_GAMMA1 = "000111000000"
	PERC_VAR_GAMMA2 = "000111000010"
	PERC_VAR_LAR = "000111001000"
	PERC_VAR_LAR_NEW = "000111001100"
	PERC_VAR_LAR_OLD = "000111000100"
	QUA_LSP_MODE_INDEX = "000111000110"
	RELSPWED_BUF = "001000100000"
	SYN_FILT_TEMP = "001101000000"
	WEIGHT_AZ_AP_OUT = "001000010000"
	XX = "001000000000"
	XXXXXXX = "001010111100"
	Y2 = "100011000000"
	init = "000000"
	init2 = "001100"
	prestate9 = "001110"
	state1 = "000001"
	state10 = "001010"
	state11 = "001011"
	state2 = "000010"
	state3 = "000011"
	state4 = "000100"
	state5 = "000101"
	state6 = "000110"
	state7 = "000111"
	state8 = "001000"
	state9 = "001001"
	state_L_shl_wait = "001101"
	xxxx = "100100000000"
	xxxxx = "101000000000"
	xxxxxx = "110000000000"

Analyzing hierarchy for module <mpy_32_16> in library <work>.


=========================================================================
*                            HDL Analysis                               *
=========================================================================
Analyzing top module <int_qlpc>.
	A100 = 32'b00000000000000000000111111110100
	A140 = 32'b00000000000000000000111111111100
	ACELP_DN = 12'b100001000000
	ACELP_EXTRA = 12'b001010111000
	ACELP_RR = 12'b010000000000
	AQ_T_HIGH = 12'b001100110000
	AQ_T_LOW = 12'b001100100000
	AUTOCORR_R = 12'b000100000000
	AUTOCORR_Y = 12'b000000000000
	A_T_HIGH = 12'b001100010000
	A_T_LOW = 12'b001100000000
	B100 = 32'b00000000000000000000111111110000
	B140 = 32'b00000000000000000000111111111000
	BITSNO = 32'b00000000000000000000111110110000
	CODE = 12'b100010000000
	COEF = 32'b00000000000000000000111111100100
	COR_H = 12'b001111000000
	D17_P_SIGN = 12'b100000000000
	FG = 32'b00000000000000000000101100000000
	FG_SUM = 32'b00000000000000000000111011000000
	FG_SUM_INV = 32'b00000000000000000000111011100000
	FREQ_PREV = 12'b001000110000
	GBK1 = 32'b00000000000000000000111110000000
	GBK2 = 32'b00000000000000000000111100100000
	GET_WEGT_BUF = 12'b001011000000
	GRID = 32'b00000000000000000000110010000000
	H1 = 12'b011010000000
	IMAP1 = 32'b00000000000000000000111111011000
	IMAP2 = 32'b00000000000000000000111110100000
	INTERPOLATION_LSF_INT = 12'b000110100000
	INTERPOLATION_LSF_NEW = 12'b000110110000
	INTER_3 = 32'b00000000000000000000111101110000
	INTER_3L = 32'b00000000000000000000111100000000
	INT_LPC_F1 = 12'b000111100000
	INT_LPC_F2 = 12'b000111101000
	INT_LPC_LSP = 12'b000111010000
	INT_LPC_LSP_TEMP = 12'b000111110000
	LAG_WINDOW_R_PRIME = 12'b000100010000
	LEVINSON_DURBIN_ANEXT = 12'b000100110000
	LEVINSON_DURBIN_AOLD = 12'b000101000000
	LEVINSON_DURBIN_ATEMP = 12'b000101010000
	LEVINSON_DURBIN_RC = 12'b000101100000
	LEVINSON_DURBIN_RCOLD = 12'b000101110000
	LSPCB1 = 32'b00000000000000000000000000000000
	LSPCB2 = 32'b00000000000000000000100000000000
	LSPGETQ_BUF = 12'b000100100000
	LSP_NEW = 12'b000110000000
	LSP_NEW_Q = 12'b001011010000
	LSP_OLD = 12'b000110010000
	LSP_OLD_Q = 12'b001011100000
	LSP_SELECT_1_BUF = 12'b001011111000
	LSP_SELECT_1_INDEX = 12'b000111000111
	LSP_SELECT_1_RBUF = 12'b001011110000
	LSP_SELECT_1_WEGT = 12'b001010110000
	L_COEF = 32'b00000000000000000000111111101000
	MAP1 = 32'b00000000000000000000111111001000
	MAP2 = 32'b00000000000000000000111110010000
	PERC_VAR_GAMMA1 = 12'b000111000000
	PERC_VAR_GAMMA2 = 12'b000111000010
	PERC_VAR_LAR = 12'b000111001000
	PERC_VAR_LAR_NEW = 12'b000111001100
	PERC_VAR_LAR_OLD = 12'b000111000100
	PRED = 32'b00000000000000000000111111100000
	QUA_LSP_MODE_INDEX = 12'b000111000110
	RELSPWED_BUF = 12'b001000100000
	SLOPE = 32'b00000000000000000000110110000000
	SLOPE_ACOS = 32'b00000000000000000000111001000000
	SLOPE_COS = 32'b00000000000000000000111000000000
	SYN_FILT_TEMP = 12'b001101000000
	TABLE1 = 32'b00000000000000000000101110000000
	TABLE2 = 32'b00000000000000000000110111000000
	TABLOG = 32'b00000000000000000000110100000000
	TABPOW = 32'b00000000000000000000110011000000
	TABSQR = 32'b00000000000000000000110101000000
	TAB_HUP_L = 32'b00000000000000000000110000000000
	TAB_HUP_S = 32'b00000000000000000000111101000000
	TAB_ZONE = 32'b00000000000000000000101000000000
	THR1 = 32'b00000000000000000000111111101100
	THR2 = 32'b00000000000000000000111111010000
	WEIGHT_AZ_AP_OUT = 12'b001000010000
	XX = 12'b001000000000
	XXXXXXX = 12'b001010111100
	Y2 = 12'b100011000000
	ZZZZZZZZZZZ = 32'b00000000000000000000111111000000
	ZZZZZZZZZZZZZ = 32'b00000000000000000000111101100000
	ZZZZZZZZZZZZZZ = 32'b00000000000000000000111010000000
	init = 4'b0000
	state1 = 4'b0001
	state2 = 4'b0010
	state3 = 4'b0011
	state4 = 4'b0100
	state5 = 4'b0101
	state6 = 4'b0110
	state7 = 4'b0111
	state8 = 4'b1000
	state9 = 4'b1001
	xxxx = 12'b100100000000
	xxxxx = 12'b101000000000
	xxxxxx = 12'b110000000000
Module <int_qlpc> is correct for synthesis.
 
Analyzing module <LSP_to_Az> in library <work>.
	ACELP_DN = 12'b100001000000
	ACELP_EXTRA = 12'b001010111000
	ACELP_RR = 12'b010000000000
	AQ_T_HIGH = 12'b001100110000
	AQ_T_LOW = 12'b001100100000
	AUTOCORR_R = 12'b000100000000
	AUTOCORR_Y = 12'b000000000000
	A_T_HIGH = 12'b001100010000
	A_T_LOW = 12'b001100000000
	CODE = 12'b100010000000
	COR_H = 12'b001111000000
	D17_P_SIGN = 12'b100000000000
	FREQ_PREV = 12'b001000110000
	GET_WEGT_BUF = 12'b001011000000
	H1 = 12'b011010000000
	INTERPOLATION_LSF_INT = 12'b000110100000
	INTERPOLATION_LSF_NEW = 12'b000110110000
	INT_LPC_F1 = 12'b000111100000
	INT_LPC_F2 = 12'b000111101000
	INT_LPC_LSP = 12'b000111010000
	INT_LPC_LSP_TEMP = 12'b000111110000
	LAG_WINDOW_R_PRIME = 12'b000100010000
	LEVINSON_DURBIN_ANEXT = 12'b000100110000
	LEVINSON_DURBIN_AOLD = 12'b000101000000
	LEVINSON_DURBIN_ATEMP = 12'b000101010000
	LEVINSON_DURBIN_RC = 12'b000101100000
	LEVINSON_DURBIN_RCOLD = 12'b000101110000
	LSPGETQ_BUF = 12'b000100100000
	LSP_NEW = 12'b000110000000
	LSP_NEW_Q = 12'b001011010000
	LSP_OLD = 12'b000110010000
	LSP_OLD_Q = 12'b001011100000
	LSP_SELECT_1_BUF = 12'b001011111000
	LSP_SELECT_1_INDEX = 12'b000111000111
	LSP_SELECT_1_RBUF = 12'b001011110000
	LSP_SELECT_1_WEGT = 12'b001010110000
	PERC_VAR_GAMMA1 = 12'b000111000000
	PERC_VAR_GAMMA2 = 12'b000111000010
	PERC_VAR_LAR = 12'b000111001000
	PERC_VAR_LAR_NEW = 12'b000111001100
	PERC_VAR_LAR_OLD = 12'b000111000100
	QUA_LSP_MODE_INDEX = 12'b000111000110
	RELSPWED_BUF = 12'b001000100000
	SYN_FILT_TEMP = 12'b001101000000
	WEIGHT_AZ_AP_OUT = 12'b001000010000
	XX = 12'b001000000000
	XXXXXXX = 12'b001010111100
	Y2 = 12'b100011000000
	init = 6'b000000
	state1 = 6'b000001
	state10 = 6'b001010
	state11 = 6'b001011
	state12 = 6'b001100
	state13 = 6'b001101
	state14 = 6'b001110
	state2 = 6'b000010
	state3 = 6'b000011
	state4 = 6'b000100
	state5 = 6'b000101
	state6 = 6'b000110
	state7 = 6'b000111
	state8 = 6'b001000
	state9 = 6'b001001
	xxxx = 12'b100100000000
	xxxxx = 12'b101000000000
	xxxxxx = 12'b110000000000
Module <LSP_to_Az> is correct for synthesis.
 
Analyzing module <get_lsp_pol> in library <work>.
	ACELP_DN = 12'b100001000000
	ACELP_EXTRA = 12'b001010111000
	ACELP_RR = 12'b010000000000
	AQ_T_HIGH = 12'b001100110000
	AQ_T_LOW = 12'b001100100000
	AUTOCORR_R = 12'b000100000000
	AUTOCORR_Y = 12'b000000000000
	A_T_HIGH = 12'b001100010000
	A_T_LOW = 12'b001100000000
	CODE = 12'b100010000000
	COR_H = 12'b001111000000
	D17_P_SIGN = 12'b100000000000
	FREQ_PREV = 12'b001000110000
	GET_WEGT_BUF = 12'b001011000000
	H1 = 12'b011010000000
	INTERPOLATION_LSF_INT = 12'b000110100000
	INTERPOLATION_LSF_NEW = 12'b000110110000
	INT_LPC_F1 = 12'b000111100000
	INT_LPC_F2 = 12'b000111101000
	INT_LPC_LSP = 12'b000111010000
	INT_LPC_LSP_TEMP = 12'b000111110000
	LAG_WINDOW_R_PRIME = 12'b000100010000
	LEVINSON_DURBIN_ANEXT = 12'b000100110000
	LEVINSON_DURBIN_AOLD = 12'b000101000000
	LEVINSON_DURBIN_ATEMP = 12'b000101010000
	LEVINSON_DURBIN_RC = 12'b000101100000
	LEVINSON_DURBIN_RCOLD = 12'b000101110000
	LSPGETQ_BUF = 12'b000100100000
	LSP_NEW = 12'b000110000000
	LSP_NEW_Q = 12'b001011010000
	LSP_OLD = 12'b000110010000
	LSP_OLD_Q = 12'b001011100000
	LSP_SELECT_1_BUF = 12'b001011111000
	LSP_SELECT_1_INDEX = 12'b000111000111
	LSP_SELECT_1_RBUF = 12'b001011110000
	LSP_SELECT_1_WEGT = 12'b001010110000
	PERC_VAR_GAMMA1 = 12'b000111000000
	PERC_VAR_GAMMA2 = 12'b000111000010
	PERC_VAR_LAR = 12'b000111001000
	PERC_VAR_LAR_NEW = 12'b000111001100
	PERC_VAR_LAR_OLD = 12'b000111000100
	QUA_LSP_MODE_INDEX = 12'b000111000110
	RELSPWED_BUF = 12'b001000100000
	SYN_FILT_TEMP = 12'b001101000000
	WEIGHT_AZ_AP_OUT = 12'b001000010000
	XX = 12'b001000000000
	XXXXXXX = 12'b001010111100
	Y2 = 12'b100011000000
	init = 6'b000000
	init2 = 6'b001100
	prestate9 = 6'b001110
	state1 = 6'b000001
	state10 = 6'b001010
	state11 = 6'b001011
	state2 = 6'b000010
	state3 = 6'b000011
	state4 = 6'b000100
	state5 = 6'b000101
	state6 = 6'b000110
	state7 = 6'b000111
	state8 = 6'b001000
	state9 = 6'b001001
	state_L_shl_wait = 6'b001101
	xxxx = 12'b100100000000
	xxxxx = 12'b101000000000
	xxxxxx = 12'b110000000000
Module <get_lsp_pol> is correct for synthesis.
 
Analyzing module <mpy_32_16> in library <work>.
Module <mpy_32_16> is correct for synthesis.
 

=========================================================================
*                           HDL Synthesis                               *
=========================================================================

Performing bidirectional port resolution...
INFO:Xst:2679 - Register <shr_outb> in unit <int_qlpc> has a constant value of 0000000000000001 during circuit operation. The register is replaced by logic.

Synthesizing Unit <mpy_32_16>.
    Related source file is "mpy_32_16.v".
WARNING:Xst:647 - Input <mult_overflow> is never used. This port will be preserved and left unconnected if it belongs to a top-level block or it belongs to a sub-block and the hierarchy of this sub-block is preserved.
WARNING:Xst:647 - Input <L_mult_overflow> is never used. This port will be preserved and left unconnected if it belongs to a top-level block or it belongs to a sub-block and the hierarchy of this sub-block is preserved.
WARNING:Xst:647 - Input <L_mac_overflow> is never used. This port will be preserved and left unconnected if it belongs to a top-level block or it belongs to a sub-block and the hierarchy of this sub-block is preserved.
Unit <mpy_32_16> synthesized.


Synthesizing Unit <get_lsp_pol>.
    Related source file is "get_lsp_pol.v".
WARNING:Xst:647 - Input <get_lsp_pol_addr1<3:0>> is never used. This port will be preserved and left unconnected if it belongs to a top-level block or it belongs to a sub-block and the hierarchy of this sub-block is preserved.
WARNING:Xst:647 - Input <L_msu_overflow> is never used. This port will be preserved and left unconnected if it belongs to a top-level block or it belongs to a sub-block and the hierarchy of this sub-block is preserved.
WARNING:Xst:647 - Input <sub_overflow> is never used. This port will be preserved and left unconnected if it belongs to a top-level block or it belongs to a sub-block and the hierarchy of this sub-block is preserved.
WARNING:Xst:647 - Input <add_in<15:4>> is never used. This port will be preserved and left unconnected if it belongs to a top-level block or it belongs to a sub-block and the hierarchy of this sub-block is preserved.
WARNING:Xst:647 - Input <add_overflow> is never used. This port will be preserved and left unconnected if it belongs to a top-level block or it belongs to a sub-block and the hierarchy of this sub-block is preserved.
WARNING:Xst:647 - Input <sub_in<15:4>> is never used. This port will be preserved and left unconnected if it belongs to a top-level block or it belongs to a sub-block and the hierarchy of this sub-block is preserved.
WARNING:Xst:647 - Input <abs_in> is never used. This port will be preserved and left unconnected if it belongs to a top-level block or it belongs to a sub-block and the hierarchy of this sub-block is preserved.
WARNING:Xst:647 - Input <norm_L_in> is never used. This port will be preserved and left unconnected if it belongs to a top-level block or it belongs to a sub-block and the hierarchy of this sub-block is preserved.
WARNING:Xst:647 - Input <negate_in> is never used. This port will be preserved and left unconnected if it belongs to a top-level block or it belongs to a sub-block and the hierarchy of this sub-block is preserved.
WARNING:Xst:647 - Input <L_add_overflow> is never used. This port will be preserved and left unconnected if it belongs to a top-level block or it belongs to a sub-block and the hierarchy of this sub-block is preserved.
WARNING:Xst:647 - Input <norm_L_done> is never used. This port will be preserved and left unconnected if it belongs to a top-level block or it belongs to a sub-block and the hierarchy of this sub-block is preserved.
    Found finite state machine <FSM_0> for signal <currentstate>.
    -----------------------------------------------------------------------
    | States             | 15                                             |
    | Transitions        | 20                                             |
    | Inputs             | 5                                              |
    | Outputs            | 31                                             |
    | Clock              | clock                     (rising_edge)        |
    | Reset              | reset                     (positive)           |
    | Reset type         | synchronous                                    |
    | Reset State        | 000000                                         |
    | Encoding           | automatic                                      |
    | Implementation     | LUT                                            |
    -----------------------------------------------------------------------
    Found 4-bit comparator equal for signal <currentstate$cmp_eq0000> created at line 289.
    Found 4-bit comparator greater for signal <currentstate$cmp_gt0000> created at line 266.
    Found 4-bit comparator greater for signal <currentstate$cmp_gt0001> created at line 289.
    Found 4-bit register for signal <f_iterator>.
    Found 16-bit register for signal <hi>.
    Found 4-bit register for signal <iterator1>.
    Found 4-bit register for signal <iterator2>.
    Found 16-bit register for signal <lo>.
    Found 4-bit register for signal <lsp_iterator>.
    Found 32-bit register for signal <temp1>.
    Found 32-bit register for signal <temp2>.
    Summary:
	inferred   1 Finite State Machine(s).
	inferred 112 D-type flip-flop(s).
	inferred   3 Comparator(s).
Unit <get_lsp_pol> synthesized.


Synthesizing Unit <LSP_to_Az>.
    Related source file is "LSP_to_Az.v".
WARNING:Xst:647 - Input <lsp_az_addr2<3:0>> is never used. This port will be preserved and left unconnected if it belongs to a top-level block or it belongs to a sub-block and the hierarchy of this sub-block is preserved.
WARNING:Xst:646 - Signal <get_lsp_pol_addr1> is assigned but never used. This unconnected signal will be trimmed during the optimization process.
    Found finite state machine <FSM_1> for signal <currentstate>.
    -----------------------------------------------------------------------
    | States             | 15                                             |
    | Transitions        | 20                                             |
    | Inputs             | 4                                              |
    | Outputs            | 15                                             |
    | Clock              | clock                     (rising_edge)        |
    | Reset              | reset                     (positive)           |
    | Reset type         | synchronous                                    |
    | Reset State        | 000000                                         |
    | Encoding           | automatic                                      |
    | Implementation     | LUT                                            |
    -----------------------------------------------------------------------
    Found 4-bit comparator greater for signal <currentstate$cmp_gt0000> created at line 362.
    Found 4-bit comparator lessequal for signal <currentstate$cmp_le0000> created at line 302.
    Found 4-bit register for signal <iterator1>.
    Found 4-bit register for signal <iterator2>.
    Found 4-bit register for signal <iterator3>.
    Found 32-bit register for signal <temp1>.
    Found 32-bit register for signal <temp2>.
    Found 32-bit register for signal <temp3>.
    Found 32-bit register for signal <temp4>.
    Summary:
	inferred   1 Finite State Machine(s).
	inferred 140 D-type flip-flop(s).
	inferred   2 Comparator(s).
Unit <LSP_to_Az> synthesized.


Synthesizing Unit <int_qlpc>.
    Related source file is "int_qlpc.v".
WARNING:Xst:647 - Input <shr_overflow> is never used. This port will be preserved and left unconnected if it belongs to a top-level block or it belongs to a sub-block and the hierarchy of this sub-block is preserved.
WARNING:Xst:647 - Input <constant_mem_in> is never used. This port will be preserved and left unconnected if it belongs to a top-level block or it belongs to a sub-block and the hierarchy of this sub-block is preserved.
    Found finite state machine <FSM_2> for signal <currentstate>.
    -----------------------------------------------------------------------
    | States             | 8                                              |
    | Transitions        | 12                                             |
    | Inputs             | 3                                              |
    | Outputs            | 6                                              |
    | Clock              | clock                     (rising_edge)        |
    | Reset              | reset                     (positive)           |
    | Reset type         | synchronous                                    |
    | Reset State        | 0000                                           |
    | Encoding           | automatic                                      |
    | Implementation     | LUT                                            |
    -----------------------------------------------------------------------
    Found 4-bit comparator greatequal for signal <currentstate$cmp_ge0000> created at line 194.
    Found 4-bit register for signal <iterator1>.
    Found 16-bit register for signal <temp1>.
    Summary:
	inferred   1 Finite State Machine(s).
	inferred  20 D-type flip-flop(s).
	inferred   1 Comparator(s).
Unit <int_qlpc> synthesized.


=========================================================================
HDL Synthesis Report

Macro Statistics
# Registers                                            : 17
 16-bit register                                       : 3
 32-bit register                                       : 6
 4-bit register                                        : 8
# Comparators                                          : 6
 4-bit comparator equal                                : 1
 4-bit comparator greatequal                           : 1
 4-bit comparator greater                              : 3
 4-bit comparator lessequal                            : 1

=========================================================================

=========================================================================
*                       Advanced HDL Synthesis                          *
=========================================================================

Analyzing FSM <FSM_2> for best encoding.
Optimizing FSM <currentstate/FSM> on signal <currentstate[1:8]> with one-hot encoding.
-------------------
 State | Encoding
-------------------
 0000  | 00000001
 0001  | 00000010
 0010  | 00001000
 0011  | 00010000
 0100  | 00000100
 0101  | 00100000
 0110  | 01000000
 0111  | 10000000
-------------------
Analyzing FSM <FSM_1> for best encoding.
Optimizing FSM <int_qlpc_lsp_az/currentstate/FSM> on signal <currentstate[1:15]> with one-hot encoding.
---------------------------
 State  | Encoding
---------------------------
 000000 | 000000000000001
 000001 | 000000000000010
 000010 | 000000000000100
 000011 | 000000000001000
 000100 | 000000000010000
 000101 | 000000000100000
 000110 | 000000010000000
 000111 | 000000100000000
 001000 | 000001000000000
 001001 | 000010000000000
 001010 | 000000001000000
 001011 | 000100000000000
 001100 | 001000000000000
 001101 | 010000000000000
 001110 | 100000000000000
---------------------------
Analyzing FSM <FSM_0> for best encoding.
Optimizing FSM <int_qlpc_lsp_az/i_get_lsp_pol_1/currentstate/FSM> on signal <currentstate[1:15]> with one-hot encoding.
---------------------------
 State  | Encoding
---------------------------
 000000 | 000000000000001
 000001 | 000000000000100
 000010 | 000000000001000
 000011 | 000000000010000
 000100 | 000000000100000
 000101 | 000000001000000
 000110 | 000000100000000
 000111 | 000001000000000
 001000 | 000100000000000
 001001 | 001000000000000
 001010 | 010000000000000
 001011 | 100000000000000
 001100 | 000000000000010
 001101 | 000010000000000
 001110 | 000000010000000
---------------------------
WARNING:Xst:2677 - Node <temp4_0> of sequential type is unconnected in block <int_qlpc_lsp_az>.
WARNING:Xst:2677 - Node <temp4_1> of sequential type is unconnected in block <int_qlpc_lsp_az>.
WARNING:Xst:2677 - Node <temp4_2> of sequential type is unconnected in block <int_qlpc_lsp_az>.
WARNING:Xst:2677 - Node <temp4_3> of sequential type is unconnected in block <int_qlpc_lsp_az>.
WARNING:Xst:2677 - Node <temp4_4> of sequential type is unconnected in block <int_qlpc_lsp_az>.
WARNING:Xst:2677 - Node <temp4_5> of sequential type is unconnected in block <int_qlpc_lsp_az>.
WARNING:Xst:2677 - Node <temp4_6> of sequential type is unconnected in block <int_qlpc_lsp_az>.
WARNING:Xst:2677 - Node <temp4_7> of sequential type is unconnected in block <int_qlpc_lsp_az>.
WARNING:Xst:2677 - Node <temp4_8> of sequential type is unconnected in block <int_qlpc_lsp_az>.
WARNING:Xst:2677 - Node <temp4_9> of sequential type is unconnected in block <int_qlpc_lsp_az>.
WARNING:Xst:2677 - Node <temp4_10> of sequential type is unconnected in block <int_qlpc_lsp_az>.
WARNING:Xst:2677 - Node <temp4_11> of sequential type is unconnected in block <int_qlpc_lsp_az>.
WARNING:Xst:2677 - Node <temp4_13> of sequential type is unconnected in block <int_qlpc_lsp_az>.
WARNING:Xst:2677 - Node <temp4_14> of sequential type is unconnected in block <int_qlpc_lsp_az>.
WARNING:Xst:2677 - Node <temp4_15> of sequential type is unconnected in block <int_qlpc_lsp_az>.
WARNING:Xst:2677 - Node <temp4_16> of sequential type is unconnected in block <int_qlpc_lsp_az>.
WARNING:Xst:2677 - Node <temp4_17> of sequential type is unconnected in block <int_qlpc_lsp_az>.
WARNING:Xst:2677 - Node <temp4_18> of sequential type is unconnected in block <int_qlpc_lsp_az>.
WARNING:Xst:2677 - Node <temp4_19> of sequential type is unconnected in block <int_qlpc_lsp_az>.
WARNING:Xst:2677 - Node <temp4_20> of sequential type is unconnected in block <int_qlpc_lsp_az>.
WARNING:Xst:2677 - Node <temp4_21> of sequential type is unconnected in block <int_qlpc_lsp_az>.
WARNING:Xst:2677 - Node <temp4_22> of sequential type is unconnected in block <int_qlpc_lsp_az>.
WARNING:Xst:2677 - Node <temp4_23> of sequential type is unconnected in block <int_qlpc_lsp_az>.
WARNING:Xst:2677 - Node <temp4_24> of sequential type is unconnected in block <int_qlpc_lsp_az>.
WARNING:Xst:2677 - Node <temp4_25> of sequential type is unconnected in block <int_qlpc_lsp_az>.
WARNING:Xst:2677 - Node <temp4_26> of sequential type is unconnected in block <int_qlpc_lsp_az>.
WARNING:Xst:2677 - Node <temp4_27> of sequential type is unconnected in block <int_qlpc_lsp_az>.
WARNING:Xst:2677 - Node <temp4_28> of sequential type is unconnected in block <int_qlpc_lsp_az>.
WARNING:Xst:2677 - Node <temp4_29> of sequential type is unconnected in block <int_qlpc_lsp_az>.
WARNING:Xst:2677 - Node <temp4_30> of sequential type is unconnected in block <int_qlpc_lsp_az>.
WARNING:Xst:2677 - Node <temp4_31> of sequential type is unconnected in block <int_qlpc_lsp_az>.
WARNING:Xst:2677 - Node <temp4_0> of sequential type is unconnected in block <LSP_to_Az>.
WARNING:Xst:2677 - Node <temp4_1> of sequential type is unconnected in block <LSP_to_Az>.
WARNING:Xst:2677 - Node <temp4_2> of sequential type is unconnected in block <LSP_to_Az>.
WARNING:Xst:2677 - Node <temp4_3> of sequential type is unconnected in block <LSP_to_Az>.
WARNING:Xst:2677 - Node <temp4_4> of sequential type is unconnected in block <LSP_to_Az>.
WARNING:Xst:2677 - Node <temp4_5> of sequential type is unconnected in block <LSP_to_Az>.
WARNING:Xst:2677 - Node <temp4_6> of sequential type is unconnected in block <LSP_to_Az>.
WARNING:Xst:2677 - Node <temp4_7> of sequential type is unconnected in block <LSP_to_Az>.
WARNING:Xst:2677 - Node <temp4_8> of sequential type is unconnected in block <LSP_to_Az>.
WARNING:Xst:2677 - Node <temp4_9> of sequential type is unconnected in block <LSP_to_Az>.
WARNING:Xst:2677 - Node <temp4_10> of sequential type is unconnected in block <LSP_to_Az>.
WARNING:Xst:2677 - Node <temp4_11> of sequential type is unconnected in block <LSP_to_Az>.
WARNING:Xst:2677 - Node <temp4_13> of sequential type is unconnected in block <LSP_to_Az>.
WARNING:Xst:2677 - Node <temp4_14> of sequential type is unconnected in block <LSP_to_Az>.
WARNING:Xst:2677 - Node <temp4_15> of sequential type is unconnected in block <LSP_to_Az>.
WARNING:Xst:2677 - Node <temp4_16> of sequential type is unconnected in block <LSP_to_Az>.
WARNING:Xst:2677 - Node <temp4_17> of sequential type is unconnected in block <LSP_to_Az>.
WARNING:Xst:2677 - Node <temp4_18> of sequential type is unconnected in block <LSP_to_Az>.
WARNING:Xst:2677 - Node <temp4_19> of sequential type is unconnected in block <LSP_to_Az>.
WARNING:Xst:2677 - Node <temp4_20> of sequential type is unconnected in block <LSP_to_Az>.
WARNING:Xst:2677 - Node <temp4_21> of sequential type is unconnected in block <LSP_to_Az>.
WARNING:Xst:2677 - Node <temp4_22> of sequential type is unconnected in block <LSP_to_Az>.
WARNING:Xst:2677 - Node <temp4_23> of sequential type is unconnected in block <LSP_to_Az>.
WARNING:Xst:2677 - Node <temp4_24> of sequential type is unconnected in block <LSP_to_Az>.
WARNING:Xst:2677 - Node <temp4_25> of sequential type is unconnected in block <LSP_to_Az>.
WARNING:Xst:2677 - Node <temp4_26> of sequential type is unconnected in block <LSP_to_Az>.
WARNING:Xst:2677 - Node <temp4_27> of sequential type is unconnected in block <LSP_to_Az>.
WARNING:Xst:2677 - Node <temp4_28> of sequential type is unconnected in block <LSP_to_Az>.
WARNING:Xst:2677 - Node <temp4_29> of sequential type is unconnected in block <LSP_to_Az>.
WARNING:Xst:2677 - Node <temp4_30> of sequential type is unconnected in block <LSP_to_Az>.
WARNING:Xst:2677 - Node <temp4_31> of sequential type is unconnected in block <LSP_to_Az>.

=========================================================================
Advanced HDL Synthesis Report

Macro Statistics
# FSMs                                                 : 3
# Registers                                            : 241
 Flip-Flops                                            : 241
# Comparators                                          : 6
 4-bit comparator equal                                : 1
 4-bit comparator greatequal                           : 1
 4-bit comparator greater                              : 3
 4-bit comparator lessequal                            : 1

=========================================================================

=========================================================================
*                         Low Level Synthesis                           *
=========================================================================

Optimizing unit <int_qlpc> ...

Optimizing unit <get_lsp_pol> ...

Optimizing unit <LSP_to_Az> ...

Mapping all equations...
Building and optimizing final netlist ...
Found area constraint ratio of 100 (+ 5) on block int_qlpc, actual ratio is 2.

Final Macro Processing ...

=========================================================================
Final Register Report

Macro Statistics
# Registers                                            : 279
 Flip-Flops                                            : 279

=========================================================================

=========================================================================
*                           Partition Report                            *
=========================================================================

Partition Implementation Status
-------------------------------

  No Partitions were found in this design.

-------------------------------

=========================================================================
*                            Final Report                               *
=========================================================================
Final Results
RTL Top Level Output File Name     : int_qlpc.ngr
Top Level Output File Name         : int_qlpc
Output Format                      : NGC
Optimization Goal                  : Speed
Keep Hierarchy                     : No

Design Statistics
# IOs                              : 1125

Cell Usage :
# BELS                             : 964
#      GND                         : 1
#      LUT2                        : 51
#      LUT3                        : 45
#      LUT4                        : 72
#      LUT5                        : 182
#      LUT6                        : 556
#      MUXF7                       : 56
#      VCC                         : 1
# FlipFlops/Latches                : 279
#      FDR                         : 116
#      FDRE                        : 97
#      FDRS                        : 37
#      FDRSE                       : 19
#      FDS                         : 10
# Clock Buffers                    : 1
#      BUFGP                       : 1
# IO Buffers                       : 991
#      IBUF                        : 311
#      OBUF                        : 680
=========================================================================

Device utilization summary:
---------------------------

Selected Device : 5vlx110tff1136-1 


Slice Logic Utilization: 
 Number of Slice Registers:             279  out of  69120     0%  
 Number of Slice LUTs:                  906  out of  69120     1%  
    Number used as Logic:               906  out of  69120     1%  

Slice Logic Distribution: 
 Number of LUT Flip Flop pairs used:    962
   Number with an unused Flip Flop:     683  out of    962    70%  
   Number with an unused LUT:            56  out of    962     5%  
   Number of fully used LUT-FF pairs:   223  out of    962    23%  
   Number of unique control sets:        62

IO Utilization: 
 Number of IOs:                        1125
 Number of bonded IOBs:                 992  out of    640   155% (*) 

Specific Feature Utilization:
 Number of BUFG/BUFGCTRLs:                1  out of     32     3%  

WARNING:Xst:1336 -  (*) More than 100% of Device resources are used

---------------------------
Partition Resource Summary:
---------------------------

  No Partitions were found in this design.

---------------------------


=========================================================================
TIMING REPORT

NOTE: THESE TIMING NUMBERS ARE ONLY A SYNTHESIS ESTIMATE.
      FOR ACCURATE TIMING INFORMATION PLEASE REFER TO THE TRACE REPORT
      GENERATED AFTER PLACE-and-ROUTE.

Clock Information:
------------------
-----------------------------------+------------------------+-------+
Clock Signal                       | Clock buffer(FF name)  | Load  |
-----------------------------------+------------------------+-------+
clock                              | BUFGP                  | 279   |
-----------------------------------+------------------------+-------+

Asynchronous Control Signals Information:
----------------------------------------
No asynchronous control signals found in this design

Timing Summary:
---------------
Speed Grade: -1

   Minimum period: 2.926ns (Maximum Frequency: 341.763MHz)
   Minimum input arrival time before clock: 2.831ns
   Maximum output required time after clock: 8.260ns
   Maximum combinational path delay: 6.887ns

Timing Detail:
--------------
All values displayed in nanoseconds (ns)

=========================================================================
Timing constraint: Default period analysis for Clock 'clock'
  Clock period: 2.926ns (frequency: 341.763MHz)
  Total number of paths / destination ports: 1296 / 340
-------------------------------------------------------------------------
Delay:               2.926ns (Levels of Logic = 3)
  Source:            int_qlpc_lsp_az/currentstate_FSM_FFd11 (FF)
  Destination:       int_qlpc_lsp_az/i_get_lsp_pol_1/lsp_iterator_0 (FF)
  Source Clock:      clock rising
  Destination Clock: clock rising

  Data Path: int_qlpc_lsp_az/currentstate_FSM_FFd11 to int_qlpc_lsp_az/i_get_lsp_pol_1/lsp_iterator_0
                                Gate     Net
    Cell:in->out      fanout   Delay   Delay  Logical Name (Net Name)
    ----------------------------------------  ------------
     FDR:C->Q              2   0.471   1.074  int_qlpc_lsp_az/currentstate_FSM_FFd11 (int_qlpc_lsp_az/currentstate_FSM_FFd11)
     LUT6:I0->O            6   0.094   0.507  int_qlpc_lsp_az/currentstate_FSM_FFd11-In1 (int_qlpc_lsp_az/currentstate_FSM_FFd11-In)
     LUT6:I5->O            4   0.094   0.592  int_qlpc_lsp_az/i_get_lsp_pol_1/next_lsp_iterator<0>2 (int_qlpc_lsp_az/i_get_lsp_pol_1/N10)
     LUT4:I2->O            1   0.094   0.000  int_qlpc_lsp_az/i_get_lsp_pol_1/next_lsp_iterator<3>1 (int_qlpc_lsp_az/i_get_lsp_pol_1/next_lsp_iterator<3>)
     FDR:D                    -0.018          int_qlpc_lsp_az/i_get_lsp_pol_1/lsp_iterator_3
    ----------------------------------------
    Total                      2.926ns (0.753ns logic, 2.173ns route)
                                       (25.7% logic, 74.3% route)

=========================================================================
Timing constraint: Default OFFSET IN BEFORE for Clock 'clock'
  Total number of paths / destination ports: 760 / 551
-------------------------------------------------------------------------
Offset:              2.831ns (Levels of Logic = 4)
  Source:            sub_in<0> (PAD)
  Destination:       int_qlpc_lsp_az/i_get_lsp_pol_1/f_iterator_0 (FF)
  Destination Clock: clock rising

  Data Path: sub_in<0> to int_qlpc_lsp_az/i_get_lsp_pol_1/f_iterator_0
                                Gate     Net
    Cell:in->out      fanout   Delay   Delay  Logical Name (Net Name)
    ----------------------------------------  ------------
     IBUF:I->O             5   0.818   1.091  sub_in_0_IBUF (sub_in_0_IBUF)
     LUT6:I0->O            1   0.094   0.480  int_qlpc_lsp_az/i_get_lsp_pol_1/next_f_iterator<0>12_SW7 (N264)
     LUT6:I5->O            1   0.094   0.000  int_qlpc_lsp_az/i_get_lsp_pol_1/next_f_iterator<0>1_G (N347)
     MUXF7:I1->O           1   0.254   0.000  int_qlpc_lsp_az/i_get_lsp_pol_1/next_f_iterator<0>1 (int_qlpc_lsp_az/i_get_lsp_pol_1/next_f_iterator<0>)
     FDR:D                    -0.018          int_qlpc_lsp_az/i_get_lsp_pol_1/f_iterator_0
    ----------------------------------------
    Total                      2.831ns (1.260ns logic, 1.571ns route)
                                       (44.5% logic, 55.5% route)

=========================================================================
Timing constraint: Default OFFSET OUT AFTER for Clock 'clock'
  Total number of paths / destination ports: 6398 / 468
-------------------------------------------------------------------------
Offset:              8.260ns (Levels of Logic = 7)
  Source:            int_qlpc_lsp_az/i_get_lsp_pol_1/iterator2_3 (FF)
  Destination:       scratch_mem_read_addr<2> (PAD)
  Source Clock:      clock rising

  Data Path: int_qlpc_lsp_az/i_get_lsp_pol_1/iterator2_3 to scratch_mem_read_addr<2>
                                Gate     Net
    Cell:in->out      fanout   Delay   Delay  Logical Name (Net Name)
    ----------------------------------------  ------------
     FDR:C->Q              4   0.471   0.805  int_qlpc_lsp_az/i_get_lsp_pol_1/iterator2_3 (int_qlpc_lsp_az/i_get_lsp_pol_1/iterator2_3)
     LUT4:I0->O            2   0.094   0.485  int_qlpc_lsp_az/i_get_lsp_pol_1/currentstate_cmp_eq00004_SW0 (N247)
     LUT5:I4->O            8   0.094   1.011  int_qlpc_lsp_az/i_get_lsp_pol_1/currentstate_cmp_eq00004 (int_qlpc_lsp_az/i_get_lsp_pol_1/currentstate_cmp_eq0000)
     LUT6:I1->O            3   0.094   0.587  int_qlpc_lsp_az/i_get_lsp_pol_1/scratch_mem_read_addr<0>31 (int_qlpc_lsp_az/i_get_lsp_pol_1/N14)
     LUT6:I4->O            1   0.094   0.576  scratch_mem_read_addr<0>24 (scratch_mem_read_addr<0>24)
     LUT6:I4->O            1   0.094   0.973  scratch_mem_read_addr<0>64_SW0 (N320)
     LUT6:I1->O            1   0.094   0.336  scratch_mem_read_addr<0>64 (scratch_mem_read_addr_0_OBUF)
     OBUF:I->O                 2.452          scratch_mem_read_addr_0_OBUF (scratch_mem_read_addr<0>)
    ----------------------------------------
    Total                      8.260ns (3.487ns logic, 4.773ns route)
                                       (42.2% logic, 57.8% route)

=========================================================================
Timing constraint: Default path analysis
  Total number of paths / destination ports: 883 / 393
-------------------------------------------------------------------------
Delay:               6.887ns (Levels of Logic = 6)
  Source:            L_sub_in<12> (PAD)
  Destination:       L_add_outa<2> (PAD)

  Data Path: L_sub_in<12> to L_add_outa<2>
                                Gate     Net
    Cell:in->out      fanout   Delay   Delay  Logical Name (Net Name)
    ----------------------------------------  ------------
     IBUF:I->O             8   0.818   0.518  L_sub_in_12_IBUF (L_sub_in_12_IBUF)
     LUT2:I1->O           33   0.094   0.607  int_qlpc_lsp_az/scratch_mem_out<12>21 (int_qlpc_lsp_az/N20)
     LUT6:I5->O            1   0.094   0.710  scratch_mem_out<9>11 (scratch_mem_out<9>11)
     LUT6:I3->O            1   0.094   1.069  scratch_mem_out<9>62_SW0 (N266)
     LUT6:I0->O            1   0.094   0.336  scratch_mem_out<9>62 (scratch_mem_out_9_OBUF)
     OBUF:I->O                 2.452          scratch_mem_out_9_OBUF (scratch_mem_out<9>)
    ----------------------------------------
    Total                      6.886ns (3.646ns logic, 3.240ns route)
                                       (52.9% logic, 47.1% route)

=========================================================================


Total REAL time to Xst completion: 26.00 secs
Total CPU time to Xst completion: 25.67 secs
 
--> 

Total memory usage is 311956 kilobytes

Number of errors   :    0 (   0 filtered)
Number of warnings :   81 (   0 filtered)
Number of infos    :    1 (   0 filtered)

