bd
1b
bd
1b
bd
1b
bd
1b
bd
1b
3f
a
3f
1b
2d
18
bd
1b
bd
1b
3f
9
3d
11
5
1e
a4
18
12
1b
3f
a
3f
11
3f
1d
40
3
3a
13
3f
1a
3e
11
3f
12
3e
10
e8
16
16
3
3c
18
3f
f
3f
11
3e
11
44
1b
0
0
3e
12
3e
11
3e
11
3f
11
44
1e
0
e
3e
11
3e
10
3f
12
3d
e
b6
1a
e9
e
3e
11
3f
11
3f
11
3d
11
3f
18
37
16
3e
11
3e
11
3e
13
3d
11
3e
11
3e
11
3f
12
3e
11
3e
12
3d
11
3e
11
3f
11
3f
11
3e
11
3f
14
3c
13
3e
12
3e
10
3e
11
3e
12
3d
10
3e
11
3e
12
3c
14
3e
13
3e
11
3e
12
3e
11
3e
14
3c
13
3e
11
3e
12
3f
11
3e
12
3e
17
3d
c
3e
12
3e
10
3f
12
40
11
b9
8
44
c
3e
11
3e
11
40
10
3e
11
3f
11
34
12
3e
11
3f
15
40
e
3e
12
3f
1d
33
14
3d
12
3e
10
40
11
3b
14
b9
c
34
1a
41
e
3d
f
3d
11
3e
12
b9
f
44
b
3e
11
3e
11
3e
11
3d
11
3e
12
3f
13
3c
14
3d
11
3e
12
3c
14
3e
13
3f
12
3d
12
3c
14
3e
13
3d
11
3e
12
3c
14
3e
12
3d
11
3e
12
3e
12
3c
14
3d
12
3e
11
3d
11
3d
12
3e
12
3c
15
3d
12
3e
12
3c
14
3e
13
3c
14
3e
12
3d
12
3d
12
3d
11
3e
13
3c
14
3d
12
3d
12
3e
12
3d
14
3c
12
3e
10
3e
12
3e
10
3e
12
3e
11
3e
12
3d
11
b6
11
38
15
3e
11
3f
11
3e
11
3f
11
b7
d
e8
12
3d
11
3c
14
3f
12
3e
11
3d
f
3e
11
3f
12
3e
11
3e
11
42
9
3e
13
3e
11
3e
11
3e
11
43
6
40
d
b4
14
3b
11
3e
12
41
9
3f
12
3e
11
3d
12
3d
10
46
5
40
e
3c
13
3e
11
b5
3
43
6
3e
11
3d
11
3f
12
3e
11
3e
14
40
d
3d
10
32
17
3f
10
3f
11
3e
15
3b
12
3e
11
3e
11
3f
11
3e
11
3e
13
3c
14
3e
11
3e
11
3e
11
3d
11
3e
11
3f
11
3e
11
3f
11
3e
11
3e
11
3e
11
3e
11
3e
11
3e
11
3d
11
3e
11
3e
11
3e
11
3f
11
3d
11
3e
11
3e
11
3e
11
3e
11
3e
11
3e
11
3e
11
3e
11
3e
11
3e
11
3e
11
3e
11
3e
11
3e
11
3e
11
3e
11
3e
11
3e
11
3e
11
3d
11
3f
11
3e
11
3e
10
3f
11
3e
11
3e
11
3e
11
3e
11
3e
11
3e
11
3e
11
3e
11
3f
11
3e
11
3e
11
3e
11
3e
10
3e
10
3e
12
3d
10
3e
10
3f
11
3e
10
3f
10
3f
17
3b
12
3f
11
3e
f
3e
10
3e
13
3d
19
3b
13
3c
13
3d
11
3e
11
3e
13
3f
18
3d
11
3d
e
3d
12
3d
11
3e
11
3e
16
39
11
41
10
3d
11
3f
12
3e
10
3e
12
3d
11
3e
11
3e
10
3f
11
3d
11
3f
11
3f
12
3e
10
3e
11
3e
11
3f
10
3e
12
3d
11
3e
11
3e
11
3e
11
3e
11
3f
11
3e
11
3d
11
3f
10
3e
11
3e
11
3f
11
3f
11
3e
11
3e
11
3e
11
3f
10
3e
11
3e
11
40
d
3d
10
3f
11
3f
10
3e
11
3e
11
3f
10
3f
10
3e
11
3f
10
3f
10
3f
10
3e
11
3f
10
3e
11
3e
11
3e
11
3e
11
3f
10
3f
11
3e
11
3d
10
3f
13
3e
11
3e
10
3e
11
3e
12
3d
c
42
10
3c
14
3e
f
3e
12
3d
12
3e
11
3f
11
3e
11
3e
11
3e
11
3e
11
3e
11
3e
11
3e
10
3f
11
3e
11
3e
11
3e
11
bb
a
40
d
3e
10
3e
11
3e
11
4c
0
3f
b
41
d
3e
11
3e
11
4c
0
3f
f
3e
e
42
b
43
7
41
e
3a
13
3d
11
41
19
35
16
3e
10
4
1
1
1
2
3
3d
13
3d
11
3e
10
3
3
2
3
0
3
1
1
2
2
0
2
2
1
3f
13
1
1
2
3
0
2
3e
10
3
1
2
1
1
2
2
1
3e
12
2
1
3f
12
3
1
3d
f
3
1
3d
c
40
14
1
1
40
e
3c
15
0
8
3b
f
3e
12
3d
11
3e
11
3e
11
3f
13
3b
13
3e
11
3f
11
3d
10
3e
11
3f
12
3d
11
3d
10
3e
12
3e
11
3e
11
3e
11
3d
11
3f
12
3d
10
3e
11
3d
11
3e
12
3e
11
3e
11
3e
11
3e
11
3e
11
3e
10
3e
11
3f
12
3d
11
3e
11
3e
11
3e
10
3f
12
3e
10
3e
11
3d
11
3f
13
b4
11
3e
10
3f
11
3e
11
3e
11
3c
16
0
0
3d
11
3d
11
3f
12
3c
13
3f
11
6
0
41
e
3c
13
3b
16
40
e
3e
11
6
0
3e
f
3c
14
3f
12
3e
11
3e
11
8
0
3c
13
3e
11
3d
11
3e
11
3e
11
eb
9
40
d
3e
11
3d
11
3f
11
3e
11
3e
12
3f
11
3d
10
3f
11
3e
11
3e
11
3e
11
3e
11
3e
11
3e
11
3e
11
3e
11
3e
11
3e
e
2
1
4
2
3f
11
3e
11
b5
e
3f
10
3e
13
60
1f
6
e
e5
8
f8
4
ea
7
8
15
e5
8
7
d
e4
17
7
b
e3
10
8
9
e4
15
9
c
0
5
f7
9
6
8
b
16
f8
14
8c
0
0
5
4c
3
b
1b
0
7
6
5
d6
8
b0
11
fb
1f
d5
8
aa
16
5
0
3
2
1
1
3d
18
39
17
3
2
0
2
1
1
3
2
1
2
1
2
2
1
1
2
2
1
2
2
73
3
3d
11
3f
11
3d
f
32
17
3a
14
0
0
3f
b
3e
f
36
1d
3f
12
3c
15
b8
1f
3c
12
32
1f
38
18
3d
12
3d
11
e8
14
3c
14
3d
11
3e
11
2
2
2
2
2
2
2
2
2
2
3e
11
2
2
2
2
2
2
2
2
2
2
2
2
2
2
1
1
1
1f
ec
8
1
1
1
1
0
2
2
0
3
3
5
2
1
3
1
3
2
1
3
2
1
1
3
2
2
2
2
2
1
2
2
3
1
2
2
2
2
2
1
2
3
5
c
6
10
1
3b
12
3d
11
5
4
5
6
46
19
f
1
41
e
31
1b
f
17
47
19
3e
11
e
1
3b
1b
e
7
9e
19
3e
11
3e
11
6
6
7
6
9c
1a
3f
11
3e
10
3e
11
3e
11
3e
11
3e
11
3e
11
3e
11
3e
11
3e
11
3e
11
3e
11
3e
11
3e
11
3e
11
3e
11
3e
11
3e
11
3e
11
3e
11
3e
11
3e
10
3e
11
3e
11
3e
11
3e
11
3e
11
3e
11
3e
11
3e
11
3e
12
3e
11
3e
11
3e
11
3e
11
3e
11
3e
11
3e
11
3e
11
3e
11
3e
11
3e
11
3e
11
3e
11
3e
11
e8
11
3e
11
3e
11
3e
11
3e
11
3e
11
e8
13
3e
8
40
e
3e
12
3d
11
3e
11
b6
1f
3d
1b
3d
8
36
1
3d
12
3e
11
3e
1e
3d
b
34
1b
3e
11
3e
11
3e
11
3e
10
3e
7
3f
11
3e
11
3e
11
3e
11
3e
11
3e
11
3e
11
3e
11
3e
11
3e
11
3e
11
3e
11
3e
11
3e
11
3e
11
3e
11
3e
11
3e
11
3e
11
3e
11
3e
11
3e
11
3e
11
3e
11
3e
11
3e
11
3e
11
3e
11
3e
11
3e
11
3e
11
3e
11
3e
11
3e
11
3e
11
3e
11
3e
11
3e
11
3e
11
3e
11
e8
11
3e
11
3e
11
3e
11
3e
11
3e
12
3e
13
3e
11
3e
11
3e
11
3e
11
3e
11
3f
3
3e
11
40
f
3e
11
3
3
3
1
b6
0
48
9
3e
11
3
3
3
1
3e
11
3e
11
3e
11
3e
11
3e
11
3e
11
3e
11
8
6
3d
11
3f
11
3e
11
3e
11
3e
11
3e
11
3e
11
3e
11
3e
11
3d
11
3e
12
3e
1a
3e
11
3e
11
3e
11
3e
11
3e
11
3e
2
e8
11
3e
11
3e
11
3e
11
3e
11
3e
11
3e
10
3e
11
3e
11
3e
11
3e
11
3e
11
3e
11
3e
11
3e
11
3e
11
3e
11
3e
12
3e
11
3e
11
3e
11
3e
11
3e
11
3e
11
3e
11
3e
11
3e
11
3e
11
3e
11
3e
11
3e
11
3e
11
3e
11
3e
11
3e
11
3e
11
3e
11
3e
11
3e
11
3e
11
3e
11
3e
11
3e
11
3e
11
3e
11
3e
11
3e
11
3e
11
3e
11
3e
11
3e
11
3e
11
3e
11
3e
11
3e
11
3e
11
3e
11
3e
11
3e
11
3e
11
3e
11
3e
11
3e
11
3e
11
3e
11
3e
11
3e
11
3e
11
3e
11
3e
11
3e
11
3e
11
3e
11
3f
11
3e
11
3e
11
3e
11
7
5
3f
11
3e
11
3e
11
3e
11
3f
11
3e
e
3e
b
3f
11
3e
11
3e
11
3e
11
3e
11
3e
11
3e
11
3e
11
3e
11
3e
11
3e
11
3e
11
3e
11
3e
11
3e
11
3e
11
3e
11
3e
11
3e
11
3e
11
3e
11
3e
11
e8
f
3f
11
3f
11
3e
11
3e
11
3e
11
3e
2
35
1b
3e
11
3e
11
3e
11
3e
11
3e
11
3e
11
3e
11
3e
11
3e
11
3e
11
3e
11
3e
11
3e
11
3e
11
3e
11
3e
11
3e
11
3e
11
3e
11
39
16
3e
12
0
0
3d
1f
2
1
3e
11
3e
11
3e
11
3e
11
3e
11
3e
11
3e
11
3e
11
3e
11
0
3
1
1c
3e
11
0
4
1
2
3e
11
3e
12
3e
11
1
2
3f
11
3e
11
3e
11
3e
11
3e
11
3e
11
3e
11
3e
11
3e
11
3e
11
3e
11
3e
11
3e
11
3e
12
3e
10
3e
11
3e
11
3e
11
3e
11
3e
11
3e
11
3e
11
3e
11
3e
11
3e
11
3e
11
3e
11
3e
11
3e
11
3e
11
3e
11
3e
11
3f
11
3e
10
e8
10
40
e
3d
11
3e
11
3e
10
3
2
3d
2
3e
10
3e
f
4
2
1
1
2
2
3c
15
5
2
1
2
2
2
2
2
1
2
0
4
0
4
2
2
1
2
3
1
3
2
2
2
3
2
1
3
2
2
2
2
3
3
1
2
3d
3
4
1
0
3
3
3
1
3
2
0
5
3
0
3
2
2
2
2
2
3
2
3
1
3
2
2
2
2
2
2
2
2
3
2
2
2
2
2
3
2
1
3
3
1
2
3
3
1
2
3
2
2
2
2
2
2
d2
19
3c
14
2
3
2
2
2
3
d9
c
0
1
3d
11
1
3
1
3
da
a
3d
12
8
1
3c
15
d9
b
3d
10
3f
12
3e
11
3
1
bf
12
3f
11
3e
11
3d
11
3e
11
7b
15
3d
11
3d
11
3e
11
3e
10
3f
11
3d
12
3d
11
3e
12
3e
11
3d
11
b6
12
3d
11
3e
11
3e
11
3e
11
b6
11
3e
11
3d
12
3e
11
3e
11
b6
11
3e
11
3d
11
3f
10
e8
11
3e
11
3d
12
3f
10
e8
10
3d
11
3d
11
3f
11
e8
11
3e
11
3e
11
b5
11
3d
11
3e
11
b6
12
3e
11
3d
12
b6
11
3e
11
3e
12
1
2
3e
12
3d
11
b8
e
3e
12
2
2
3d
11
3e
11
3f
11
3e
11
1
2
34
1a
3e
11
3e
12
3e
11
40
e
3b
13
3e
11
3e
11
3e
11
3f
12
3e
12
3d
10
3e
15
3f
12
3e
13
40
1b
3e
11
40
13
3e
11
3e
11
e5
1a
3e
11
3f
11
3e
11
3f
12
3d
12
3d
12
3e
10
3f
10
3e
12
3e
12
3e
11
3e
11
3e
11
3e
12
3e
11
3f
10
3f
11
3e
11
3e
10
3f
11
3e
11
3e
11
3e
11
3e
11
3e
11
3e
11
3e
12
3d
11
3e
12
3e
11
3e
11
3e
11
3e
11
3e
12
3e
11
3e
11
3e
11
b5
11
3d
11
3e
12
3e
11
3d
12
3d
15
b7
f
b5
11
3f
10
3e
11
3e
11
3f
11
3e
10
3e
12
3e
11
3e
11
3d
e
3f
12
e9
16
3b
14
3e
11
3d
10
3c
14
3e
11
e9
17
3b
13
3e
f
3f
12
3e
11
3e
11
28
9
3f
f
3b
14
3e
12
3f
11
3e
11
3e
11
3f
11
3d
11
3e
11
3e
11
b6
11
b6
12
3d
11
3e
11
b7
11
b6
11
b6
11
b6
11
b6
11
b6
11
b6
11
b6
11
b6
11
b6
11
b6
11
b6
11
b6
11
b6
11
b6
11
b6
11
b6
11
b6
11
b6
11
b6
11
b6
12
b6
10
b6
11
b6
12
b6
11
b6
11
b6
11
b6
11
b6
11
b6
11
b6
11
e8
12
3e
12
3e
13
3d
10
3e
11
3e
11
3f
11
3f
11
7c
1d
95
1a
e7
2
e7
14
a7
1d
b6
19
40
d
3c
14
3d
11
3e
11
3d
12
3d
12
3d
12
3d
11
3d
12
3d
12
3d
12
3d
12
3d
12
3e
10
3e
12
3d
12
ed
14
b5
11
3f
16
6
6
3e
11
3e
12
0
0
0
0
6
4
3d
f
3b
e
b
0
0
0
3d
12
b7
19
3d
11
0
0
1
0
3d
13
3e
12
e
3
3f
10
39
10
40
e
3f
13
3d
10
3f
10
3f
12
3d
f
3e
11
3e
11
3e
11
3e
11
3e
11
3e
11
3e
11
3e
11
3e
11
3e
11
3e
11
3e
11
3e
11
3e
11
40
e
3b
b
3c
13
3f
11
3b
15
3
1
3c
16
0
7
3e
10
3e
11
3e
11
32
19
0
2
3e
11
3e
11
3e
11
3f
10
3e
11
3f
11
3e
11
3e
11
3e
10
3e
10
3f
11
3f
10
9
3
3e
11
3d
c
3e
11
3e
10
41
e
57
0
3f
10
3b
11
41
f
3f
11
3a
14
e3
1d
3b
12
44
6
39
12
47
8
3e
11
b5
d
3f
c
3b
12
41
f
3e
11
3e
11
6
c
3b
f
41
d
3e
11
3e
11
3e
11
3e
14
3e
f
3e
11
3e
11
3e
11
3e
11
3e
12
3e
11
3e
11
3e
11
3e
11
3e
11
3e
11
3e
11
3e
11
3e
11
3e
11
3e
11
3f
10
3e
11
3e
11
3e
11
3e
11
3e
11
3f
10
3e
11
3e
11
3e
11
3e
11
3e
11
3e
1a
35
1a
3e
11
3e
11
3e
11
3e
11
3e
11
3e
11
3e
11
3e
11
3e
11
3e
11
3e
11
3e
11
3e
11
3e
11
3e
11
3e
11
3e
11
3e
11
3e
11
3e
11
3e
11
3e
11
3e
11
3e
11
3e
11
3e
11
3e
11
3e
11
3e
11
3e
11
3e
11
3e
11
3e
11
3e
11
3e
11
3e
11
3e
11
3e
11
3e
11
3e
11
3e
11
3e
11
3e
11
3e
11
3e
11
3e
11
b6
11
3e
11
3e
11
3e
11
3e
10
3e
11
3e
12
3d
11
3e
11
3e
11
3e
11
3e
11
3e
11
3e
11
3e
11
3e
11
3e
11
3e
11
3e
11
3e
11
3e
11
3e
11
3e
11
3f
12
3e
e
3e
11
3e
11
3e
11
3f
11
3f
12
76
8
3e
11
3f
11
3f
12
3e
11
3e
12
11
1
3e
11
35
1b
3e
12
3e
11
3e
11
3f
17
37
18
3e
11
3e
11
3f
12
3e
11
3f
17
36
1b
3e
11
3f
12
3e
11
3e
11
3e
17
37
17
3e
12
3e
11
3e
11
3e
11
3e
10
3e
11
3e
11
3e
11
3e
11
3e
11
3e
11
3e
11
3e
11
3e
11
3e
11
3e
11
3e
11
3e
11
3e
11
3e
11
3e
11
3e
12
3e
11
3e
11
3e
12
3e
10
3e
12
3e
11
3e
11
3e
11
3e
11
3e
11
3e
11
3e
11
3e
11
3e
11
3e
11
3e
12
3e
11
3e
11
b3
14
3f
11
3e
10
3e
11
3e
11
3b
11
3f
11
3e
11
3e
11
3e
11
3e
11
3e
11
3e
11
3e
11
3e
11
3e
11
3e
11
3e
11
3e
11
3e
11
3e
11
3e
11
3f
11
3e
11
3e
10
3f
11
3e
11
3e
11
3f
11
3e
11
3e
11
3d
11
3e
11
3e
12
3d
f
40
d
3e
13
3e
11
3c
12
41
e
3e
11
3e
10
3e
13
3e
10
3d
10
3d
12
3f
11
3e
11
6
2
3f
10
2
3
3
2
2
3
2
2
b8
e
2
2
3
3
2
2
3d
10
3f
11
3e
11
3e
11
3e
11
3e
11
3e
11
3e
11
3e
11
3e
11
3e
11
3e
11
3f
10
3f
10
2
4
3d
f
3d
11
3d
11
3f
11
3e
11
3e
c
e8
12
3e
10
3e
11
3e
11
3e
11
3e
11
3e
11
3e
11
3e
12
3e
11
3e
11
3e
11
3e
11
3e
11
3e
11
3e
11
3e
11
2
0
3f
f
3e
f
2
0
43
a
3e
12
16
0
3e
c
3c
11
31
1d
39
16
3e
10
1
0
3f
f
2d
2
3e
11
3e
11
3e
11
e
0
3b
c
3c
13
3d
11
3e
11
3e
11
ec
b
39
14
3e
10
3e
11
3e
11
3e
11
3e
9
3e
10
3e
11
3e
11
3e
11
3e
11
3e
11
3e
11
3e
11
3e
11
3e
11
3e
11
3e
11
3e
11
3e
11
3e
11
3e
11
3e
11
3e
11
3e
11
3e
11
3e
11
3e
11
3e
11
3e
e
3e
11
3e
11
3e
11
3e
11
3f
17
36
1b
3d
11
3d
10
3c
14
3d
11
3f
11
3e
11
3e
11
3e
11
3e
11
3e
11
3f
11
3f
f
3e
11
3e
11
3e
11
3f
11
3e
12
3f
14
3e
12
3e
11
3e
11
3e
12
3e
10
3f
2
39
16
3f
11
3e
11
3f
12
2
2
3f
17
39
16
3f
11
3f
11
2
2
1
1
41
15
37
18
3e
11
2
2
3
1
2
2
3e
f
3
1
2
2
2
2
2
3
2
3
2
2
2
2
2
3
2
2
2
2
3
2
2
3
2
2
2
2
2
2
2
2
4
2
3d
11
3e
10
3
2
2
2
3d
11
3e
11
2
2
3e
11
3e
11
3e
11
3e
11
3e
11
3e
11
3e
11
3e
11
3e
11
3e
11
3f
11
3e
10
3e
12
3e
10
3e
11
3f
11
3e
10
3f
10
3e
11
3f
11
3e
10
3f
11
3e
10
3f
11
3e
10
3f
11
3e
10
3f
11
3f
10
3f
10
3e
11
3e
11
3e
11
3f
10
3f
10
b6
11
4
1
3f
10
3e
10
3f
11
3d
11
3e
12
3e
10
3d
10
3e
11
3f
12
3e
11
3e
11
3e
11
3e
11
3e
10
3f
11
3e
11
3e
12
3e
11
3d
11
3d
11
3e
12
3e
11
3e
12
3d
11
3e
11
3e
11
3e
11
3e
11
3e
11
3e
11
3e
11
3e
11
3e
11
3e
11
3e
12
3e
11
3e
11
3e
11
3e
11
3e
11
3e
11
3e
11
3e
11
3e
11
3e
11
3e
11
b9
e
3e
11
3d
11
3e
11
3e
11
42
d
3e
10
3c
14
3e
11
40
f
3e
12
3e
10
3d
11
3c
14
42
d
3e
12
3e
11
3e
11
e8
11
39
12
3c
13
3e
11
3d
11
6
5
b8
5
3e
11
7
7
1
0
3e
11
0
4
1
3
2
2
2
2
2
1
3
1
3
2
2
2
1
3
1
3
2
2
c0
12
3
1
42
1e
3f
13
3b
15
3b
15
16
f
3d
11
4
2
3e
11
3f
13
10
1
3e
10
3f
10
5
2
3a
14
30
1e
3d
11
3e
11
3e
11
3e
b
3a
14
3e
11
3e
10
3e
11
3e
12
43
a
3e
11
3f
11
3e
11
3e
11
3f
11
b7
10
3e
11
3e
11
3e
11
3f
11
3f
11
3e
10
3f
11
3e
11
3e
12
3e
11
3e
11
3e
11
3e
11
3e
11
3e
11
3e
11
3e
11
14
4
3e
11
3e
11
1f
17
17
12
7d
11
3d
e
3d
11
3e
11
3e
11
3e
11
3e
11
3e
11
3e
10
3e
11
3e
12
3e
11
3e
11
3e
11
3e
11
3e
11
3e
11
3e
11
3e
11
3e
11
3e
11
3e
11
e8
10
2
2
3
3
e7
12
2
3
3e
10
3f
11
3e
11
3d
11
3e
11
e8
11
3e
11
3e
11
3e
11
3e
11
3e
11
3e
11
3e
11
3e
11
3e
11
3e
11
e9
1d
3f
11
3e
13
3d
10
3f
11
3e
11
3f
f
3e
11
3f
11
3e
10
3e
11
3e
11
3e
11
3e
11
3e
11
3e
11
3
2
2
1
2
1d
46
8
3e
11
3e
11
3e
11
3f
11
3f
e
3e
11
3e
11
3e
11
3e
11
3e
11
3f
e
3f
11
3f
11
3e
11
3e
11
3d
11
3f
11
3e
11
3e
11
3e
11
3e
11
3e
11
3e
11
3e
11
3e
11
3e
11
3e
10
3f
11
3d
13
3d
10
3f
10
3e
11
3e
11
3e
11
3e
11
3e
11
3e
11
3e
12
3d
10
3e
10
3e
11
3e
11
2
2
2
2
1
2
2
2
2
2
2
3
1
2
2
2
2
2
2
2
2
2
2
2
2
2
1
2
2
2
3f
11
3e
11
2
2
2
2
2
2
3e
12
3e
11
3e
f
1
2
3e
12
3e
12
3d
11
3e
11
3e
11
3e
11
3e
11
3e
11
c1
10
3e
11
b5
7
3f
10
ec
f
3d
11
3e
11
3e
11
1b
11
4a
4
3d
11
3d
11
3e
11
3e
10
3e
14
3c
13
3e
11
3e
11
3e
11
3e
11
3e
13
3d
11
3e
11
3e
10
3e
11
3e
11
c
1
3
2
1
1
2
2
3
3
2
2
1
1
3e
11
3e
10
3e
12
3e
11
3e
11
3e
f
0
5
3e
11
c
0
2
1
0
4
3f
a
46
8
c
0
3
2
0
2
3e
11
3f
1a
0
3
3e
12
3e
11
3e
1d
3e
11
3e
11
3f
11
3d
12
3d
12
3d
12
3e
11
3d
11
3f
11
3e
11
3e
11
3e
11
3e
11
fe
b
3d
11
3f
12
3e
11
3e
11
3d
10
3f
12
3e
11
3e
11
3e
11
3e
11
3e
11
3f
11
3e
12
3d
11
3e
11
3e
11
3f
12
3e
15
3f
10
3e
12
3e
11
3e
11
3e
11
3e
10
3e
11
3e
11
3d
11
3f
11
3e
10
