d0
185
15
1
0
f
56
b
2
a
2c
d0
1a5
26
1
a0a
a
2d
11
6c5
f
d
d0
3a5
26
1
821
0
41
11
13e5
0
71
d0
3a5
e
1
240
c
73
e
1040
c
8
48
105
26
1
b20
e
4b
11
153
e
a
d0
1a5
e
1
6b
8
4b
e
609
3
19
50
3a5
e
1
1e02
1
47
e
1050
c
71
50
3a5
e
1
28c
d
67
e
e40
4
19
50
3a5
e
1
e10
4
19
e
107b
f
19
48
185
e
1
1053
2
73
e
53
a
63
50
105
e
1
56
b
47
e
824
8
17
50
3a5
e
1
52
4
19
e
50
4
3b
50
3a5
e
1
78
6
19
e
53
5
49
d0
3a5
e
1
53
5
3b
e
53
5
73
48
185
e
1
1013
2
19
e
53
a
63
50
105
e
1
50
b
43
e
24d
6
17
50
3a5
e
1
53
5
47
e
58
4
3b
50
3a5
e
1
5c
5
19
e
54
5
73
d0
3a5
e
1
50
4
3b
e
50
4
73
48
185
e
1
e13
a
19
e
53
a
f
50
105
e
1
50
b
71
e
354
6
47
50
3a5
26
1
e73
7
47
11
153
1
73
50
3a5
26
1
1153
9
19
11
1010
c
19
d0
3a5
26
1
1073
f
3b
11
153
1
3b
48
185
e
1
1053
2
71
e
53
a
f
50
105
e
1
72
8
19
e
613
3
47
50
3a5
e
1
1113
d
19
e
24b
d
19
50
3a5
26
1
153
1
19
11
1193
9
4b
d0
3a5
e
1
53
5
f
e
54
5
3b
48
185
e
1
313
6
19
e
53
a
67
50
105
e
1
50
b
13
e
28a
2
51
50
3a5
e
1
17cb
1
49
e
53
5
19
50
3a5
e
1
54
5
73
e
54
5
4b
d0
3a5
e
1
54
5
3b
e
54
5
73
48
185
26
1
14c
e
19
11
73
8
63
50
105
e
1
56
b
73
e
361
4
51
50
3a5
e
1
e51
4
19
e
1089
c
3b
50
3a5
e
1
113
1
19
e
53
5
19
d0
3a5
e
1
53
5
3b
e
53
5
49
48
185
e
1
1053
2
19
e
53
a
63
50
105
e
1
256
3
13
e
bcf
3
17
50
3a5
e
1
30b
9
49
e
107b
f
19
50
3a5
26
1
113
1
19
11
1073
f
73
d0
3a5
e
1
53
5
73
e
54
5
3b
48
185
26
1
6b
8
71
11
1073
0
67
50
105
26
1
150
f
71
11
3d6
3
47
50
3a5
e
1
249
6
73
e
e10
4
4b
50
3a5
e
1
107b
f
19
e
53
5
19
d0
3a5
e
1
53
5
f
e
53
5
3b
48
185
e
1
1013
2
19
e
53
a
39
50
105
e
1
54
a
71
e
69a
2
51
50
3a5
e
1
b4
7
19
e
58
4
4b
50
3a5
e
1
53
5
49
e
50
4
73
d0
3a5
e
1
54
5
73
e
50
4
3b
48
185
e
1
e13
a
19
e
53
a
39
50
105
e
1
50
b
49
e
880
3
51
50
3a5
e
1
43
7
19
e
53
5
19
50
3a5
e
1
53
5
73
e
53
5
49
d0
3a5
e
1
53
5
73
e
53
5
73
48
185
e
1
1053
2
71
e
53
a
63
50
105
e
1
56
b
19
e
a21
0
17
50
3a5
e
1
c01
e
19
e
e50
4
19
50
3a5
e
1
53
5
49
e
53
5
73
d0
3a5
e
1
53
5
73
e
53
5
49
48
185
e
1
f53
e
19
e
53
a
39
50
105
26
1
1093
2
47
11
10b1
0
17
50
3a5
e
1
754
9
f
e
e10
4
19
50
3a5
e
1
7b
7
4b
e
53
5
19
d0
3a5
e
1
53
5
3b
e
54
5
3b
48
185
e
1
e53
a
71
e
53
a
67
50
105
e
1
54
a
71
e
e80
3
13
50
3a5
e
1
863
5
47
e
54
5
4b
50
3a5
e
1
50
4
3b
e
50
4
19
d0
3a5
26
1
1073
f
f
11
14a
1
19
48
185
26
1
e33
8
19
11
133
c
63
50
105
e
1
50
b
19
e
a5e
3
51
50
3a5
e
1
114
1
71
e
e10
4
19
50
3a5
e
1
8b
5
73
e
5a
5
49
d0
3a5
e
1
53
5
73
e
53
5
3b
48
185
e
1
e13
a
71
e
53
a
63
50
105
e
1
56
b
53
e
a40
3
13
50
3a5
e
1
1e3
1
19
e
5f
4
53
50
3a5
e
1
50
4
73
e
54
5
49
d0
3a5
e
1
53
5
73
e
53
5
3b
48
185
e
1
1013
2
71
e
53
a
63
50
105
e
1
56
b
53
e
a64
0
51
50
3a5
e
1
53
5
71
e
53
5
19
50
3a5
26
1
1073
f
f
11
2
7
19
d0
3a5
e
1
53
5
73
e
53
5
3b
48
185
26
1
1077
1
49
11
e57
b
f
50
105
26
1
f13
e
47
11
2b
0
4b
50
3a5
e
1
142
3
71
e
3
7
19
50
3a5
e
1
53
5
19
e
53
5
19
d0
3a5
e
1
53
5
67
e
53
5
19
48
185
e
1
1053
2
71
e
53
a
63
50
105
e
1
57
b
19
e
e16
3
17
50
3a5
26
1
150
1
71
11
53
5
73
50
3a5
26
1
f53
1
19
11
1073
f
19
d0
3a5
e
1
53
5
67
e
54
5
73
48
185
26
1
14b
e
19
11
153
e
67
50
105
e
1
6b
8
43
e
2cb
6
4b
50
3a5
e
1
7d8
8
53
e
481
6
4b
50
3a5
e
1
190
0
3b
e
2b0
e
73
d0
3a5
e
1
50
4
73
e
7b
7
3b
48
185
26
1
171
c
4b
11
e32
8
67
50
105
e
1
e40
b
49
e
d0a
6
53
50
3a5
e
1
6c1
e
53
e
648
e
3b
50
3a5
e
1
390
8
73
e
50
4
73
d0
3a5
26
1
153
1
73
11
1033
f
49
48
185
26
1
106b
0
73
11
14b
e
3b
50
105
e
1
4b
a
73
e
c40
3
19
50
3a5
e
1
8c1
6
4b
e
18a1
c
4b
50
3a5
e
1
43
7
3b
e
54
5
19
d0
3a5
e
1
53
5
3b
e
53
5
3b
48
185
e
1
114
e
71
e
53
a
67
50
105
e
1
6a
8
73
e
10c1
6
53
50
3a5
e
1
6e1
c
4b
e
418
4
3b
50
3a5
e
1
54
5
19
e
1089
c
73
d0
3a5
e
1
390
8
79
e
50
4
3b
48
185
e
1
f53
e
71
e
5a
a
3b
50
105
26
1
b4a
e
4b
11
90a
6
4b
50
3a5
e
1
1c0
3
71
e
681
e
1b
50
3a5
e
1
284
f
3b
e
498
4
3f
d0
3a5
e
1
53
5
49
e
54
5
4f
48
185
e
1
e53
a
71
e
53
a
67
50
105
e
1
10a
e
73
e
901
6
53
50
3a5
e
1
1dc9
0
71
e
689
c
4b
50
3a5
26
1
ed0
4
4b
11
1258
4
3b
