1000
00c6
f8f7
ffb8
012a
00e3
fe7a
0009
006d
fe58
0045
00fa
0017
ffee
ffb7
002c
0015
ffe4
0025
ffe3
ffea
000d
fff8
0010
ffff
fff5
0008
fffd
0002
0003
fffc
0001
fffe
0001
0002
fffd
0001
0001
ffff
0001
1000
00c6
f8f7
ffb8
012a
00e3
fe7a
0009
006d
fe58
0045
00fa
0017
ffee
ffb7
002c
0015
ffe4
0025
ffe3
ffea
000d
fff8
0010
ffff
fff5
0008
fffd
0002
0003
fffc
0001
fffe
0001
0002
fffd
0001
0001
ffff
0001
1000
f7e2
fc33
0340
0238
fc8c
0039
02b7
faaa
022a
01f0
fde4
005b
0082
ffe7
ffb4
009d
ffd5
ff80
007b
ffed
ffda
0019
fff4
0000
fffd
0010
fff9
fff5
000f
fffc
fffc
0005
fffe
fffe
0002
0001
fffe
0000
0001
1000
f7e2
fc33
0340
0238
fc8c
0039
02b7
faaa
022a
01f0
fde4
005b
0082
ffe7
ffb4
009d
ffd5
ff80
007b
ffed
ffda
0019
fff4
0000
fffd
0010
fff9
fff5
000f
fffc
fffc
0005
fffe
fffe
0002
0001
fffe
0000
0001
1000
f4aa
fec8
0515
ff76
fc26
01a6
0248
fa2a
0394
0130
fcb7
020f
0046
ff13
005c
0087
ff7c
ffc4
00b2
ff80
ffec
0062
ffaf
0011
0018
ffed
0005
fffd
000d
fff3
0001
000d
ffef
0008
0003
fff8
0006
fffe
ffff
1000
f4aa
fec8
0515
ff76
fc26
01a6
0248
fa2a
0394
0130
fcb7
020f
0046
ff13
005c
0087
ff7c
ffc4
00b2
ff80
ffec
0062
ffaf
0011
0018
ffed
0005
fffd
000d
fff3
0001
000d
ffef
0008
0003
fff8
0006
fffe
ffff
1000
f173
025c
05b4
fbf5
fdba
02a0
00ce
fa61
051c
ffb9
fc35
042f
fed2
fead
01d3
ff78
ff60
008a
0035
ff4c
005d
0048
ff60
006b
000d
ffac
004b
ffed
ffed
0016
fff7
0002
fff9
000a
fffd
fff6
0011
fff3
0002
1000
f173
025c
05b4
fbf5
fdba
02a0
00ce
fa61
051c
ffb9
fc35
042f
fed2
fead
01d3
ff78
ff60
008a
0035
ff4c
005d
0048
ff60
006b
000d
ffac
004b
ffed
ffed
0016
fff7
0002
fff9
000a
fffd
fff6
0011
fff3
0002
1000
f0e7
037e
03dd
fdc8
fdb4
0193
00d4
fbb2
0452
ff50
fd31
0379
febd
ff2f
01a1
ff37
ffa0
00a8
ffdb
ff8c
006c
0000
ff98
0067
fff0
ffc3
0048
ffe9
ffe9
0023
fff1
fff9
000b
fffe
fffb
0002
0005
fff9
0001
1000
f0e7
037e
03dd
fdc8
fdb4
0193
00d4
fbb2
0452
ff50
fd31
0379
febd
ff2f
01a1
ff37
ffa0
00a8
ffdb
ff8c
006c
0000
ff98
0067
fff0
ffc3
0048
ffe9
ffe9
0023
fff1
fff9
000b
fffe
fffb
0002
0005
fff9
0001
