 command line:
   ./LPC_Mem_Ctrl_tb_v_isim_beh.exe
     -intstyle  ise
     -ipchost  localhost
     -ipcport  50322

Mon Oct 04 16:56:07 2010

WARNING:Simulator:12 - Port ENA of module BLK_MEM_GEN_V2_4 in instance
   /LPC_Mem_Ctrl_tb_v/uut/i_AutoCorr_mem_1/inst/ is left unconnected.
WARNING:Simulator:12 - Port REGCEA of module BLK_MEM_GEN_V2_4 in instance
   /LPC_Mem_Ctrl_tb_v/uut/i_AutoCorr_mem_1/inst/ is left unconnected.
WARNING:Simulator:12 - Port SSRA of module BLK_MEM_GEN_V2_4 in instance
   /LPC_Mem_Ctrl_tb_v/uut/i_AutoCorr_mem_1/inst/ is left unconnected.
WARNING:Simulator:12 - Port ENB of module BLK_MEM_GEN_V2_4 in instance
   /LPC_Mem_Ctrl_tb_v/uut/i_AutoCorr_mem_1/inst/ is left unconnected.
WARNING:Simulator:12 - Port REGCEB of module BLK_MEM_GEN_V2_4 in instance
   /LPC_Mem_Ctrl_tb_v/uut/i_AutoCorr_mem_1/inst/ is left unconnected.
WARNING:Simulator:12 - Port SSRB of module BLK_MEM_GEN_V2_4 in instance
   /LPC_Mem_Ctrl_tb_v/uut/i_AutoCorr_mem_1/inst/ is left unconnected.
WARNING:Simulator:12 - Port DBITERR of module BLK_MEM_GEN_V2_4 in instance
   /LPC_Mem_Ctrl_tb_v/uut/i_AutoCorr_mem_1/inst/ is left unconnected.
WARNING:Simulator:12 - Port SBITERR of module BLK_MEM_GEN_V2_4 in instance
   /LPC_Mem_Ctrl_tb_v/uut/i_AutoCorr_mem_1/inst/ is left unconnected.
Total Line Count : 167

 Elaboration time : 0.015625 sec.

 Estimate current memory usage : 128.623 Meg. 

 Total Signals          : 79
 Total Nets             : 196
 Total Signal Drivers   : 41
 Total Blocks           : 18
 Total Primitive Blocks : 12
 Total Processes        : 60
 Total Traceable Variables  : 184
 Total Scalar Nets and Variables : 34654
ntrace select -o on -n /LPC_Mem_Ctrl_tb_v/frame_done 
ntrace select -o on -n /LPC_Mem_Ctrl_tb_v/Out_Sample 
ntrace select -o on -n /LPC_Mem_Ctrl_tb_v/clock 
ntrace select -o on -n /LPC_Mem_Ctrl_tb_v/In_Sample 
ntrace select -o on -n /LPC_Mem_Ctrl_tb_v/In_Done 
ntrace select -o on -n /LPC_Mem_Ctrl_tb_v/reset 
ntrace select -o on -n /LPC_Mem_Ctrl_tb_v/Out_Count 
ntrace select -o on -n /LPC_Mem_Ctrl_tb_v/filteredmem 
ntrace select -o on -n /LPC_Mem_Ctrl_tb_v/i 
ntrace select -o on -n /LPC_Mem_Ctrl_tb_v/j 
ntrace select -o on -n /LPC_Mem_Ctrl_tb_v/uut/addra 
ntrace select -o on -n /LPC_Mem_Ctrl_tb_v/uut/addrb 
ntrace select -o on -n /LPC_Mem_Ctrl_tb_v/uut/frame_count 
ntrace select -o on -n /LPC_Mem_Ctrl_tb_v/uut/rcurrentState 
ntrace select -o on -n /LPC_Mem_Ctrl_tb_v/uut/web 
ntrace start 
isimrun 1000 ns 
Simulator is doing circuit initialization process.
Finished circuit initialization process.
isimrun 100000 ns 

 Simulation time 0.3125 sec.

 Estimate current memory usage : 137.011 Meg. 

Mon Oct 04 17:19:19 2010

