78
78
78
78
78
5
62
14
78
78
5
2
11
2b
60
42
2
2
11
79
42
2
11
d
38
5c
5
2
d
22
4
42
2
5
2
d
4
2
5
2
d
11
34
5
2
22
11
11
11
2
d
11
22
11
2
d
11
2
d
2
11
11
11
d
11
11
11
d
11
11
11
68
11
11
22
11
59
69
11
22
2
59
11
69
1
2
2
11
69
1
59
11
11
69
1
2f
4a
11
69
1
1
21
20
20
1
1
1
26
20
69
1
1
21
23
28
21
1
1
23
26
59
1
1
23
f
21
28
1
1
23
61
26
1
21
1
23
21
1
26
1
23
21
1
23
21
1
21
1
23
26
1
21
23
21
1
1
26
23
1
5
11
2
11
d
2
d
5
3
28
2
5
5
3
5
28
22
3
5
3
5
d
3
5
3
5
1
a
5
3
5
6d
61
5
3
5
1
61
4
5
5
3
65
4
41
5
3
1
4
41
8
3f
61
61
59
8
61
7d
61
41
8
65
62
61
41
11
69
11
5
11
61
11
61
41
4
69
11
61
11
61
59
11
61
11
61
11
61
59
11
61
11
5
11
11
61
11
4d
2
61
11
5
79
8
61
11
61
11
5
61
11
8
61
11
61
11
41
11
61
11
11
61
69
4c
5
5
5
5
5
4d
5
5
5
49
21
4d
2
5
49
21
27
6
11
49
49
27
2a
2e
4d
49
4d
6
e
4d
49
6
e
26
26
26
2a
6
26
27
c
26
c
26
27
4d
c
27
2a
27
4d
26
2b
26
27
c
27
4d
28
21
4d
2e
4d
26
31
26
c
26
c
21
2e
4d
26
4d
4d
27
4d
27
2e
4d
26
4d
26
2e
26
4d
26
31
2e
2d
21
6
2a
26
26
26
26
2d
26
26
2d
26
2e
26
26
26
26
39
27
26
26
26
3c
49
28
26
26
3c
49
1b
28
25
4e
49
8
8
79
2a
1b
8
8
8
4
1b
1b
8
8
8
1b
8
8
8
8
8
a
26
8
8
8
8
26
a
8
1b
2f
23
2e
8
8
f
9
9
2
1b
9
9
9
f
2
9
9
6d
23
69
9
9
23
9
f
9
6d
69
6d
23
9
23
9
6d
9
3f
6d
9
23
9
6d
23
9
6d
23
6d
23
9
23
9
2
2f
9
23
45
16
61
2f
9
15
e
4c
69
9
2f
15
32
1a
65
2f
1f
32
1a
1a
65
9
3b
1a
1a
1a
6f
9
1a
1a
1a
a
4e
1a
1a
1a
1a
a
1a
1a
1a
1a
1a
1a
a
1b
26
1
23
f
22
21
f
2f
2
21
10
23
21
f
d
65
d
21
d
b
5
25
35
d
f
5
26
6d
0
28
21
23
23
79
10
23
26
49
4c
8
79
23
49
49
8
4d
79
49
4d
8
26
4c
23
d
8
8
1b
2e
65
d
8
1b
2e
1c
d
d
1b
4e
e
e
30
1b
e
e
e
e
13
e
e
e
e
e
e
e
e
e
1a
4e
30
2e
1b
49
49
26
68
f
49
f
1
71
f
21
f
1
49
f
21
f
61
f
a
6a
79
21
f
f
0
10
23
26
f
18
10
50
23
26
7b
10
50
10
23
59
10
50
10
10
10
10
50
10
10
10
10
10
10
10
50
10
10
10
10
10
10
10
62
6a
22
11
11
2
22
11
59
2
11
11
11
2
11
22
11
2
11
2
11
22
6a
7a
d
2
11
1a
18
13
11
11
6a
18
1a
18
0
d
1a
18
10
1c
22
1a
18
10
1c
1c
19
1a
10
1c
10
1c
18
10
1c
10
18
1c
18
1c
10
1c
10
18
18
10
1c
10
18
10
1c
1c
10
18
1c
1c
18
1c
18
1c
18
18
1c
5a
7a
10
1c
5a
10
1c
18
1c
32
1a
10
1c
10
13
12
1a
10
1c
16
1a
1a
13
10
56
1a
13
13
13
3a
13
1a
10
3a
58
13
13
18
1c
58
58
58
1c
58
6a
6a
42
10
58
1e
22
42
3a
10
1c
32
2
15
6e
48
3a
5
3a
42
3a
3a
6e
79
6c
59
15
3a
6e
42
3a
15
59
32
42
15
6a
42
3a
42
15
32
42
6e
42
7e
20
42
6e
42
3a
32
59
15
a
59
6c
59
15
32
79
6c
59
30
6c
59
15
32
59
15
59
6e
32
59
15
59
32
32
59
6c
59
15
11
5a
6c
5b
3a
68
6e
6a
32
3a
3a
32
5a
3a
18
1c
3a
30
1e
1c
3a
3a
1c
1a
1c
3a
1c
3a
1c
3a
3a
1c
3a
1a
16
1c
1c
1a
16
13
17
1e
1a
1a
13
32
16
1a
13
13
32
13
1a
13
32
13
13
12
16
13
16
17
e
1a
4a
38
7a
1e
1e
3a
1e
5b
1e
3a
3a
1e
19
7a
1e
4b
6c
6e
23
48
43
1d
b
2d
62
1b
23
4b
6e
19
6b
26
4b
6e
d
4b
2d
6b
2d
3
2d
d
4b
d
6b
2d
2e
4b
23
19
d
6e
2d
23
7b
79
4b
4b
1b
5d
7a
d
2d
4b
1e
6a
2e
79
7
7b
7b
13
2e
7d
13
1b
2e
19
6a
19
1b
e
6a
7b
6b
79
2e
13
7b
6f
33
79
2e
1f
6d
6f
9
33
6d
2f
1f
6d
3f
6d
9
3f
6d
3f
6d
1f
6d
6d
3f
6d
7b
79
2f
1f
9
7b
7e
1
9
2f
1e
7e
7e
69
3f
57
15
1c
38
26
1f
7e
1c
38
38
15
4f
1c
38
38
38
35
7a
58
38
14
7e
38
14
38
14
38
38
60
38
14
38
1c
38
14
38
14
30
1c
38
38
5c
38
38
38
14
38
38
1c
38
14
36
38
14
2c
14
38
2c
38
14
34
36
1d
26
38
3a
2b
4d
21
21
71
2f
49
4d
21
45
9
21
2b
22
22
1a
4d
23
1a
2a
48
2d
2
2c
22
68
2d
68
2a
1a
19
2c
68
2d
68
2c
22
68
22
28
22
68
22
2c
19
22
19
2c
2a
68
22
68
2c
22
68
19
19
2c
79
22
22
19
2c
9
2d
2b
9
2f
6d
2b
2f
9
6d
9
23
4
2f
2b
9
79
11
35
23
9
23
59
3d
15
23
9
11
38
35
79
69
2b
38
35
79
79
79
7e
4
79
79
15
4
15
79
24
15
4
15
79
24
15
4
79
15
24
79
11
79
35
79
79
69
15
79
7e
79
15
35
79
23
25
2
2f
23
23
21
23
0
11
23
26
11
58
21
2f
9
69
69
21
2f
9
21
9
69
9
69
21
9
26
11
22
38
22
68
2a
29
c
60
2
2a
6
29
29
79
28
2a
6
29
29
60
d
6
29
29
29
79
6
29
29
29
3d
9
29
29
29
29
37
29
29
29
29
37
e
15
29
29
e
e
68
68
6
e
2a
c
2b
37
6
c
c
6
35
6
c
3d
6
c
2b
60
d
22
2a
2d
28
61
21
1
9
9
51
23
1
2f
15
12
5a
21
2f
6f
48
5a
52
21
3f
1a
52
5a
58
4d
23
58
5a
52
52
27
58
12
5a
52
12
58
3a
52
52
30
7f
48
52
58
f
35
34
52
52
4e
35
34
7c
30
5a
35
67
24
44
30
33
35
33
30
24
34
35
34
44
24
34
35
34
44
24
34
35
34
44
24
34
35
34
44
24
34
35
34
44
24
44
35
34
44
e
44
24
34
44
24
36
34
35
7c
4e
36
1a
35
35
31
16
32
1a
32
52
13
32
32
32
1a
32
12
32
12
54
32
32
1a
12
56
74
5d
1a
32
54
55
56
3a
32
1c
74
55
55
5c
56
73
55
74
55
54
3e
55
74
55
55
5c
55
55
55
75
55
54
55
73
76
55
55
55
73
76
55
55
55
55
55
55
74
55
55
55
73
54
73
76
73
76
55
74
55
55
55
55
74
55
55
55
33
55
74
73
76
33
7
78
3e
14
38
12
28
34
30
38
3a
38
38
30
34
38
3c
3d
28
35
38
35
3c
38
7e
38
35
3c
7e
3c
32
3c
38
35
72
1a
37
10
2b
12
12
72
38
27
2a
2e
f
6
d
60
28
7
d
d
7d
2a
7
d
d
69
7
d
d
6
d
3e
3a
4
9
9
6
3e
29
60
9
29
3e
47
3e
35
3e
29
3e
7
35
3e
29
3e
7
3e
7
2
69
1
2f
3d
59
79
b
1
2f
79
60
68
b
1
35
0
40
2b
21
69
60
40
40
9
2f
0
40
40
40
23
69
40
40
40
78
0
40
40
40
40
40
40
40
40
40
40
40
40
40
40
40
40
41
40
40
41
31
4c
4e
30
30
41
41
61
40
41
60
41
42
6a
43
42
42
59
63
53
43
42
42
2
43
43
7f
42
42
7b
43
7f
67
42
42
7b
7f
67
67
42
42
7f
5f
67
33
42
67
7f
47
63
7f
67
7f
7f
33
7f
7f
7f
67
7f
67
7f
63
42
7f
71
15
60
71
15
7c
15
71
15
7c
24
71
24
64
15
60
71
7c
15
44
44
64
44
15
44
64
7c
71
44
15
7c
71
15
71
24
71
71
24
44
63
30
15
63
15
63
61
4d
1
63
65
6d
1
6d
1
63
2f
63
1
65
61
27
6e
45
31
61
35
46
15
7f
45
15
46
4c
66
e
4f
79
7
47
7
7
7
7
7
2e
7
7
33
79
7
4f
33
7
53
79
7
47
53
5a
48
f
7
53
5a
48
48
79
24
1e
48
48
48
5a
1a
1a
1b
41
49
49
49
4e
49
49
49
4e
49
4e
41
41
a
79
28
2e
1b
5b
51
79
2a
2e
5b
51
51
79
2a
3b
51
51
78
69
f
4f
f
4e
43
48
50
50
50
50
54
50
50
50
50
54
54
70
54
52
56
13
70
50
54
56
56
54
1c
54
54
54
54
54
55
19
52
70
5a
5a
5a
70
56
5a
70
5a
52
5a
5a
70
5a
70
56
5a
70
5a
16
53
5e
5a
53
1e
57
1e
16
5e
1e
57
1e
57
3e
7a
57
57
7e
1e
e
10
58
50
54
58
5c
58
54
50
1c
61
62
50
7d
3
5
62
71
48
5a
51
5b
4e
7b
50
51
5b
3b
43
5e
5a
51
5b
43
43
63
51
43
43
5e
43
4e
43
5e
43
5e
56
74
4b
43
52
5e
54
44
5c
74
5c
3c
4b
4b
44
7f
2b
1f
7
6c
7
1d
6c
1f
6c
7
7e
1d
6c
7e
5f
5e
35
7e
7e
55
5e
5f
55
35
5e
5f
5f
6f
67
43
5f
5f
78
5e
33
5f
5e
75
75
78
66
5e
5e
75
78
75
73
5f
78
75
78
34
5e
5e
78
75
78
75
9
45
1
71
72
9
3f
61
65
63
9
66
71
6a
1a
2c
45
7d
6a
48
6
f
7d
7d
79
2a
6f
7d
39
4c
7d
3f
19
2e
7d
7f
6b
39
7d
7d
7
7d
14
35
76
76
76
77
78
76
76
76
77
27
14
76
77
6
47
35
79
e
19
2a
17
6c
79
1
2b
2b
65
23
