d0
185
d0
1a5
d0
3a5
d0
3a5
48
105
d0
1a5
50
3a5
50
3a5
50
3a5
48
185
50
105
50
3a5
50
3a5
d0
3a5
48
185
50
105
50
3a5
50
3a5
d0
3a5
48
185
50
105
50
3a5
50
3a5
d0
3a5
48
185
50
105
50
3a5
50
3a5
d0
3a5
48
185
50
105
50
3a5
50
3a5
d0
3a5
48
185
50
105
50
3a5
50
3a5
d0
3a5
48
185
50
105
50
3a5
50
3a5
d0
3a5
48
185
50
105
50
3a5
50
3a5
d0
3a5
48
185
50
105
50
3a5
50
3a5
d0
3a5
48
185
50
105
50
3a5
50
3a5
d0
3a5
48
185
50
105
50
3a5
50
3a5
d0
3a5
48
185
50
105
50
3a5
50
3a5
d0
3a5
48
185
50
105
50
3a5
50
3a5
d0
3a5
48
185
50
105
50
3a5
50
3a5
d0
3a5
48
185
50
105
50
3a5
50
3a5
d0
3a5
48
185
50
105
50
3a5
50
3a5
d0
3a5
48
185
50
105
50
3a5
50
3a5
d0
3a5
48
185
50
105
50
3a5
50
3a5
d0
3a5
48
185
50
105
50
3a5
50
3a5
d0
3a5
48
185
50
105
50
3a5
50
3a5
d0
3a5
48
185
50
105
50
3a5
50
3a5
d0
3a5
48
185
50
105
50
3a5
50
3a5
d0
3a5
48
185
50
105
50
3a5
50
3a5
d0
3a5
48
185
50
105
50
3a5
50
3a5
