1000
184d
12a2
a9
8b
e4
138
b3
13f
ffffffbd
fffffe9e
1000
1908
130e
fffffd9a
fffffe5a
11
165
fffffebf
12e
48
ffffff35
1000
1741
fbf
fffff63a
fffffd63
25a
47e
fffff8cb
14d
489
4dc
1000
173f
fc8
fffff64d
fffffd79
260
487
fffff8da
162
494
4e0
1000
173f
fc8
fffff64d
fffffd79
260
486
fffff8d9
162
494
4e1
1000
173f
fc8
fffff64d
fffffd79
260
487
fffff8da
162
494
4e0
1000
173f
fc8
fffff64d
fffffd79
260
487
fffff8da
162
494
4e0
1000
173f
fc8
fffff64d
fffffd79
260
487
fffff8da
162
494
4e0
1000
173f
fc8
fffff64d
fffffd79
260
487
fffff8da
162
494
4e0
1000
173f
fc8
fffff64d
fffffd79
260
487
fffff8da
162
494
4e0
1000
173f
fc8
fffff64d
fffffd79
260
487
fffff8da
162
494
4e0
1000
173f
fc8
fffff64d
fffffd79
260
487
fffff8da
162
494
4e0
1000
173f
fc7
fffff64d
fffffd78
261
487
fffff8da
161
493
4e0
1000
173f
fc7
fffff64d
fffffd78
261
487
fffff8da
161
493
4e0
1000
173f
fc7
fffff64d
fffffd78
261
487
fffff8da
161
493
4e0
1000
173f
fc7
fffff64d
fffffd78
261
487
fffff8da
161
493
4e0
1000
173f
fc7
fffff64d
fffffd78
261
487
fffff8da
161
493
4e0
1000
173f
fc7
fffff64d
fffffd78
261
487
fffff8da
161
493
4e0
1000
173f
fc7
fffff64d
fffffd78
261
487
fffff8da
161
493
4e0
1000
173f
fc7
fffff64d
fffffd78
261
487
fffff8da
161
493
4e0
1000
173f
fc7
fffff64d
fffffd78
261
487
fffff8da
161
493
4e0
1000
173f
fc7
fffff64d
fffffd79
261
488
fffff8db
162
493
4e0
1000
173f
fc7
fffff64c
fffffd77
25f
486
fffff8d9
161
493
4e0
1000
173f
fc7
fffff64c
fffffd78
25f
486
fffff8d9
161
493
4e0
1000
173f
fc7
fffff64c
fffffd78
25f
486
fffff8d9
161
493
4e0
1000
173f
fc7
fffff64c
fffffd78
25f
486
fffff8d9
161
493
4e0
1000
173f
fc7
fffff64c
fffffd78
25f
486
fffff8d9
161
493
4e0
1000
173f
fc7
fffff64c
fffffd78
25f
486
fffff8d9
161
493
4e0
1000
173f
fc7
fffff64c
fffffd78
25f
486
fffff8d9
161
493
4e0
1000
173e
fc7
fffff64d
fffffd79
260
487
fffff8da
162
493
4e0
1000
173e
fc7
fffff64d
fffffd79
260
487
fffff8da
162
493
4e0
1000
173e
fc7
fffff64d
fffffd79
260
487
fffff8da
162
493
4e0
1000
173e
fc7
fffff64d
fffffd79
260
487
fffff8da
162
493
4e0
1000
173e
fc7
fffff64d
fffffd79
260
487
fffff8da
162
493
4e0
1000
173f
fc8
fffff64e
fffffd79
260
487
fffff8db
163
495
4e1
1000
173f
fc8
fffff64d
fffffd79
261
487
fffff8da
161
493
4e0
1000
173f
fc8
fffff64d
fffffd79
261
487
fffff8da
161
493
4e0
1000
173f
fc8
fffff64d
fffffd79
261
487
fffff8da
161
493
4e0
1000
173f
fc8
fffff64d
fffffd79
261
487
fffff8da
161
493
4e0
1000
173f
fc8
fffff64d
fffffd79
261
487
fffff8da
161
493
4e0
1000
173f
fc8
fffff64d
fffffd79
261
487
fffff8da
161
493
4e0
1000
173f
fc8
fffff64d
fffffd79
261
487
fffff8da
161
493
4e0
1000
173f
fc8
fffff64d
fffffd79
260
487
fffff8da
161
493
4e0
1000
173f
fc7
fffff64c
fffffd77
260
486
fffff8d9
160
492
4e0
1000
173e
fc5
fffff649
fffffd75
25d
484
fffff8d6
15d
490
4df
1000
173e
fc6
fffff64a
fffffd76
25e
485
fffff8d8
161
493
4e1
1000
173e
fc6
fffff64a
fffffd76
25e
485
fffff8d8
161
493
4e1
1000
173e
fc6
fffff64a
fffffd76
25e
485
fffff8d8
161
493
4e1
1000
173e
fc6
fffff64a
fffffd76
25e
485
fffff8d8
161
493
4e1
1000
173e
fc6
fffff64a
fffffd76
25e
485
fffff8d8
161
493
4e1
1000
173e
fc6
fffff64a
fffffd76
25e
485
fffff8d8
161
493
4e1
1000
173e
fc6
fffff64a
fffffd76
25e
485
fffff8d8
161
493
4e1
1000
173e
fc6
fffff64a
fffffd76
25e
485
fffff8d8
161
493
4e1
1000
173e
fc6
fffff64a
fffffd76
25e
485
fffff8d8
161
493
4e1
1000
173e
fc6
fffff64a
fffffd76
25e
485
fffff8d8
161
493
4e1
1000
173e
fc6
fffff64a
fffffd76
25e
485
fffff8d8
161
493
4e1
1000
173e
fc6
fffff64a
fffffd76
25e
485
fffff8d8
161
493
4e1
1000
173e
fc6
fffff64a
fffffd76
25e
485
fffff8d8
161
493
4e1
1000
173f
fc7
fffff64c
fffffd77
25f
486
fffff8da
161
493
4e0
1000
173f
fc7
fffff64c
fffffd77
25f
486
fffff8da
161
493
4e0
1000
173f
fc7
fffff64c
fffffd77
25f
486
fffff8da
161
493
4e0
1000
173f
fc7
fffff64c
fffffd77
25f
486
fffff8da
161
493
4e0
1000
173f
fc7
fffff64c
fffffd77
25f
486
fffff8da
161
493
4e0
1000
173f
fc7
fffff64c
fffffd77
25f
486
fffff8da
161
493
4e0
1000
173f
fc7
fffff64c
fffffd77
25f
486
fffff8da
161
493
4e0
1000
173e
fc7
fffff64b
fffffd77
25f
486
fffff8d9
160
492
4e0
1000
173f
fc7
fffff64c
fffffd78
261
488
fffff8da
161
493
4e0
1000
173f
fc7
fffff64c
fffffd77
260
487
fffff8da
160
492
4df
1000
173f
fc7
fffff64c
fffffd77
260
487
fffff8da
160
492
4df
1000
173f
fc7
fffff64c
fffffd77
260
487
fffff8da
160
492
4df
1000
173f
fc7
fffff64c
fffffd77
260
487
fffff8da
160
492
4df
1000
173f
fc7
fffff64c
fffffd77
260
487
fffff8da
160
492
4df
1000
173f
fc7
fffff64c
fffffd77
260
487
fffff8da
160
492
4df
1000
173e
fc7
fffff64c
fffffd77
25f
486
fffff8d9
161
492
4e0
1000
173e
fc7
fffff64c
fffffd77
25f
486
fffff8d9
161
492
4e0
1000
173e
fc7
fffff64c
fffffd77
25f
486
fffff8d9
161
492
4e0
1000
173e
fc7
fffff64c
fffffd77
25f
486
fffff8d9
161
492
4e0
1000
173e
fc7
fffff64c
fffffd77
25f
486
fffff8d9
161
492
4e0
1000
173e
fc7
fffff64c
fffffd77
25f
486
fffff8d9
161
492
4e0
1000
173e
fc7
fffff64c
fffffd77
25f
486
fffff8d9
161
492
4e0
1000
173e
fc7
fffff64c
fffffd77
25f
486
fffff8d9
161
492
4e0
1000
173e
fc7
fffff64c
fffffd77
25f
486
fffff8d9
161
492
4e0
1000
173e
fc7
fffff64c
fffffd77
25f
486
fffff8d9
161
492
4e0
1000
173e
fc7
fffff64c
fffffd77
25f
486
fffff8d9
161
492
4e0
1000
173e
fc7
fffff64c
fffffd77
25f
486
fffff8d9
161
492
4e0
1000
173e
fc7
fffff64c
fffffd77
25f
486
fffff8d9
161
492
4e0
1000
173e
fc7
fffff64c
fffffd77
25f
486
fffff8d9
161
492
4e0
1000
173f
fc7
fffff64c
fffffd77
25f
486
fffff8d9
160
492
4e0
1000
173f
fc7
fffff64c
fffffd78
260
486
fffff8d8
160
492
4e0
1000
173f
fc9
fffff64e
fffffd79
260
487
fffff8da
163
494
4e0
1000
1740
fca
fffff650
fffffd7b
262
488
fffff8dc
164
495
4e1
1000
1740
fca
fffff650
fffffd7b
262
488
fffff8dc
164
495
4e1
1000
1740
fca
fffff650
fffffd7b
262
488
fffff8dc
164
495
4e1
1000
1740
fca
fffff650
fffffd7b
262
488
fffff8dc
164
495
4e1
1000
1740
fca
fffff650
fffffd7b
262
488
fffff8dc
164
495
4e1
1000
1740
fca
fffff650
fffffd7b
261
488
fffff8dc
165
495
4e1
1000
173f
fc9
fffff64f
fffffd7b
261
489
fffff8dc
164
495
4e1
1000
173f
fc8
fffff64e
fffffd7a
261
487
fffff8da
162
494
4e1
1000
173f
fc9
fffff64f
fffffd7b
263
489
fffff8db
162
494
4e0
1000
173f
fc9
fffff64f
fffffd7b
263
489
fffff8db
162
494
4e0
1000
173f
fc9
fffff64f
fffffd7b
263
489
fffff8db
162
494
4e0
1000
173f
fc9
fffff64f
fffffd7b
263
489
fffff8db
162
494
4e0
1000
173f
fc9
fffff64f
fffffd7b
263
489
fffff8db
162
494
4e0
1000
173f
fc9
fffff64f
fffffd7b
263
489
fffff8db
162
494
4e0
1000
173f
fc8
fffff64e
fffffd7b
261
487
fffff8d9
162
494
4e0
1000
173e
fc7
fffff64c
fffffd79
260
486
fffff8d8
160
492
4e0
1000
173e
fc7
fffff64c
fffffd79
260
486
fffff8d8
160
492
4e0
1000
173e
fc7
fffff64c
fffffd79
260
486
fffff8d8
160
492
4e0
1000
173e
fc7
fffff64d
fffffd79
260
486
fffff8d9
161
493
4e0
1000
173f
fc7
fffff64c
fffffd79
260
486
fffff8d9
161
493
4e0
1000
173f
fc7
fffff64c
fffffd78
25f
485
fffff8d9
161
493
4e0
1000
173f
fc7
fffff64c
fffffd78
25f
485
fffff8d9
161
493
4e0
1000
173f
fc7
fffff64c
fffffd78
25f
485
fffff8d9
161
493
4e0
1000
173f
fc7
fffff64c
fffffd78
25f
485
fffff8d9
161
493
4e0
1000
173f
fc7
fffff64c
fffffd78
25f
485
fffff8d9
161
493
4e0
1000
173f
fc7
fffff64c
fffffd78
25f
485
fffff8d9
161
493
4e0
1000
173f
fc7
fffff64c
fffffd78
25f
485
fffff8d9
161
493
4e0
1000
173f
fc7
fffff64c
fffffd78
25f
485
fffff8d9
161
493
4e0
1000
173f
fc7
fffff64c
fffffd78
25f
485
fffff8d9
161
493
4e0
1000
173f
fc7
fffff64c
fffffd79
261
486
fffff8d7
161
495
4e1
1000
173f
fc8
fffff64e
fffffd7a
263
488
fffff8d9
162
495
4e1
1000
173f
fc8
fffff64e
fffffd7b
263
487
fffff8d8
162
495
4e2
1000
173f
fc8
fffff64e
fffffd7b
263
487
fffff8d8
162
495
4e2
1000
173f
fc8
fffff64e
fffffd7b
263
487
fffff8d8
162
495
4e2
1000
173f
fc8
fffff64e
fffffd7b
263
487
fffff8d8
162
495
4e2
1000
173f
fc8
fffff64e
fffffd7b
263
487
fffff8d8
162
495
4e2
1000
173f
fc8
fffff64e
fffffd7b
263
487
fffff8d8
162
495
4e2
1000
173f
fc7
fffff64d
fffffd7a
262
486
fffff8d7
160
494
4e1
