0
0
0
0
0
0
0
0
0
0
0
0
0
0
0
0
0
0
0
0
0
0
0
0
0
0
0
0
0
0
0
0
0
0
0
0
0
0
0
0
0
14fb
ffffeb30
874
ffffff1a
fffffbb9
2f7
fffffda0
ffffff1a
15d
fffffc27
1b7
45
fffffbc1
44c
fffffccb
fffffeca
3c6
fffffabe
2a6
a2
fffffba7
4d3
fffffced
ffffff01
40c
fffffaea
2db
d3
fffffbd1
4fd
fffffd14
ffffff24
42e
fffffb08
2f6
ed
fffffbe7
513
fffffd26
ffffff7d
38f
fffffbdf
28d
bf
fffffcbb
424
fffffdb5
ffffff68
36a
fffffc0e
272
c1
fffffcc0
41a
fffffdb5
ffffff64
364
fffffc09
26d
bd
fffffcb9
413
fffffdaf
ffffff5d
35d
fffffc05
265
b5
fffffcb6
40c
fffffda9
ffffff57
359
fffffbfe
260
b3
fffffcaf
409
fffffda5
ffffffa5
297
fffffcab
217
7b
fffffd50
34c
fffffe18
ffffff6c
2a3
fffffcdf
1c6
8d
fffffd76
303
fffffe3b
ffffff7c
27a
fffffcfa
1c8
7b
fffffd82
307
fffffe31
ffffff7f
280
fffffcf2
1ca
7f
fffffd7d
309
fffffe33
ffffff7c
282
fffffcf3
1ca
80
fffffd7c
30b
fffffe35
ffffff70
2a7
fffffcbe
1de
9b
fffffd83
2d9
fffffe5d
ffffff94
220
fffffd6f
191
41
fffffe13
27f
fffffe5e
ffffffce
1eb
fffffd79
1a8
35
fffffe0c
28d
fffffe5a
ffffffc4
1fa
fffffd72
1a2
40
fffffe04
28e
fffffe5f
ffffffc0
1fc
fffffd72
1a2
40
fffffe04
28e
fffffe5e
ffffff9c
259
fffffce8
19f
a8
fffffd8b
2a2
fffffea0
ffffff87
1d5
fffffdf8
137
33
fffffe97
1d7
fffffebe
fffffff8
151
fffffe21
154
3
fffffea0
1f0
fffffea7
fffffff3
16f
fffffe09
157
15
fffffe8b
1f9
fffffeaa
ffffffe9
175
fffffe08
155
15
fffffe8e
1f6
fffffeab
ffffff54
276
fffffd0f
121
102
fffffd45
2dd
fffffea0
ffffff3b
223
fffffdcd
13a
5d
fffffe64
1eb
fffffecc
ffffffe0
162
fffffe1e
149
f
fffffe9c
1ee
fffffea9
ffffffef
173
fffffe05
15b
16
fffffe87
1fe
fffffea8
ffffffe7
17a
fffffe03
157
18
fffffe88
1fd
fffffea5
fffffeb4
292
fffffd71
e8
11c
fffffd66
294
fffffed9
ffffff3b
219
fffffdce
12b
77
fffffe46
201
fffffed0
ffffffb9
192
fffffe06
13e
34
fffffe74
201
fffffeb4
ffffffd2
190
fffffdf7
152
2e
fffffe6d
20d
fffffeab
ffffffd4
193
fffffdf1
158
28
fffffe72
20b
fffffea9
fffffef9
200
fffffdc9
11c
ca
fffffdbe
27b
fffffeb9
ffffff61
20a
fffffdc8
129
7b
fffffe3b
202
fffffedf
ffffffa7
19a
fffffe0f
12e
40
fffffe76
1f3
fffffec3
ffffffcf
187
fffffe04
149
2c
fffffe76
202
fffffeb2
ffffffd7
18b
fffffdfb
150
28
fffffe77
205
fffffead
ffffff72
183
fffffe17
124
80
fffffe0a
245
fffffecc
ffffff75
1e6
fffffdeb
110
80
fffffe4b
1e7
fffffef8
ffffff9e
18f
fffffe28
118
46
fffffe81
1df
fffffed4
ffffffcc
17c
fffffe15
13d
2b
fffffe82
1f4
fffffeba
ffffffd9
180
fffffe07
14b
25
fffffe7f
1fd
fffffeb2
ffffffcf
15a
fffffe01
140
75
fffffe0c
241
fffffed7
ffffff6b
1e3
fffffdfa
102
83
fffffe55
1da
fffffefd
ffffffa4
182
fffffe30
119
3d
fffffe8b
1dc
fffffed0
ffffffd2
177
fffffe16
13e
2a
fffffe82
1f5
fffffeba
ffffffd8
182
fffffe05
14b
27
fffffe7d
1fe
fffffeb3
ffffff7f
17c
fffffe06
138
79
fffffe01
253
fffffec2
ffffff73
1ef
fffffde3
115
80
fffffe48
1ec
fffffef2
ffffffa2
18f
fffffe23
11f
41
fffffe82
1e3
fffffecd
ffffffcf
17e
fffffe10
142
2b
fffffe7e
1f9
fffffeb7
ffffffd8
184
fffffe03
14c
27
fffffe7a
200
fffffeb1
ffffff70
18a
fffffe0c
123
90
fffffdf9
24a
fffffed2
ffffff69
1ef
fffffde8
10f
82
fffffe49
1ea
fffffef5
ffffffa0
18f
fffffe26
11a
43
fffffe83
1df
fffffed2
ffffffce
17b
fffffe15
13d
2c
fffffe81
1f4
fffffebb
ffffffd7
181
fffffe08
147
28
fffffe7f
1f9
fffffeb7
ffffff59
199
fffffe10
10e
a7
fffffdec
249
fffffedd
ffffff5b
1f9
fffffde6
10b
8b
fffffe41
1ee
fffffef6
ffffff98
199
fffffe1e
11b
4c
fffffe77
1e7
fffffed2
ffffffc5
186
fffffe0d
13d
34
fffffe75
1fd
fffffeba
ffffffd0
18c
fffffdff
14a
2e
fffffe74
204
fffffeb1
ffffff2f
1be
fffffe10
ed
cf
fffffdd1
24d
fffffef0
ffffff42
20a
fffffde2
101
99
fffffe34
1f4
fffffefa
ffffff8f
1a3
fffffe19
11a
50
fffffe71
1eb
fffffed2
ffffffc2
18b
fffffe0b
13c
35
fffffe75
1fc
fffffebb
ffffffd0
18b
fffffe00
149
2d
fffffe76
200
fffffeb5
ffffff33
1be
fffffe0e
e7
dd
fffffdc6
254
fffffef2
ffffff3a
214
fffffdda
105
9c
fffffe2c
1fc
fffffef5
ffffff8e
1a9
fffffe11
11f
51
fffffe6b
1f4
fffffecc
ffffffc1
192
fffffe02
141
37
fffffe6e
204
fffffeb7
ffffffce
192
fffffdf7
14f
2d
fffffe70
20a
fffffeae
ffffff42
1cc
fffffe08
d5
ef
fffffdbd
249
ffffff0a
ffffff26
217
fffffde5
f6
a6
fffffe2c
1f6
fffffefb
ffffff8b
1a8
fffffe14
11b
54
fffffe6a
1f2
fffffecf
ffffffbf
191
fffffe05
13f
37
fffffe6f
202
fffffeba
ffffffcc
191
fffffdfc
14a
30
fffffe71
206
fffffeb2
ffffff19
1df
fffffe14
af
11d
fffffda3
251
ffffff19
ffffff09
233
fffffdd7
f4
b8
fffffe14
204
fffffefb
ffffff7f
1ba
fffffe06
11f
5c
fffffe5c
1ff
fffffecc
ffffffb7
1a0
fffffdf7
144
3e
fffffe61
20f
fffffeb4
ffffffc8
19e
fffffded
152
33
fffffe65
214
fffffea9
ffffff58
1a4
fffffe1f
ea
d1
fffffddb
245
fffffefd
ffffff39
207
fffffdee
f1
a1
fffffe3b
1df
ffffff0d
ffffff89
197
fffffe2f
108
55
fffffe7c
1d9
fffffee0
ffffffbe
184
fffffe18
130
3b
fffffe77
1f5
fffffec4
ffffffc9
18c
fffffe05
141
35
fffffe73
1fd
fffffebc
ffffff84
16b
fffffe2f
117
75
fffffe1d
230
fffffed4
ffffff7c
1d4
fffffdff
105
7d
fffffe5f
1cd
ffffff0a
ffffff9e
17b
fffffe44
105
44
fffffe96
1c5
fffffee4
ffffffcb
16f
fffffe27
12f
30
fffffe86
1e9
fffffec7
ffffffcf
183
fffffe0d
13f
32
fffffe79
1f7
fffffebf
ffffff61
185
fffffe2d
111
84
fffffe1a
231
fffffed5
ffffff7d
1d4
fffffdf9
10c
78
fffffe59
1db
fffffefd
ffffffa2
183
fffffe35
10f
46
fffffe8c
1d1
fffffede
ffffffc9
175
fffffe21
132
30
fffffe85
1eb
fffffec5
ffffffd2
17f
fffffe0f
13f
2e
fffffe7e
1f4
fffffebe
ffffff47
1b0
fffffe0b
116
93
fffffe02
23d
fffffed5
ffffff70
1e4
fffffdee
10e
80
fffffe4b
1e9
fffffef7
ffffff9c
194
fffffe23
118
4b
fffffe7a
1e3
fffffed5
ffffffc4
184
fffffe12
139
34
fffffe79
1f8
fffffebd
ffffffd0
18a
fffffe01
149
2d
fffffe75
201
fffffeb4
ffffff5d
1a0
fffffe0b
115
9e
fffffdf0
24d
fffffed8
ffffff62
1f4
fffffde3
110
87
fffffe41
1f2
fffffef2
ffffff9b
198
fffffe1d
11c
49
fffffe79
1e7
fffffed0
ffffffca
180
fffffe11
13e
2e
fffffe7f
1f6
fffffebc
ffffffd4
184
fffffe05
149
28
fffffe7d
1fc
fffffeb4
ffffff3a
1c0
fffffe04
104
b6
fffffde2
24a
fffffee1
ffffff5a
1f8
fffffde3
10f
89
fffffe3c
1f9
fffffeee
ffffff99
1a1
fffffe12
123
4c
fffffe6f
1f2
fffffecb
ffffffc5
18c
fffffe06
142
32
fffffe75
200
fffffeb7
ffffffd1
18e
fffffdfa
150
29
fffffe75
206
fffffeae
ffffff12
1d9
fffffe0a
ee
cb
fffffdda
245
fffffee8
ffffff55
1fa
fffffde1
113
86
fffffe3c
1fd
fffffee7
ffffff9d
1a2
fffffe0d
12a
48
fffffe6e
1f5
fffffec5
ffffffca
18a
fffffe04
147
2e
fffffe74
202
fffffeb2
ffffffd8
189
fffffdfa
154
24
fffffe77
206
fffffeaa
ffffff39
1cd
fffffe03
e4
e1
fffffdc4
253
fffffef4
ffffff38
214
fffffdd8
109
9c
fffffe27
203
fffffeec
ffffff92
1af
fffffe05
128
51
fffffe62
1fe
fffffec4
ffffffc4
196
fffffdf9
14a
33
fffffe6b
20a
fffffeaf
ffffffd4
192
fffffdf2
156
28
fffffe6e
20f
fffffea5
ffffff35
1de
fffffe0b
b8
112
fffffdaf
245
ffffff1f
ffffff0f
224
fffffde2
f3
b0
fffffe1c
200
fffffef5
ffffff88
1b6
fffffe01
129
53
fffffe5c
206
fffffebf
ffffffc1
19e
fffffdef
152
32
fffffe64
216
fffffea4
ffffffd7
197
fffffde7
161
23
fffffe6d
217
fffffe9c
ffffff20
1f1
fffffe12
91
13e
fffffd99
240
ffffff35
fffffeef
239
fffffde1
e5
c5
fffffe09
207
fffffefe
ffffff78
1c6
fffffdf9
124
61
fffffe4d
20e
fffffec3
ffffffb4
1ad
fffffde7
14e
3f
fffffe55
21d
fffffea9
ffffffca
1a5
fffffde1
15c
30
fffffe5f
21d
fffffea0
ffffff84
196
fffffe15
e5
d0
fffffde1
242
ffffff06
ffffff32
208
fffffdf0
f4
a3
fffffe32
1e8
ffffff02
ffffff8e
19f
fffffe1e
116
51
fffffe71
1ea
fffffed1
ffffffc3
18c
fffffe07
141
34
fffffe70
205
fffffeb1
ffffffd3
192
fffffdf3
155
29
fffffe6f
20e
fffffea6
ffffff7c
17c
fffffe27
114
84
fffffe18
231
fffffedc
ffffff78
1d5
fffffdfe
106
7a
fffffe5a
1d6
fffffefe
ffffffa3
182
fffffe35
112
42
fffffe8b
1d5
fffffed8
ffffffcd
177
fffffe1b
138
2e
fffffe80
1f2
fffffebd
ffffffd4
185
fffffe05
148
2b
fffffe78
1ff
fffffeb3
ffffff60
185
fffffe2e
10e
7f
fffffe20
22a
fffffed1
ffffff86
1cc
fffffdf8
117
6e
fffffe5b
1e2
fffffef1
ffffffab
185
fffffe2a
11c
3f
fffffe86
1dc
fffffed0
ffffffd2
177
fffffe15
141
27
fffffe82
1f7
fffffeb4
ffffffdd
181
fffffe00
153
21
fffffe7c
203
fffffea8
ffffff6d
190
fffffe14
11f
87
fffffe07
240
fffffed1
ffffff72
1e6
fffffdea
110
82
fffffe46
1ec
fffffef4
ffffff9d
194
fffffe21
11a
4a
fffffe79
1e5
fffffed1
ffffffc8
185
fffffe0d
13f
31
fffffe76
1fd
fffffeb7
ffffffd4
18b
fffffdfc
14f
29
fffffe74
207
fffffeab
ffffff5c
1a8
fffffe06
116
a0
fffffdee
24b
fffffed6
ffffff65
1f3
fffffde2
114
83
fffffe3f
1f7
fffffeea
ffffffa1
19a
fffffe14
129
42
fffffe75
1f1
fffffec5
ffffffcf
186
fffffe03
14c
27
fffffe78
204
fffffeaa
ffffffe0
186
fffffdf6
15c
1e
fffffe78
20b
fffffea2
ffffff50
1b4
fffffe03
108
b3
fffffde2
249
fffffee3
ffffff57
1fa
fffffde3
10e
8a
fffffe3a
1f8
fffffeee
ffffff99
1a2
fffffe10
125
4b
fffffe6c
1f5
fffffec8
ffffffc6
18e
fffffe01
147
30
fffffe70
206
fffffeb1
ffffffd5
18e
fffffdf7
154
28
fffffe72
20b
fffffea7
ffffff3d
1c1
fffffe09
f7
c1
fffffddd
249
fffffee7
ffffff52
1fe
fffffddf
112
89
fffffe36
200
fffffee5
ffffff9e
1a4
fffffe0a
12d
47
fffffe6a
1fb
fffffec0
ffffffcd
18c
fffffdfe
14e
2a
fffffe72
20a
fffffea8
ffffffde
18a
fffffdf3
15d
1e
fffffe76
20e
fffffe9f
ffffff17
1dc
fffffe07
de
e7
fffffdc2
24f
fffffef4
ffffff3d
211
fffffdd7
10c
97
fffffe29
205
fffffee9
ffffff94
1ae
fffffe04
12a
4f
fffffe63
1ff
fffffec3
ffffffc3
197
fffffdf9
14a
33
fffffe6a
20c
fffffeac
ffffffd4
193
fffffdf0
158
28
fffffe6d
20f
fffffea6
ffffff0d
1e9
fffffe0e
b3
114
fffffdb1
242
ffffff16
ffffff1a
220
fffffdde
fc
a7
fffffe1e
206
fffffeef
ffffff8b
1b7
fffffdfe
12c
52
fffffe5b
208
fffffebe
ffffffc2
19f
fffffdee
153
31
fffffe64
217
fffffea3
ffffffd8
197
fffffde7
162
22
fffffe6d
217
fffffe9b
fffffef4
200
fffffe14
87
14b
fffffd91
248
ffffff2f
fffffef1
23e
fffffdd9
ed
c1
fffffe06
20e
fffffef7
ffffff7b
1c8
fffffdf5
126
62
fffffe4b
211
fffffec0
ffffffb5
1ae
fffffde6
14e
40
fffffe55
21d
fffffea9
ffffffca
1a5
fffffde0
15e
2e
fffffe60
21e
fffffe9d
ffffff16
1cd
fffffe15
d5
e8
fffffdcd
245
fffffefd
ffffff38
20e
fffffde4
fd
9e
fffffe2e
1f4
fffffefc
ffffff8c
1a6
fffffe17
118
56
fffffe69
1f1
fffffed0
ffffffbe
194
fffffe00
144
36
fffffe6b
208
fffffeb2
ffffffd1
193
fffffdf2
157
27
fffffe6f
20f
fffffea4
ffffff4e
191
fffffe29
105
8e
fffffe11
234
fffffed7
ffffff78
1d9
fffffdf7
10b
7c
fffffe55
1dc
fffffefd
ffffffa0
187
fffffe32
10f
47
fffffe87
1d4
fffffeda
ffffffca
179
fffffe1a
137
31
fffffe7e
1f4
fffffebe
ffffffd1
187
fffffe03
147
2e
fffffe75
201
fffffeb4
ffffff61
186
fffffe2d
10b
86
fffffe1d
227
fffffeda
ffffff7f
1ce
fffffdfd
110
71
fffffe5d
1dc
fffffef5
ffffffab
182
fffffe2d
11c
3e
fffffe87
1dd
fffffecf
ffffffd3
177
fffffe15
141
27
fffffe82
1f7
fffffeb5
ffffffdd
180
fffffe02
151
21
fffffe7e
201
fffffea9
ffffff6f
191
fffffe16
11b
8b
fffffe09
23a
fffffed6
ffffff72
1e1
fffffdf1
10d
7e
fffffe4d
1e7
fffffef6
ffffff9e
192
fffffe23
11a
48
fffffe7b
1e4
fffffed0
ffffffca
182
fffffe0f
13e
30
fffffe79
1fa
fffffeb7
ffffffd6
188
fffffdfe
14f
28
fffffe75
206
fffffeac
ffffff46
1b2
fffffe06
111
a2
fffffdee
24a
fffffed6
ffffff67
1f2
fffffde1
115
82
fffffe3f
1f6
fffffeec
ffffff9f
19b
fffffe15
126
45
fffffe74
1f1
fffffec5
ffffffcf
185
fffffe06
149
28
fffffe7a
200
fffffeae
ffffffdf
184
fffffdfb
158
1e
fffffe7c
205
fffffea6
ffffff34
1bc
fffffe0a
100
b8
fffffddf
24c
fffffee0
ffffff58
1fd
fffffdde
111
8b
fffffe37
1fb
fffffeed
ffffff98
1a3
fffffe10
125
4a
fffffe6f
1f2
fffffec9
ffffffc8
18c
fffffe03
146
2f
fffffe75
201
fffffeb3
ffffffd5
18b
fffffdfa
152
27
fffffe74
208
fffffeaa
ffffff2e
1c4
fffffe11
ef
c9
fffffdd9
247
fffffeeb
ffffff50
1fe
fffffde2
10c
8f
fffffe34
1fc
fffffeee
ffffff96
1a4
fffffe11
122
51
fffffe6b
1f2
fffffece
ffffffc0
18f
fffffe05
140
37
fffffe70
201
fffffeb8
ffffffce
18f
fffffdfb
14c
30
fffffe71
204
fffffeb2
ffffff14
1d6
fffffe09
dd
e6
fffffdc7
24d
fffffef3
ffffff3e
20c
fffffddc
10c
96
fffffe2d
202
fffffeeb
ffffff93
1ab
fffffe08
127
51
fffffe65
1fc
fffffec5
ffffffc4
192
fffffdfd
147
35
fffffe6c
208
fffffeb0
ffffffd4
18e
fffffdf6
154
2a
fffffe72
20b
fffffea8
ffffff12
1ed
fffffe0e
b5
113
fffffdab
24f
ffffff13
ffffff15
224
fffffddb
fb
ae
fffffe1c
204
fffffef3
ffffff88
1b5
fffffe04
125
56
fffffe5e
201
fffffec4
ffffffbf
199
fffffdf9
149
36
fffffe6a
20c
fffffeae
ffffffd4
190
fffffdf3
157
27
fffffe73
20c
fffffea5
ffffff14
1ef
fffffe0a
9c
139
fffffd96
253
ffffff23
fffffef5
240
fffffdd3
f2
c2
fffffe05
20e
fffffef8
ffffff7a
1c5
fffffdf9
124
62
fffffe50
20a
fffffec5
ffffffb6
1a6
fffffdef
149
40
fffffe5b
215
fffffeae
ffffffca
19e
fffffdea
156
32
fffffe65
215
fffffea6
ffffff31
1b1
fffffe27
d8
d7
fffffddd
245
fffffef9
ffffff3e
207
fffffde4
100
9d
fffffe31
1f0
fffffefd
ffffff8c
1a1
fffffe1d
114
56
fffffe70
1e7
fffffed8
ffffffbd
18b
fffffe0c
13b
37
fffffe74
1fc
fffffebb
ffffffce
18d
fffffdfd
14b
2d
fffffe75
203
fffffeb0
ffffff61
18c
fffffe1d
114
87
fffffe0f
23b
fffffed3
ffffff77
1dc
fffffdf4
10c
7f
fffffe54
1d9
ffffff01
ffffff9d
184
fffffe36
10c
49
fffffe8a
1cf
fffffee0
ffffffc7
175
fffffe22
131
32
fffffe83
1eb
fffffec5
ffffffcf
182
fffffe0c
140
30
fffffe7b
1f7
fffffebc
ffffff54
181
fffffe3a
109
82
fffffe22
229
fffffed4
ffffff82
1ce
fffffdf9
113
72
fffffe5b
1de
fffffef6
ffffffa6
184
fffffe30
115
45
fffffe88
1d6
fffffed8
ffffffcd
174
fffffe1e
137
2c
fffffe87
1ed
fffffebf
ffffffd8
17b
fffffe0d
147
26
fffffe82
1f7
fffffeb5
ffffff5f
199
fffffe10
11d
8d
fffffe05
240
fffffed2
ffffff72
1e3
fffffdee
10f
82
fffffe49
1e8
fffffef8
ffffff9a
193
fffffe25
117
4c
fffffe7c
1e0
fffffed6
ffffffc5
180
fffffe16
138
33
fffffe7c
1f5
fffffebd
ffffffd2
185
fffffe04
148
2d
fffffe79
1fd
fffffeb6
ffffff24
1c2
fffffe09
104
ac
fffffdf0
244
fffffed8
ffffff69
1ec
fffffde6
114
81
fffffe44
1f3
fffffeec
ffffffa0
197
fffffe18
124
46
fffffe78
1eb
fffffeca
ffffffcc
181
fffffe0c
144
2b
fffffe7e
1f9
fffffeb5
ffffffda
180
fffffe02
151
22
fffffe80
1fe
fffffeac
ffffff51
1b3
fffffe08
104
b6
fffffde4
245
fffffee7
ffffff55
1f7
fffffde7
10b
8b
fffffe3e
1f3
fffffef1
ffffff98
19e
fffffe16
121
4c
fffffe72
1ed
fffffece
ffffffc4
189
fffffe0a
140
32
fffffe77
1fc
fffffeb8
ffffffd3
188
fffffdff
14d
29
fffffe78
201
fffffeb0
ffffff24
1cd
fffffe08
f0
cf
fffffdd7
246
fffffeed
ffffff4d
1fe
fffffde3
10d
8c
fffffe3a
1f9
fffffeec
ffffff9a
19f
fffffe11
127
49
fffffe71
1f2
fffffec8
ffffffc9
188
fffffe06
146
2d
fffffe79
1fe
fffffeb2
ffffffd9
185
fffffdfe
153
23
fffffe7c
202
fffffeaa
ffffff0a
1dd
fffffe0a
d9
ee
fffffdc1
24c
fffffef6
ffffff3b
210
fffffddc
109
97
fffffe2d
202
fffffeeb
ffffff94
1ac
fffffe09
127
50
fffffe66
1fa
fffffec8
ffffffc2
193
fffffe00
146
34
fffffe70
204
fffffeb4
ffffffd1
18f
fffffdfa
150
2a
fffffe75
205
fffffeae
ffffff1c
1eb
fffffe0e
b7
110
fffffdae
24c
ffffff16
ffffff15
222
fffffdde
f9
ad
fffffe1f
202
fffffef2
ffffff89
1b3
fffffe06
126
54
fffffe61
1ff
fffffec4
ffffffc1
197
fffffdfb
148
36
fffffe6b
20a
fffffeaf
ffffffd3
191
fffffdf5
156
27
fffffe74
20b
fffffea6
fffffee2
1fc
fffffe1b
8c
147
fffffd94
246
ffffff2c
fffffef7
23c
fffffdd9
ef
bf
fffffe0a
20e
fffffef7
ffffff7a
1c5
fffffdfb
123
62
fffffe51
208
fffffec7
ffffffb3
1a8
fffffdf0
148
40
fffffe5d
214
fffffeae
ffffffca
19f
fffffdeb
156
31
fffffe65
215
fffffea6
ffffff17
1bf
fffffe1d
cd
e8
fffffdd9
239
ffffff04
ffffff38
206
fffffdf1
f6
a0
fffffe34
1ea
ffffff05
ffffff87
1a3
fffffe21
10d
5d
fffffe6c
1e7
fffffedd
ffffffb4
193
fffffe0d
133
44
fffffe6a
1fd
fffffec4
ffffffc1
197
fffffdfe
142
3b
fffffe6a
205
fffffeb8
ffffff60
183
fffffe30
10e
87
fffffe19
230
fffffeda
ffffff79
1d6
fffffdfb
10a
7a
fffffe58
1d9
fffffefd
ffffffa1
183
fffffe35
111
45
fffffe8a
1d4
fffffed9
ffffffca
178
fffffe1c
138
2f
fffffe81
1f1
fffffebe
ffffffd2
186
fffffe06
147
2e
fffffe77
1ff
fffffeb4
ffffff49
194
fffffe2c
10a
85
fffffe21
228
fffffed2
ffffff85
1cb
fffffdfa
116
6d
fffffe5d
1e1
fffffef1
ffffffa8
187
fffffe29
11d
41
fffffe85
1de
fffffed1
ffffffcd
17c
fffffe15
13e
2c
fffffe81
1f5
fffffeb9
ffffffd7
183
fffffe04
14d
27
fffffe7b
201
fffffeae
ffffff54
190
fffffe24
115
86
fffffe12
23b
fffffecf
ffffff7a
1de
fffffded
115
7c
fffffe4a
1ed
fffffef1
ffffff9e
195
fffffe1f
11e
49
fffffe79
1e7
fffffed0
ffffffc7
185
fffffe0e
140
30
fffffe78
1fd
fffffeb6
ffffffd3
18b
fffffdfd
14f
2a
fffffe75
206
fffffeac
ffffff59
1a8
fffffe08
117
9c
fffffdf3
248
fffffed7
ffffff66
1f0
fffffde6
112
83
fffffe42
1f4
fffffeed
ffffff9f
199
fffffe18
124
45
fffffe77
1ee
fffffec8
ffffffcc
185
fffffe08
147
2b
fffffe79
201
fffffeb0
ffffffda
188
fffffdfa
156
23
fffffe78
208
fffffea7
ffffff30
1bb
fffffe0d
ff
bb
fffffdde
24d
fffffedf
ffffff57
1ff
fffffdde
110
8d
fffffe35
1fe
fffffeeb
ffffff98
1a5
fffffe0f
126
4d
fffffe6b
1f6
fffffec8
ffffffc5
18f
fffffe03
146
31
fffffe72
204
fffffeb1
ffffffd4
18f
fffffdf6
155
27
fffffe73
20a
fffffea9
ffffff3b
1b5
fffffe13
ee
cb
fffffddb
248
fffffeeb
ffffff4b
204
fffffde0
10e
90
fffffe34
1fc
fffffeec
ffffff96
1a6
fffffe0e
127
4d
fffffe6b
1f7
fffffec5
ffffffc6
18f
fffffe00
149
2f
fffffe72
205
fffffeae
ffffffd7
18c
fffffdf8
156
25
fffffe76
209
fffffea7
ffffff20
1d8
fffffe07
dc
e5
fffffdc8
24b
fffffef6
ffffff3c
20d
fffffddd
10b
95
fffffe2d
203
fffffee9
ffffff94
1ae
fffffe05
12b
4e
fffffe64
1ff
fffffec2
ffffffc4
196
fffffdf9
14c
32
fffffe6c
20c
fffffead
ffffffd3
194
fffffdf1
158
28
fffffe70
210
fffffea4
fffffefb
1eb
fffffe18
b1
115
fffffdb2
241
ffffff15
ffffff1d
21e
fffffdde
fe
a5
fffffe22
205
fffffeef
ffffff8a
1b7
fffffdff
12b
55
fffffe5b
207
fffffec0
ffffffbf
19e
fffffdf2
14e
36
fffffe64
212
fffffeab
ffffffd0
199
fffffdec
15a
2a
fffffe6c
215
fffffe9f
fffffef2
1ec
fffffe1a
93
143
fffffd99
245
ffffff28
fffffefa
23e
fffffdd7
f2
bb
fffffe0a
210
fffffef4
ffffff7b
1c7
fffffdf6
129
60
fffffe4e
20f
fffffec1
ffffffb4
1ad
fffffde8
14e
40
fffffe56
21e
fffffea7
ffffffca
1a5
fffffde1
15e
2f
fffffe60
21e
fffffe9d
ffffff14
1cc
fffffe16
d0
e4
fffffdd8
23f
fffffefd
ffffff3d
204
fffffded
fd
9b
fffffe36
1ec
ffffff00
ffffff89
1a5
fffffe1c
113
5a
fffffe6b
1eb
fffffed9
ffffffb6
194
fffffe0a
136
42
fffffe6a
200
fffffebf
ffffffc4
197
fffffdfa
147
37
fffffe6b
207
fffffeb5
ffffff72
176
fffffe33
10e
85
fffffe1b
234
fffffeda
ffffff78
1d8
fffffdfb
109
7b
fffffe59
1d5
ffffff00
ffffffa0
180
fffffe3b
10e
43
fffffe91
1cb
fffffede
ffffffce
16f
fffffe26
133
2c
fffffe8a
1e8
fffffec2
ffffffd6
17c
fffffe0f
142
2a
fffffe7f
1f6
fffffeba
ffffff59
188
fffffe2e
110
82
fffffe23
22d
fffffed0
ffffff87
1cb
fffffdfb
112
6f
fffffe5d
1dd
fffffef7
ffffffa6
185
fffffe2f
115
45
fffffe86
1d7
fffffedb
ffffffc8
17b
fffffe1b
134
32
fffffe80
1ef
fffffec3
ffffffd0
185
fffffe09
143
2e
fffffe79
1fb
fffffeb8
ffffff41
1b1
fffffe0e
113
8d
fffffe0c
239
fffffed3
ffffff7a
1dc
fffffdef
115
78
fffffe4e
1ec
fffffef0
ffffffa2
193
fffffe20
11d
47
fffffe7b
1e6
fffffed1
ffffffc9
183
fffffe0f
13e
2f
fffffe7b
1fa
fffffeb8
ffffffd6
187
fffffe00
14d
27
fffffe7a
202
fffffeae
ffffff35
1a6
fffffe1c
109
a0
fffffdf5
24f
fffffed0
ffffff69
1f7
fffffdda
119
84
fffffe3a
1fc
fffffeea
ffffff9d
19f
fffffe12
127
45
fffffe73
1f2
fffffec6
ffffffcd
188
fffffe04
14a
28
fffffe78
205
fffffeab
ffffffdf
186
fffffdf8
15a
1d
fffffe7a
20a
fffffea3
ffffff13
1cf
fffffe08
fa
bf
fffffddf
24a
fffffede
ffffff5d
1f9
fffffddf
114
85
fffffe3c
1fc
fffffee9
ffffff9d
1a2
fffffe0e
128
48
fffffe6e
1f6
fffffec6
ffffffc9
18b
fffffe04
147
2d
fffffe76
202
fffffeb2
ffffffd8
189
fffffdfb
153
24
fffffe79
206
fffffeaa
ffffff24
1c7
fffffe0d
f1
ca
fffffdd6
24d
fffffee6
ffffff50
204
fffffdda
113
8b
fffffe34
202
fffffee6
ffffff9b
1a7
fffffe08
12c
48
fffffe6a
1fc
fffffec1
ffffffca
190
fffffdfc
14e
29
fffffe73
20a
fffffea9
ffffffdd
18b
fffffdf3
15e
1c
fffffe78
20e
fffffe9f
ffffff30
1c7
fffffe0c
de
dd
fffffdd0
24d
fffffef3
ffffff3f
20d
fffffddb
10d
93
fffffe2e
203
fffffee9
ffffff96
1ab
fffffe07
129
4c
fffffe68
1fc
fffffec4
ffffffc7
191
fffffdfe
149
2f
fffffe71
207
fffffeaf
ffffffd6
18f
fffffdf5
156
25
fffffe74
20b
fffffea7
ffffff17
1e1
fffffe11
ba
111
fffffdb3
243
ffffff16
ffffff1c
220
fffffdde
fb
a6
fffffe21
205
fffffeef
ffffff8c
1b6
fffffdff
12b
52
fffffe5c
208
fffffebd
ffffffc3
19d
fffffdf0
152
31
fffffe65
218
fffffea3
ffffffd7
199
fffffde5
163
21
fffffe6d
21a
fffffe99
ffffff31
1e9
fffffe12
9d
12f
fffffd9b
246
ffffff32
fffffef6
235
fffffde1
e8
c0
fffffe12
204
fffffefb
ffffff7e
1c0
fffffdfe
124
5c
fffffe55
20a
fffffec3
ffffffb9
1a5
fffffdee
14d
3a
fffffe5e
217
fffffeab
ffffffcd
19f
fffffde7
15b
2c
fffffe66
218
fffffea1
ffffff52
1a3
fffffe1e
d5
d5
fffffde6
243
ffffff01
ffffff38
208
fffffdec
fa
9f
fffffe32
1ec
ffffff00
ffffff8c
1a2
fffffe1c
116
52
fffffe70
1ed
fffffed2
ffffffc1
18e
fffffe06
140
36
fffffe6e
206
fffffeb3
ffffffd2
192
fffffdf4
154
29
fffffe6f
20e
fffffea6
ffffff6d
17c
fffffe2c
113
83
fffffe1c
235
fffffed6
ffffff7d
1d6
fffffdf7
10d
77
fffffe58
1da
fffffefd
ffffffa2
183
fffffe36
10f
44
fffffe8d
1d1
fffffedd
ffffffcb
175
fffffe1f
135
2d
fffffe84
1ef
fffffec0
ffffffd5
182
fffffe09
145
2a
fffffe7d
1fa
fffffeb7
ffffff3b
19c
fffffe2b
103
87
fffffe1f
226
fffffed3
ffffff87
1c9
fffffdfb
117
6b
fffffe5d
1e4
fffffeef
ffffffab
188
fffffe26
11f
3e
fffffe85
1e0
fffffecf
ffffffd1
17a
fffffe14
141
27
fffffe83
1f7
fffffeb5
ffffffdc
181
fffffe02
151
21
fffffe7e
203
fffffea9
ffffff4d
19b
fffffe1a
115
8a
fffffe0a
23f
fffffed1
ffffff76
1e2
fffffdec
112
7e
fffffe49
1ec
fffffef5
ffffff9d
194
fffffe23
118
49
fffffe7c
1e3
fffffed3
ffffffc9
181
fffffe12
13c
2e
fffffe7d
1f8
fffffeb9
ffffffd6
186
fffffe02
14c
27
fffffe7a
201
fffffeb0
ffffff41
1a5
fffffe13
10c
a1
fffffdf1
24e
fffffed4
ffffff65
1f7
fffffdde
115
85
fffffe3b
1fa
fffffeeb
ffffff9d
19e
fffffe14
125
46
fffffe74
1f1
fffffec6
ffffffce
186
fffffe06
149
28
fffffe79
204
fffffeac
ffffffdf
186
fffffdf8
15a
1e
fffffe79
20c
fffffea1
ffffff13
1d1
fffffe0a
f7
be
fffffde1
246
fffffee1
ffffff5d
1f7
fffffde1
114
83
fffffe3e
1fc
fffffee8
ffffff9e
1a0
fffffe0f
128
48
fffffe70
1f4
fffffec7
ffffffca
18a
fffffe05
145
2e
fffffe76
202
fffffeb2
ffffffd8
189
fffffdfb
153
24
fffffe78
207
fffffea9
ffffff33
1c5
fffffe0a
f2
ce
fffffdd5
249
fffffeed
ffffff4a
205
fffffde0
10b
8f
fffffe36
1fc
fffffeec
ffffff9a
1a3
fffffe0f
128
47
fffffe6f
1f6
fffffec4
ffffffcc
18b
fffffe01
14a
2b
fffffe74
206
fffffeac
ffffffdb
18a
fffffdf7
158
20
fffffe79
20a
fffffea3
ffffff0b
1de
fffffe09
d8
eb
fffffdc3
250
fffffef5
ffffff3b
212
fffffdd8
10b
98
fffffe29
205
fffffeeb
ffffff92
1ae
fffffe08
126
50
fffffe66
1fb
fffffec8
ffffffc2
194
fffffdff
144
34
fffffe6e
206
fffffeb4
ffffffd1
190
fffffdf8
151
29
fffffe73
208
fffffead
ffffff23
1e5
fffffe12
bb
10b
fffffdad
247
ffffff19
ffffff17
222
fffffddf
f6
ad
fffffe1e
202
fffffef4
ffffff88
1b8
fffffe01
127
57
fffffe59
207
fffffec2
ffffffbe
1a0
fffffdf1
14d
37
fffffe60
215
fffffeaa
ffffffd1
19b
fffffde9
15c
28
fffffe68
217
fffffea0
ffffff2b
1dd
fffffe17
93
139
fffffda0
24a
ffffff2b
fffffef4
23c
fffffddc
ed
c0
fffffe06
20c
fffffef7
ffffff7e
1c4
fffffdf8
127
5e
fffffe50
20e
fffffebe
ffffffbc
1a7
fffffde9
152
39
fffffe58
21e
fffffea3
ffffffd3
19e
fffffde2
162
27
fffffe64
21e
fffffe99
ffffff1f
1b8
fffffe26
d3
de
fffffddf
240
fffffefa
ffffff3f
207
fffffde8
100
9b
fffffe30
1f3
fffffefb
ffffff8a
1a7
fffffe17
117
58
fffffe6b
1ed
fffffed5
ffffffbc
190
fffffe08
13b
3c
fffffe6d
201
fffffeba
ffffffcb
192
fffffdfa
14c
31
fffffe6d
209
fffffeaf
ffffff61
185
fffffe2e
10b
8d
fffffe17
22f
fffffedd
ffffff76
1d4
fffffdfd
107
7a
fffffe5c
1d3
ffffff01
ffffffa3
17d
fffffe3b
10e
44
fffffe8f
1ce
fffffede
ffffffcc
171
fffffe23
134
2d
fffffe88
1ea
fffffec1
ffffffd6
17c
fffffe0d
145
29
fffffe80
1f6
fffffeb8
ffffff5d
18f
fffffe29
105
93
fffffe18
225
fffffee1
ffffff79
1cc
fffffe03
109
75
fffffe5f
1d6
fffffefb
ffffffa7
180
fffffe34
114
43
fffffe89
1d6
fffffed8
ffffffcc
176
fffffe1c
138
2d
fffffe83
1ef
fffffebf
ffffffd6
17e
fffffe0a
147
29
fffffe7e
1f9
fffffeb6
ffffff79
192
fffffe0b
122
87
fffffe09
23a
fffffed6
ffffff73
1dd
fffffdf4
10d
7d
fffffe50
1e5
fffffef4
ffffffa3
18b
fffffe27
11b
43
fffffe83
1de
fffffed1
ffffffd0
178
fffffe15
140
28
fffffe84
1f4
fffffeb6
ffffffde
17c
fffffe05
151
20
fffffe82
1fd
fffffeac
ffffff55
1a5
fffffe06
114
a4
fffffde8
250
fffffed8
ffffff5e
1f9
fffffde1
10f
89
fffffe3e
1f3
fffffef1
ffffff9a
19a
fffffe1a
120
47
fffffe78
1ea
fffffecb
ffffffcc
182
fffffe0c
143
2c
fffffe7b
1fc
fffffeb4
ffffffda
184
fffffe00
151
22
fffffe7e
201
fffffeab
ffffff29
1c2
fffffe07
ff
ba
fffffde0
24c
fffffedd
ffffff5c
1f9
fffffddf
113
88
fffffe3a
1fb
fffffeea
ffffff9d
19f
fffffe10
128
47
fffffe71
1f3
fffffec6
ffffffcc
186
fffffe07
147
2a
fffffe7b
1fe
fffffeb0
ffffffde
182
fffffdfd
157
1e
fffffe7e
203
fffffea7
ffffff2a
1c4
fffffe0e
f3
c8
fffffddc
249
fffffee5
ffffff54
1fd
fffffde0
111
8b
fffffe36
1ff
fffffee7
ffffff9c
1a3
fffffe0d
128
4b
fffffe6d
1f5
fffffec6
ffffffc9
18b
fffffe03
148
2e
fffffe75
203
fffffeaf
ffffffda
188
fffffdfa
155
23
fffffe79
205
fffffea9
ffffff23
1d0
fffffe0a
e3
e3
fffffdc4
24e
fffffef4
ffffff3d
20f
fffffdd9
10c
94
fffffe2e
202
fffffee9
ffffff97
1a8
fffffe08
12c
49
fffffe6c
1f9
fffffec2
ffffffca
18d
fffffdff
14b
2c
fffffe76
203
fffffead
ffffffdd
186
fffffdf9
158
1f
fffffe7c
206
fffffea5
ffffff19
1de
fffffe0f
b6
113
fffffdb4
243
ffffff15
ffffff18
221
fffffddf
fa
aa
fffffe1f
203
fffffef2
ffffff8a
1b4
fffffe02
127
55
fffffe5e
201
fffffec4
ffffffc0
19a
fffffdf6
14b
35
fffffe67
20f
fffffeac
ffffffd3
194
fffffdf0
159
27
fffffe70
20f
fffffea4
ffffff46
1d4
fffffe0f
9a
13c
fffffda2
246
ffffff34
fffffeea
23e
fffffde2
e5
c5
fffffe0a
203
fffffeff
ffffff7b
1bf
fffffdfe
123
5d
fffffe56
209
fffffec1
ffffffbc
1a1
fffffdf0
14f
36
fffffe62
214
fffffeaa
ffffffd1
198
fffffdea
15d
27
fffffe6c
215
fffffe9e
ffffff6f
19a
fffffe17
e7
d1
fffffddd
242
ffffff04
ffffff36
207
fffffdf0
f4
a2
fffffe35
1e7
ffffff03
ffffff8c
19d
fffffe23
111
54
fffffe73
1e6
fffffed5
ffffffc2
187
fffffe0f
13a
38
fffffe72
1fe
fffffeba
ffffffcf
18d
fffffdfe
14b
2e
fffffe72
206
fffffeb0
ffffff56
188
fffffe31
107
88
fffffe1a
22e
fffffed7
ffffff7d
1d1
fffffdfa
10e
76
fffffe5c
1d8
fffffefc
ffffffa5
17f
fffffe35
114
40
fffffe8f
1d1
fffffed8
ffffffd1
170
fffffe20
139
29
fffffe8a
1eb
fffffebd
ffffffdb
179
fffffe0d
149
23
fffffe84
1f6
fffffeb4
ffffff8f
16b
fffffe2a
120
7d
fffffe1d
232
fffffed8
ffffff79
1d5
fffffdfb
109
7a
fffffe59
1d7
fffffefe
ffffffa2
182
fffffe34
113
43
fffffe8c
1d3
fffffed8
ffffffce
173
fffffe1e
138
2b
fffffe86
1ed
fffffebe
ffffffd7
17d
fffffe0b
147
28
fffffe7f
1f8
fffffeb4
ffffff54
19e
fffffe11
116
92
fffffe04
23d
fffffed6
ffffff71
1e2
fffffdf0
10d
81
fffffe4b
1e7
fffffef6
ffffff9f
18f
fffffe24
11b
45
fffffe81
1df
fffffed1
ffffffce
17a
fffffe14
13e
2a
fffffe83
1f4
fffffeb6
ffffffde
17c
fffffe05
14f
21
fffffe80
1fd
fffffead
ffffff42
1af
fffffe09
111
a0
fffffdf1
24c
fffffed2
ffffff68
1f2
fffffde0
117
82
fffffe3f
1f7
fffffeeb
ffffff9f
19a
fffffe17
123
47
fffffe76
1ec
fffffeca
ffffffcb
184
fffffe0b
143
2b
fffffe7c
1fd
fffffeb2
ffffffdb
184
fffffdff
152
22
fffffe7d
202
fffffeaa
ffffff4c
1a7
fffffe10
104
b1
fffffde8
24a
fffffee0
ffffff58
1fb
fffffde0
111
8a
fffffe3a
1f9
fffffeec
ffffff9d
19d
fffffe13
127
46
fffffe74
1f0
fffffec6
ffffffcd
185
fffffe07
149
28
fffffe7c
1fe
fffffeb0
ffffffdf
181
fffffdfe
156
1d
fffffe80
201
fffffea8
ffffff35
1c3
fffffe07
fa
c4
fffffdda
24a
fffffee5
ffffff54
1fe
fffffddf
112
8a
fffffe37
1fe
fffffee8
ffffff9b
1a3
fffffe0d
129
49
fffffe6e
1f5
fffffec6
ffffffc9
18b
fffffe04
147
2e
fffffe75
202
fffffeb1
ffffffd8
189
fffffdfa
155
24
fffffe78
206
fffffea9
ffffff3a
1c9
fffffe01
e6
e4
fffffdc7
24c
fffffef7
ffffff39
20f
fffffdde
107
97
fffffe2f
1ff
fffffeea
ffffff99
1a4
fffffe0b
12b
48
fffffe6d
1f8
fffffec1
ffffffcb
18b
fffffe00
14b
2c
fffffe75
204
fffffead
ffffffdb
187
fffffdf8
159
1f
fffffe7b
207
fffffea4
ffffff16
1d3
fffffe16
b2
112
fffffdbb
243
ffffff12
ffffff1c
21e
fffffde0
fd
a7
fffffe1f
203
fffffef2
ffffff8a
1b5
fffffe01
128
55
fffffe5e
202
fffffec3
ffffffc0
19a
fffffdf6
14b
35
fffffe68
20d
fffffead
ffffffd3
194
fffffdef
15a
26
fffffe70
210
fffffea2
fffffed2
205
fffffe19
8f
142
fffffd92
246
ffffff2a
fffffeff
238
fffffdd5
f5
b8
fffffe0e
210
fffffeef
ffffff82
1c0
fffffdf7
12c
59
fffffe53
20d
fffffebe
ffffffbd
1a3
fffffdec
152
35
fffffe60
219
fffffea5
ffffffd4
199
fffffde7
160
24
fffffe6d
215
fffffe9d
ffffff08
1ca
fffffe18
cb
ea
fffffdd6
23e
fffffefd
ffffff3d
204
fffffdec
fe
9a
fffffe34
1ef
fffffefd
ffffff8e
1a1
fffffe1b
117
54
fffffe6e
1ec
fffffed3
ffffffbf
18d
fffffe09
13d
38
fffffe71
1ff
fffffeba
ffffffce
18f
fffffdfc
14c
2e
fffffe72
206
fffffeb0
ffffff72
180
fffffe20
118
8e
fffffe0f
23c
fffffedc
ffffff72
1dd
fffffdfa
105
80
fffffe56
1d5
ffffff01
ffffffa1
17e
fffffe3a
10e
41
fffffe93
1cc
fffffedc
ffffffd1
16d
fffffe22
138
27
fffffe8b
1ea
fffffebe
ffffffdb
179
fffffe0d
148
24
fffffe84
1f7
fffffeb3
ffffff3b
18b
fffffe32
102
88
fffffe1e
22b
fffffed3
ffffff83
1cf
fffffdf9
113
74
fffffe58
1df
fffffef7
ffffffa4
186
fffffe2e
115
46
fffffe86
1d6
fffffed9
ffffffcb
177
fffffe1d
137
2e
fffffe84
1ee
fffffebf
ffffffd6
17f
fffffe09
148
29
fffffe7d
1fa
fffffeb5
ffffff56
193
fffffe1b
11b
86
fffffe0d
23e
fffffecd
ffffff79
1e0
fffffdea
115
7c
fffffe4b
1eb
fffffef2
ffffffa0
191
fffffe22
11b
48
fffffe7d
1e2
fffffed0
ffffffcd
17b
fffffe14
13f
2a
fffffe82
1f5
fffffeb6
ffffffdd
17e
fffffe04
150
21
fffffe80
1fe
fffffeab
ffffff56
1a9
fffffe04
116
a5
fffffde9
250
fffffed8
ffffff5e
1f9
fffffde1
110
89
fffffe3c
1f5
fffffef0
ffffff9a
19b
fffffe19
121
48
fffffe76
1ec
fffffecb
ffffffcc
182
fffffe0d
142
2c
fffffe7b
1fc
fffffeb4
ffffffda
184
fffffdff
152
22
fffffe7c
203
fffffea9
ffffff2b
1c9
fffffdfd
104
bd
fffffddd
24b
fffffee1
ffffff58
1fb
fffffde1
111
89
fffffe3b
1fa
fffffeeb
ffffff9d
19e
fffffe11
128
46
fffffe72
1f2
fffffec5
ffffffce
185
fffffe06
149
29
fffffe7b
1ff
fffffeaf
ffffffde
182
fffffdfd
156
1e
fffffe7f
202
fffffea8
ffffff5a
1ae
fffffe09
fc
c5
fffffdd7
24e
fffffeea
ffffff49
205
fffffde0
10a
93
fffffe33
1fb
fffffeee
ffffff97
1a3
fffffe10
125
4b
fffffe6e
1f4
fffffec7
ffffffc8
18c
fffffe03
148
2e
fffffe76
201
fffffeb1
ffffffd9
187
fffffdfc
154
24
fffffe78
206
fffffea9
ffffff48
1c0
fffffe03
ea
dd
fffffdcc
24e
fffffef4
ffffff3d
20d
fffffdde
108
97
fffffe2e
1ff
fffffeea
ffffff99
1a5
fffffe0b
12a
49
fffffe6c
1f8
fffffec3
ffffffca
18c
fffffe00
14c
2a
fffffe77
204
fffffeac
ffffffdd
187
fffffdf7
15a
1e
fffffe7c
206
fffffea3
ffffff1e
1d6
fffffe0e
bc
116
fffffdaf
23e
ffffff1d
ffffff15
222
fffffde5
f0
af
fffffe21
1fd
fffffef9
ffffff86
1b1
fffffe0a
120
58
fffffe61
1fb
fffffec9
ffffffbe
197
fffffdfc
146
36
fffffe6c
207
fffffeb2
ffffffd1
191
fffffdf8
152
2a
fffffe72
209
fffffeaa
ffffff5b
1c5
fffffe12
a1
131
fffffda8
246
ffffff2f
fffffeed
23f
fffffde1
e5
c7
fffffe07
204
ffffff01
ffffff77
1c5
fffffdfd
120
62
fffffe52
209
fffffec5
ffffffb5
1a9
fffffdee
14b
3e
fffffe5a
218
fffffeac
ffffffca
1a2
fffffde7
159
30
fffffe62
219
fffffea3
ffffff65
1a1
fffffe11
e7
d0
fffffde5
243
fffffeff
ffffff3b
206
fffffdf0
f9
9f
fffffe35
1e8
ffffff01
ffffff8d
19e
fffffe21
114
53
fffffe73
1e7
fffffed5
ffffffc1
18a
fffffe0d
13c
36
fffffe74
1fc
fffffebb
ffffffce
18e
fffffdfe
14c
2d
fffffe74
204
fffffeb0
ffffff73
17d
fffffe1f
118
82
fffffe15
238
fffffed4
ffffff79
1da
fffffdf9
10b
7c
fffffe56
1d9
fffffeff
ffffff9f
184
fffffe36
110
45
fffffe8b
1d2
fffffedb
ffffffcb
177
fffffe1f
135
2f
fffffe84
1ed
fffffec1
ffffffd4
181
fffffe0b
145
2b
fffffe7b
1fb
fffffeb6
ffffff66
17c
fffffe36
10e
7e
fffffe25
229
fffffed5
ffffff83
1cd
fffffdfc
110
71
fffffe5d
1db
fffffef7
ffffffa6
184
fffffe30
116
42
fffffe8a
1d6
fffffed6
ffffffcf
174
fffffe1d
139
2b
fffffe86
1ee
fffffebd
ffffffd9
17d
fffffe0c
148
25
fffffe81
1f9
fffffeb3
ffffff78
194
fffffe08
128
86
fffffe06
242
fffffed3
ffffff70
1e6
fffffdee
10d
83
fffffe48
1e8
fffffef8
ffffff9a
194
fffffe25
118
4a
fffffe7c
1e2
fffffed4
ffffffc7
182
fffffe12
13c
31
fffffe7b
1f8
fffffeba
ffffffd3
188
fffffe02
14b
2b
fffffe77
201
fffffeb2
ffffff48
1a6
fffffe0f
10f
a3
fffffdf1
24c
fffffed4
ffffff66
1f4
fffffde2
113
84
fffffe3f
1f4
fffffeef
ffffff9d
199
fffffe1a
121
46
fffffe79
1e9
fffffecb
ffffffcc
183
fffffe0c
143
2c
fffffe7c
1fb
fffffeb5
ffffffd9
184
fffffe01
151
22
fffffe7e
200
fffffeac
ffffff3e
1ba
fffffe06
105
b4
fffffde5
24b
fffffede
ffffff59
1fc
fffffde0
112
89
fffffe39
1fb
fffffeeb
ffffff99
1a4
fffffe10
125
4c
fffffe6d
1f4
fffffec9
ffffffc6
18e
fffffe04
145
31
fffffe73
202
fffffeb4
ffffffd3
18d
fffffdfb
150
2a
fffffe74
207
fffffeac
ffffff39
1be
fffffe0a
f7
c6
fffffdd7
24e
fffffee7
ffffff4d
205
fffffddf
10d
90
fffffe35
1fa
fffffeed
ffffff99
1a2
fffffe11
126
4a
fffffe6f
1f3
fffffec7
ffffffc9
18b
fffffe04
148
2c
fffffe77
201
fffffeb0
ffffffd9
189
fffffdfc
153
24
fffffe7a
204
fffffeaa
ffffff21
1cb
fffffe08
e1
ea
fffffdc6
24e
fffffef4
ffffff38
215
fffffdda
108
9b
fffffe27
202
fffffeee
ffffff90
1ae
fffffe08
127
50
fffffe65
1fc
fffffec5
ffffffc3
195
fffffdfe
147
34
fffffe6c
209
fffffeb0
ffffffd2
192
fffffdf5
155
28
fffffe72
20a
fffffea9
ffffff3c
1ce
fffffe08
c0
110
fffffdb6
244
ffffff16
ffffff15
224
fffffde3
f5
ad
fffffe1f
1ff
fffffef7
ffffff87
1b3
fffffe07
124
55
fffffe61
1fe
fffffec6
ffffffc0
199
fffffdf9
149
34
fffffe6b
20b
fffffeae
ffffffd3
193
fffffdf3
157
26
fffffe73
20c
fffffea5
ffffff3c
1d8
fffffe0e
9e
130
fffffda1
24b
ffffff2b
fffffef2
23e
fffffddd
ec
c2
fffffe08
209
fffffefb
ffffff79
1c5
fffffdfb
123
60
fffffe52
20a
fffffec4
ffffffb6
1a9
fffffded
14c
3e
fffffe5a
218
fffffeab
ffffffcb
1a1
fffffde6
15a
2e
fffffe65
217
fffffea2
ffffff48
1a7
fffffe16
df
dd
fffffddd
245
fffffeff
ffffff37
20c
fffffdec
f9
a1
fffffe31
1ea
ffffff03
ffffff8a
1a1
fffffe21
111
56
fffffe71
1e7
fffffed7
ffffffbe
18c
fffffe0d
13a
39
fffffe72
1fd
fffffebc
ffffffcd
18e
fffffdfe
14b
2e
fffffe73
205
fffffeb0
ffffff72
17d
fffffe27
115
82
fffffe17
239
fffffed5
ffffff78
1dc
fffffdf6
10b
7d
fffffe55
1d9
fffffeff
ffffff9e
186
fffffe36
10f
47
fffffe8a
1d1
fffffedd
ffffffca
176
fffffe20
134
2f
fffffe83
1ee
fffffec1
ffffffd2
183
fffffe0a
145
2c
fffffe7b
1fa
fffffeb8
ffffff86
167
fffffe35
115
7d
fffffe1f
22d
fffffed9
ffffff7b
1d4
fffffdfd
109
79
fffffe5b
1d7
fffffefe
ffffffa3
182
fffffe36
111
44
fffffe8c
1d1
fffffedb
ffffffcd
174
fffffe20
136
2c
fffffe86
1ed
fffffebf
ffffffd7
17e
fffffe0c
146
28
fffffe80
1f8
fffffeb7
ffffff76
180
fffffe1e
11e
87
fffffe08
240
fffffed4
ffffff6f
1e7
fffffdee
10c
81
fffffe4b
1e7
fffffef9
ffffff9d
190
fffffe26
119
46
fffffe81
1e1
fffffecf
ffffffcf
17c
fffffe13
141
29
fffffe82
1f6
fffffeb6
ffffffdc
180
fffffe03
151
21
fffffe7f
201
fffffeab
ffffff5b
1a0
fffffe0a
113
a0
fffffdef
24e
fffffed8
ffffff60
1f7
fffffde2
10f
8a
fffffe3e
1f4
fffffef2
ffffff99
19b
fffffe1a
11f
49
fffffe78
1e9
fffffecf
ffffffc9
184
fffffe0d
141
2d
fffffe7d
1fb
fffffeb6
ffffffd9
184
fffffe00
150
23
fffffe7d
201
fffffead
ffffff3d
1b1
fffffe11
fe
b7
fffffde4
24a
fffffee2
ffffff57
1fc
fffffde0
110
8a
fffffe3b
1f9
fffffeed
ffffff99
1a1
fffffe12
125
49
fffffe71
1f3
fffffec8
ffffffc7
18c
fffffe04
145
30
fffffe74
203
fffffeb2
ffffffd5
18b
fffffdfa
153
25
fffffe78
207
fffffea9
ffffff37
1ba
fffffe0f
f0
cb
fffffddb
247
fffffeee
ffffff4b
201
fffffde3
10a
8f
fffffe37
1fa
fffffeee
ffffff97
1a4
fffffe0f
126
4c
fffffe6d
1f6
fffffec7
ffffffc7
18d
fffffe01
148
2f
fffffe73
206
fffffeaf
ffffffd8
18b
fffffdf7
157
23
fffffe78
209
fffffea6
ffffff42
1c3
fffffe07
e3
e3
fffffdc8
24d
fffffefa
ffffff36
212
fffffddd
106
9a
fffffe2c
200
fffffeee
ffffff93
1ab
fffffe08
129
4d
fffffe67
1fd
fffffec3
ffffffc6
194
fffffdfa
14c
30
fffffe6d
20d
fffffeab
ffffffd7
191
fffffdf1
15a
24
fffffe71
211
fffffea2
ffffff37
1d2
fffffe0e
bc
10d
fffffdb7
243
ffffff1a
ffffff14
221
fffffde4
f3
af
fffffe1e
200
fffffef8
ffffff85
1b7
fffffe05
122
59
fffffe5d
200
fffffec8
ffffffbc
19c
fffffdf8
147
3a
fffffe65
20d
fffffeb2
ffffffcc
198
fffffdf1
153
2e
fffffe6c
20f
fffffea9
ffffff28
1dd
fffffe10
9b
135
fffffda2
245
ffffff2d
fffffef6
23a
fffffdde
ec
c0
fffffe0a
20b
fffffef9
ffffff7b
1c5
fffffdf7
127
5f
fffffe50
20f
fffffec0
ffffffb7
1ab
fffffde9
14f
3d
fffffe58
21d
fffffea8
ffffffcc
1a3
fffffde1
15f
2c
fffffe63
21e
fffffe9c
ffffff1e
1b5
fffffe24
cf
df
fffffddf
23f
fffffefc
ffffff3e
205
fffffdeb
fd
9c
fffffe33
1ef
fffffeff
ffffff8b
1a3
fffffe1c
112
59
fffffe6d
1ea
fffffed9
ffffffba
18f
fffffe0b
138
3d
fffffe6e
1ff
fffffebd
ffffffca
192
fffffdfb
14a
32
fffffe6e
208
fffffeb3
ffffff6e
17c
fffffe29
112
84
fffffe18
235
fffffeda
ffffff78
1d9
fffffdf9
109
7c
fffffe58
1d8
fffffeff
ffffffa0
183
fffffe36
10f
45
fffffe8b
1d4
fffffeda
ffffffcc
178
fffffe1a
13a
2c
fffffe81
1f4
fffffebb
ffffffd6
183
fffffe05
14a
28
fffffe7b
1ff
fffffeb2
ffffff66
189
fffffe24
111
86
fffffe1d
22d
fffffed7
ffffff7e
1d1
fffffdfa
110
73
fffffe5b
1de
fffffef6
ffffffa6
186
fffffe2d
117
43
fffffe87
1da
fffffed6
ffffffcb
179
fffffe1a
137
30
fffffe81
1f2
fffffebf
ffffffd2
184
fffffe07
147
2a
fffffe7c
1fb
fffffeb6
ffffff6a
187
fffffe1e
120
80
fffffe10
240
fffffecb
ffffff79
1e2
fffffde9
116
7e
fffffe47
1f0
fffffef0
ffffff9e
196
fffffe1e
11f
47
fffffe7a
1e8
fffffecd
ffffffca
184
fffffe0b
143
2e
fffffe78
1ff
fffffeb3
ffffffd6
18a
fffffdfc
152
26
fffffe76
208
fffffea9
ffffff50
1ac
fffffe05
116
9d
fffffdf3
24b
fffffed5
ffffff67
1f2
fffffde1
115
84
fffffe40
1f6
fffffeee
ffffff9c
19b
fffffe17
122
49
fffffe74
1ef
fffffecb
ffffffc7
189
fffffe08
143
2f
fffffe78
1ff
fffffeb5
ffffffd6
188
fffffdfe
14f
28
fffffe78
204
fffffeae
ffffff21
1c3
fffffe0a
fb
bc
fffffde0
24c
fffffedf
ffffff58
1fe
fffffddd
112
8b
fffffe37
1fe
fffffeeb
ffffff98
1a5
fffffe0d
127
4b
fffffe6c
1f7
fffffec6
ffffffc7
18e
fffffe00
148
2f
fffffe72
207
fffffeae
ffffffd8
18d
fffffdf5
157
24
fffffe75
20c
fffffea5
ffffff43
1b8
fffffe0c
f7
c6
fffffddc
249
fffffeea
ffffff4d
201
fffffde1
10b
90
fffffe35
1fb
fffffeee
ffffff96
1a4
fffffe0f
125
4d
fffffe6c
1f5
fffffeca
ffffffc3
18f
fffffe03
144
32
fffffe73
203
fffffeb3
ffffffd4
18c
fffffdfa
151
28
fffffe76
207
fffffeac
ffffff1e
1d4
fffffe08
d8
e3
fffffdcc
24b
fffffef5
ffffff3e
20d
fffffddb
10d
95
fffffe2c
205
fffffee8
ffffff96
1ad
fffffe04
12c
4c
fffffe66
200
fffffec1
ffffffc6
195
fffffdf8
14d
30
fffffe6c
20e
fffffeab
ffffffd6
191
fffffdf1
159
25
fffffe72
20f
fffffea4
fffffeff
1eb
fffffe0e
b6
117
fffffdac
245
ffffff14
ffffff1a
224
fffffddc
fa
a9
fffffe1f
206
fffffef2
ffffff88
1b8
fffffe00
128
55
fffffe5d
204
fffffec3
ffffffbf
19d
fffffdf4
14c
35
fffffe66
212
fffffeaa
ffffffd4
196
fffffded
15b
26
fffffe6e
213
fffffea1
ffffff1d
1e7
fffffe0f
9a
13a
fffffd9a
249
ffffff2e
fffffef3
23d
fffffddb
eb
c1
fffffe0b
20a
fffffef9
ffffff7c
1c3
fffffdf9
127
5e
fffffe50
20e
fffffebf
ffffffba
1a8
fffffde8
152
3a
fffffe58
21f
fffffea3
ffffffd2
19f
fffffde1
163
27
fffffe65
21e
fffffe9a
ffffff41
1b7
fffffe13
db
d3
fffffdd9
242
fffffeff
ffffff3c
205
fffffded
fa
a0
fffffe32
1ed
ffffff00
ffffff8b
1a2
fffffe1e
114
55
fffffe6e
1e9
fffffed7
ffffffbd
18d
fffffe0a
13b
38
fffffe70
200
fffffeb9
ffffffce
190
fffffdfa
14e
2d
fffffe71
207
fffffeae
ffffffb5
150
fffffe34
12a
76
fffffe1f
23c
fffffed9
ffffff76
1de
fffffdf6
104
81
fffffe53
1d7
ffffff01
ffffff9e
182
fffffe38
10f
43
fffffe8e
1d2
fffffed6
ffffffd4
170
fffffe1e
13b
28
fffffe86
1f1
fffffeb9
ffffffdb
17e
fffffe06
14c
25
fffffe7c
1ff
fffffeae
ffffffa5
168
fffffe22
127
76
fffffe1f
22e
fffffedb
ffffff79
1d3
fffffe00
105
7b
fffffe5b
1d4
ffffff01
ffffffa3
17f
fffffe36
112
42
fffffe8c
1d2
fffffed9
ffffffcf
173
fffffe1e
138
2b
fffffe85
1ee
fffffebe
ffffffd9
17d
fffffe0a
149
25
fffffe7f
1fa
fffffeb3
ffffff73
18f
fffffe12
123
88
fffffe05
243
fffffed1
ffffff71
1e6
fffffdec
10f
81
fffffe48
1e9
fffffef5
ffffff9f
192
fffffe22
11d
46
fffffe7c
1e6
fffffecd
ffffffce
17f
fffffe0e
143
2b
fffffe7c
1fc
fffffeb2
ffffffdc
184
fffffdfe
153
22
fffffe7b
205
fffffea8
ffffff46
1a3
fffffe12
10d
9e
fffffdf5
24a
fffffed4
ffffff69
1f2
fffffddf
117
83
fffffe3e
1f6
fffffeee
ffffff9d
19a
fffffe18
121
48
fffffe76
1eb
fffffecc
ffffffcb
183
fffffe0b
144
2a
fffffe7c
1fb
fffffeb4
ffffffdb
183
fffffdff
152
23
fffffe7c
202
fffffeab
ffffff58
1a2
fffffe0e
109
b2
fffffde2
24e
fffffedf
ffffff56
1fe
fffffde0
10e
8e
fffffe36
1fb
fffffeec
ffffff9b
1a0
fffffe11
126
4a
fffffe6f
1f5
fffffec5
ffffffcb
18a
fffffe01
14b
2a
fffffe76
205
fffffeab
ffffffdd
187
fffffdf8
159
21
fffffe77
20a
fffffea3
ffffff2d
1c3
fffffe0d
f1
cb
fffffdd9
249
fffffeea
ffffff4d
202
fffffddf
10e
8d
fffffe36
1fb
fffffeed
ffffff97
1a5
fffffe0e
126
4b
fffffe6d
1f4
fffffec8
ffffffc8
18b
fffffe04
147
2e
fffffe75
201
fffffeb1
ffffffd9
188
fffffdfb
155
22
fffffe7a
204
fffffea9
ffffff2f
1ca
fffffe07
e1
e2
fffffdc8
250
fffffef1
ffffff3d
210
fffffdd9
10c
96
fffffe2b
204
fffffee8
ffffff96
1ac
fffffe04
12d
4c
fffffe65
200
fffffebe
ffffffca
192
fffffdf9
14f
2d
fffffe6e
20c
fffffea9
ffffffda
18e
fffffdf1
15d
20
fffffe74
20f
fffffea0
ffffff00
1ea
fffffe17
b2
115
fffffdaf
242
ffffff16
ffffff1d
21e
fffffddf
fa
aa
fffffe1e
205
fffffef1
ffffff89
1b6
fffffe02
128
55
fffffe5c
203
fffffec4
ffffffbf
19c
fffffdf5
14b
36
fffffe66
20e
fffffead
ffffffd3
195
fffffdef
159
27
fffffe6f
20f
fffffea4
ffffff2e
1e1
fffffe0d
99
13e
fffffd9e
248
ffffff2f
fffffef0
23d
fffffdde
e9
c2
fffffe07
20a
fffffefb
ffffff7a
1c4
fffffdf8
126
5f
fffffe4f
20f
fffffebf
ffffffb9
1a9
fffffde8
151
3a
fffffe59
21e
fffffea4
ffffffd1
19f
fffffde1
162
28
fffffe64
21e
fffffe99
ffffff65
19d
fffffe15
df
d5
fffffdde
245
ffffff03
ffffff35
209
fffffdef
f5
a3
fffffe33
1e6
ffffff05
ffffff8b
19e
fffffe22
111
54
fffffe72
1e6
fffffed7
ffffffbf
18a
fffffe0d
13a
38
fffffe72
1fd
fffffebb
ffffffce
18f
fffffdfb
14d
2d
fffffe72
205
fffffeb0
ffffff4a
188
fffffe37
100
8d
fffffe1a
22c
fffffed8
ffffff7d
1d2
fffffdfb
10d
76
fffffe5b
1da
fffffefa
ffffffa5
182
fffffe34
112
44
fffffe8a
1d4
fffffed8
ffffffce
175
fffffe1c
139
2b
fffffe84
1f1
fffffebb
ffffffd9
180
fffffe06
14b
27
fffffe7b
200
fffffeaf
ffffff69
180
fffffe2d
111
84
fffffe1c
22e
fffffed9
ffffff7b
1d4
fffffdfa
10c
78
fffffe57
1db
fffffefb
ffffffa3
184
fffffe32
113
44
fffffe89
1d4
fffffeda
ffffffcc
176
fffffe1c
138
2c
fffffe84
1ef
fffffebd
ffffffd9
17e
fffffe09
148
27
fffffe7e
1fa
fffffeb4
ffffff8f
179
fffffe14
12e
7c
fffffe0a
245
fffffecd
ffffff74
1e5
fffffdeb
110
80
fffffe4a
1e9
fffffef4
ffffff9f
191
fffffe22
11d
45
fffffe7d
1e4
fffffece
ffffffcf
17e
fffffe10
142
2a
fffffe7d
1fb
fffffeb2
ffffffdc
184
fffffdfe
154
22
fffffe7a
205
fffffea7
ffffff47
1ae
fffffe0d
10d
a4
fffffdf4
244
fffffeda
ffffff66
1ef
fffffde5
113
82
fffffe42
1f3
fffffeed
ffffffa0
198
fffffe18
123
47
fffffe76
1ec
fffffeca
ffffffcd
182
fffffe0c
143
2c
fffffe7c
1fa
fffffeb5
ffffffdb
181
fffffe01
151
22
fffffe7d
201
fffffeac
ffffff4a
1a9
fffffe0f
104
b3
fffffde3
24d
fffffede
ffffff59
1fd
fffffddf
110
8b
fffffe37
1fc
fffffeea
ffffff9b
1a1
fffffe0f
128
48
fffffe6f
1f5
fffffec4
ffffffcc
18a
fffffe02
14b
2a
fffffe76
205
fffffeac
ffffffdc
189
fffffdf7
159
21
fffffe77
20a
fffffea4
ffffff52
1b5
fffffe0a
f6
c5
fffffddf
243
fffffeef
ffffff4d
1fd
fffffde6
10a
8e
fffffe39
1f7
fffffeee
ffffff99
1a1
fffffe11
127
48
fffffe70
1f3
fffffec6
ffffffca
18a
fffffe04
147
2d
fffffe76
201
fffffeb1
ffffffd9
187
fffffdfb
155
22
fffffe7a
205
fffffea8
ffffff1a
1d5
fffffe0a
de
e1
fffffdcb
24b
fffffef2
ffffff43
20a
fffffddb
10f
92
fffffe2d
205
fffffee5
ffffff99
1ab
fffffe03
12f
4a
fffffe65
201
fffffebc
ffffffcb
191
fffffdfa
14e
2d
fffffe6f
20c
fffffea7
ffffffdd
18c
fffffdf3
15b
21
fffffe75
20e
fffffe9f
ffffff0e
1d9
fffffe1a
b1
116
fffffdb1
242
ffffff17
ffffff18
222
fffffde0
f7
ac
fffffe1d
202
fffffef6
ffffff87
1b5
fffffe05
123
58
fffffe5c
201
fffffec6
ffffffbe
19c
fffffdf7
149
37
fffffe65
20e
fffffeae
ffffffd1
196
fffffdef
158
28
fffffe6e
210
fffffea4
ffffff3a
1db
fffffe0b
97
13a
fffffda1
24a
ffffff2f
fffffeee
23d
fffffde0
e9
c4
fffffe05
20a
fffffefb
ffffff7b
1c4
fffffdf9
125
60
fffffe4f
20f
fffffebf
ffffffb9
1a8
fffffde9
151
3a
fffffe59
21f
fffffea3
ffffffd2
19f
fffffde1
163
27
fffffe65
21e
fffffe9a
ffffff5a
1a7
fffffe14
e6
d4
fffffddb
246
fffffefd
ffffff39
209
fffffdec
f7
a1
fffffe33
1e9
ffffff03
ffffff8a
1a0
fffffe20
113
55
fffffe6f
1e9
fffffed6
ffffffbe
18c
fffffe0b
13b
38
fffffe71
1ff
fffffeb9
ffffffcf
18f
fffffdfb
14c
2e
fffffe70
207
fffffeae
ffffff58
186
fffffe2e
109
89
fffffe17
233
fffffed5
ffffff7b
1d7
fffffdf7
10c
7b
fffffe55
1db
fffffefc
ffffffa2
185
fffffe33
112
44
fffffe8a
1d5
fffffed6
ffffffd0
174
fffffe1c
139
2b
fffffe84
1f2
fffffeba
ffffffda
180
fffffe06
14c
26
fffffe7c
1ff
fffffeaf
ffffff6d
172
fffffe31
116
7b
fffffe20
233
fffffed2
ffffff81
1d5
fffffdf5
110
78
fffffe54
1df
fffffefa
ffffffa1
188
fffffe2f
113
46
fffffe86
1d6
fffffed9
ffffffcd
176
fffffe1c
139
2b
fffffe84
1f0
fffffebc
ffffffd9
17e
fffffe08
14a
26
fffffe7e
1fb
fffffeb3
ffffff46
1aa
fffffe10
114
90
fffffe07
23c
fffffed1
ffffff79
1dd
fffffdee
115
79
fffffe4c
1ed
fffffeee
ffffffa3
192
fffffe1e
120
45
fffffe7a
1e8
fffffecc
ffffffcd
181
fffffe0d
143
2b
fffffe7b
1fd
fffffeb2
ffffffdb
185
fffffdfd
153
23
fffffe7a
205
fffffea7
ffffff58
1a3
fffffe0b
115
9d
fffffdf4
249
fffffed6
ffffff67
1f0
fffffde3
113
83
fffffe41
1f3
fffffeee
ffffff9e
199
fffffe19
122
47
fffffe76
1eb
fffffecc
ffffffcb
183
fffffe0b
144
2a
fffffe7c
1fb
fffffeb4
ffffffdb
183
fffffdff
153
22
fffffe7c
202
fffffeab
ffffff47
1af
fffffe0b
105
b4
fffffde5
24b
fffffedf
ffffff5a
1fa
fffffde1
111
89
fffffe39
1fc
fffffeea
ffffff9c
1a0
fffffe0f
129
48
fffffe6f
1f5
fffffec4
ffffffcc
18a
fffffe01
14c
2a
fffffe75
206
fffffeac
ffffffdb
18a
fffffdf6
159
22
fffffe77
20a
fffffea4
ffffff22
1cf
fffffe06
f2
cc
fffffdd5
248
fffffeec
ffffff4d
201
fffffde1
10c
8f
fffffe35
1fc
fffffeec
ffffff97
1a7
fffffe0c
126
4f
fffffe68
1f7
fffffec8
ffffffc3
192
fffffdff
147
33
fffffe6e
206
fffffeb2
ffffffd3
18f
fffffdf7
153
2b
fffffe70
20b
fffffea9
ffffff37
1ca
fffffe08
e2
e1
fffffdca
24a
fffffef8
ffffff3b
20b
fffffddf
107
99
fffffe2d
200
fffffeec
ffffff93
1aa
fffffe09
129
4e
fffffe67
1fd
fffffec1
ffffffc7
190
fffffdfc
14c
30
fffffe6f
20a
fffffeab
ffffffd7
18e
fffffdf3
158
27
fffffe72
20e
fffffea3
ffffff28
1d1
fffffe14
b1
11a
fffffdb0
249
ffffff18
ffffff0d
22b
fffffddd
f5
b4
fffffe17
204
fffffef7
ffffff81
1bc
fffffdff
124
5d
fffffe55
209
fffffec3
ffffffb7
1a6
fffffded
14c
3e
fffffe5a
219
fffffeaa
ffffffcb
1a1
fffffde4
15c
30
fffffe62
21b
fffffea1
ffffff22
1e2
fffffe13
99
137
fffffd9c
24d
ffffff29
fffffef4
23d
fffffdd8
ef
c2
fffffe06
20d
fffffef8
ffffff78
1c6
fffffdf7
127
61
fffffe4d
210
fffffec0
ffffffb7
1a8
fffffde9
150
3c
fffffe59
21c
fffffea8
ffffffcb
1a2
fffffde0
161
2c
fffffe61
21f
fffffe9b
ffffff76
197
fffffe17
e8
cd
fffffde0
243
ffffff03
ffffff35
20a
fffffded
f5
a5
fffffe32
1e9
ffffff04
ffffff88
1a2
fffffe1f
114
54
fffffe71
1ea
fffffed4
ffffffbe
18f
fffffe07
13f
38
fffffe6f
202
fffffeb8
ffffffcc
193
fffffdf8
14f
2e
fffffe6e
20c
fffffeab
ffffff8e
167
fffffe2b
123
77
fffffe1b
23c
fffffed1
ffffff7b
1db
fffffdf7
109
7e
fffffe56
1d7
ffffff00
ffffff9e
182
fffffe3a
10d
46
fffffe8e
1ce
fffffedd
ffffffcc
173
fffffe23
134
2d
fffffe87
1eb
fffffec1
ffffffd4
181
fffffe0c
144
2c
fffffe7c
1f8
fffffeb9
ffffff49
185
fffffe40
ff
85
fffffe2a
21f
fffffed7
ffffff87
1c5
fffffe00
113
6b
fffffe63
1db
fffffef2
ffffffac
181
fffffe2f
11c
3d
fffffe8d
1d8
fffffed1
ffffffd3
172
fffffe1c
13e
25
fffffe8a
1ef
fffffeb9
ffffffdd
179
fffffe0c
14c
20
fffffe86
1f9
fffffeaf
ffffff87
181
fffffe17
121
89
fffffe08
23d
fffffeda
ffffff6d
1e4
fffffdf3
109
82
fffffe4e
1e2
fffffef9
ffffff9f
18d
fffffe28
11b
42
fffffe84
1df
fffffed0
ffffffd0
179
fffffe15
141
26
fffffe86
1f4
fffffeb5
ffffffdf
17c
fffffe06
151
1d
fffffe84
1fd
fffffeab
ffffff4a
1a7
fffffe0f
10f
a2
fffffdf2
248
fffffed5
ffffff67
1f1
fffffde3
116
82
fffffe41
1f8
fffffee9
ffffff9e
19d
fffffe13
127
46
fffffe75
1f1
fffffec5
ffffffcd
187
fffffe05
14a
2a
fffffe79
203
fffffeac
ffffffdd
187
fffffdf8
15a
20
fffffe79
20a
fffffea3
ffffff4f
1ab
fffffe0c
106
b3
fffffde6
24a
fffffee1
ffffff57
1fb
fffffde2
110
89
fffffe3c
1f8
fffffeeb
ffffff9d
19e
fffffe12
129
44
fffffe75
1f1
fffffec5
ffffffce
184
fffffe07
14a
27
fffffe7d
1ff
fffffead
ffffffe0
181
fffffdfe
158
1b
fffffe82
202
fffffea5
ffffff36
1c7
fffffe06
f7
c7
fffffdd8
24b
fffffee9
ffffff4d
204
fffffddd
111
8e
fffffe34
1ff
fffffee8
ffffff99
1a6
fffffe0b
12b
49
fffffe6b
1fa
fffffec1
ffffffc9
18f
fffffdff
14c
2d
fffffe73
208
fffffeaa
ffffffda
18c
fffffdf4
15c
21
fffffe75
20d
fffffea0
ffffff1e
1d8
fffffe04
e2
e7
fffffdc1
250
fffffef4
ffffff3a
211
fffffdda
10c
96
fffffe2e
202
fffffee7
ffffff98
1a7
fffffe09
12d
48
fffffe6c
1fb
fffffebf
ffffffcc
18c
fffffdff
14f
29
fffffe76
207
fffffea8
ffffffdf
187
fffffdf7
15d
1b
fffffe7f
207
fffffea0
ffffff3b
1ca
fffffe0d
be
110
fffffdb5
24b
ffffff14
ffffff11
22a
fffffddc
f8
b1
fffffe17
206
fffffef4
ffffff84
1ba
fffffdff
129
57
fffffe5b
207
fffffebf
ffffffc0
19e
fffffdf1
150
35
fffffe63
216
fffffea5
ffffffd4
199
fffffde8
160
25
fffffe6b
219
fffffe9a
ffffff3c
1da
fffffe11
9b
133
fffffda5
246
ffffff2d
fffffef4
238
fffffde1
ec
be
fffffe0e
207
fffffef7
ffffff80
1bf
fffffdfc
128
59
fffffe58
20a
fffffebe
ffffffbf
1a1
fffffdee
153
32
fffffe64
217
fffffea4
ffffffd7
196
fffffde9
161
22
fffffe70
215
fffffe9a
ffffff5e
1a7
fffffe12
e6
d2
fffffddc
245
fffffefe
ffffff37
20b
fffffdea
fa
a1
fffffe32
1ed
ffffff00
ffffff8a
1a4
fffffe1b
117
54
fffffe6d
1ef
fffffed0
ffffffbf
191
fffffe04
142
36
fffffe6f
205
fffffeb3
ffffffd0
193
fffffdf4
155
2a
fffffe6f
20f
fffffea5
ffffff79
16a
fffffe34
118
7c
fffffe1f
23a
fffffed2
ffffff7d
1da
fffffdf6
10c
7c
fffffe55
1d8
fffffeff
ffffffa0
181
fffffe3a
10f
42
fffffe92
1cd
fffffeda
ffffffd3
16d
fffffe23
13a
25
fffffe8c
1eb
fffffebb
ffffffdd
179
fffffe0e
14a
21
fffffe85
1f7
fffffeb1
ffffff4b
18c
fffffe32
106
87
fffffe21
227
fffffed6
ffffff82
1cc
fffffdfc
113
6f
fffffe5d
1df
fffffef2
ffffffa9
184
fffffe2e
119
41
fffffe88
1db
fffffed2
ffffffce
178
fffffe18
13e
29
fffffe84
1f4
fffffeb7
ffffffdb
17f
fffffe05
14f
23
fffffe7f
1ff
fffffeac
ffffff55
195
fffffe18
120
80
fffffe10
23f
fffffec9
ffffff7c
1e0
fffffde9
118
7a
fffffe4a
1ee
fffffef1
ffffff9f
194
fffffe20
11e
46
fffffe7c
1e6
fffffece
ffffffcc
17f
fffffe10
142
29
fffffe80
1f9
fffffeb4
ffffffdc
182
fffffe01
153
20
fffffe7f
201
fffffeaa
ffffff63
19d
fffffe0a
11a
9d
fffffdf1
24e
fffffed5
ffffff62
1f7
fffffde0
113
87
fffffe3e
1f5
fffffeee
ffffff9b
19c
fffffe17
124
46
fffffe77
1ee
fffffec7
ffffffce
184
fffffe08
148
27
fffffe7c
201
fffffead
ffffffdf
186
fffffdfa
158
1e
fffffe7c
207
fffffea4
ffffff47
1ad
fffffe0c
105
b5
fffffde1
251
fffffede
ffffff55
201
fffffdde
10e
8e
fffffe36
1fb
fffffeee
ffffff98
1a2
fffffe11
124
4a
fffffe71
1f1
fffffec9
ffffffc9
189
fffffe07
145
2b
fffffe7b
1ff
fffffeb2
ffffffda
186
fffffdfd
153
22
fffffe7d
202
fffffeab
ffffff36
1c8
fffffe02
fc
c4
fffffdd7
24e
fffffee5
ffffff51
203
fffffddc
110
8d
fffffe35
1fe
fffffeec
ffffff98
1a4
fffffe11
124
4b
fffffe6e
1f3
fffffec9
ffffffc8
18c
fffffe04
146
2e
fffffe75
202
fffffeb3
ffffffd7
189
fffffdfd
150
26
fffffe78
205
fffffeab
fffffefc
1e2
fffffe05
df
e6
fffffdc3
256
fffffeeb
ffffff41
212
fffffdd3
112
93
fffffe2a
207
fffffee8
ffffff95
1ac
fffffe07
129
4d
fffffe68
1fa
fffffec6
ffffffc5
191
fffffe00
147
30
fffffe72
206
fffffeb0
ffffffd7
18c
fffffdf8
154
24
fffffe78
207
fffffea9
ffffff3d
1cd
fffffe07
c2
10f
fffffdb1
252
ffffff12
ffffff10
22c
fffffdda
f8
b1
fffffe17
205
fffffef5
ffffff86
1b7
fffffe03
125
56
fffffe5e
202
fffffec4
ffffffc1
19a
fffffdf6
14d
32
fffffe69
20f
fffffeab
ffffffd5
193
fffffdf0
15a
25
fffffe71
210
fffffea2
ffffff2c
1d5
fffffe16
96
138
fffffda6
244
ffffff2d
fffffef4
23c
fffffdde
ec
be
fffffe0b
209
fffffefa
ffffff7c
1c2
fffffdfb
124
5f
fffffe53
20a
fffffec4
ffffffb8
1a5
fffffdef
14c
3c
fffffe5c
218
fffffeab
ffffffcd
19f
fffffde7
15a
2c
fffffe67
217
fffffea2
ffffff3c
1b3
fffffe19
d7
dc
fffffddb
23c
ffffff02
ffffff3a
205
fffffdf0
f8
9e
fffffe35
1ec
ffffff00
ffffff8d
1a1
fffffe1f
112
56
fffffe6f
1e9
fffffed7
ffffffbc
18e
fffffe0c
138
3b
fffffe70
1fd
fffffebf
ffffffc9
193
fffffdfb
14a
32
fffffe6e
207
fffffeb2
ffffff89
161
fffffe38
111
7f
fffffe20
235
fffffedd
ffffff78
1d8
fffffdfb
107
7b
fffffe5a
1d5
ffffff00
ffffffa1
17f
fffffe3a
10e
43
fffffe90
1cf
fffffedc
ffffffcf
172
fffffe20
136
2b
fffffe88
1ec
fffffec1
ffffffd5
17f
fffffe0b
145
29
fffffe7f
1f9
fffffeb8
ffffffba
173
fffffe14
12c
7d
fffffe1a
22f
fffffee0
ffffff73
1d3
fffffe03
103
78
fffffe5f
1d4
fffffefc
ffffffa9
17d
fffffe34
118
3c
fffffe8f
1d5
fffffed5
ffffffd1
174
fffffe1c
13a
2b
fffffe84
1f1
fffffebe
ffffffd6
180
fffffe0a
146
29
fffffe7d
1fb
fffffeb5
ffffff78
170
fffffe30
118
82
fffffe12
23b
fffffed4
ffffff74
1e2
fffffdef
10d
80
fffffe4c
1e7
fffffef8
ffffff9d
191
fffffe26
117
48
fffffe7f
1e0
fffffed5
ffffffc9
17f
fffffe14
13b
2f
fffffe7e
1f6
fffffebb
ffffffd5
185
fffffe03
14b
28
fffffe7b
200
fffffeb1
ffffff49
1ab
fffffe0a
10d
a4
fffffdf0
249
fffffed8
ffffff65
1f2
fffffde4
112
84
fffffe41
1f4
fffffeef
ffffff9d
19a
fffffe1a
120
48
fffffe76
1ec
fffffecc
ffffffca
186
fffffe0a
142
2e
fffffe78
1fe
fffffeb5
ffffffd8
187
fffffdff
14f
26
fffffe7a
202
fffffeae
ffffff63
19e
fffffe0d
10c
ad
fffffde6
24f
fffffedf
ffffff56
1ff
fffffdde
10f
8c
fffffe39
1f9
fffffeef
ffffff99
1a0
fffffe13
124
49
fffffe71
1f2
fffffec9
ffffffc9
189
fffffe06
145
2d
fffffe78
200
fffffeb2
ffffffd9
188
fffffdfc
153
23
fffffe7a
205
fffffeaa
ffffff42
1be
fffffe0a
f6
c6
fffffddc
24b
fffffeea
ffffff4d
203
fffffddf
10d
8f
fffffe35
1fc
fffffeed
ffffff98
1a4
fffffe10
125
4b
fffffe6d
1f4
fffffeca
ffffffc6
18d
fffffe04
145
2f
fffffe74
202
fffffeb3
ffffffd6
18b
fffffdfa
152
26
fffffe76
206
fffffeac
fffffef1
1eb
fffffe05
d7
ef
fffffdc0
24c
fffffef5
ffffff3f
20e
fffffdda
10e
91
fffffe30
203
fffffee8
ffffff98
1a9
fffffe07
12b
4c
fffffe67
1fd
fffffec3
ffffffc6
192
fffffdfd
149
30
fffffe70
208
fffffeaf
ffffffd7
18d
fffffdf7
154
26
fffffe74
20b
fffffea8
fffffef5
1e5
fffffe1e
ad
11c
fffffdad
246
ffffff16
ffffff17
227
fffffdda
fa
ab
fffffe1c
207
fffffef2
ffffff87
1b8
fffffe02
126
57
fffffe5c
203
fffffec5
ffffffbd
19d
fffffdf6
149
38
fffffe65
20f
fffffeaf
ffffffcf
198
fffffdef
156
2b
fffffe6c
210
fffffea7
fffffefe
1f8
fffffe18
91
145
fffffd97
251
ffffff29
fffffef3
241
fffffdd4
f0
bf
fffffe06
20f
fffffef7
ffffff7a
1c8
fffffdf6
126
60
fffffe4f
20f
fffffec2
ffffffb6
1aa
fffffdea
14d
3d
fffffe5a
21a
fffffea9
ffffffcd
1a0
fffffde6
15c
2c
fffffe66
219
fffffea0
ffffff43
1b5
fffffe0f
e7
e1
fffffdc6
24c
ffffff01
ffffff31
216
fffffde6
f5
a5
fffffe30
1ec
ffffff04
ffffff88
1a2
fffffe20
112
54
fffffe73
1e7
fffffed6
ffffffc0
18b
fffffe0c
13c
35
fffffe74
1fd
fffffeba
ffffffcf
18d
fffffdfe
14c
2b
fffffe74
205
fffffeaf
ffffff9e
156
fffffe2b
121
76
fffffe15
23c
fffffed9
ffffff75
1e0
fffffdfa
102
84
fffffe55
1d2
ffffff07
ffffff9d
17f
fffffe3d
109
45
fffffe8f
1cb
fffffee0
ffffffce
170
fffffe24
132
2e
fffffe84
1eb
fffffec4
ffffffd3
180
fffffe0c
141
2e
fffffe7a
1f7
fffffebb
ffffffd8
164
fffffe11
135
79
fffffe1c
22f
fffffee5
ffffff73
1d2
fffffe08
fd
7b
fffffe60
1cf
ffffff00
ffffffa7
17d
fffffe35
117
3e
fffffe8c
1d8
fffffed1
ffffffd3
177
fffffe17
13d
2c
fffffe7e
1f6
fffffeba
ffffffd5
186
fffffe02
14b
2b
fffffe75
202
fffffeb2
ffffff6c
192
fffffe13
111
91
fffffe09
232
fffffee0
ffffff70
1db
fffffdfb
109
7b
fffffe55
1e1
fffffef5
ffffffa5
189
fffffe27
11c
41
fffffe82
1e2
fffffece
ffffffd0
17c
fffffe11
141
29
fffffe80
1f8
fffffeb6
ffffffdb
181
fffffe02
150
22
fffffe7d
201
fffffeac
ffffff47
1b9
fffffe00
113
a5
fffffdef
245
fffffed8
ffffff68
1ee
fffffde7
112
82
fffffe41
1f4
fffffeed
ffffff9f
19b
fffffe17
122
4a
fffffe72
1ed
fffffecd
ffffffc7
18a
fffffe08
141
32
fffffe73
200
fffffeb5
ffffffd5
18a
fffffdfe
14e
2a
fffffe74
206
fffffead
ffffff86
197
fffffe04
11a
a6
fffffde8
24d
fffffee0
ffffff56
1fd
fffffde1
10d
8c
fffffe39
1f6
fffffeef
ffffff9b
19e
fffffe14
125
46
fffffe73
1f0
fffffec7
ffffffcc
188
fffffe04
149
2a
fffffe78
202
fffffeae
ffffffdc
187
fffffdfa
156
21
fffffe79
206
fffffea7
ffffff1b
1cf
fffffe05
ef
cc
fffffdd4
24d
fffffee7
ffffff50
203
fffffddc
110
8f
fffffe31
1ff
fffffeeb
ffffff97
1a8
fffffe0b
125
50
fffffe66
1f7
fffffeca
ffffffc2
192
fffffe01
143
36
fffffe6c
206
fffffeb3
ffffffd3
18f
fffffdf9
150
2b
fffffe71
208
fffffeac
fffffef7
1e9
fffffe07
df
ed
fffffdbb
24f
fffffef2
ffffff41
20f
fffffdd7
10e
91
fffffe2d
206
fffffee5
ffffff99
1ab
fffffe03
12e
4b
fffffe65
1ff
fffffec0
ffffffc9
191
fffffdfc
14b
2f
fffffe6e
20a
fffffeab
ffffffda
18c
fffffdf4
15a
21
fffffe74
20d
fffffea1
ffffff17
1d5
fffffe1b
bd
112
fffffdb6
243
ffffff15
ffffff1c
222
fffffddd
f9
aa
fffffe1b
206
fffffef3
ffffff86
1ba
fffffe00
127
58
fffffe58
206
fffffec4
ffffffbb
1a2
fffffdf1
14b
3a
fffffe5e
216
fffffeab
ffffffcf
19d
fffffde8
15c
2a
fffffe67
217
fffffea1
fffffef0
1ed
fffffe1b
97
142
fffffd99
247
ffffff27
fffffefe
23c
fffffdd4
f4
b7
fffffe0c
20f
fffffef4
ffffff7d
1c4
fffffdf7
128
5e
fffffe50
20d
fffffec1
ffffffb9
1a8
fffffdec
14d
3b
fffffe5c
217
fffffeab
ffffffcd
19e
fffffde6
15c
2a
fffffe66
218
fffffea0
fffffeef
1d2
fffffe2f
c4
e9
fffffdd8
238
fffffefc
ffffff44
200
fffffdea
100
96
fffffe35
1f1
fffffefa
ffffff8f
1a3
fffffe1a
116
58
fffffe6b
1eb
fffffed6
ffffffbb
18e
fffffe0b
139
3d
fffffe6d
200
fffffebc
ffffffca
191
fffffdfb
14b
31
fffffe6e
209
fffffeae
ffffff57
17a
fffffe2e
104
87
fffffe16
233
fffffed8
ffffff7b
1d7
fffffdf9
10c
7b
fffffe59
1d8
fffffeff
ffffff9f
182
fffffe37
10c
47
fffffe8c
1ce
fffffedf
ffffffca
173
fffffe23
131
30
fffffe87
1e8
fffffec5
ffffffd2
17e
fffffe0e
140
2d
fffffe7e
1f5
fffffebb
ffffff9a
15b
fffffe40
119
7e
fffffe2a
22d
fffffedc
ffffff7e
1ce
fffffdff
108
76
fffffe5e
1d4
fffffefc
ffffffa8
17b
fffffe39
113
3e
fffffe92
1d0
fffffed7
ffffffd4
16c
fffffe23
138
27
fffffe8d
1e9
fffffebe
ffffffdd
175
fffffe11
147
22
fffffe88
1f3
fffffeb6
ffffff58
18f
fffffe20
10d
8b
fffffe12
231
fffffed7
ffffff79
1d7
fffffdf5
111
78
fffffe53
1e5
fffffef3
ffffffa2
18d
fffffe25
11b
45
fffffe81
1de
fffffed4
ffffffca
17c
fffffe16
13a
2f
fffffe7f
1f3
fffffebb
ffffffd6
181
fffffe06
149
28
fffffe7e
1fa
fffffeb3
ffffff4f
1a9
fffffe0d
10e
a4
fffffdf4
245
fffffed9
ffffff67
1ec
fffffde8
113
80
fffffe45
1f3
fffffeeb
ffffffa2
195
fffffe1a
124
43
fffffe7a
1eb
fffffec8
ffffffd0
17f
fffffe0c
146
28
fffffe7e
1fb
fffffeb1
ffffffdf
17d
fffffe03
153
1f
fffffe80
201
fffffea8
ffffff43
1a9
fffffe13
104
b0
fffffdec
24a
fffffedb
ffffff5c
1f8
fffffddf
113
88
fffffe3a
1f9
fffffeed
ffffff9a
19f
fffffe13
125
49
fffffe72
1f0
fffffeca
ffffffc8
187
fffffe08
144
2e
fffffe7a
1fc
fffffeb6
ffffffd6
185
fffffe01
14f
26
fffffe7c
200
fffffeae
ffffff31
1ca
fffffdfe
f8
cc
fffffdcf
250
fffffee9
ffffff4b
205
fffffddd
10c
92
fffffe33
1fc
fffffeec
ffffff98
1a2
fffffe10
126
4a
fffffe70
1f3
fffffec6
ffffffca
188
fffffe05
147
2c
fffffe79
200
fffffeaf
ffffffdd
183
fffffdfd
155
20
fffffe7d
204
fffffea6
ffffff18
1dc
fffffe01
e4
e7
fffffdc4
24f
fffffef2
ffffff3e
20f
fffffdd9
10c
95
fffffe2c
202
fffffeea
ffffff95
1a9
fffffe09
128
4e
fffffe69
1f7
fffffec7
ffffffc5
18e
fffffe01
146
31
fffffe73
203
fffffeb2
ffffffd6
18a
fffffdfa
153
26
fffffe78
203
fffffeac
ffffff21
1d0
fffffe11
b3
11c
fffffdb4
24c
ffffff10
ffffff12
22a
fffffddb
fb
ad
fffffe17
206
fffffef4
ffffff87
1b7
fffffe01
126
56
fffffe5f
201
fffffec3
ffffffc1
198
fffffdf8
14c
32
fffffe6b
20d
fffffeaa
ffffffd7
190
fffffdf1
15a
24
fffffe73
20e
fffffea2
ffffff2c
1e2
fffffe09
95
139
fffffd99
246
ffffff33
fffffeee
23c
fffffde1
e7
c5
fffffe0c
204
fffffeff
ffffff79
1c0
fffffdff
121
60
fffffe55
206
fffffec7
ffffffb6
1a4
fffffdf2
148
3d
fffffe5f
213
fffffeae
ffffffcc
19c
fffffdeb
158
2d
fffffe69
213
fffffea4
ffffff73
1a0
fffffe10
f0
d4
fffffdda
245
ffffff03
ffffff33
20a
fffffdf0
f1
a4
fffffe34
1e6
ffffff05
ffffff8b
19c
fffffe23
113
52
fffffe75
1e7
fffffed3
ffffffc4
187
fffffe0d
13e
33
fffffe76
1fe
fffffeb7
ffffffd3
189
fffffdfe
14f
29
fffffe76
205
fffffeac
ffffffa3
168
fffffe27
128
7c
fffffe1b
23f
fffffeda
ffffff74
1de
fffffdf7
102
82
fffffe55
1d1
ffffff05
ffffff9c
17f
fffffe3c
10a
46
fffffe91
1cb
fffffedf
ffffffcd
170
fffffe23
133
2d
fffffe88
1e9
fffffec2
ffffffd5
17c
fffffe0e
142
2b
fffffe80
1f5
fffffeba
ffffff71
175
fffffe2c
114
77
fffffe24
229
fffffed2
ffffff85
1cc
fffffdfc
112
71
fffffe5d
1dd
fffffef5
ffffffa9
182
fffffe2f
118
3f
fffffe8b
1d7
fffffed4
ffffffd1
173
fffffe1b
13d
27
fffffe89
1ef
fffffeb9
ffffffdd
17a
fffffe0b
14a
23
fffffe83
1f9
fffffeb0
ffffff93
17e
fffffe0e
12e
80
fffffe09
244
fffffed1
ffffff70
1e6
fffffdec
10d
84
fffffe49
1e6
fffffef9
ffffff9b
191
fffffe26
117
49
fffffe7f
1de
fffffed5
ffffffc9
17d
fffffe16
139
2f
fffffe80
1f3
fffffebc
ffffffd6
181
fffffe06
14a
28
fffffe7c
1fc
fffffeb2
ffffff84
18d
fffffe07
126
93
fffffdf6
250
fffffed3
ffffff64
1f5
fffffde1
112
87
fffffe3e
1f4
fffffeef
ffffff9c
198
fffffe1b
121
46
fffffe7a
1e9
fffffeca
ffffffcf
17d
fffffe0e
146
27
fffffe7f
1fb
fffffeb0
ffffffe0
17d
fffffe02
154
1d
fffffe82
200
fffffea8
ffffff4a
1be
fffffdf9
111
ac
fffffde3
24d
fffffedb
ffffff5d
1f8
fffffde0
113
87
fffffe3d
1f8
fffffeeb
ffffff9b
19f
fffffe12
125
49
fffffe72
1f0
fffffec9
ffffffc9
188
fffffe07
144
2e
fffffe78
1fd
fffffeb6
ffffffd6
186
fffffdff
150
25
fffffe7b
201
fffffeae
ffffff1d
1c6
fffffe0a
f0
c8
fffffde1
248
fffffee2
ffffff57
1fb
fffffddf
115
87
fffffe38
1ff
fffffee6
ffffff9e
1a1
fffffe0d
12a
48
fffffe6f
1f5
fffffec4
ffffffcc
187
fffffe05
149
2a
fffffe7a
1ff
fffffeaf
ffffffde
181
fffffdfe
156
1e
fffffe7f
203
fffffea6
ffffff31
1c1
fffffe0d
db
e5
fffffdcf
24a
fffffef5
ffffff3c
20c
fffffddf
109
96
fffffe2e
1fe
fffffeee
ffffff93
1a9
fffffe0a
127
4e
fffffe69
1f8
fffffec6
ffffffc7
18c
fffffe03
145
31
fffffe74
201
fffffeb3
ffffffd5
18a
fffffdfa
152
27
fffffe77
205
fffffeab
ffffff1a
1ed
fffffe0c
bb
10c
fffffdaa
249
ffffff18
ffffff18
220
fffffdde
f9
ac
fffffe21
201
fffffef2
ffffff8a
1b2
fffffe06
127
51
fffffe62
200
fffffec2
ffffffc4
196
fffffdf7
14e
31
fffffe6c
20c
fffffeab
ffffffd7
18f
fffffdf2
15b
22
fffffe75
20d
fffffea1
fffffeb5
219
fffffe10
89
14c
fffffd8b
248
ffffff27
ffffff00
238
fffffdd5
f6
b7
fffffe10
20e
fffffef1
ffffff82
1c0
fffffdf8
12a
5c
fffffe53
20a
fffffec3
ffffffb8
1a5
fffffdef
14b
3b
fffffe60
213
fffffead
ffffffce
19a
fffffdec
158
2c
fffffe6b
212
fffffea4
ffffff05
1c2
fffffe26
c9
ec
fffffdda
23f
fffffefb
ffffff3d
206
fffffdea
ff
9a
fffffe31
1f1
fffffefd
ffffff8c
1a2
fffffe1c
115
56
fffffe6e
1ea
fffffed6
ffffffbc
18e
fffffe0b
13a
3b
fffffe6f
1ff
fffffeba
ffffffcc
190
fffffdfc
14b
30
fffffe70
207
fffffeaf
ffffff6c
184
fffffe1d
117
87
fffffe0d
237
fffffed9
ffffff73
1dc
fffffdf9
106
81
fffffe57
1d6
ffffff03
ffffff9c
184
fffffe37
10c
48
fffffe8a
1d1
fffffedd
ffffffca
176
fffffe1e
135
30
fffffe82
1ef
fffffebf
ffffffd4
182
fffffe09
145
2d
fffffe7a
1fb
fffffeb8
ffffff82
17a
fffffe1e
119
82
fffffe18
22f
fffffedd
ffffff78
1d3
fffffe02
107
79
fffffe5d
1d5
fffffefd
ffffffa4
181
fffffe34
114
41
fffffe8b
1d6
fffffed8
ffffffcc
176
fffffe1e
136
2e
fffffe84
1ee
fffffec0
ffffffd4
181
fffffe0b
145
2c
fffffe7c
1f9
fffffeb9
ffffff83
179
fffffe20
11c
85
fffffe10
239
fffffed8
ffffff72
1e0
fffffdf4
10c
7f
fffffe4f
1e3
fffffef8
ffffff9f
18d
fffffe29
119
45
fffffe83
1dd
fffffed2
ffffffcd
17b
fffffe16
13e
2b
fffffe82
1f4
fffffeb9
ffffffda
17f
fffffe07
14d
23
fffffe81
1fc
fffffeaf
ffffff77
18d
fffffe13
116
9a
fffffdf7
247
fffffedb
ffffff62
1f3
fffffde6
10f
86
fffffe42
1f2
fffffeef
ffffff9e
199
fffffe18
125
43
fffffe78
1ef
fffffec6
ffffffce
185
fffffe08
148
2a
fffffe79
201
fffffeaf
ffffffdb
188
fffffdfa
157
21
fffffe78
209
fffffea5
ffffff59
1a4
fffffe0b
107
b3
fffffde5
249
fffffee4
ffffff53
1fe
fffffde4
10c
8c
fffffe3b
1f5
fffffef0
ffffff99
19e
fffffe16
123
49
fffffe72
1f2
fffffec6
ffffffcb
189
fffffe05
148
2c
fffffe78
201
fffffeb0
ffffffd9
188
fffffdfb
155
23
fffffe79
207
fffffea7
ffffff2b
1c1
fffffe0b
f5
c9
fffffddb
24b
fffffee4
ffffff51
202
fffffddd
113
8c
fffffe34
1ff
fffffee8
ffffff9a
1a4
fffffe0e
129
49
fffffe6e
1f6
fffffec5
ffffffc9
18b
fffffe03
149
2c
fffffe77
203
fffffead
ffffffdb
188
fffffdfa
157
21
fffffe7a
206
fffffea7
ffffff33
1c5
fffffe06
e9
dd
fffffdc8
255
fffffeed
ffffff3d
214
fffffdd6
10d
98
fffffe28
205
fffffeea
ffffff93
1ae
fffffe07
12a
4e
fffffe66
1fd
fffffec2
ffffffc6
193
fffffdfc
14c
2f
fffffe6f
20a
fffffeab
ffffffd8
18f
fffffdf3
15a
22
fffffe75
20c
fffffea3
ffffff0a
1e7
fffffe0e
c0
113
fffffda9
24b
ffffff11
ffffff1c
226
fffffdd9
fc
aa
fffffe1c
208
fffffeef
ffffff89
1b8
fffffe01
129
54
fffffe5e
202
fffffec3
ffffffc1
19a
fffffdf6
14d
33
fffffe68
211
fffffea8
ffffffd6
194
fffffdee
15c
24
fffffe71
211
fffffea0
fffffef0
1f0
fffffe1c
91
149
fffffd96
242
ffffff30
fffffef6
23e
fffffdda
eb
bf
fffffe0b
20b
fffffef9
ffffff7a
1c5
fffffdf9
127
60
fffffe4f
20d
fffffec2
ffffffb6
1aa
fffffdea
14f
3c
fffffe5a
21b
fffffea8
ffffffcd
1a1
fffffde5
15d
2b
fffffe66
21a
fffffe9e
ffffff19
1bf
fffffe1c
cf
dd
fffffde2
23d
fffffef9
ffffff45
200
fffffdeb
104
95
fffffe36
1f1
fffffef7
ffffff92
1a2
fffffe19
119
52
fffffe6e
1ee
fffffed1
ffffffbf
18f
fffffe08
13f
36
fffffe72
200
fffffeb6
ffffffd1
18f
fffffdfa
151
2a
fffffe72
209
fffffeab
ffffff64
181
fffffe28
112
86
fffffe18
235
fffffed5
ffffff7c
1d7
fffffdf9
10c
79
fffffe58
1d9
fffffefd
ffffffa1
184
fffffe36
110
45
fffffe8b
1d3
fffffeda
ffffffcc
176
fffffe1e
137
2c
fffffe85
1f0
fffffebc
ffffffd7
181
fffffe07
14a
28
fffffe7d
1fb
fffffeb3
ffffff52
197
fffffe2a
10a
8a
fffffe24
225
fffffed6
ffffff86
1c6
fffffdff
115
69
fffffe60
1df
fffffeef
ffffffae
183
fffffe2b
11d
3e
fffffe89
1dc
fffffed0
ffffffd2
176
fffffe19
13e
27
fffffe86
1f1
fffffeb9
ffffffdb
17e
fffffe08
14d
22
fffffe81
1fc
fffffeaf
ffffff71
195
fffffe0d
11f
87
fffffe0d
238
fffffed8
ffffff73
1de
fffffdf5
10e
7d
fffffe50
1e6
fffffef3
ffffffa2
18f
fffffe25
11c
45
fffffe7e
1e3
fffffed0
ffffffca
181
fffffe11
13f
2d
fffffe7d
1fa
fffffeb5
ffffffd9
184
fffffe01
150
24
fffffe7b
202
fffffeac
ffffff7f
18b
fffffe0f
11f
97
fffffdf3
24e
fffffed6
ffffff62
1f6
fffffde3
111
86
fffffe40
1f2
fffffef0
ffffff9d
198
fffffe1b
122
45
fffffe79
1eb
fffffec9
ffffffce
182
fffffe0c
145
28
fffffe7e
1fc
fffffeb1
ffffffde
181
fffffe00
155
1e
fffffe7f
202
fffffea8
ffffff1f
1c7
fffffe0d
fa
c0
fffffde1
246
fffffee3
ffffff58
1fa
fffffde3
110
88
fffffe3c
1f9
fffffeeb
ffffff9b
1a1
fffffe11
127
49
fffffe70
1f4
fffffec7
ffffffc8
18b
fffffe05
147
2d
fffffe76
202
fffffeaf
ffffffda
188
fffffdfa
157
22
fffffe79
208
fffffea6
ffffff30
1bf
fffffe0a
f5
c9
fffffdd9
24b
fffffee8
ffffff4e
204
fffffdde
10e
8e
fffffe34
1fd
fffffeee
ffffff97
1a5
fffffe0f
124
4d
fffffe6c
1f5
fffffec9
ffffffc6
18d
fffffe04
145
2f
fffffe74
202
fffffeb4
ffffffd6
18b
fffffdfa
153
24
fffffe79
205
fffffeab
ffffff0d
1dc
fffffe04
e4
e3
fffffdc2
255
fffffeee
ffffff41
213
fffffdd4
10f
95
fffffe28
208
fffffee9
ffffff94
1af
fffffe05
128
50
fffffe64
1fd
fffffec6
ffffffc2
197
fffffdfb
149
31
fffffe6d
20a
fffffeaf
ffffffd6
190
fffffdf4
156
25
fffffe72
20e
fffffea6
