1f
22
27
28
27
28
1f
21
27
28
1f
21
1f
21
1f
21
1f
21
1f
21
1f
21
1f
21
1f
21
1f
21
1f
21
1f
21
1f
21
1f
21
1f
21
1f
21
1f
21
27
28
27
28
27
28
1f
21
1f
21
1f
21
27
28
1f
21
1f
21
1f
21
1f
21
1f
21
1f
21
27
28
1f
21
1f
21
1f
21
1f
21
1f
21
1f
21
1f
21
27
28
1f
21
27
28
27
28
1f
21
1f
21
1f
21
1f
21
1f
21
1f
21
1f
21
1f
21
1f
21
1f
21
1f
21
1f
21
1f
21
1f
21
1f
21
1f
21
1f
21
1f
21
1f
21
27
28
1f
21
1f
21
1f
21
1f
21
1f
21
1f
21
1f
21
27
28
27
28
1f
21
1f
21
1f
21
1f
21
1f
21
1f
21
1f
21
1f
21
1f
21
1f
21
1f
21
1f
21
27
28
1f
21
27
28
27
28
1f
21
1f
21
1f
21
1f
21
1f
21
27
28
27
28
1f
21
27
28
1f
21
1f
21
1f
21
1f
21
27
28
1f
21
1f
21
1f
21
27
28
27
28
1f
21
1f
21
1f
21
1f
21
1f
21
1f
21
1f
21
1f
21
1f
21
1f
21
27
28
1f
21
1f
21
1f
21
1f
21
1f
21
1f
21
27
28
