Run Time: Sun Apr 10 1:29:12 2011 to Mon Apr 11 5:57:28 2011
Post-Route Testing

ISim log file
Running: C:\ECE4532\Az_to_LSP\Az_LSP_Test_v_isim_par.exe -gui -tclbatch isim.cmd -wdb C:/ECE4532/Az_to_LSP/Az_LSP_Test_v_isim_par.wdb 
ISim M.81d (signature 0xcb73ee62)
This is a Full version of ISim.
Time resolution is 1 ps
# onerror resume
# wave add /
# run 1000 ns
Simulator is doing circuit initialization process.
ERROR: Too many words specified in datafile lsp_az_lsp_in.out
ERROR: Too many words specified in datafile lsp_az_lsp_out.out
INFO: SDF backannotation was successful with SDF file netgen/par/az_lsp_top_timesim.sdf, for root module /Az_LSP_Test_v/uut/.
Finished circuit initialization process.
# run all
               93535 CORRECT:  lsp[          0] = 00007ad1
               93595 CORRECT:  lsp[          1] = 00006baf
               93655 CORRECT:  lsp[          2] = 000053d2
               93715 CORRECT:  lsp[          3] = 0000352c
               93775 CORRECT:  lsp[          4] = 00001238
               93835 CORRECT:  lsp[          5] = 0000edca
               93895 CORRECT:  lsp[          6] = 0000cad4
               93955 CORRECT:  lsp[          7] = 0000ac2e
               94015 CORRECT:  lsp[          8] = 00009452
               94075 CORRECT:  lsp[          9] = 00008530
              187455 CORRECT:  lsp[         10] = 00007ad1
              187515 CORRECT:  lsp[         11] = 00006baf
              187575 CORRECT:  lsp[         12] = 000053d2
              187635 CORRECT:  lsp[         13] = 0000352c
              187695 CORRECT:  lsp[         14] = 00001238
              187755 CORRECT:  lsp[         15] = 0000edca
              187815 CORRECT:  lsp[         16] = 0000cad4
              187875 CORRECT:  lsp[         17] = 0000ac2e
              187935 CORRECT:  lsp[         18] = 00009452
              187995 CORRECT:  lsp[         19] = 00008530
              281375 CORRECT:  lsp[         20] = 00007ad1
              281435 CORRECT:  lsp[         21] = 00006baf
              281495 CORRECT:  lsp[         22] = 000053d2
              281555 CORRECT:  lsp[         23] = 0000352c
              281615 CORRECT:  lsp[         24] = 00001238
              281675 CORRECT:  lsp[         25] = 0000edca
              281735 CORRECT:  lsp[         26] = 0000cad4
              281795 CORRECT:  lsp[         27] = 0000ac2e
              281855 CORRECT:  lsp[         28] = 00009452
              281915 CORRECT:  lsp[         29] = 00008530
              375295 CORRECT:  lsp[         30] = 00007ad1
              375355 CORRECT:  lsp[         31] = 00006baf
              375415 CORRECT:  lsp[         32] = 000053d2
              375475 CORRECT:  lsp[         33] = 0000352c
              375535 CORRECT:  lsp[         34] = 00001238
              375595 CORRECT:  lsp[         35] = 0000edca
              375655 CORRECT:  lsp[         36] = 0000cad4
              375715 CORRECT:  lsp[         37] = 0000ac2e
              375775 CORRECT:  lsp[         38] = 00009452
              375835 CORRECT:  lsp[         39] = 00008530
              469215 CORRECT:  lsp[         40] = 00007ad1
              469275 CORRECT:  lsp[         41] = 00006baf
              469335 CORRECT:  lsp[         42] = 000053d2
              469395 CORRECT:  lsp[         43] = 0000352c
              469455 CORRECT:  lsp[         44] = 00001238
              469515 CORRECT:  lsp[         45] = 0000edca
              469575 CORRECT:  lsp[         46] = 0000cad4
              469635 CORRECT:  lsp[         47] = 0000ac2e
              469695 CORRECT:  lsp[         48] = 00009452
              469755 CORRECT:  lsp[         49] = 00008530
              568015 CORRECT:  lsp[         50] = 00007b5a
              568075 CORRECT:  lsp[         51] = 000077a4
              568135 CORRECT:  lsp[         52] = 00006d4c
              568195 CORRECT:  lsp[         53] = 000057c2
              568255 CORRECT:  lsp[         54] = 000030c2
              568315 CORRECT:  lsp[         55] = 0000fd81
              568375 ERROR: lsp[         56] = 0000e55b, expected = c28e
              568435 CORRECT:  lsp[         57] = 0000ad47
              568495 CORRECT:  lsp[         58] = 000094b4
              568555 CORRECT:  lsp[         59] = 00008d1c
              662135 ERROR: lsp[         60] = 000077bb, expected = 7b08
              662195 ERROR: lsp[         61] = 00006d5e, expected = 77bb
              662255 ERROR: lsp[         62] = 0000524b, expected = 6d5e
              662315 ERROR: lsp[         63] = 00002892, expected = 524b
              662375 ERROR: lsp[         64] = 00000169, expected = 2892
              662435 ERROR: lsp[         65] = 0000c95e, expected = 0169
              662495 ERROR: lsp[         66] = 0000af01, expected = c95e
              662555 ERROR: lsp[         67] = 00009504, expected = af01
              662615 ERROR: lsp[         68] = 00008d42, expected = 9504
              662675 ERROR: lsp[         69] = 000085f2, expected = 8d42
              756655 ERROR: lsp[         70] = 0000775f, expected = 7b0d
              756715 ERROR: lsp[         71] = 00006ca3, expected = 775f
              756775 ERROR: lsp[         72] = 00004c1d, expected = 6ca3
              756835 ERROR: lsp[         73] = 00002244, expected = 4c1d
              756895 ERROR: lsp[         74] = 0000005a, expected = 2244
              756955 ERROR: lsp[         75] = 0000d385, expected = 005a
              757015 ERROR: lsp[         76] = 0000b0d7, expected = d385
              757075 ERROR: lsp[         77] = 0000966b, expected = b0d7
              757135 ERROR: lsp[         78] = 00008cc6, expected = 966b
              757195 ERROR: lsp[         79] = 0000d3a9, expected = 8cc6
              850915 ERROR: lsp[         80] = 00006baf, expected = 7ad1
              850975 ERROR: lsp[         81] = 000053d2, expected = 6baf
              851035 ERROR: lsp[         82] = 0000352c, expected = 53d2
              851095 ERROR: lsp[         83] = 00001238, expected = 352c
              851155 ERROR: lsp[         84] = 0000edca, expected = 1238
              851215 ERROR: lsp[         85] = 0000cad4, expected = edca
              851275 ERROR: lsp[         86] = 0000ac2e, expected = cad4
              851335 ERROR: lsp[         87] = 00009452, expected = ac2e
              851395 ERROR: lsp[         88] = 00008530, expected = 9452
              851455 ERROR: lsp[         89] = 0000caf7, expected = 8530
              945175 ERROR: lsp[         90] = 00006baf, expected = 7ad1
              945235 ERROR: lsp[         91] = 000053d2, expected = 6baf
              945295 ERROR: lsp[         92] = 0000352c, expected = 53d2
              945355 ERROR: lsp[         93] = 00001238, expected = 352c
              945415 ERROR: lsp[         94] = 0000edca, expected = 1238
              945475 ERROR: lsp[         95] = 0000cad4, expected = edca
              945535 ERROR: lsp[         96] = 0000ac2e, expected = cad4
              945595 ERROR: lsp[         97] = 00009452, expected = ac2e
              945655 ERROR: lsp[         98] = 00008530, expected = 9452
              945715 ERROR: lsp[         99] = 0000caf7, expected = 8530
             1039095 ERROR: lsp[        100] = 000077a1, expected = 7b5a
             1039155 ERROR: lsp[        101] = 00006d41, expected = 77a1
             1039215 ERROR: lsp[        102] = 000057a6, expected = 6d41
             1039275 ERROR: lsp[        103] = 000030d7, expected = 57a6
             1039335 ERROR: lsp[        104] = 0000fe69, expected = 30d7
             1039395 ERROR: lsp[        105] = 0000e4f3, expected = fe69
             1039455 ERROR: lsp[        106] = 0000ad3a, expected = c286
             1039515 ERROR: lsp[        107] = 000094aa, expected = ad3a
             1039575 ERROR: lsp[        108] = 00008d17, expected = 94aa
             1039635 ERROR: lsp[        109] = 00008519, expected = 8d17
             1137895 ERROR: lsp[        110] = 000079b5, expected = 7c22
             1137955 ERROR: lsp[        111] = 000074ce, expected = 79b5
             1138015 ERROR: lsp[        112] = 00006141, expected = 74ce
             1138075 ERROR: lsp[        113] = 000030f1, expected = 6141
             1138135 ERROR: lsp[        114] = 0000027b, expected = 30f1
             1138195 ERROR: lsp[        115] = 0000de72, expected = 027b
             1138255 ERROR: lsp[        116] = 0000abc4, expected = c132
             1138315 ERROR: lsp[        117] = 00009356, expected = abc4
             1138375 ERROR: lsp[        118] = 00008d8e, expected = 9356
             1138435 ERROR: lsp[        119] = 00008465, expected = 8d8e
             1250575 CORRECT:  lsp[        120] = 00007c06
             1250635 CORRECT:  lsp[        121] = 000079b0
             1250695 CORRECT:  lsp[        122] = 000074de
             1250755 CORRECT:  lsp[        123] = 00006214
             1250815 CORRECT:  lsp[        124] = 0000361a
             1250875 CORRECT:  lsp[        125] = 00000f6b
             1250935 ERROR: lsp[        126] = 0000b503, expected = caaf
             1250995 CORRECT:  lsp[        127] = 0000ad1f
             1251055 CORRECT:  lsp[        128] = 0000934d
             1251115 CORRECT:  lsp[        129] = 00008d94
             1362775 CORRECT:  lsp[        130] = 00007c55
             1362835 CORRECT:  lsp[        131] = 00007998
             1362895 CORRECT:  lsp[        132] = 0000749b
             1362955 CORRECT:  lsp[        133] = 0000609d
             1363015 CORRECT:  lsp[        134] = 0000386d
             1363075 CORRECT:  lsp[        135] = 000010f8
             1363135 CORRECT:  lsp[        136] = 0000d84c
             1363195 CORRECT:  lsp[        137] = 0000b2ee
             1363255 CORRECT:  lsp[        138] = 00009412
             1363315 CORRECT:  lsp[        139] = 00008def
             1456835 CORRECT:  lsp[        140] = 00007f11
             1456895 CORRECT:  lsp[        141] = 00007940
             1456955 CORRECT:  lsp[        142] = 000063fa
             1457015 CORRECT:  lsp[        143] = 00004cea
             1457075 CORRECT:  lsp[        144] = 00002ad4
             1457135 CORRECT:  lsp[        145] = 0000ff80
             1457195 CORRECT:  lsp[        146] = 0000d25e
             1457255 CORRECT:  lsp[        147] = 0000b427
             1457315 CORRECT:  lsp[        148] = 000098ac
             1457375 CORRECT:  lsp[        149] = 00008792
             1555635 CORRECT:  lsp[        150] = 00007b5a
             1555695 CORRECT:  lsp[        151] = 000077a4
             1555755 CORRECT:  lsp[        152] = 00006d4c
             1555815 CORRECT:  lsp[        153] = 000057c2
             1555875 CORRECT:  lsp[        154] = 000030c2
             1555935 CORRECT:  lsp[        155] = 0000fd81
             1555995 ERROR: lsp[        156] = 0000e55b, expected = c28e
             1556055 CORRECT:  lsp[        157] = 0000ad47
             1556115 CORRECT:  lsp[        158] = 000094b4
             1556175 CORRECT:  lsp[        159] = 00008d1c
             1654395 ERROR: lsp[        160] = 000079b5, expected = 7c29
             1654455 ERROR: lsp[        161] = 000074c8, expected = 79b5
             1654515 ERROR: lsp[        162] = 0000613a, expected = 74c8
             1654575 ERROR: lsp[        163] = 000030d0, expected = 613a
             1654635 ERROR: lsp[        164] = 0000027f, expected = 30d0
             1654695 ERROR: lsp[        165] = 0000ded9, expected = 027f
             1654755 ERROR: lsp[        166] = 0000ab99, expected = c12d
             1654815 ERROR: lsp[        167] = 00009365, expected = ab99
             1654875 ERROR: lsp[        168] = 00008d83, expected = 9365
             1654935 ERROR: lsp[        169] = 0000846e, expected = 8d83
             1753415 CORRECT:  lsp[        170] = 00007c5a
             1753475 CORRECT:  lsp[        171] = 00007a3e
             1753535 CORRECT:  lsp[        172] = 00007790
             1753595 CORRECT:  lsp[        173] = 00006ade
             1753655 CORRECT:  lsp[        174] = 0000308e
             1753715 CORRECT:  lsp[        175] = 0000011a
             1753775 ERROR: lsp[        176] = 0000dc6f, expected = c0c6
             1753835 CORRECT:  lsp[        177] = 0000aa74
             1753895 CORRECT:  lsp[        178] = 0000915b
             1753955 CORRECT:  lsp[        179] = 00008d01
             1847715 ERROR: lsp[        180] = 00007a1b, expected = 7c1e
             1847775 ERROR: lsp[        181] = 00007646, expected = 7a1b
             1847835 ERROR: lsp[        182] = 0000600f, expected = 7646
             1847895 ERROR: lsp[        183] = 00002fcd, expected = 600f
             1847955 ERROR: lsp[        184] = 00000544, expected = 2fcd
             1848015 ERROR: lsp[        185] = 0000cf1a, expected = 0544
             1848075 ERROR: lsp[        186] = 0000ab9b, expected = cf1a
             1848135 ERROR: lsp[        187] = 0000917f, expected = ab9b
             1848195 ERROR: lsp[        188] = 00008ab9, expected = 917f
             1848255 ERROR: lsp[        189] = 0000cf20, expected = 8ab9
             1942215 ERROR: lsp[        190] = 000079fe, expected = 7c10
             1942275 ERROR: lsp[        191] = 0000740c, expected = 79fe
             1942335 ERROR: lsp[        192] = 00005adb, expected = 740c
             1942395 ERROR: lsp[        193] = 00002e9a, expected = 5adb
             1942455 ERROR: lsp[        194] = 0000046b, expected = 2e9a
             1942515 ERROR: lsp[        195] = 0000d33b, expected = 046b
             1942575 ERROR: lsp[        196] = 0000ad94, expected = d33b
             1942635 ERROR: lsp[        197] = 000092ba, expected = ad94
             1942695 ERROR: lsp[        198] = 0000890b, expected = 92ba
             1942755 ERROR: lsp[        199] = 0000d35b, expected = 890b
             2036135 ERROR: lsp[        200] = 000077a1, expected = 7b5a
             2036195 ERROR: lsp[        201] = 00006d41, expected = 77a1
             2036255 ERROR: lsp[        202] = 000057a6, expected = 6d41
             2036315 ERROR: lsp[        203] = 000030d7, expected = 57a6
             2036375 ERROR: lsp[        204] = 0000fe69, expected = 30d7
             2036435 ERROR: lsp[        205] = 0000e4f3, expected = fe69
             2036495 ERROR: lsp[        206] = 0000ad3a, expected = c286
             2036555 ERROR: lsp[        207] = 000094aa, expected = ad3a
             2036615 ERROR: lsp[        208] = 00008d17, expected = 94aa
             2036675 ERROR: lsp[        209] = 00008519, expected = 8d17
             2134935 ERROR: lsp[        210] = 000079b5, expected = 7c22
             2134995 ERROR: lsp[        211] = 000074ce, expected = 79b5
             2135055 ERROR: lsp[        212] = 00006141, expected = 74ce
             2135115 ERROR: lsp[        213] = 000030f1, expected = 6141
             2135175 ERROR: lsp[        214] = 0000027b, expected = 30f1
             2135235 ERROR: lsp[        215] = 0000de72, expected = 027b
             2135295 ERROR: lsp[        216] = 0000abc4, expected = c132
             2135355 ERROR: lsp[        217] = 00009356, expected = abc4
             2135415 ERROR: lsp[        218] = 00008d8e, expected = 9356
             2135475 ERROR: lsp[        219] = 00008465, expected = 8d8e
             2233835 CORRECT:  lsp[        220] = 00007c58
             2233895 CORRECT:  lsp[        221] = 00007a34
             2233955 CORRECT:  lsp[        222] = 00007794
             2234015 CORRECT:  lsp[        223] = 00006afb
             2234075 CORRECT:  lsp[        224] = 000030a2
             2234135 CORRECT:  lsp[        225] = 000000ad
             2234195 ERROR: lsp[        226] = 0000dc6f, expected = c0f0
             2234255 CORRECT:  lsp[        227] = 0000aa92
             2234315 CORRECT:  lsp[        228] = 00009155
             2234375 CORRECT:  lsp[        229] = 00008d04
             2332575 ERROR: lsp[        230] = 00007b7e, expected = 7e52
             2332635 ERROR: lsp[        231] = 0000787b, expected = 7b7e
             2332695 ERROR: lsp[        232] = 00006d70, expected = 787b
             2332755 ERROR: lsp[        233] = 00002fac, expected = 6d70
             2332815 ERROR: lsp[        234] = 000000e2, expected = 2fac
             2332875 ERROR: lsp[        235] = 0000db3a, expected = 00e2
             2332935 ERROR: lsp[        236] = 0000aa30, expected = c027
             2332995 ERROR: lsp[        237] = 0000916c, expected = aa30
             2333055 ERROR: lsp[        238] = 00008d5a, expected = 916c
             2333115 ERROR: lsp[        239] = 0000831e, expected = 8d5a
             2426455 CORRECT:  lsp[        240] = 00007e39
             2426515 CORRECT:  lsp[        241] = 00007c42
             2426575 CORRECT:  lsp[        242] = 000073d6
             2426635 CORRECT:  lsp[        243] = 000050ce
             2426695 CORRECT:  lsp[        244] = 00002a98
             2426755 CORRECT:  lsp[        245] = 00000219
             2426815 CORRECT:  lsp[        246] = 0000d818
             2426875 CORRECT:  lsp[        247] = 0000b071
             2426935 CORRECT:  lsp[        248] = 00009503
             2426995 CORRECT:  lsp[        249] = 00008b18
             2520395 CORRECT:  lsp[        250] = 00007e29
             2520455 CORRECT:  lsp[        251] = 00007bbf
             2520515 CORRECT:  lsp[        252] = 00006f98
             2520575 CORRECT:  lsp[        253] = 0000517c
             2520635 CORRECT:  lsp[        254] = 00002a5b
             2520695 CORRECT:  lsp[        255] = 00000235
             2520755 CORRECT:  lsp[        256] = 0000d5a5
             2520815 CORRECT:  lsp[        257] = 0000afae
             2520875 CORRECT:  lsp[        258] = 0000961a
             2520935 CORRECT:  lsp[        259] = 00008ae4
             2619255 CORRECT:  lsp[        260] = 00007c24
             2619315 CORRECT:  lsp[        261] = 000079b1
             2619375 CORRECT:  lsp[        262] = 000074c8
             2619435 CORRECT:  lsp[        263] = 0000611e
             2619495 CORRECT:  lsp[        264] = 0000310b
             2619555 CORRECT:  lsp[        265] = 000002c4
             2619615 ERROR: lsp[        266] = 0000de72, expected = c13e
             2619675 CORRECT:  lsp[        267] = 0000ab83
             2619735 CORRECT:  lsp[        268] = 00009357
             2619795 CORRECT:  lsp[        269] = 00008d74
             2713155 ERROR: lsp[        270] = 00007a33, expected = 7c5e
             2713215 ERROR: lsp[        271] = 0000778b, expected = 7a33
             2713275 ERROR: lsp[        272] = 00006ae3, expected = 778b
             2713335 ERROR: lsp[        273] = 00003090, expected = 6ae3
             2713395 ERROR: lsp[        274] = 00000127, expected = 3090
             2713455 ERROR: lsp[        275] = 0000dc09, expected = 0127
             2713515 ERROR: lsp[        276] = 0000aa74, expected = c0bf
             2713575 ERROR: lsp[        277] = 0000915b, expected = aa74
             2713635 ERROR: lsp[        278] = 00008d01, expected = 915b
             2713695 ERROR: lsp[        279] = 000082f9, expected = 8d01
             2811895 ERROR: lsp[        280] = 00007b7e, expected = 7e52
             2811955 ERROR: lsp[        281] = 0000787b, expected = 7b7e
             2812015 ERROR: lsp[        282] = 00006d70, expected = 787b
             2812075 ERROR: lsp[        283] = 00002fac, expected = 6d70
             2812135 ERROR: lsp[        284] = 000000e2, expected = 2fac
             2812195 ERROR: lsp[        285] = 0000db3a, expected = 00e2
             2812255 ERROR: lsp[        286] = 0000aa30, expected = c027
             2812315 ERROR: lsp[        287] = 0000916c, expected = aa30
             2812375 ERROR: lsp[        288] = 00008d5a, expected = 916c
             2812435 ERROR: lsp[        289] = 0000831e, expected = 8d5a
             2910875 CORRECT:  lsp[        290] = 00007ebc
             2910935 CORRECT:  lsp[        291] = 00007d63
             2910995 CORRECT:  lsp[        292] = 00007a0a
             2911055 CORRECT:  lsp[        293] = 00006e57
             2911115 CORRECT:  lsp[        294] = 00002bb3
             2911175 CORRECT:  lsp[        295] = 0000ffc7
             2911235 ERROR: lsp[        296] = 0000e010, expected = c296
             2911295 CORRECT:  lsp[        297] = 0000aa14
             2911355 CORRECT:  lsp[        298] = 00009143
             2911415 CORRECT:  lsp[        299] = 00008d15
             3005215 ERROR: lsp[        300] = 00007d42, expected = 7e86
             3005275 ERROR: lsp[        301] = 0000757f, expected = 7d42
             3005335 ERROR: lsp[        302] = 0000532d, expected = 757f
             3005395 ERROR: lsp[        303] = 00002c6b, expected = 532d
             3005455 ERROR: lsp[        304] = 00000350, expected = 2c6b
             3005515 ERROR: lsp[        305] = 0000d97f, expected = 0350
             3005575 ERROR: lsp[        306] = 0000b1ae, expected = d97f
             3005635 ERROR: lsp[        307] = 00009514, expected = b1ae
             3005695 ERROR: lsp[        308] = 00008a8d, expected = 9514
             3005755 ERROR: lsp[        309] = 0000d99b, expected = 8a8d
             3099815 ERROR: lsp[        310] = 00007ad0, expected = 7ded
             3099875 ERROR: lsp[        311] = 0000756b, expected = 7ad0
             3099935 ERROR: lsp[        312] = 00005d01, expected = 756b
             3099995 ERROR: lsp[        313] = 00002cb7, expected = 5d01
             3100055 ERROR: lsp[        314] = 000004d1, expected = 2cb7
             3100115 ERROR: lsp[        315] = 0000ce62, expected = 04d1
             3100175 ERROR: lsp[        316] = 0000ae2d, expected = ce62
             3100235 ERROR: lsp[        317] = 00009481, expected = ae2d
             3100295 ERROR: lsp[        318] = 00008c72, expected = 9481
             3100355 ERROR: lsp[        319] = 0000ce6b, expected = 8c72
             3193635 ERROR: lsp[        320] = 00007a2f, expected = 7c54
             3193695 ERROR: lsp[        321] = 00007790, expected = 7a2f
             3193755 ERROR: lsp[        322] = 00006a4f, expected = 7790
             3193815 ERROR: lsp[        323] = 00002f94, expected = 6a4f
             3193875 ERROR: lsp[        324] = 000001b2, expected = 2f94
             3193935 ERROR: lsp[        325] = 0000de0b, expected = 01b2
             3193995 ERROR: lsp[        326] = 0000aaf9, expected = c1aa
             3194055 ERROR: lsp[        327] = 00009167, expected = aaf9
             3194115 ERROR: lsp[        328] = 00008d09, expected = 9167
             3194175 ERROR: lsp[        329] = 00008333, expected = 8d09
             3292435 ERROR: lsp[        330] = 00007b7e, expected = 7e4e
             3292495 ERROR: lsp[        331] = 00007879, expected = 7b7e
             3292555 ERROR: lsp[        332] = 00006d67, expected = 7879
             3292615 ERROR: lsp[        333] = 00002f58, expected = 6d67
             3292675 ERROR: lsp[        334] = 00000134, expected = 2f58
             3292735 ERROR: lsp[        335] = 0000db3a, expected = 0134
             3292795 ERROR: lsp[        336] = 0000aa59, expected = c02a
             3292855 ERROR: lsp[        337] = 00009169, expected = aa59
             3292915 ERROR: lsp[        338] = 00008d60, expected = 9169
             3292975 ERROR: lsp[        339] = 00008319, expected = 8d60
             3391475 CORRECT:  lsp[        340] = 00007ebd
             3391535 CORRECT:  lsp[        341] = 00007d6a
             3391595 CORRECT:  lsp[        342] = 00007a0a
             3391655 CORRECT:  lsp[        343] = 00006e59
             3391715 CORRECT:  lsp[        344] = 00002b87
             3391775 CORRECT:  lsp[        345] = 0000ffc8
             3391835 ERROR: lsp[        346] = 0000e078, expected = c28b
             3391895 CORRECT:  lsp[        347] = 0000aa0c
             3391955 CORRECT:  lsp[        348] = 00009142
             3392015 CORRECT:  lsp[        349] = 00008d13
             3485595 ERROR: lsp[        350] = 00007da2, expected = 7ec5
             3485655 ERROR: lsp[        351] = 00007b11, expected = 7da2
             3485715 ERROR: lsp[        352] = 00006ebe, expected = 7b11
             3485775 ERROR: lsp[        353] = 00002958, expected = 6ebe
             3485835 ERROR: lsp[        354] = 00000157, expected = 2958
             3485895 ERROR: lsp[        355] = 0000ab3b, expected = 0157
             3485955 ERROR: lsp[        356] = 0000a9ed, expected = c55e
             3486015 ERROR: lsp[        357] = 00009137, expected = a9ed
             3486075 ERROR: lsp[        358] = 00008c9e, expected = 9137
             3486135 ERROR: lsp[        359] = 0000837d, expected = 8c9e
             3579895 ERROR: lsp[        360] = 00007d18, expected = 7e7c
             3579955 ERROR: lsp[        361] = 000077b7, expected = 7d18
             3580015 ERROR: lsp[        362] = 00005960, expected = 77b7
             3580075 ERROR: lsp[        363] = 00002b94, expected = 5960
             3580135 ERROR: lsp[        364] = 00000322, expected = 2b94
             3580195 ERROR: lsp[        365] = 0000d936, expected = 0322
             3580255 ERROR: lsp[        366] = 0000b1cb, expected = d936
             3580315 ERROR: lsp[        367] = 000093ad, expected = b1cb
             3580375 ERROR: lsp[        368] = 00008a0d, expected = 93ad
             3580435 ERROR: lsp[        369] = 0000d94a, expected = 8a0d
             3673895 ERROR: lsp[        370] = 00007a94, expected = 7d8d
             3673955 ERROR: lsp[        371] = 000077ed, expected = 7a94
             3674015 ERROR: lsp[        372] = 00006584, expected = 77ed
             3674075 ERROR: lsp[        373] = 00002bc9, expected = 6584
             3674135 ERROR: lsp[        374] = 0000034c, expected = 2bc9
             3674195 ERROR: lsp[        375] = 0000cdbb, expected = 034c
             3674255 ERROR: lsp[        376] = 0000acf4, expected = cdbb
             3674315 ERROR: lsp[        377] = 00009236, expected = acf4
             3674375 ERROR: lsp[        378] = 00008c0a, expected = 9236
             3674435 ERROR: lsp[        379] = 00008574, expected = 8c0a
             3772735 ERROR: lsp[        380] = 00007b75, expected = 7e4e
             3772795 ERROR: lsp[        381] = 0000786a, expected = 7b75
             3772855 ERROR: lsp[        382] = 00006c6f, expected = 786a
             3772915 ERROR: lsp[        383] = 00002ec7, expected = 6c6f
             3772975 ERROR: lsp[        384] = 00000318, expected = 2ec7
             3773035 ERROR: lsp[        385] = 0000dcd6, expected = 0318
             3773095 ERROR: lsp[        386] = 0000a9dd, expected = c113
             3773155 ERROR: lsp[        387] = 00009179, expected = a9dd
             3773215 ERROR: lsp[        388] = 00008d3a, expected = 9179
             3773275 ERROR: lsp[        389] = 0000833b, expected = 8d3a
             3871775 CORRECT:  lsp[        390] = 00007ebd
             3871835 CORRECT:  lsp[        391] = 00007d60
             3871895 CORRECT:  lsp[        392] = 00007a0a
             3871955 CORRECT:  lsp[        393] = 00006e64
             3872015 CORRECT:  lsp[        394] = 00002b71
             3872075 CORRECT:  lsp[        395] = 0000ffff
             3872135 ERROR: lsp[        396] = 0000e078, expected = c299
             3872195 CORRECT:  lsp[        397] = 0000a9f8
             3872255 CORRECT:  lsp[        398] = 00009140
             3872315 CORRECT:  lsp[        399] = 00008d16
             3965895 ERROR: lsp[        400] = 00007da2, expected = 7ec5
             3965955 ERROR: lsp[        401] = 00007b11, expected = 7da2
             3966015 ERROR: lsp[        402] = 00006ebe, expected = 7b11
             3966075 ERROR: lsp[        403] = 00002958, expected = 6ebe
             3966135 ERROR: lsp[        404] = 00000157, expected = 2958
             3966195 ERROR: lsp[        405] = 0000ab3b, expected = 0157
             3966255 ERROR: lsp[        406] = 0000a9ed, expected = c55e
             3966315 ERROR: lsp[        407] = 00009137, expected = a9ed
             3966375 ERROR: lsp[        408] = 00008c9e, expected = 9137
             3966435 ERROR: lsp[        409] = 0000837d, expected = 8c9e
             4069275 ERROR: lsp[        410] = 00007dac, expected = 7ecc
             4069335 ERROR: lsp[        411] = 00007b3f, expected = 7dac
             4069395 ERROR: lsp[        412] = 00006e7a, expected = 7b3f
             4069455 ERROR: lsp[        413] = 0000293a, expected = 6e7a
             4069515 ERROR: lsp[        414] = 00000042, expected = 293a
             4069575 ERROR: lsp[        415] = 00007f27, expected = 0042
             4069635 ERROR: lsp[        416] = 0000002e, expected = c718
             4069695 ERROR: lsp[        417] = 000079e2, expected = aad6
             4069755 ERROR: lsp[        418] = 0000aad6, expected = 9165
             4069815 ERROR: lsp[        419] = 00009165, expected = 8c5d
             4163715 ERROR: lsp[        420] = 00007cb5, expected = 7e5a
             4163775 ERROR: lsp[        421] = 000077df, expected = 7cb5
             4163835 ERROR: lsp[        422] = 00005cd2, expected = 77df
             4163895 ERROR: lsp[        423] = 00002b9e, expected = 5cd2
             4163955 ERROR: lsp[        424] = 00000422, expected = 2b9e
             4164015 ERROR: lsp[        425] = 0000daa3, expected = 0422
             4164075 ERROR: lsp[        426] = 0000b218, expected = daa3
             4164135 ERROR: lsp[        427] = 00009227, expected = b218
             4164195 ERROR: lsp[        428] = 00008930, expected = 9227
             4164255 ERROR: lsp[        429] = 0000daca, expected = 8930
             4257635 ERROR: lsp[        430] = 00007bb1, expected = 7e4b
             4257695 ERROR: lsp[        431] = 000077fa, expected = 7bb1
             4257755 ERROR: lsp[        432] = 0000640d, expected = 77fa
             4257815 ERROR: lsp[        433] = 00002b22, expected = 640d
             4257875 ERROR: lsp[        434] = 00000330, expected = 2b22
             4257935 ERROR: lsp[        435] = 0000ce49, expected = 0330
             4257995 ERROR: lsp[        436] = 0000ac48, expected = ce49
             4258055 ERROR: lsp[        437] = 0000920b, expected = ac48
             4258115 ERROR: lsp[        438] = 00008bfd, expected = 920b
             4258175 ERROR: lsp[        439] = 0000857a, expected = 8bfd
             4351655 ERROR: lsp[        440] = 00007d5e, expected = 7eb8
             4351715 ERROR: lsp[        441] = 00007a03, expected = 7d5e
             4351775 ERROR: lsp[        442] = 00006d6d, expected = 7a03
             4351835 ERROR: lsp[        443] = 00002b41, expected = 6d6d
             4351895 ERROR: lsp[        444] = 000000a2, expected = 2b41
             4351955 ERROR: lsp[        445] = 0000e2ea, expected = 00a2
             4352015 ERROR: lsp[        446] = 0000aa8d, expected = c3da
             4352075 ERROR: lsp[        447] = 00009155, expected = aa8d
             4352135 ERROR: lsp[        448] = 00008d17, expected = 9155
             4352195 ERROR: lsp[        449] = 00008378, expected = 8d17
             4445795 ERROR: lsp[        450] = 00007da1, expected = 7ec5
             4445855 ERROR: lsp[        451] = 00007b0f, expected = 7da1
             4445915 ERROR: lsp[        452] = 00006eb3, expected = 7b0f
             4445975 ERROR: lsp[        453] = 00002951, expected = 6eb3
             4446035 ERROR: lsp[        454] = 00000174, expected = 2951
             4446095 ERROR: lsp[        455] = 0000ab81, expected = 0174
             4446155 ERROR: lsp[        456] = 0000aa00, expected = c565
             4446215 ERROR: lsp[        457] = 00009138, expected = aa00
             4446275 ERROR: lsp[        458] = 00008ca1, expected = 9138
             4446335 ERROR: lsp[        459] = 0000837e, expected = 8ca1
             4549175 ERROR: lsp[        460] = 00007dac, expected = 7ecc
             4549235 ERROR: lsp[        461] = 00007b3f, expected = 7dac
             4549295 ERROR: lsp[        462] = 00006e7a, expected = 7b3f
             4549355 ERROR: lsp[        463] = 0000293a, expected = 6e7a
             4549415 ERROR: lsp[        464] = 00000042, expected = 293a
             4549475 ERROR: lsp[        465] = 00007f27, expected = 0042
             4549535 ERROR: lsp[        466] = 0000002e, expected = c718
             4549595 ERROR: lsp[        467] = 000079e2, expected = aad6
             4549655 ERROR: lsp[        468] = 0000aad6, expected = 9165
             4549715 ERROR: lsp[        469] = 00009165, expected = 8c5d
             4652655 ERROR: lsp[        470] = 00007dae, expected = 7ec6
             4652715 ERROR: lsp[        471] = 00007b44, expected = 7dae
             4652775 ERROR: lsp[        472] = 00006d88, expected = 7b44
             4652835 ERROR: lsp[        473] = 000029db, expected = 6d88
             4652895 ERROR: lsp[        474] = 00000076, expected = 29db
             4652955 ERROR: lsp[        475] = 00003249, expected = 0076
             4653015 ERROR: lsp[        476] = 00000070, expected = c855
             4653075 ERROR: lsp[        477] = 0000c855, expected = ab04
             4653135 ERROR: lsp[        478] = 0000ab04, expected = 9187
             4653195 ERROR: lsp[        479] = 00009187, expected = 8c33
             4746395 ERROR: lsp[        480] = 00007d9e, expected = 7ead
             4746455 ERROR: lsp[        481] = 00007ad4, expected = 7d9e
             4746515 ERROR: lsp[        482] = 0000671c, expected = 7ad4
             4746575 ERROR: lsp[        483] = 000029e5, expected = 671c
             4746635 ERROR: lsp[        484] = 000001a0, expected = 29e5
             4746695 ERROR: lsp[        485] = 0000ce51, expected = 01a0
             4746755 ERROR: lsp[        486] = 0000ac4c, expected = ce51
             4746815 ERROR: lsp[        487] = 00009165, expected = ac4c
             4746875 ERROR: lsp[        488] = 00008c1d, expected = 9165
             4746935 ERROR: lsp[        489] = 000084fa, expected = 8c1d
             4840575 ERROR: lsp[        490] = 00007d9d, expected = 7eb9
             4840635 ERROR: lsp[        491] = 00007af9, expected = 7d9d
             4840695 ERROR: lsp[        492] = 00006b47, expected = 7af9
             4840755 ERROR: lsp[        493] = 00002a1c, expected = 6b47
             4840815 ERROR: lsp[        494] = 0000033f, expected = 2a1c
             4840875 ERROR: lsp[        495] = 0000c94a, expected = 033f
             4840935 ERROR: lsp[        496] = 0000ab23, expected = c94a
             4840995 ERROR: lsp[        497] = 00009189, expected = ab23
             4841055 ERROR: lsp[        498] = 00008c7d, expected = 9189
             4841115 ERROR: lsp[        499] = 00008469, expected = 8c7d
             4944035 ERROR: lsp[        500] = 00007daa, expected = 7ecc
             4944095 ERROR: lsp[        501] = 00007b31, expected = 7daa
             4944155 ERROR: lsp[        502] = 00006d4f, expected = 7b31
             4944215 ERROR: lsp[        503] = 000029cd, expected = 6d4f
             4944275 ERROR: lsp[        504] = 000000d7, expected = 29cd
             4944335 ERROR: lsp[        505] = 000037f0, expected = 00d7
             4944395 ERROR: lsp[        506] = 000000d3, expected = c837
             4944455 ERROR: lsp[        507] = 0000c837, expected = ab57
             4944515 ERROR: lsp[        508] = 0000ab57, expected = 9189
             4944575 ERROR: lsp[        509] = 00009189, expected = 8c63
             5047495 ERROR: lsp[        510] = 00007db5, expected = 7ece
             5047555 ERROR: lsp[        511] = 00007b3c, expected = 7db5
             5047615 ERROR: lsp[        512] = 00006d6f, expected = 7b3c
             5047675 ERROR: lsp[        513] = 000029e0, expected = 6d6f
             5047735 ERROR: lsp[        514] = 0000009e, expected = 29e0
             5047795 ERROR: lsp[        515] = 000007c4, expected = 009e
             5047855 ERROR: lsp[        516] = 0000009d, expected = c87d
             5047915 ERROR: lsp[        517] = 0000c87d, expected = ab22
             5047975 ERROR: lsp[        518] = 0000ab22, expected = 9189
             5048035 ERROR: lsp[        519] = 00009189, expected = 8c3d
             5150895 ERROR: lsp[        520] = 00007da5, expected = 7ec6
             5150955 ERROR: lsp[        521] = 00007b3d, expected = 7da5
             5151015 ERROR: lsp[        522] = 00006cd2, expected = 7b3d
             5151075 ERROR: lsp[        523] = 00002a3c, expected = 6cd2
             5151135 ERROR: lsp[        524] = 000001a8, expected = 2a3c
             5151195 ERROR: lsp[        525] = 0000104f, expected = 01a8
             5151255 ERROR: lsp[        526] = 000001a6, expected = c8a9
             5151315 ERROR: lsp[        527] = 0000c8a9, expected = ab33
             5151375 ERROR: lsp[        528] = 0000ab33, expected = 91c2
             5151435 ERROR: lsp[        529] = 000091c2, expected = 8c40
             5245135 ERROR: lsp[        530] = 00007dab, expected = 7ec5
             5245195 ERROR: lsp[        531] = 00007b3e, expected = 7dab
             5245255 ERROR: lsp[        532] = 00006ccb, expected = 7b3e
             5245315 ERROR: lsp[        533] = 00002a2c, expected = 6ccb
             5245375 ERROR: lsp[        534] = 000001cc, expected = 2a2c
             5245435 ERROR: lsp[        535] = 0000faee, expected = 01cc
             5245495 ERROR: lsp[        536] = 0000ab5a, expected = c8fa
             5245555 ERROR: lsp[        537] = 000091a8, expected = ab5a
             5245615 ERROR: lsp[        538] = 00008c46, expected = 91a8
             5245675 ERROR: lsp[        539] = 0000847d, expected = 8c46
             5339115 ERROR: lsp[        540] = 00007db1, expected = 7ebe
             5339175 ERROR: lsp[        541] = 00007b44, expected = 7db1
             5339235 ERROR: lsp[        542] = 00006cf3, expected = 7b44
             5339295 ERROR: lsp[        543] = 000029a0, expected = 6cf3
             5339355 ERROR: lsp[        544] = 000001a6, expected = 29a0
             5339415 ERROR: lsp[        545] = 0000c92e, expected = 01a6
             5339475 ERROR: lsp[        546] = 0000ab12, expected = c92e
             5339535 ERROR: lsp[        547] = 00009191, expected = ab12
             5339595 ERROR: lsp[        548] = 00008c3e, expected = 9191
             5339655 ERROR: lsp[        549] = 0000846a, expected = 8c3e
             5433175 ERROR: lsp[        550] = 00007dac, expected = 7ec5
             5433235 ERROR: lsp[        551] = 00007b3e, expected = 7dac
             5433295 ERROR: lsp[        552] = 00006cd4, expected = 7b3e
             5433355 ERROR: lsp[        553] = 00002a23, expected = 6cd4
             5433415 ERROR: lsp[        554] = 000001d6, expected = 2a23
             5433475 ERROR: lsp[        555] = 0000c913, expected = 01d6
             5433535 ERROR: lsp[        556] = 0000ab2c, expected = c913
             5433595 ERROR: lsp[        557] = 000091a1, expected = ab2c
             5433655 ERROR: lsp[        558] = 00008c40, expected = 91a1
             5433715 ERROR: lsp[        559] = 00008479, expected = 8c40
             5527295 ERROR: lsp[        560] = 00007da7, expected = 7ec9
             5527355 ERROR: lsp[        561] = 00007b3c, expected = 7da6
             5527415 ERROR: lsp[        562] = 00006d17, expected = 7b3c
             5527475 ERROR: lsp[        563] = 000029b2, expected = 6d17
             5527535 ERROR: lsp[        564] = 0000014b, expected = 29b2
             5527595 ERROR: lsp[        565] = 0000c8bf, expected = 014b
             5527655 ERROR: lsp[        566] = 0000ab19, expected = c8bf
             5527715 ERROR: lsp[        567] = 0000918e, expected = ab19
             5527775 ERROR: lsp[        568] = 00008c41, expected = 918e
             5527835 ERROR: lsp[        569] = 0000845e, expected = 8c41
             5621275 ERROR: lsp[        570] = 00007daf, expected = 7ec6
             5621335 ERROR: lsp[        571] = 00007b3d, expected = 7daf
             5621395 ERROR: lsp[        572] = 00006cc7, expected = 7b3d
             5621455 ERROR: lsp[        573] = 000029dc, expected = 6cc7
             5621515 ERROR: lsp[        574] = 000001c0, expected = 29dc
             5621575 ERROR: lsp[        575] = 0000c8d4, expected = 01c0
             5621635 ERROR: lsp[        576] = 0000aba4, expected = c8d4
             5621695 ERROR: lsp[        577] = 0000919f, expected = aba4
             5621755 ERROR: lsp[        578] = 00008c58, expected = 919f
             5621815 ERROR: lsp[        579] = 0000846f, expected = 8c58
             5715275 ERROR: lsp[        580] = 00007da9, expected = 7ebb
             5715335 ERROR: lsp[        581] = 00007b4d, expected = 7da9
             5715395 ERROR: lsp[        582] = 00006cbd, expected = 7b4d
             5715455 ERROR: lsp[        583] = 000029b3, expected = 6cbd
             5715515 ERROR: lsp[        584] = 00000204, expected = 29b3
             5715575 ERROR: lsp[        585] = 0000c920, expected = 0204
             5715635 ERROR: lsp[        586] = 0000abfb, expected = c920
             5715695 ERROR: lsp[        587] = 000091b0, expected = abfb
             5715755 ERROR: lsp[        588] = 00008c56, expected = 91b0
             5715815 ERROR: lsp[        589] = 00008482, expected = 8c56
             5809335 ERROR: lsp[        590] = 00007dac, expected = 7ec7
             5809395 ERROR: lsp[        591] = 00007b3e, expected = 7dac
             5809455 ERROR: lsp[        592] = 00006c95, expected = 7b3e
             5809515 ERROR: lsp[        593] = 00002966, expected = 6c95
             5809575 ERROR: lsp[        594] = 00000214, expected = 2966
             5809635 ERROR: lsp[        595] = 0000c909, expected = 0214
             5809695 ERROR: lsp[        596] = 0000abd3, expected = c909
             5809755 ERROR: lsp[        597] = 000091ce, expected = abd3
             5809815 ERROR: lsp[        598] = 00008c43, expected = 91ce
             5809875 ERROR: lsp[        599] = 00008477, expected = 8c43
             5903335 ERROR: lsp[        600] = 00007da5, expected = 7ebe
             5903395 ERROR: lsp[        601] = 00007b46, expected = 7da5
             5903455 ERROR: lsp[        602] = 00006cc4, expected = 7b46
             5903515 ERROR: lsp[        603] = 00002967, expected = 6cc4
             5903575 ERROR: lsp[        604] = 0000028a, expected = 2967
             5903635 ERROR: lsp[        605] = 0000c932, expected = 028a
             5903695 ERROR: lsp[        606] = 0000ab4d, expected = c932
             5903755 ERROR: lsp[        607] = 000091bd, expected = ab4d
             5903815 ERROR: lsp[        608] = 00008c31, expected = 91bd
             5903875 ERROR: lsp[        609] = 0000848c, expected = 8c31
             5997215 ERROR: lsp[        610] = 00007dad, expected = 7ec9
             5997275 ERROR: lsp[        611] = 00007b3c, expected = 7dad
             5997335 ERROR: lsp[        612] = 00006cce, expected = 7b3c
             5997395 ERROR: lsp[        613] = 00002964, expected = 6cce
             5997455 ERROR: lsp[        614] = 000001fe, expected = 2964
             5997515 ERROR: lsp[        615] = 0000c8cb, expected = 01fe
             5997575 ERROR: lsp[        616] = 0000ab54, expected = c8cb
             5997635 ERROR: lsp[        617] = 000091ae, expected = ab54
             5997695 ERROR: lsp[        618] = 00008c36, expected = 91ae
             5997755 ERROR: lsp[        619] = 00008475, expected = 8c36
             6091155 ERROR: lsp[        620] = 00007dae, expected = 7ebc
             6091215 ERROR: lsp[        621] = 00007b4a, expected = 7daf
             6091275 ERROR: lsp[        622] = 00006ccc, expected = 7b4a
             6091335 ERROR: lsp[        623] = 00002973, expected = 6ccc
             6091395 ERROR: lsp[        624] = 000001a0, expected = 2973
             6091455 ERROR: lsp[        625] = 0000c952, expected = 01a0
             6091515 ERROR: lsp[        626] = 0000ab54, expected = c952
             6091575 ERROR: lsp[        627] = 000091a7, expected = ab54
             6091635 ERROR: lsp[        628] = 00008c34, expected = 91a7
             6091695 ERROR: lsp[        629] = 0000847e, expected = 8c34
             6185275 ERROR: lsp[        630] = 00007db8, expected = 7ece
             6185335 ERROR: lsp[        631] = 00007b39, expected = 7db8
             6185395 ERROR: lsp[        632] = 00006cd4, expected = 7b39
             6185455 ERROR: lsp[        633] = 000029db, expected = 6cd4
             6185515 ERROR: lsp[        634] = 0000013c, expected = 29db
             6185575 ERROR: lsp[        635] = 0000c980, expected = 013c
             6185635 ERROR: lsp[        636] = 0000ab59, expected = c980
             6185695 ERROR: lsp[        637] = 00009190, expected = ab59
             6185755 ERROR: lsp[        638] = 00008c32, expected = 9190
             6185815 ERROR: lsp[        639] = 00008473, expected = 8c32
             6279295 ERROR: lsp[        640] = 00007db1, expected = 7ebe
             6279355 ERROR: lsp[        641] = 00007b4a, expected = 7db1
             6279415 ERROR: lsp[        642] = 00006ce1, expected = 7b4a
             6279475 ERROR: lsp[        643] = 00002927, expected = 6ce1
             6279535 ERROR: lsp[        644] = 00000154, expected = 2927
             6279595 ERROR: lsp[        645] = 0000c8fe, expected = 0154
             6279655 ERROR: lsp[        646] = 0000abc7, expected = c8fe
             6279715 ERROR: lsp[        647] = 000091bd, expected = abc7
             6279775 ERROR: lsp[        648] = 00008c3d, expected = 91bd
             6279835 ERROR: lsp[        649] = 00008465, expected = 8c3d
             6373215 ERROR: lsp[        650] = 00007db1, expected = 7ebe
             6373275 ERROR: lsp[        651] = 00007b46, expected = 7db1
             6373335 ERROR: lsp[        652] = 00006cc5, expected = 7b46
             6373395 ERROR: lsp[        653] = 0000296b, expected = 6cc5
             6373455 ERROR: lsp[        654] = 000001ad, expected = 296b
             6373515 ERROR: lsp[        655] = 0000c8ca, expected = 01ad
             6373575 ERROR: lsp[        656] = 0000ab85, expected = c8ca
             6373635 ERROR: lsp[        657] = 000091bf, expected = ab85
             6373695 ERROR: lsp[        658] = 00008c3b, expected = 91bf
             6373755 ERROR: lsp[        659] = 00008465, expected = 8c3b
             6467195 ERROR: lsp[        660] = 00007db0, expected = 7ec6
             6467255 ERROR: lsp[        661] = 00007b41, expected = 7db0
             6467315 ERROR: lsp[        662] = 00006cab, expected = 7b41
             6467375 ERROR: lsp[        663] = 000029af, expected = 6cab
             6467435 ERROR: lsp[        664] = 000001b0, expected = 29af
             6467495 ERROR: lsp[        665] = 0000c8c9, expected = 01b0
             6467555 ERROR: lsp[        666] = 0000ab42, expected = c8c9
             6467615 ERROR: lsp[        667] = 000091c2, expected = ab42
             6467675 ERROR: lsp[        668] = 00008c3d, expected = 91c2
             6467735 ERROR: lsp[        669] = 0000846a, expected = 8c3d
             6561295 ERROR: lsp[        670] = 00007dae, expected = 7ece
             6561355 ERROR: lsp[        671] = 00007b39, expected = 7dae
             6561415 ERROR: lsp[        672] = 00006cb4, expected = 7b39
             6561475 ERROR: lsp[        673] = 000029a9, expected = 6cb4
             6561535 ERROR: lsp[        674] = 00000192, expected = 29a9
             6561595 ERROR: lsp[        675] = 0000c97b, expected = 0192
             6561655 ERROR: lsp[        676] = 0000ab6a, expected = c97b
             6561715 ERROR: lsp[        677] = 000091af, expected = ab6a
             6561775 ERROR: lsp[        678] = 00008c3c, expected = 91af
             6561835 ERROR: lsp[        679] = 0000848a, expected = 8c3c
             6655255 ERROR: lsp[        680] = 00007da6, expected = 7eb0
             6655315 ERROR: lsp[        681] = 00007b53, expected = 7da6
             6655375 ERROR: lsp[        682] = 00006cd7, expected = 7b53
             6655435 ERROR: lsp[        683] = 000029df, expected = 6cd7
             6655495 ERROR: lsp[        684] = 00000148, expected = 29df
             6655555 ERROR: lsp[        685] = 0000c985, expected = 0148
             6655615 ERROR: lsp[        686] = 0000ab64, expected = c985
             6655675 ERROR: lsp[        687] = 00009193, expected = ab64
             6655735 ERROR: lsp[        688] = 00008c31, expected = 9193
             6655795 ERROR: lsp[        689] = 00008476, expected = 8c31
             6749275 ERROR: lsp[        690] = 00007db1, expected = 7ebe
             6749335 ERROR: lsp[        691] = 00007b4a, expected = 7db1
             6749395 ERROR: lsp[        692] = 00006ce1, expected = 7b4a
             6749455 ERROR: lsp[        693] = 00002927, expected = 6ce1
             6749515 ERROR: lsp[        694] = 00000154, expected = 2927
             6749575 ERROR: lsp[        695] = 0000c8fe, expected = 0154
             6749635 ERROR: lsp[        696] = 0000abc7, expected = c8fe
             6749695 ERROR: lsp[        697] = 000091bd, expected = abc7
             6749755 ERROR: lsp[        698] = 00008c3d, expected = 91bd
             6749815 ERROR: lsp[        699] = 00008465, expected = 8c3d
             6843195 ERROR: lsp[        700] = 00007db1, expected = 7ebe
             6843255 ERROR: lsp[        701] = 00007b46, expected = 7db1
             6843315 ERROR: lsp[        702] = 00006cc5, expected = 7b46
             6843375 ERROR: lsp[        703] = 0000296b, expected = 6cc5
             6843435 ERROR: lsp[        704] = 000001ad, expected = 296b
             6843495 ERROR: lsp[        705] = 0000c8ca, expected = 01ad
             6843555 ERROR: lsp[        706] = 0000ab85, expected = c8ca
             6843615 ERROR: lsp[        707] = 000091bf, expected = ab85
             6843675 ERROR: lsp[        708] = 00008c3b, expected = 91bf
             6843735 ERROR: lsp[        709] = 00008465, expected = 8c3b
             6937115 ERROR: lsp[        710] = 00007daa, expected = 7ed1
             6937175 ERROR: lsp[        711] = 00007b28, expected = 7daa
             6937235 ERROR: lsp[        712] = 00006921, expected = 7b28
             6937295 ERROR: lsp[        713] = 000026c9, expected = 6921
             6937355 ERROR: lsp[        714] = 0000f556, expected = 26c9
             6937415 ERROR: lsp[        715] = 0000cc6f, expected = f556
             6937475 ERROR: lsp[        716] = 0000ab61, expected = cc6f
             6937535 ERROR: lsp[        717] = 000090d9, expected = ab61
             6937595 ERROR: lsp[        718] = 00008a78, expected = 90d9
             6937655 ERROR: lsp[        719] = 00008442, expected = 8a78
             7030835 ERROR: lsp[        720] = 00007da4, expected = 7eb7
             7030895 ERROR: lsp[        721] = 00007b3d, expected = 7da4
             7030955 ERROR: lsp[        722] = 00006a08, expected = 7b3d
             7031015 ERROR: lsp[        723] = 000028c3, expected = 6a08
             7031075 ERROR: lsp[        724] = 0000f945, expected = 28c3
             7031135 ERROR: lsp[        725] = 0000cc11, expected = f945
             7031195 ERROR: lsp[        726] = 0000ab75, expected = cc11
             7031255 ERROR: lsp[        727] = 0000911a, expected = ab75
             7031315 ERROR: lsp[        728] = 00008b1c, expected = 911a
             7031375 ERROR: lsp[        729] = 00008464, expected = 8b1c
             7124995 ERROR: lsp[        730] = 00007db9, expected = 7ece
             7125055 ERROR: lsp[        731] = 00007b36, expected = 7db9
             7125115 ERROR: lsp[        732] = 00006c88, expected = 7b36
             7125175 ERROR: lsp[        733] = 00002995, expected = 6c88
             7125235 ERROR: lsp[        734] = 00000046, expected = 2995
             7125295 ERROR: lsp[        735] = 0000c9bf, expected = 0046
             7125355 ERROR: lsp[        736] = 0000ab78, expected = c9bf
             7125415 ERROR: lsp[        737] = 00009188, expected = ab78
             7125475 ERROR: lsp[        738] = 00008c14, expected = 9188
             7125535 ERROR: lsp[        739] = 00008471, expected = 8c14
             7219055 ERROR: lsp[        740] = 00007dae, expected = 7ebe
             7219115 ERROR: lsp[        741] = 00007b46, expected = 7dae
             7219175 ERROR: lsp[        742] = 00006cfe, expected = 7b46
             7219235 ERROR: lsp[        743] = 0000292d, expected = 6cfe
             7219295 ERROR: lsp[        744] = 00000122, expected = 292d
             7219355 ERROR: lsp[        745] = 0000c8f0, expected = 0122
             7219415 ERROR: lsp[        746] = 0000abdf, expected = c8f0
             7219475 ERROR: lsp[        747] = 000091bf, expected = abdf
             7219535 ERROR: lsp[        748] = 00008c45, expected = 91bf
             7219595 ERROR: lsp[        749] = 00008466, expected = 8c45
             7312975 ERROR: lsp[        750] = 00007db1, expected = 7ebe
             7313035 ERROR: lsp[        751] = 00007b46, expected = 7db1
             7313095 ERROR: lsp[        752] = 00006cc5, expected = 7b46
             7313155 ERROR: lsp[        753] = 0000296b, expected = 6cc5
             7313215 ERROR: lsp[        754] = 000001ad, expected = 296b
             7313275 ERROR: lsp[        755] = 0000c8ca, expected = 01ad
             7313335 ERROR: lsp[        756] = 0000ab85, expected = c8ca
             7313395 ERROR: lsp[        757] = 000091bf, expected = ab85
             7313455 ERROR: lsp[        758] = 00008c3b, expected = 91bf
             7313515 ERROR: lsp[        759] = 00008465, expected = 8c3b
             7406895 ERROR: lsp[        760] = 00007daa, expected = 7ed1
             7406955 ERROR: lsp[        761] = 00007b28, expected = 7daa
             7407015 ERROR: lsp[        762] = 00006921, expected = 7b28
             7407075 ERROR: lsp[        763] = 000026c9, expected = 6921
             7407135 ERROR: lsp[        764] = 0000f556, expected = 26c9
             7407195 ERROR: lsp[        765] = 0000cc6f, expected = f556
             7407255 ERROR: lsp[        766] = 0000ab61, expected = cc6f
             7407315 ERROR: lsp[        767] = 000090d9, expected = ab61
             7407375 ERROR: lsp[        768] = 00008a78, expected = 90d9
             7407435 ERROR: lsp[        769] = 00008442, expected = 8a78
             7501635 ERROR: lsp[        770] = 00007d79, expected = 7ebc
             7501695 ERROR: lsp[        771] = 00007aaf, expected = 7d79
             7501755 ERROR: lsp[        772] = 00005faa, expected = 7aaf
             7501815 ERROR: lsp[        773] = 000032a4, expected = 5faa
             7501875 ERROR: lsp[        774] = 000002ab, expected = 32a4
             7501935 ERROR: lsp[        775] = 0000d037, expected = 02ab
             7501995 ERROR: lsp[        776] = 0000ad82, expected = d037
             7502055 ERROR: lsp[        777] = 0000907d, expected = ad82
             7502115 ERROR: lsp[        778] = 00008972, expected = 907d
             7502175 ERROR: lsp[        779] = 0000d031, expected = 8972
             7596075 ERROR: lsp[        780] = 00007d7f, expected = 7eaa
             7596135 ERROR: lsp[        781] = 00007a3b, expected = 7d7f
             7596195 ERROR: lsp[        782] = 000060ca, expected = 7a3b
             7596255 ERROR: lsp[        783] = 000032c0, expected = 60ca
             7596315 ERROR: lsp[        784] = 000008d7, expected = 32c0
             7596375 ERROR: lsp[        785] = 0000d71c, expected = 08d7
             7596435 ERROR: lsp[        786] = 0000af46, expected = d71c
             7596495 ERROR: lsp[        787] = 00009139, expected = af46
             7596555 ERROR: lsp[        788] = 000089cc, expected = 9139
             7596615 ERROR: lsp[        789] = 0000d728, expected = 89cc
             7690195 ERROR: lsp[        790] = 00007da8, expected = 7ec3
             7690255 ERROR: lsp[        791] = 00007b07, expected = 7da8
             7690315 ERROR: lsp[        792] = 00006994, expected = 7b07
             7690375 ERROR: lsp[        793] = 00002c57, expected = 6994
             7690435 ERROR: lsp[        794] = 00000361, expected = 2c57
             7690495 ERROR: lsp[        795] = 0000cd2a, expected = 0361
             7690555 ERROR: lsp[        796] = 0000acac, expected = cd2a
             7690615 ERROR: lsp[        797] = 000091b7, expected = acac
             7690675 ERROR: lsp[        798] = 00008be0, expected = 91b7
             7690735 ERROR: lsp[        799] = 0000853e, expected = 8be0
             7784295 ERROR: lsp[        800] = 00007da9, expected = 7ebe
             7784355 ERROR: lsp[        801] = 00007b57, expected = 7da9
             7784415 ERROR: lsp[        802] = 00006dda, expected = 7b57
             7784475 ERROR: lsp[        803] = 000028eb, expected = 6dda
             7784535 ERROR: lsp[        804] = 000000ba, expected = 28eb
             7784595 ERROR: lsp[        805] = 0000c81b, expected = 00ba
             7784655 ERROR: lsp[        806] = 0000ab4d, expected = c81b
             7784715 ERROR: lsp[        807] = 0000918f, expected = ab4d
             7784775 ERROR: lsp[        808] = 00008c48, expected = 918f
             7784835 ERROR: lsp[        809] = 00008428, expected = 8c48
             7878135 ERROR: lsp[        810] = 00007da2, expected = 7eca
             7878195 ERROR: lsp[        811] = 00007b28, expected = 7da2
             7878255 ERROR: lsp[        812] = 0000691f, expected = 7b28
             7878315 ERROR: lsp[        813] = 000026c1, expected = 691f
             7878375 ERROR: lsp[        814] = 0000f566, expected = 26c1
             7878435 ERROR: lsp[        815] = 0000cc6c, expected = f566
             7878495 ERROR: lsp[        816] = 0000ab62, expected = cc6c
             7878555 ERROR: lsp[        817] = 000090d9, expected = ab62
             7878615 ERROR: lsp[        818] = 00008a78, expected = 90d9
             7878675 ERROR: lsp[        819] = 00008442, expected = 8a78
             7972875 ERROR: lsp[        820] = 00007d79, expected = 7ebc
             7972935 ERROR: lsp[        821] = 00007aaf, expected = 7d79
             7972995 ERROR: lsp[        822] = 00005faa, expected = 7aaf
             7973055 ERROR: lsp[        823] = 000032a4, expected = 5faa
             7973115 ERROR: lsp[        824] = 000002ab, expected = 32a4
             7973175 ERROR: lsp[        825] = 0000d037, expected = 02ab
             7973235 ERROR: lsp[        826] = 0000ad82, expected = d037
             7973295 ERROR: lsp[        827] = 0000907d, expected = ad82
             7973355 ERROR: lsp[        828] = 00008972, expected = 907d
             7973415 ERROR: lsp[        829] = 0000d031, expected = 8972
             8071355 ERROR: lsp[        830] = 00007d21, expected = 7e8e
             8071415 ERROR: lsp[        831] = 00007965, expected = 7d21
             8071475 ERROR: lsp[        832] = 00005d94, expected = 7965
             8071535 ERROR: lsp[        833] = 000041b3, expected = 5d94
             8071595 ERROR: lsp[        834] = 0000223c, expected = 41b3
             8071655 ERROR: lsp[        835] = 0000bdcb, expected = 223c
             8071715 ERROR: lsp[        836] = 0000c774, expected = d5f1
             8071775 ERROR: lsp[        837] = 0000d5f3, expected = b1c0
             8071835 ERROR: lsp[        838] = 0000cfcb, expected = 923a
             8071895 ERROR: lsp[        839] = 0000923a, expected = 88f2
             8174555 CORRECT:  lsp[        840] = 00007ea7
             8174615 CORRECT:  lsp[        841] = 00007d32
             8174675 CORRECT:  lsp[        842] = 0000793e
             8174735 CORRECT:  lsp[        843] = 00006042
             8174795 CORRECT:  lsp[        844] = 00004452
             8174855 CORRECT:  lsp[        845] = 00001dd2
             8174915 ERROR: lsp[        846] = 0000d1d2, expected = d587
             8174975 ERROR: lsp[        847] = 0000f2d1, expected = b02c
             8175035 ERROR: lsp[        848] = 0000f293, expected = 9269
             8175095 ERROR: lsp[        849] = 0000d02e, expected = 8ac0
             8278275 CORRECT:  lsp[        850] = 00007ead
             8278335 CORRECT:  lsp[        851] = 00007d93
             8278395 CORRECT:  lsp[        852] = 00007aaf
             8278455 CORRECT:  lsp[        853] = 000067b9
             8278515 CORRECT:  lsp[        854] = 000036ae
             8278575 CORRECT:  lsp[        855] = 000007e9
             8278635 ERROR: lsp[        856] = 0000eb1d, expected = ccf2
             8278695 CORRECT:  lsp[        857] = 0000acbb
             8278755 CORRECT:  lsp[        858] = 000091ec
             8278815 CORRECT:  lsp[        859] = 00008c22
             8377135 CORRECT:  lsp[        860] = 00007ec0
             8377195 CORRECT:  lsp[        861] = 00007d9d
             8377255 CORRECT:  lsp[        862] = 00007b49
             8377315 CORRECT:  lsp[        863] = 00006aa0
             8377375 CORRECT:  lsp[        864] = 000025ae
             8377435 CORRECT:  lsp[        865] = 0000f3cb
             8377495 CORRECT:  lsp[        866] = 0000cbd4
             8377555 CORRECT:  lsp[        867] = 0000aaf0
             8377615 CORRECT:  lsp[        868] = 000090b7
             8377675 CORRECT:  lsp[        869] = 00008a7a
             8471955 ERROR: lsp[        870] = 00007d76, expected = 7e9f
             8472015 ERROR: lsp[        871] = 00007aca, expected = 7d76
             8472075 ERROR: lsp[        872] = 00005fb0, expected = 7aca
             8472135 ERROR: lsp[        873] = 00003286, expected = 5fb0
             8472195 ERROR: lsp[        874] = 000002b1, expected = 3286
             8472255 ERROR: lsp[        875] = 0000d024, expected = 02b1
             8472315 ERROR: lsp[        876] = 0000ad8d, expected = d024
             8472375 ERROR: lsp[        877] = 0000907e, expected = ad8d
             8472435 ERROR: lsp[        878] = 0000896f, expected = 907e
             8472495 ERROR: lsp[        879] = 0000d022, expected = 896f
             8570575 ERROR: lsp[        880] = 00007d21, expected = 7e8e
             8570635 ERROR: lsp[        881] = 00007968, expected = 7d21
             8570695 ERROR: lsp[        882] = 00005d95, expected = 7968
             8570755 ERROR: lsp[        883] = 000041b1, expected = 5d95
             8570815 ERROR: lsp[        884] = 00002240, expected = 41b1
             8570875 ERROR: lsp[        885] = 0000be57, expected = 2240
             8570935 ERROR: lsp[        886] = 0000c779, expected = d5e5
             8570995 ERROR: lsp[        887] = 0000d5e8, expected = b1bf
             8571055 ERROR: lsp[        888] = 0000cfcb, expected = 923f
             8571115 ERROR: lsp[        889] = 0000923f, expected = 88f6
             8664495 CORRECT:  lsp[        890] = 00007e6c
             8664555 CORRECT:  lsp[        891] = 00007c18
             8664615 CORRECT:  lsp[        892] = 000077fd
             8664675 CORRECT:  lsp[        893] = 0000620a
             8664735 CORRECT:  lsp[        894] = 00004b91
             8664795 CORRECT:  lsp[        895] = 00003865
             8664855 ERROR: lsp[        896] = 0000b249, expected = dc3f
             8664915 ERROR: lsp[        897] = 0000cbef, expected = b5cb
             8664975 CORRECT:  lsp[        898] = 000093f8
             8665035 CORRECT:  lsp[        899] = 00008801
             8758495 CORRECT:  lsp[        900] = 00007e4c
             8758555 CORRECT:  lsp[        901] = 00007bdb
             8758615 CORRECT:  lsp[        902] = 00007549
             8758675 CORRECT:  lsp[        903] = 00005a73
             8758735 CORRECT:  lsp[        904] = 00003633
             8758795 CORRECT:  lsp[        905] = 00000ae3
             8758855 CORRECT:  lsp[        906] = 0000db5d
             8758915 CORRECT:  lsp[        907] = 0000b473
             8758975 CORRECT:  lsp[        908] = 000098d4
             8759035 CORRECT:  lsp[        909] = 0000894e
             8852535 CORRECT:  lsp[        910] = 00007e8c
             8852595 CORRECT:  lsp[        911] = 00007d61
             8852655 CORRECT:  lsp[        912] = 000078da
             8852715 CORRECT:  lsp[        913] = 00005eeb
             8852775 CORRECT:  lsp[        914] = 00002ff7
             8852835 CORRECT:  lsp[        915] = 000002f0
             8852895 CORRECT:  lsp[        916] = 0000d38b
             8852955 CORRECT:  lsp[        917] = 0000b05e
             8853015 CORRECT:  lsp[        918] = 000092fb
             8853075 CORRECT:  lsp[        919] = 00008a20
             8956335 CORRECT:  lsp[        920] = 00007eaa
             8956395 CORRECT:  lsp[        921] = 00007d76
             8956455 CORRECT:  lsp[        922] = 00007ad6
             8956515 CORRECT:  lsp[        923] = 00006067
             8956575 CORRECT:  lsp[        924] = 0000331b
             8956635 CORRECT:  lsp[        925] = 0000025b
             8956695 ERROR: lsp[        926] = 00001f23, expected = cff7
             8956755 ERROR: lsp[        927] = 0000025a, expected = acfc
             8956815 ERROR: lsp[        928] = 0000cff7, expected = 9052
             8956875 ERROR: lsp[        929] = 0000acfc, expected = 8965
             9059755 CORRECT:  lsp[        930] = 00007e8e
             9059815 CORRECT:  lsp[        931] = 00007d24
             9059875 CORRECT:  lsp[        932] = 00007968
             9059935 CORRECT:  lsp[        933] = 00005d94
             9059995 CORRECT:  lsp[        934] = 000041b5
             9060055 CORRECT:  lsp[        935] = 0000222e
             9060115 ERROR: lsp[        936] = 0000bdc2, expected = d5f8
             9060175 ERROR: lsp[        937] = 0000c759, expected = b1ce
             9060235 ERROR: lsp[        938] = 0000d5fa, expected = 9240
             9060295 ERROR: lsp[        939] = 0000cfcb, expected = 88f6
             9153675 CORRECT:  lsp[        940] = 00007e6c
             9153735 CORRECT:  lsp[        941] = 00007c18
             9153795 CORRECT:  lsp[        942] = 000077fd
             9153855 CORRECT:  lsp[        943] = 0000620a
             9153915 CORRECT:  lsp[        944] = 00004b91
             9153975 CORRECT:  lsp[        945] = 00003865
             9154035 ERROR: lsp[        946] = 0000b249, expected = dc3f
             9154095 ERROR: lsp[        947] = 0000cbef, expected = b5cb
             9154155 CORRECT:  lsp[        948] = 000093f8
             9154215 CORRECT:  lsp[        949] = 00008801
             9256875 CORRECT:  lsp[        950] = 00007df2
             9256935 CORRECT:  lsp[        951] = 00007a9b
             9256995 CORRECT:  lsp[        952] = 00007777
             9257055 CORRECT:  lsp[        953] = 00006770
             9257115 CORRECT:  lsp[        954] = 000054e2
             9257175 CORRECT:  lsp[        955] = 00003a76
             9257235 ERROR: lsp[        956] = 0000c077, expected = e02c
             9257295 ERROR: lsp[        957] = 0000e672, expected = b8f7
             9257355 ERROR: lsp[        958] = 00004b51, expected = 95da
             9257415 ERROR: lsp[        959] = 0000ce3e, expected = 8761
             9350895 CORRECT:  lsp[        960] = 00007dea
             9350955 CORRECT:  lsp[        961] = 00007aef
             9351015 CORRECT:  lsp[        962] = 00007481
             9351075 CORRECT:  lsp[        963] = 000060f6
             9351135 CORRECT:  lsp[        964] = 000038bb
             9351195 CORRECT:  lsp[        965] = 00000838
             9351255 CORRECT:  lsp[        966] = 0000dbfc
             9351315 CORRECT:  lsp[        967] = 0000b4a7
             9351375 CORRECT:  lsp[        968] = 00009868
             9351435 CORRECT:  lsp[        969] = 0000889f
             9445095 CORRECT:  lsp[        970] = 00007e72
             9445155 CORRECT:  lsp[        971] = 00007d0c
             9445215 CORRECT:  lsp[        972] = 00007754
             9445275 CORRECT:  lsp[        973] = 000060d4
             9445335 CORRECT:  lsp[        974] = 000034a1
             9445395 CORRECT:  lsp[        975] = 0000068c
             9445455 CORRECT:  lsp[        976] = 0000d6a9
             9445515 CORRECT:  lsp[        977] = 0000b1b2
             9445575 CORRECT:  lsp[        978] = 0000935b
             9445635 CORRECT:  lsp[        979] = 00008933
             9548395 CORRECT:  lsp[        980] = 00007e91
             9548455 CORRECT:  lsp[        981] = 00007d1d
             9548515 CORRECT:  lsp[        982] = 00007974
             9548575 CORRECT:  lsp[        983] = 00005dfd
             9548635 CORRECT:  lsp[        984] = 0000421f
             9548695 CORRECT:  lsp[        985] = 0000239f
             9548755 ERROR: lsp[        986] = 0000c2e6, expected = d5cd
             9548815 ERROR: lsp[        987] = 0000ccab, expected = b174
             9548875 ERROR: lsp[        988] = 0000d5ce, expected = 9218
             9548935 ERROR: lsp[        989] = 0000cea2, expected = 88f6
             9642415 CORRECT:  lsp[        990] = 00007e6c
             9642475 CORRECT:  lsp[        991] = 00007c1f
             9642535 CORRECT:  lsp[        992] = 000077fd
             9642595 CORRECT:  lsp[        993] = 00006216
             9642655 CORRECT:  lsp[        994] = 00004b95
             9642715 CORRECT:  lsp[        995] = 0000388b
             9642775 ERROR: lsp[        996] = 0000ad99, expected = dc60
             9642835 ERROR: lsp[        997] = 0000cbee, expected = b5e6
             9642895 CORRECT:  lsp[        998] = 000093ed
             9642955 CORRECT:  lsp[        999] = 00008804
             9745615 CORRECT:  lsp[       1000] = 00007df5
             9745675 CORRECT:  lsp[       1001] = 00007aa6
             9745735 CORRECT:  lsp[       1002] = 00007773
             9745795 CORRECT:  lsp[       1003] = 00006765
             9745855 CORRECT:  lsp[       1004] = 000054e8
             9745915 CORRECT:  lsp[       1005] = 00003a7d
             9745975 ERROR: lsp[       1006] = 0000c06a, expected = e037
             9746035 ERROR: lsp[       1007] = 0000e67c, expected = b901
             9746095 ERROR: lsp[       1008] = 00004b48, expected = 95dd
             9746155 ERROR: lsp[       1009] = 0000ce3e, expected = 8761
             9848995 CORRECT:  lsp[       1010] = 00007d8c
             9849055 CORRECT:  lsp[       1011] = 00007a4e
             9849115 CORRECT:  lsp[       1012] = 000077ab
             9849175 CORRECT:  lsp[       1013] = 00006a18
             9849235 CORRECT:  lsp[       1014] = 0000597e
             9849295 CORRECT:  lsp[       1015] = 0000362f
             9849355 ERROR: lsp[       1016] = 0000d74e, expected = dffd
             9849415 ERROR: lsp[       1017] = 00000c63, expected = ba2e
             9849475 ERROR: lsp[       1018] = 0000fd07, expected = 977f
             9849535 ERROR: lsp[       1019] = 0000d091, expected = 877f
             9942895 CORRECT:  lsp[       1020] = 00007d87
             9942955 CORRECT:  lsp[       1021] = 00007a54
             9943015 CORRECT:  lsp[       1022] = 00007449
             9943075 CORRECT:  lsp[       1023] = 00005b91
             9943135 CORRECT:  lsp[       1024] = 00003436
             9943195 CORRECT:  lsp[       1025] = 000007bf
             9943255 CORRECT:  lsp[       1026] = 0000dccc
             9943315 CORRECT:  lsp[       1027] = 0000b838
             9943375 CORRECT:  lsp[       1028] = 00009aa2
             9943435 CORRECT:  lsp[       1029] = 000088d6
            10036755 CORRECT:  lsp[       1030] = 00007e4f
            10036815 CORRECT:  lsp[       1031] = 00007c92
            10036875 CORRECT:  lsp[       1032] = 0000764f
            10036935 CORRECT:  lsp[       1033] = 00005b3a
            10036995 CORRECT:  lsp[       1034] = 0000398f
            10037055 CORRECT:  lsp[       1035] = 00000dcc
            10037115 CORRECT:  lsp[       1036] = 0000dbef
            10037175 CORRECT:  lsp[       1037] = 0000b823
            10037235 CORRECT:  lsp[       1038] = 00009817
            10037295 CORRECT:  lsp[       1039] = 00008907
            10130875 CORRECT:  lsp[       1040] = 00007e5e
            10130935 CORRECT:  lsp[       1041] = 00007c18
            10130995 CORRECT:  lsp[       1042] = 0000780d
            10131055 CORRECT:  lsp[       1043] = 000062c8
            10131115 CORRECT:  lsp[       1044] = 00004bca
            10131175 CORRECT:  lsp[       1045] = 00003a3b
            10131235 ERROR: lsp[       1046] = 0000b1e3, expected = dc69
            10131295 ERROR: lsp[       1047] = 0000caad, expected = b526
            10131355 CORRECT:  lsp[       1048] = 000093a1
            10131415 CORRECT:  lsp[       1049] = 00008803
            10234195 CORRECT:  lsp[       1050] = 00007df2
            10234255 CORRECT:  lsp[       1051] = 00007aac
            10234315 CORRECT:  lsp[       1052] = 0000777f
            10234375 CORRECT:  lsp[       1053] = 00006765
            10234435 CORRECT:  lsp[       1054] = 000054e3
            10234495 CORRECT:  lsp[       1055] = 00003a91
            10234555 ERROR: lsp[       1056] = 0000c0a8, expected = e015
            10234615 ERROR: lsp[       1057] = 0000e670, expected = b8de
            10234675 ERROR: lsp[       1058] = 00004b4e, expected = 95d0
            10234735 ERROR: lsp[       1059] = 0000ce3f, expected = 8761
            10337575 CORRECT:  lsp[       1060] = 00007d8c
            10337635 CORRECT:  lsp[       1061] = 00007a4e
            10337695 CORRECT:  lsp[       1062] = 000077ab
            10337755 CORRECT:  lsp[       1063] = 00006a18
            10337815 CORRECT:  lsp[       1064] = 0000597e
            10337875 CORRECT:  lsp[       1065] = 0000362f
            10337935 ERROR: lsp[       1066] = 0000d74e, expected = dffd
            10337995 ERROR: lsp[       1067] = 00000c63, expected = ba2e
            10338055 ERROR: lsp[       1068] = 0000fd07, expected = 977f
            10338115 ERROR: lsp[       1069] = 0000d091, expected = 877f
            10441115 CORRECT:  lsp[       1070] = 00007d8a
            10441175 CORRECT:  lsp[       1071] = 00007a49
            10441235 CORRECT:  lsp[       1072] = 000077a4
            10441295 CORRECT:  lsp[       1073] = 00006d6c
            10441355 CORRECT:  lsp[       1074] = 00005a75
            10441415 CORRECT:  lsp[       1075] = 00002c27
            10441475 ERROR: lsp[       1076] = 0000dac6, expected = dfc0
            10441535 ERROR: lsp[       1077] = 000005da, expected = b9e5
            10441595 ERROR: lsp[       1078] = 0000fc9b, expected = 9831
            10441655 ERROR: lsp[       1079] = 0000d281, expected = 8719
            10535255 CORRECT:  lsp[       1080] = 00007d6e
            10535315 CORRECT:  lsp[       1081] = 00007a48
            10535375 CORRECT:  lsp[       1082] = 0000738b
            10535435 CORRECT:  lsp[       1083] = 00005b12
            10535495 CORRECT:  lsp[       1084] = 00003517
            10535555 CORRECT:  lsp[       1085] = 0000061f
            10535615 CORRECT:  lsp[       1086] = 0000dd7a
            10535675 CORRECT:  lsp[       1087] = 0000b774
            10535735 CORRECT:  lsp[       1088] = 00009a90
            10535795 CORRECT:  lsp[       1089] = 000087b6
            10629275 CORRECT:  lsp[       1090] = 00007e18
            10629335 CORRECT:  lsp[       1091] = 00007b88
            10629395 CORRECT:  lsp[       1092] = 00007560
            10629455 CORRECT:  lsp[       1093] = 00005af8
            10629515 CORRECT:  lsp[       1094] = 000041d7
            10629575 CORRECT:  lsp[       1095] = 00000f3e
            10629635 CORRECT:  lsp[       1096] = 0000df65
            10629695 CORRECT:  lsp[       1097] = 0000b953
            10629755 CORRECT:  lsp[       1098] = 000099f0
            10629815 CORRECT:  lsp[       1099] = 0000880a
            10732395 CORRECT:  lsp[       1100] = 00007de5
            10732455 CORRECT:  lsp[       1101] = 00007a9c
            10732515 CORRECT:  lsp[       1102] = 00007784
            10732575 CORRECT:  lsp[       1103] = 0000678f
            10732635 CORRECT:  lsp[       1104] = 000054f9
            10732695 CORRECT:  lsp[       1105] = 00003b26
            10732755 ERROR: lsp[       1106] = 0000c0b2, expected = e037
            10732815 ERROR: lsp[       1107] = 0000e5b9, expected = b87d
            10732875 ERROR: lsp[       1108] = 000049a9, expected = 959a
            10732935 ERROR: lsp[       1109] = 0000cd78, expected = 875d
            10835695 CORRECT:  lsp[       1110] = 00007da7
            10835755 CORRECT:  lsp[       1111] = 00007a55
            10835815 CORRECT:  lsp[       1112] = 00007798
            10835875 CORRECT:  lsp[       1113] = 00006a09
            10835935 CORRECT:  lsp[       1114] = 0000597a
            10835995 CORRECT:  lsp[       1115] = 00003619
            10836055 ERROR: lsp[       1116] = 0000d74c, expected = dffb
            10836115 ERROR: lsp[       1117] = 00000c67, expected = ba41
            10836175 ERROR: lsp[       1118] = 0000fd07, expected = 9786
            10836235 ERROR: lsp[       1119] = 0000d091, expected = 8783
            10939235 CORRECT:  lsp[       1120] = 00007d8a
            10939295 CORRECT:  lsp[       1121] = 00007a49
            10939355 CORRECT:  lsp[       1122] = 000077a4
            10939415 CORRECT:  lsp[       1123] = 00006d6c
            10939475 CORRECT:  lsp[       1124] = 00005a75
            10939535 CORRECT:  lsp[       1125] = 00002c27
            10939595 ERROR: lsp[       1126] = 0000dac6, expected = dfc0
            10939655 ERROR: lsp[       1127] = 000005da, expected = b9e5
            10939715 ERROR: lsp[       1128] = 0000fc9b, expected = 9831
            10939775 ERROR: lsp[       1129] = 0000d281, expected = 8719
            11042935 CORRECT:  lsp[       1130] = 00007d6c
            11042995 CORRECT:  lsp[       1131] = 00007a3c
            11043055 CORRECT:  lsp[       1132] = 000077af
            11043115 CORRECT:  lsp[       1133] = 00006de3
            11043175 CORRECT:  lsp[       1134] = 00005ab0
            11043235 CORRECT:  lsp[       1135] = 000029c2
            11043295 ERROR: lsp[       1136] = 0000dd7b, expected = dfae
            11043355 ERROR: lsp[       1137] = 00000300, expected = b974
            11043415 ERROR: lsp[       1138] = 0000fc30, expected = 97d3
            11043475 ERROR: lsp[       1139] = 0000d281, expected = 86fd
            11136895 CORRECT:  lsp[       1140] = 00007cdf
            11136955 CORRECT:  lsp[       1141] = 000079dc
            11137015 CORRECT:  lsp[       1142] = 0000735c
            11137075 CORRECT:  lsp[       1143] = 00005cbb
            11137135 CORRECT:  lsp[       1144] = 000037cf
            11137195 CORRECT:  lsp[       1145] = 00000620
            11137255 CORRECT:  lsp[       1146] = 0000de6b
            11137315 CORRECT:  lsp[       1147] = 0000b79a
            11137375 CORRECT:  lsp[       1148] = 00009ae5
            11137435 CORRECT:  lsp[       1149] = 00008771
            11231075 CORRECT:  lsp[       1150] = 00007d71
            11231135 CORRECT:  lsp[       1151] = 00007a45
            11231195 CORRECT:  lsp[       1152] = 000075d5
            11231255 CORRECT:  lsp[       1153] = 00006236
            11231315 CORRECT:  lsp[       1154] = 00004926
            11231375 CORRECT:  lsp[       1155] = 00000fe6
            11231435 CORRECT:  lsp[       1156] = 0000e1c9
            11231495 CORRECT:  lsp[       1157] = 0000ba04
            11231555 CORRECT:  lsp[       1158] = 00009aef
            11231615 CORRECT:  lsp[       1159] = 00008796
            11334715 CORRECT:  lsp[       1160] = 00007d8a
            11334775 CORRECT:  lsp[       1161] = 00007a52
            11334835 CORRECT:  lsp[       1162] = 000077b1
            11334895 CORRECT:  lsp[       1163] = 00006a0b
            11334955 CORRECT:  lsp[       1164] = 0000597a
            11335015 CORRECT:  lsp[       1165] = 0000360b
            11335075 ERROR: lsp[       1166] = 0000d6e6, expected = dff6
            11335135 ERROR: lsp[       1167] = 00000c62, expected = ba44
            11335195 ERROR: lsp[       1168] = 0000fd07, expected = 9797
            11335255 ERROR: lsp[       1169] = 0000d090, expected = 878f
            11438315 CORRECT:  lsp[       1170] = 00007d6c
            11438375 CORRECT:  lsp[       1171] = 00007a3f
            11438435 CORRECT:  lsp[       1172] = 000077aa
            11438495 CORRECT:  lsp[       1173] = 00006d73
            11438555 CORRECT:  lsp[       1174] = 00005a81
            11438615 CORRECT:  lsp[       1175] = 00002c25
            11438675 ERROR: lsp[       1176] = 0000db6f, expected = dfbd
            11438735 ERROR: lsp[       1177] = 000005fc, expected = b9e1
            11438795 ERROR: lsp[       1178] = 0000fc9b, expected = 982a
            11438855 ERROR: lsp[       1179] = 0000d281, expected = 8722
            11542015 CORRECT:  lsp[       1180] = 00007d6c
            11542075 CORRECT:  lsp[       1181] = 00007a3c
            11542135 CORRECT:  lsp[       1182] = 000077af
            11542195 CORRECT:  lsp[       1183] = 00006de3
            11542255 CORRECT:  lsp[       1184] = 00005ab0
            11542315 CORRECT:  lsp[       1185] = 000029c2
            11542375 ERROR: lsp[       1186] = 0000dd7b, expected = dfae
            11542435 ERROR: lsp[       1187] = 00000300, expected = b974
            11542495 ERROR: lsp[       1188] = 0000fc30, expected = 97d3
            11542555 ERROR: lsp[       1189] = 0000d281, expected = 86fd
            11645475 CORRECT:  lsp[       1190] = 00007d76
            11645535 CORRECT:  lsp[       1191] = 00007a47
            11645595 CORRECT:  lsp[       1192] = 0000779e
            11645655 CORRECT:  lsp[       1193] = 00006daa
            11645715 CORRECT:  lsp[       1194] = 00005a45
            11645775 CORRECT:  lsp[       1195] = 000028c8
            11645835 ERROR: lsp[       1196] = 0000d7b7, expected = e034
            11645895 ERROR: lsp[       1197] = 0000012c, expected = b982
            11645955 ERROR: lsp[       1198] = 0000fd71, expected = 97fe
            11646015 ERROR: lsp[       1199] = 0000d34a, expected = 8706
Stopped at time : 11705710 ns : File "C:/ECE4532/Az_to_LSP/Az_LSP_Test.v" Line 145
