bd
7
13
1d
f5
18
34
e
2f
b
a3
e
2a
17
30
12
a4
c
2c
13
2e
f
2d
13
2c
11
2b
11
29
13
2b
10
2b
11
2c
11
2b
11
2c
10
2c
11
2a
1a
3b
a
37
f
36
f
37
e
36
11
33
14
34
e
32
11
35
1a
1b
19
1f
f
1d
11
1a
10
17
10
14
11
12
10
10
e
d
d
c
b
a
b
a
a
9
8
8
6
6
7
7
7
d
e
c
d
12
17
16
11
1a
12
1b
16
20
11
20
11
21
13
22
11
24
13
25
11
27
12
32
5
35
d
2e
e
2d
12
2c
10
29
11
28
10
27
12
26
13
27
14
2d
13
2e
17
48
16
eb
17
75
12
a4
11
2e
3
1a
8
d0
15
d2
e
aa
4
1c
b
23
b
22
14
25
10
26
11
27
13
29
11
2c
11
29
13
2b
10
2a
13
2a
12
2a
13
29
10
28
f
27
11
24
11
23
10
21
11
1f
10
1d
10
1c
e
19
10
18
12
17
11
17
11
18
1b
1d
10
6f
14
e9
12
db
1d
a4
5
71
11
68
19
87
1d
fc
13
a4
d
29
1
25
11
2c
11
2e
11
33
1f
3b
13
3c
15
41
12
42
11
48
f
54
15
3f
17
38
11
3e
9
35
b
2f
12
92
f
29
e
f1
11
5f
14
ef
e
67
2
e7
1a
38
11
e3
14
17
5
5
14
33
8
10
1d
de
17
ac
d
87
19
22
9
64
b
d
4
e4
7
da
14
25
14
27
1c
34
11
37
12
3a
17
41
19
f0
18
ec
1d
aa
1b
54
16
69
1d
20
1b
98
1b
1e
1b
56
a
11
a
32
1d
a4
16
2f
0
47
e
48
17
4a
13
4d
10
4f
e
4c
f
4c
f
4a
f
46
e
42
d
3c
e
36
f
2f
10
2b
10
23
e
1f
e
1d
1a
1d
1a
9a
1a
c7
1a
2f
16
ce
11
ca
19
27
1b
3a
1d
42
e
c
c
fc
3
2e
c
ee
16
f1
10
fd
17
45
f
71
9
69
c
6
d
2a
9
9f
17
4e
1b
93
0
48
9
aa
12
e5
15
12
1b
7d
1d
27
1b
c8
1b
e3
1d
8c
18
6d
1b
3f
1a
f7
1b
18
7
b7
15
68
1b
fa
1b
2d
1d
83
10
67
18
17
1d
d0
1d
4b
19
ce
1c
9c
16
f
e
dd
5
87
1b
36
19
7b
17
a2
1b
18
1b
30
1e
2f
15
27
1a
ff
1c
d6
b
5c
1a
23
1
7a
11
b6
1a
53
17
5
6
cc
2
20
3
72
7
2e
12
20
a
1d
12
1e
13
1e
13
1f
11
20
12
24
b
1f
5
22
f
22
d
21
10
1d
1c
21
1b
7e
18
f0
15
f9
10
c2
a
85
0
12
11
13
10
17
10
15
11
13
f
12
11
f
f
f
e
d
e
e
d
e
e
f
10
10
12
13
10
16
10
19
11
1b
14
1e
12
20
11
22
11
25
11
2f
e
2e
1d
53
13
61
c
d8
9
21
10
30
7
6a
12
da
8
7d
15
26
11
a1
11
80
11
2a
8
90
1d
aa
a
1e
10
24
13
27
13
27
14
29
13
2b
13
31
c
43
6
4e
10
aa
10
3b
12
35
b
27
18
2e
e
2b
10
29
11
28
10
28
10
26
11
26
f
24
10
20
10
1e
10
1b
11
18
13
18
12
17
11
16
13
24
10
24
1
e9
1f
47
18
7b
a
2c
e
86
13
58
17
fa
1d
5c
1
2e
11
19
19
27
1c
35
12
37
11
3c
17
48
14
47
8
47
e
41
f
3e
f
3c
11
3c
12
3c
11
3a
10
3b
11
38
1f
44
b
3c
13
48
c
37
18
b
1b
1b
9
2b
11
0
4
14
d
20
14
21
11
20
f
1e
12
1d
12
26
10
28
15
20
15
25
10
23
12
24
14
28
12
2b
12
30
18
38
11
3f
1a
b6
18
27
12
f7
13
9b
1b
fe
12
56
5
31
18
42
14
74
3
27
11
2e
14
3c
14
42
12
48
11
f1
17
cd
1d
c2
b
1e
8
e1
0
3e
1a
d1
10
fb
11
f3
2
51
11
2
1e
b4
b
32
f
f5
e
b2
12
35
8
3a
5
44
16
4b
13
4d
10
50
11
51
11
51
12
51
13
51
11
50
10
4e
12
4e
11
4c
e
48
10
45
10
41
e
3b
10
38
f
33
11
2e
e
2a
11
22
e
23
e
1f
1
16
16
79
3
d1
7
ca
1b
a2
12
54
b
ba
1b
5f
8
24
18
cf
6
9e
11
c6
11
de
17
f1
18
b
1e
1a
12
1b
16
e
12
de
e
3e
17
bd
d
36
13
b7
12
7d
a
f
10
20
11
a9
10
b7
1b
36
2
6b
7
f1
10
7e
19
22
1b
99
10
6d
1d
f3
12
1b
1d
ec
17
95
16
4b
c
24
15
e2
1b
d2
1b
ef
12
8a
15
34
11
da
13
27
14
27
1b
6b
1b
54
1b
6c
15
1e
1e
96
18
cc
1b
1a
1e
ed
10
33
17
44
d
12
18
d6
4
e9
1e
23
f
59
1f
2a
14
27
1e
33
10
30
12
2f
11
31
0
31
10
30
13
2e
12
34
7
41
8
6c
11
9d
8
7a
11
4c
10
f7
a
29
5
20
12
21
12
23
13
26
11
26
11
26
12
26
11
26
11
27
13
2c
11
32
18
41
1b
2e
11
a9
9
2d
17
2e
a
27
10
25
f
25
f
25
f
24
12
24
11
24
12
23
11
24
11
24
11
23
11
23
12
24
13
26
13
29
15
2e
14
29
a
dc
14
15
5
26
10
12
11
7b
1b
16
9
11
14
12
11
10
11
f
f
f
e
f
d
e
e
e
e
c
a
b
c
c
c
c
e
5a
14
9
1
39
b
f3
12
ab
10
6
f
b7
1d
fc
4
1e
13
fe
1d
e2
13
6
1d
6f
9
33
10
39
11
37
10
39
12
39
11
37
10
38
11
38
12
38
12
3b
12
3c
14
41
17
4a
11
c6
10
4e
8
35
14
36
11
2e
d
29
10
26
10
25
f
22
f
20
f
1d
13
1f
12
20
14
24
14
27
12
26
11
26
f
23
13
25
12
29
12
2c
12
30
14
33
12
34
11
34
f
33
12
34
11
3b
16
4b
8
11
1b
84
14
4
e
5f
11
dd
1
f1
8
e0
17
22
19
39
16
3e
10
3e
11
3f
13
40
11
40
11
41
11
42
11
42
11
41
10
3f
11
3e
f
3c
10
38
10
36
11
34
e
30
10
2d
10
2a
f
25
10
23
10
21
11
20
f
1f
e
1d
15
24
12
1e
b
10
15
e2
13
c6
17
d0
1a
f8
2
35
15
e9
17
c
1b
7b
5
a7
11
6d
1a
68
13
f0
1b
f4
15
a5
1a
d1
10
2e
1d
d3
1a
e3
18
ba
1b
b2
19
aa
7
79
11
f2
13
9e
7
36
e
23
8
2a
13
2c
11
30
14
34
12
42
1c
f
17
8f
14
29
10
5
e
f6
1d
f7
18
59
e
78
12
f0
11
3b
12
1a
c
1f
e
1e
12
1e
12
1f
10
1f
11
20
13
25
13
2f
f
32
17
a6
8
31
16
39
d
2c
10
2c
10
2c
11
2d
12
2e
11
30
13
31
10
33
12
34
10
35
11
37
17
3e
10
10
a
25
15
17
2
49
2
5c
11
77
13
b7
8
ed
a
c0
11
e2
f
f2
d
7c
f
74
11
d7
f
65
b
28
13
eb
18
9e
1e
b4
4
0
5
59
6
50
12
4f
11
51
11
4e
10
49
e
45
10
3f
f
39
10
33
11
2f
e
28
d
23
d
1e
12
21
14
31
8
2c
9
19
18
5a
1b
cc
19
c0
b
6
4
f1
1c
e6
12
8e
12
5c
14
33
1e
c5
11
25
b
3b
0
3a
10
e3
1a
d2
10
eb
e
ee
1a
d3
14
f8
11
12
16
9f
f
da
14
e4
11
38
14
a4
6
58
11
b1
15
58
d
30
10
7a
10
dd
10
7c
f
1d
10
d2
15
5e
19
36
11
54
1b
4b
8
2a
18
f0
1b
da
1d
e6
f
68
18
aa
c
d
1f
0
6
3e
9
33
11
31
10
31
10
30
12
2e
12
2f
10
30
14
32
13
38
16
b6
14
40
f
38
18
3a
9
33
12
36
f
2f
11
2e
f
2d
13
2f
f
30
f
2c
10
2c
11
2d
11
2b
10
2c
14
40
13
42
0
2d
13
2e
12
32
f
d3
14
93
1b
ab
9
90
1b
e0
1a
29
15
e
d
19
10
18
12
18
12
18
12
19
11
1e
18
2b
11
29
14
2b
10
2a
13
2c
12
2d
14
30
14
34
10
33
13
34
10
33
12
35
11
3c
d
44
f
9c
14
de
11
e6
4
af
1c
91
4
93
7
71
13
5c
16
a0
f
1a
16
20
19
28
f
28
11
29
13
2b
11
2e
10
2e
11
31
10
32
12
35
12
36
14
3c
14
3e
12
43
f
45
13
47
13
4a
12
4b
12
4c
f
4c
10
4d
10
4d
11
53
c
57
12
48
8
ec
f
ed
12
89
d
ee
b
e7
9
1e
18
58
f
22
18
89
d
4
d
c
0
d0
f
60
11
65
14
6e
10
6e
12
70
18
78
16
85
18
a8
11
fd
d
d
1f
14
1f
f8
1e
e7
14
e4
10
dd
15
3d
9
c7
5
ff
1d
4d
12
90
c
12
1b
60
1b
39
1b
8d
1e
fe
1b
d1
1b
12
14
f8
17
e
18
72
1c
bd
1b
ef
1b
48
14
a4
15
ef
c
ff
1c
2f
1b
ff
0
db
c
e5
d
fb
e
da
15
ed
10
3a
18
2f
f
a5
1e
e3
18
80
16
87
b
59
1d
38
0
49
b
60
14
7e
1b
4e
14
be
1b
ea
f
c5
c
ec
17
ca
7
f
c
e0
4
f8
f
2d
1d
5d
e
84
c
a2
e
a
d
2f
19
c5
15
5f
8
3c
4
6f
0
af
18
dc
10
fd
15
85
19
e7
d
15
a
15
6
db
12
98
12
5b
c
9a
1f
e9
18
c8
1b
f9
1c
d1
e
8d
7
f2
17
cb
18
c
14
ed
16
d9
7
5d
18
e2
19
f9
16
fc
15
99
c
9f
1b
bd
1b
81
1b
5a
1b
63
1b
fa
1c
d7
1e
21
5
3
4
35
c
2e
11
2d
14
2d
13
2d
11
2e
15
35
17
e1
1b
7e
10
3e
f
1f
4
1e
7
b4
e
ac
5
f7
13
26
1c
69
f
6
14
1c
f
1c
f
1c
10
1d
10
1c
12
20
12
22
11
24
13
29
13
31
7
2a
13
30
c
2a
10
c6
13
87
10
1a
8
1b
f
19
f
17
11
15
12
14
11
14
11
15
14
17
11
17
12
19
10
19
12
1b
12
19
c
f
e
e
d
54
11
d
d
e
e
e
f
10
11
22
9
23
12
2c
11
3a
b
e0
2
27
1a
2e
11
31
13
35
13
37
11
38
11
38
11
38
15
3b
6
40
7
3c
13
3a
f
39
19
da
13
e6
1b
bb
6
9b
1b
10
1a
ea
1c
70
d
5b
2
2d
11
9a
19
1e
18
29
18
32
11
32
12
33
12
34
10
34
f
33
11
31
f
2f
10
2d
11
29
10
28
e
24
12
22
f
1f
f
1e
11
1b
12
1a
10
1b
12
1a
13
1b
14
7f
a
7a
c
13
b
ec
12
34
b
a9
d
43
1a
2c
2
c8
f
37
1d
30
b
f2
18
b
1b
70
19
d1
13
a
e
1d
14
98
a
1a
19
2c
12
2e
13
35
5
e9
17
56
17
f5
10
3c
17
8c
1a
3d
e
15
1a
22
1b
e8
12
2a
8
55
e
e
13
19
13
1b
11
1a
11
1a
11
1b
14
27
11
28
e
91
d
7f
2
1f
c
18
11
16
f
14
11
12
11
10
f
f
e
e
f
e
e
f
10
11
14
16
14
1a
16
24
7
21
11
b
10
2c
12
b
2
12
1
3d
a
f8
8
49
e
a7
1a
ed
11
1f
1c
19
1a
23
12
25
11
28
13
2a
13
2c
12
2d
13
2e
10
2e
f
2d
12
2e
11
31
12
31
f
2d
f
28
d
23
f
21
11
20
10
1f
10
1e
13
1f
f
21
13
26
13
2f
10
2f
12
30
f
29
10
26
10
24
13
29
15
33
13
21
1d
27
10
22
f
20
10
1f
10
1f
11
1f
11
20
12
21
12
22
f
2f
f
2d
14
28
11
2a
14
2c
12
2e
11
30
13
30
14
34
12
46
f
3a
8
32
11
89
11
3c
15
c
d
d7
12
76
1b
54
7
bf
4
af
0
c7
18
60
13
d3
d
fc
1b
22
a
b4
7
7
a
55
c
13
f
17
17
1d
14
20
f
1f
f
1d
11
1c
10
1c
f
1c
11
20
11
1d
e
1d
10
1b
11
1b
12
1b
12
1b
12
1b
13
1e
12
1c
11
1f
10
20
12
21
13
23
12
24
12
24
13
25
11
25
11
26
12
27
12
89
11
28
11
29
12
2b
11
2c
12
2f
12
32
13
37
15
b4
1a
48
16
50
12
50
11
51
11
4f
10
51
17
5c
7
64
18
95
2
63
1b
28
1b
e8
1b
5
5
23
c
8
8
df
11
a6
5
35
8
ad
10
31
c
2d
1d
37
11
38
13
3a
11
3b
12
3c
13
3f
14
44
19
f6
10
4e
b
45
e
3f
10
3d
d
38
d
31
d
2d
f
2a
10
25
f
26
10
25
6
e0
1e
29
c
32
1c
2a
f
26
1b
85
f
6c
18
ce
1f
d8
9
2
8
68
10
1c
b
1c
13
1e
13
1f
11
20
13
23
12
26
12
2c
11
34
b
b5
8
73
13
41
15
31
10
80
1a
c9
12
c7
11
39
1c
d0
1
33
0
30
8
32
11
36
14
39
13
3b
12
3d
10
3d
12
3e
12
3f
13
40
10
3f
12
3f
12
3e
10
3c
12
3a
10
36
12
35
f
32
f
30
10
2c
10
2a
11
29
f
27
12
27
14
2e
10
2a
15
2f
15
2a
14
f7
8
31
8
d2
1b
e9
1b
fd
17
99
3
78
1b
ca
1e
54
19
1b
11
36
10
2a
0
1f
13
26
f
25
10
27
12
27
13
28
10
2a
12
2a
13
2c
13
2e
11
31
f
31
11
34
17
5
9
f3
0
0
5
6
b
1
e
8c
c
9
4
8c
12
40
14
36
1b
42
1d
c5
6
d1
1b
a8
10
53
1e
b
4
7
2
4d
a
47
12
4a
12
4d
11
51
11
53
e
51
13
54
13
d0
7
fd
15
4a
11
44
11
41
a
3a
d
32
e
2d
11
2a
10
28
f
25
10
24
10
21
12
23
10
24
12
26
12
28
10
29
11
29
11
2a
14
2d
14
32
13
37
13
3a
12
3d
11
3e
12
40
10
43
f
44
11
48
14
45
9
4e
5
5a
d
4f
18
d0
18
7a
10
59
14
55
8
33
12
51
b
4f
c
4b
13
4c
f
4c
10
4c
10
4c
10
4e
12
4c
10
4c
f
4c
f
4a
11
4a
11
49
e
46
f
43
f
40
e
3c
10
38
f
35
e
2f
10
2c
10
29
f
26
f
23
10
22
f
21
10
20
d
20
19
7c
11
a7
14
9
b
81
13
24
1b
69
a
c
c
5f
18
e8
f
b4
12
f2
19
1a
11
fb
1e
8c
1b
f7
e
cd
a
e7
14
43
10
ae
16
10
11
ca
f
64
6
2e
d
32
13
10
1b
5d
2
cb
15
23
12
c8
17
2d
4
67
11
a0
7
2c
15
34
7
ff
17
62
16
67
8
e0
a
a2
a
eb
17
55
10
5b
1d
f6
7
c5
1d
39
f
e3
7
45
6
40
1e
38
18
2b
14
3c
10
24
1b
2a
19
16
b
60
11
5a
1b
ea
13
3
4
32
11
34
e
2e
13
11
10
30
f
d8
8
ca
12
11
11
12
1d
2b
a
26
11
27
13
2a
17
30
17
43
7
3b
8
31
d
2e
c
29
e
26
e
23
10
22
f
21
12
21
12
22
11
25
11
2a
18
31
15
a1
f
96
c
1d
f
90
15
21
11
21
10
20
e
1a
10
17
11
17
13
1a
1d
1f
17
28
12
28
10
2d
12
34
e
1e
8
21
11
1f
11
21
14
23
12
25
f
25
11
26
11
27
14
29
12
2f
18
32
1d
39
1a
3d
17
3b
11
15
17
b2
b
2a
10
2a
10
27
13
3b
5
32
19
35
17
3c
11
3c
13
3e
11
41
12
48
14
37
13
36
11
32
11
32
11
32
10
30
10
2d
11
2a
10
27
10
24
10
21
11
20
13
24
17
19
17
21
12
21
7
20
11
2a
7
ec
17
bd
19
2e
2
4b
a
94
11
36
15
3a
12
3d
12
44
e
3e
15
42
11
44
10
44
11
43
11
42
14
43
f
40
f
40
e
43
2
36
10
32
14
2f
10
2c
13
30
15
37
1c
31
12
35
1d
b1
d
e6
b
57
1b
1a
a
ba
10
d6
a
3f
10
38
16
35
1b
3d
15
3e
19
47
13
47
11
d2
11
d4
1c
c8
1a
b0
1a
d
f
82
3
80
15
34
15
9a
1a
6
6
6a
d
7b
1d
27
13
7b
17
29
7
3a
7
60
e
57
16
5b
10
5e
14
66
11
69
15
6a
10
6c
12
6e
17
72
17
79
17
85
16
8f
1b
8b
6
7f
14
3c
17
d3
14
e2
d
d
1
3c
1f
0
5
c9
13
27
12
aa
a
cb
10
d3
14
f1
0
18
18
1c
f
53
12
75
10
17
a
14
c
16
10
66
3
f5
f
9c
c
e0
10
2d
a
43
18
9d
18
46
18
2d
4
e
3
2a
a
fd
d
b8
1e
df
1b
23
1a
c5
12
1b
1e
95
13
30
d
33
9
f4
a
89
13
fc
9
6a
11
de
5
57
1b
f8
b
1e
e
87
4
e
e
7f
11
45
11
cf
d
fe
19
a2
1a
c
c
36
16
1b
a
e8
f
d
d
d0
14
c
16
e2
18
b
d
85
16
11
3
d6
12
70
1
d8
d
5b
11
c7
15
52
18
1d
2
8d
f
f8
10
f2
10
29
c
e1
e
96
18
64
8
6f
12
1f
1b
57
c
2c
1b
a8
1b
2a
1b
45
1b
42
15
65
17
f0
18
8d
d
2d
18
32
f
30
12
31
f
2f
11
30
11
2f
11
2f
11
30
13
2e
e
2b
10
2b
11
2d
12
2e
10
2f
12
30
15
32
12
35
10
35
11
35
11
35
11
36
11
36
11
34
10
34
f
31
f
30
10
2e
f
2d
11
2b
f
29
f
26
f
22
f
1f
f
1d
f
1b
11
1a
10
19
f
17
10
16
10
17
11
15
14
17
12
18
13
1a
12
1d
12
1e
14
20
f
22
f
24
13
26
12
24
11
27
12
27
13
2a
12
2b
f
2c
15
2f
12
30
13
30
13
31
10
30
12
30
12
30
1f
2b
16
38
12
3a
11
3a
11
3a
11
39
13
39
11
39
10
3a
8
21
13
20
10
1d
10
1b
11
19
10
18
12
17
11
17
10
17
10
17
11
18
13
19
11
1b
15
1f
14
25
13
25
13
35
16
7b
18
83
11
e8
4
77
8
e1
8
d4
1b
26
f
70
12
97
1b
1b
1a
d7
1d
69
13
e1
b
24
1c
2f
12
31
11
33
12
34
10
36
1c
40
16
36
14
3b
10
38
11
36
12
35
11
33
11
31
e
2e
f
29
f
26
11
24
10
20
10
1e
10
1a
10
18
12
16
f
16
f
15
13
16
11
18
13
1b
13
1e
14
20
18
22
14
29
e
2f
9
2b
12
2e
10
2f
12
31
13
36
14
3c
15
40
13
44
13
45
11
43
10
44
e
46
14
4e
a
5c
e
3f
f
78
8
64
f
32
1c
9c
13
cf
11
38
f
c
f
63
10
d6
11
6e
e
86
11
ee
13
a
f
13
1c
20
12
23
11
27
15
24
12
98
12
fd
14
f4
4
68
1b
b5
1e
c2
18
d9
12
cc
1d
c3
b
fd
14
25
f
8b
f
d9
12
6c
13
c5
12
1f
f
7a
9
7b
14
18
16
1f
11
20
11
21
11
20
c
1c
f
1b
11
1a
10
19
10
19
10
19
10
1a
13
22
14
2e
10
2d
13
2f
11
32
16
39
13
38
13
3b
14
41
14
45
11
46
f
48
15
43
d
0
b
8
1
50
c
e
3
c
1d
ff
b
5b
1e
11
b
26
7
1e
f
17
10
14
10
12
1b
17
8
13
11
13
10
10
12
b7
a
8d
17
9e
1a
44
d
a4
e
9
7
c6
5
30
d
bb
5
2c
12
2b
9
2b
14
31
13
38
14
3e
14
43
11
42
14
47
17
4f
5
62
12
21
18
5c
6
f5
1c
c
14
c9
16
d6
e
f7
1c
37
2
7b
e
9d
1d
3
e
31
b
48
f
46
11
48
10
49
e
47
10
46
e
44
f
41
e
3d
d
38
e
34
c
2f
c
28
10
ef
d
54
f
42
15
1c
1a
fd
14
94
f
9b
1a
53
1
fc
17
d7
13
f
10
ac
12
4c
b
1c
b
c2
1b
ab
1b
e9
12
24
1d
e2
17
2a
13
8a
1b
f
5
ad
19
e0
16
ca
18
87
6
24
c
1e
1b
b4
1b
f8
1a
4c
17
df
1c
2e
5
d
e
53
10
b2
12
2a
7
22
1e
b7
b
f6
10
c7
7
7b
a
3
13
75
7
92
12
3a
19
c5
19
9
11
2f
4
f2
2
24
f
a9
19
97
19
23
12
35
a
d4
2
36
10
19
17
7b
8
37
f
ee
0
12
1c
3e
1d
d
3
ca
a
5
e
32
13
2e
f
29
12
2e
16
35
1d
39
0
2e
6
18
e
c
1
cb
17
6
4
8b
8
34
1a
cf
15
66
5
19
d
1d
a
14
f
11
10
f
f
f
e
f
11
10
11
12
12
15
13
f2
14
33
9
e
5
e
b
b
9
9
a
a
b
c
d
d
d
e
f
14
16
17
10
14
11
15
12
17
10
16
11
19
16
20
17
80
6
25
6
2c
10
5
5
96
1a
8c
8
53
9
9d
9
29
10
c8
16
1d
13
2e
2
b
1b
24
b
1f
14
26
e
2c
14
2d
16
fa
1f
34
11
73
6
1a
f
2f
6
f0
e
b0
11
59
13
bc
1d
d9
12
17
f
3
e
e2
8
a1
18
64
19
2d
8
1
0
b3
d
98
1a
30
f
28
16
31
11
32
11
34
10
35
b
35
10
34
10
33
12
33
12
32
f
2e
10
2c
10
29
f
26
e
22
e
1e
f
19
d
13
e
b
8
a
5
d
1d
ec
1e
14
16
a9
1d
7e
18
3c
1b
25
15
cd
13
1e
d
38
18
c9
10
33
1c
1e
8
f6
12
15
d
7a
19
c
c
2a
b
8a
11
a2
15
c9
15
2e
6
d6
e
b7
15
25
14
78
c
1e
10
97
1a
c6
10
95
10
ab
8
70
12
c1
f
2a
19
a1
1b
fe
15
c
f
5d
c
94
14
6e
8
42
c
e2
16
1f
18
e4
a
15
17
dc
c
93
1b
5a
1b
cf
1b
18
1b
ae
1b
e7
1b
a1
d
f5
9
48
13
b8
2
75
12
c
8
e
10
e
c
c
b
a
a
a
9
a
a
c
d
11
12
14
11
15
12
15
13
14
d
b
b
b
c
d
e
f
12
13
15
1a
17
22
15
2b
11
2c
f
32
d
2a
f
28
b
22
e
1f
d
1d
10
1d
12
1e
12
1d
10
1d
11
1e
12
1e
12
1f
10
1f
11
20
11
1f
10
1f
10
1f
10
20
11
20
12
21
13
22
10
22
10
21
12
21
11
20
11
24
13
28
5
92
7
30
17
d8
a
b8
7
2e
a
24
11
1e
12
1c
e
18
11
16
10
15
12
14
11
13
10
12
12
11
10
10
f
e
f
e
10
11
12
12
14
12
1b
24
12
14
f
b
18
79
9
23
b
eb
1
cd
12
5f
a
c1
17
6d
18
74
4
5e
e
da
11
8d
11
ca
19
16
18
1f
10
1e
14
1d
12
1f
f
77
11
20
11
22
13
2b
1e
2f
1a
a5
6
26
10
24
10
20
f
1e
f
19
e
15
11
14
f
12
11
10
11
10
11
11
16
13
18
ac
c
af
16
55
15
e2
11
13
11
f4
8
71
5
76
14
1f
d
1e
11
24
18
2a
13
2d
13
2f
13
32
12
34
12
37
10
38
12
3a
10
3b
12
3c
12
3d
10
3c
13
3c
13
3b
11
3c
12
3b
10
3a
f
3a
f
38
10
38
10
3c
e
3d
11
46
5
3b
f
3e
11
f1
17
72
1d
48
1b
cc
1b
4d
1c
8a
e
22
12
d
14
1d
11
1b
12
1a
11
1a
11
1a
12
1c
10
1c
f
1e
14
81
e
34
1a
3f
0
9f
14
f8
7
1f
5
31
f
0
3
2f
18
4a
4
2e
14
f0
11
5b
d
46
5
38
11
37
11
3b
13
40
14
f6
3
d6
0
3a
1b
87
9
6
1f
3b
1a
db
8
2e
a
2c
12
23
f
c0
0
36
1d
44
13
4a
13
4c
10
4e
13
4e
12
4f
e
4f
11
51
1d
54
13
57
12
58
10
60
c
33
1f
41
c
45
10
44
f
41
12
41
11
3f
12
f2
17
4e
c
3a
19
37
17
3e
f
3c
e
35
f
33
11
31
11
30
12
2f
10
2f
11
2d
12
2c
10
2a
11
28
f
26
f
24
11
22
f
20
10
1f
e
1d
f
1b
11
18
12
16
f
15
f
13
f
14
16
bc
c
11
c
80
19
12
1d
f4
a
f1
1b
10
1
27
1d
99
18
90
c
ad
b
a0
10
26
8
9a
11
73
8
2c
6
35
1a
9a
4
c0
8
e4
f
ac
e
1f
13
a7
17
35
1a
b3
5
5c
7
eb
c
bd
d
5e
11
de
f
39
a
4f
f
e4
13
f8
13
95
1b
f5
6
49
15
81
1b
eb
1c
d1
1b
d2
1b
d8
8
3
0
1c
11
38
b
2e
12
2b
10
29
f
25
f
21
12
1e
13
1e
11
1d
13
1f
11
1f
10
1e
12
1d
11
1c
10
1d
11
1d
12
1f
15
24
d
1f
11
21
13
24
12
26
13
2a
13
2c
12
2e
f
2d
13
2c
13
30
17
37
8
35
9
11
1a
24
7
1e
17
f4
f
3a
16
21
1
92
13
7e
1d
32
e
93
12
ee
7
89
e
fb
1b
dc
10
9f
9
1e
19
2d
13
2f
12
31
11
32
12
33
12
32
11
31
10
30
10
2d
f
2a
10
26
f
23
f
1f
e
1b
e
17
f
13
c
10
17
1b
a
64
12
12
0
70
12
ee
1e
12
c
3f
10
6a
7
fb
2
67
f
a1
3
4e
b
8c
1a
28
4
ff
1e
f6
f
29
10
79
5
4e
11
e5
12
fd
4
5a
13
5d
14
94
6
2a
16
3f
18
65
11
bf
14
e2
10
e
1a
c1
15
51
10
4
1c
1b
1d
1
1d
55
9
db
12
f
1d
84
11
31
5
2d
1d
2f
13
31
10
30
12
30
11
30
10
32
10
32
12
34
f
34
10
34
f
34
e
33
13
36
1f
33
1a
3d
f
3e
11
3e
11
3d
11
3d
10
3d
10
3d
f
3e
e
e2
b
28
c
25
d
20
10
1d
f
1a
10
18
11
15
12
14
11
14
11
14
11
15
13
1a
12
1a
17
1e
b
23
12
25
c
22
1a
27
14
29
f
27
11
26
11
27
15
2e
12
31
12
37
12
3a
11
3c
13
3d
11
3d
11
3f
12
3e
11
3d
12
3f
14
44
13
49
12
54
10
4f
e
53
12
cd
17
15
12
d8
e
cb
9
38
c
31
e
2d
f
26
e
22
e
20
f
1d
10
1c
f
1b
12
1b
12
1c
f
1e
13
1e
12
1f
11
1f
12
22
11
23
12
25
11
27
13
28
10
29
10
27
13
28
12
29
13
2b
10
2b
11
2c
11
2c
11
2c
11
2d
11
2d
11
31
11
3c
17
e3
c
fc
1f
30
14
2d
1a
42
12
3f
10
10
5
aa
7
7e
1a
7d
14
ed
11
51
8
25
19
1a
2
70
13
4
5
7
1a
1d
14
1f
e
1d
11
1c
10
1c
10
1d
10
1d
12
1f
11
21
14
23
13
27
13
2b
11
2e
12
34
11
36
14
39
14
3c
14
3e
15
40
12
47
c
3b
13
3e
11
40
e
3c
12
3c
12
3d
f
3d
11
3e
11
42
13
48
11
4b
12
4d
10
4b
11
4a
11
4b
11
4b
12
49
10
48
11
47
11
48
11
47
11
41
f
f3
5
6c
8
cc
19
cc
13
a9
6
e3
1a
eb
b
59
12
14
b
46
e
47
7
1d
16
20
d
27
15
29
11
2a
11
2a
12
2a
12
2a
13
2c
12
2e
13
33
16
41
b
43
10
43
11
45
16
4c
11
4e
14
50
11
52
11
52
12
56
11
58
f
56
1f
4d
1f
5a
13
55
f
54
14
24
18
10
18
d6
1d
b7
19
38
1b
ee
1b
bd
19
f1
1d
d6
8
0
11
14
1a
10
4
75
1d
83
1e
95
18
88
1a
36
12
76
1a
83
11
96
a
91
1a
53
5
fa
1b
29
4
85
1b
e5
5
c7
1f
30
1d
67
15
d0
f
1b
4
63
18
c6
1c
87
18
e2
a
bb
5
4b
e
5
5
62
18
8b
13
db
12
10
1e
2c
1a
5c
12
13
10
25
12
fc
1e
ad
11
ed
11
7a
1b
13
a
21
13
22
10
21
11
20
11
20
10
1f
10
21
11
20
10
20
12
21
13
24
13
26
13
2a
14
2d
13
2e
12
30
13
30
11
31
e
2b
d
26
f
21
11
21
11
1f
11
20
12
22
10
22
f
23
11
23
11
24
12
23
11
24
12
24
12
24
12
24
12
25
10
24
13
25
f
25
10
24
12
25
10
24
12
25
10
25
f
26
12
27
12
26
12
38
0
30
10
38
f
38
13
3b
e
38
c
31
e
2d
11
2b
10
2b
10
2a
13
2b
11
2b
10
2c
10
2c
11
2c
11
2d
12
2f
11
30
12
31
f
31
10
30
13
31
11
33
13
34
10
35
10
34
11
34
10
35
11
36
14
39
14
a6
11
88
2
81
f
7d
0
7
9
ff
1f
17
6
a7
1b
b4
14
b4
1b
77
18
94
e
b4
1b
54
1b
5f
d
84
1b
c7
1b
e6
11
ee
19
ce
5
b1
1e
27
6
f8
1b
e3
1b
45
1f
3f
c
15
13
4e
1d
24
c
30
13
1f
18
21
9
21
6
24
f
24
15
28
5
9c
1d
3c
e
37
f
35
11
33
12
32
f
30
10
2e
f
2f
12
34
0
28
1a
d8
1b
36
16
a2
1c
42
1b
cc
2
56
13
f
a
19
16
20
12
22
10
21
12
21
12
20
10
1f
10
1e
12
1e
13
29
7
20
12
21
13
23
10
23
10
22
10
22
f
23
e
20
12
21
12
20
12
21
12
22
f
22
10
22
10
22
11
25
b
23
12
25
10
25
10
25
10
25
f
26
10
24
12
25
10
26
11
26
11
27
12
26
12
27
12
28
11
26
12
28
11
28
10
28
10
28
f
27
11
24
14
24
11
23
11
23
10
23
11
24
12
24
12
25
12
27
14
2a
11
2c
13
30
13
32
14
35
11
35
12
a3
0
35
11
36
12
35
12
36
13
37
10
37
10
37
f
35
f
32
e
2f
5
24
5
11
f
81
15
21
15
84
1b
58
c
dd
18
fb
16
26
11
89
1c
f7
11
20
18
1a
e
24
14
29
11
2a
13
2c
13
2f
12
33
17
3b
14
42
13
49
12
51
e
4e
c
47
11
43
f
43
f
42
13
44
11
43
11
44
11
41
13
3f
13
3c
13
35
16
e5
13
28
b
3c
f
2f
11
4a
11
58
11
f6
11
3a
12
d6
d
28
f
bc
7
17
1d
41
f
d3
2
db
b
37
12
1e
17
87
18
0
3
9c
d
10
12
70
1
ea
14
4f
b
63
1b
bd
1b
bd
1b
bd
1b
bd
1b
bd
1b
bd
1b
bd
1b
bd
1b
bd
1b
bd
1b
bd
1b
bd
1b
bd
1b
bd
1b
bd
1b
bd
1b
bd
1b
bd
1b
bd
1b
bd
1b
bd
1b
bd
1b
bd
1b
bd
1b
bd
1b
bd
1b
bd
1b
bd
1b
bd
1b
bd
1b
bd
1b
bd
1b
bd
1b
bd
1b
bd
1b
bd
1b
bd
1b
bd
1b
bd
1b
bd
1b
bd
1b
bd
1b
bd
1b
bd
1b
bd
1b
bd
1b
bd
1b
bd
1b
bd
1b
bd
1b
bd
1b
bd
1b
bd
1b
bd
1b
bd
1b
bd
1b
bd
1b
bd
1b
bd
1b
bd
1b
bd
1b
bd
1b
bd
1b
bd
1b
bd
1b
bd
1b
bd
1b
bd
1b
bd
1b
bd
1b
bd
1b
bd
1b
bd
1b
bd
1b
bd
1b
bd
1b
bd
1b
bd
1b
bd
1b
bd
1b
bd
1b
bd
1b
bd
1b
bd
1b
bd
1b
bd
1b
bd
1b
bd
1b
bd
1b
bd
1b
bd
1b
bd
1b
bd
1b
bd
1b
bd
1b
bd
1b
bd
1b
bd
1b
bd
1b
bd
1b
bd
1b
bd
1b
bd
1b
bd
1b
bd
1b
bd
1b
bd
1b
bd
1b
bd
1b
bd
1b
bd
1b
bd
1b
bd
1b
bd
1b
bd
1b
bd
1b
39
1b
6f
c
a5
1b
4b
d
5f
7
96
15
11
1f
10
12
10
10
15
14
19
12
1c
f
1c
f
1a
11
19
10
18
11
17
11
18
13
20
10
24
16
2b
11
2d
12
26
12
25
11
26
13
28
11
29
13
2a
14
2e
11
2f
17
38
f
3a
0
33
0
42
15
e6
1
ae
1b
e3
1b
20
1b
19
1b
cd
1b
5a
1b
cd
0
98
b
30
12
eb
1b
18
12
23
1d
32
14
38
11
3c
10
3b
12
3c
13
3d
10
3e
11
3e
13
40
11
42
15
47
10
48
13
49
12
4c
10
4c
12
4e
13
50
11
52
11
5d
0
a5
1a
b3
7
f
1f
24
1e
13
15
c
10
ae
3
10
1b
99
c
ec
15
e8
b
a3
14
d1
13
8c
7
9f
c
51
1e
b1
1e
9a
15
ae
1c
39
11
bd
15
ac
1b
ca
1b
f3
1b
78
1b
c7
1c
a8
16
26
1d
dd
1e
e8
1b
e2
1b
c5
1d
e0
6
75
1d
e7
15
60
12
60
1b
ec
1b
ab
12
e0
f
14
1b
ef
1b
fb
1b
28
1b
ff
1b
84
18
8a
1b
1b
1b
cc
1b
d8
1b
c1
18
f9
1b
dc
1b
45
1b
a9
1b
b4
1b
d1
1b
57
1b
b9
1b
fd
1b
60
1b
6f
1b
e1
1b
69
1b
7b
16
1b
15
24
9
21
c
15
11
15
f
11
1f
18
9
6f
d
27
f
ff
1b
be
1b
14
1b
ea
6
f0
1
1a
1d
fd
18
26
4
20
17
2c
16
32
13
35
11
34
f
3a
d
36
12
37
f
37
f
37
10
36
14
39
14
3a
11
3d
3
3e
c
b5
6
ba
9
39
5
ec
8
c1
8
cb
e
a
16
18
13
19
11
19
11
1a
11
19
10
19
11
1c
12
1f
13
23
12
26
11
29
11
2b
f
2c
10
2a
12
28
e
20
f
1c
f
1b
13
1d
11
1c
11
1d
12
1d
12
1f
10
20
11
21
12
21
12
21
12
21
11
20
11
20
12
21
12
20
12
21
12
21
12
22
10
23
12
24
14
25
12
2b
17
1f
12
f7
f
18
1b
fc
f
2a
1b
2f
1b
78
1b
84
1b
33
10
5a
7
21
5
15
1c
24
17
2b
10
2c
11
2c
11
2b
10
2b
10
2a
12
2a
10
29
10
2a
13
2c
e
29
10
29
10
29
11
29
12
2a
14
2d
13
2f
11
32
13
a7
3
7c
5
2d
2
e
e
16
1b
d
13
12
12
b4
1b
f8
1b
51
19
5a
1b
c6
12
b1
1b
3f
9
a2
e
b0
11
fc
18
85
d
8a
19
a8
1b
e4
2
33
15
e3
1b
3f
1c
33
17
b4
19
60
3
76
1a
5c
e
13
10
1c
16
24
14
26
11
28
10
27
12
29
10
2c
16
2f
14
37
13
de
16
2b
e
2b
10
2b
11
2c
12
2d
14
2f
12
30
13
31
10
31
10
31
10
30
13
30
14
34
b
32
11
34
f
34
e
2d
19
33
12
34
10
34
10
34
12
34
12
36
13
37
10
38
12
46
0
37
12
3b
10
3c
12
3d
11
3e
11
3e
11
3e
12
3f
15
41
12
41
13
43
10
44
f
43
10
41
10
40
d
3b
0
32
13
30
11
3e
b
b8
10
f3
16
6c
10
16
e
a0
11
a7
1
6d
5
a2
17
ed
f
57
13
33
14
de
1a
d0
11
b2
0
4d
a
e9
11
d9
15
11
12
cb
18
17
1d
77
7
12
d
bd
1b
bd
1b
bd
1b
bd
1b
bd
1b
bd
1b
bd
1b
bd
1b
bd
1b
bd
1b
bd
1b
bd
1b
bd
1b
bd
1b
bd
1b
bd
1b
bd
1b
bd
1b
bd
1b
bd
1b
bd
1b
bd
1b
bd
1b
bd
1b
bd
1b
bd
1b
bd
1b
bd
1b
bd
1b
bd
1b
bd
1b
bd
1b
bd
1b
bd
1b
bd
1b
bd
1b
bd
1b
bd
1b
bd
1b
bd
1b
bd
1b
bd
1b
bd
1b
bd
1b
bd
1b
bd
1b
bd
1b
bd
1b
bd
1b
bd
1b
bd
1b
bd
1b
bd
1b
bd
1b
bd
1b
