2
28
171
5e3
384
295
112
125
c6
11d
ac
93
5c
63
c6
ae
aa
a2
a5
141
b1
42
42
64
69
a1
f0
e7
be
17e
117
54
3c
63
64
86
cf
d8
b6
10f
c2
84
5e
77
79
77
ca
113
c5
127
c4
7c
7c
69
79
7c
c1
fd
d7
161
bd
49
71
5f
7e
76
c5
be
b6
18a
133
74
6b
90
7d
7c
c3
db
ba
183
d3
46
61
5f
6e
95
a4
e1
c3
17f
f2
9d
8a
74
76
6c
ce
fa
de
155
ef
57
5d
4e
6f
89
bc
e9
c6
133
120
66
65
5c
6f
97
bb
c5
ac
160
f4
4c
52
4f
6e
8b
b9
d8
c4
123
bc
3d
77
65
66
6c
b4
e3
c1
14f
ee
9a
5d
57
79
79
118
d6
ce
19b
ed
63
65
5a
69
9f
bb
f5
c7
18f
b0
7d
75
4d
59
8c
a3
e2
c7
18f
b0
51
48
4b
ad
9a
c1
eb
12c
193
dd
9b
69
6b
67
70
ea
ba
b4
167
e1
4e
56
64
74
7c
f9
f3
da
18a
112
bc
6e
59
84
99
af
fd
c1
168
129
a5
5b
82
8a
9e
d9
109
f5
11a
e5
c1
90
7c
9c
90
cc
fb
e1
14f
120
9d
7c
a2
86
a3
d7
102
d6
105
c4
9c
78
3e
71
bb
e5
e9
c8
132
102
8c
88
63
67
9b
