0000
0000
0000
0000
0000
0000
0000
0000
0000
0000
8f6d
158c
8f19
191d
90aa
1989
0000
0000
0000
0000
8f61
1618
8775
4b84
86b4
6284
8673
69b2
887f
037a
8f6d
158c
8773
4ba1
8614
6874
8624
6517
8687
5bdb
8f61
1618
8775
4b84
8614
687f
8409
5d33
83a0
4274
84cb
2be6
8773
4bad
8614
6875
8409
5d33
8219
68d2
8254
5a15
84d6
4b0b
8616
6825
8409
5d1b
8219
68c6
81ed
724b
8259
6539
8518
6651
840d
5c9a
8219
68c0
81ed
724b
81e7
7496
82a5
666d
839d
5b6c
821a
6887
81ed
724e
81e7
7496
81e6
74eb
81f2
70f4
81ef
7234
81e8
7462
81e6
74ea
81e5
7500
81e5
74f7
81e5
74d3
81e5
74f2
81e6
74c0
81e6
74d6
81e5
751a
81e5
7522
81e4
7531
81e5
74f6
81e5
7501
81e5
74ff
81e5
751b
81e5
7503
81e5
74e4
81e5
750a
81e5
7505
81e5
751b
81e5
7503
81ed
713c
81eb
729c
81e5
74c6
81e5
7526
81e5
7503
81ed
713c
8207
71d3
81f0
73e7
81e4
74d5
81e4
751a
81ed
7137
8207
71d3
8234
775b
8210
767c
81e7
751b
81ec
717a
8207
71d3
8234
775c
82fa
78a2
832d
64b5
8214
6d05
8206
721c
8234
7760
82fa
78a2
84a6
7b5b
842b
68c5
8253
6d4d
8233
77a1
82fa
78a9
84a6
7b5c
853d
7cd3
850b
64ea
82a6
6e6a
82f9
78ce
84a6
7b5b
853d
7cd3
856d
7d72
853c
625a
8388
6e5c
84a6
7b5e
853d
7cd3
856d
7d72
8572
7d7a
85e7
67eb
8504
769e
853d
7cd3
856d
7d72
8572
7d7a
8576
7d74
855b
79d5
854a
7c61
856d
7d73
8572
7d7a
8576
7d74
8572
7d74
856f
7bfc
8573
7d31
8572
7d7b
8576
7d73
8572
7d74
8572
7d74
8571
7d72
8576
7d75
8572
7d74
8572
7d74
8571
7d73
8573
7d74
8570
7d73
8572
7d74
8571
7d73
8573
7d74
8572
7d75
8571
7d74
8573
7d75
8573
7d75
8572
7d76
8571
7d74
8573
7d74
8573
7d74
8573
7d72
8572
7d76
8571
7d74
8573
7d74
8573
7d74
8574
7d72
8575
7d77
8574
7d78
8583
7d56
8504
7b99
828e
7839
820c
74be
81f8
6d57
81fd
6b7f
820a
6cfb
8246
72b2
8297
760b
8408
714d
8345
5b6b
826d
6ed6
8297
7629
8408
714f
85b2
67c0
8654
61e8
849d
6176
846e
6d71
85b2
67bd
8654
61e5
8679
6552
8672
684b
8670
6897
8671
68a5
866e
68ca
866d
68be
865a
6929
8601
7246
8664
6c76
866c
692d
866d
68ca
865a
6928
8601
7246
868d
75eb
8673
69c0
866c
68cf
865a
6921
8601
7242
868d
75ea
8771
6290
867f
6525
8659
68cd
8601
7239
868d
75e9
8771
6290
87d8
4743
8655
65d4
85fa
723e
868e
75db
8771
6290
87d8
4743
86e9
59e0
86b1
7099
86c4
752a
876f
62ca
87d8
473d
86e9
59e0
866b
677e
86fe
6a8c
8780
6032
87d8
473a
86e9
59dd
866a
6795
8661
68ad
8774
5698
87d5
456b
86e8
59e9
866b
677e
8661
689f
8664
683d
8685
65be
8668
67c4
8662
6882
8664
683d
8662
6837
866a
66d8
865f
6836
8661
689a
8664
6846
8662
6837
866a
66d8
866f
6669
865d
6865
866a
66e7
866f
666a
865e
6857
865b
697a
8666
6806
8672
65cf
866e
666b
865e
6854
865b
697a
8666
6806
867b
64d0
867c
64c4
8660
681f
865b
697a
8666
6806
867b
64d0
8676
659f
8668
6769
865b
696e
8666
6806
867b
64d0
8676
659a
8673
6624
8667
67c3
8668
67b7
867b
64cb
8676
659d
8673
6627
867c
64d5
8674
65c7
867b
64c2
8676
659e
8673
6627
867b
64fa
8676
65b9
8678
65b3
8674
65fd
867b
64fb
8676
65b9
8635
68d1
85c3
5e3b
8535
62cd
852f
650c
852d
657c
852c
6568
8534
65c1
8529
6b5f
8539
6493
852e
64f7
8534
65c3
8529
6b60
8572
6f15
850c
6fbc
8526
62fa
8534
6549
8529
6b63
8572
6f16
850c
6fb9
870e
49e1
85d7
572c
8539
698d
8573
6f06
850c
6fbb
870e
49e1
8808
42f3
8560
6826
8577
6eef
850c
6fb8
870d
49f3
8807
42fd
86e2
4c0f
8557
641f
871e
48fc
8808
42f6
86e2
4c0f
85f1
599b
8588
5fd6
8778
4638
8814
42ae
86e3
4c18
85f0
59a6
8588
5fd6
8577
6197
8628
5808
86af
4e69
85f1
599f
8588
5fd7
8577
6197
8546
66f7
8669
50ce
85ec
59b1
8588
5fde
8577
6198
8546
66f9
8521
68be
8514
6a10
8568
62e6
8546
66f7
8521
68be
8523
68c5
8538
6a0a
8511
6a90
8521
6915
8537
6a1d
8504
6ad4
850b
6ad8
852d
6c78
8547
69ad
8506
6aad
850b
6acc
852d
6c78
8522
6c6f
851c
6bf8
8511
6a76
852b
6c84
8522
6c6d
851c
6bf8
8521
6cdc
8515
6c5a
851c
6ab1
8525
6bdb
851c
6be6
8521
6cdc
8515
6c5a
856e
6619
8549
6be9
8522
6c6a
8522
6cb6
8515
6c55
856e
6619
850f
7262
84d2
74be
8562
6727
850f
725c
84f8
78da
84d9
7977
84d3
7a13
84eb
7a60
84ec
7ab1
84ee
7abf
84e6
7ac5
84eb
7ac2
84ec
7abe
84e4
7abf
84eb
7abd
84ec
7abd
84eb
7ad0
84ea
7ad4
850d
77ca
8523
77a4
84ef
7a69
84ea
7ade
84ea
7ad5
850d
77ca
85ff
7307
85b4
7491
84ff
79fe
84e9
7add
850d
77c9
85ff
7307
86ce
78f9
85ff
77c7
8536
772b
85ff
7311
86ce
78fa
86c9
7b3a
86c5
7ade
870a
73ab
86d0
798b
86ba
795c
86b8
7830
86ba
77c8
86ba
77b2
86de
75d8
86c0
7888
86b8
782c
86ba
77c8
86ba
77b2
86b8
7781
86bb
77c3
86ba
77c4
86ba
77b2
86b8
7781
86b8
7797
86bc
77b9
86ba
77a0
86b8
7781
86b8
7795
86bc
77b9
86ba
77b2
86b9
7798
86be
7769
86bc
779c
86ad
77ed
8683
7a79
86b2
7cf8
86f1
7ca0
86cc
787c
86ae
77e8
8682
7a7d
86b2
7cf8
86f1
7ca0
874b
7b8b
8710
7882
86c2
7c5a
86f1
7ca2
874b
7b8b
8795
7b09
87a4
7aee
874b
7af9
8752
7b56
8795
7b0b
87a4
7aee
87a5
7aec
87a4
7af9
8782
7b0b
8798
7b00
87a4
7aef
87a5
7aed
87a4
7afa
87a4
7af1
87a9
7ad5
87a5
7aea
87a5
7aee
87a4
7afa
87a4
7af1
87a5
7af5
87aa
7ae4
87a7
7ae2
87a2
7af4
87a3
7af8
87a6
7ae8
87a6
7aed
87a3
7af1
87a2
7af3
87a3
7af7
87a5
7ae9
87a6
7aed
87a5
7af8
87a4
7af4
87a5
7af7
87a3
7af4
87a1
7af8
87a0
7af6
881d
7a32
8858
7759
87b5
7a70
87a1
7b01
87a0
7af6
881d
7a32
8ae3
7504
8875
7383
87b0
7a23
87a0
7afd
881d
7a32
8ae3
7506
8cb8
6a57
8813
748c
87ab
7a57
881d
7a36
8ae3
7509
8cb8
6a5c
8d81
39ee
883f
6f52
8831
791a
8ae3
750d
8cb8
6a56
8d81
39ee
9182
1680
8984
6853
8b78
71f0
8cb6
6a74
8d81
39ef
9184
1675
9a7d
fac3
925e
4290
8d6a
621f
8d80
39f8
9184
1675
9a7d
fac3
9fb7
f374
9351
176b
8df5
32dd
917d
1694
9a7c
fac7
9fb7
f374
a05c
f2ad
9f33
f3e5
a010
f30c
a05c
f2ad
a048
f2a8
a059
f2ac
a026
f2cd
9894
ff50
88b0
5299
8642
7a36
8604
7e67
861d
7e77
865e
7dc9
860b
7cf5
861d
7e2e
865d
7dc9
85c8
7d5e
8504
7e69
8549
7dde
8628
6bbf
85d8
78f1
8504
7e64
8549
7dde
850a
7e5e
8531
7e1e
8504
7e63
854c
7dd9
850a
7e66
8531
7e1e
8511
7e83
8563
7d6d
862f
79ea
855e
7e32
8554
7dec
84ba
7e03
84a9
7dc1
859e
7d4d
8741
5a51
860a
66d2
85a1
7d1b
8527
7e72
84d1
7d68
8537
7b89
8643
60e9
853c
6dca
853d
7a9b
8667
7c39
8709
7a9c
872f
79c9
8768
6e1c
86d7
78f8
870a
7aa3
872f
79c7
870a
79f4
8709
79f3
8728
7867
870b
79a7
8709
79f3
8705
7a02
8704
7a16
8705
7a10
8696
7c86
8660
7e1c
865c
7e4c
864c
7dae
85c2
671d
8860
22cf
86a6
73d3
8660
7d77
864c
7dac
85c2
671d
8860
22d1
8fcf
1150
86bc
7286
8652
7c7b
85c2
6723
885f
22de
8fd0
1148
a4bd
0606
9e2a
fe21
9273
0f3b
a4c6
0600
c762
0ae2
d5f8
1103
d870
1215
d789
1165
d6bc
10e6
d751
1141
d7ba
118d
d7e3
119f
d7d9
119d
d7d9
1199
d7a6
117c
d728
1130
d730
1129
d547
0f51
b406
ff12
b1e7
02ee
b16b
ff29
8bcf
37fc
8742
72e5
8753
70d9
8775
707c
880a
6bcc
877b
6f34
8775
7079
874e
7814
8747
7c1e
874f
7bf3
8751
7bb9
874a
7c58
874f
7bef
8752
7c22
874c
7c79
8746
7c50
8750
7c53
874e
7c66
874b
7c6e
8725
7c8c
869e
78ab
875a
57d2
8848
687d
8765
7a30
8725
7c96
869e
78ab
875a
57d2
b6c3
d240
88a3
611e
8743
7999
869d
78bc
875a
57d0
b6c3
d240
42e8
3739
893c
502e
86e9
6f8c
8754
5813
b6c5
d241
42e7
3737
5147
620f
8c79
12ea
88ff
35a7
b6e8
d1ef
42eb
3743
5147
620f
51b7
6777
5243
67a0
51b9
67bc
513b
6725
513b
6737
5124
66ff
5129
6721
5116
66e2
5127
6729
512d
673f
5133
6739
512a
66ff
511c
66de
5120
66da
5129
670a
512c
6701
5123
66d6
4c76
52e1
1666
f43b
db8d
d890
a996
d1a1
8c33
efdd
8557
1ac1
8385
36ed
8334
3e4c
8331
3f08
832c
3fad
832b
3fe7
832a
3fea
832e
3f4d
8332
3ed7
8331
3ee2
8333
3ec2
832f
3f8c
832e
3f54
832e
3f92
832f
3f47
8330
3ee4
832f
3f74
832f
3f47
832c
3f84
8346
3962
852a
2b1a
8434
380f
8340
3ef7
832b
3fc0
8346
3967
852a
2b1a
8a71
34c3
85d1
2ff7
838a
3647
8528
2b53
8a73
34ad
8bd4
35ae
9674
019d
98a1
f016
8be7
2cc4
8bd4
35b1
9674
019c
d7c5
ea2c
0994
09da
9b02
f5c9
8c60
30bc
9679
0188
d7be
ea27
0993
09d8
0d2c
0dd3
9605
0880
9836
feff
d7d4
ea30
098c
09d2
0d37
0dda
0cbd
0d82
07aa
06c6
0b69
0b8a
0d2f
0dd9
0cbb
0d80
0cff
0dec
0cef
0e07
0d4a
0e35
0cc0
0d8e
0cff
0dec
0cef
0e07
0ca0
0da2
0c78
0d7b
0cb6
0d68
0d03
0def
0cef
0e07
0ca0
0da2
0c78
0d7b
0cd0
0da8
0d1f
0df2
0cee
0df4
0ca1
0da7
0c79
0d7f
0cc4
0d9f
0d21
0dca
0d12
0e0d
0ca5
0dac
0c79
0d7f
0cc4
0d9f
0d21
0dca
0cd6
0dba
0cbc
0da2
0cc7
0d8a
0cac
0d52
0d09
0e05
0ce6
0e11
1033
0e44
1466
1318
0d9b
0e23
0d16
0e0c
0cee
0e18
1035
0e4b
1b73
1f49
0f23
1364
0d12
0e96
0cec
0e0e
1033
0e44
1b73
1f45
0cae
1901
0d70
0f15
1075
0e3a
1b78
1f4a
0cad
1900
036e
0513
c303
eb52
cac0
ec2d
0cf2
0edb
0cbb
190b
036d
0512
c2fb
eb52
a1de
f83c
9c6b
fdd8
99df
01f2
9cae
0010
b618
f5e6
d636
fb19
eee4
0fc2
9fe5
ff4b
9d1d
000e
b60f
f5de
d634
fb19
eee4
0fc2
06bb
2b2b
0f26
3d55
1058
42b5
0ee8
3eb0
f2db
0d53
b975
e042
a180
e223
b852
eb45
f92c
1ec6
f2db
0d55
b976
e049
a180
e223
97a3
edd7
a877
eaee
dc22
fabb
b975
e044
a180
e224
97a7
edca
930b
f9bd
9a74
ed1f
9fcd
e3ff
979f
eddc
930b
f9bd
9182
0002
9158
00d9
96b0
f246
9720
ef2b
930d
f9b9
9182
0002
9158
00d9
9172
009c
93ca
f873
92dc
fa84
9182
0006
9158
00d9
9172
009c
9161
00c8
91c7
ff06
916d
006f
9159
00d6
9172
009c
9163
00bd
9167
00b1
916b
009b
9173
009e
9161
00c8
9167
00b1
9172
0071
9157
00e5
9174
007f
9161
00c3
9167
00b1
9172
0071
9157
00e5
915f
00b7
915e
00ca
9166
00b6
9172
0071
9157
00e5
915f
00b7
916f
0087
9173
0084
9174
006c
9157
00e5
915f
00b7
916f
0087
9176
0081
915f
00c0
9161
00b3
916d
008e
9176
0081
915d
00cd
9158
00d4
9163
00c8
917a
006c
915f
00c7
9158
00d4
9155
010a
9162
00b4
916f
0081
915d
00cc
9158
00d4
9154
010b
9162
00b3
9240
fd74
9313
f9b1
918e
ffe4
9157
0108
9162
00b4
9240
fd74
a2dd
de66
97de
efb5
91b2
ffff
915d
00d0
9241
fd72
a2e2
de5d
a2a0
ef3e
9633
fc72
a3a7
de8a
a293
ef54
ae7a
f942
bdeb
fe64
c353
06c1
bc7c
ffc9
bf44
ff19
c354
06c1
c40d
097f
c450
09de
c402
09b8
c3c8
098b
c44b
09d9
c402
09b8
c423
09bf
c457
09f4
c456
0a09
c433
09f9
c455
0a04
c45a
0a07
bfa3
0a0c
dca4
1daf
e722
3059
d080
18a4
c0af
0b41
dca0
1dac
e723
3059
cfdb
2303
b667
1d9c
ba39
152f
dc4a
1e8f
e731
3064
cfdd
2305
b667
1d9c
ab79
2217
acf5
2118
aadf
227d
a8dd
2410
a8b9
240f
a8aa
23da
a8f3
23ca
a8f9
23d3
a8fe
23c8
a90a
23c1
a8ce
23f3
a932
23ae
a8f3
23cf
a8cd
23e3
a8ee
23d0
b013
2651
9b77
1ba6
8ddc
2ccb
8bf9
32d7
8f54
1a8c
96cb
0267
9a9b
fc78
9a9b
fc89
9a99
fc88
98cc
fe26
98f0
fe6f
9a6b
fccd
9a9a
fc8c
9a99
fc88
98cc
fe26
8d97
1eda
90e1
12f0
9793
008a
8d95
1ee9
899e
462b
87f2
6036
86af
6bcb
8756
56b9
8911
4a91
87f1
603c
86af
6bca
859f
7013
8534
716e
852e
7193
8538
713f
8535
711b
8538
711a
8535
7117
8535
7123
8536
711b
8538
711a
8535
7117
8535
7123
8537
7119
8535
711e
8537
7111
8535
7115
8535
711f
8537
7119
8535
711e
8535
7107
8535
7138
8537
711c
8535
711e
8535
710c
8534
7139
8534
7130
8536
711e
8537
7113
8533
7134
8539
7119
8530
70cf
85a4
73b8
8608
6d4f
854e
7077
8539
710e
8530
70cd
85a4
73b8
86e8
6fb9
860d
6dd6
8548
703e
85a6
7388
86e8
6fb7
8779
69e3
8806
5f27
879a
62c1
872b
6d18
877a
69d8
8806
5f1f
88b7
526f
88a6
51a4
8869
558c
88ba
51ee
88a6
51a8
8898
524e
8899
524e
889b
5238
889b
523a
889b
5238
889a
5245
8899
524c
8855
5507
87da
5d55
8909
5502
88b3
5243
889a
5245
8855
54fa
87da
5d53
881b
67e0
891c
583f
8801
5d64
881b
67dc
888d
6974
88dc
69dd
88d9
71a7
88dd
74bd
88ea
7500
88ee
74e1
88ed
7506
88f1
74e0
88ef
74e2
88ed
74fb
88f2
74e0
88f1
74f6
88f0
74ea
88ec
74f7
88f0
74e7
88ec
74fb
88f0
74e6
88ef
74fa
88ef
74e8
88ef
7503
8814
71b0
886b
6e5e
88e5
7439
88ef
74e8
88ef
7503
8814
71b0
87e6
613e
8968
6d30
88f9
7417
88ee
7501
8814
71b2
87e6
6134
9227
3241
89ac
67ad
8819
6ff1
87e4
6144
9226
323d
b803
35f1
c196
38a3
8829
5dbe
87e1
5986
922c
320f
b802
35e6
c1a0
38aa
cc34
35c6
a04d
3661
9ae6
2f9d
b84f
35ff
c1a5
38a9
cc34
35c6
dbee
4387
ce43
432d
c36c
3986
cc3f
35da
dbee
4387
df04
4486
dd9c
44cb
cd26
35c6
cd47
3595
dbf6
438d
df04
4486
dd9c
44cb
dd21
41f1
d6a4
3cc9
dcde
4470
df16
4493
dd9c
44cb
dd21
41f1
db8e
4256
ddfe
434e
dd76
4495
dd20
41ef
db8e
4256
dcb0
41ea
dcbe
43a5
dc6f
4163
db70
425c
dcaf
41eb
dcbe
43a5
ddc3
44b1
de38
42d3
dc4f
4318
ddad
4491
de35
42d6
da91
4139
deff
44b3
e453
4d56
e0c1
4992
df94
4577
e447
4d4a
e619
4f5b
e52c
4e88
cb1f
3876
b82f
2437
db60
42b0
e60b
4f4e
e52c
4e88
cb1f
3876
8f4c
347a
9b5a
2033
c01e
2f61
8f49
3473
8a45
66f4
8d33
7627
9031
7a95
9018
7c75
8fe7
7d4e
8fe3
7d67
8fe6
7d63
8fe5
7d64
8fe4
7d64
8fe5
7d63
8fa4
7d53
8e05
7cf5
8bb7
7c2d
8adb
7a8d
8939
6fe1
8b4a
6fd4
8adf
7875
8939
6fd2
88a1
61d6
87a9
677d
8786
66b3
876e
6976
8785
66c3
8776
66f1
8776
66cb
8772
66b1
8785
65f5
8783
665f
8779
66c5
8777
66c3
8772
66af
8785
65ed
877a
664e
8779
663c
8775
666a
8785
65e7
877b
6642
8774
664c
8784
6616
8780
6607
8778
665c
8773
6655
8784
6616
877a
667b
8779
669e
877c
6659
8777
66a5
8778
66a7
877a
667b
877b
667b
8779
6694
877a
6652
877a
667a
877a
667c
877b
667b
877a
6686
87ae
6615
886d
5ade
87a1
642d
877b
6671
8779
6694
87ae
6615
8962
6028
8a48
60a2
8b69
5df6
8ad4
719a
8b3e
7953
8be2
7ae5
8c10
7b1d
8c12
7b14
8c11
7b18
8c0d
7b13
8c18
7b12
8aa3
7a26
8861
7437
8b74
7844
8c06
7ad9
8c18
7b12
8aa3
7a26
8861
7437
86ac
6406
8b8f
78fa
8c11
7aef
8aa3
7a26
8861
7437
86ac
6406
86c9
52cb
8bdb
78ca
8a8b
79e9
8861
7421
86ac
63fb
86c9
52cb
8789
497a
8724
62e8
868a
60e0
86c7
52d4
878f
4952
88d4
4198
8958
3c34
88e3
38e2
87ef
450f
88dc
4136
895c
3c08
88e1
3a5e
88b0
3c96
892b
3b67
896a
3bed
88e1
3a63
88b0
3c96
892f
380a
88f5
39cf
88ad
3b35
88ac
3c98
892f
380d
88f5
39cf
88ae
3b65
889b
3c9c
8936
3842
88f4
39ce
88af
3b63
889b
3c9c
88d5
3adb
88b4
3c99
88a3
3d0d
88d0
3b18
88b0
3cd9
8888
3bf6
88e1
39fa
891b
394d
892c
381b
892b
38b7
894c
3918
8aa4
4165
8612
63fb
8572
7522
857a
7a76
8575
7cdc
8579
7d34
8578
7d33
8578
7d30
8575
7d2c
8358
3af2
817e
7412
814f
7c1d
814c
7ba1
80ef
7b49
80fe
6057
82f2
58e2
846b
6e08
8476
728c
847f
72be
8481
729e
8483
729d
8488
7280
8487
728d
8486
72a1
848c
728e
8487
729a
8488
7289
8485
72cc
8472
7284
8486
728f
82b2
7770
81e9
79e6
829b
7435
85ae
6ab5
86ef
6dae
86fd
6e1a
8736
6b52
8781
7371
87d1
774b
88a5
6806
8777
691c
8735
6b62
8781
7371
87d1
774b
8cdc
56b7
90fe
4c81
88a6
61b0
8781
7376
87d1
774c
8cdc
56b7
9bc6
48aa
9479
4ebd
8850
6dad
87d1
774d
8cdc
56b7
9bc7
48aa
96f0
58a3
93b1
5215
9c4a
4922
96f0
58a3
9436
6066
935f
6255
92e5
6371
934c
629d
92e5
6396
92d0
63d6
92c3
63ef
92c6
63ed
92c7
63e4
92d5
63c5
92d6
63d3
92c4
63e9
92b5
6411
9268
6406
9e3f
4b9f
9da3
4e72
9371
609c
9e41
4ba1
b8a7
3c0b
ae4e
2662
98e7
2432
918d
2623
92e6
2360
930c
234c
924f
268f
8bb9
4bf2
88c1
674d
8c0c
55b8
9061
49ca
9134
4813
90f8
491d
9134
483d
9106
4910
90e6
4992
9135
4841
9106
4910
9118
4880
9145
47fd
9100
4907
8a02
548a
86dc
7611
868d
7bdf
8684
7bd2
867b
7bc4
85f4
751f
8a4a
70dd
89b9
7a58
89a4
7bf6
89ab
7bb1
8acf
7998
9011
754e
89cd
7a85
89ad
7b7f
8acf
7997
9011
754e
9790
5046
b9b8
0e22
89d1
787b
8aec
78c4
9013
754d
9790
5044
b9b9
0e1e
e8ed
1e13
9339
5c96
93c9
72f7
979a
5054
b9bd
0e1d
e8ed
1e13
f44e
2900
a1d6
3a18
9b0c
3c63
b9cb
0e13
e8f8
1e18
f44e
2900
f47f
2964
bbd2
1159
bf06
0d77
e8e5
1e11
f44f
2902
f47f
2964
f4cc
29a5
f4d1
2993
f4ee
29ea
f4bf
299f
f2b3
232b
c6cd
021b
9ff3
111e
cea6
0963
ee7b
1e42
c6ce
021f
9ff3
111e
9b6d
2c02
9dfb
400e
c562
0fdf
c33d
0153
9fee
112d
9b6f
2bfa
9dfc
400b
a00c
4b27
aa3a
1cd1
9f33
1423
9b6e
2bf9
9dfc
400b
a00c
4b27
a0d7
4dec
9d2a
333b
9b64
2e04
9dfd
4008
a00c
4b27
a0d7
4dec
a10f
4e1f
9f9d
4920
a021
4bbf
a0d8
4ded
a10f
4e1f
a115
4e30
a11b
4e1f
a106
4e21
a116
4e21
a116
4e30
a116
4e2c
a10e
4e39
a107
4e0b
a100
4e42
a10f
4e42
a11b
4e1f
a10e
4e39
a107
4e0b
a0e0
4e17
a0f1
4e23
a0df
4e12
a0d2
4e4e
a0c6
4e71
a0c7
4e71
a0c7
4e74
a0c6
4e74
a0c7
4e6e
a0c7
4e74
a0c6
4e74
a0c7
4e6e
a0c7
4e74
a0c6
4e74
a0c7
4e6e
a0c7
4e74
a0c6
4e74
a0c7
4e6e
a209
48c9
a435
47a3
a146
4d96
a0c9
4e71
a208
48cd
a710
3c22
a7ff
30c8
a35d
445c
a101
4dd9
a20b
48c6
a710
3c22
a7ff
30c8
ac1b
1edf
b957
1308
c275
11cd
c314
12cc
c35a
12af
c394
12a8
c36c
12f3
c382
12ab
c39b
127b
c39d
1278
c39e
1276
c2b6
14a2
dc6f
203c
caf2
153f
c413
1299
c392
128c
c2b6
14a2
dc6f
203c
e6ea
48d7
ceb6
2a3a
c4a3
1518
c2ab
14af
dc6f
203c
e6ea
48d7
e736
4397
d24b
24d7
c43e
16b5
dc62
204b
e6ea
48d7
e736
4397
f0a6
453c
f508
4741
e97c
4adc
e72f
4399
f0a6
453c
ed90
5275
e2da
5fc5
e077
61c9
e619
4844
f0a7
453c
ed90
5275
e2da
5fc5
dd07
674d
e114
5b45
efd9
4713
ed91
5276
e2da
5fc5
dd07
674d
dcbd
680f
e776
5832
ed06
5389
e2da
5fc5
dd06
674e
dcbd
680f
dd0c
67de
dc96
684b
dcbe
681b
dd0c
67de
dd03
67e2
dcf4
67a3
dd09
67bd
dd1c
67c8
dd03
67dd
dcf4
67a3
dd09
67bd
dd0f
67be
dcf2
67ca
dcf1
67de
dcf5
67a2
dd09
67bd
dd0f
67be
dcf2
67ca
dd16
67c7
dd1a
67c8
dd09
67c1
dcf0
67cd
dd16
67c7
dd11
67c4
dcef
67d1
dd17
67c7
dd13
67c1
dcef
67d1
dd17
67c7
dd13
67c1
da75
6779
d652
6531
dbff
6750
dd19
67c4
dd13
67c1
da74
677c
c822
61fb
be8c
5618
b65f
45a7
bf8b
3ce7
ad5f
27a1
9cc9
1f13
99b7
2228
997d
22a8
996c
22e7
9966
231f
993b
232d
9936
2313
993e
2303
993f
2303
993f
2303
9de2
206e
9853
236c
8c1d
45ad
8f56
422c
92e7
3dbd
9bdb
38d6
acd2
3d50
bb7a
46a9
c1e5
4bdc
c437
4df6
c50d
4ec4
c53a
4ef0
c546
4f00
c57d
4e88
ca73
4fce
b68c
3a78
c23d
4a11
c543
4e1e
ca6f
4fcb
b68c
3a78
c340
36b8
dd94
4c96
cc05
3334
c6e2
36a9
dd8e
4c8e
db9d
4878
c784
33cd
c69c
326c
8981
5c83
8786
6b80
86f0
6e1b
86d4
701d
86cb
7274
86b4
74a5
8838
610a
871d
6de2
86b4
74a4
86a3
7703
86ba
7772
86c3
773c
86bf
774c
86c1
773b
86c1
7737
86c1
7734
86c0
7753
86c0
7745
86c0
7754
86c0
7745
86c0
7746
86c0
7764
8738
7260
89a4
5ee2
89ed
5b7d
884e
6a8c
8827
6c72
88ad
5e20
8a64
4c09
8d3d
48f8
8dd5
3dc1
8b0a
47fb
8d3c
4908
90d7
466f
9340
461b
9590
44d2
96a2
4428
9804
4374
99c9
42d7
9aaf
4295
9a8f
4291
9a61
42af
9aa7
4286
9a8d
428c
9a61
42ac
9a24
42b3
9a15
42b4
9a4e
42aa
8827
631f
86ac
7ab5
867e
7e57
86ad
7e41
86f6
7d7e
8753
754f
8819
6484
86aa
7aed
86ae
7e35
86f6
7d7d
8753
7550
8644
2623
880b
6537
86e0
7aab
86f8
7d59
8753
7544
8644
2623
998e
b39a
88af
636a
87ce
7134
8772
7376
8644
2628
998e
b39a
ef72
a2dd
8cdf
354a
8808
54a5
8658
24df
998c
b39a
ef66
a2e8
21f1
b2a7
8e43
f0e1
876b
0c57
9994
b39b
ef74
a2df
21fd
b2a4
3274
bf04
3516
c056
33b9
bfe8
33bf
bf8d
33eb
bf9d
33f5
bfed
33d0
bfa3
3361
bfaa
3369
bf6a
33cf
bfdc
344f
bfe9
3393
bf82
33d4
bfcc
344c
bfeb
3465
bfd2
3394
bf67
41a3
d4ef
48d8
d66a
1780
b5f8
faeb
b741
4316
d058
178f
b600
b975
c63c
a8e7
0ca3
aea5
0ace
c0a4
ee0e
c9d2
ea00
bde6
ea64
a3cf
f973
9cd5
f085
a2c7
d180
aa9b
c3d7
ad9b
c10d
ad92
c101
b07b
c017
b7d2
c68b
b501
ddc7
b1c4
da01
adf1
c4c3
b07b
c00f
b7d2
c68b
b501
ddc7
c278
e84d
c0f8
e0ed
b3f1
c6ad
b7d5
c688
b501
ddc7
c278
e84d
b028
1ae3
aa40
276c
b561
d90a
b502
ddc6
c278
e84d
b028
1ae3
a603
60db
aa53
46de
b33a
ef76
c279
e84d
b028
1ae3
a603
60db
a7e5
6f04
abfc
4a87
c01f
f2f6
b029
1ae1
a603
60db
a7e5
6f04
a967
717a
a8c1
5ef2
a5b7
65a9
a7e5
6f05
a967
717a
a9fc
723b
aa31
7272
aa2b
7270
aa34
7274
aa43
728e
aa4c
7299
aa5d
72a7
aa54
72a0
aa46
728e
aa42
728d
aa4b
7289
aa48
728a
aa2d
7260
ad39
6a37
aff0
5f8c
af29
516e
a5eb
5099
a355
47f9
a181
4baf
a0c4
4e05
a215
48d4
a14d
4c4f
a0c4
4e04
a054
4f37
a0e5
4e0f
a02f
4fd9
a0ca
4eb6
a0cb
4e12
a05a
4f28
a0e5
4e0f
a02f
4fd9
a058
4f35
a110
4d6c
a05f
4f5a
a0e5
4e14
a030
4fd9
a058
4f35
a09b
4eb9
a0e7
4e22
a028
4fe9
a058
4f35
a09b
4eb9
a07b
4f16
a087
4ef5
a084
4eb1
a094
4ec3
a079
4f16
a087
4ef5
a083
4eff
a082
4efe
a082
4efe
a082
4efe
a082
4efe
a082
4efe
a000
51e1
a618
60e8
a516
52ed
a115
4e9a
a080
4ef8
a000
51e1
a618
60e8
9f14
606c
94ca
66f8
9205
7351
9210
7599
9203
75a0
9201
759b
91fe
759f
9202
75a3
9201
759e
91fe
75a0
91fc
75a4
9203
75a7
9204
75a1
920d
75a6
921d
758c
8eca
6f55
8e17
6bca
90b1
688b
93d0
67b4
92bf
6799
93fc
67a3
9445
65fa
93bd
6491
9391
647d
9390
6483
9391
646a
9394
6461
9392
6478
93f0
64dc
8e08
5ec9
8a49
5f92
86d2
5e74
854d
6037
8506
6131
84ff
614e
8503
6146
84fc
617f
84fe
617c
84fd
6179
84fd
6166
84fb
617f
84fb
6177
8574
5dfa
85c6
55a3
8519
5f6e
84fb
6167
84fb
6177
8574
5dfa
87c2
3b78
872a
4a12
8531
5eb5
8576
5ddd
87c2
3b73
9f16
f94d
e974
0883
8bee
1bda
85fa
5599
87c7
3b6b
9f13
f94d
e974
0883
2dd5
50d3
b1b2
e299
9171
fcb4
9f2a
f96e
e96f
087f
2dd5
50d4
3b05
6e93
3453
559c
292d
4f48
172d
38ab
d2ca
ff06
9845
16e1
900e
5eb4
90de
7258
90b7
74b3
90df
75dd
90d3
75af
90d0
75c2
90cb
75a2
90c4
75df
90d5
75ce
90d7
7596
90b3
730c
8a83
62ab
8915
4e35
8975
4bd5
872b
6f0e
86df
752a
86d7
746f
8cab
306f
ac3b
087b
88ff
59fa
870c
728f
86d7
7465
8cab
306f
ac3b
087b
af4d
0a97
88f1
58cb
870a
710d
8cac
3067
ac3b
087b
af4d
0a8c
bb92
094a
9217
43d9
8c46
68fa
8bcb
6d89
8bca
6d8f
8bca
6d80
8bf8
65ca
db78
e51d
3ea9
5147
48d1
7523
48e2
7531
4858
73c8
4291
6e38
4723
7384
48b7
7518
48e2
7531
4858
73c8
4290
6e36
3450
6556
3667
68ab
3221
6530
24c4
66c4
1e65
6af4
18cf
6163
07d2
4182
143f
4521
1f43
5816
2031
5a59
2000
5a84
1ee1
611a
1982
5f38
1dc3
6e38
1fe5
71ea
1f87
71bc
3e01
6462
4c48
6bd1
3ddd
59ea
0f2c
2af6
fc5f
2315
209f
2291
4021
37ac
4b9b
4c74
4d4c
507d
3f22
390d
41b2
3a0e
4b9b
4c74
4d4c
507d
4cf1
4f7c
4c95
4ea1
4c89
4e81
4ca9
4eba
4cb0
4ee8
4cb6
4ed8
4c9d
4ea9
4cba
4ee7
4ca9
4ed1
4cba
4eed
4b51
4e4e
32d1
3394
22d1
2e30
1364
16f7
1343
16f0
122c
1562
e266
fd94
c2dd
035d
b2f5
1785
ae16
23f6
b712
11da
b254
18e0
ae17
23f6
ac2d
28f2
a970
2e3d
a800
3106
a8b0
2ee8
ab9e
29fc
a971
2e3c
a800
3106
a75d
310e
a72c
31bd
d543
0d9a
27db
529f
3688
76c7
368c
76e3
3515
713b
1b6b
3dd6
2b74
5992
35c8
745f
368d
76e5
3516
713c
1b6b
3dd6
cc8a
fb95
dbf1
008d
c555
f977
99ab
0174
8b14
38aa
87c8
6217
8756
6c70
b00d
d27f
1bbe
fc99
2307
166d
0a64
180c
129c
3009
e1fa
099d
09e4
fdae
1f40
12fd
0a66
180e
129c
3009
e1fa
099d
b4dc
0b12
ef16
f81d
06d7
15f2
1299
3003
e201
099e
b4dc
0b11
ab76
1327
af8f
0e60
ab62
1314
a8b0
1635
a86a
1696
a8b4
1637
a89d
1665
a878
166c
a86f
1672
a85d
1688
aba0
140d
bf18
0bd1
d5bf
1012
b217
120c
ac5d
13c9
bf1e
0bce
d5cb
1011
e5ca
2743
e0f2
3c43
ebb1
51d4
ee0b
5901
ee55
5977
e955
49de
b54b
25c3
9580
3a41
9623
365e
945a
3ce7
8c28
57f3
89e6
633a
8916
685d
88ca
6a2f
88b7
6aa9
88ba
6aa9
88c0
6a75
88b0
6ab7
88c4
6a51
88b7
6a86
88c0
6a63
88bf
6a6d
88dd
6a98
8bb9
6039
97ad
4f9c
abc0
502c
c24d
6521
c902
6ce5
c97b
6d6e
c823
6a2c
c842
5ea1
bdc5
4b43
c219
56b8
c78d
6818
c844
5ea5
bdc5
4b43
acaf
47c8
a50c
561f
a54f
544e
a5b2
52e9
a5ca
52c4
a79d
4692
b210
3a5b
bf3e
46f6
a911
52b1
a7d5
4675
b20f
3a58
bf3d
4702
c5a7
4f54
d7bd
2ff6
ad89
380d
b344
38f1
bf41
46fb
c5a8
4f54
d7bd
2ff6
e741
1e6d
c09a
416c
c125
49ff
c5a5
4f56
d7b8
2fff
e741
1e6d
dd3c
2f5f
c741
4a15
c63b
4ffd
d7bd
2ffe
e741
1e6d
dd3c
2f5f
db23
33b1
994e
782a
991a
7de6
9912
7e53
9833
7d99
97d4
7d08
9850
7bc7
9685
7352
91df
6bd3
913e
6b67
9179
6bbb
9619
6d9f
94c9
689a
8e07
5a47
89c6
4a91
8993
454d
8934
50d9
880f
64d9
879b
6dcd
88ab
5ae1
8987
4778
8934
50d0
880f
64e5
879b
6dcd
8845
6dab
890b
5cda
87cd
6aa4
8845
6dab
88b1
6ae0
87b4
707e
876e
7267
883c
6d12
88b2
6aa0
87b4
707f
876e
7267
876b
7274
8768
7209
876d
728e
876c
7271
8768
7207
876b
722f
8769
7245
876b
722f
a9b2
3c40
dddd
6ca0
e5ff
788e
e603
7893
e59e
78b6
de8a
739c
deac
7238
e50d
7795
e602
7893
e59e
78b6
de8a
739c
c8bd
619b
d673
6994
e402
76ef
de89
7397
c8bd
619b
b3f3
5639
ab6c
5394
a239
4d51
928b
534f
8f5e
5b8e
8f5a
5b11
8f4f
5ba4
8f54
5b47
8ea0
64af
8c16
7688
8bb1
79c6
8bb2
79c9
8bb2
79dd
8bb3
79e1
