f340
0148
c530
e676
f819
f16c
2d89
384a
0409
3857
baf5
ff0d
8ca6
3c9a
97f2
0692
9641
0bb7
8c43
4482
8aa2
55bf
8a90
5520
8bac
4f9d
8ee3
4522
9bff
32e5
9fcb
3fd8
a4ff
3a7d
a443
34e4
a005
3717
9b67
3195
979e
3018
90f5
3273
845f
5b6f
8358
6abd
8313
722a
8334
7597
833b
7584
8307
771f
82c2
77c4
827e
77da
cf8f
fd9d
af31
d6dc
a8e1
da58
a1eb
d513
a3a1
d1f7
9fce
d09f
9c48
d190
9397
e20c
8caa
01f8
8a15
19f4
895e
233e
896f
22cc
89c6
2820
8897
3a8f
86e9
5b00
8689
687f
8668
6750
8667
5967
8896
311b
8bce
15e7
8c5b
0e05
8992
22cd
87f7
447d
89d8
4a2b
913c
3238
94ff
2f43
90cb
40aa
8d8e
55e5
8bbc
66d0
8b94
6707
8eed
4d93
9aba
22ef
8dd8
4c79
903b
4367
8e15
51c0
8d64
5a2c
8d32
553f
8cc6
57fd
8c29
55a6
8a94
5e3f
8a01
6075
9518
1399
f308
e0bd
3781
0d97
28fb
2627
27f8
2229
26d6
3837
1663
2a7f
0a4a
2d92
1ed4
2db1
1480
15bb
fce0
1ea0
8e0f
50f3
8c04
6e36
8c45
70bd
8ce9
6efe
8d70
6949
8d90
62a0
8ca0
6163
8d75
5b82
8d31
5a96
8d45
5bce
8f62
5794
9359
5413
9531
59f4
9745
586b
9c5f
45ae
a0ff
3390
aa38
21b5
b053
1975
adef
15bb
a5d6
148a
a679
0847
af5b
fddd
b48a
f892
a675
f5b2
9080
00ef
8adf
05d8
9e38
daee
ef01
f29f
1aeb
3929
0872
2ae4
29ba
2671
38c2
446b
3345
5561
2c13
528c
1a55
46c0
0a0a
51d2
ba03
f641
90e3
0dc8
8f91
2122
8d4f
369c
8abd
4266
84b6
5720
8252
6d41
8201
752b
81db
75b4
8792
f429
d3d6
f388
e322
c3ca
a8ca
c32a
983e
cca3
9854
ce44
a2e1
c110
ab33
bda1
d5e6
bd2f
0699
de21
4852
1441
5b2d
2f22
50c1
33a3
3a38
18cd
446d
1d98
45b6
2b84
4c30
395a
4d04
3f1d
4561
2e90
22ab
fffd
176b
185a
14a0
1357
229d
2ce1
205c
2311
0764
2a80
2d6d
64da
1203
71e7
0b7e
733a
9bf9
fba6
9c29
f474
9514
0101
9a8e
f13d
9bfa
e530
9195
db76
8f3c
d12e
ace6
dcbf
dbfa
0300
fe09
0858
1344
1491
ff7a
0af2
f2b1
0725
fd77
000c
0e9b
2fd3
024a
35b8
19b7
42a8
1d33
4fec
8b0a
2fe7
878a
5812
8778
54d7
88f2
3831
8827
47f6
893a
390c
8987
38fd
8b21
268f
8e55
140f
966a
f64f
9c9a
ed8f
98ab
f52a
920a
0b3f
8fcc
1f2c
8ff6
268f
8db5
3017
8a50
3e3d
89a1
25d9
97e8
e872
e983
000f
f3a8
11c2
df7f
0537
e3f1
0232
fb3f
0305
022f
0237
05ca
0391
fd7a
17ae
049a
24e9
e650
1cb0
d851
3104
d31b
17bf
e0f6
13c3
d9a0
20ca
c3bd
17c3
c2cf
22d9
c17b
0e39
dedf
02a9
f1b0
fee3
0122
01b4
fc76
18ce
fde0
16a1
040b
15a5
369f
51ea
2cba
3a5a
03e2
07df
0946
09f7
0161
0425
f9fb
0048
ff42
0b15
035f
0f38
c716
ec13
fc5a
0124
f212
098f
121d
1ab5
1560
0ea1
f971
05f3
f3fa
02c0
fc52
001b
0000
1353
ef2a
08a8
fe96
016c
faa0
1739
0f0a
0bec
0ee5
10ce
044d
0101
fa1a
0fba
fb18
1153
f545
047e
ef08
19a5
e9c4
0f68
0962
0e02
0486
147b
f13b
2439
f91c
2718
17cc
2477
083f
23a6
313a
11b5
5d25
72af
5fc2
75cc
62b9
726f
5b3b
6874
62af
6793
5e05
6139
572b
6323
5cd8
6a4f
539b
60df
3c0f
3578
9c36
2c81
96cc
4e59
9917
55a2
9b46
57a7
9b98
51e2
9ffe
3b05
ab16
23b1
b879
1d32
b4dd
21ab
a4bc
2872
b10b
19ac
c75c
103e
d451
011d
e5e5
03b2
f7e4
1148
f51c
645b
fe84
6656
044f
68cd
a83c
0f0f
994d
39f1
9ddb
3d63
9e56
3fb7
9fa9
405d
9dfa
4911
9a09
4e06
9752
506b
95a3
515a
93f2
53cf
9436
55df
9596
5b1e
96da
5eb9
9931
6497
9b89
63d1
a04d
5e91
a035
5e8b
9ea5
5d0a
9ba3
5630
9739
4b06
915c
3f37
9047
2aec
bf6e
09d8
0ae9
3e2f
1140
461f
1a8b
3d5b
2706
3a0a
1e8a
3b2b
2734
4be0
3a75
3a6e
5ab5
47a8
4d86
4854
54f5
54bc
4087
55f4
2ae1
5add
27fe
5867
09ee
2efe
9044
301d
8c44
5d9b
8ba6
6a84
8a98
729a
8ab1
724a
8b22
6e9c
8c29
6312
a2ab
4a31
b2e9
5683
b53b
511a
a7e9
3511
9192
5f71
932d
6bc3
98f6
73bb
9acc
7588
9b61
767d
9b07
769d
99a8
74d4
9811
7443
96f1
7500
992e
75dd
9bab
7732
9dd2
7729
a179
755a
9f00
6e19
94b2
63dc
89c5
6c98
8677
75c7
85fc
6a1a
8bf1
362a
a9ed
032d
2b75
6585
2c48
5129
4bc6
57ce
5696
62a5
56ff
5c2c
4bcd
58d7
4d88
5e70
5220
53f2
943b
de25
8ef1
17aa
8ebd
1e39
8ed6
1f20
9043
177c
bec1
d807
9f7e
dd0d
901b
05d9
8c02
33af
8d0b
33c7
8dba
30e8
8d8d
2f6f
8a40
43df
898f
4860
89b4
46b0
89ab
4637
8990
458a
8aae
37cd
9338
0af3
a669
e96a
e12a
ea45
1e8a
42e0
f94f
2c80
f982
1a31
8f43
27db
8c83
59e7
8d20
59fe
8eb8
4c49
8e83
4b87
8df8
4cd6
926c
3265
8f22
1ede
8b76
47b0
8c3e
5006
8ea1
4fdd
8d89
5abf
8b71
6636
89f3
6deb
88f5
7149
8724
6cb5
848b
64ea
8692
41d9
a0a2
e5a0
e438
f6d8
0869
0e60
119e
247d
fb97
4c10
df2b
6032
df26
6d72
e074
7192
dc91
6927
9db3
2c23
91c9
29ab
9d80
1b75
afd1
0ecb
da21
30a9
fbc3
5acb
0719
591c
06f3
5cdd
0b09
5b5b
1059
47af
07b4
3c5f
fd60
57d1
fbd0
5405
f126
3b06
effa
5124
f9e1
45b7
016f
38d0
f142
3580
e232
3a34
aebc
1e4e
8b70
73e6
8bc4
784c
8bdc
7a5c
8c6c
798d
8d6d
782c
8eb3
7716
8fbe
772b
90cc
7697
9126
76e7
918b
768e
9218
7608
91fe
7674
92b8
75c9
935c
7550
9365
7528
946d
7554
93fd
7618
93d4
75ac
9318
756e
9222
759c
9049
7611
8ecc
7667
8dbe
738c
92df
614d
ad5b
6498
b381
62c2
b92c
5f62
bc1e
55f6
c147
4f55
cbcc
38e8
ee47
1038
f6e7
09c2
f098
048d
c9f4
1fa6
bc43
4896
bb04
3d16
b4e1
4539
af56
581e
af9d
59ac
afb7
4ba4
a538
43f4
b09a
45db
b2e6
344a
afbb
3592
bd5e
1e90
bd17
0e0b
c4cd
125f
be2c
213d
ae84
3e92
b6b3
2a6b
b339
200e
bb0c
3411
b957
3173
c0be
2703
bbe7
2df2
ccd9
2c55
b487
2575
aa17
29db
b310
2eb3
b446
1931
b019
3692
ae01
3945
b2aa
3a85
b92c
3d16
db2b
130b
f94e
1ee4
d149
0fa0
b944
272d
bdb5
29e8
ba57
fe48
d8fc
fe4e
ea03
08fd
f0a5
07d6
e8e4
038b
fe23
0fc8
01d0
0cae
019b
1cdf
027f
10a8
f9e4
0b9f
f825
0a16
0472
0e34
08bf
0c48
0153
0be6
0000
014b
0000
0000
c8f7
40d9
c24d
6a49
c231
67c8
94a6
5339
956d
5f7a
95f2
5f5b
95ac
5b7b
92ef
5b6a
90fd
5761
91dc
477b
9e46
2210
9e3c
1b44
26ee
443e
169b
374f
1dab
3a81
49ae
5379
5042
6174
52f8
5d5c
f734
f11d
9ca5
fd8e
994c
00ed
9970
fdc2
96c5
004d
9785
0326
9680
0ba2
9a30
0fa5
9a53
0c13
95a1
1dcd
9217
2718
8ef7
2a07
90fa
1991
a544
2191
9f0f
1cae
a648
12ee
9141
0294
8ab7
5353
8b27
6e0d
8cf6
70cc
8ee8
7030
9112
725c
912f
7507
90a6
76b2
90f9
7710
9126
761a
90d9
7580
9089
740e
9015
732e
8ef0
72e6
8c68
7202
8a55
6ca3
8ac2
4d53
9a58
10c3
d4f5
0326
fdfe
4226
f5bd
63f8
fba6
66db
0321
5baf
faa4
4cf6
924a
0a45
89d6
2b8d
8828
3861
87c7
439f
87bb
4594
86f7
4b04
86ae
4e2f
86c9
510d
87f8
4a4f
8726
55c7
8626
675d
868a
6092
9564
1895
9f8a
1d8e
9cc1
2af1
9440
3665
9183
1977
9f9f
f21e
b064
f207
fa85
6d7e
f388
6f2d
f097
6ddc
0257
2d27
fbf1
41b6
f381
370f
e682
06cf
a6c8
1fd7
9abd
5a7d
9af7
6174
9b02
5d1e
9cfa
55c3
9af0
5a33
96f6
5c76
9431
5c7e
903c
609f
8cfb
608a
8a66
5ce7
882a
543c
9574
0e43
de71
17c1
d232
28ee
961e
3233
8aba
726a
8c67
7606
8c28
75f0
8d19
6e80
8f12
5eab
90ec
4ac1
9814
1a27
ac8a
eb23
af9d
dd70
9e4b
e2e1
9024
fc89
8cc8
0da9
8d5c
1553
9c7d
f8a5
a532
fb11
9e91
068e
9c3d
101e
a51f
0e91
a11e
1d03
9698
3d81
977a
34ac
a06a
1cbe
9ce3
1a26
a977
f361
0539
ff50
3134
24e8
5222
5f52
5658
68ac
6a5e
7396
693b
7364
650d
75e8
603f
7242
5e06
515f
f86f
ce02
9340
090a
8d77
3bc3
8d74
4c61
8f74
4e0f
913b
4f26
924e
5135
9257
583a
9348
551e
9367
56f4
929a
60ab
93d0
5be7
9407
58b4
9410
59ff
9513
59e7
946e
5fc1
949c
5cae
954e
55ab
97e5
490a
9881
46e6
96c8
4e10
9587
53b7
9403
60d1
924f
63c0
8fa0
62a7
8ee2
529b
93d9
2e4e
b6fe
0b48
cf92
2d28
c7db
4e0c
cbd0
5350
e363
3589
e904
22e9
e4b9
15cd
eab0
2140
f0e7
170b
f939
0408
f065
1f66
edd0
3f13
f529
232c
0000
1cac
f786
21fe
f639
0c19
0434
14a8
fb3c
108e
e896
1450
f38c
166b
0000
0927
463d
74a4
4c99
72d5
3d68
3420
3aec
0c3e
41a3
0a34
485a
ff9b
8c5e
eb19
8e25
fd3a
8ef1
ff95
8c89
0deb
9d8e
c8c1
e25e
bdea
302d
ebe1
406e
1b58
2b8b
37ac
1b08
35b5
1599
402a
2526
4633
206b
3c8a
0df2
3fd3
0dee
3bd9
fc70
2a83
92bd
5a0d
94ba
5ee8
9a5a
5a7a
9e99
563e
a086
5652
9f54
579d
9bf0
5acd
98e4
5a1c
94fa
4335
8e9b
1afb
8e57
0c7b
a537
0352
9349
5b8e
9578
6ebd
9688
71c6
9796
74dd
97af
769f
96be
76db
9370
75e9
8ece
7505
8b6e
76be
896a
7810
87fa
783b
867f
757a
8670
4805
a4ad
f701
ed10
2afd
f8a7
48a8
fdb3
3d92
06d0
3a0e
0205
4134
06fe
5218
f4ab
4224
070c
3b3a
0d60
336f
054e
3eea
0420
43f6
1214
4118
122b
4c34
1268
4511
16fd
2d5c
118c
3479
0d53
41a9
8be1
3367
8a45
3c40
8bc9
2554
8d54
1842
8f47
08db
8bcd
190b
8be8
183f
8c9b
13d4
9065
01ba
91f7
030d
9593
fd62
9720
fbc0
a765
e642
a6ee
e7ea
94e3
02d0
8aaf
2cf5
a7b3
d6d5
0d60
ff25
0985
0200
d993
f6da
e8e3
01aa
1a78
1f88
f178
0cbd
cf89
fd32
d71b
14d7
d812
2a5d
def2
24d8
d067
2195
e8e9
36c2
f9cf
3edd
d644
faf0
d282
0f32
e57e
40af
dd3b
32f5
f09c
3e94
fb07
48e8
e19a
30be
e199
2d99
d89b
2d19
e3f2
3e49
db72
3539
e42e
3d96
eca6
4505
f222
557e
e328
437b
dc65
3a56
d71d
364f
cac9
2f3c
cc4c
3519
c747
3aa0
ccd8
3632
be61
3c3e
bfff
3a79
b7e9
365c
bc36
3f61
cc71
39ca
dc98
1df1
e660
f8db
e5b5
fbee
e6aa
133b
e353
1d6d
31ad
2f20
2f04
29d6
20c3
1ca8
8c70
6620
a088
736a
9d78
753f
9b4d
76f8
9a56
7928
9a9f
7940
9a61
7879
9794
76e7
9434
74aa
9137
7222
9005
6b05
9104
33c1
a5f2
e5c4
b868
e5cb
a7ca
f16c
96e2
17f5
946f
3129
918f
4fd1
9055
5c93
8fb7
5de5
9008
5df1
8ea5
63f0
8b43
6fce
8a70
75ad
8aa8
7663
8aad
76b7
89e8
7919
8964
79ca
88f9
78a8
87b7
715b
8ac1
5dd3
9457
3cec
ba17
0287
d3b9
f2b2
d8b7
faad
daf0
08dc
e898
0941
f23c
2177
f4ac
44bc
9a96
1867
aa73
0903
af91
00e9
b210
fcac
b106
f8ac
ae4a
f83c
a4c9
ff83
8f56
2b5d
8952
5974
8b42
6122
8d7f
5e67
9230
5a83
93f6
60b9
969d
6824
97de
6cdc
95b2
7012
929d
722d
8e68
73d2
8ab9
755f
8a9c
5f87
bc63
1ff3
f6fb
3062
f218
2c7d
fc3e
3180
f70a
3512
018d
21ca
fe87
247d
00df
2b29
eecd
1f13
d5c5
0bba
8b1c
6722
8d3e
70be
8cf8
727d
8c31
72b2
8c86
6f1d
8ccf
6b79
8c5f
64af
8bbe
5f63
8bd9
5ce9
8d34
5a54
8edd
5ad9
905d
602a
90a9
70c5
936d
7738
9692
77d1
9957
78af
9995
79b4
9854
7999
94ec
78cc
90d3
7855
8d45
7643
8784
7471
857d
7664
84f1
6b24
855f
428d
8b59
1858
96ac
2816
a115
275e
cac6
0741
fc6e
0737
3c7d
1c53
17a0
07ff
fed2
012f
f5c5
019c
1764
1deb
053a
0f59
8abd
4512
896d
6f49
8a0f
6da8
8a21
6a8d
89c3
682d
8830
72a4
877d
78aa
8717
7a8e
8719
79a0
883d
76b5
8813
75c7
8789
761c
882e
6769
aca4
ef1f
bb77
24d1
b2f1
2516
a90e
1fb2
b0d5
f144
bc76
0d00
bcba
2de4
c2cb
1f34
d7d5
0bff
e6df
0398
0000
0000
0000
0000
fe78
1255
01dd
0778
0709
0c1d
da7e
49e6
d957
4c08
db59
4516
f4c7
0c42
fd8f
092c
f2dc
01ea
e79e
203d
dfc1
2224
d64b
0d65
bc08
070c
ba57
0397
bb1e
1c7e
bde4
2547
b9f3
2b9a
d1e8
40a1
e1cb
3c2c
dbc8
2ce9
c0b0
1815
c5b6
1e4f
ca06
1438
d0c4
1765
df14
318a
d45e
238d
c613
1b27
d0b9
2b99
b8d4
1e8d
abad
136a
c1b5
1dd9
c734
0be5
c3f0
0200
bb59
0d13
bfb4
1e96
cbf7
2124
c891
2533
dc0f
2f81
c74f
236d
cbbd
2899
c839
270e
e435
39ea
d027
2707
c2fb
2aff
cfd1
2bd2
d951
32cd
d3a3
322e
d3ce
2c7a
babf
1be4
c683
16bb
d361
2e73
df26
2f54
d619
2095
c529
1206
e31b
2330
dd39
180c
c539
0fe9
c688
0b53
c3e9
0cef
c4c0
128e
c851
0ac4
bf19
0f9a
d0b6
0509
d6a0
0259
ce82
0889
d268
0752
e77b
0343
e000
09bf
d5c8
1125
d471
fbc6
dde0
fe41
da6a
0ec3
d982
0fbc
e9ac
0490
d7c3
f711
e9a5
efea
ee1c
f393
f25c
0f37
f65f
11e2
fc2f
0530
fb3e
fdcd
fcde
0971
01d9
ff69
4bda
562c
c999
cb6d
9755
eee5
9067
1289
8eb1
1d49
8efa
1d91
919c
1899
9125
1548
9592
0528
c617
fba1
f872
12f4
021c
27b7
06c0
2abf
1246
2448
1278
2ec4
ffb5
37a2
fa40
4d7a
0b18
3669
ca8e
0477
9014
6d1b
91e0
75a0
92ec
78df
928f
79c1
8fb4
7910
8ca8
7412
8a5f
68cf
89bd
6c72
87ad
6d46
85fd
5b80
9117
3611
9596
4a5e
8fc6
3ac0
c88e
da0e
3ca5
2bf3
26bf
1b5a
9253
5ac4
93d0
7346
958a
775d
9533
78b6
92e7
789c
9034
77ef
8eef
7306
8e05
661d
8a03
5d55
8852
5f20
86e4
679b
84e4
6e20
84e1
5eed
8ec6
41b9
9f5f
297e
a62f
0728
c44f
f590
cb18
ef34
bf05
ec54
b98f
e83a
b288
e502
a177
e484
86b8
3966
84d6
6700
ba9c
01ef
9162
344e
9530
326c
9cdc
37be
a1df
3be0
a01d
46d0
9db8
4d61
9bbe
5238
99ad
5054
9a45
4667
98cd
42b0
9863
3b42
9f34
3f48
9e2e
354a
a5e2
1c83
b744
04fa
eb77
0211
f229
13a8
f2e3
12f7
eb8b
1c75
f294
1a36
bfa7
5e63
bfda
708b
be13
7202
bf6f
60ea
8f94
6c6c
904f
6ba3
92e8
68cb
94dc
69e9
9608
6a8a
9672
6949
96b6
67b3
9653
6960
9646
6a52
9694
6bf9
97e6
6bab
98cf
6c61
9787
6e92
959a
7252
95a7
73a5
9604
73c4
968d
719e
96ba
6fa7
94bb
73fc
9276
702f
9168
6b3c
918e
67ac
a466
2222
c832
232a
c115
32d7
c0b3
5323
d3c0
3124
eb8f
0e28
f34d
0a61
be7e
4f4a
b8ea
68f7
b8c3
6d27
c007
5676
dc13
1cdc
feb2
07cb
0d5d
1191
d40d
5f0b
cead
688b
cf5e
6934
b99d
3cac
8a11
6004
8985
683a
8abd
551a
9c3e
1a95
e81e
157e
2124
2aff
29b4
38ea
2938
4c71
2c78
460f
2034
3f25
17db
30f3
0880
3623
12ea
5512
0fea
564e
0b6b
3d95
9625
19da
94f7
198e
9439
2689
9433
318a
96f3
26b7
98a3
2377
8ea7
28b5
871e
43fa
b932
0445
a8f4
0ea7
91d9
1df9
8f22
29ad
8ee5
18e1
9234
139a
9ab9
061d
a88f
fbf7
b8e6
f802
ca96
0180
d607
08b9
c0a8
f55f
a4e6
e8a7
9b3b
e3f8
9d68
db2a
9e3e
db69
a899
e226
f0da
da87
600a
391e
321d
0a3c
21d8
fd72
3b3a
2467
41e0
305a
4539
365a
4bc2
3b2f
40fb
2ed0
8fcf
f10b
a1e8
e617
99e9
07e3
929e
30b0
9671
34ab
9fb8
3771
a511
3ca2
a3c0
4b26
a799
42b7
a6d2
483d
a57d
4e53
a70b
42be
a881
22c4
9b89
1f1c
9571
2702
91bc
3655
908e
3a69
95ec
1f20
9dbb
09ae
a84b
ffed
a6c8
fed5
a111
075e
9914
1565
903a
2ac5
8ad6
3daf
8bad
2a0f
8b4d
3eda
8bb3
5dd0
8ca8
609a
8cb3
5e8a
9199
33f5
acb8
0669
955e
2891
959c
3298
949c
4183
95ea
4494
970a
43e1
9598
4758
9441
4c48
923c
514d
8fd4
576d
8fef
4daf
91ff
3237
90d5
2ae9
9622
2940
9371
392e
8dc7
50f8
8b8d
6002
8a0e
6b2a
88e2
726c
882e
759b
87be
6eee
86ad
6172
8ba5
4440
9caf
1187
b8c3
fb82
cda4
f6f5
db36
f4d3
fd26
f9ab
0de3
3007
e205
327e
d508
436a
b5ff
3d32
a741
3f6d
ad33
1f24
b8aa
0aec
ae51
2134
a81b
2ecf
b097
2913
affd
2bd3
ae59
2ee0
8fa5
7201
90bb
76bb
91a6
75fc
91bc
741f
905c
714d
8f31
6b5b
8f23
5fed
8da7
5c30
8770
652b
83fa
7660
840d
7758
841f
74d7
8408
758a
840f
7524
841f
75b7
8433
75ac
8564
4966
85b3
452f
855a
5992
85e4
559d
86c4
4e06
88ed
32c8
8f2b
0831
97c1
f1ae
a4ec
e239
a9b2
e19e
b50a
dc3f
b92d
dd0a
b961
df66
b435
e2dc
afd7
e687
afaa
e88d
b0f8
e8b6
b1b0
e677
b598
ebd6
c8cf
f73a
ca30
071d
ca9d
12b6
c663
1f9e
b6d5
2f00
a687
437a
9d8f
4f70
9f12
4305
b47b
2795
ef13
1eca
fb53
356e
0b45
4248
0914
40bb
116a
5452
14c9
50aa
1153
3c4d
0a0b
42dd
0c25
544c
1230
52b4
15e3
5251
1429
4ec5
94ec
3258
9612
4032
96d5
4787
9ba7
4103
9edd
40d9
a105
4846
9f6d
4ee8
992c
586f
9557
6131
a450
417b
a6aa
2b20
8ffd
5aee
8ca5
773a
8c78
783f
8b25
7955
8a3e
7ae6
8a37
7b29
8a57
7aad
8a61
7b03
8a31
7a8f
89f9
78a5
89b0
7474
8c0d
5c66
8cc0
5485
9261
25d8
a2b6
ff30
c726
f065
ec37
021f
0401
1b50
f979
3fa2
1601
4c6f
13b2
60ad
96b7
0241
9e22
efbb
a515
e05b
aaad
d868
9f67
efc1
9329
13a7
9167
1be1
9843
188a
b889
0048
f6a7
0b01
0559
3f7c
1109
52ca
0f6e
4ce5
1664
48c0
225f
3e53
19cc
45b8
0db9
478c
0902
39f3
c81e
0f21
8ba8
6b15
8b9f
71b2
8bde
73db
8c12
74ee
8af3
72c3
8a5d
6e3a
8bd1
6438
8c7b
6213
8d58
5e9d
8d85
5b73
8d44
5f77
8d76
634d
8f3a
5fe9
8e59
6873
906a
737b
95eb
778f
97e7
78ec
98c8
796a
985c
7942
94fa
77f0
919e
78c6
90a2
7a54
8efa
7a41
8ce9
77ed
8971
7277
8573
6d64
85af
56e5
8da8
1937
bb87
ec4b
e202
f287
fc7f
05af
f9ef
fc3f
f75e
1744
e83c
12a7
e46b
07ca
f370
0cfb
f3b2
059c
40c6
457e
12b4
166e
9235
1f10
8cc6
5ae0
8bd1
68ee
8b75
6f17
8b75
7165
8b7c
73a1
8b19
7635
8a75
762d
89f4
7486
8965
7643
88f5
7928
88a1
7a1b
8885
7691
87d6
7529
87c9
7334
8995
659e
8a49
6272
8e69
584d
937e
3873
a152
f75d
b42d
fb07
caa5
f1c4
f577
1312
044c
1595
0000
0e12
013c
0d8e
0000
1064
0f93
0dbd
05c7
0779
8fbe
7004
8987
754d
876b
799d
8711
79be
8725
78a1
881d
6f69
88cb
6d1b
8930
66be
8eaa
3d86
9385
2e64
a078
2641
9e57
2a8c
97f8
2bb5
90f2
3bad
8ab1
6475
8a1a
7620
8ac9
77cd
8ba0
7473
8d58
6cee
8e61
5eb7
90c6
42e7
9606
1d2c
a7bd
eeac
aee1
e328
9e58
ecc9
931a
fd15
963e
f9ad
9983
f82b
990d
ff72
9559
0e8d
8ea9
340e
94ff
175c
9bba
168c
96ad
2ea5
929d
4d48
90ef
5e44
905f
5948
9689
3726
9cbb
1c64
ce23
ef94
1017
1a79
2ce8
56d8
35cc
64c9
39fd
6fa0
3d2f
76eb
393b
7bec
35d8
7d26
3598
7a9f
2f43
5a33
f18e
05f5
b5f9
f3b7
93af
297e
8f6f
5076
8ea5
5958
8e10
629b
8e3a
68ab
8fe0
6624
9162
655e
92e0
61c6
92e3
61c7
9363
6101
95a9
57b6
99b6
4545
9af8
3fcc
9af5
41e7
9ad5
3f49
9baa
3baf
9cb1
3a85
9e4b
352b
9e11
329a
9f1d
2f57
9f46
36ab
a1f7
303a
a0df
3576
9cda
41bc
9ae4
3778
95c0
4374
98bc
43f4
c27a
3718
bfd4
3a1b
b5d2
49b6
c788
287b
ed51
0d17
ca0e
2407
c070
5cbe
ca56
51ab
b6a6
4ecc
bf5a
4013
cb8d
373b
d22b
455e
cead
4883
db26
3965
d81c
4d84
d8bc
42ca
df63
3eca
d4cb
4c09
d51a
45f5
d9d3
3e75
dc64
3fca
d57b
3544
d0cd
3421
d886
45c6
df25
50bc
ed05
4d6c
e09c
3bc3
d3d6
339a
ddad
3f98
e35c
4420
db30
42c4
e5af
34ef
dfe0
3f8e
c2c4
3d82
d187
35e5
dddb
2b72
df35
3260
dbee
3fca
de98
3cef
e1c2
413d
dd5d
4016
de76
30ac
d5af
28a5
c437
3421
c584
2aa8
c8e6
1bd7
c78c
1a2f
b2f3
1c56
add9
1929
c432
02b8
da18
f9f9
f28a
fb2b
d97a
e06b
ab34
43b1
e773
3bd8
fd8b
2ee6
3c9e
294e
3224
2a89
1c84
22b7
f858
3365
16ec
41ee
37e0
2f96
3b67
336a
29da
3c90
2867
3abf
e6e5
1393
8f11
4e35
8def
5ca6
8e2b
6381
8ee4
5af7
8de4
5f03
8e9f
55c0
a7ca
3fb1
9a64
4ad1
9087
57c1
914e
5787
915c
5b20
9125
5e71
93b2
5af6
94c4
55b9
975e
49ca
9922
425c
95f4
4d5a
96e2
4d69
9cb4
46d1
a41e
4067
af7a
429a
ac23
3a28
a3aa
2803
9069
666b
90f5
6d6e
8f53
6cdf
8e98
6445
9252
4360
98f7
3146
9740
3449
9213
4194
8a3d
5ab4
874d
75a7
86ea
7ade
8680
79bd
00b2
6165
c5ba
0c17
97b2
234e
94f7
3762
9d2b
33ce
a5a4
3d5e
a807
4bf4
a970
52d0
a66b
5cbf
a4af
5c87
a3dc
59c2
a38a
5240
a82d
3c78
bb98
319b
ce80
50ff
dc9a
5e2c
cbc7
6340
aa4e
5881
9505
63e4
91fe
6b8e
8df6
6ee3
8b73
6fad
85e0
6fa8
8367
7913
8330
79a9
834a
78dc
835c
793b
832f
79a9
d10f
0287
8f1e
2701
8cdb
3853
8cda
3730
8d66
3459
8ef3
2a88
908a
21a8
9404
145c
9833
0807
a766
f18f
c9d5
f186
e047
0355
d0cd
fdc5
bbeb
fa33
b9a4
f95f
d108
f493
cf9b
ed50
f1fe
117d
e1e3
691d
de06
6ed0
d467
6724
d34b
5e4e
8cfc
6001
8dc3
6a1e
8d88
6e01
8cae
702a
8ab0
7133
88b2
7208
8674
63db
8587
70c9
854b
76e5
8535
79ec
8544
79da
8616
767f
8631
7717
8695
74e9
8762
6e9e
8804
6dc8
8a52
6487
898e
6a91
8949
6f70
8984
6f10
89a7
6b4b
888a
6367
84db
5ff5
87fc
29cd
c894
e4dc
2502
21ed
1e71
2141
0f9f
494a
f370
56d9
d46d
68c9
db37
691e
a1c6
27df
8b4c
4e60
8835
605b
882c
550a
9c65
138f
eeae
4dec
061f
6b39
05f3
67f3
0b7d
5c89
0236
5403
fb1b
59e5
06b8
5db6
0392
56e9
0a3d
5b39
0a42
5edc
00f7
53e0
06d3
4b38
0cbb
4581
f979
4940
f43d
40f0
e559
393d
8a02
71c6
8c75
72b4
8cdd
748b
8e74
7238
9122
6fb9
9494
6e1c
9685
6dc8
95e3
6e03
96d7
6d14
96f5
6dd1
95d0
7290
9602
724d
95f2
71a6
968d
722d
9598
73d9
94cb
75a5
92c1
7083
92e3
6e7f
93a3
6e71
a4ff
452b
a98e
2c33
9eec
519c
a49f
547b
b02c
4ecf
b6e5
3531
aca9
380a
acfa
371f
ab26
41ad
a111
527d
ae38
47a9
c541
35ec
b56d
38ef
a3fb
5d53
a7cc
6515
a331
6c4f
a93c
68c3
abd3
5de8
a63d
511a
b0fb
498d
c340
276a
dce7
feff
fa80
f715
f28a
0fca
fa45
2071
fe2a
3503
ff03
1b8f
077f
0f70
e2db
0d5b
c19a
18c2
ba95
1198
b6ff
1c83
b0c5
323c
b583
407d
b875
4165
b084
42c2
b171
51ff
ba8f
3c82
bd15
2e9e
bb5b
2f1c
b19a
2cb2
b42e
2867
c3d3
26d4
be27
3418
d733
31d4
cec7
2fb0
c5e8
304f
cd23
278b
cdec
31f9
cf2c
30e9
c6a1
3d4f
d420
3c2e
cb3e
21dd
cd8f
172b
e7ee
25a1
e617
1e10
e065
22e3
dcfe
2cfd
e568
1d5c
e8d2
1ba8
e82e
2bb1
f30c
30c7
ef1e
1cdf
f1eb
2f99
e2b8
32ec
d7a5
2e21
db97
2dfe
cd4d
3d95
c74d
4a8b
ae79
6253
ac7f
5794
aac9
5fba
ad4e
62b4
aff0
4cad
c680
17b6
b829
066f
cafe
f876
ef37
f9ba
fd9c
2493
0000
2b31
fd9c
1a40
f25c
14f1
01d6
1432
fc54
237e
0000
08e0
fc97
1d8f
b250
5e13
a992
64ca
a7d7
684b
a6a4
6aef
a44e
6c94
a33f
6ca1
a22f
6a50
a323
5e04
a2a8
4cca
99d3
40ad
8dca
5298
8b8e
606d
8ce2
56da
8ec7
4e0b
8f96
4aef
8fa9
4bfc
962e
4a79
9937
533b
99c8
5b0c
97ed
6124
9600
67f7
9516
6d09
960c
6df1
96e4
6e5a
983f
6d33
97c3
6e2b
958f
70f9
94ad
72f1
948c
73da
9559
7288
95bc
72f7
9545
73e0
9446
744f
94b6
750c
9556
74ea
967d
748b
97f3
7449
9967
739a
9c33
734a
9de8
73c0
9e5d
744c
9eb6
74c0
9dd4
7578
9c0d
75f1
98f6
7606
93d7
7607
8fce
7639
8e0b
70f4
8fa0
7433
907b
6b28
8e05
6ccd
8b89
681b
8b26
6f91
8a5c
74a2
89da
74d4
89cf
711c
8f70
5133
97eb
4d92
9eb0
4c25
9fae
4b1e
9f30
43d5
9c9d
4203
98fb
3cb9
90ba
42b3
8c1d
4f54
881a
5b56
8470
6f67
83c1
749a
8366
7535
82f8
770f
8283
79a4
822f
7b5d
8233
7976
b8a0
bd20
a4e5
c9cc
9649
d9f9
8bf8
f494
8c00
fc3b
8d47
fb1f
8d3d
fa5b
8e0e
f6e0
9045
f6a4
9585
f79e
9be0
f93a
993b
ffd3
91e8
0894
8cae
1045
8af7
115c
935e
f6c0
d331
0fd7
0ee0
4b24
1e51
4df6
26bb
48f5
18bb
540b
14a0
5a75
1339
5b1d
18c4
5ba1
278e
5123
1e82
5d2e
189e
6360
1c21
486b
0c4c
3d8d
169a
2e84
9784
10cb
8bbe
4bbe
8bc3
475a
8bac
4485
8bb7
40ac
8bdd
3b4f
8c50
3438
8be0
34fc
856b
6668
85b9
658b
85e7
6772
85c4
67d8
85bc
6928
85f2
62dc
861c
5b4d
876d
4f51
8dbc
0ad1
8b94
24f3
8ccf
24ea
9224
0922
8f25
0dd8
8dd0
092f
90fa
f57b
91c1
eea0
8e5c
f3cd
8ce4
f509
8da9
fcb4
900a
0785
9085
1156
8bec
22b0
8b50
199d
9189
04af
9de1
06cc
9081
2323
8fd9
3aed
8c64
542d
8af1
67a5
8c8d
60e1
923e
5a08
99cc
567b
9e11
55fd
9b4f
59b7
9682
5ed2
915c
66d6
8efb
6770
8e99
5d01
9cc5
1da0
e542
2350
01fe
3e59
0884
48ad
0d0a
4e8f
00ea
4c49
0c70
41ae
0cbc
4270
1418
4398
0cd9
4435
13b0
4914
2826
4001
1551
44e1
095c
4ea0
eb4a
605b
a1f5
29be
8da8
3d6d
8d6b
4c8b
91a8
45ad
a6c7
1e8b
dcbc
2cce
f05d
5099
03b8
4a2c
0dbf
55ea
074e
4a69
0d58
5363
0a75
446a
0efd
4410
045d
4463
fefa
55e7
ff90
3fae
f4c4
495c
f7ec
5503
f3b4
572f
ecb5
5a9b
eff5
4fc7
e5c9
53db
cf88
41d6
8cd9
2fb3
8ed4
3a1b
96c7
2c55
99e6
1b4b
adef
0507
b11c
034a
b249
ffd9
b086
04bd
b760
04d6
be5f
0304
c0bc
fdda
be34
fc65
b873
fedc
a8cf
fea3
8a60
1e9d
8483
4dcf
8909
e5d6
e038
eef9
917e
1f04
8a19
4c92
885c
615b
88a0
5e8c
8862
5c67
87c4
6044
87f0
5974
86ca
4a3f
875b
520a
89e9
30dd
8e6f
15b3
98da
fe6e
bfbc
e7de
2fb1
1fa7
2230
14e6
d752
31e9
905d
3632
9031
20ed
9424
1c32
9aae
0385
9d1e
fab2
987f
fc4c
8c47
09fe
95f4
ff93
a16b
fb5a
99b8
476e
189a
34db
1b46
37a2
0158
3afc
022f
4ff6
05b3
51b0
ff5c
4d80
0be1
4a4a
117c
5103
e1a3
1ce2
8d60
6b0c
8f19
68dc
9381
6c13
9669
6dc7
97d1
6fa9
9715
6d63
9557
6815
96cc
5102
a527
23b1
cfff
155d
f748
1c40
009e
301b
1543
4146
fa70
1c9e
fd7e
1ce3
1310
3101
0eb3
2d8e
ff0d
27dd
f15f
2dbc
d4f3
1fbc
8fba
4be4
8f07
73a2
9199
7198
92da
70c1
932e
7071
9338
6ef3
9365
6ed1
93b3
6f58
9408
6f0f
943b
70c2
9442
6dae
9428
69af
9254
67ae
90ef
6dd1
94e4
69a3
ac72
56ee
b4f3
551b
b4b4
678c
b4d2
5e21
b6ae
5293
b408
4602
b333
3eda
d12b
3f3c
d4e4
4cb1
ea7c
3fac
e2e6
481f
ecbd
34dc
f507
384f
f323
37f7
eadb
2b5a
fa31
2959
fb1b
4bdb
0913
5662
fece
4ae6
05a0
5502
0a8c
59f8
015c
43cd
03c4
4296
ee7a
44ea
e218
51bc
cfcf
5181
acb9
4050
a30b
1d1c
ded7
0264
cc0e
003c
c1a2
2cfc
e135
329f
e278
3ddf
ef3b
49f4
f654
4af1
f66f
3408
fc32
3a47
fd4b
3b8b
0783
3fbc
002b
38ee
0294
3215
0e40
452d
0649
4053
0860
340f
1afa
4e51
139a
4a2c
0a5f
3a8b
139c
458f
0cac
3c24
0db5
3312
20f8
52ea
1d57
4dfa
197c
4bd3
19d8
4d10
089c
37bd
fecf
3250
f3f1
243e
04c2
3136
17dd
44a3
1821
2c4d
b820
e188
cd98
f4e5
bf19
e336
d679
e437
b0ef
dd37
f3cc
f0c5
be9c
e9c0
b4b6
eb4d
a15e
f7b1
93c2
1706
8ea3
2174
8e83
f8bb
b49c
e999
eb63
0353
f553
129a
e5cd
213a
14f4
5e77
e79a
502b
e2ca
57e3
e03b
55c8
f576
4344
be8c
17f3
9b47
1321
9090
196c
8bd8
1e22
8b3a
1abe
8c24
0f7e
8ae2
113b
8944
1d6f
8a77
0edf
90a8
fab5
b0a4
fc67
f4a8
240c
8926
3cb3
88ea
47b1
9539
22d1
a979
1a1d
b5be
2279
b98f
29c4
c23e
283a
cb2b
27f7
bd19
1c31
95cb
059f
914d
1cbe
9a23
0488
90dc
1262
89d2
2fc4
8ae3
3825
9c83
0725
f21b
18df
1047
3cd2
115f
42f6
19eb
2f4f
1bd8
2798
2171
3170
2f58
3a1c
1dc8
428d
2ad0
3071
148d
3fa3
0314
4bae
fb15
4a46
e5b4
5cd5
98e2
2f1d
8c57
36c1
8e84
2feb
989d
1fac
c689
16bd
f249
42f3
f98b
464a
04de
5751
f163
58a7
f921
5fc4
f2c0
5193
ff09
4b33
f931
5465
fb36
53d9
fc0f
59ce
e848
4dba
f02a
5643
ef23
55b2
f15d
4df8
f2f2
52af
f0d2
43db
e143
56d4
e020
6180
ba88
2c95
9a74
2446
8fad
38ef
8d5a
3927
8dee
1ee1
99a5
fb15
9435
1941
8f01
2c56
8d32
35aa
8d54
3515
8f12
2848
918e
1dce
962f
0c6b
a5e0
ee5e
be0a
e6ff
d629
eb2f
e7df
eb61
0142
fad5
fa76
f2ec
b6f7
d637
8f18
f935
8746
4213
906b
fa62
db32
e148
e20e
ee99
e63a
f46a
e22d
0759
e5cc
08a0
cc2e
13f1
cfa3
2022
d5f1
18cd
d238
22e8
df98
2d41
e5a2
29be
dfb5
23b8
d25a
1b7a
dadb
2d25
e4ff
3126
dc6e
34e0
bf60
2150
c77a
13ee
dcc1
23cd
f269
2a34
dc42
1e65
e941
21a1
f229
3586
de99
30e0
de61
25f6
c374
1f72
db39
2753
d5f0
1ee0
c5f2
2246
c41d
1c9d
c764
2167
d3e9
2ffa
cfe5
2b6f
cd09
2b48
c715
19e3
c5c5
1c32
c576
202c
b7cb
11be
ab2d
1cc4
bdaf
4521
b8e5
416d
c6ce
29d7
0052
1bb5
fcc9
1523
f7fc
02e8
0000
0000
0000
0000
0000
0000
0000
0000
1abd
05d7
e35c
16ac
bb53
0b84
e01b
40b2
f923
5923
ec3a
6c2c
f477
59cf
91a2
27e8
8f5a
1c8a
9014
29e1
97a2
2e1d
9c4a
2cdc
9a97
2766
99f7
2342
9bbf
27e0
90f4
2b02
8b66
3249
8f08
2d99
926a
2cb9
9a8c
235c
a5ea
3478
a945
3881
a37a
3893
9a8d
40c8
9390
43a5
9182
4299
8f9b
38df
9e96
0b97
aa4c
0a49
a777
1968
9381
45de
9114
6db4
9042
7351
8f6b
760b
90b7
70fc
901e
6e71
8e56
6adc
944b
3460
aa08
fd5a
baaf
ed69
be61
df6d
beef
d7f7
c4ad
d7cf
c9e3
d739
c986
da3f
b144
ea5e
9eb0
07ef
93fc
313e
91f6
4733
9331
4def
93f5
538a
932f
5316
915a
50b5
9196
449d
9640
2557
aa90
f2af
0c17
014e
3bf5
4ad7
44e8
42c3
4bf0
4610
4718
351f
2608
f874
ebd3
e7a6
bda9
e926
9983
1ae0
9e43
237a
a67a
2138
ab05
2362
ad66
27f5
b0ea
2f3e
aec2
3b17
ac89
3bcc
aa5a
44d6
a37f
5292
9b53
556c
9714
5465
9faf
4281
bfa2
370a
d009
35f2
d9de
466a
ee79
3e0f
fc35
3cd9
0545
40ac
0640
4208
095a
44ce
07e2
4141
15d1
34ae
1230
409a
1272
4c81
1949
4800
0f6f
41b2
1116
5012
9aee
09bb
9329
36b6
92f0
2e16
94a8
2836
952a
2701
9460
2be7
9703
2661
9b12
1a25
a098
25ce
ac0f
2683
da61
1c24
cb32
30b1
a167
2d44
976c
34d9
9302
4c6b
9278
4ead
988e
3814
a5af
1c53
ba4c
05d5
bf52
0575
b7a2
02f0
9fd0
0617
8e64
1e44
8b91
23cd
a510
ef62
fcf1
250e
133a
48ad
0b5f
4dd4
00ae
5088
145c
4a12
fafc
309a
ef98
393f
e19b
1e99
924d
6d6d
9060
70ad
8ec8
72b1
8c76
72e7
8a85
7087
8b21
65f7
8d02
5c7c
8d68
6010
8e38
60b8
8e86
5cd5
8e0f
5cef
8e23
5afb
8e1e
6165
8d1f
6c32
91f2
7551
954d
795e
9525
79f7
942c
7996
9382
793f
92a3
78cc
8f71
7771
8b58
767f
8794
734c
84ed
614b
84e3
4515
8f9a
1388
a577
069c
c338
ff55
e9b1
065c
eba3
1824
00f3
13a2
0f4e
fdd8
40b8
3883
2228
1fb6
9161
3983
9732
57a6
9bc5
614e
9b16
5499
98ee
421d
95f5
47dc
9386
5b52
9214
6705
8fa1
692d
8c84
6d94
88a5
79a8
881e
7cb0
8924
6d59
8b40
5740
96c9
1942
93e0
2491
8e5a
334a
9f64
f482
ea20
fc1b
0cbc
0635
07d0
084c
8e26
4b5c
89d8
686c
888a
74a4
87b4
78bc
871a
7735
8848
516f
8bf0
1f9f
912c
f9b7
91f9
fca5
9250
0301
ab42
e4ad
2f45
6c71
2de9
6657
f5e7
3e93
e2ea
3ede
d518
41f5
89e2
61bf
8825
761e
88c8
7608
89b5
76d5
8a4c
77a0
8a61
76cf
89f8
7701
8942
76e2
88d7
732a
888c
6c24
8550
6659
84a3
7568
83cc
7371
ae98
d4b6
ba8d
e7a2
8a81
376c
8724
67a2
86bb
71b3
86b7
71c7
86f1
6fc6
86eb
6e98
86e6
6a4c
8de9
0d32
9e56
0982
8bd4
256e
8779
3c9b
8c67
22d8
8b9f
330b
8fce
1ae2
91e8
10b9
942a
0e05
9170
14ba
916a
1505
93d0
1066
94e1
07d7
97e1
fea5
a26a
fb6e
b55a
fbc1
c160
f54a
c21b
e02a
c11f
cf83
afb2
c08a
a247
c0a3
9bed
d009
9d49
d4fb
95d6
dcb3
89b6
0846
8545
4ea6
847c
6b75
8721
1d19
f2fc
d6d3
15ff
02d8
ea9b
f32f
1551
081b
0087
08f1
e29c
0882
de9f
0de4
f36e
0bd1
076e
1863
feca
2577
f3fa
29d5
f66f
18c0
0270
20fa
1ae5
52bc
0ae2
4d25
0618
423f
0cb3
4699
1140
3a44
15f2
411f
0cd2
4af6
05d9
2fbf
ffd0
1ee6
0ad7
3237
03b5
2b79
1544
283b
066c
240a
f7af
24e5
fd9b
3449
f70e
1cd5
f37a
12fb
cc8a
0f86
de97
1e85
e28b
2235
ed0c
26ae
f0d2
156a
ce2d
ec23
e5af
f54c
ebf7
0e86
f370
0a45
1b56
07cc
1d32
0d7a
ff89
edef
c52a
d4b1
8ffc
13fc
a033
e9e9
96eb
04d5
9657
0f60
a0ad
02fa
a7c9
ff42
a353
0d10
9e98
193a
9a40
2c67
9f3c
30a4
a193
427f
a10f
527e
a37f
54d9
a2bc
5782
a301
5635
9f88
557c
9c4b
3f7b
9d8d
0aa1
9a83
1d29
9984
39be
a251
487b
a795
512f
a4b5
5d54
a1fb
641d
a10e
645f
a15c
5d76
a277
5355
a13b
4f9d
a803
2e99
e2a4
0d6c
13c3
39a4
14f6
3b60
2b8d
1fbc
041e
1970
0206
3694
1415
49ba
14cb
4c08
2433
4a23
135a
4886
0caf
5518
1077
41cd
15f2
472a
0fd3
4032
0609
25b1
a9be
fdad
9b5c
5895
9b78
5ba3
9d61
5eca
9ecc
5d9c
a025
599c
a045
5b29
9fad
578e
9d84
5aa6
9aef
6057
9afc
5ddc
9e0f
5a11
a21b
54e1
a704
5536
acb3
59d2
aaf4
5a91
9f20
5c78
92aa
62a0
8de4
5da7
a442
3d5f
c28f
5180
ba0e
4a29
c944
2288
decd
0c57
cf1f
2caa
b183
490f
bdf5
3bba
b807
44c8
be49
3dd8
b6e1
453d
b617
39a8
c67e
3c81
cd4c
32db
cf2f
39a9
cb8d
4059
d3b7
448e
defa
4ef4
d1ec
3e1c
d0aa
3d0f
c5bf
44f0
cbf6
3a13
c634
3861
d5e2
3fee
c537
3793
c1b2
380d
c8ee
3ea5
c316
4216
ca85
3dad
cfec
3ec5
d417
39e8
dab1
1522
fc26
071f
f599
09d6
e297
27f7
fe8f
47d3
02e0
43c9
f62f
27ad
a3a0
eda2
8815
59b1
8a73
49b9
89d0
53e1
89fa
551a
89ee
5bad
8a5c
5a38
90df
4870
9d47
42c4
a3d6
432e
a42c
48ec
a46c
41a6
a4ae
39b8
a4bf
3260
a132
2c4d
9d83
26cd
94b0
25fc
85e9
5a4e
851f
681e
84a5
6785
841f
6a35
83b1
6cf2
832e
7124
82b0
74cd
9ebc
f7dc
b544
dd31
ade8
d293
a3e4
d09c
9515
dabb
9588
e188
9abc
d875
9b20
db49
9c0d
dc86
9d12
deb1
95f6
e73b
8ca8
ff9e
8874
209f
88c7
1aaa
8c0a
0ef5
91d5
feb6
93bd
f223
a58b
f7b7
addc
f3e5
96d2
0592
9115
22ff
8cf9
5c0e
8c0a
6f7b
928f
5d05
9fe8
4ecb
a6b6
54df
a570
6016
a737
649b
a9e0
6808
a680
6d74
a0d2
71b9
9f8a
7292
a159
715d
a0d4
72bd
9f53
72bd
9e7a
6ca9
9e28
6237
a3a7
5f25
a7bb
4822
b049
2d72
b1a7
3701
b505
2b85
b44a
3853
953c
44fd
8d55
705b
8e23
749c
8dec
74eb
8dff
73c4
8e31
73c5
8d90
7431
8d86
707b
8e92
664e
9007
59f2
90f4
5519
8faa
57cc
8ad9
59f8
88ed
5ac5
8a9b
4dcf
8ab8
4d65
8a59
50d6
8b18
51da
8c85
5530
8ddf
5b23
8f92
65d5
8f50
6ddb
8df8
71db
8d1b
7435
8cd3
7557
8c5a
75bc
8b82
75c7
8ae7
75f8
8a85
75fe
8a1f
76db
89d1
7469
88d5
71a4
8750
6d27
89f8
189e
a116
e80e
b88f
02db
b3b4
072f
c315
1144
ecdf
21be
e9ca
2891
035b
2e03
069f
3a75
060e
4366
1472
4647
170f
3706
0dd8
3bae
1f83
4059
1291
4928
0ad6
5080
0d0f
54eb
8d6b
3521
9361
1ec5
9fad
0e43
b641
07c7
cc3d
0a0e
d1eb
0ca5
c8d6
0578
aec5
0203
a2e3
01df
9e01
0e34
9dd7
18ca
9faa
1a39
9dc4
2def
9d31
3afb
9bcb
3bd1
9878
4172
958b
3f6d
9303
36aa
925b
2818
8f1d
1940
96e4
1764
8f8f
2d9d
90fd
2c55
8bd2
421c
8a8b
4cfe
897c
56c6
8896
5fdd
87e8
6638
8806
6134
886d
57f2
8805
55fa
87f9
5342
878e
544e
8815
4d2d
891a
3ac2
8ff9
130b
9d74
00f9
a7a6
fee3
afcf
fcac
b06a
f043
acd5
e605
a16b
e0f7
9ec3
dde9
f743
e244
4c7c
56d7
3ac4
62c7
4170
61db
3f1d
61d1
3a25
5aae
3955
54fb
2b98
4fab
22fc
49b7
0a08
4208
181d
4a2c
1d74
4080
928f
3461
9073
4182
95f8
2e89
9a7d
2f33
9d7d
393a
9dce
45a1
9c7f
5282
99b5
593f
9875
5bee
9492
5f0d
92c5
52df
941d
455c
8c6d
6bc2
8ad3
751b
8a5c
7858
8a40
7ad0
8a02
7912
89e7
7732
8971
76e9
8908
76e4
888f
7780
888c
6e0c
8a0b
501b
8c0c
2f9d
92e3
0aa6
a968
f581
d4c4
f701
f1e4
035a
fcef
0321
03d8
07c9
fc44
fe3f
01dd
0778
0000
0d69
0000
019a
f492
22fe
fda0
2a0b
0243
2cf7
b28d
ecf8
af99
eabd
a8dd
df89
aa80
d93d
bd4e
dd8f
a9e5
e029
a58c
dd35
a4ce
e08c
add5
e151
d679
ddc1
0d88
0311
1e9f
1337
2331
2348
2f57
4394
2993
31fe
11a9
18cb
02cc
0fc0
d96f
0530
0187
12a0
ff7e
11e0
f985
0a3a
eedf
f9a4
a2bd
e379
c38e
198c
cc91
1a30
1346
272c
3a12
4bd4
3d70
4e2e
3e36
597b
4369
5e7f
4382
5d79
4048
52f7
3e92
538c
3d7b
4def
3efb
4add
464c
5f02
4748
6398
44cf
5274
328a
1b00
8658
2892
83fa
5a86
83f2
5c44
840c
5f78
8415
63ab
8409
671e
83ee
6909
83e1
69d4
83cb
6a52
83a8
6a8f
83ab
6316
8395
5e4c
8348
6393
831a
664d
8312
6807
8339
604d
8332
5ffc
833d
6218
8445
4f14
84fa
59c9
8643
5602
8848
57db
8a0c
6b58
8bd4
71e8
8ca1
73d6
8daf
6f93
8c99
72b3
8c2d
754e
8cc2
743d
8bf4
76f1
8b57
796b
8b2f
7a07
8b52
79fe
8b7c
79ae
8b97
798f
8b85
795b
8b82
792e
8b80
78b5
8b8d
77ed
8bda
7608
8d0f
70c6
8d37
6dc8
8c62
6ca1
8cc3
6984
8aca
6fe5
8983
759e
88ae
7733
8494
769c
826e
7bff
824a
7b92
8243
7ab2
8293
7735
8367
719b
83ff
6ded
848a
69e1
8507
647f
85ba
5d37
86a2
56cb
878b
5690
87e1
61f5
87f2
7101
8828
781e
8853
7a67
8867
7b10
8894
7a29
890a
7798
89cb
716c
8daa
602a
985d
56c0
9cf0
56ec
9f1e
52a4
a33d
50ef
a7a5
533b
aae0
568c
aede
5a78
b2e7
5ed6
b52e
608c
b4c7
5fec
b3ed
6283
af09
61e3
b116
5ed5
aa4e
5940
a2e3
56ba
a690
5647
9fba
4ef3
8a9f
44ad
9b0f
0ef3
ac7d
09b3
ae1e
0faf
ad32
fcfb
bbba
e84e
b4fa
d80d
af58
eb55
b8d4
f8a2
b9bb
f199
aee6
dfaf
a595
def3
94e5
e777
a44d
ebb1
d2b0
db04
ba67
e45f
a3c0
fada
a1f3
e60c
a893
23db
b004
3558
cc7b
167c
b41f
f01b
8c74
1bf7
867f
3e2f
85c1
4c8b
856e
58d5
8775
4f2e
83a6
60d0
9114
6603
93c0
63e5
9969
5b68
9f7d
58be
a376
58e8
a49d
5994
a12c
5aca
9f44
5a16
9bd6
57d7
9704
552a
9023
5074
88b3
5995
9200
50a2
95e7
1b44
a45e
f609
ba44
22b6
c63f
6d5e
b867
613a
9f4d
5174
a01c
532f
a547
5676
a766
5989
a68e
5b67
a4f8
5c98
a39e
6172
a383
6405
9765
60bb
8aa5
63f5
83a3
7658
8346
773e
8358
7394
836d
71ad
837e
708e
83cf
6eb1
8802
6774
8d88
643d
8e72
6309
8e81
6239
8e5d
60f3
8e4b
5fea
8e7b
5f7a
8eff
5b46
8e0d
57c6
8aff
539f
84cc
5e5a
8432
6328
843c
635b
845a
6236
84a4
5ff2
8a9b
584c
910f
5ed7
90f2
61c2
9122
6416
91e0
64f6
92ba
64f6
93ad
6461
93ac
62d9
91ed
5e1a
8a64
560c
8461
6269
83f6
6411
83e1
654a
83da
6561
83ee
647b
8534
5f6a
8bb8
5b27
8eb3
5d67
8e86
5ec6
8e87
60b3
8f14
6130
8f40
62d6
8ecc
638e
8da6
5f0d
8be7
52d4
8661
590f
86bc
5cd6
8797
5820
86d6
5691
8599
5c10
84ef
643a
9092
5e26
9f0f
6095
a5ec
5d28
ab96
5cf3
ac4c
5b6c
ab8e
57fa
aae8
52f0
a433
4920
9576
46d3
8b45
4ecd
84d0
5ea7
8318
6ff3
84f2
42fa
9c58
01de
a1a4
fc2b
bbf8
19f5
9e17
1cb4
975e
2c1d
bc09
ed62
3b24
2292
474f
3d51
3dcb
322c
8cc1
edb8
83d6
69fe
8471
59fc
8507
5955
8550
573f
851f
5892
8449
5db4
82ff
64a0
8207
77d5
81d5
7ab2
81bc
7afb
8219
5a83
8541
5c57
878f
5574
89c8
3af8
8b5c
3c0a
8be9
5055
8c11
5e3e
8bd0
67a1
8b76
69d7
8b81
5e55
8a25
541c
865c
580c
8491
4331
905a
e28f
d07f
e803
0466
1351
0244
1d54
ff3b
16d1
de1f
070c
ee0b
22e2
e7d0
2e58
e45e
2ea2
ea85
33d2
e94e
245b
d03c
0f5a
eeac
1631
ce2f
11c4
cfe1
07f3
e66d
0ab2
d542
0f5c
d539
073d
ea11
1359
f5c6
18c4
e6bc
184d
e87c
0fb9
c0c0
128b
b298
1d2a
a639
1372
9c2f
0e4f
0000
0000
0000
0000
0000
0000
0000
0000
0000
0000
0000
0000
0000
0000
0000
0000
0000
0000
0000
0000
0000
0000
0000
0000
0000
0000
0000
0000
0000
0000
0000
0000
0000
0000
0000
0000
0000
0000
0000
0000
0000
0000
0000
0000
0000
0000
0000
0000
0000
0000
0000
0000
0000
0000
0000
0000
0000
0000
0000
0000
0000
0000
0000
0000
0000
0000
0000
0000
0000
0000
0000
0000
0000
0000
0000
0000
0000
0000
0000
0000
0000
0000
0000
0000
0000
0000
0000
0000
0000
0000
0000
0000
0000
0000
0000
0000
0000
0000
0000
0000
0000
0000
0000
0000
0000
0000
0000
0000
0000
0000
0000
0000
0000
0000
0000
0000
0000
0000
0000
0000
0000
0000
0000
0000
0000
0000
0000
0000
0000
0000
0000
0000
0000
0000
0000
0000
0000
0000
0000
0000
0000
0000
0000
0000
0000
0000
0000
0000
0000
0000
0000
0000
0000
0000
0000
0000
0000
0000
0000
0000
0000
0000
0000
0000
0000
0000
0000
0000
0000
0000
0000
0000
0000
0000
0000
0000
0000
0000
0000
0000
0000
0000
0000
0000
0000
0000
0000
0000
0000
0000
0000
0000
0000
0000
0000
0000
0000
0000
0000
0000
0000
0000
0000
0000
0000
0000
0000
0000
0000
0000
0000
0000
0000
0000
0000
0000
0000
0000
0000
0000
0000
0000
0000
0000
0000
0000
0000
0000
ad84
ce4f
914a
0b57
923f
fe36
ab15
ef0b
c0f3
11c4
bffd
edf4
c022
2890
8c14
34b4
8db8
59dc
9af0
4c3a
a229
51af
a3cf
57bb
a712
585c
a7d3
54ce
a611
5173
a237
4e81
9bef
4b29
980f
46d9
934a
434e
87ff
4a14
83a8
67b8
8408
6250
8b0a
45ca
8c63
63ec
8b5f
6c33
8a4c
720f
8977
763b
8909
78ac
88a2
7a6c
8825
7b0b
876e
79e3
83ff
78ab
826b
7c3a
8274
7b21
8277
7049
83e3
32a9
920e
e4ab
ad60
ecc8
ac36
dcf6
ae3b
f188
9f7c
f84e
a1d3
f208
b943
f727
d470
4430
d2a6
3896
ac43
1cd7
84f0
760d
87ff
75a0
8756
796f
86b5
7a30
868d
794c
86a5
77ce
8726
749f
88aa
6e96
8af3
69c4
8a7c
6dc0
8c08
6dfb
8d84
675f
92ab
5ab4
9667
564e
9865
5253
9b17
4f09
9e4d
4eed
a0de
4f4b
a295
511a
a501
57f4
a4b8
5df5
a470
5f53
a3ba
5eab
a09b
541b
b0dd
63cc
b239
65d7
b0fe
64ed
29a9
1328
25e3
06d0
ccdc
1b32
c415
53dc
d399
6656
d1f7
62b1
cfd1
5765
c8b3
303c
b897
000f
a63f
e879
a545
eeea
a7fe
e2e2
a72b
d7ab
9f32
e97c
a1cc
e504
a3a1
ef2e
a171
f6c3
a545
efdb
c364
de6d
ad07
e855
ac33
ef93
aac5
e9cc
a8ed
e8eb
9d71
ed8a
aec7
fbee
ac99
0333
8f9c
0b6b
9210
0da9
9925
0ed1
950f
102e
9aa9
f934
b169
ef99
afa3
f588
b53c
f55f
c1f0
fd49
9ffb
eec0
9fca
ed8d
c4ab
fb93
bfa4
f5f1
a40d
e7a7
a08a
f7f8
ae65
fa78
aa73
f653
a52c
e3fe
a4fd
f01c
9825
ef5d
9457
f497
a068
ed05
a0ec
e2c7
ac36
df7b
af58
e5a8
a041
d6b1
a353
dd9a
9b51
0153
a79e
3de6
ac0e
1433
a75a
15af
9dc3
1504
a1a2
1271
9523
0217
95d0
0a7d
8573
3fb9
83f1
6f8b
8423
7d9a
83d8
7d74
83a9
7b6d
841d
7802
83e9
78de
83f5
6d25
8b86
0281
aa56
edff
9c9c
ed21
84a6
72ed
84c4
6fb5
83fc
6750
832f
7c7d
82ef
7a76
82e4
7096
82d1
6df4
82e7
6bf5
852c
684a
8abd
66cc
8eed
6a2c
90b4
6ccf
9002
6d56
8a9f
6d7b
8621
7228
8385
76fe
8261
798e
8287
7c28
8305
7b5d
83bb
60db
8abd
13a9
97e7
2764
9e6e
72a4
9b69
69a0
862d
75a9
858e
7295
861a
73b6
86ac
73cb
86ca
72c1
8695
6f48
85dc
6c0e
84ad
6e92
83d6
6f71
837d
6d8e
834f
6f73
833a
70c9
833e
6ffb
837d
69bc
83e5
6484
849c
5f4d
86f5
563d
8c50
59c1
8ea3
6590
8fec
632f
9215
570c
94a8
54d1
979e
55a1
9c2c
56cc
a398
5795
a75a
59e9
a864
59a0
a7d4
55ea
a6f6
4fe9
a741
48c4
a5ea
434a
a14a
3bbe
9f07
30ae
9921
2f37
936e
3280
922d
2f8a
8ff8
361f
8e74
3e02
8d04
4405
8ca7
3a71
8c2b
2c16
884d
2e80
85a8
4229
856f
4cd7
888d
1eaf
98a0
f80d
a8ef
e484
c184
fd03
ab1d
f5fb
ab45
f6c1
9762
3a2b
8976
5c50
90d5
4ff2
a029
4354
aa60
4730
ad3e
493d
aaf3
49e1
a7c9
49a9
a455
49ab
9fbf
4bab
9a79
4dec
9218
5124
8ca5
59a6
8dc5
5b4b
947f
5508
9ade
5880
9c4f
5cfa
9d08
5e43
9e2b
5de1
a192
5bf5
a2f7
5d94
a475
5cbf
a05a
5724
9b9f
5b6f
9bd3
5d7e
9666
5b5d
d4d5
5daf
d413
60e0
d033
5d63
acad
06c0
ac89
f74f
a6ce
ee92
a0cd
1e16
a867
12af
aa4d
f835
d396
39f7
e50f
183a
f5ca
222f
edb9
3a4a
d6a2
246c
b749
1adf
9267
1b0c
868c
0452
9722
f09f
a14c
f1a7
c3a4
10e8
c269
10c7
ad90
050e
a607
657a
9f00
592f
86e6
5fe7
84a0
770c
874e
7592
8927
7a93
8992
7a21
89a3
7859
8999
76da
8925
7834
87d3
7692
8335
76ad
82dd
5dd8
8bd6
4f99
8c63
5dfe
8e5a
56d1
948d
4dbd
9a63
4dbc
9c75
501d
9cb7
5282
9dc6
5357
9d6c
5201
9bfd
4ea1
99e6
4cb5
9830
46f8
9128
426c
8581
5448
839e
655f
833b
66ad
88f7
49f0
8f9c
2c04
91b7
2442
91c9
233d
90be
2685
908a
2a0a
909a
2f8c
9085
3610
8f3c
3a43
8ae7
417e
83f7
66e1
833b
78e1
834a
78c1
834b
7866
8356
775f
835b
7698
8366
7500
83c5
6f04
8c49
519a
9b75
4817
a0e3
4812
a3b7
4b68
a666
4c36
a573
4c5f
9e96
4880
8f5b
42ad
856b
5033
86a1
0fbe
8d83
e9a3
aff1
e027
f293
f8c2
1998
1108
229c
0e79
1189
229e
056f
0a51
fa8b
fef2
00be
07e1
169a
049e
f477
fce9
096b
06de
f7fa
0725
f3fa
fa17
052e
e8c2
f15e
eff9
033f
f984
0cd7
ffa4
02a0
07f6
ecc3
20b8
e061
0846
e203
eaca
cde9
fd29
baf1
1025
d1e4
1315
0000
0000
0000
0000
0000
0000
0000
0000
0000
0000
0000
0000
0000
0000
0000
0000
0000
0000
0000
0000
0000
0000
0000
0000
0000
0000
0000
0000
0000
0000
0000
0000
0000
0000
0000
0000
0000
0000
0000
0000
0000
0000
0000
0000
0000
0000
0000
0000
0000
0000
0000
0000
0000
0000
0000
0000
0000
0000
0000
0000
0000
0000
0000
0000
0000
0000
0000
0000
0000
0000
0000
0000
0000
0000
0000
0000
0000
0000
0000
0000
0000
0000
0000
0000
0000
0000
0000
0000
0000
0000
0000
0000
0000
0000
0000
0000
0000
0000
0000
0000
0000
0000
0000
0000
0000
0000
0000
0000
