1a
60
58
58
16
4b
26
48
68
3c
4b
c
3a
72
16
46
12
72
2c
16
5d
2c
2d
2d
d
2e
2a
2d
69
62
10
48
68
68
48
10
48
68
68
48
48
1a
2a
1a
2a
15
59
68
38
2c
3a
2a
22
31
18
18
2a
6c
6
3c
1e
38
6
17
5d
4
6c
2b
6c
11
2c
10
78
70
70
54
58
72
70
14
5a
7e
b
66
7
33
34
7
3d
3c
6c
7d
19
72
17
72
12
32
12
16
12
12
18
12
1a
2a
a
68
10
52
52
56
70
50
54
58
36
38
18
19
3a
2a
38
d
11
d
68
10
14
10
4a
4a
2
10
20
58
40
50
70
58
51
50
70
70
58
78
60
54
40
54
52
1c
54
54
1c
13
48
1a
48
48
4a
0
30
54
78
40
7c
78
70
56
14
52
1c
22
a
22
5a
1a
22
13
68
18
1a
4a
1a
22
1a
1a
22
8
4a
48
10
30
78
78
78
58
78
72
58
52
36
78
40
72
72
34
10
78
70
78
14
10
78
54
40
79
78
78
52
5a
60
20
78
78
70
78
30
78
78
70
38
70
14
70
78
60
58
72
78
78
60
50
72
78
5c
40
1c
40
50
50
50
54
50
40
50
50
54
62
17
6c
16
16
17
16
1e
38
44
a
78
10
78
64
78
76
14
14
2c
17
17
72
34
6
66
33
c
4e
33
66
c
17
16
33
37
c
7e
19
24
c
50
54
52
70
52
54
50
78
70
58
50
54
10
58
10
2d
17
17
7d
63
6d
7b
7c
75
74
61
21
1
65
65
65
45
65
65
45
7f
45
65
66
43
3b
23
4d
68
5e
30
50
50
40
50
58
58
50
40
22
1a
2a
18
18
78
6a
1a
2c
1a
2a
3a
a
1a
1a
2c
15
0
58
40
78
54
12
3a
22
a
19
5e
19
1d
3c
10
2b
e
2c
7
7d
4b
2e
79
d
10
58
78
52
78
54
74
76
34
1c
7a
5d
7a
1c
14
54
74
54
1c
70
75
54
54
20
54
70
56
1c
14
24
2f
3f
f
71
6f
3f
3f
1
45
6d
63
3f
45
6d
63
45
45
1
6d
25
6d
21
71
36
75
74
72
78
51
78
78
52
71
72
67
52
44
75
72
75
79
75
72
75
78
42
72
72
72
78
51
14
72
12
79
52
15
44
44
78
36
79
52
72
5a
54
79
72
31
40
52
78
78
78
58
78
78
78
78
58
78
78
78
78
52
75
76
55
69
23
67
15
6d
7d
60
15
42
50
14
48
50
50
50
20
2a
1a
12
7a
7a
c
18
12
2c
7e
4
38
32
32
78
20
3d
9
45
65
45
f
45
45
f
6f
4d
3f
25
65
5b
5b
38
58
14
54
54
54
1c
6a
2d
7a
36
3a
6a
2c
57
2c
19
2d
5d
1c
1e
60
5d
0
0
58
54
76
54
78
74
78
32
6c
6d
9
72
46
6c
45
3e
33
3e
79
7f
38
58
76
39
45
1
63
16
16
4
1a
4a
4a
20
2
68
1a
48
12
48
15
12
32
5f
18
1c
3a
0
10
10
50
50
50
50
50
50
10
6a
6c
19
6c
0
3b
17
57
32
5d
17
6c
43
72
47
17
42
6c
5e
6c
17
71
66
1f
6c
62
34
7c
74
74
74
78
7c
78
74
78
40
14
78
5c
52
78
78
70
38
78
14
78
50
50
52
2
50
40
22
4a
22
78
0
10
78
52
52
52
54
58
70
56
58
38
2b
15
36
75
36
6c
66
7f
5d
4
12
58
6f
45
65
65
33
3f
4f
61
7
1
b
5b
2c
58
56
56
70
74
52
56
75
50
78
14
56
70
54
14
60
54
1c
22
2c
22
5a
1a
a
1a
48
48
1a
4a
48
18
22
a
1b
48
10
52
64
78
50
24
52
36
74
78
2a
52
14
42
14
36
14
56
58
32
12
72
54
2c
52
14
14
56
51
38
72
72
64
78
72
72
24
74
78
78
48
60
78
78
70
70
78
2f
71
2f
31
45
6d
45
3f
45
4d
5f
40
3a
30
35
5d
46
1f
9
6d
6d
37
66
f
1
63
3f
79
21
79
78
15
50
38
78
78
78
52
1c
13
1a
52
12
7a
2c
20
4d
39
1d
3d
37
65
45
65
65
65
2f
3f
30
14
70
74
78
14
78
74
74
60
72
21
45
45
43
33
f
43
7f
33
f
7f
17
2f
3f
2f
3f
2f
45
3f
1
f
b
26
79
30
2e
75
30
40
78
40
52
79
78
54
5c
b
2f
1
51
5
b
23
1
49
41
5
6d
48
78
16
43
30
78
72
72
51
78
78
78
78
52
78
78
74
74
78
78
40
75
5c
7c
78
30
72
14
7c
72
76
70
68
51
78
52
5c
72
30
72
72
32
60
14
42
78
72
72
5c
72
52
7e
52
44
52
72
64
14
12
12
5c
72
72
14
52
20
72
70
30
51
78
72
78
60
79
70
60
78
72
78
12
75
78
52
72
30
78
60
5a
78
72
70
60
78
52
78
50
4a
22
a
2c
18
2c
68
10
58
72
74
52
10
14
52
14
70
38
2f
2f
1
63
26
39
65
1
2e
5b
7f
32
62
40
50
78
21
1
45
73
1
3
6e
7f
7f
6b
27
7f
6a
7e
5e
10
1a
10
68
38
1c
6a
11
2d
58
2c
36
6c
72
32
19
36
6c
34
19
72
7e
42
78
78
58
78
78
30
78
77
67
67
58
2f
4f
55
6f
6c
6f
7f
67
45
7f
63
63
6d
63
6c
63
63
6d
4d
15
63
61
70
75
74
44
5a
70
74
47
74
64
78
78
10
78
76
75
75
20
19
2c
3c
38
58
70
70
54
54
70
32
54
54
5c
7c
1d
32
32
3e
2c
3c
28
1d
1c
1e
6
60
53
1c
7a
1c
48
18
18
1a
5b
4a
48
48
10
40
40
74
30
50
70
40
50
20
22
4a
4a
72
32
77
56
32
44
66
17
60
38
17
2c
13
a
48
68
18
5d
7a
2c
5d
19
4
c
6d
63
2c
60
58
6d
6c
17
12
16
6c
17
6c
36
3a
6a
38
3c
e
6b
6b
7
79
7
41
7d
10
79
78
78
58
78
14
17
74
36
71
15
42
71
34
72
42
5
2f
1
63
6c
6e
6b
5f
7
1f
2a
2a
f
6b
1f
69
2b
42
5
3
41
41
4a
4a
68
4a
68
48
48
4a
1a
4a
48
48
48
12
12
56
5e
16
16
17
1d
7c
5c
78
74
54
14
54
70
52
74
54
54
52
5c
2d
57
17
16
16
17
67
6c
45
7c
5a
21
2f
1
4d
63
1
6d
1
61
4d
4d
79
78
48
60
78
58
70
57
58
10
22
4a
a
48
2c
22
12
2c
38
50
75
54
30
52
70
54
74
20
34
21
1
45
2e
33
1f
4c
71
4e
7f
f
7f
16
f
45
45
3f
45
3f
45
3f
f
2f
61
26
6e
68
52
70
78
78
30
74
30
78
78
30
54
7c
39
1
63
63
49
f
1
5
3
5
61
49
5
3
41
6e
6c
79
42
10
5c
78
52
70
5c
30
78
78
78
b
3
b
9
33
2a
4c
6d
1c
c
34
16
39
3c
21
6e
1
5e
7e
2c
1a
48
48
4a
2a
a
4a
12
4a
12
a
34
13
6c
17
1d
68
1e
68
10
10
58
58
50
50
50
58
58
18
a
7a
19
47
68
6c
33
66
57
7
5f
17
60
5e
7e
6c
16
6c
16
32
5e
36
32
5e
6c
64
71
3
35
74
75
72
78
30
46
75
34
32
34
56
75
56
78
76
52
14
34
52
75
1c
e
44
76
74
58
34
72
74
5c
7c
52
34
33
58
5c
36
75
12
5c
3c
52
72
7c
34
30
72
c
60
52
60
78
42
37
52
52
70
70
36
74
50
78
70
14
1c
38
2b
6d
6d
6d
7d
4c
34
65
65
6c
15
37
66
15
15
6c
35
35
15
64
42
34
20
9
65
61
6c
6c
7e
3d
2b
2b
d
26
2a
54
18
a
45
16
56
67
32
37
32
75
15
7c
14
75
74
75
24
9
66
45
69
69
23
23
2d
26
26
58
2c
3a
1a
1a
1a
1a
1a
1a
10
18
18
1a
1a
10
10
4a
38
76
76
35
52
b
6c
6f
35
6d
7
62
7
7
25
1b
6d
2b
1f
3c
3d
3e
19
6c
33
7d
69
11
30
10
70
70
54
74
29
5c
3c
2c
1d
3c
1c
58
54
54
74
54
54
54
70
14
54
74
54
5c
14
74
7c
1
6f
6d
73
7f
45
73
63
71
7f
6f
63
71
45
6d
45
63
61
71
51
1a
64
36
75
51
72
71
44
71
54
52
8
45
76
36
64
72
71
74
78
0
58
75
78
54
40
78
72
71
78
5e
31
72
75
24
72
44
5c
16
71
72
44
72
56
56
72
1c
72
36
56
56
12
44
52
56
34
56
52
12
74
14
52
56
74
73
38
56
72
75
71
37
72
70
42
38
60
50
74
78
60
78
50
14
78
78
67
73
67
17
64
37
36
32
3e
e
3d
c
2c
3c
6
3d
73
57
67
43
67
6d
67
67
6d
66
45
66
45
65
6d
45
6d
45
65
6d
66
6d
45
65
2f
67
1
67
1
6d
4e
45
3f
77
f
15
6d
7d
2c
6c
34
76
c
36
32
12
19
2c
5d
2d
d
2d
2d
d
26
11
6a
10
48
12
11
48
18
4a
20
18
1a
c
4c
2c
68
38
30
12
50
70
70
54
54
54
52
50
14
58
70
72
58
2a
2c
1a
4a
1a
2c
3a
4c
f
7
7
2e
7f
6b
5b
19
4a
41
41
41
a
4a
4a
41
8
48
1a
2a
68
19
0
12
3c
8
7e
4
29
c
c
55
66
37
2b
11
1d
7d
38
58
54
52
54
56
50
52
54
56
70
50
14
14
74
24
39
21
7c
14
52
74
70
1c
74
54
74
54
2c
54
5a
74
54
14
76
78
74
24
3c
6
7e
32
5a
12
3a
12
12
12
38
36
5d
3a
22
2a
0
14
5d
6c
2b
1f
5d
62
60
1d
7a
40
38
30
78
50
58
7c
b
5
60
63
58
6e
2
72
1c
51
50
54
12
76
54
74
52
54
24
2b
c
29
37
2b
6d
6c
16
5c
1c
70
74
54
6c
58
50
56
5d
74
44
b
6f
6f
5e
71
6b
45
63
6c
63
61
63
6d
6d
37
56
75
76
64
75
15
53
14
74
70
75
5a
74
74
20
54
58
54
75
58
54
60
56
72
76
37
79
40
78
2c
76
58
78
14
56
52
14
1c
52
14
70
56
52
52
54
56
52
52
14
52
54
1c
52
12
52
1c
12
52
58
30
60
78
30
48
48
10
2c
48
5d
5d
20
59
10
50
44
35
50
33
14
14
58
4b
38
1e
59
48
68
c
20
60
30
58
12
28
15
36
52
7a
36
7c
1c
7c
6a
3d
5a
7a
c
2b
10
58
50
14
72
54
70
50
14
5c
54
74
58
76
24
39
5d
7c
14
14
54
54
74
76
7c
54
74
52
1c
75
54
54
5c
54
5e
76
5c
24
6
2c
3a
6a
10
2a
2c
6a
1a
1a
1a
4a
48
48
18
48
10
48
22
a
8
10
50
32
42
78
58
72
12
e
51
14
52
52
3e
5c
52
72
32
30
1c
52
34
52
52
44
78
34
12
72
32
78
75
12
30
72
30
72
72
60
7e
34
56
78
40
72
60
70
58
78
78
70
72
53
14
54
74
74
3e
7a
4
76
34
3c
7a
34
7e
6a
38
77
34
5f
7e
7f
33
24
7d
7e
30
1c
3e
46
45
63
6d
7e
17
5b
1a
48
48
68
5b
48
48
12
68
12
6c
36
17
13
32
62
12
6a
10
10
10
58
40
58
10
5b
6a
6c
72
7a
44
32
16
36
65
75
6d
6c
31
78
54
36
74
56
54
54
74
52
5a
70
14
54
70
34
70
2a
2c
68
1a
12
4c
16
4
7e
14
60
38
c
19
15
32
60
1c
3a
38
c
2c
15
30
58
52
54
56
5c
50
39
74
c
2f
1
33
3b
6b
4d
7f
7f
6e
7f
71
7f
6f
f
3f
f
67
3f
f
9
f
45
69
26
5a
72
52
60
78
78
78
40
54
52
21
1
63
7e
61
49
63
6c
63
49
1
1
30
48
60
61
68
50
78
78
78
3
1
63
9
4
4c
5a
60
68
30
30
50
54
74
74
1f
39
1
1
61
1
11
2f
61
61
41
28
21
23
50
38
5d
6c
23
12
6
62
6c
10
15
3c
2c
7a
48
1a
2c
18
5d
1a
e
3a
1a
18
18
48
48
4a
48
48
48
48
4a
4a
d
f
4a
10
58
4c
40
78
12
1e
70
58
56
36
5a
52
58
12
12
58
5a
52
14
52
5a
52
30
58
1c
12
52
5c
52
c
52
52
52
78
60
78
72
10
78
48
10
22
a
48
68
1a
1a
1a
12
32
c
12
17
36
36
15
36
c
42
15
7e
36
16
75
15
15
36
5f
16
6c
40
54
54
70
42
36
54
54
70
52
74
1c
70
54
52
56
24
6f
73
72
66
7f
67
65
31
37
7c
66
15
66
36
35
2b
45
5e
34
75
78
78
40
37
36
56
75
e
75
72
34
74
12
75
14
14
16
56
75
70
44
14
72
72
56
75
14
12
56
78
0
78
72
14
1c
40
20
2d
68
68
68
35
5d
32
36
16
16
3a
16
3c
3a
5e
1d
2d
2d
19
7
d
7
11
10
48
48
4a
79
18
48
30
1a
30
18
8
19
1a
38
1c
60
1c
68
3a
c
9
c
36
74
66
17
55
67
37
6d
6d
73
6d
67
61
15
64
15
78
75
51
64
4d
1
2f
6d
63
6d
62
63
6d
63
15
2b
62
3b
5e
7f
c
43
1f
43
65
7
f
7
f
66
4f
f
4f
33
6e
4f
61
30
30
52
32
5c
58
72
70
12
54
58
52
38
70
5c
1c
58
2d
12
48
18
52
18
12
68
12
32
12
32
36
36
32
17
68
3a
38
6a
1c
6
e
4
2c
3e
6
6
4
3c
15
6
7d
4
18
18
18
18
48
48
48
18
10
10
50
54
50
58
52
70
54
58
3c
50
5a
1d
2d
52
56
16
5f
6c
73
63
6d
30
6c
1
5
6d
1
5
1
1
65
1
4c
79
59
10
7c
78
52
78
78
60
78
78
40
16
52
18
18
48
48
48
18
1a
48
18
10
10
10
52
58
50
52
1b
52
30
74
70
79
40
69
56
5c
58
50
50
56
58
50
52
50
56
5a
50
58
58
5a
22
19
22
68
1b
2a
2e
8
a
d
a
2e
2a
19
d
2e
68
22
19
2a
2c
2a
1d
1d
33
33
7
6f
3f
3f
33
b
45
3f
3f
33
3f
3f
33
3f
33
47
e
7
1d
2a
8
2d
26
26
2a
6a
2a
22
1b
22
a
19
a
2e
2d
6b
23
f
7
1f
3e
e
47
3e
17
77
47
37
77
35
33
77
37
47
60
47
47
3e
65
60
40
67
7a
60
40
60
72
30
60
40
79
28
78
40
7c
79
42
64
7c
7c
30
79
79
79
7d
3e
7
47
47
3e
57
29
47
47
7
47
7
3d
65
64
40
30
7c
77
35
47
47
33
77
66
47
33
47
3f
79
7
69
3b
69
7f
f
6f
47
79
7f
3f
5f
6f
7f
5f
7f
62
6b
62
6b
7f
1f
67
f
33
33
1f
67
7
35
62
62
62
f
79
62
33
47
61
63
45
65
3f
f
7d
7f
2e
3f
27
2e
7
69
47
76
3e
37
67
77
36
2c
1d
1d
11
79
60
1c
58
73
39
79
40
50
50
38
11
2d
a
a
19
22
8
79
d
26
11
6a
13
1a
1a
39
19
19
19
17
13
19
2d
6a
7a
5a
54
5c
52
60
54
14
32
52
38
74
5a
6c
70
5c
55
3a
58
52
3a
56
20
3c
7c
79
70
70
60
78
78
78
78
78
78
78
78
78
78
78
78
78
78
78
78
78
78
78
78
78
78
78
78
78
78
78
78
78
78
78
78
78
78
78
78
78
78
78
78
78
78
78
78
78
78
78
78
78
78
78
78
78
78
78
78
78
78
78
78
78
78
78
78
78
78
78
78
78
78
78
78
78
78
78
78
78
78
78
78
78
78
78
78
78
78
78
78
78
78
78
78
78
78
78
78
78
78
78
78
78
78
78
78
78
78
78
78
78
78
78
60
4f
40
78
77
2
14
3d
29
47
53
37
47
47
36
17
17
47
7
6
11
6
16
4f
c
11
7
6c
25
6d
69
b
11
68
28
40
32
7c
0
30
20
72
5c
14
75
24
b
2f
3f
f
3f
1
2f
3f
3f
3f
1f
3e
47
47
2e
47
47
3e
33
33
47
47
3e
24
33
67
75
40
5a
64
34
74
74
79
60
30
60
60
60
48
60
60
72
60
78
48
60
64
59
30
79
7c
79
62
60
78
24
30
78
60
44
30
20
30
78
60
30
20
60
60
30
7c
28
30
30
42
60
15
20
60
4d
64
40
4e
30
60
30
20
79
11
23
1
59
1
69
59
60
30
30
b
6b
6e
d
69
6e
7b
6e
6f
6b
3f
3f
b
f
2f
d
11
23
8
28
60
64
2f
37
69
3f
23
66
c
2b
28
2b
7e
11
2b
22
2d
6
2d
e
66
1d
17
1f
3e
37
17
77
67
7e
66
17
7e
36
e
c
12
13
12
4c
1a
19
a
a
3e
38
28
79
42
38
60
14
79
42
77
6
47
37
75
37
17
3e
c
66
6
e
3e
37
37
37
35
33
66
36
37
7e
66
6d
66
6c
14
14
14
60
2
18
35
7c
60
76
58
7c
74
24
3d
20
60
70
28
5c
64
79
29
15
3d
3f
f
2d
6e
2c
2e
2b
11
2d
38
36
6
3b
33
34
37
17
37
36
17
6
e
e
1d
22
6
2c
2c
12
22
2c
19
e
13
19
3b
2e
d
7
7
69
69
27
7
17
76
c
37
35
36
65
24
11
0
40
7c
52
70
52
52
5c
52
78
52
7c
70
72
5c
78
30
78
52
52
14
60
78
12
38
78
78
70
60
78
78
78
78
78
78
78
78
78
78
78
78
78
78
78
78
78
78
78
78
78
78
78
78
78
78
78
78
78
78
78
78
78
78
78
78
78
78
78
78
78
78
78
78
78
78
78
78
78
78
78
