7c81
79df
706f
615b
4d7a
3604
1c40
1a6
ffffe7c6
fffff416
fffffab2
fffffe1d
ffffffda
7fff
7fff
7fff
7fff
70ed
1eb6
ffffd8fe
fffff99b
b86
25d
fffffde3
ffff9c0e
ffffa3da
ffffaf65
ffffbf19
ffffd1de
ffffe67f
fffffbac
1024
625
f6
fffffe55
ffffffaa
ffff8000
ffff8000
ffff91d3
ffffae5c
ffffcb05
ffffe625
fffffe62
12c2
920
3e4
12b
ffffffca
484f
3b52
307c
2405
16e7
a20
fffffe91
428
14e
ffffffeb
9b
3150
2a21
2277
1a69
12b0
bd9
64c
23f
ffffffbc
d0
3b
fffffff8
19
fffff57c
fffffb89
ffffffc4
21d
135
8b
2b
fffffff8
fffffec3
fe
ffffffa6
48
fffffff4
1d
257
fffffe84
1a4
6b
ffffff8e
1
1f5
386
40c
3c8
2a3
a1
fffffde4
ffffff61
8
ffffffb6
ffffffe0
ffffb7ac
713c
6e93
650d
55d8
41d0
2a32
104e
fffff5a3
274
fffffbe1
ffffff17
bd
7fff
7fff
7fff
7fff
7fff
59f6
948
ffffc52e
ffffe4fd
fffff681
ffffffaf
469
ffff92fb
ffff9d21
ffffaa4c
ffffbbd3
ffffd095
ffffe753
fffffeb0
1560
a47
489
1a1
2b
ffff8000
ffff8000
ffff8d99
ffffabad
ffffc9c6
ffffe639
ffffffa8
1518
af3
573
296
123
5891
4ce7
4250
35bd
282c
1a9f
e01
314
fffffa6f
fffffe75
b2
ffffff8e
1f
2d3d
1f8f
1777
1028
a0c
55e
22a
57
ffffffa9
ffffffe1
14
fffffff9
6
fffffdda
12f
18
ffffff16
ffffff9f
ffffffdf
ffffffa4
61
ffffffcf
10
ffffffed
fffffffe
121
fffffc79
ffffffcd
b0
4d
11
74
166
135
44
fffffe7e
ffffff81
ffffffea
18
1
ffffdb03
6948
668d
5cc8
4d33
38b4
209c
64d
ffffeb5a
fffff847
ffffff21
2ae
e6
7fff
7fff
7fff
7fff
4ee7
b80
ffffd1f0
ffffecdb
fffffbae
369
ffffff75
ffff8f6e
ffff935a
ffff9e8b
ffffaf71
ffffc522
ffffde66
fffff9e0
1614
816
102
fffffd72
ffffff3d
ffff8000
ffff8e68
ffffa8c6
ffffc513
ffffe189
fffffc7e
1499
902
2dc
ffffffb6
14e
7fff
7fff
7fff
7e83
7310
64c4
54aa
43dd
3365
2427
16e2
c19
415
fffffed6
123
ffffffe8
80
32
1007
84c
41d
17f
31
ffffffd5
ffffffec
8
fffffff8
0
fffffead
a6
fffffff6
6a
36
17
ffffffd6
31
0
1d
f
8
a9
fffffd5e
6
fffffeff
ffffff94
ffffffd2
32
ffffff1e
9
ffffffb3
ffffffe5
fffffff8
fffffd33
6a27
676c
5da2
4e04
397b
2155
6f6
ffffebf2
fffff8e7
ffffffc6
355
18b
7fff
7fff
7fff
7fff
4ece
b74
ffffd1f0
ffffecd5
fffffba5
35e
ffffff6b
ffff8f96
ffff935a
ffff9e77
ffffaf4c
ffffc4ec
ffffde21
fffff98e
15b8
7bf
ad
fffffd1e
fffffee9
ffff8000
ffff8e90
ffffa8eb
ffffc535
ffffe1a7
fffffc97
14ad
919
2f4
ffffffce
167
7fff
7fff
7fff
7e2b
72c0
647d
546c
43a8
3338
2404
16c7
c05
407
fffffecd
118
ffffffde
75
28
100c
844
417
17a
2d
ffffffd1
ffffffe8
4
fffffff4
fffffffc
fffffea2
a9
fffffff5
6c
36
17
ffffffd2
2d
fffffffc
1a
c
4
ad
fffffd5f
fffffffd
88
50
2a
2e
ffffff18
4
ffffffae
ffffffe0
fffffff3
fffffd55
6a2b
6770
5da5
4e08
397e
2157
6f7
ffffebf1
fffff8e7
ffffffc6
356
18c
7fff
7fff
7fff
7fff
4edd
b82
ffffd1fe
ffffece3
fffffbb3
36d
ffffff79
ffff8f91
ffff9356
ffff9e73
ffffaf48
ffffc4e9
ffffde1f
fffff98d
15b8
7bf
ad
fffffd1e
fffffee8
ffff8000
ffff8e9b
ffffa8f7
ffffc540
ffffe1b2
fffffca1
14b6
923
2fe
ffffffd8
171
7fff
7fff
7fff
7e30
72c4
6480
546e
43a8
3337
2401
16c3
bff
401
fffffec6
111
ffffffd7
6e
21
101b
848
41b
17d
30
ffffffd4
ffffffeb
7
fffffff7
ffffffff
fffffea6
a5
fffffff3
68
34
15
ffffffd5
30
ffffffff
1c
e
7
a9
fffffd60
3
fffffefd
ffffff91
ffffffce
30
ffffff19
6
ffffffaf
ffffffe2
fffffff5
fffffd4a
6a27
676c
5da2
4e04
397b
2155
6f6
ffffebf2
fffff8e7
ffffffc6
355
18b
7fff
7fff
7fff
7fff
4ece
b74
ffffd1f0
ffffecd5
fffffba5
35e
ffffff6b
ffff8f96
ffff935a
ffff9e77
ffffaf4c
ffffc4ec
ffffde21
fffff98e
15b8
7bf
ad
fffffd1e
fffffee9
ffff8000
ffff8e90
ffffa8eb
ffffc535
ffffe1a7
fffffc97
14ad
919
2f4
ffffffce
167
7fff
7fff
7fff
7e2b
72c0
647d
546c
43a8
3338
2404
16c7
c05
407
fffffecd
118
ffffffde
75
28
100c
844
417
17a
2d
ffffffd1
ffffffe8
4
fffffff4
fffffffc
fffffea2
a9
fffffff5
6c
36
17
ffffffd2
2d
fffffffc
1a
c
4
ad
fffffd5f
fffffffd
88
50
2a
2e
ffffff18
4
ffffffae
ffffffe0
fffffff3
fffffd55
6a27
676c
5da2
4e04
397b
2155
6f6
ffffebf2
fffff8e7
ffffffc6
355
18b
7fff
7fff
7fff
7fff
4ece
b74
ffffd1f0
ffffecd5
fffffba5
35e
ffffff6b
ffff8f96
ffff935a
ffff9e77
ffffaf4c
ffffc4ec
ffffde21
fffff98e
15b8
7bf
ad
fffffd1e
fffffee9
ffff8000
ffff8e90
ffffa8eb
ffffc535
ffffe1a7
fffffc97
14ad
919
2f4
ffffffce
167
7fff
7fff
7fff
7e2b
72c0
647d
546c
43a8
3338
2404
16c7
c05
407
fffffecd
118
ffffffde
75
28
100c
844
417
17a
2d
ffffffd1
ffffffe8
4
fffffff4
fffffffc
fffffea2
a9
fffffff5
6c
36
17
ffffffd2
2d
fffffffc
1a
c
4
ad
fffffd5f
fffffffd
88
50
2a
2e
ffffff18
4
ffffffae
ffffffe0
fffffff3
fffffd55
6a27
676c
5da2
4e04
397b
2155
6f6
ffffebf2
fffff8e7
ffffffc6
355
18b
7fff
7fff
7fff
7fff
4ece
b74
ffffd1f0
ffffecd5
fffffba5
35e
ffffff6b
ffff8f96
ffff935a
ffff9e77
ffffaf4c
ffffc4ec
ffffde21
fffff98e
15b8
7bf
ad
fffffd1e
fffffee9
ffff8000
ffff8e90
ffffa8eb
ffffc535
ffffe1a7
fffffc97
14ad
919
2f4
ffffffce
167
7fff
7fff
7fff
7e2b
72c0
647d
546c
43a8
3338
2404
16c7
c05
407
fffffecd
118
ffffffde
75
28
100c
844
417
17a
2d
ffffffd1
ffffffe8
4
fffffff4
fffffffc
fffffea2
a9
fffffff5
6c
36
17
ffffffd2
2d
fffffffc
1a
c
4
ad
fffffd5f
fffffffd
88
50
2a
2e
ffffff18
4
ffffffae
ffffffe0
fffffff3
fffffd55
6a27
676c
5da2
4e04
397b
2155
6f6
ffffebf2
fffff8e7
ffffffc6
355
18b
7fff
7fff
7fff
7fff
4ece
b74
ffffd1f0
ffffecd5
fffffba5
35e
ffffff6b
ffff8f96
ffff935a
ffff9e77
ffffaf4c
ffffc4ec
ffffde21
fffff98e
15b8
7bf
ad
fffffd1e
fffffee9
ffff8000
ffff8e90
ffffa8eb
ffffc535
ffffe1a7
fffffc97
14ad
919
2f4
ffffffce
167
7fff
7fff
7fff
7e2b
72c0
647d
546c
43a8
3338
2404
16c7
c05
407
fffffecd
118
ffffffde
75
28
100c
844
417
17a
2d
ffffffd1
ffffffe8
4
fffffff4
fffffffc
fffffea2
a9
fffffff5
6c
36
17
ffffffd2
2d
fffffffc
1a
c
4
ad
fffffd5f
fffffffd
88
50
2a
2e
ffffff18
4
ffffffae
ffffffe0
fffffff3
fffffd55
6a27
676c
5da2
4e04
397b
2155
6f6
ffffebf2
fffff8e7
ffffffc6
355
18b
7fff
7fff
7fff
7fff
4ece
b74
ffffd1f0
ffffecd5
fffffba5
35e
ffffff6b
ffff8f96
ffff935a
ffff9e77
ffffaf4c
ffffc4ec
ffffde21
fffff98e
15b8
7bf
ad
fffffd1e
fffffee9
ffff8000
ffff8e90
ffffa8eb
ffffc535
ffffe1a7
fffffc97
14ad
919
2f4
ffffffce
167
7fff
7fff
7fff
7e2b
72c0
647d
546c
43a8
3338
2404
16c7
c05
407
fffffecd
118
ffffffde
75
28
100c
844
417
17a
2d
ffffffd1
ffffffe8
4
fffffff4
fffffffc
fffffea2
a9
fffffff5
6c
36
17
ffffffd2
2d
fffffffc
1a
c
4
ad
fffffd5f
fffffffd
88
50
2a
2e
ffffff18
4
ffffffae
ffffffe0
fffffff3
fffffd55
6a27
676c
5da2
4e04
397b
2155
6f6
ffffebf2
fffff8e7
ffffffc6
355
18b
7fff
7fff
7fff
7fff
4ece
b74
ffffd1f0
ffffecd5
fffffba5
35e
ffffff6b
ffff8f96
ffff935a
ffff9e77
ffffaf4c
ffffc4ec
ffffde21
fffff98e
15b8
7bf
ad
fffffd1e
fffffee9
ffff8000
ffff8e90
ffffa8eb
ffffc535
ffffe1a7
fffffc97
14ad
919
2f4
ffffffce
167
7fff
7fff
7fff
7e2b
72c0
647d
546c
43a8
3338
2404
16c7
c05
407
fffffecd
118
ffffffde
75
28
100c
844
417
17a
2d
ffffffd1
ffffffe8
4
fffffff4
fffffffc
fffffea2
a9
fffffff5
6c
36
17
ffffffd2
2d
fffffffc
1a
c
4
ad
fffffd5f
fffffffd
88
50
2a
2e
ffffff18
4
ffffffae
ffffffe0
fffffff3
fffffd55
6a27
676c
5da2
4e04
397b
2155
6f6
ffffebf2
fffff8e7
ffffffc6
355
18b
7fff
7fff
7fff
7fff
4ece
b74
ffffd1f0
ffffecd5
fffffba5
35e
ffffff6b
ffff8f96
ffff935a
ffff9e77
ffffaf4c
ffffc4ec
ffffde21
fffff98e
15b8
7bf
ad
fffffd1e
fffffee9
ffff8000
ffff8e90
ffffa8eb
ffffc535
ffffe1a7
fffffc97
14ad
919
2f4
ffffffce
167
7fff
7fff
7fff
7e2b
72c0
647d
546c
43a8
3338
2404
16c7
c05
407
fffffecd
118
ffffffde
75
28
100c
844
417
17a
2d
ffffffd1
ffffffe8
4
fffffff4
fffffffc
fffffea2
a9
fffffff5
6c
36
17
ffffffd2
2d
fffffffc
1a
c
4
ad
fffffd5f
fffffffd
88
50
2a
2e
ffffff18
4
ffffffae
ffffffe0
fffffff3
fffffd55
6a27
676c
5da2
4e05
397c
2157
6f8
ffffebf4
fffff8ea
ffffffc8
358
18e
7fff
7fff
7fff
7fff
4ee0
b85
ffffd1ff
ffffece5
fffffbb6
36f
ffffff7c
ffff8f9c
ffff9362
ffff9e7f
ffffaf54
ffffc4f4
ffffde29
fffff996
15c0
7c7
b6
fffffd27
fffffef1
ffff8000
ffff8e97
ffffa8f1
ffffc53a
ffffe1ab
fffffc9a
14af
91c
2f7
ffffffd1
16a
7fff
7fff
7fff
7e2c
72c0
647c
546b
43a6
3336
2401
16c4
c03
406
fffffecc
116
ffffffdd
74
27
100d
844
417
17b
2e
ffffffd3
ffffffea
5
fffffff6
fffffffd
fffffeaa
b1
fffffffc
73
3e
1f
ffffffd4
30
fffffffe
1c
e
6
b4
fffffd6b
10
ffffff09
ffffff9e
ffffffdb
31
ffffff1c
6
ffffffb0
ffffffe2
fffffff5
fffffd47
6a27
676c
5da2
4e05
397c
2157
6f8
ffffebf4
fffff8ea
ffffffc8
358
18e
7fff
7fff
7fff
7fff
4ee0
b85
ffffd1ff
ffffece5
fffffbb6
36f
ffffff7c
ffff8f9c
ffff9362
ffff9e7f
ffffaf54
ffffc4f4
ffffde29
fffff996
15c0
7c7
b6
fffffd27
fffffef1
ffff8000
ffff8e97
ffffa8f1
ffffc53a
ffffe1ab
fffffc9a
14af
91c
2f7
ffffffd1
16a
7fff
7fff
7fff
7e2c
72c0
647c
546b
43a6
3336
2401
16c4
c03
406
fffffecc
116
ffffffdd
74
27
100d
844
417
17b
2e
ffffffd3
ffffffea
5
fffffff6
fffffffd
fffffeaa
b1
fffffffc
73
3e
1f
ffffffd4
30
fffffffe
1c
e
6
b4
fffffd6b
10
ffffff09
ffffff9e
ffffffdb
31
ffffff1c
6
ffffffb0
ffffffe2
fffffff5
fffffd47
6a27
676c
5da2
4e05
397c
2157
6f8
ffffebf4
fffff8ea
ffffffc8
358
18e
7fff
7fff
7fff
7fff
4ee0
b85
ffffd1ff
ffffece5
fffffbb6
36f
ffffff7c
ffff8f9c
ffff9362
ffff9e7f
ffffaf54
ffffc4f4
ffffde29
fffff996
15c0
7c7
b6
fffffd27
fffffef1
ffff8000
ffff8e97
ffffa8f1
ffffc53a
ffffe1ab
fffffc9a
14af
91c
2f7
ffffffd1
16a
7fff
7fff
7fff
7e2c
72c0
647c
546b
43a6
3336
2401
16c4
c03
406
fffffecc
116
ffffffdd
74
27
100d
844
417
17b
2e
ffffffd3
ffffffea
5
fffffff6
fffffffd
fffffeaa
b1
fffffffc
73
3e
1f
ffffffd4
30
fffffffe
1c
e
6
b4
fffffd6b
10
ffffff09
ffffff9e
ffffffdb
31
ffffff1c
6
ffffffb0
ffffffe2
fffffff5
fffffd47
6a27
676c
5da2
4e05
397c
2157
6f8
ffffebf4
fffff8ea
ffffffc8
358
18e
7fff
7fff
7fff
7fff
4ee0
b85
ffffd1ff
ffffece5
fffffbb6
36f
ffffff7c
ffff8f9c
ffff9362
ffff9e7f
ffffaf54
ffffc4f4
ffffde29
fffff996
15c0
7c7
b6
fffffd27
fffffef1
ffff8000
ffff8e97
ffffa8f1
ffffc53a
ffffe1ab
fffffc9a
14af
91c
2f7
ffffffd1
16a
7fff
7fff
7fff
7e2c
72c0
647c
546b
43a6
3336
2401
16c4
c03
406
fffffecc
116
ffffffdd
74
27
100d
844
417
17b
2e
ffffffd3
ffffffea
5
fffffff6
fffffffd
fffffeaa
b1
fffffffc
73
3e
1f
ffffffd4
30
fffffffe
1c
e
6
b4
fffffd6b
10
ffffff09
ffffff9e
ffffffdb
31
ffffff1c
6
ffffffb0
ffffffe2
fffffff5
fffffd47
6a27
676c
5da2
4e05
397c
2157
6f8
ffffebf4
fffff8ea
ffffffc8
358
18e
7fff
7fff
7fff
7fff
4ee0
b85
ffffd1ff
ffffece5
fffffbb6
36f
ffffff7c
ffff8f9c
ffff9362
ffff9e7f
ffffaf54
ffffc4f4
ffffde29
fffff996
15c0
7c7
b6
fffffd27
fffffef1
ffff8000
ffff8e97
ffffa8f1
ffffc53a
ffffe1ab
fffffc9a
14af
91c
2f7
ffffffd1
16a
7fff
7fff
7fff
7e2c
72c0
647c
546b
43a6
3336
2401
16c4
c03
406
fffffecc
116
ffffffdd
74
27
100d
844
417
17b
2e
ffffffd3
ffffffea
5
fffffff6
fffffffd
fffffeaa
b1
fffffffc
73
3e
1f
ffffffd4
30
fffffffe
1c
e
6
b4
fffffd6b
10
ffffff09
ffffff9e
ffffffdb
31
ffffff1c
6
ffffffb0
ffffffe2
fffffff5
fffffd47
6a27
676c
5da2
4e05
397c
2157
6f8
ffffebf4
fffff8ea
ffffffc8
358
18e
7fff
7fff
7fff
7fff
4ee0
b85
ffffd1ff
ffffece5
fffffbb6
36f
ffffff7c
ffff8f9c
ffff9362
ffff9e7f
ffffaf54
ffffc4f4
ffffde29
fffff996
15c0
7c7
b6
fffffd27
fffffef1
ffff8000
ffff8e97
ffffa8f1
ffffc53a
ffffe1ab
fffffc9a
14af
91c
2f7
ffffffd1
16a
7fff
7fff
7fff
7e2c
72c0
647c
546b
43a6
3336
2401
16c4
c03
406
fffffecc
116
ffffffdd
74
27
100d
844
417
17b
2e
ffffffd3
ffffffea
5
fffffff6
fffffffd
fffffeaa
b1
fffffffc
73
3e
1f
ffffffd4
30
fffffffe
1c
e
6
b4
fffffd6b
10
ffffff09
ffffff9e
ffffffdb
31
ffffff1c
6
ffffffb0
ffffffe2
fffffff5
fffffd47
6a27
676c
5da2
4e05
397c
2157
6f8
ffffebf4
fffff8ea
ffffffc8
358
18e
7fff
7fff
7fff
7fff
4ee0
b85
ffffd1ff
ffffece5
fffffbb6
36f
ffffff7c
ffff8f9c
ffff9362
ffff9e7f
ffffaf54
ffffc4f4
ffffde29
fffff996
15c0
7c7
b6
fffffd27
fffffef1
ffff8000
ffff8e97
ffffa8f1
ffffc53a
ffffe1ab
fffffc9a
14af
91c
2f7
ffffffd1
16a
7fff
7fff
7fff
7e2c
72c0
647c
546b
43a6
3336
2401
16c4
c03
406
fffffecc
116
ffffffdd
74
27
100d
844
417
17b
2e
ffffffd3
ffffffea
5
fffffff6
fffffffd
fffffeaa
b1
fffffffc
73
3e
1f
ffffffd4
30
fffffffe
1c
e
6
b4
fffffd6b
10
ffffff09
ffffff9e
ffffffdb
31
ffffff1c
6
ffffffb0
ffffffe2
fffffff5
fffffd47
6a27
676c
5da2
4e05
397c
2157
6f8
ffffebf4
fffff8ea
ffffffc8
358
18e
7fff
7fff
7fff
7fff
4ee0
b85
ffffd1ff
ffffece5
fffffbb6
36f
ffffff7c
ffff8f9c
ffff9362
ffff9e7f
ffffaf54
ffffc4f4
ffffde29
fffff996
15c0
7c7
b6
fffffd27
fffffef1
ffff8000
ffff8e97
ffffa8f1
ffffc53a
ffffe1ab
fffffc9a
14af
91c
2f7
ffffffd1
16a
7fff
7fff
7fff
7e2c
72c0
647c
546b
43a6
3336
2401
16c4
c03
406
fffffecc
116
ffffffdd
74
27
100d
844
417
17b
2e
ffffffd3
ffffffea
5
fffffff6
fffffffd
fffffeaa
b1
fffffffc
73
3e
1f
ffffffd4
30
fffffffe
1c
e
6
b4
fffffd6b
10
ffffff09
ffffff9e
ffffffdb
31
ffffff1c
6
ffffffb0
ffffffe2
fffffff5
fffffd47
6a27
676c
5da2
4e05
397c
2157
6f8
ffffebf4
fffff8ea
ffffffc8
358
18e
7fff
7fff
7fff
7fff
4ee0
b85
ffffd1ff
ffffece5
fffffbb6
36f
ffffff7c
ffff8f9c
ffff9362
ffff9e7f
ffffaf54
ffffc4f4
ffffde29
fffff996
15c0
7c7
b6
fffffd27
fffffef1
ffff8000
ffff8e97
ffffa8f1
ffffc53a
ffffe1ab
fffffc9a
14af
91c
2f7
ffffffd1
16a
7fff
7fff
7fff
7e2c
72c0
647c
546b
43a6
3336
2401
16c4
c03
406
fffffecc
116
ffffffdd
74
27
100d
844
417
17b
2e
ffffffd3
ffffffea
5
fffffff6
fffffffd
fffffeaa
b1
fffffffc
73
3e
1f
ffffffd4
30
fffffffe
1c
e
6
b4
fffffd6b
10
ffffff09
ffffff9e
ffffffdb
31
ffffff1c
6
ffffffb0
ffffffe2
fffffff5
fffffd47
6a2b
6770
5da6
4e09
3980
215b
6fc
ffffebf8
fffff8ed
ffffffcc
35b
191
7fff
7fff
7fff
7fff
4ece
b74
ffffd1f0
ffffecd5
fffffba5
35e
ffffff6b
ffff8f9f
ffff9364
ffff9e81
ffffaf55
ffffc4f5
ffffde2a
fffff997
15c0
7c8
b6
fffffd27
fffffef1
ffff8000
ffff8e90
ffffa8eb
ffffc535
ffffe1a7
fffffc97
14ad
919
2f4
ffffffce
167
7fff
7fff
7fff
7e28
72bc
6477
5466
43a0
3330
23fb
16be
bfc
3fe
fffffec5
10f
ffffffd5
6d
1f
1019
844
417
17a
2d
ffffffd1
ffffffe8
4
fffffff4
fffffffc
fffffe9e
a7
fffffff2
69
34
14
ffffffd2
2d
fffffffd
1a
c
4
ac
fffffd61
fffffffe
88
51
2b
2e
ffffff18
4
ffffffad
ffffffe0
fffffff3
fffffd57
6a17
675c
5d92
4df5
396d
2148
6ea
ffffebe6
fffff8dc
ffffffba
349
17f
7fff
7fff
7fff
7fff
4ece
b74
ffffd1f0
ffffecd5
fffffba5
35e
ffffff6b
ffff8f93
ffff9359
ffff9e77
ffffaf4d
ffffc4ee
ffffde24
fffff991
15bc
7c3
b1
fffffd22
fffffeec
ffff8000
ffff8e90
ffffa8eb
ffffc535
ffffe1a7
fffffc97
14ad
919
2f4
ffffffce
167
7fff
7fff
7fff
7e2c
72c0
647c
546a
43a5
3335
2400
16c3
c01
403
fffffec9
113
ffffffda
71
24
1012
844
417
17a
2d
ffffffd1
ffffffe8
4
fffffff4
fffffffc
fffffea0
a9
fffffff4
6b
36
16
ffffffd2
2d
fffffffc
1a
c
4
ad
fffffd61
fffffffe
88
51
2b
2e
ffffff18
4
ffffffad
ffffffe0
fffffff3
fffffd56
6a17
675c
5d92
4df5
396d
2148
6ea
ffffebe6
fffff8dc
ffffffba
349
17f
7fff
7fff
7fff
7fff
4ece
b74
ffffd1f0
ffffecd5
fffffba5
35e
ffffff6b
ffff8f93
ffff9359
ffff9e77
ffffaf4d
ffffc4ee
ffffde24
fffff991
15bc
7c3
b1
fffffd22
fffffeec
ffff8000
ffff8e90
ffffa8eb
ffffc535
ffffe1a7
fffffc97
14ad
919
2f4
ffffffce
167
7fff
7fff
7fff
7e2c
72c0
647c
546a
43a5
3335
2400
16c3
c01
403
fffffec9
113
ffffffda
71
24
1012
844
417
17a
2d
ffffffd1
ffffffe8
4
fffffff4
fffffffc
fffffea0
a9
fffffff4
6b
36
16
ffffffd2
2d
fffffffc
1a
c
4
ad
fffffd61
fffffffe
88
51
2b
2e
ffffff18
4
ffffffad
ffffffe0
fffffff3
fffffd56
6a17
675c
5d92
4df5
396d
2148
6ea
ffffebe6
fffff8dc
ffffffba
349
17f
7fff
7fff
7fff
7fff
4ece
b74
ffffd1f0
ffffecd5
fffffba5
35e
ffffff6b
ffff8f93
ffff9359
ffff9e77
ffffaf4d
ffffc4ee
ffffde24
fffff991
15bc
7c3
b1
fffffd22
fffffeec
ffff8000
ffff8e90
ffffa8eb
ffffc535
ffffe1a7
fffffc97
14ad
919
2f4
ffffffce
167
7fff
7fff
7fff
7e2c
72c0
647c
546a
43a5
3335
2400
16c3
c01
403
fffffec9
113
ffffffda
71
24
1012
844
417
17a
2d
ffffffd1
ffffffe8
4
fffffff4
fffffffc
fffffea0
a9
fffffff4
6b
36
16
ffffffd2
2d
fffffffc
1a
c
4
ad
fffffd61
fffffffe
88
51
2b
2e
ffffff18
4
ffffffad
ffffffe0
fffffff3
fffffd56
6a17
675c
5d92
4df5
396d
2148
6ea
ffffebe6
fffff8dc
ffffffba
349
17f
7fff
7fff
7fff
7fff
4ece
b74
ffffd1f0
ffffecd5
fffffba5
35e
ffffff6b
ffff8f93
ffff9359
ffff9e77
ffffaf4d
ffffc4ee
ffffde24
fffff991
15bc
7c3
b1
fffffd22
fffffeec
ffff8000
ffff8e90
ffffa8eb
ffffc535
ffffe1a7
fffffc97
14ad
919
2f4
ffffffce
167
7fff
7fff
7fff
7e2c
72c0
647c
546a
43a5
3335
2400
16c3
c01
403
fffffec9
113
ffffffda
71
24
1012
844
417
17a
2d
ffffffd1
ffffffe8
4
fffffff4
fffffffc
fffffea0
a9
fffffff4
6b
36
16
ffffffd2
2d
fffffffc
1a
c
4
ad
fffffd61
fffffffe
88
51
2b
2e
ffffff18
4
ffffffad
ffffffe0
fffffff3
fffffd56
6a17
675c
5d92
4df5
396d
2148
6ea
ffffebe6
fffff8dc
ffffffba
349
17f
7fff
7fff
7fff
7fff
4ece
b74
ffffd1f0
ffffecd5
fffffba5
35e
ffffff6b
ffff8f93
ffff9359
ffff9e77
ffffaf4d
ffffc4ee
ffffde24
fffff991
15bc
7c3
b1
fffffd22
fffffeec
ffff8000
ffff8e90
ffffa8eb
ffffc535
ffffe1a7
fffffc97
14ad
919
2f4
ffffffce
167
7fff
7fff
7fff
7e2c
72c0
647c
546a
43a5
3335
2400
16c3
c01
403
fffffec9
113
ffffffda
71
24
1012
844
417
17a
2d
ffffffd1
ffffffe8
4
fffffff4
fffffffc
fffffea0
a9
fffffff4
6b
36
16
ffffffd2
2d
fffffffc
1a
c
4
ad
fffffd61
fffffffe
88
51
2b
2e
ffffff18
4
ffffffad
ffffffe0
fffffff3
fffffd56
6a17
675c
5d92
4df5
396d
2148
6ea
ffffebe6
fffff8dc
ffffffba
349
17f
7fff
7fff
7fff
7fff
4ece
b74
ffffd1f0
ffffecd5
fffffba5
35e
ffffff6b
ffff8f93
ffff9359
ffff9e77
ffffaf4d
ffffc4ee
ffffde24
fffff991
15bc
7c3
b1
fffffd22
fffffeec
ffff8000
ffff8e90
ffffa8eb
ffffc535
ffffe1a7
fffffc97
14ad
919
2f4
ffffffce
167
7fff
7fff
7fff
7e2c
72c0
647c
546a
43a5
3335
2400
16c3
c01
403
fffffec9
113
ffffffda
71
24
1012
844
417
17a
2d
ffffffd1
ffffffe8
4
fffffff4
fffffffc
fffffea0
a9
fffffff4
6b
36
16
ffffffd2
2d
fffffffc
1a
c
4
ad
fffffd61
fffffffe
88
51
2b
2e
ffffff18
4
ffffffad
ffffffe0
fffffff3
fffffd56
6a17
675c
5d92
4df5
396d
2148
6ea
ffffebe6
fffff8dc
ffffffba
349
17f
7fff
7fff
7fff
7fff
4ece
b74
ffffd1f0
ffffecd5
fffffba5
35e
ffffff6b
ffff8f93
ffff9359
ffff9e77
ffffaf4d
ffffc4ee
ffffde24
fffff991
15bc
7c3
b1
fffffd22
fffffeec
ffff8000
ffff8e90
ffffa8eb
ffffc535
ffffe1a7
fffffc97
14ad
919
2f4
ffffffce
167
7fff
7fff
7fff
7e2c
72c0
647c
546a
43a5
3335
2400
16c3
c01
403
fffffec9
113
ffffffda
71
24
1012
844
417
17a
2d
ffffffd1
ffffffe8
4
fffffff4
fffffffc
fffffea0
a9
fffffff4
6b
36
16
ffffffd2
2d
fffffffc
1a
c
4
ad
fffffd61
fffffffe
88
51
2b
2e
ffffff18
4
ffffffad
ffffffe0
fffffff3
fffffd56
6a23
6768
5d9e
4e01
3978
2153
6f4
ffffebf0
fffff8e6
ffffffc4
354
18a
7fff
7fff
7fff
7fff
4ece
b74
ffffd1f0
ffffecd5
fffffba5
35e
ffffff6b
ffff8f99
ffff935e
ffff9e7b
ffffaf50
ffffc4f0
ffffde25
fffff992
15bc
7c3
b2
fffffd23
fffffeed
ffff8000
ffff8e90
ffffa8eb
ffffc535
ffffe1a7
fffffc97
14ad
919
2f4
ffffffce
167
7fff
7fff
7fff
7e28
72bc
6478
5467
43a2
3332
23fd
16c0
bff
402
fffffec8
112
ffffffd9
70
23
1013
844
417
17a
2d
ffffffd1
ffffffe8
4
fffffff4
fffffffc
fffffea3
ad
fffffff7
6f
39
1a
ffffffd2
2d
fffffffc
1a
b
4
b1
fffffd67
4
fffffeff
ffffff92
ffffffcf
2e
ffffff18
3
ffffffac
ffffffdf
fffffff2
fffffd5d
6a23
6768
5d9e
4e01
3978
2153
6f4
ffffebf0
fffff8e6
ffffffc4
354
18a
7fff
7fff
7fff
7fff
4ece
b74
ffffd1f0
ffffecd5
fffffba5
35e
ffffff6b
ffff8f99
ffff935e
ffff9e7b
ffffaf50
ffffc4f0
ffffde25
fffff992
15bc
7c3
b2
fffffd23
fffffeed
ffff8000
ffff8e90
ffffa8eb
ffffc535
ffffe1a7
fffffc97
14ad
919
2f4
ffffffce
167
7fff
7fff
7fff
7e28
72bc
6478
5467
43a2
3332
23fd
16c0
bff
402
fffffec8
112
ffffffd9
70
23
1013
844
417
17a
2d
ffffffd1
ffffffe8
4
fffffff4
fffffffc
fffffea3
ad
fffffff7
6f
39
1a
ffffffd2
2d
fffffffc
1a
b
4
b1
fffffd67
4
fffffeff
ffffff92
ffffffcf
2e
ffffff18
3
ffffffac
ffffffdf
fffffff2
fffffd5d
6a23
6768
5d9e
4e01
3978
2153
6f4
ffffebf0
fffff8e6
ffffffc4
354
18a
7fff
7fff
7fff
7fff
4ece
b74
ffffd1f0
ffffecd5
fffffba5
35e
ffffff6b
ffff8f99
ffff935e
ffff9e7b
ffffaf50
ffffc4f0
ffffde25
fffff992
15bc
7c3
b2
fffffd23
fffffeed
ffff8000
ffff8e90
ffffa8eb
ffffc535
ffffe1a7
fffffc97
14ad
919
2f4
ffffffce
167
7fff
7fff
7fff
7e28
72bc
6478
5467
43a2
3332
23fd
16c0
bff
402
fffffec8
112
ffffffd9
70
23
1013
844
417
17a
2d
ffffffd1
ffffffe8
4
fffffff4
fffffffc
fffffea3
ad
fffffff7
6f
39
1a
ffffffd2
2d
fffffffc
1a
b
4
b1
fffffd67
4
fffffeff
ffffff92
ffffffcf
2e
ffffff18
3
ffffffac
ffffffdf
fffffff2
fffffd5d
6a23
6768
5d9e
4e01
3978
2153
6f4
ffffebf0
fffff8e6
ffffffc4
354
18a
7fff
7fff
7fff
7fff
4ece
b74
ffffd1f0
ffffecd5
fffffba5
35e
ffffff6b
ffff8f99
ffff935e
ffff9e7b
ffffaf50
ffffc4f0
ffffde25
fffff992
15bc
7c3
b2
fffffd23
fffffeed
ffff8000
ffff8e90
ffffa8eb
ffffc535
ffffe1a7
fffffc97
14ad
919
2f4
ffffffce
167
7fff
7fff
7fff
7e28
72bc
6478
5467
43a2
3332
23fd
16c0
bff
402
fffffec8
112
ffffffd9
70
23
1013
844
417
17a
2d
ffffffd1
ffffffe8
4
fffffff4
fffffffc
fffffea3
ad
fffffff7
6f
39
1a
ffffffd2
2d
fffffffc
1a
b
4
b1
fffffd67
4
fffffeff
ffffff92
ffffffcf
2e
ffffff18
3
ffffffac
ffffffdf
fffffff2
fffffd5d
6a23
6768
5d9e
4e01
3978
2153
6f4
ffffebf0
fffff8e6
ffffffc4
354
18a
7fff
7fff
7fff
7fff
4ece
b74
ffffd1f0
ffffecd5
fffffba5
35e
ffffff6b
ffff8f99
ffff935e
ffff9e7b
ffffaf50
ffffc4f0
ffffde25
fffff992
15bc
7c3
b2
fffffd23
fffffeed
ffff8000
ffff8e90
ffffa8eb
ffffc535
ffffe1a7
fffffc97
14ad
919
2f4
ffffffce
167
7fff
7fff
7fff
7e28
72bc
6478
5467
43a2
3332
23fd
16c0
bff
402
fffffec8
112
ffffffd9
70
23
1013
844
417
17a
2d
ffffffd1
ffffffe8
4
fffffff4
fffffffc
fffffea3
ad
fffffff7
6f
39
1a
ffffffd2
2d
fffffffc
1a
b
4
b1
fffffd67
4
fffffeff
ffffff92
ffffffcf
2e
ffffff18
3
ffffffac
ffffffdf
fffffff2
fffffd5d
6a33
6778
5dad
4e0f
3985
215e
6fd
ffffebf7
fffff8ee
ffffffcd
35c
192
7fff
7fff
7fff
7fff
4ec1
b69
ffffd1e7
ffffeccb
fffffb9b
354
ffffff61
ffff8f96
ffff9357
ffff9e73
ffffaf47
ffffc4e7
ffffde1c
fffff98a
15b4
7bb
a9
fffffd1a
fffffee4
ffff8000
ffff8e95
ffffa8f1
ffffc53b
ffffe1ae
fffffc9d
14b3
91f
2fa
ffffffd5
16d
7fff
7fff
7fff
7e28
72bc
6478
5466
43a1
3330
23fa
16bc
bfa
3fb
fffffec1
10b
ffffffd2
69
1c
101b
840
413
176
28
ffffffcd
ffffffe4
ffffffff
12
8
fffffe89
a5
ffffffe8
64
2d
c
ffffffce
2a
fffffff9
16
8
1
aa
fffffd61
fffffff1
7e
44
1e
2a
ffffff15
1
ffffffab
ffffffdd
fffffff0
fffffd6f
6a27
676c
5da2
4e05
397c
2157
6f8
ffffebf4
fffff8ea
ffffffc8
358
18e
7fff
7fff
7fff
7fff
4ee0
b85
ffffd1ff
ffffece5
fffffbb6
36f
ffffff7c
ffff8f9c
ffff9362
ffff9e7f
ffffaf54
ffffc4f4
ffffde29
fffff996
15c0
7c7
b6
fffffd27
fffffef1
ffff8000
ffff8e97
ffffa8f1
ffffc53a
ffffe1ab
fffffc9a
14af
91c
2f7
ffffffd1
16a
7fff
7fff
7fff
7e2c
72c0
647c
546b
43a6
3336
2401
16c4
c03
406
fffffecc
116
ffffffdd
74
27
100d
844
417
17b
2e
ffffffd3
ffffffea
5
fffffff6
fffffffd
fffffeaa
b1
fffffffc
73
3e
1f
ffffffd4
30
fffffffe
1c
e
6
b4
fffffd6b
10
ffffff09
ffffff9e
ffffffdb
31
ffffff1c
6
ffffffb0
ffffffe2
fffffff5
fffffd47
6a27
676c
5da2
4e05
397c
2157
6f8
ffffebf4
fffff8ea
ffffffc8
358
18e
7fff
7fff
7fff
7fff
4ee0
b85
ffffd1ff
ffffece5
fffffbb6
36f
ffffff7c
ffff8f9c
ffff9362
ffff9e7f
ffffaf54
ffffc4f4
ffffde29
fffff996
15c0
7c7
b6
fffffd27
fffffef1
ffff8000
ffff8e97
ffffa8f1
ffffc53a
ffffe1ab
fffffc9a
14af
91c
2f7
ffffffd1
16a
7fff
7fff
7fff
7e2c
72c0
647c
546b
43a6
3336
2401
16c4
c03
406
fffffecc
116
ffffffdd
74
27
100d
844
417
17b
2e
ffffffd3
ffffffea
5
fffffff6
fffffffd
fffffeaa
b1
fffffffc
73
3e
1f
ffffffd4
30
fffffffe
1c
e
6
b4
fffffd6b
10
ffffff09
ffffff9e
ffffffdb
31
ffffff1c
6
ffffffb0
ffffffe2
fffffff5
fffffd47
6a27
676c
5da2
4e05
397c
2157
6f8
ffffebf4
fffff8ea
ffffffc8
358
18e
7fff
7fff
7fff
7fff
4ee0
b85
ffffd1ff
ffffece5
fffffbb6
36f
ffffff7c
ffff8f9c
ffff9362
ffff9e7f
ffffaf54
ffffc4f4
ffffde29
fffff996
15c0
7c7
b6
fffffd27
fffffef1
ffff8000
ffff8e97
ffffa8f1
ffffc53a
ffffe1ab
fffffc9a
14af
91c
2f7
ffffffd1
16a
7fff
7fff
7fff
7e2c
72c0
647c
546b
43a6
3336
2401
16c4
c03
406
fffffecc
116
ffffffdd
74
27
100d
844
417
17b
2e
ffffffd3
ffffffea
5
fffffff6
fffffffd
fffffeaa
b1
fffffffc
73
3e
1f
ffffffd4
30
fffffffe
1c
e
6
b4
fffffd6b
10
ffffff09
ffffff9e
ffffffdb
31
ffffff1c
6
ffffffb0
ffffffe2
fffffff5
fffffd47
6a27
676c
5da2
4e05
397c
2157
6f8
ffffebf4
fffff8ea
ffffffc8
358
18e
7fff
7fff
7fff
7fff
4ee0
b85
ffffd1ff
ffffece5
fffffbb6
36f
ffffff7c
ffff8f9c
ffff9362
ffff9e7f
ffffaf54
ffffc4f4
ffffde29
fffff996
15c0
7c7
b6
fffffd27
fffffef1
ffff8000
ffff8e97
ffffa8f1
ffffc53a
ffffe1ab
fffffc9a
14af
91c
2f7
ffffffd1
16a
7fff
7fff
7fff
7e2c
72c0
647c
546b
43a6
3336
2401
16c4
c03
406
fffffecc
116
ffffffdd
74
27
100d
844
417
17b
2e
ffffffd3
ffffffea
5
fffffff6
fffffffd
fffffeaa
b1
fffffffc
73
3e
1f
ffffffd4
30
fffffffe
1c
e
6
b4
fffffd6b
10
ffffff09
ffffff9e
ffffffdb
31
ffffff1c
6
ffffffb0
ffffffe2
fffffff5
fffffd47
6a27
676c
5da2
4e05
397c
2157
6f8
ffffebf4
fffff8ea
ffffffc8
358
18e
7fff
7fff
7fff
7fff
4ee0
b85
ffffd1ff
ffffece5
fffffbb6
36f
ffffff7c
ffff8f9c
ffff9362
ffff9e7f
ffffaf54
ffffc4f4
ffffde29
fffff996
15c0
7c7
b6
fffffd27
fffffef1
ffff8000
ffff8e97
ffffa8f1
ffffc53a
ffffe1ab
fffffc9a
14af
91c
2f7
ffffffd1
16a
7fff
7fff
7fff
7e2c
72c0
647c
546b
43a6
3336
2401
16c4
c03
406
fffffecc
116
ffffffdd
74
27
100d
844
417
17b
2e
ffffffd3
ffffffea
5
fffffff6
fffffffd
fffffeaa
b1
fffffffc
73
3e
1f
ffffffd4
30
fffffffe
1c
e
6
b4
fffffd6b
10
ffffff09
ffffff9e
ffffffdb
31
ffffff1c
6
ffffffb0
ffffffe2
fffffff5
fffffd47
6a27
676c
5da2
4e05
397c
2157
6f8
ffffebf4
fffff8ea
ffffffc8
358
18e
7fff
7fff
7fff
7fff
4ee0
b85
ffffd1ff
ffffece5
fffffbb6
36f
ffffff7c
ffff8f9c
ffff9362
ffff9e7f
ffffaf54
ffffc4f4
ffffde29
fffff996
15c0
7c7
b6
fffffd27
fffffef1
ffff8000
ffff8e97
ffffa8f1
ffffc53a
ffffe1ab
fffffc9a
14af
91c
2f7
ffffffd1
16a
7fff
7fff
7fff
7e2c
72c0
647c
546b
43a6
3336
2401
16c4
c03
406
fffffecc
116
ffffffdd
74
27
100d
844
417
17b
2e
ffffffd3
ffffffea
5
fffffff6
fffffffd
fffffeaa
b1
fffffffc
73
3e
1f
ffffffd4
30
fffffffe
1c
e
6
b4
fffffd6b
10
ffffff09
ffffff9e
ffffffdb
31
ffffff1c
6
ffffffb0
ffffffe2
fffffff5
fffffd47
6a27
676c
5da2
4e05
397c
2157
6f8
ffffebf4
fffff8ea
ffffffc8
358
18e
7fff
7fff
7fff
7fff
4ee0
b85
ffffd1ff
ffffece5
fffffbb6
36f
ffffff7c
ffff8f9c
ffff9362
ffff9e7f
ffffaf54
ffffc4f4
ffffde29
fffff996
15c0
7c7
b6
fffffd27
fffffef1
ffff8000
ffff8e97
ffffa8f1
ffffc53a
ffffe1ab
fffffc9a
14af
91c
2f7
ffffffd1
16a
7fff
7fff
7fff
7e2c
72c0
647c
546b
43a6
3336
2401
16c4
c03
406
fffffecc
116
ffffffdd
74
27
100d
844
417
17b
2e
ffffffd3
ffffffea
5
fffffff6
fffffffd
fffffeaa
b1
fffffffc
73
3e
1f
ffffffd4
30
fffffffe
1c
e
6
b4
fffffd6b
10
ffffff09
ffffff9e
ffffffdb
31
ffffff1c
6
ffffffb0
ffffffe2
fffffff5
fffffd47
6a23
6768
5d9e
4e01
3978
2153
6f4
ffffebf0
fffff8e6
ffffffc4
354
18a
7fff
7fff
7fff
7fff
4edc
b81
ffffd1fb
ffffece1
fffffbb2
36b
ffffff78
ffff8f98
ffff935e
ffff9e7b
ffffaf50
ffffc4f0
ffffde25
fffff992
15bc
7c3
b2
fffffd23
fffffeed
ffff8000
ffff8e93
ffffa8ed
ffffc536
ffffe1a7
fffffc96
14ab
918
2f3
ffffffcd
166
7fff
7fff
7fff
7e28
72bc
6478
5467
43a2
3332
23fd
16c0
bff
402
fffffec8
112
ffffffd9
70
23
100f
840
413
177
2a
ffffffcf
ffffffe6
1
fffffff2
fffffff9
fffffe98
ad
fffffff3
6d
36
16
ffffffd0
2c
fffffffa
18
a
2
b2
fffffd67
fffffffe
89
51
2b
2d
ffffff18
2
ffffffac
ffffffde
fffffff2
fffffd62
6a17
675c
5d92
4df6
396e
2149
6ec
ffffebe9
fffff8de
ffffffbc
34b
182
7fff
7fff
7fff
7fff
4ee0
b85
ffffd1ff
ffffece5
fffffbb6
36f
ffffff7c
ffff8f98
ffff9361
ffff9e7f
ffffaf55
ffffc4f6
ffffde2c
fffff99a
15c4
7cb
b9
fffffd2a
fffffef5
ffff8000
ffff8e97
ffffa8f1
ffffc53a
ffffe1ab
fffffc9a
14af
91c
2f7
ffffffd1
16a
7fff
7fff
7fff
7e2d
72c0
647b
5469
43a3
3333
23fd
16c0
bfe
401
fffffec8
112
ffffffd9
70
22
1014
844
417
17b
2e
ffffffd3
ffffffea
5
fffffff6
fffffffd
fffffea9
b1
fffffffb
73
3d
1e
ffffffd4
30
fffffffe
1c
e
6
b5
fffffd6d
11
ffffff0b
ffffff9f
ffffffdc
31
ffffff1c
6
ffffffb0
ffffffe1
fffffff5
fffffd48
69e8
672c
5d64
4dc9
3944
2122
6c8
ffffebc9
fffff8bc
ffffff9a
328
15f
7fff
7fff
7fff
7fff
4edc
b81
ffffd1fb
ffffece1
fffffbb2
36b
ffffff78
ffff8f8e
ffff935e
ffff9e7f
ffffaf58
ffffc4fb
ffffde32
fffff9a1
15cc
7d3
c1
fffffd32
fffffefc
ffff8000
ffff8e93
ffffa8ed
ffffc536
ffffe1a7
fffffc96
14ab
918
2f3
ffffffcd
166
7fff
7fff
7fff
7e2e
72c0
647a
5468
43a2
3331
23fc
16bf
bfd
400
fffffec8
111
ffffffd8
6f
22
1010
840
413
177
2a
ffffffcf
ffffffe6
1
fffffff2
fffffff9
fffffe9b
b1
fffffff6
71
3a
1a
ffffffd0
2c
fffffffa
18
a
2
b6
fffffd6c
3
fffffeff
ffffff92
ffffffce
2d
ffffff18
2
ffffffac
ffffffdd
fffffff1
fffffd64
6a07
674c
5d82
4de6
395f
213b
6dd
ffffebdb
fffff8d0
ffffffae
33d
173
7fff
7fff
7fff
7fff
4eac
b58
ffffd1da
ffffecbd
fffffb8b
344
ffffff51
ffff8f91
ffff9358
ffff9e77
ffffaf4e
ffffc4f0
ffffde26
fffff995
15c0
7c7
b5
fffffd26
fffffef0
ffff8000
ffff8e99
ffffa8f6
ffffc540
ffffe1b2
fffffca1
14b6
922
2fe
ffffffd8
170
7fff
7fff
7fff
7e2d
72c0
647b
5469
43a3
3332
23fc
16bf
bfc
3ff
fffffec5
10f
ffffffd5
6d
1f
1019
844
417
17b
2e
ffffffd3
ffffffe9
5
fffffff6
fffffffd
fffffea2
a9
fffffff4
6b
36
17
ffffffd3
2f
fffffffe
1c
d
6
ad
fffffd64
6
ffffff00
ffffff94
ffffffd1
30
ffffff19
5
ffffffaf
ffffffe1
fffffff5
fffffd4e
6a07
674c
5d82
4de6
395f
213b
6dd
ffffebdb
fffff8d0
ffffffae
33d
173
7fff
7fff
7fff
7fff
4eac
b58
ffffd1da
ffffecbd
fffffb8b
344
ffffff51
ffff8f91
ffff9358
ffff9e77
ffffaf4e
ffffc4f0
ffffde26
fffff995
15c0
7c7
b5
fffffd26
fffffef0
ffff8000
ffff8e99
ffffa8f6
ffffc540
ffffe1b2
fffffca1
14b6
922
2fe
ffffffd8
170
7fff
7fff
7fff
7e2d
72c0
647b
5469
43a3
3332
23fc
16bf
bfc
3ff
fffffec5
10f
ffffffd5
6d
1f
1019
844
417
17b
2e
ffffffd3
ffffffe9
5
fffffff6
fffffffd
fffffea2
a9
fffffff4
6b
36
17
ffffffd3
2f
fffffffe
1c
d
6
ad
fffffd64
6
ffffff00
ffffff94
ffffffd1
30
ffffff19
5
ffffffaf
ffffffe1
fffffff5
fffffd4e
6a07
674c
5d82
4de6
395f
213b
6dd
ffffebdb
fffff8d0
ffffffae
33d
173
7fff
7fff
7fff
7fff
4eac
b58
ffffd1da
ffffecbd
fffffb8b
344
ffffff51
ffff8f91
ffff9358
ffff9e77
ffffaf4e
ffffc4f0
ffffde26
fffff995
15c0
7c7
b5
fffffd26
fffffef0
ffff8000
ffff8e99
ffffa8f6
ffffc540
ffffe1b2
fffffca1
14b6
922
2fe
ffffffd8
170
7fff
7fff
7fff
7e2d
72c0
647b
5469
43a3
3332
23fc
16bf
bfc
3ff
fffffec5
10f
ffffffd5
6d
1f
1019
844
417
17b
2e
ffffffd3
ffffffe9
5
fffffff6
fffffffd
fffffea2
a9
fffffff4
6b
36
17
ffffffd3
2f
fffffffe
1c
d
6
ad
fffffd64
6
ffffff00
ffffff94
ffffffd1
30
ffffff19
5
ffffffaf
ffffffe1
fffffff5
fffffd4e
6a07
674c
5d82
4de6
395f
213b
6dd
ffffebdb
fffff8d0
ffffffae
33d
173
7fff
7fff
7fff
7fff
4eac
b58
ffffd1da
ffffecbd
fffffb8b
344
ffffff51
ffff8f91
ffff9358
ffff9e77
ffffaf4e
ffffc4f0
ffffde26
fffff995
15c0
7c7
b5
fffffd26
fffffef0
ffff8000
ffff8e99
ffffa8f6
ffffc540
ffffe1b2
fffffca1
14b6
922
2fe
ffffffd8
170
7fff
7fff
7fff
7e2d
72c0
647b
5469
43a3
3332
23fc
16bf
bfc
3ff
fffffec5
10f
ffffffd5
6d
1f
1019
844
417
17b
2e
ffffffd3
ffffffe9
5
fffffff6
fffffffd
fffffea2
a9
fffffff4
6b
36
17
ffffffd3
2f
fffffffe
1c
d
6
ad
fffffd64
6
ffffff00
ffffff94
ffffffd1
30
ffffff19
5
ffffffaf
ffffffe1
fffffff5
fffffd4e
6a07
674c
5d82
4de6
395f
213b
6dd
ffffebdb
fffff8d0
ffffffae
33d
173
7fff
7fff
7fff
7fff
4eac
b58
ffffd1da
ffffecbd
fffffb8b
344
ffffff51
ffff8f91
ffff9358
ffff9e77
ffffaf4e
ffffc4f0
ffffde26
fffff995
15c0
7c7
b5
fffffd26
fffffef0
ffff8000
ffff8e99
ffffa8f6
ffffc540
ffffe1b2
fffffca1
14b6
922
2fe
ffffffd8
170
7fff
7fff
7fff
7e2d
72c0
647b
5469
43a3
3332
23fc
16bf
bfc
3ff
fffffec5
10f
ffffffd5
6d
1f
1019
844
417
17b
2e
ffffffd3
ffffffe9
5
fffffff6
fffffffd
fffffea2
a9
fffffff4
6b
36
17
ffffffd3
2f
fffffffe
1c
d
6
ad
fffffd64
6
ffffff00
ffffff94
ffffffd1
30
ffffff19
5
ffffffaf
ffffffe1
fffffff5
fffffd4e
6a07
674c
5d82
4de6
395f
213b
6dd
ffffebdb
fffff8d0
ffffffae
33d
173
7fff
7fff
7fff
7fff
4eac
b58
ffffd1da
ffffecbd
fffffb8b
344
ffffff51
ffff8f91
ffff9358
ffff9e77
ffffaf4e
ffffc4f0
ffffde26
fffff995
15c0
7c7
b5
fffffd26
fffffef0
ffff8000
ffff8e99
ffffa8f6
ffffc540
ffffe1b2
fffffca1
14b6
922
2fe
ffffffd8
170
7fff
7fff
7fff
7e2d
72c0
647b
5469
43a3
3332
23fc
16bf
bfc
3ff
fffffec5
10f
ffffffd5
6d
1f
1019
844
417
17b
2e
ffffffd3
ffffffe9
5
fffffff6
fffffffd
fffffea2
a9
fffffff4
6b
36
17
ffffffd3
2f
fffffffe
1c
d
6
ad
fffffd64
6
ffffff00
ffffff94
ffffffd1
30
ffffff19
5
ffffffaf
ffffffe1
fffffff5
fffffd4e
6a07
674c
5d82
4de6
395f
213b
6dd
ffffebdb
fffff8d0
ffffffae
33d
173
7fff
7fff
7fff
7fff
4eac
b58
ffffd1da
ffffecbd
fffffb8b
344
ffffff51
ffff8f91
ffff9358
ffff9e77
ffffaf4e
ffffc4f0
ffffde26
fffff995
15c0
7c7
b5
fffffd26
fffffef0
ffff8000
ffff8e99
ffffa8f6
ffffc540
ffffe1b2
fffffca1
14b6
922
2fe
ffffffd8
170
7fff
7fff
7fff
7e2d
72c0
647b
5469
43a3
3332
23fc
16bf
bfc
3ff
fffffec5
10f
ffffffd5
6d
1f
1019
844
417
17b
2e
ffffffd3
ffffffe9
5
fffffff6
fffffffd
fffffea2
a9
fffffff4
6b
36
17
ffffffd3
2f
fffffffe
1c
d
6
ad
fffffd64
6
ffffff00
ffffff94
ffffffd1
30
ffffff19
5
ffffffaf
ffffffe1
fffffff5
fffffd4e
6a07
674c
5d82
4de6
395f
213b
6dd
ffffebdb
fffff8d0
ffffffae
33d
173
7fff
7fff
7fff
7fff
4eac
b58
ffffd1da
ffffecbd
fffffb8b
344
ffffff51
ffff8f91
ffff9358
ffff9e77
ffffaf4e
ffffc4f0
ffffde26
fffff995
15c0
7c7
b5
fffffd26
fffffef0
ffff8000
ffff8e99
ffffa8f6
ffffc540
ffffe1b2
fffffca1
14b6
922
2fe
ffffffd8
170
7fff
7fff
7fff
7e2d
72c0
647b
5469
43a3
3332
23fc
16bf
bfc
3ff
fffffec5
10f
ffffffd5
6d
1f
1019
844
417
17b
2e
ffffffd3
ffffffe9
5
fffffff6
fffffffd
fffffea2
a9
fffffff4
6b
36
17
ffffffd3
2f
fffffffe
1c
d
6
ad
fffffd64
6
ffffff00
ffffff94
ffffffd1
30
ffffff19
5
ffffffaf
ffffffe1
fffffff5
fffffd4e
6a07
674c
5d82
4de6
395f
213b
6dd
ffffebdb
fffff8d0
ffffffae
33d
173
7fff
7fff
7fff
7fff
4eac
b58
ffffd1da
ffffecbd
fffffb8b
344
ffffff51
ffff8f91
ffff9358
ffff9e77
ffffaf4e
ffffc4f0
ffffde26
fffff995
15c0
7c7
b5
fffffd26
fffffef0
ffff8000
ffff8e99
ffffa8f6
ffffc540
ffffe1b2
fffffca1
14b6
922
2fe
ffffffd8
170
7fff
7fff
7fff
7e2d
72c0
647b
5469
43a3
3332
23fc
16bf
bfc
3ff
fffffec5
10f
ffffffd5
6d
1f
1019
844
417
17b
2e
ffffffd3
ffffffe9
5
fffffff6
fffffffd
fffffea2
a9
fffffff4
6b
36
17
ffffffd3
2f
fffffffe
1c
d
6
ad
fffffd64
6
ffffff00
ffffff94
ffffffd1
30
ffffff19
5
ffffffaf
ffffffe1
fffffff5
fffffd4e
6a07
674c
5d82
4de6
395f
213b
6dd
ffffebdb
fffff8d0
ffffffae
33d
173
7fff
7fff
7fff
7fff
4eac
b58
ffffd1da
ffffecbd
fffffb8b
344
ffffff51
ffff8f91
ffff9358
ffff9e77
ffffaf4e
ffffc4f0
ffffde26
fffff995
15c0
7c7
b5
fffffd26
fffffef0
ffff8000
ffff8e99
ffffa8f6
ffffc540
ffffe1b2
fffffca1
14b6
922
2fe
ffffffd8
170
7fff
7fff
7fff
7e2d
72c0
647b
5469
43a3
3332
23fc
16bf
bfc
3ff
fffffec5
10f
ffffffd5
6d
1f
1019
844
417
17b
2e
ffffffd3
ffffffe9
5
fffffff6
fffffffd
fffffea2
a9
fffffff4
6b
36
17
ffffffd3
2f
fffffffe
1c
d
6
ad
fffffd64
6
ffffff00
ffffff94
ffffffd1
30
ffffff19
5
ffffffaf
ffffffe1
fffffff5
fffffd4e
6a07
674c
5d82
4de6
395f
213b
6dd
ffffebdb
fffff8d0
ffffffae
33d
173
7fff
7fff
7fff
7fff
4eac
b58
ffffd1da
ffffecbd
fffffb8b
344
ffffff51
ffff8f91
ffff9358
ffff9e77
ffffaf4e
ffffc4f0
ffffde26
fffff995
15c0
7c7
b5
fffffd26
fffffef0
ffff8000
ffff8e99
ffffa8f6
ffffc540
ffffe1b2
fffffca1
14b6
922
2fe
ffffffd8
170
7fff
7fff
7fff
7e2d
72c0
647b
5469
43a3
3332
23fc
16bf
bfc
3ff
fffffec5
10f
ffffffd5
6d
1f
1019
844
417
17b
2e
ffffffd3
ffffffe9
5
fffffff6
fffffffd
fffffea2
a9
fffffff4
6b
36
17
ffffffd3
2f
fffffffe
1c
d
6
ad
fffffd64
6
ffffff00
ffffff94
ffffffd1
30
ffffff19
5
ffffffaf
ffffffe1
fffffff5
fffffd4e
6a07
674c
5d82
4de6
395f
213b
6dd
ffffebdb
fffff8d0
ffffffae
33d
173
7fff
7fff
7fff
7fff
4eac
b58
ffffd1da
ffffecbd
fffffb8b
344
ffffff51
ffff8f91
ffff9358
ffff9e77
ffffaf4e
ffffc4f0
ffffde26
fffff995
15c0
7c7
b5
fffffd26
fffffef0
ffff8000
ffff8e99
ffffa8f6
ffffc540
ffffe1b2
fffffca1
14b6
922
2fe
ffffffd8
170
7fff
7fff
7fff
7e2d
72c0
647b
5469
43a3
3332
23fc
16bf
bfc
3ff
fffffec5
10f
ffffffd5
6d
1f
1019
844
417
17b
2e
ffffffd3
ffffffe9
5
fffffff6
fffffffd
fffffea2
a9
fffffff4
6b
36
17
ffffffd3
2f
fffffffe
1c
d
6
ad
fffffd64
6
ffffff00
ffffff94
ffffffd1
30
ffffff19
5
ffffffaf
ffffffe1
fffffff5
fffffd4e
6a07
674c
5d82
4de6
395f
213b
6dd
ffffebdb
fffff8d0
ffffffae
33d
173
7fff
7fff
7fff
7fff
4eac
b58
ffffd1da
ffffecbd
fffffb8b
344
ffffff51
ffff8f91
ffff9358
ffff9e77
ffffaf4e
ffffc4f0
ffffde26
fffff995
15c0
7c7
b5
fffffd26
fffffef0
ffff8000
ffff8e99
ffffa8f6
ffffc540
ffffe1b2
fffffca1
14b6
922
2fe
ffffffd8
170
7fff
7fff
7fff
7e2d
72c0
647b
5469
43a3
3332
23fc
16bf
bfc
3ff
fffffec5
10f
ffffffd5
6d
1f
1019
844
417
17b
2e
ffffffd3
ffffffe9
5
fffffff6
fffffffd
fffffea2
a9
fffffff4
6b
36
17
ffffffd3
2f
fffffffe
1c
d
6
ad
fffffd64
6
ffffff00
ffffff94
ffffffd1
30
ffffff19
5
ffffffaf
ffffffe1
fffffff5
fffffd4e
6a17
675c
5d92
4df5
396d
2148
6ea
ffffebe6
fffff8dc
ffffffba
349
17f
7fff
7fff
7fff
7fff
4ec3
b69
ffffd1e5
ffffecca
fffffb9b
354
ffffff61
ffff8f94
ffff9359
ffff9e77
ffffaf4d
ffffc4ee
ffffde24
fffff991
15bc
7c3
b1
fffffd22
fffffeec
ffff8000
ffff8e88
ffffa8e4
ffffc52e
ffffe1a1
fffffc91
14a7
913
2ee
ffffffc8
161
7fff
7fff
7fff
7e2c
72c0
647c
546a
43a5
3335
2400
16c3
c01
403
fffffec9
113
ffffffda
71
24
1012
844
417
17b
2e
ffffffd3
ffffffe9
5
fffffff6
fffffffd
fffffea4
a9
fffffff5
6c
36
17
ffffffd3
2f
fffffffe
1c
d
6
ad
fffffd61
4
fffffefe
ffffff92
ffffffcf
30
ffffff1a
6
ffffffb0
ffffffe2
fffffff6
fffffd46
6a17
675c
5d92
4df5
396d
2148
6ea
ffffebe6
fffff8dc
ffffffba
349
17f
7fff
7fff
7fff
7fff
4ec3
b69
ffffd1e5
ffffecca
fffffb9b
354
ffffff61
ffff8f94
ffff9359
ffff9e77
ffffaf4d
ffffc4ee
ffffde24
fffff991
15bc
7c3
b1
fffffd22
fffffeec
ffff8000
ffff8e88
ffffa8e4
ffffc52e
ffffe1a1
fffffc91
14a7
913
2ee
ffffffc8
161
7fff
7fff
7fff
7e2c
72c0
647c
546a
43a5
3335
2400
16c3
c01
403
fffffec9
113
ffffffda
71
24
1012
844
417
17b
2e
ffffffd3
ffffffe9
5
fffffff6
fffffffd
fffffea4
a9
fffffff5
6c
36
17
ffffffd3
2f
fffffffe
1c
d
6
ad
fffffd61
4
fffffefe
ffffff92
ffffffcf
30
ffffff1a
6
ffffffb0
ffffffe2
fffffff6
fffffd46
6a17
675c
5d92
4df5
396d
2148
6ea
ffffebe6
fffff8dc
ffffffba
349
17f
7fff
7fff
7fff
7fff
4ec3
b69
ffffd1e5
ffffecca
fffffb9b
354
ffffff61
ffff8f94
ffff9359
ffff9e77
ffffaf4d
ffffc4ee
ffffde24
fffff991
15bc
7c3
b1
fffffd22
fffffeec
ffff8000
ffff8e88
ffffa8e4
ffffc52e
ffffe1a1
fffffc91
14a7
913
2ee
ffffffc8
161
7fff
7fff
7fff
7e2c
72c0
647c
546a
43a5
3335
2400
16c3
c01
403
fffffec9
113
ffffffda
71
24
1012
844
417
17b
2e
ffffffd3
ffffffe9
5
fffffff6
fffffffd
fffffea4
a9
fffffff5
6c
36
17
ffffffd3
2f
fffffffe
1c
d
6
ad
fffffd61
4
fffffefe
ffffff92
ffffffcf
30
ffffff1a
6
ffffffb0
ffffffe2
fffffff6
fffffd46
6a17
675c
5d92
4df5
396d
2148
6ea
ffffebe6
fffff8dc
ffffffba
349
17f
7fff
7fff
7fff
7fff
4ec3
b69
ffffd1e5
ffffecca
fffffb9b
354
ffffff61
ffff8f94
ffff9359
ffff9e77
ffffaf4d
ffffc4ee
ffffde24
fffff991
15bc
7c3
b1
fffffd22
fffffeec
ffff8000
ffff8e88
ffffa8e4
ffffc52e
ffffe1a1
fffffc91
14a7
913
2ee
ffffffc8
161
7fff
7fff
7fff
7e2c
72c0
647c
546a
43a5
3335
2400
16c3
c01
403
fffffec9
113
ffffffda
71
24
1012
844
417
17b
2e
ffffffd3
ffffffe9
5
fffffff6
fffffffd
fffffea4
a9
fffffff5
6c
36
17
ffffffd3
2f
fffffffe
1c
d
6
ad
fffffd61
4
fffffefe
ffffff92
ffffffcf
30
ffffff1a
6
ffffffb0
ffffffe2
fffffff6
fffffd46
6a17
675c
5d92
4df5
396d
2148
6ea
ffffebe6
fffff8dc
ffffffba
349
17f
7fff
7fff
7fff
7fff
4ec3
b69
ffffd1e5
ffffecca
fffffb9b
354
ffffff61
ffff8f94
ffff9359
ffff9e77
ffffaf4d
ffffc4ee
ffffde24
fffff991
15bc
7c3
b1
fffffd22
fffffeec
ffff8000
ffff8e88
ffffa8e4
ffffc52e
ffffe1a1
fffffc91
14a7
913
2ee
ffffffc8
161
7fff
7fff
7fff
7e2c
72c0
647c
546a
43a5
3335
2400
16c3
c01
403
fffffec9
113
ffffffda
71
24
1012
844
417
17b
2e
ffffffd3
ffffffe9
5
fffffff6
fffffffd
fffffea4
a9
fffffff5
6c
36
17
ffffffd3
2f
fffffffe
1c
d
6
ad
fffffd61
4
fffffefe
ffffff92
ffffffcf
30
ffffff1a
6
ffffffb0
ffffffe2
fffffff6
fffffd46
6a17
675c
5d92
4df5
396d
2148
6ea
ffffebe6
fffff8dc
ffffffba
349
17f
7fff
7fff
7fff
7fff
4ec3
b69
ffffd1e5
ffffecca
fffffb9b
354
ffffff61
ffff8f94
ffff9359
ffff9e77
ffffaf4d
ffffc4ee
ffffde24
fffff991
15bc
7c3
b1
fffffd22
fffffeec
ffff8000
ffff8e88
ffffa8e4
ffffc52e
ffffe1a1
fffffc91
14a7
913
2ee
ffffffc8
161
7fff
7fff
7fff
7e2c
72c0
647c
546a
43a5
3335
2400
16c3
c01
403
fffffec9
113
ffffffda
71
24
1012
844
417
17b
2e
ffffffd3
ffffffe9
5
fffffff6
fffffffd
fffffea4
a9
fffffff5
6c
36
17
ffffffd3
2f
fffffffe
1c
d
6
ad
fffffd61
4
fffffefe
ffffff92
ffffffcf
30
ffffff1a
6
ffffffb0
ffffffe2
fffffff6
fffffd46
6a17
675c
5d92
4df5
396d
2148
6ea
ffffebe6
fffff8dc
ffffffba
349
17f
7fff
7fff
7fff
7fff
4ec3
b69
ffffd1e5
ffffecca
fffffb9b
354
ffffff61
ffff8f94
ffff9359
ffff9e77
ffffaf4d
ffffc4ee
ffffde24
fffff991
15bc
7c3
b1
fffffd22
fffffeec
ffff8000
ffff8e88
ffffa8e4
ffffc52e
ffffe1a1
fffffc91
14a7
913
2ee
ffffffc8
161
7fff
7fff
7fff
7e2c
72c0
647c
546a
43a5
3335
2400
16c3
c01
403
fffffec9
113
ffffffda
71
24
1012
844
417
17b
2e
ffffffd3
ffffffe9
5
fffffff6
fffffffd
fffffea4
a9
fffffff5
6c
36
17
ffffffd3
2f
fffffffe
1c
d
6
ad
fffffd61
4
fffffefe
ffffff92
ffffffcf
30
ffffff1a
6
ffffffb0
ffffffe2
fffffff6
fffffd46
6a0f
6754
5d8a
4dee
3966
2142
6e5
ffffebe3
fffff8d7
ffffffb6
345
17b
7fff
7fff
7fff
7fff
4ece
b74
ffffd1f0
ffffecd5
fffffba5
35e
ffffff6b
ffff8f95
ffff935e
ffff9e7d
ffffaf53
ffffc4f5
ffffde2b
fffff999
15c4
7cb
b9
fffffd2a
fffffef4
ffff8000
ffff8e90
ffffa8eb
ffffc535
ffffe1a7
fffffc97
14ad
919
2f4
ffffffce
167
7fff
7fff
7fff
7e2d
72c0
647a
5468
43a2
3331
23fa
16bc
bf9
3fb
fffffec1
10b
ffffffd2
69
1c
101e
844
417
17a
2d
ffffffd1
ffffffe8
4
fffffff4
fffffffc
fffffe99
a3
ffffffee
65
2f
10
ffffffd2
2d
fffffffd
1a
c
5
a8
fffffd5e
fffffffb
84
4d
27
2e
ffffff18
5
ffffffae
ffffffe0
fffffff4
fffffd51
6a23
6768
5d9e
4e01
3979
2154
6f5
ffffebf2
fffff8e7
ffffffc6
355
18b
7fff
7fff
7fff
7fff
4ece
b74
ffffd1f0
ffffecd5
fffffba5
35e
ffffff6b
ffff8f9d
ffff9363
ffff9e81
ffffaf56
ffffc4f7
ffffde2c
fffff99a
15c4
7cb
b9
fffffd2a
fffffef5
ffff8000
ffff8e90
ffffa8eb
ffffc535
ffffe1a7
fffffc97
14ad
919
2f4
ffffffce
167
7fff
7fff
7fff
7e30
72c4
647f
546e
43a8
3338
2402
16c4
c02
404
fffffeca
114
ffffffda
71
24
1012
844
417
17a
2d
ffffffd1
ffffffe8
4
fffffff4
fffffffc
fffffe9f
a7
fffffff3
6a
34
15
ffffffd2
2d
fffffffc
1a
c
4
ac
fffffd5f
fffffffc
86
4f
29
2e
ffffff18
4
ffffffae
ffffffe0
fffffff3
fffffd56
6a17
675c
5d92
4df6
396e
2149
6ec
ffffebe9
fffff8de
ffffffbc
34b
182
7fff
7fff
7fff
7fff
4ed9
b7a
ffffd1f2
ffffecd9
fffffbaa
364
ffffff71
ffff8f99
ffff9361
ffff9e7f
ffffaf55
ffffc4f6
ffffde2c
fffff99a
15c4
7cb
b9
fffffd2a
fffffef5
ffff8000
ffff8e84
ffffa8e0
ffffc52a
ffffe19d
fffffc8d
14a4
910
2eb
ffffffc5
15d
7fff
7fff
7fff
7e2d
72c0
647b
5469
43a3
3333
23fd
16c0
bfe
401
fffffec8
112
ffffffd9
70
22
1011
840
413
175
28
ffffffcd
ffffffe3
ffffffff
12
8
fffffe94
b1
fffffff4
70
38
18
ffffffcd
2a
fffffff8
16
7
0
b6
fffffd6d
fffffffd
8a
51
2b
2b
ffffff16
0
ffffffaa
ffffffdb
ffffffef
fffffd72
6a17
675c
5d92
4df6
396e
2149
6ec
ffffebe9
fffff8de
ffffffbc
34b
182
7fff
7fff
7fff
7fff
4ed9
b7a
ffffd1f2
ffffecd9
fffffbaa
364
ffffff71
ffff8f99
ffff9361
ffff9e7f
ffffaf55
ffffc4f6
ffffde2c
fffff99a
15c4
7cb
b9
fffffd2a
fffffef5
ffff8000
ffff8e84
ffffa8e0
ffffc52a
ffffe19d
fffffc8d
14a4
910
2eb
ffffffc5
15d
7fff
7fff
7fff
7e2d
72c0
647b
5469
43a3
3333
23fd
16c0
bfe
401
fffffec8
112
ffffffd9
70
22
1011
840
413
175
28
ffffffcd
ffffffe3
ffffffff
12
8
fffffe94
b1
fffffff4
70
38
18
ffffffcd
2a
fffffff8
16
7
0
b6
fffffd6d
fffffffd
8a
51
2b
2b
ffffff16
0
ffffffaa
ffffffdb
ffffffef
fffffd72
6a17
675c
5d92
4df6
396e
2149
6ec
ffffebe9
fffff8de
ffffffbc
34b
182
7fff
7fff
7fff
7fff
4ed9
b7a
ffffd1f2
ffffecd9
fffffbaa
364
ffffff71
ffff8f99
ffff9361
ffff9e7f
ffffaf55
ffffc4f6
ffffde2c
fffff99a
15c4
7cb
b9
fffffd2a
fffffef5
ffff8000
ffff8e84
ffffa8e0
ffffc52a
ffffe19d
fffffc8d
14a4
910
2eb
ffffffc5
15d
7fff
7fff
7fff
7e2d
72c0
647b
5469
43a3
3333
23fd
16c0
bfe
401
fffffec8
112
ffffffd9
70
22
1011
840
413
175
28
ffffffcd
ffffffe3
ffffffff
12
8
fffffe94
b1
fffffff4
70
38
18
ffffffcd
2a
fffffff8
16
7
0
b6
fffffd6d
fffffffd
8a
51
2b
2b
ffffff16
0
ffffffaa
ffffffdb
ffffffef
fffffd72
6a17
675c
5d92
4df6
396e
2149
6ec
ffffebe9
fffff8de
ffffffbc
34b
182
7fff
7fff
7fff
7fff
4ed9
b7a
ffffd1f2
ffffecd9
fffffbaa
364
ffffff71
ffff8f99
ffff9361
ffff9e7f
ffffaf55
ffffc4f6
ffffde2c
fffff99a
15c4
7cb
b9
fffffd2a
fffffef5
ffff8000
ffff8e84
ffffa8e0
ffffc52a
ffffe19d
fffffc8d
14a4
910
2eb
ffffffc5
15d
7fff
7fff
7fff
7e2d
72c0
647b
5469
43a3
3333
23fd
16c0
bfe
401
fffffec8
112
ffffffd9
70
22
1011
840
413
175
28
ffffffcd
ffffffe3
ffffffff
12
8
fffffe94
b1
fffffff4
70
38
18
ffffffcd
2a
fffffff8
16
7
0
b6
fffffd6d
fffffffd
8a
51
2b
2b
ffffff16
0
ffffffaa
ffffffdb
ffffffef
fffffd72
6a17
675c
5d92
4df6
396e
2149
6ec
ffffebe9
fffff8de
ffffffbc
34b
182
7fff
7fff
7fff
7fff
4ed9
b7a
ffffd1f2
ffffecd9
fffffbaa
364
ffffff71
ffff8f99
ffff9361
ffff9e7f
ffffaf55
ffffc4f6
ffffde2c
fffff99a
15c4
7cb
b9
fffffd2a
fffffef5
ffff8000
ffff8e84
ffffa8e0
ffffc52a
ffffe19d
fffffc8d
14a4
910
2eb
ffffffc5
15d
7fff
7fff
7fff
7e2d
72c0
647b
5469
43a3
3333
23fd
16c0
bfe
401
fffffec8
112
ffffffd9
70
22
1011
840
413
175
28
ffffffcd
ffffffe3
ffffffff
12
8
fffffe94
b1
fffffff4
70
38
18
ffffffcd
2a
fffffff8
16
7
0
b6
fffffd6d
fffffffd
8a
51
2b
2b
ffffff16
0
ffffffaa
ffffffdb
ffffffef
fffffd72
6a17
675c
5d92
4df6
396e
2149
6ec
ffffebe9
fffff8de
ffffffbc
34b
182
7fff
7fff
7fff
7fff
4ed9
b7a
ffffd1f2
ffffecd9
fffffbaa
364
ffffff71
ffff8f99
ffff9361
ffff9e7f
ffffaf55
ffffc4f6
ffffde2c
fffff99a
15c4
7cb
b9
fffffd2a
fffffef5
ffff8000
ffff8e84
ffffa8e0
ffffc52a
ffffe19d
fffffc8d
14a4
910
2eb
ffffffc5
15d
7fff
7fff
7fff
7e2d
72c0
647b
5469
43a3
3333
23fd
16c0
bfe
401
fffffec8
112
ffffffd9
70
22
1011
840
413
175
28
ffffffcd
ffffffe3
ffffffff
12
8
fffffe94
b1
fffffff4
70
38
18
ffffffcd
2a
fffffff8
16
7
0
b6
fffffd6d
fffffffd
8a
51
2b
2b
ffffff16
0
ffffffaa
ffffffdb
ffffffef
fffffd72
6a13
6758
5d8e
4df2
396a
2145
6e8
ffffebe5
fffff8da
ffffffb8
347
17e
7fff
7fff
7fff
7fff
4ece
b74
ffffd1f0
ffffecd5
fffffba5
35e
ffffff6b
ffff8f95
ffff935d
ffff9e7b
ffffaf51
ffffc4f2
ffffde28
fffff996
15c0
7c7
b5
fffffd26
fffffef1
ffff8000
ffff8e90
ffffa8eb
ffffc535
ffffe1a7
fffffc97
14ad
919
2f4
ffffffce
167
7fff
7fff
7fff
7e29
72bc
6477
5465
439f
332f
23f9
16bc
bfa
3fd
fffffec4
10e
ffffffd5
6c
1e
101a
844
417
17a
2d
ffffffd1
ffffffe8
4
fffffff4
fffffffc
fffffea1
ad
fffffff6
6e
38
19
ffffffd2
2d
fffffffc
1a
b
4
b2
fffffd69
5
ffffff01
ffffff94
ffffffd0
2e
ffffff18
3
ffffffac
ffffffdf
fffffff2
fffffd5f
6a13
6758
5d8e
4df2
396a
2145
6e8
ffffebe5
fffff8da
ffffffb8
347
17e
7fff
7fff
7fff
7fff
4ece
b74
ffffd1f0
ffffecd5
fffffba5
35e
ffffff6b
ffff8f95
ffff935d
ffff9e7b
ffffaf51
ffffc4f2
ffffde28
fffff996
15c0
7c7
b5
fffffd26
fffffef1
ffff8000
ffff8e90
ffffa8eb
ffffc535
ffffe1a7
fffffc97
14ad
919
2f4
ffffffce
167
7fff
7fff
7fff
7e29
72bc
6477
5465
439f
332f
23f9
16bc
bfa
3fd
fffffec4
10e
ffffffd5
6c
1e
101a
844
417
17a
2d
ffffffd1
ffffffe8
4
fffffff4
fffffffc
fffffea1
ad
fffffff6
6e
38
19
ffffffd2
2d
fffffffc
1a
b
4
b2
fffffd69
5
ffffff01
ffffff94
ffffffd0
2e
ffffff18
3
ffffffac
ffffffdf
fffffff2
fffffd5f
6a13
6758
5d8e
4df2
396a
2145
6e8
ffffebe5
fffff8da
ffffffb8
347
17e
7fff
7fff
7fff
7fff
4ece
b74
ffffd1f0
ffffecd5
fffffba5
35e
ffffff6b
ffff8f95
ffff935d
ffff9e7b
ffffaf51
ffffc4f2
ffffde28
fffff996
15c0
7c7
b5
fffffd26
fffffef1
ffff8000
ffff8e90
ffffa8eb
ffffc535
ffffe1a7
fffffc97
14ad
919
2f4
ffffffce
167
7fff
7fff
7fff
7e29
72bc
6477
5465
439f
332f
23f9
16bc
bfa
3fd
fffffec4
10e
ffffffd5
6c
1e
101a
844
417
17a
2d
ffffffd1
ffffffe8
4
fffffff4
fffffffc
fffffea1
ad
fffffff6
6e
38
19
ffffffd2
2d
fffffffc
1a
b
4
b2
fffffd69
5
ffffff01
ffffff94
ffffffd0
2e
ffffff18
3
ffffffac
ffffffdf
fffffff2
fffffd5f
6a13
6758
5d8e
4df2
396a
2145
6e8
ffffebe5
fffff8da
ffffffb8
347
17e
7fff
7fff
7fff
7fff
4ece
b74
ffffd1f0
ffffecd5
fffffba5
35e
ffffff6b
ffff8f95
ffff935d
ffff9e7b
ffffaf51
ffffc4f2
ffffde28
fffff996
15c0
7c7
b5
fffffd26
fffffef1
ffff8000
ffff8e90
ffffa8eb
ffffc535
ffffe1a7
fffffc97
14ad
919
2f4
ffffffce
167
7fff
7fff
7fff
7e29
72bc
6477
5465
439f
332f
23f9
16bc
bfa
3fd
fffffec4
10e
ffffffd5
6c
1e
101a
844
417
17a
2d
ffffffd1
ffffffe8
4
fffffff4
fffffffc
fffffea1
ad
fffffff6
6e
38
19
ffffffd2
2d
fffffffc
1a
b
4
b2
fffffd69
5
ffffff01
ffffff94
ffffffd0
2e
ffffff18
3
ffffffac
ffffffdf
fffffff2
fffffd5f
6a13
6758
5d8e
4df2
396a
2145
6e8
ffffebe5
fffff8da
ffffffb8
347
17e
7fff
7fff
7fff
7fff
4ece
b74
ffffd1f0
ffffecd5
fffffba5
35e
ffffff6b
ffff8f95
ffff935d
ffff9e7b
ffffaf51
ffffc4f2
ffffde28
fffff996
15c0
7c7
b5
fffffd26
fffffef1
ffff8000
ffff8e90
ffffa8eb
ffffc535
ffffe1a7
fffffc97
14ad
919
2f4
ffffffce
167
7fff
7fff
7fff
7e29
72bc
6477
5465
439f
332f
23f9
16bc
bfa
3fd
fffffec4
10e
ffffffd5
6c
1e
101a
844
417
17a
2d
ffffffd1
ffffffe8
4
fffffff4
fffffffc
fffffea1
ad
fffffff6
6e
38
19
ffffffd2
2d
fffffffc
1a
b
4
b2
fffffd69
5
ffffff01
ffffff94
ffffffd0
2e
ffffff18
3
ffffffac
ffffffdf
fffffff2
fffffd5f
6a13
6758
5d8e
4df2
396a
2145
6e8
ffffebe5
fffff8da
ffffffb8
347
17e
7fff
7fff
7fff
7fff
4ece
b74
ffffd1f0
ffffecd5
fffffba5
35e
ffffff6b
ffff8f95
ffff935d
ffff9e7b
ffffaf51
ffffc4f2
ffffde28
fffff996
15c0
7c7
b5
fffffd26
fffffef1
ffff8000
ffff8e90
ffffa8eb
ffffc535
ffffe1a7
fffffc97
14ad
919
2f4
ffffffce
167
7fff
7fff
7fff
7e29
72bc
6477
5465
439f
332f
23f9
16bc
bfa
3fd
fffffec4
10e
ffffffd5
6c
1e
101a
844
417
17a
2d
ffffffd1
ffffffe8
4
fffffff4
fffffffc
fffffea1
ad
fffffff6
6e
38
19
ffffffd2
2d
fffffffc
1a
b
4
b2
fffffd69
5
ffffff01
ffffff94
ffffffd0
2e
ffffff18
3
ffffffac
ffffffdf
fffffff2
fffffd5f
6a13
6758
5d8e
4df2
396a
2145
6e8
ffffebe5
fffff8da
ffffffb8
347
17e
7fff
7fff
7fff
7fff
4ece
b74
ffffd1f0
ffffecd5
fffffba5
35e
ffffff6b
ffff8f95
ffff935d
ffff9e7b
ffffaf51
ffffc4f2
ffffde28
fffff996
15c0
7c7
b5
fffffd26
fffffef1
ffff8000
ffff8e90
ffffa8eb
ffffc535
ffffe1a7
fffffc97
14ad
919
2f4
ffffffce
167
7fff
7fff
7fff
7e29
72bc
6477
5465
439f
332f
23f9
16bc
bfa
3fd
fffffec4
10e
ffffffd5
6c
1e
101a
844
417
17a
2d
ffffffd1
ffffffe8
4
fffffff4
fffffffc
fffffea1
ad
fffffff6
6e
38
19
ffffffd2
2d
fffffffc
1a
b
4
b2
fffffd69
5
ffffff01
ffffff94
ffffffd0
2e
ffffff18
3
ffffffac
ffffffdf
fffffff2
fffffd5f
6a13
6758
5d8e
4df2
396a
2145
6e8
ffffebe5
fffff8da
ffffffb8
347
17e
7fff
7fff
7fff
7fff
4ece
b74
ffffd1f0
ffffecd5
fffffba5
35e
ffffff6b
ffff8f95
ffff935d
ffff9e7b
ffffaf51
ffffc4f2
ffffde28
fffff996
15c0
7c7
b5
fffffd26
fffffef1
ffff8000
ffff8e90
ffffa8eb
ffffc535
ffffe1a7
fffffc97
14ad
919
2f4
ffffffce
167
7fff
7fff
7fff
7e29
72bc
6477
5465
439f
332f
23f9
16bc
bfa
3fd
fffffec4
10e
ffffffd5
6c
1e
101a
844
417
17a
2d
ffffffd1
ffffffe8
4
fffffff4
fffffffc
fffffea1
ad
fffffff6
6e
38
19
ffffffd2
2d
fffffffc
1a
b
4
b2
fffffd69
5
ffffff01
ffffff94
ffffffd0
2e
ffffff18
3
ffffffac
ffffffdf
fffffff2
fffffd5f
6a13
6758
5d8e
4df2
396a
2145
6e8
ffffebe5
fffff8da
ffffffb8
347
17e
7fff
7fff
7fff
7fff
4ece
b74
ffffd1f0
ffffecd5
fffffba5
35e
ffffff6b
ffff8f95
ffff935d
ffff9e7b
ffffaf51
ffffc4f2
ffffde28
fffff996
15c0
7c7
b5
fffffd26
fffffef1
ffff8000
ffff8e90
ffffa8eb
ffffc535
ffffe1a7
fffffc97
14ad
919
2f4
ffffffce
167
7fff
7fff
7fff
7e29
72bc
6477
5465
439f
332f
23f9
16bc
bfa
3fd
fffffec4
10e
ffffffd5
6c
1e
101a
844
417
17a
2d
ffffffd1
ffffffe8
4
fffffff4
fffffffc
fffffea1
ad
fffffff6
6e
38
19
ffffffd2
2d
fffffffc
1a
b
4
b2
fffffd69
5
ffffff01
ffffff94
ffffffd0
2e
ffffff18
3
ffffffac
ffffffdf
fffffff2
fffffd5f
6a13
6758
5d8e
4df2
396a
2145
6e8
ffffebe5
fffff8da
ffffffb8
347
17e
7fff
7fff
7fff
7fff
4ece
b74
ffffd1f0
ffffecd5
fffffba5
35e
ffffff6b
ffff8f95
ffff935d
ffff9e7b
ffffaf51
ffffc4f2
ffffde28
fffff996
15c0
7c7
b5
fffffd26
fffffef1
ffff8000
ffff8e90
ffffa8eb
ffffc535
ffffe1a7
fffffc97
14ad
919
2f4
ffffffce
167
7fff
7fff
7fff
7e29
72bc
6477
5465
439f
332f
23f9
16bc
bfa
3fd
fffffec4
10e
ffffffd5
6c
1e
101a
844
417
17a
2d
ffffffd1
ffffffe8
4
fffffff4
fffffffc
fffffea1
ad
fffffff6
6e
38
19
ffffffd2
2d
fffffffc
1a
b
4
b2
fffffd69
5
ffffff01
ffffff94
ffffffd0
2e
ffffff18
3
ffffffac
ffffffdf
fffffff2
fffffd5f
6a13
6758
5d8e
4df2
396a
2145
6e8
ffffebe5
fffff8da
ffffffb8
347
17e
7fff
7fff
7fff
7fff
4ece
b74
ffffd1f0
ffffecd5
fffffba5
35e
ffffff6b
ffff8f95
ffff935d
ffff9e7b
ffffaf51
ffffc4f2
ffffde28
fffff996
15c0
7c7
b5
fffffd26
fffffef1
ffff8000
ffff8e90
ffffa8eb
ffffc535
ffffe1a7
fffffc97
14ad
919
2f4
ffffffce
167
7fff
7fff
7fff
7e29
72bc
6477
5465
439f
332f
23f9
16bc
bfa
3fd
fffffec4
10e
ffffffd5
6c
1e
101a
844
417
17a
2d
ffffffd1
ffffffe8
4
fffffff4
fffffffc
fffffea1
ad
fffffff6
6e
38
19
ffffffd2
2d
fffffffc
1a
b
4
b2
fffffd69
5
ffffff01
ffffff94
ffffffd0
2e
ffffff18
3
ffffffac
ffffffdf
fffffff2
fffffd5f
6a13
6758
5d8e
4df2
396a
2145
6e8
ffffebe5
fffff8da
ffffffb8
347
17e
7fff
7fff
7fff
7fff
4ece
b74
ffffd1f0
ffffecd5
fffffba5
35e
ffffff6b
ffff8f95
ffff935d
ffff9e7b
ffffaf51
ffffc4f2
ffffde28
fffff996
15c0
7c7
b5
fffffd26
fffffef1
ffff8000
ffff8e90
ffffa8eb
ffffc535
ffffe1a7
fffffc97
14ad
919
2f4
ffffffce
167
7fff
7fff
7fff
7e29
72bc
6477
5465
439f
332f
23f9
16bc
bfa
3fd
fffffec4
10e
ffffffd5
6c
1e
101a
844
417
17a
2d
ffffffd1
ffffffe8
4
fffffff4
fffffffc
fffffea1
ad
fffffff6
6e
38
19
ffffffd2
2d
fffffffc
1a
b
4
b2
fffffd69
5
ffffff01
ffffff94
ffffffd0
2e
ffffff18
3
ffffffac
ffffffdf
fffffff2
fffffd5f
6a13
6758
5d8e
4df2
396a
2145
6e8
ffffebe5
fffff8da
ffffffb8
347
17e
7fff
7fff
7fff
7fff
4ece
b74
ffffd1f0
ffffecd5
fffffba5
35e
ffffff6b
ffff8f95
ffff935d
ffff9e7b
ffffaf51
ffffc4f2
ffffde28
fffff996
15c0
7c7
b5
fffffd26
fffffef1
ffff8000
ffff8e90
ffffa8eb
ffffc535
ffffe1a7
fffffc97
14ad
919
2f4
ffffffce
167
7fff
7fff
7fff
7e29
72bc
6477
5465
439f
332f
23f9
16bc
bfa
3fd
fffffec4
10e
ffffffd5
6c
1e
101a
844
417
17a
2d
ffffffd1
ffffffe8
4
fffffff4
fffffffc
fffffea1
ad
fffffff6
6e
38
19
ffffffd2
2d
fffffffc
1a
b
4
b2
fffffd69
5
ffffff01
ffffff94
ffffffd0
2e
ffffff18
3
ffffffac
ffffffdf
fffffff2
fffffd5f
6a13
6758
5d8e
4df2
396a
2145
6e8
ffffebe5
fffff8da
ffffffb8
347
17e
7fff
7fff
7fff
7fff
4ece
b74
ffffd1f0
ffffecd5
fffffba5
35e
ffffff6b
ffff8f95
ffff935d
ffff9e7b
ffffaf51
ffffc4f2
ffffde28
fffff996
15c0
7c7
b5
fffffd26
fffffef1
ffff8000
ffff8e90
ffffa8eb
ffffc535
ffffe1a7
fffffc97
14ad
919
2f4
ffffffce
167
7fff
7fff
7fff
7e29
72bc
6477
5465
439f
332f
23f9
16bc
bfa
3fd
fffffec4
10e
ffffffd5
6c
1e
101a
844
417
17a
2d
ffffffd1
ffffffe8
4
fffffff4
fffffffc
fffffea1
ad
fffffff6
6e
38
19
ffffffd2
2d
fffffffc
1a
b
4
b2
fffffd69
5
ffffff01
ffffff94
ffffffd0
2e
ffffff18
3
ffffffac
ffffffdf
fffffff2
fffffd5f
6a13
6758
5d8e
4df2
396a
2145
6e8
ffffebe5
fffff8da
ffffffb8
347
17e
7fff
7fff
7fff
7fff
4edc
b81
ffffd1fb
ffffece1
fffffbb2
36b
ffffff78
ffff8f94
ffff935d
ffff9e7b
ffffaf51
ffffc4f2
ffffde28
fffff996
15c0
7c7
b5
fffffd26
fffffef1
ffff8000
ffff8e93
ffffa8ed
ffffc536
ffffe1a7
fffffc96
14ab
918
2f3
ffffffcd
166
7fff
7fff
7fff
7e29
72bc
6477
5465
439f
332f
23f9
16bc
bfa
3fd
fffffec4
10e
ffffffd5
6c
1e
1016
840
413
177
2a
ffffffcf
ffffffe6
1
fffffff2
fffffff9
fffffe96
ad
fffffff2
6d
36
15
ffffffd0
2c
fffffffb
18
a
2
b2
fffffd69
0
fffffefc
ffffff8e
ffffffcb
2d
ffffff18
2
ffffffac
ffffffde
fffffff2
fffffd63
6a17
675c
5d92
4df6
396e
2149
6ec
ffffebe9
fffff8de
ffffffbc
34b
182
7fff
7fff
7fff
7fff
4eeb
b8f
ffffd20a
ffffecf0
fffffbc0
37a
ffffff86
ffff8f97
ffff9361
ffff9e7f
ffffaf55
ffffc4f6
ffffde2c
fffff99a
15c4
7cb
b9
fffffd2a
fffffef5
ffff8000
ffff8e9e
ffffa8f9
ffffc541
ffffe1b2
fffffca0
14b5
921
2fd
ffffffd7
170
7fff
7fff
7fff
7e2d
72c0
647b
5469
43a3
3333
23fd
16c0
bfe
401
fffffec8
112
ffffffd9
70
22
1015
844
417
17a
2d
ffffffd2
ffffffe8
4
fffffff5
fffffffc
fffffea5
b1
fffffffa
72
3c
1d
ffffffd2
2e
fffffffc
1a
c
4
b5
fffffd6d
b
ffffff06
ffffff99
ffffffd6
2f
ffffff19
3
ffffffad
ffffffdf
fffffff3
fffffd5c
6a2b
6770
5da5
4e08
397f
2158
6f9
ffffebf4
fffff8ea
ffffffc9
358
18e
7fff
7fff
7fff
7fff
4ece
b74
ffffd1f0
ffffecd5
fffffba5
35e
ffffff6b
ffff8f96
ffff9359
ffff9e76
ffffaf49
ffffc4e9
ffffde1d
fffff98a
15b4
7bb
aa
fffffd1b
fffffee5
ffff8000
ffff8e90
ffffa8eb
ffffc535
ffffe1a7
fffffc97
14ad
919
2f4
ffffffce
167
7fff
7fff
7fff
7e27
72bc
6479
5469
43a5
3337
2403
16c7
c06
409
fffffed0
11a
ffffffe1
78
2b
1007
844
417
17a
2d
ffffffd1
ffffffe8
4
fffffff4
fffffffc
fffffeaa
b3
fffffffe
75
3f
20
ffffffd2
2d
fffffffb
19
b
3
b7
fffffd6a
8
ffffff02
ffffff96
ffffffd3
2e
ffffff18
2
ffffffac
ffffffde
fffffff2
fffffd61
6a4b
678f
5dc4
4e26
399b
2172
710
ffffec09
fffff900
ffffffe0
36f
1a5
7fff
7fff
7fff
7fff
4ee0
b85
ffffd1ff
ffffece5
fffffbb6
36f
ffffff7c
ffff8f9b
ffff935b
ffff9e76
ffffaf48
ffffc4e7
ffffde1a
fffff986
15b0
7b7
a6
fffffd17
fffffee1
ffff8000
ffff8e97
ffffa8f1
ffffc53a
ffffe1ab
fffffc9a
14af
91c
2f7
ffffffd1
16a
7fff
7fff
7fff
7e27
72bc
6479
5469
43a5
3336
2401
16c4
c03
406
fffffecc
116
ffffffdd
74
27
100d
844
417
17b
2e
ffffffd3
ffffffea
5
fffffff6
fffffffd
fffffeab
b3
fffffffe
75
3f
20
ffffffd3
30
fffffffe
1c
d
6
b6
fffffd6e
13
ffffff0d
ffffffa2
ffffffde
31
ffffff1c
6
ffffffaf
ffffffe1
fffffff5
fffffd48
6a4b
678f
5dc4
4e26
399b
2172
710
ffffec09
fffff900
ffffffe0
36f
1a5
7fff
7fff
7fff
7fff
4ee0
b85
ffffd1ff
ffffece5
fffffbb6
36f
ffffff7c
ffff8f9b
ffff935b
ffff9e76
ffffaf48
ffffc4e7
ffffde1a
fffff986
15b0
7b7
a6
fffffd17
fffffee1
ffff8000
ffff8e97
ffffa8f1
ffffc53a
ffffe1ab
fffffc9a
14af
91c
2f7
ffffffd1
16a
7fff
7fff
7fff
7e27
72bc
6479
5469
43a5
3336
2401
16c4
c03
406
fffffecc
116
ffffffdd
74
27
100d
844
417
17b
2e
ffffffd3
ffffffea
5
fffffff6
fffffffd
fffffeab
b3
fffffffe
75
3f
20
ffffffd3
30
fffffffe
1c
d
6
b6
fffffd6e
13
ffffff0d
ffffffa2
ffffffde
31
ffffff1c
6
ffffffaf
ffffffe1
fffffff5
fffffd48
6a4b
678f
5dc4
4e26
399b
2172
710
ffffec09
fffff900
ffffffe0
36f
1a5
7fff
7fff
7fff
7fff
4ee0
b85
ffffd1ff
ffffece5
fffffbb6
36f
ffffff7c
ffff8f9b
ffff935b
ffff9e76
ffffaf48
ffffc4e7
ffffde1a
fffff986
15b0
7b7
a6
fffffd17
fffffee1
ffff8000
ffff8e97
ffffa8f1
ffffc53a
ffffe1ab
fffffc9a
14af
91c
2f7
ffffffd1
16a
7fff
7fff
7fff
7e27
72bc
6479
5469
43a5
3336
2401
16c4
c03
406
fffffecc
116
ffffffdd
74
27
100d
844
417
17b
2e
ffffffd3
ffffffea
5
fffffff6
fffffffd
fffffeab
b3
fffffffe
75
3f
20
ffffffd3
30
fffffffe
1c
d
6
b6
fffffd6e
13
ffffff0d
ffffffa2
ffffffde
31
ffffff1c
6
ffffffaf
ffffffe1
fffffff5
fffffd48
6a4b
678f
5dc4
4e26
399b
2172
710
ffffec09
fffff900
ffffffe0
36f
1a5
7fff
7fff
7fff
7fff
4ee0
b85
ffffd1ff
ffffece5
fffffbb6
36f
ffffff7c
ffff8f9b
ffff935b
ffff9e76
ffffaf48
ffffc4e7
ffffde1a
fffff986
15b0
7b7
a6
fffffd17
fffffee1
ffff8000
ffff8e97
ffffa8f1
ffffc53a
ffffe1ab
fffffc9a
14af
91c
2f7
ffffffd1
16a
7fff
7fff
7fff
7e27
72bc
6479
5469
43a5
3336
2401
16c4
c03
406
fffffecc
116
ffffffdd
74
27
100d
844
417
17b
2e
ffffffd3
ffffffea
5
fffffff6
fffffffd
fffffeab
b3
fffffffe
75
3f
20
ffffffd3
30
fffffffe
1c
d
6
b6
fffffd6e
13
ffffff0d
ffffffa2
ffffffde
31
ffffff1c
6
ffffffaf
ffffffe1
fffffff5
fffffd48
6a4b
678f
5dc4
4e26
399b
2172
710
ffffec09
fffff900
ffffffe0
36f
1a5
7fff
7fff
7fff
7fff
4ee0
b85
ffffd1ff
ffffece5
fffffbb6
36f
ffffff7c
ffff8f9b
ffff935b
ffff9e76
ffffaf48
ffffc4e7
ffffde1a
fffff986
15b0
7b7
a6
fffffd17
fffffee1
ffff8000
ffff8e97
ffffa8f1
ffffc53a
ffffe1ab
fffffc9a
14af
91c
2f7
ffffffd1
16a
7fff
7fff
7fff
7e27
72bc
6479
5469
43a5
3336
2401
16c4
c03
406
fffffecc
116
ffffffdd
74
27
100d
844
417
17b
2e
ffffffd3
ffffffea
5
fffffff6
fffffffd
fffffeab
b3
fffffffe
75
3f
20
ffffffd3
30
fffffffe
1c
d
6
b6
fffffd6e
13
ffffff0d
ffffffa2
ffffffde
31
ffffff1c
6
ffffffaf
ffffffe1
fffffff5
fffffd48
6a47
678b
5dc0
4e22
3997
216e
70c
ffffec05
fffff8fc
ffffffdc
36b
1a1
7fff
7fff
7fff
7fff
4ece
b74
ffffd1f0
ffffecd5
fffffba5
35e
ffffff6b
ffff8f98
ffff9357
ffff9e72
ffffaf44
ffffc4e3
ffffde16
fffff982
15ac
7b3
a2
fffffd13
fffffedd
ffff8000
ffff8e90
ffffa8eb
ffffc535
ffffe1a7
fffffc97
14ad
919
2f4
ffffffce
167
7fff
7fff
7fff
7e23
72b8
6475
5465
43a1
3332
23fd
16c0
bff
402
fffffec8
112
ffffffd9
70
23
1013
844
417
17a
2d
ffffffd1
ffffffe8
4
fffffff4
fffffffc
fffffea4
af
fffffff8
70
3a
1b
ffffffd2
2d
fffffffc
1a
b
4
b3
fffffd6a
7
ffffff02
ffffff95
ffffffd2
2e
ffffff18
3
ffffffac
ffffffde
fffffff2
fffffd5e
6a47
678b
5dc1
4e22
3997
216f
70d
ffffec06
fffff8fd
ffffffdd
36c
1a2
7fff
7fff
7fff
7fff
4ece
b74
ffffd1f0
ffffecd5
fffffba5
35e
ffffff6b
ffff8f9c
ffff935c
ffff9e77
ffffaf4a
ffffc4e9
ffffde1d
fffff98a
15b4
7bb
aa
fffffd1b
fffffee5
ffff8000
ffff8e90
ffffa8eb
ffffc535
ffffe1a7
fffffc97
14ad
919
2f4
ffffffce
167
7fff
7fff
7fff
7e2b
72c0
647c
546c
43a7
3337
2402
16c4
c02
404
fffffeca
114
ffffffda
72
24
1012
844
417
17a
2d
ffffffd1
ffffffe8
4
fffffff4
fffffffc
fffffea0
a9
fffffff4
6b
35
16
ffffffd2
2d
fffffffc
1a
c
4
ad
fffffd63
ffffffff
89
52
2c
2e
ffffff18
4
ffffffad
ffffffdf
fffffff3
fffffd56
6a37
677c
5db1
4e13
3989
2162
701
ffffebfb
fffff8f2
ffffffd1
360
196
7fff
7fff
7fff
7fff
4eeb
b8f
ffffd20a
ffffecf0
fffffbc0
37a
ffffff86
ffff8f97
ffff935b
ffff9e77
ffffaf4b
ffffc4eb
ffffde20
fffff98e
15b8
7bf
ad
fffffd1e
fffffee8
ffff8000
ffff8e9e
ffffa8f9
ffffc541
ffffe1b2
fffffca0
14b5
921
2fd
ffffffd7
170
7fff
7fff
7fff
7e2c
72c0
647c
546a
43a5
3334
23fe
16c0
bfe
3ff
fffffec5
10f
ffffffd6
6d
20
1018
844
417
17a
2d
ffffffd2
ffffffe8
4
fffffff5
fffffffc
fffffe9e
a9
fffffff3
6a
35
15
ffffffd2
2e
fffffffd
1b
c
5
ad
fffffd65
3
fffffefe
ffffff91
ffffffce
2f
ffffff19
5
ffffffae
ffffffe0
fffffff4
fffffd50
6a3f
6784
5db9
4e1c
3992
216c
70c
ffffec07
fffff8fd
ffffffdc
36b
1a1
7fff
7fff
7fff
7fff
4eeb
b8f
ffffd20a
ffffecf0
fffffbc0
37a
ffffff86
ffff8fa5
ffff9369
ffff9e85
ffffaf58
ffffc4f7
ffffde2b
fffff997
15c0
7c8
b6
fffffd27
fffffef2
ffff8000
ffff8e9e
ffffa8f9
ffffc541
ffffe1b2
fffffca0
14b5
921
2fd
ffffffd7
170
7fff
7fff
7fff
7e2c
72c0
647c
546b
43a7
3337
2403
16c6
c04
407
fffffecd
117
ffffffde
75
28
100c
844
417
17a
2d
ffffffd2
ffffffe8
4
fffffff5
fffffffc
fffffea4
ab
fffffff7
6e
38
19
ffffffd2
2e
fffffffd
1b
c
4
af
fffffd62
3
fffffefd
ffffff91
ffffffce
2f
ffffff19
5
ffffffae
ffffffe0
fffffff4
fffffd4d
6a3f
6784
5db9
4e1c
3992
216c
70c
ffffec07
fffff8fd
ffffffdc
36b
1a1
7fff
7fff
7fff
7fff
4eeb
b8f
ffffd20a
ffffecf0
fffffbc0
37a
ffffff86
ffff8fa5
ffff9369
ffff9e85
ffffaf58
ffffc4f7
ffffde2b
fffff997
15c0
7c8
b6
fffffd27
fffffef2
ffff8000
ffff8e9e
ffffa8f9
ffffc541
ffffe1b2
fffffca0
14b5
921
2fd
ffffffd7
170
7fff
7fff
7fff
7e2c
72c0
647c
546b
43a7
3337
2403
16c6
c04
407
fffffecd
117
ffffffde
75
28
100c
844
417
17a
2d
ffffffd2
ffffffe8
4
fffffff5
fffffffc
fffffea4
ab
fffffff7
6e
38
19
ffffffd2
2e
fffffffd
1b
c
4
af
fffffd62
3
fffffefd
ffffff91
ffffffce
2f
ffffff19
5
ffffffae
ffffffe0
fffffff4
fffffd4d
6a3f
6784
5db9
4e1c
3992
216c
70c
ffffec07
fffff8fd
ffffffdc
36b
1a1
7fff
7fff
7fff
7fff
4eeb
b8f
ffffd20a
ffffecf0
fffffbc0
37a
ffffff86
ffff8fa5
ffff9369
ffff9e85
ffffaf58
ffffc4f7
ffffde2b
fffff997
15c0
7c8
b6
fffffd27
fffffef2
ffff8000
ffff8e9e
ffffa8f9
ffffc541
ffffe1b2
fffffca0
14b5
921
2fd
ffffffd7
170
7fff
7fff
7fff
7e2c
72c0
647c
546b
43a7
3337
2403
16c6
c04
407
fffffecd
117
ffffffde
75
28
100c
844
417
17a
2d
ffffffd2
ffffffe8
4
fffffff5
fffffffc
fffffea4
ab
fffffff7
6e
38
19
ffffffd2
2e
fffffffd
1b
c
4
af
fffffd62
3
fffffefd
ffffff91
ffffffce
2f
ffffff19
5
ffffffae
ffffffe0
fffffff4
fffffd4d
6a3f
6784
5db9
4e1c
3992
216c
70c
ffffec07
fffff8fd
ffffffdc
36b
1a1
7fff
7fff
7fff
7fff
4eeb
b8f
ffffd20a
ffffecf0
fffffbc0
37a
ffffff86
ffff8fa5
ffff9369
ffff9e85
ffffaf58
ffffc4f7
ffffde2b
fffff997
15c0
7c8
b6
fffffd27
fffffef2
ffff8000
ffff8e9e
ffffa8f9
ffffc541
ffffe1b2
fffffca0
14b5
921
2fd
ffffffd7
170
7fff
7fff
7fff
7e2c
72c0
647c
546b
43a7
3337
2403
16c6
c04
407
fffffecd
117
ffffffde
75
28
100c
844
417
17a
2d
ffffffd2
ffffffe8
4
fffffff5
fffffffc
fffffea4
ab
fffffff7
6e
38
19
ffffffd2
2e
fffffffd
1b
c
4
af
fffffd62
3
fffffefd
ffffff91
ffffffce
2f
ffffff19
5
ffffffae
ffffffe0
fffffff4
fffffd4d
6a3f
6784
5db9
4e1c
3992
216c
70c
ffffec07
fffff8fd
ffffffdc
36b
1a1
7fff
7fff
7fff
7fff
4eeb
b8f
ffffd20a
ffffecf0
fffffbc0
37a
ffffff86
ffff8fa5
ffff9369
ffff9e85
ffffaf58
ffffc4f7
ffffde2b
fffff997
15c0
7c8
b6
fffffd27
fffffef2
ffff8000
ffff8e9e
ffffa8f9
ffffc541
ffffe1b2
fffffca0
14b5
921
2fd
ffffffd7
170
7fff
7fff
7fff
7e2c
72c0
647c
546b
43a7
3337
2403
16c6
c04
407
fffffecd
117
ffffffde
75
28
100c
844
417
17a
2d
ffffffd2
ffffffe8
4
fffffff5
fffffffc
fffffea4
ab
fffffff7
6e
38
19
ffffffd2
2e
fffffffd
1b
c
4
af
fffffd62
3
fffffefd
ffffff91
ffffffce
2f
ffffff19
5
ffffffae
ffffffe0
fffffff4
fffffd4d
6a3f
6784
5db9
4e1c
3992
216c
70c
ffffec07
fffff8fd
ffffffdc
36b
1a1
7fff
7fff
7fff
7fff
4eeb
b8f
ffffd20a
ffffecf0
fffffbc0
37a
ffffff86
ffff8fa5
ffff9369
ffff9e85
ffffaf58
ffffc4f7
ffffde2b
fffff997
15c0
7c8
b6
fffffd27
fffffef2
ffff8000
ffff8e9e
ffffa8f9
ffffc541
ffffe1b2
fffffca0
14b5
921
2fd
ffffffd7
170
7fff
7fff
7fff
7e2c
72c0
647c
546b
43a7
3337
2403
16c6
c04
407
fffffecd
117
ffffffde
75
28
100c
844
417
17a
2d
ffffffd2
ffffffe8
4
fffffff5
fffffffc
fffffea4
ab
fffffff7
6e
38
19
ffffffd2
2e
fffffffd
1b
c
4
af
fffffd62
3
fffffefd
ffffff91
ffffffce
2f
ffffff19
5
ffffffae
ffffffe0
fffffff4
fffffd4d
6a33
6778
5dad
4e10
3986
2160
700
ffffebfb
fffff8f2
ffffffd0
360
196
7fff
7fff
7fff
7fff
4ef5
b9a
ffffd214
ffffecfa
fffffbca
384
ffffff91
ffff8f9b
ffff935f
ffff9e7b
ffffaf4f
ffffc4ee
ffffde22
fffff98f
15b8
7c0
ae
fffffd1f
fffffee9
ffff8000
ffff8ea6
ffffa900
ffffc548
ffffe1b8
fffffca6
14ba
927
303
ffffffdd
176
7fff
7fff
7fff
7e27
72bc
6479
5468
43a4
3335
2401
16c4
c03
406
fffffecd
117
ffffffdd
74
27
100e
844
417
179
2c
ffffffd1
ffffffe7
3
fffffff4
fffffffb
fffffea1
ad
fffffff7
6f
39
19
ffffffd1
2c
fffffffb
19
a
3
b1
fffffd64
0
fffffefa
ffffff8e
ffffffcb
2d
ffffff17
2
ffffffac
ffffffde
fffffff1
fffffd62
6a17
675c
5d92
4df6
396e
2149
6ec
ffffebe9
fffff8de
ffffffbc
34b
182
7fff
7fff
7fff
7fff
4eeb
b8f
ffffd20a
ffffecf0
fffffbc0
37a
ffffff86
ffff8f97
ffff9361
ffff9e7f
ffffaf55
ffffc4f6
ffffde2c
fffff99a
15c4
7cb
b9
fffffd2a
fffffef5
ffff8000
ffff8e9e
ffffa8f9
ffffc541
ffffe1b2
fffffca0
14b5
921
2fd
ffffffd7
170
7fff
7fff
7fff
7e2d
72c0
647b
5469
43a3
3333
23fd
16c0
bfe
401
fffffec8
112
ffffffd9
70
22
1015
844
417
17a
2d
ffffffd2
ffffffe8
4
fffffff5
fffffffc
fffffea5
b1
fffffffa
72
3c
1d
ffffffd2
2e
fffffffc
1a
c
4
b5
fffffd6d
b
ffffff06
ffffff99
ffffffd6
2f
ffffff19
3
ffffffad
ffffffdf
fffffff3
fffffd5c
6a17
675c
5d92
4df6
396e
2149
6ec
ffffebe9
fffff8de
ffffffbc
34b
182
7fff
7fff
7fff
7fff
4eeb
b8f
ffffd20a
ffffecf0
fffffbc0
37a
ffffff86
ffff8f97
ffff9361
ffff9e7f
ffffaf55
ffffc4f6
ffffde2c
fffff99a
15c4
7cb
b9
fffffd2a
fffffef5
ffff8000
ffff8e9e
ffffa8f9
ffffc541
ffffe1b2
fffffca0
14b5
921
2fd
ffffffd7
170
7fff
7fff
7fff
7e2d
72c0
647b
5469
43a3
3333
23fd
16c0
bfe
401
fffffec8
112
ffffffd9
70
22
1015
844
417
17a
2d
ffffffd2
ffffffe8
4
fffffff5
fffffffc
fffffea5
b1
fffffffa
72
3c
1d
ffffffd2
2e
fffffffc
1a
c
4
b5
fffffd6d
b
ffffff06
ffffff99
ffffffd6
2f
ffffff19
3
ffffffad
ffffffdf
fffffff3
fffffd5c
6a17
675c
5d92
4df6
396e
2149
6ec
ffffebe9
fffff8de
ffffffbc
34b
182
7fff
7fff
7fff
7fff
4eeb
b8f
ffffd20a
ffffecf0
fffffbc0
37a
ffffff86
ffff8f97
ffff9361
ffff9e7f
ffffaf55
ffffc4f6
ffffde2c
fffff99a
15c4
7cb
b9
fffffd2a
fffffef5
ffff8000
ffff8e9e
ffffa8f9
ffffc541
ffffe1b2
fffffca0
14b5
921
2fd
ffffffd7
170
7fff
7fff
7fff
7e2d
72c0
647b
5469
43a3
3333
23fd
16c0
bfe
401
fffffec8
112
ffffffd9
70
22
1015
844
417
17a
2d
ffffffd2
ffffffe8
4
fffffff5
fffffffc
fffffea5
b1
fffffffa
72
3c
1d
ffffffd2
2e
fffffffc
1a
c
4
b5
fffffd6d
b
ffffff06
ffffff99
ffffffd6
2f
ffffff19
3
ffffffad
ffffffdf
fffffff3
fffffd5c
6a23
6768
5d9e
4e01
3978
2153
6f4
ffffebf0
fffff8e6
ffffffc4
354
18a
7fff
7fff
7fff
7fff
4eeb
b8f
ffffd20a
ffffecf0
fffffbc0
37a
ffffff86
ffff8f97
ffff935e
ffff9e7b
ffffaf50
ffffc4f0
ffffde25
fffff992
15bc
7c3
b2
fffffd23
fffffeed
ffff8000
ffff8e9e
ffffa8f9
ffffc541
ffffe1b2
fffffca0
14b5
921
2fd
ffffffd7
170
7fff
7fff
7fff
7e28
72bc
6478
5467
43a2
3332
23fd
16c0
bff
402
fffffec8
112
ffffffd9
70
23
1013
844
417
17a
2d
ffffffd2
ffffffe8
4
fffffff5
fffffffc
fffffea3
ad
fffffff7
6f
39
1a
ffffffd2
2e
fffffffd
1b
c
4
b1
fffffd67
6
ffffff01
ffffff94
ffffffd1
2f
ffffff19
4
ffffffae
ffffffe0
fffffff4
fffffd54
6a1f
6764
5d9a
4dfd
3975
2150
6f1
ffffebee
fffff8e3
ffffffc2
351
187
7fff
7fff
7fff
7fff
4edd
b82
ffffd1fe
ffffece3
fffffbb3
36d
ffffff79
ffff8f98
ffff935f
ffff9e7d
ffffaf52
ffffc4f3
ffffde28
fffff996
15c0
7c7
b5
fffffd26
fffffef1
ffff8000
ffff8e9b
ffffa8f7
ffffc540
ffffe1b2
fffffca1
14b6
923
2fe
ffffffd8
171
7fff
7fff
7fff
7e2c
72c0
647b
546a
43a4
3334
23fe
16c0
bfe
400
fffffec6
110
ffffffd6
6d
20
101c
848
41b
17d
30
ffffffd4
ffffffeb
7
fffffff7
ffffffff
fffffea6
a3
fffffff2
67
33
14
ffffffd5
30
ffffffff
1c
e
7
a7
fffffd5b
ffffffff
87
51
2c
30
ffffff19
7
ffffffb0
ffffffe2
fffffff6
fffffd42
6a17
675c
5d92
4df5
396d
2148
6ea
ffffebe6
fffff8dc
ffffffba
349
17f
7fff
7fff
7fff
7fff
4ed2
b78
ffffd1f4
ffffecd9
fffffba9
362
ffffff6f
ffff8f93
ffff9359
ffff9e77
ffffaf4d
ffffc4ee
ffffde24
fffff991
15bc
7c3
b1
fffffd22
fffffeec
ffff8000
ffff8e94
ffffa8ef
ffffc539
ffffe1ab
fffffc9b
14b1
91d
2f8
ffffffd2
16b
7fff
7fff
7fff
7e2c
72c0
647c
546a
43a5
3335
2400
16c3
c01
403
fffffec9
113
ffffffda
71
24
1016
848
41b
17e
31
ffffffd5
ffffffec
8
fffffff8
0
fffffeae
a9
fffffff9
6d
39
1a
ffffffd6
31
0
1e
10
8
ac
fffffd61
b
ffffff03
ffffff99
ffffffd6
32
ffffff1c
8
ffffffb1
ffffffe4
fffffff7
fffffd3a
6a17
675c
5d92
4df5
396d
2148
6ea
ffffebe6
fffff8dc
ffffffba
349
17f
7fff
7fff
7fff
7fff
4ed2
b78
ffffd1f4
ffffecd9
fffffba9
362
ffffff6f
ffff8f93
ffff9359
ffff9e77
ffffaf4d
ffffc4ee
ffffde24
fffff991
15bc
7c3
b1
fffffd22
fffffeec
ffff8000
ffff8e94
ffffa8ef
ffffc539
ffffe1ab
fffffc9b
14b1
91d
2f8
ffffffd2
16b
7fff
7fff
7fff
7e2c
72c0
647c
546a
43a5
3335
2400
16c3
c01
403
fffffec9
113
ffffffda
71
24
1016
848
41b
17e
31
ffffffd5
ffffffec
8
fffffff8
0
fffffeae
a9
fffffff9
6d
39
1a
ffffffd6
31
0
1e
10
8
ac
fffffd61
b
ffffff03
ffffff99
ffffffd6
32
ffffff1c
8
ffffffb1
ffffffe4
fffffff7
fffffd3a
6a17
675c
5d92
4df5
396d
2148
6ea
ffffebe6
fffff8dc
ffffffba
349
17f
7fff
7fff
7fff
7fff
4ed2
b78
ffffd1f4
ffffecd9
fffffba9
362
ffffff6f
ffff8f93
ffff9359
ffff9e77
ffffaf4d
ffffc4ee
ffffde24
fffff991
15bc
7c3
b1
fffffd22
fffffeec
ffff8000
ffff8e94
ffffa8ef
ffffc539
ffffe1ab
fffffc9b
14b1
91d
2f8
ffffffd2
16b
7fff
7fff
7fff
7e2c
72c0
647c
546a
43a5
3335
2400
16c3
c01
403
fffffec9
113
ffffffda
71
24
1016
848
41b
17e
31
ffffffd5
ffffffec
8
fffffff8
0
fffffeae
a9
fffffff9
6d
39
1a
ffffffd6
31
0
1e
10
8
ac
fffffd61
b
ffffff03
ffffff99
ffffffd6
32
ffffff1c
8
ffffffb1
ffffffe4
fffffff7
fffffd3a
6a17
675c
5d92
4df5
396d
2148
6ea
ffffebe6
fffff8dc
ffffffba
349
17f
7fff
7fff
7fff
7fff
4ed2
b78
ffffd1f4
ffffecd9
fffffba9
362
ffffff6f
ffff8f93
ffff9359
ffff9e77
ffffaf4d
ffffc4ee
ffffde24
fffff991
15bc
7c3
b1
fffffd22
fffffeec
ffff8000
ffff8e94
ffffa8ef
ffffc539
ffffe1ab
fffffc9b
14b1
91d
2f8
ffffffd2
16b
7fff
7fff
7fff
7e2c
72c0
647c
546a
43a5
3335
2400
16c3
c01
403
fffffec9
113
ffffffda
71
24
1016
848
41b
17e
31
ffffffd5
ffffffec
8
fffffff8
0
fffffeae
a9
fffffff9
6d
39
1a
ffffffd6
31
0
1e
10
8
ac
fffffd61
b
ffffff03
ffffff99
ffffffd6
32
ffffff1c
8
ffffffb1
ffffffe4
fffffff7
fffffd3a
6a17
675c
5d92
4df5
396d
2148
6ea
ffffebe6
fffff8dc
ffffffba
349
17f
7fff
7fff
7fff
7fff
4ed2
b78
ffffd1f4
ffffecd9
fffffba9
362
ffffff6f
ffff8f93
ffff9359
ffff9e77
ffffaf4d
ffffc4ee
ffffde24
fffff991
15bc
7c3
b1
fffffd22
fffffeec
ffff8000
ffff8e94
ffffa8ef
ffffc539
ffffe1ab
fffffc9b
14b1
91d
2f8
ffffffd2
16b
7fff
7fff
7fff
7e2c
72c0
647c
546a
43a5
3335
2400
16c3
c01
403
fffffec9
113
ffffffda
71
24
1016
848
41b
17e
31
ffffffd5
ffffffec
8
fffffff8
0
fffffeae
a9
fffffff9
6d
39
1a
ffffffd6
31
0
1e
10
8
ac
fffffd61
b
ffffff03
ffffff99
ffffffd6
32
ffffff1c
8
ffffffb1
ffffffe4
fffffff7
fffffd3a
6a17
675c
5d92
4df5
396d
2148
6ea
ffffebe6
fffff8dc
ffffffba
349
17f
7fff
7fff
7fff
7fff
4ed2
b78
ffffd1f4
ffffecd9
fffffba9
362
ffffff6f
ffff8f93
ffff9359
ffff9e77
ffffaf4d
ffffc4ee
ffffde24
fffff991
15bc
7c3
b1
fffffd22
fffffeec
ffff8000
ffff8e94
ffffa8ef
ffffc539
ffffe1ab
fffffc9b
14b1
91d
2f8
ffffffd2
16b
7fff
7fff
7fff
7e2c
72c0
647c
546a
43a5
3335
2400
16c3
c01
403
fffffec9
113
ffffffda
71
24
1016
848
41b
17e
31
ffffffd5
ffffffec
8
fffffff8
0
fffffeae
a9
fffffff9
6d
39
1a
ffffffd6
31
0
1e
10
8
ac
fffffd61
b
ffffff03
ffffff99
ffffffd6
32
ffffff1c
8
ffffffb1
ffffffe4
fffffff7
fffffd3a
6a17
675c
5d92
4df5
396d
2148
6ea
ffffebe6
fffff8dc
ffffffba
349
17f
7fff
7fff
7fff
7fff
4ed2
b78
ffffd1f4
ffffecd9
fffffba9
362
ffffff6f
ffff8f93
ffff9359
ffff9e77
ffffaf4d
ffffc4ee
ffffde24
fffff991
15bc
7c3
b1
fffffd22
fffffeec
ffff8000
ffff8e94
ffffa8ef
ffffc539
ffffe1ab
fffffc9b
14b1
91d
2f8
ffffffd2
16b
7fff
7fff
7fff
7e2c
72c0
647c
546a
43a5
3335
2400
16c3
c01
403
fffffec9
113
ffffffda
71
24
1016
848
41b
17e
31
ffffffd5
ffffffec
8
fffffff8
0
fffffeae
a9
fffffff9
6d
39
1a
ffffffd6
31
0
1e
10
8
ac
fffffd61
b
ffffff03
ffffff99
ffffffd6
32
ffffff1c
8
ffffffb1
ffffffe4
fffffff7
fffffd3a
6a17
675c
5d92
4df5
396d
2148
6ea
ffffebe6
fffff8dc
ffffffba
349
17f
7fff
7fff
7fff
7fff
4ed2
b78
ffffd1f4
ffffecd9
fffffba9
362
ffffff6f
ffff8f93
ffff9359
ffff9e77
ffffaf4d
ffffc4ee
ffffde24
fffff991
15bc
7c3
b1
fffffd22
fffffeec
ffff8000
ffff8e94
ffffa8ef
ffffc539
ffffe1ab
fffffc9b
14b1
91d
2f8
ffffffd2
16b
7fff
7fff
7fff
7e2c
72c0
647c
546a
43a5
3335
2400
16c3
c01
403
fffffec9
113
ffffffda
71
24
1016
848
41b
17e
31
ffffffd5
ffffffec
8
fffffff8
0
fffffeae
a9
fffffff9
6d
39
1a
ffffffd6
31
0
1e
10
8
ac
fffffd61
b
ffffff03
ffffff99
ffffffd6
32
ffffff1c
8
ffffffb1
ffffffe4
fffffff7
fffffd3a
6a17
675c
5d92
4df5
396d
2148
6ea
ffffebe6
fffff8dc
ffffffba
349
17f
7fff
7fff
7fff
7fff
4ed2
b78
ffffd1f4
ffffecd9
fffffba9
362
ffffff6f
ffff8f93
ffff9359
ffff9e77
ffffaf4d
ffffc4ee
ffffde24
fffff991
15bc
7c3
b1
fffffd22
fffffeec
ffff8000
ffff8e94
ffffa8ef
ffffc539
ffffe1ab
fffffc9b
14b1
91d
2f8
ffffffd2
16b
7fff
7fff
7fff
7e2c
72c0
647c
546a
43a5
3335
2400
16c3
c01
403
fffffec9
113
ffffffda
71
24
1016
848
41b
17e
31
ffffffd5
ffffffec
8
fffffff8
0
fffffeae
a9
fffffff9
6d
39
1a
ffffffd6
31
0
1e
10
8
ac
fffffd61
b
ffffff03
ffffff99
ffffffd6
32
ffffff1c
8
ffffffb1
ffffffe4
fffffff7
fffffd3a
6a23
6768
5d9d
4e00
3976
2150
6f0
ffffebeb
fffff8e1
ffffffc0
34f
186
7fff
7fff
7fff
7fff
4edb
b82
ffffd200
ffffece4
fffffbb4
36d
ffffff7a
ffff8f8f
ffff9355
ffff9e73
ffffaf49
ffffc4eb
ffffde21
fffff990
15bc
7c2
b0
fffffd21
fffffeeb
ffff8000
ffff8ea8
ffffa904
ffffc54d
ffffe1bf
fffffcad
14c2
92f
30a
ffffffe5
17d
7fff
7fff
7fff
7e38
72cc
6488
5476
43b0
333f
2408
16c9
c05
406
fffffecb
116
ffffffdc
73
26
1010
844
416
178
2a
ffffffce
ffffffe5
1
fffffff2
fffffff9
fffffe92
a5
ffffffec
66
2f
f
ffffffcf
2a
fffffff9
17
9
1
aa
fffffd5e
fffffff0
7d
44
1d
2a
ffffff14
1
ffffffab
ffffffdd
fffffff0
fffffd6e
6a37
677c
5db1
4e13
3989
2162
701
ffffebfc
fffff8f2
ffffffd1
361
197
7fff
7fff
7fff
7fff
4ede
b85
ffffd201
ffffece6
fffffbb6
36f
ffffff7c
ffff8f99
ffff935d
ffff9e7a
ffffaf4e
ffffc4ee
ffffde23
fffff991
15bc
7c3
b1
fffffd22
fffffeec
ffff8000
ffff8ea3
ffffa8fe
ffffc547
ffffe1b8
fffffca6
14bb
928
303
ffffffde
176
7fff
7fff
7fff
7e33
72c8
6484
5473
43ae
333e
2408
16cb
c08
40b
fffffed1
11b
ffffffe1
79
2b
1004
840
413
176
29
ffffffce
ffffffe4
0
fffffff0
fffffff8
fffffe9d
b7
fffffffa
76
3f
1e
ffffffce
2b
fffffff8
16
8
0
bc
fffffd73
5
ffffff02
ffffff93
ffffffd0
2c
ffffff17
ffffffff
27
18
d
fffffd7a
6a37
677c
5db1
4e13
3989
2162
701
ffffebfc
fffff8f2
ffffffd1
361
197
7fff
7fff
7fff
7fff
4ee5
b8f
ffffd20f
ffffecf2
fffffbc1
37a
ffffff87
ffff8f98
ffff935d
ffff9e7a
ffffaf4e
ffffc4ee
ffffde23
fffff991
15bc
7c3
b1
fffffd22
fffffeec
ffff8000
ffff8eb6
ffffa910
ffffc557
ffffe1c7
fffffcb3
14c6
934
30f
ffffffea
182
7fff
7fff
7fff
7e33
72c8
6484
5473
43ae
333e
2408
16cb
c08
40b
fffffed1
11b
ffffffe1
79
2b
1007
844
417
17b
2e
ffffffd4
ffffffea
6
fffffff6
fffffffe
fffffeb2
b7
3
ffffff66
ffffffb8
ffffffde
ffffffd4
31
fffffffe
1d
e
6
ba
fffffd73
18
ffffff12
ffffffa7
ffffffe3
32
ffffff1c
6
ffffffb0
ffffffe1
fffffff5
fffffd48
6a37
677c
5db1
4e13
3989
2162
701
ffffebfc
fffff8f2
ffffffd1
361
197
7fff
7fff
7fff
7fff
4ee5
b8f
ffffd20f
ffffecf2
fffffbc1
37a
ffffff87
ffff8f98
ffff935d
ffff9e7a
ffffaf4e
ffffc4ee
ffffde23
fffff991
15bc
7c3
b1
fffffd22
fffffeec
ffff8000
ffff8eb6
ffffa910
ffffc557
ffffe1c7
fffffcb3
14c6
934
30f
ffffffea
182
7fff
7fff
7fff
7e33
72c8
6484
5473
43ae
333e
2408
16cb
c08
40b
fffffed1
11b
ffffffe1
79
2b
1007
844
417
17b
2e
ffffffd4
ffffffea
6
fffffff6
fffffffe
fffffeb2
b7
3
ffffff66
ffffffb8
ffffffde
ffffffd4
31
fffffffe
1d
e
6
ba
fffffd73
18
ffffff12
ffffffa7
ffffffe3
32
ffffff1c
6
ffffffb0
ffffffe1
fffffff5
fffffd48
6a37
677c
5db1
4e13
3989
2162
701
ffffebfc
fffff8f2
ffffffd1
361
197
7fff
7fff
7fff
7fff
4ee5
b8f
ffffd20f
ffffecf2
fffffbc1
37a
ffffff87
ffff8f98
ffff935d
ffff9e7a
ffffaf4e
ffffc4ee
ffffde23
fffff991
15bc
7c3
b1
fffffd22
fffffeec
ffff8000
ffff8eb6
ffffa910
ffffc557
ffffe1c7
fffffcb3
14c6
934
30f
ffffffea
182
7fff
7fff
7fff
7e33
72c8
6484
5473
43ae
333e
2408
16cb
c08
40b
fffffed1
11b
ffffffe1
79
2b
1007
844
417
17b
2e
ffffffd4
ffffffea
6
fffffff6
fffffffe
fffffeb2
b7
3
ffffff66
ffffffb8
ffffffde
ffffffd4
31
fffffffe
1d
e
6
ba
fffffd73
18
ffffff12
ffffffa7
ffffffe3
32
ffffff1c
6
ffffffb0
ffffffe1
fffffff5
fffffd48
6a37
677c
5db1
4e13
3989
2162
701
ffffebfc
fffff8f2
ffffffd1
361
197
7fff
7fff
7fff
7fff
4ee5
b8f
ffffd20f
ffffecf2
fffffbc1
37a
ffffff87
ffff8f98
ffff935d
ffff9e7a
ffffaf4e
ffffc4ee
ffffde23
fffff991
15bc
7c3
b1
fffffd22
fffffeec
ffff8000
ffff8eb6
ffffa910
ffffc557
ffffe1c7
fffffcb3
14c6
934
30f
ffffffea
182
7fff
7fff
7fff
7e33
72c8
6484
5473
43ae
333e
2408
16cb
c08
40b
fffffed1
11b
ffffffe1
79
2b
1007
844
417
17b
2e
ffffffd4
ffffffea
6
fffffff6
fffffffe
fffffeb2
b7
3
ffffff66
ffffffb8
ffffffde
ffffffd4
31
fffffffe
1d
e
6
ba
fffffd73
18
ffffff12
ffffffa7
ffffffe3
32
ffffff1c
6
ffffffb0
ffffffe1
fffffff5
fffffd48
6a37
677c
5db1
4e13
3989
2162
701
ffffebfc
fffff8f2
ffffffd1
361
197
7fff
7fff
7fff
7fff
4ee5
b8f
ffffd20f
ffffecf2
fffffbc1
37a
ffffff87
ffff8f98
ffff935d
ffff9e7a
ffffaf4e
ffffc4ee
ffffde23
fffff991
15bc
7c3
b1
fffffd22
fffffeec
ffff8000
ffff8eb6
ffffa910
ffffc557
ffffe1c7
fffffcb3
14c6
934
30f
ffffffea
182
7fff
7fff
7fff
7e33
72c8
6484
5473
43ae
333e
2408
16cb
c08
40b
fffffed1
11b
ffffffe1
79
2b
1007
844
417
17b
2e
ffffffd4
ffffffea
6
fffffff6
fffffffe
fffffeb2
b7
3
ffffff66
ffffffb8
ffffffde
ffffffd4
31
fffffffe
1d
e
6
ba
fffffd73
18
ffffff12
ffffffa7
ffffffe3
32
ffffff1c
6
ffffffb0
ffffffe1
fffffff5
fffffd48
6a37
677c
5db1
4e13
3989
2162
701
ffffebfc
fffff8f2
ffffffd1
361
197
7fff
7fff
7fff
7fff
4ee5
b8f
ffffd20f
ffffecf2
fffffbc1
37a
ffffff87
ffff8f98
ffff935d
ffff9e7a
ffffaf4e
ffffc4ee
ffffde23
fffff991
15bc
7c3
b1
fffffd22
fffffeec
ffff8000
ffff8eb6
ffffa910
ffffc557
ffffe1c7
fffffcb3
14c6
934
30f
ffffffea
182
7fff
7fff
7fff
7e33
72c8
6484
5473
43ae
333e
2408
16cb
c08
40b
fffffed1
11b
ffffffe1
79
2b
1007
844
417
17b
2e
ffffffd4
ffffffea
6
fffffff6
fffffffe
fffffeb2
b7
3
ffffff66
ffffffb8
ffffffde
ffffffd4
31
fffffffe
1d
e
6
ba
fffffd73
18
ffffff12
ffffffa7
ffffffe3
32
ffffff1c
6
ffffffb0
ffffffe1
fffffff5
fffffd48
6a23
6768
5d9e
4e00
3977
2151
6f2
ffffebee
fffff8e4
ffffffc2
352
188
7fff
7fff
7fff
7fff
4eed
b93
ffffd210
ffffecf5
fffffbc5
37e
ffffff8b
ffff8f95
ffff935d
ffff9e7b
ffffaf51
ffffc4f3
ffffde29
fffff998
15c4
7ca
b8
fffffd29
fffffef3
ffff8000
ffff8eaf
ffffa90a
ffffc552
ffffe1c3
fffffcb1
14c5
932
30d
ffffffe8
180
7fff
7fff
7fff
7e39
72cc
6487
5474
43ae
333c
2405
16c7
c03
404
fffffeca
114
ffffffdb
72
24
1012
844
416
179
2c
ffffffd0
ffffffe7
3
fffffff3
fffffffa
fffffe9d
ad
fffffff4
6e
37
17
ffffffd1
2d
fffffffb
19
b
3
b2
fffffd6a
2
fffffefe
ffffff90
ffffffcd
2e
ffffff18
3
ffffffac
ffffffde
fffffff2
fffffd5e

