7644
63a0
486a
2711
2c1
ffffdac5
ffffc560
ffffb4c5
ffffa5f4
ffff926a
75e7
641a
46e9
2c0b
90c
ffffe94b
ffffcddd
ffffb668
ffffa329
ffff9258
769e
62a4
3bca
1d7f
fffff2d8
ffffd296
ffffbafb
ffffa768
ffff985a
ffff8a40
77e0
6250
3f3c
13bc
ffffe184
ffffb19f
ffffa9e8
ffffa3df
ffff9f2a
ffff8d76
766e
6337
3aae
167a
ffffe96e
ffffcbf4
ffffb6bc
ffffa618
ffff9977
ffff8bbf
763f
63ca
3993
f77
ffffe005
ffffc553
ffffb27e
ffffa4c8
ffff9a94
ffff8d3f
78d3
64e0
4214
1a15
ffffd226
ffffadc7
ffffa9aa
ffffa467
ffffa098
ffff9670
76ab
6448
3960
130e
ffffdde4
ffffc26e
ffffb086
ffffa429
ffff9b1b
ffff8e16
7718
64c6
392e
16a6
ffffdbc4
ffffbf8a
ffffae8e
ffffa38b
ffff9ba2
ffff8eef
7937
66d0
4473
203f
ffffc78d
ffffadee
ffffa98c
ffffa513
ffffa0c9
ffff9c6a
772c
64c6
38be
1800
ffffda3b
ffffbdcc
ffffad4c
ffffa325
ffff9bf9
ffff8f9b
7741
64c6
384e
195a
ffffd8b3
ffffbc0f
ffffac0b
ffffa2c0
ffff9c50
ffff9049
7930
66d0
446a
2043
ffffc798
ffffadf3
ffffa988
ffffa508
ffffa0c8
ffff9c75
7826
6649
3f48
1c0f
ffffd7e7
ffffbbc4
ffffacd5
ffffa3b2
ffff9d72
ffff9185
790c
67cd
4643
1ec4
ffffd71d
ffffbb7a
ffffada0
ffffa4a5
ffff9e94
ffff92c2
7930
66d0
446a
2043
ffffc798
ffffadf3
ffffa988
ffffa508
ffffa0c8
ffff9c75
7907
67fd
46f4
1a68
ffffd57d
ffffbb7a
ffffada7
ffffa4a2
ffff9e81
ffff92ae
7902
682e
47a7
160c
ffffd3df
ffffbb7a
ffffadae
ffffa4a1
ffff9e6f
ffff929a
7930
66d0
446a
2042
ffffc794
ffffae02
ffffa994
ffffa4f4
ffffa0c6
ffff9c7c
7935
681f
4701
1966
ffffd500
ffffbb5f
ffffad5d
ffffa461
ffff9e4b
ffff928c
7969
6811
465d
1cc1
ffffd622
ffffbb45
ffffad0c
ffffa423
ffff9e29
ffff927f
7930
66d0
446a
2042
ffffc794
ffffae02
ffffa994
ffffa4f4
ffffa0c6
ffff9c7c
793d
679d
4415
1c46
ffffd61c
ffffbb07
ffffacad
ffffa3dd
ffff9df5
ffff925b
7912
672a
41ce
1bcc
ffffd617
ffffbacb
ffffac4e
ffffa398
ffff9dc3
ffff9238
7930
66d0
446a
2042
ffffc794
ffffae02
ffffa994
ffffa4f4
ffffa0c6
ffff9c7c
78ed
66c1
3f69
1b82
ffffd61f
ffffba8d
ffffabec
ffffa353
ffff9d91
ffff921b
78c9
6658
3d05
1b38
ffffd628
ffffba51
ffffab8b
ffffa30e
ffff9d60
ffff91fe
7930
66d0
446a
2042
ffffc794
ffffae02
ffffa994
ffffa4f4
ffffa0c6
ffff9c7c
7864
6825
4227
1f1c
ffffd5f8
ffffbae5
ffffac95
ffffa3d9
ffff9dfa
ffff9260
7801
69f3
474b
2301
ffffd5c9
ffffbb7a
ffffada0
ffffa4a5
ffff9e94
ffff92c2
7930
66d0
446a
2042
ffffc794
ffffae02
ffffa994
ffffa4f4
ffffa0c6
ffff9c7c
785c
6857
4684
2195
ffffd6f0
ffffbb8a
ffffadb0
ffffa4a6
ffff9e94
ffff92c4
78b9
66bc
45be
202a
ffffd818
ffffbb9a
ffffadc1
ffffa4a9
ffff9e94
ffff92c6
7930
66d0
446a
2042
ffffc794
ffffae02
ffffa994
ffffa4f4
ffffa0c6
ffff9c7c
78b5
6600
4428
1eff
ffffd835
ffffbb6f
ffffad66
ffffa465
ffff9e5e
ffff92a2
78b3
6545
4292
1dd5
ffffd853
ffffbb45
ffffad0c
ffffa423
ffff9e29
ffff927f
7930
66d0
446b
2042
ffffc794
ffffadfd
ffffa9a0
ffffa50b
ffffa0b8
ffff9c6e
78a2
6508
408b
1d38
ffffd838
ffffbb07
ffffacad
ffffa3dd
ffff9df5
ffff925b
7892
64cd
3e84
1c9c
ffffd81e
ffffbacb
ffffac4e
ffffa398
ffff9dc3
ffff9238
7930
66d0
446c
2042
ffffc794
ffffadf8
ffffa9ac
ffffa522
ffffa0aa
ffff9c60
786b
64f9
3bd6
1c74
ffffd7bb
ffffba70
ffffabac
ffffa329
ffff9d7a
ffff920a
7845
6526
3929
1c4c
ffffd759
ffffba17
ffffab0b
ffffa2bb
ffff9d33
ffff91dc
7930
66d0
446c
2042
ffffc794
ffffadf8
ffffa9ac
ffffa522
ffffa0aa
ffff9c60
7865
66eb
3fad
1fb5
ffffd73d
ffffbac8
ffffac55
ffffa3af
ffff9de3
ffff924f
7886
68b1
4633
231f
ffffd723
ffffbb7a
ffffada0
ffffa4a5
ffff9e94
ffff92c2
7930
66d0
446c
2042
ffffc794
ffffadf8
ffffa9ac
ffffa522
ffffa0aa
ffff9c60
789f
67b6
45f8
21a4
ffffd79d
ffffbb8a
ffffadb0
ffffa4a6
ffff9e94
ffff92c4
78b9
66bc
45be
202a
ffffd818
ffffbb9a
ffffadc1
ffffa4a9
ffff9e94
ffff92c6
7930
66d0
446c
2042
ffffc794
ffffadf8
ffffa9ac
ffffa522
ffffa0aa
ffff9c60
78b5
6600
4428
1eff
ffffd835
ffffbb6f
ffffad66
ffffa465
ffff9e5e
ffff92a2
78b3
6545
4292
1dd5
ffffd853
ffffbb45
ffffad0c
ffffa423
ffff9e29
ffff927f
7930
66d0
446c
2042
ffffc794
ffffadf8
ffffa9ac
ffffa522
ffffa0aa
ffff9c60
78a2
6508
408b
1d38
ffffd838
ffffbb07
ffffacad
ffffa3dd
ffff9df5
ffff925b
7892
64cd
3e84
1c9c
ffffd81e
ffffbacb
ffffac4e
ffffa398
ffff9dc3
ffff9238
7930
66d0
446c
2042
ffffc794
ffffadf8
ffffa9ac
ffffa522
ffffa0aa
ffff9c60
786b
64f9
3bd6
1c74
ffffd7bb
ffffba70
ffffabac
ffffa329
ffff9d7a
ffff920a
7845
6526
3929
1c4c
ffffd759
ffffba17
ffffab0b
ffffa2bb
ffff9d33
ffff91dc
7930
66d0
446c
2042
ffffc794
ffffadf8
ffffa9ac
ffffa522
ffffa0aa
ffff9c60
7865
66eb
3fad
1fb5
ffffd73d
ffffbac8
ffffac55
ffffa3af
ffff9de3
ffff924f
7886
68b1
4633
231f
ffffd723
ffffbb7a
ffffada0
ffffa4a5
ffff9e94
ffff92c2
7930
66d0
446c
2042
ffffc794
ffffadf8
ffffa9ac
ffffa522
ffffa0aa
ffff9c60
789f
67b6
45f8
21a4
ffffd79d
ffffbb8a
ffffadb0
ffffa4a6
ffff9e94
ffff92c4
78b9
66bc
45be
202a
ffffd818
ffffbb9a
ffffadc1
ffffa4a9
ffff9e94
ffff92c6
7930
66d0
446c
2042
ffffc799
ffffadfd
ffffa99a
ffffa50d
ffffa0b7
ffff9c6e
78b5
6600
4428
1eff
ffffd835
ffffbb6f
ffffad66
ffffa465
ffff9e5e
ffff92a2
78b3
6545
4292
1dd5
ffffd853
ffffbb45
ffffad0c
ffffa423
ffff9e29
ffff927f
7931
66d0
446c
2042
ffffc79b
ffffae02
ffffa98c
ffffa4f5
ffffa0c3
ffff9c7b
78a2
6508
408b
1d38
ffffd838
ffffbb07
ffffacad
ffffa3dd
ffff9df5
ffff925b
7892
64cd
3e84
1c9c
ffffd81e
ffffbacb
ffffac4e
ffffa398
ffff9dc3
ffff9238
7932
66d0
446c
2042
ffffc798
ffffae02
ffffa990
ffffa4f2
ffffa0c2
ffff9c7a
786b
64f9
3bd6
1c74
ffffd7bb
ffffba70
ffffabac
ffffa329
ffff9d7a
ffff920a
7845
6526
3929
1c4c
ffffd759
ffffba17
ffffab0b
ffffa2bb
ffff9d33
ffff91dc
7932
66d0
446c
2042
ffffc798
ffffae02
ffffa990
ffffa4f2
ffffa0c2
ffff9c7a
7865
66eb
3fad
1fb5
ffffd73d
ffffbac8
ffffac55
ffffa3af
ffff9de3
ffff924f
7886
68b1
4633
231f
ffffd723
ffffbb7a
ffffada0
ffffa4a5
ffff9e94
ffff92c2
7932
66d0
446c
2042
ffffc798
ffffae02
ffffa990
ffffa4f2
ffffa0c2
ffff9c7a
789f
67b6
45f8
21a4
ffffd79d
ffffbb8a
ffffadb0
ffffa4a6
ffff9e94
ffff92c4
78b9
66bc
45be
202a
ffffd818
ffffbb9a
ffffadc1
ffffa4a9
ffff9e94
ffff92c6
7932
66d0
446c
2042
ffffc798
ffffae02
ffffa990
ffffa4f2
ffffa0c2
ffff9c7a
78b5
6600
4428
1eff
ffffd835
ffffbb6f
ffffad66
ffffa465
ffff9e5e
ffff92a2
78b3
6545
4292
1dd5
ffffd853
ffffbb45
ffffad0c
ffffa423
ffff9e29
ffff927f
7932
66d0
446c
2042
ffffc798
ffffae02
ffffa990
ffffa4f2
ffffa0c2
ffff9c7a
78a2
6508
408b
1d38
ffffd838
ffffbb07
ffffacad
ffffa3dd
ffff9df5
ffff925b
7892
64cd
3e84
1c9c
ffffd81e
ffffbacb
ffffac4e
ffffa398
ffff9dc3
ffff9238
7932
66d0
446c
2042
ffffc798
ffffae02
ffffa990
ffffa4f2
ffffa0c2
ffff9c7a
786b
64f9
3bd6
1c74
ffffd7bb
ffffba70
ffffabac
ffffa329
ffff9d7a
ffff920a
7845
6526
3929
1c4c
ffffd759
ffffba17
ffffab0b
ffffa2bb
ffff9d33
ffff91dc
7931
66d0
446c
2042
ffffc799
ffffae02
ffffa996
ffffa4f5
ffffa0bb
ffff9c7b
7865
66eb
3fad
1fb5
ffffd73d
ffffbac8
ffffac55
ffffa3af
ffff9de3
ffff924f
7886
68b1
4633
231f
ffffd723
ffffbb7a
ffffada0
ffffa4a5
ffff9e94
ffff92c2
7930
66d0
446c
2042
ffffc79a
ffffae02
ffffa99c
ffffa4f8
ffffa0b4
ffff9c7c
789f
67b6
45f8
21a4
ffffd79d
ffffbb8a
ffffadb0
ffffa4a6
ffff9e94
ffff92c4
78b9
66bc
45be
202a
ffffd818
ffffbb9a
ffffadc1
ffffa4a9
ffff9e94
ffff92c6
7930
66d0
446c
2042
ffffc79a
ffffae02
ffffa99c
ffffa4f8
ffffa0b4
ffff9c7c
78b5
6600
4428
1eff
ffffd835
ffffbb6f
ffffad66
ffffa465
ffff9e5e
ffff92a2
78b3
6545
4292
1dd5
ffffd853
ffffbb45
ffffad0c
ffffa423
ffff9e29
ffff927f
7930
66d0
446c
2042
ffffc79a
ffffae02
ffffa99c
ffffa4f8
ffffa0b4
ffff9c7c
78a2
6508
408b
1d38
ffffd838
ffffbb07
ffffacad
ffffa3dd
ffff9df5
ffff925b
7892
64cd
3e84
1c9c
ffffd81e
ffffbacb
ffffac4e
ffffa398
ffff9dc3
ffff9238
7930
66d0
446c
2042
ffffc79a
ffffae02
ffffa99c
ffffa4f8
ffffa0b4
ffff9c7c
786b
64f9
3bd6
1c74
ffffd7bb
ffffba70
ffffabac
ffffa329
ffff9d7a
ffff920a
7845
6526
3929
1c4c
ffffd759
ffffba17
ffffab0b
ffffa2bb
ffff9d33
ffff91dc
7930
66d1
446b
2043
ffffc79e
ffffae1b
ffffa98b
ffffa4d6
ffffa0be
ffff9c89
7865
66eb
3fad
1fb5
ffffd73d
ffffbac8
ffffac55
ffffa3af
ffff9de3
ffff924f
7886
68b1
4633
231f
ffffd723
ffffbb7a
ffffada0
ffffa4a5
ffff9e94
ffff92c2
7930
66d1
446b
2043
ffffc79b
ffffae16
ffffa993
ffffa4eb
ffffa0b9
ffff9c7b
789f
67b6
45f8
21a4
ffffd79d
ffffbb8a
ffffadb0
ffffa4a6
ffff9e94
ffff92c4
78b9
66bc
45be
202a
ffffd818
ffffbb9a
ffffadc1
ffffa4a9
ffff9e94
ffff92c6
7930
66d0
446c
2042
ffffc794
ffffadf8
ffffa9ac
ffffa522
ffffa0aa
ffff9c60
78b5
6600
4428
1eff
ffffd835
ffffbb6f
ffffad66
ffffa465
ffff9e5e
ffff92a2
78b3
6545
4292
1dd5
ffffd853
ffffbb45
ffffad0c
ffffa423
ffff9e29
ffff927f
7930
66d0
446c
2042
ffffc794
ffffadf8
ffffa9ac
ffffa522
ffffa0aa
ffff9c60
78a2
6508
408b
1d38
ffffd838
ffffbb07
ffffacad
ffffa3dd
ffff9df5
ffff925b
7892
64cd
3e84
1c9c
ffffd81e
ffffbacb
ffffac4e
ffffa398
ffff9dc3
ffff9238
7930
66d0
446c
2042
ffffc794
ffffadf8
ffffa9ac
ffffa522
ffffa0aa
ffff9c60
786b
64f9
3bd6
1c74
ffffd7bb
ffffba70
ffffabac
ffffa329
ffff9d7a
ffff920a
7845
6526
3929
1c4c
ffffd759
ffffba17
ffffab0b
ffffa2bb
ffff9d33
ffff91dc
7930
66d0
446c
2042
ffffc794
ffffadf8
ffffa9ac
ffffa522
ffffa0aa
ffff9c60
7865
66eb
3fad
1fb5
ffffd73d
ffffbac8
ffffac55
ffffa3af
ffff9de3
ffff924f
7886
68b1
4633
231f
ffffd723
ffffbb7a
ffffada0
ffffa4a5
ffff9e94
ffff92c2
7930
66d0
446c
2042
ffffc794
ffffadf8
ffffa9ac
ffffa522
ffffa0aa
ffff9c60
789f
67b6
45f8
21a4
ffffd79d
ffffbb8a
ffffadb0
ffffa4a6
ffff9e94
ffff92c4
78b9
66bc
45be
202a
ffffd818
ffffbb9a
ffffadc1
ffffa4a9
ffff9e94
ffff92c6
7930
66d0
446c
2042
ffffc794
ffffadf8
ffffa9ac
ffffa522
ffffa0aa
ffff9c60
78b5
6600
4428
1eff
ffffd835
ffffbb6f
ffffad66
ffffa465
ffff9e5e
ffff92a2
78b3
6545
4292
1dd5
ffffd853
ffffbb45
ffffad0c
ffffa423
ffff9e29
ffff927f
7930
66d0
446c
2042
ffffc797
ffffae0d
ffffa9a4
ffffa4fb
ffffa0ae
ffff9c71
78a2
6508
408b
1d38
ffffd838
ffffbb07
ffffacad
ffffa3dd
ffff9df5
ffff925b
7892
64cd
3e84
1c9c
ffffd81e
ffffbacb
ffffac4e
ffffa398
ffff9dc3
ffff9238
7931
66d0
446d
2042
ffffc79a
ffffae0d
ffffa9a2
ffffa4fa
ffffa0ac
ffff9c70
786b
64f9
3bd6
1c74
ffffd7bb
ffffba70
ffffabac
ffffa329
ffff9d7a
ffff920a
7845
6526
3929
1c4c
ffffd759
ffffba17
ffffab0b
ffffa2bb
ffff9d33
ffff91dc
7933
66d0
446e
2042
ffffc79a
ffffae0d
ffffa9a9
ffffa4fd
ffffa0a7
ffff9c6e
7865
66eb
3fad
1fb5
ffffd73d
ffffbac8
ffffac55
ffffa3af
ffff9de3
ffff924f
7886
68b1
4633
231f
ffffd723
ffffbb7a
ffffada0
ffffa4a5
ffff9e94
ffff92c2
7933
66d1
446d
2043
ffffc79c
ffffae0d
ffffa99b
ffffa4f7
ffffa0b3
ffff9c76
789f
67b6
45f8
21a4
ffffd79d
ffffbb8a
ffffadb0
ffffa4a6
ffff9e94
ffff92c4
78b9
66bc
45be
202a
ffffd818
ffffbb9a
ffffadc1
ffffa4a9
ffff9e94
ffff92c6
7932
66d2
446c
2044
ffffc79e
ffffadf8
ffffa98c
ffffa514
ffffa0be
ffff9c6e
78b5
6600
4428
1eff
ffffd835
ffffbb6f
ffffad66
ffffa465
ffff9e5e
ffff92a2
78b3
6545
4292
1dd5
ffffd853
ffffbb45
ffffad0c
ffffa423
ffff9e29
ffff927f
7932
66d2
446c
2044
ffffc79e
ffffadf8
ffffa98c
ffffa514
ffffa0be
ffff9c6e
78a2
6508
408b
1d38
ffffd838
ffffbb07
ffffacad
ffffa3dd
ffff9df5
ffff925b
7892
64cd
3e84
1c9c
ffffd81e
ffffbacb
ffffac4e
ffffa398
ffff9dc3
ffff9238
7932
66d2
446c
2044
ffffc79e
ffffadf8
ffffa98c
ffffa514
ffffa0be
ffff9c6e
786b
64f9
3bd6
1c74
ffffd7bb
ffffba70
ffffabac
ffffa329
ffff9d7a
ffff920a
7845
6526
3929
1c4c
ffffd759
ffffba17
ffffab0b
ffffa2bb
ffff9d33
ffff91dc
7932
66d2
446c
2044
ffffc79e
ffffadf8
ffffa98c
ffffa514
ffffa0be
ffff9c6e
7865
66eb
3fad
1fb5
ffffd73d
ffffbac8
ffffac55
ffffa3af
ffff9de3
ffff924f
7886
68b1
4633
231f
ffffd723
ffffbb7a
ffffada0
ffffa4a5
ffff9e94
ffff92c2
7932
66d2
446c
2044
ffffc79e
ffffadf8
ffffa98c
ffffa514
ffffa0be
ffff9c6e
789f
67b6
45f8
21a4
ffffd79d
ffffbb8a
ffffadb0
ffffa4a6
ffff9e94
ffff92c4
78b9
66bc
45be
202a
ffffd818
ffffbb9a
ffffadc1
ffffa4a9
ffff9e94
ffff92c6
7932
66d2
446c
2044
ffffc79e
ffffadf8
ffffa98c
ffffa514
ffffa0be
ffff9c6e
78b5
6600
4428
1eff
ffffd835
ffffbb6f
ffffad66
ffffa465
ffff9e5e
ffff92a2
78b3
6545
4292
1dd5
ffffd853
ffffbb45
ffffad0c
ffffa423
ffff9e29
ffff927f
7932
66d2
446c
2044
ffffc79e
ffffadf8
ffffa98c
ffffa514
ffffa0be
ffff9c6e
78a2
6508
408b
1d38
ffffd838
ffffbb07
ffffacad
ffffa3dd
ffff9df5
ffff925b
7892
64cd
3e84
1c9c
ffffd81e
ffffbacb
ffffac4e
ffffa398
ffff9dc3
ffff9238
7932
66d2
446c
2044
ffffc79e
ffffadf8
ffffa98c
ffffa514
ffffa0be
ffff9c6e
786b
64f9
3bd6
1c74
ffffd7bb
ffffba70
ffffabac
ffffa329
ffff9d7a
ffff920a
7845
6526
3929
1c4c
ffffd759
ffffba17
ffffab0b
ffffa2bb
ffff9d33
ffff91dc
7932
66d2
446c
2044
ffffc79e
ffffadf8
ffffa98c
ffffa514
ffffa0be
ffff9c6e
7865
66eb
3fad
1fb5
ffffd73d
ffffbac8
ffffac55
ffffa3af
ffff9de3
ffff924f
7886
68b1
4633
231f
ffffd723
ffffbb7a
ffffada0
ffffa4a5
ffff9e94
ffff92c2
7932
66d2
446c
2044
ffffc79e
ffffadf8
ffffa98c
ffffa514
ffffa0be
ffff9c6e
789f
67b6
45f8
21a4
ffffd79d
ffffbb8a
ffffadb0
ffffa4a6
ffff9e94
ffff92c4
78b9
66bc
45be
202a
ffffd818
ffffbb9a
ffffadc1
ffffa4a9
ffff9e94
ffff92c6
7932
66d2
446c
2044
ffffc79e
ffffadf8
ffffa98c
ffffa514
ffffa0be
ffff9c6e
78b5
6600
4428
1eff
ffffd835
ffffbb6f
ffffad66
ffffa465
ffff9e5e
ffff92a2
78b3
6545
4292
1dd5
ffffd853
ffffbb45
ffffad0c
ffffa423
ffff9e29
ffff927f
7932
66d2
446c
2044
ffffc79e
ffffadf8
ffffa98c
ffffa514
ffffa0be
ffff9c6e
78a2
6508
408b
1d38
ffffd838
ffffbb07
ffffacad
ffffa3dd
ffff9df5
ffff925b
7892
64cd
3e84
1c9c
ffffd81e
ffffbacb
ffffac4e
ffffa398
ffff9dc3
ffff9238
7932
66d2
446c
2042
ffffc79b
ffffadf8
ffffa98d
ffffa514
ffffa0c0
ffff9c6b
786b
64f9
3bd6
1c74
ffffd7bb
ffffba70
ffffabac
ffffa329
ffff9d7a
ffff920a
7845
6526
3929
1c4c
ffffd759
ffffba17
ffffab0b
ffffa2bb
ffff9d33
ffff91dc
7932
66d2
446c
2040
ffffc798
ffffadf8
ffffa98e
ffffa514
ffffa0c2
ffff9c68
7865
66eb
3fad
1fb5
ffffd73d
ffffbac8
ffffac55
ffffa3af
ffff9de3
ffff924f
7886
68b1
4633
231f
ffffd723
ffffbb7a
ffffada0
ffffa4a5
ffff9e94
ffff92c2
7932
66d2
446c
2040
ffffc798
ffffadf8
ffffa98e
ffffa514
ffffa0c2
ffff9c68
789f
67b6
45f8
21a4
ffffd79d
ffffbb8a
ffffadb0
ffffa4a6
ffff9e94
ffff92c4
78b9
66bc
45be
202a
ffffd818
ffffbb9a
ffffadc1
ffffa4a9
ffff9e94
ffff92c6
7932
66d2
446c
2040
ffffc798
ffffadf8
ffffa98e
ffffa514
ffffa0c2
ffff9c68
78b5
6600
4428
1eff
ffffd835
ffffbb6f
ffffad66
ffffa465
ffff9e5e
ffff92a2
78b3
6545
4292
1dd5
ffffd853
ffffbb45
ffffad0c
ffffa423
ffff9e29
ffff927f
7932
66d2
446c
2040
ffffc798
ffffadf8
ffffa98e
ffffa514
ffffa0c2
ffff9c68
78a2
6508
408b
1d38
ffffd838
ffffbb07
ffffacad
ffffa3dd
ffff9df5
ffff925b
7892
64cd
3e84
1c9c
ffffd81e
ffffbacb
ffffac4e
ffffa398
ffff9dc3
ffff9238
7932
66d2
446c
2040
ffffc798
ffffadf8
ffffa98e
ffffa514
ffffa0c2
ffff9c68
786b
64f9
3bd6
1c74
ffffd7bb
ffffba70
ffffabac
ffffa329
ffff9d7a
ffff920a
7845
6526
3929
1c4c
ffffd759
ffffba17
ffffab0b
ffffa2bb
ffff9d33
ffff91dc
7932
66d2
446c
2040
ffffc798
ffffadf8
ffffa98e
ffffa514
ffffa0c2
ffff9c68
7865
66eb
3fad
1fb5
ffffd73d
ffffbac8
ffffac55
ffffa3af
ffff9de3
ffff924f
7886
68b1
4633
231f
ffffd723
ffffbb7a
ffffada0
ffffa4a5
ffff9e94
ffff92c2
7932
66d1
446d
2041
ffffc79d
ffffadfd
ffffa983
ffffa506
ffffa0c8
ffff9c70
789f
67b6
45f8
21a4
ffffd79d
ffffbb8a
ffffadb0
ffffa4a6
ffff9e94
ffff92c4
78b9
66bc
45be
202a
ffffd818
ffffbb9a
ffffadc1
ffffa4a9
ffff9e94
ffff92c6
7931
66d0
446e
2042
ffffc79d
ffffae02
ffffa982
ffffa4f4
ffffa0ca
ffff9c7a
78b5
6600
4428
1eff
ffffd835
ffffbb6f
ffffad66
ffffa465
ffff9e5e
ffff92a2
78b3
6545
4292
1dd5
ffffd853
ffffbb45
ffffad0c
ffffa423
ffff9e29
ffff927f
7931
66d0
446e
2041
ffffc799
ffffae1b
ffffa99b
ffffa4d3
ffffa0b6
ffff9c84
78a2
6508
408b
1d38
ffffd838
ffffbb07
ffffacad
ffffa3dd
ffff9df5
ffff925b
7892
64cd
3e84
1c9c
ffffd81e
ffffbacb
ffffac4e
ffffa398
ffff9dc3
ffff9238
7932
66d0
446e
2040
ffffc79a
ffffae34
ffffa9aa
ffffa4b6
ffffa0a6
ffff9c8c
786b
64f9
3bd6
1c74
ffffd7bb
ffffba70
ffffabac
ffffa329
ffff9d7a
ffff920a
7845
6526
3929
1c4c
ffffd759
ffffba17
ffffab0b
ffffa2bb
ffff9d33
ffff91dc
7932
66d0
446e
2040
ffffc79a
ffffae34
ffffa9aa
ffffa4b6
ffffa0a6
ffff9c8c
7865
66eb
3fad
1fb5
ffffd73d
ffffbac8
ffffac55
ffffa3af
ffff9de3
ffff924f
7886
68b1
4633
231f
ffffd723
ffffbb7a
ffffada0
ffffa4a5
ffff9e94
ffff92c2
7932
66d0
446e
2040
ffffc79a
ffffae34
ffffa9aa
ffffa4b6
ffffa0a6
ffff9c8c
789f
67b6
45f8
21a4
ffffd79d
ffffbb8a
ffffadb0
ffffa4a6
ffff9e94
ffff92c4
78b9
66bc
45be
202a
ffffd818
ffffbb9a
ffffadc1
ffffa4a9
ffff9e94
ffff92c6
7932
66d0
446e
2040
ffffc79a
ffffae34
ffffa9aa
ffffa4b6
ffffa0a6
ffff9c8c
78b5
6600
4428
1eff
ffffd835
ffffbb6f
ffffad66
ffffa465
ffff9e5e
ffff92a2
78b3
6545
4292
1dd5
ffffd853
ffffbb45
ffffad0c
ffffa423
ffff9e29
ffff927f
7932
66d0
446e
2040
ffffc79a
ffffae34
ffffa9aa
ffffa4b6
ffffa0a6
ffff9c8c
78a2
6508
408b
1d38
ffffd838
ffffbb07
ffffacad
ffffa3dd
ffff9df5
ffff925b
7892
64cd
3e84
1c9c
ffffd81e
ffffbacb
ffffac4e
ffffa398
ffff9dc3
ffff9238
7932
66d0
446d
2041
ffffc79d
ffffae1b
ffffa9a1
ffffa4d6
ffffa0ac
ffff9c83
786b
64f9
3bd6
1c74
ffffd7bb
ffffba70
ffffabac
ffffa329
ffff9d7a
ffff920a
7845
6526
3929
1c4c
ffffd759
ffffba17
ffffab0b
ffffa2bb
ffff9d33
ffff91dc
7932
66d0
446c
2042
ffffc7a0
ffffae02
ffffa998
ffffa4f6
ffffa0b2
ffff9c7a
7865
66eb
3fad
1fb5
ffffd73d
ffffbac8
ffffac55
ffffa3af
ffff9de3
ffff924f
7886
68b1
4633
231f
ffffd723
ffffbb7a
ffffada0
ffffa4a5
ffff9e94
ffff92c2
7932
66d0
446c
2042
ffffc7a0
ffffae02
ffffa998
ffffa4f6
ffffa0b2
ffff9c7a
789f
67b6
45f8
21a4
ffffd79d
ffffbb8a
ffffadb0
ffffa4a6
ffff9e94
ffff92c4
78b9
66bc
45be
202a
ffffd818
ffffbb9a
ffffadc1
ffffa4a9
ffff9e94
ffff92c6
7932
66d0
446c
2042
ffffc7a0
ffffae02
ffffa998
ffffa4f6
ffffa0b2
ffff9c7a
78b5
6600
4428
1eff
ffffd835
ffffbb6f
ffffad66
ffffa465
ffff9e5e
ffff92a2
78b3
6545
4292
1dd5
ffffd853
ffffbb45
ffffad0c
ffffa423
ffff9e29
ffff927f
7932
66d0
446c
2042
ffffc7a0
ffffae02
ffffa998
ffffa4f6
ffffa0b2
ffff9c7a
78a2
6508
408b
1d38
ffffd838
ffffbb07
ffffacad
ffffa3dd
ffff9df5
ffff925b
7892
64cd
3e84
1c9c
ffffd81e
ffffbacb
ffffac4e
ffffa398
ffff9dc3
ffff9238
7932
66d0
446c
2042
ffffc7a0
ffffae02
ffffa998
ffffa4f6
ffffa0b2
ffff9c7a
786b
64f9
3bd6
1c74
ffffd7bb
ffffba70
ffffabac
ffffa329
ffff9d7a
ffff920a
7845
6526
3929
1c4c
ffffd759
ffffba17
ffffab0b
ffffa2bb
ffff9d33
ffff91dc
7932
66d0
446c
2042
ffffc7a0
ffffae02
ffffa998
ffffa4f6
ffffa0b2
ffff9c7a
7865
66eb
3fad
1fb5
ffffd73d
ffffbac8
ffffac55
ffffa3af
ffff9de3
ffff924f
7886
68b1
4633
231f
ffffd723
ffffbb7a
ffffada0
ffffa4a5
ffff9e94
ffff92c2
7932
66d0
446c
2042
ffffc7a0
ffffae02
ffffa998
ffffa4f6
ffffa0b2
ffff9c7a
789f
67b6
45f8
21a4
ffffd79d
ffffbb8a
ffffadb0
ffffa4a6
ffff9e94
ffff92c4
78b9
66bc
45be
202a
ffffd818
ffffbb9a
ffffadc1
ffffa4a9
ffff9e94
ffff92c6
7932
66d0
446c
2042
ffffc7a0
ffffae02
ffffa998
ffffa4f6
ffffa0b2
ffff9c7a
78b5
6600
4428
1eff
ffffd835
ffffbb6f
ffffad66
ffffa465
ffff9e5e
ffff92a2
78b3
6545
4292
1dd5
ffffd853
ffffbb45
ffffad0c
ffffa423
ffff9e29
ffff927f
7932
66d0
446c
2042
ffffc7a0
ffffae02
ffffa998
ffffa4f6
ffffa0b2
ffff9c7a
78a2
6508
408b
1d38
ffffd838
ffffbb07
ffffacad
ffffa3dd
ffff9df5
ffff925b
7892
64cd
3e84
1c9c
ffffd81e
ffffbacb
ffffac4e
ffffa398
ffff9dc3
ffff9238
7932
66d0
446c
2042
ffffc7a0
ffffae02
ffffa998
ffffa4f6
ffffa0b2
ffff9c7a
786b
64f9
3bd6
1c74
ffffd7bb
ffffba70
ffffabac
ffffa329
ffff9d7a
ffff920a
7845
6526
3929
1c4c
ffffd759
ffffba17
ffffab0b
ffffa2bb
ffff9d33
ffff91dc
7932
66d0
446c
2042
ffffc7a0
ffffae02
ffffa998
ffffa4f6
ffffa0b2
ffff9c7a
7865
66eb
3fad
1fb5
ffffd73d
ffffbac8
ffffac55
ffffa3af
ffff9de3
ffff924f
7886
68b1
4633
231f
ffffd723
ffffbb7a
ffffada0
ffffa4a5
ffff9e94
ffff92c2
7932
66d0
446c
2042
ffffc7a0
ffffae02
ffffa998
ffffa4f6
ffffa0b2
ffff9c7a
789f
67b6
45f8
21a4
ffffd79d
ffffbb8a
ffffadb0
ffffa4a6
ffff9e94
ffff92c4
78b9
66bc
45be
202a
ffffd818
ffffbb9a
ffffadc1
ffffa4a9
ffff9e94
ffff92c6
7932
66d0
446c
2042
ffffc7a0
ffffae02
ffffa998
ffffa4f6
ffffa0b2
ffff9c7a
78b5
6600
4428
1eff
ffffd835
ffffbb6f
ffffad66
ffffa465
ffff9e5e
ffff92a2
78b3
6545
4292
1dd5
ffffd853
ffffbb45
ffffad0c
ffffa423
ffff9e29
ffff927f
7932
66d0
446c
2042
ffffc7a0
ffffae12
ffffa998
ffffa4e7
ffffa0b0
ffff9c7d
78a2
6508
408b
1d38
ffffd838
ffffbb07
ffffacad
ffffa3dd
ffff9df5
ffff925b
7892
64cd
3e84
1c9c
ffffd81e
ffffbacb
ffffac4e
ffffa398
ffff9dc3
ffff9238
7932
66cf
446d
2043
ffffc79d
ffffae12
ffffa9a0
ffffa4eb
ffffa0aa
ffff9c7a
786b
64f9
3bd6
1c74
ffffd7bb
ffffba70
ffffabac
ffffa329
ffff9d7a
ffff920a
7845
6526
3929
1c4c
ffffd759
ffffba17
ffffab0b
ffffa2bb
ffff9d33
ffff91dc
7931
66cf
446c
2043
ffffc795
ffffae02
ffffa9b0
ffffa4f9
ffffa0a7
ffff9c78
7865
66eb
3fad
1fb5
ffffd73d
ffffbac8
ffffac55
ffffa3af
ffff9de3
ffff924f
7886
68b1
4633
231f
ffffd723
ffffbb7a
ffffada0
ffffa4a5
ffff9e94
ffff92c2
792f
66d0
446a
2042
ffffc792
ffffadfd
ffffa9b5
ffffa50d
ffffa0a6
ffff9c6c
789f
67b6
45f8
21a4
ffffd79d
ffffbb8a
ffffadb0
ffffa4a6
ffff9e94
ffff92c4
78b9
66bc
45be
202a
ffffd818
ffffbb9a
ffffadc1
ffffa4a9
ffff9e94
ffff92c6
792e
66d0
446a
2042
ffffc794
ffffadf8
ffffa9b2
ffffa526
ffffa0a4
ffff9c5c
78b5
6600
4428
1eff
ffffd835
ffffbb6f
ffffad66
ffffa465
ffff9e5e
ffff92a2
78b3
6545
4292
1dd5
ffffd853
ffffbb45
ffffad0c
ffffa423
ffff9e29
ffff927f
792e
66d0
446a
2042
ffffc794
ffffadf8
ffffa9b2
ffffa526
ffffa0a4
ffff9c5c
78a2
6508
408b
1d38
ffffd838
ffffbb07
ffffacad
ffffa3dd
ffff9df5
ffff925b
7892
64cd
3e84
1c9c
ffffd81e
ffffbacb
ffffac4e
ffffa398
ffff9dc3
ffff9238
792e
66d0
446a
2042
ffffc794
ffffadf8
ffffa9b2
ffffa526
ffffa0a4
ffff9c5c
786b
64f9
3bd6
1c74
ffffd7bb
ffffba70
ffffabac
ffffa329
ffff9d7a
ffff920a
7845
6526
3929
1c4c
ffffd759
ffffba17
ffffab0b
ffffa2bb
ffff9d33
ffff91dc
792e
66d0
446a
2042
ffffc794
ffffadf8
ffffa9b2
ffffa526
ffffa0a4
ffff9c5c
7865
66eb
3fad
1fb5
ffffd73d
ffffbac8
ffffac55
ffffa3af
ffff9de3
ffff924f
7886
68b1
4633
231f
ffffd723
ffffbb7a
ffffada0
ffffa4a5
ffff9e94
ffff92c2
792e
66d0
4469
2042
ffffc797
ffffadfd
ffffa9a9
ffffa510
ffffa0a9
ffff9c6a
789f
67b6
45f8
21a4
ffffd79d
ffffbb8a
ffffadb0
ffffa4a6
ffff9e94
ffff92c4
78b9
66bc
45be
202a
ffffd818
ffffbb9a
ffffadc1
ffffa4a9
ffff9e94
ffff92c6
792e
66d0
4469
2042
ffffc799
ffffae02
ffffa998
ffffa4f6
ffffa0b6
ffff9c78
78b5
6600
4428
1eff
ffffd835
ffffbb6f
ffffad66
ffffa465
ffff9e5e
ffff92a2
78b3
6545
4292
1dd5
ffffd853
ffffbb45
ffffad0c
ffffa423
ffff9e29
ffff927f
792f
66cf
446a
2043
ffffc79b
ffffae02
ffffa98e
ffffa4fa
ffffa0bd
ffff9c74
78a2
6508
408b
1d38
ffffd838
ffffbb07
ffffacad
ffffa3dd
ffff9df5
ffff925b
7892
64cd
3e84
1c9c
ffffd81e
ffffbacb
ffffac4e
ffffa398
ffff9dc3
ffff9238
792f
66ce
446b
2044
ffffc799
ffffae02
ffffa994
ffffa502
ffffa0bc
ffff9c70
786b
64f9
3bd6
1c74
ffffd7bb
ffffba70
ffffabac
ffffa329
ffff9d7a
ffff920a
7845
6526
3929
1c4c
ffffd759
ffffba17
ffffab0b
ffffa2bb
ffff9d33
ffff91dc
792e
66ce
446c
2044
ffffc794
ffffae02
ffffa99c
ffffa502
ffffa0bc
ffff9c70
7865
66eb
3fad
1fb5
ffffd73d
ffffbac8
ffffac55
ffffa3af
ffff9de3
ffff924f
7886
68b1
4633
231f
ffffd723
ffffbb7a
ffffada0
ffffa4a5
ffff9e94
ffff92c2
792e
66ce
446c
2044
ffffc794
ffffae02
ffffa99c
ffffa502
ffffa0bc
ffff9c70
789f
67b6
45f8
21a4
ffffd79d
ffffbb8a
ffffadb0
ffffa4a6
ffff9e94
ffff92c4
78b9
66bc
45be
202a
ffffd818
ffffbb9a
ffffadc1
ffffa4a9
ffff9e94
ffff92c6
792e
66ce
446c
2044
ffffc794
ffffae02
ffffa99c
ffffa502
ffffa0bc
ffff9c70
78b5
6600
4428
1eff
ffffd835
ffffbb6f
ffffad66
ffffa465
ffff9e5e
ffff92a2
78b3
6545
4292
1dd5
ffffd853
ffffbb45
ffffad0c
ffffa423
ffff9e29
ffff927f
792e
66ce
446c
2044
ffffc794
ffffae02
ffffa99c
ffffa502
ffffa0bc
ffff9c70
78a2
6508
408b
1d38
ffffd838
ffffbb07
ffffacad
ffffa3dd
ffff9df5
ffff925b
7892
64cd
3e84
1c9c
ffffd81e
ffffbacb
ffffac4e
ffffa398
ffff9dc3
ffff9238
792e
66ce
446c
2044
ffffc794
ffffae02
ffffa99c
ffffa502
ffffa0bc
ffff9c70
786b
64f9
3bd6
1c74
ffffd7bb
ffffba70
ffffabac
ffffa329
ffff9d7a
ffff920a
7845
6526
3929
1c4c
ffffd759
ffffba17
ffffab0b
ffffa2bb
ffff9d33
ffff91dc
792f
66ce
446b
2045
ffffc794
ffffae08
ffffa99f
ffffa4f5
ffffa0b9
ffff9c7a
7865
66eb
3fad
1fb5
ffffd73d
ffffbac8
ffffac55
ffffa3af
ffff9de3
ffff924f
7886
68b1
4633
231f
ffffd723
ffffbb7a
ffffada0
ffffa4a5
ffff9e94
ffff92c2
7931
66ce
446c
2045
ffffc797
ffffae08
ffffa9a5
ffffa4f3
ffffa0ae
ffff9c7c
789f
67b6
45f8
21a4
ffffd79d
ffffbb8a
ffffadb0
ffffa4a6
ffff9e94
ffff92c4
78b9
66bc
45be
202a
ffffd818
ffffbb9a
ffffadc1
ffffa4a9
ffff9e94
ffff92c6
7932
66ce
446e
2044
ffffc79a
ffffae02
ffffa9a8
ffffa4fe
ffffa0a6
ffff9c74
78b5
6600
4428
1eff
ffffd835
ffffbb6f
ffffad66
ffffa465
ffff9e5e
ffff92a2
78b3
6545
4292
1dd5
ffffd853
ffffbb45
ffffad0c
ffffa423
ffff9e29
ffff927f
7932
66ce
446e
2044
ffffc79a
ffffae02
ffffa9a8
ffffa4fe
ffffa0a6
ffff9c74
78a2
6508
408b
1d38
ffffd838
ffffbb07
ffffacad
ffffa3dd
ffff9df5
ffff925b
7892
64cd
3e84
1c9c
ffffd81e
ffffbacb
ffffac4e
ffffa398
ffff9dc3
ffff9238
7931
66ce
446d
2044
ffffc79a
ffffae02
ffffa9a2
ffffa500
ffffa0ad
ffff9c73
786b
64f9
3bd6
1c74
ffffd7bb
ffffba70
ffffabac
ffffa329
ffff9d7a
ffff920a
7845
6526
3929
1c4c
ffffd759
ffffba17
ffffab0b
ffffa2bb
ffff9d33
ffff91dc
7930
66cf
446c
2044
ffffc79c
ffffadf3
ffffa98a
ffffa50e
ffffa0c4
ffff9c6f
7865
66eb
3fad
1fb5
ffffd73d
ffffbac8
ffffac55
ffffa3af
ffff9de3
ffff924f
7886
68b1
4633
231f
ffffd723
ffffbb7a
ffffada0
ffffa4a5
ffff9e94
ffff92c2
7931
66d0
446c
2043
ffffc79b
ffffaddf
ffffa984
ffffa529
ffffa0cb
ffff9c64
789f
67b6
45f8
21a4
ffffd79d
ffffbb8a
ffffadb0
ffffa4a6
ffff9e94
ffff92c4
78b9
66bc
45be
202a
ffffd818
ffffbb9a
ffffadc1
ffffa4a9
ffff9e94
ffff92c6
7932
66d0
446c
2042
ffffc798
ffffadda
ffffa990
ffffa538
ffffa0c2
ffff9c5c
78b5
6600
4428
1eff
ffffd835
ffffbb6f
ffffad66
ffffa465
ffff9e5e
ffff92a2
78b3
6545
4292
1dd5
ffffd853
ffffbb45
ffffad0c
ffffa423
ffff9e29
ffff927f
7932
66d0
446c
2042
ffffc798
ffffadda
ffffa990
ffffa538
ffffa0c2
ffff9c5c
78a2
6508
408b
1d38
ffffd838
ffffbb07
ffffacad
ffffa3dd
ffff9df5
ffff925b
7892
64cd
3e84
1c9c
ffffd81e
ffffbacb
ffffac4e
ffffa398
ffff9dc3
ffff9238
7932
66d0
446c
2042
ffffc798
ffffadda
ffffa990
ffffa538
ffffa0c2
ffff9c5c
786b
64f9
3bd6
1c74
ffffd7bb
ffffba70
ffffabac
ffffa329
ffff9d7a
ffff920a
7845
6526
3929
1c4c
ffffd759
ffffba17
ffffab0b
ffffa2bb
ffff9d33
ffff91dc
7932
66d0
446c
2042
ffffc798
ffffadda
ffffa990
ffffa538
ffffa0c2
ffff9c5c
7865
66eb
3fad
1fb5
ffffd73d
ffffbac8
ffffac55
ffffa3af
ffff9de3
ffff924f
7886
68b1
4633
231f
ffffd723
ffffbb7a
ffffada0
ffffa4a5
ffff9e94
ffff92c2
7932
66d0
446c
2042
ffffc798
ffffadda
ffffa990
ffffa538
ffffa0c2
ffff9c5c
789f
67b6
45f8
21a4
ffffd79d
ffffbb8a
ffffadb0
ffffa4a6
ffff9e94
ffff92c4
78b9
66bc
45be
202a
ffffd818
ffffbb9a
ffffadc1
ffffa4a9
ffff9e94
ffff92c6
7932
66d0
446c
2042
ffffc798
ffffadda
ffffa990
ffffa538
ffffa0c2
ffff9c5c
78b5
6600
4428
1eff
ffffd835
ffffbb6f
ffffad66
ffffa465
ffff9e5e
ffff92a2
78b3
6545
4292
1dd5
ffffd853
ffffbb45
ffffad0c
ffffa423
ffff9e29
ffff927f
7932
66d0
446c
2042
ffffc798
ffffadda
ffffa990
ffffa538
ffffa0c2
ffff9c5c
78a2
6508
408b
1d38
ffffd838
ffffbb07
ffffacad
ffffa3dd
ffff9df5
ffff925b
7892
64cd
3e84
1c9c
ffffd81e
ffffbacb
ffffac4e
ffffa398
ffff9dc3
ffff9238
7932
66d0
446c
2042
ffffc798
ffffadda
ffffa990
ffffa538
ffffa0c2
ffff9c5c
786b
64f9
3bd6
1c74
ffffd7bb
ffffba70
ffffabac
ffffa329
ffff9d7a
ffff920a
7845
6526
3929
1c4c
ffffd759
ffffba17
ffffab0b
ffffa2bb
ffff9d33
ffff91dc
7932
66d0
446c
2045
ffffc797
ffffadfe
ffffa988
ffffa4f8
ffffa0c8
ffff9c7a
7865
66eb
3fad
1fb5
ffffd73d
ffffbac8
ffffac55
ffffa3af
ffff9de3
ffff924f
7886
68b1
4633
231f
ffffd723
ffffbb7a
ffffada0
ffffa4a5
ffff9e94
ffff92c2
7931
66d0
446c
2047
ffffc793
ffffae27
ffffa99f
ffffa4bc
ffffa0b2
ffff9c93
789f
67b6
45f8
21a4
ffffd79d
ffffbb8a
ffffadb0
ffffa4a6
ffff9e94
ffff92c4
78b9
66bc
45be
202a
ffffd818
ffffbb9a
ffffadc1
ffffa4a9
ffff9e94
ffff92c6
7930
66cf
446c
2048
ffffc790
ffffae0d
ffffa9bf
ffffa4f6
ffffa098
ffff9c73
78b5
6600
4428
1eff
ffffd835
ffffbb6f
ffffad66
ffffa465
ffff9e5e
ffff92a2
78b3
6545
4292
1dd5
ffffd853
ffffbb45
ffffad0c
ffffa423
ffff9e29
ffff927f
7930
66ce
446c
204a
ffffc790
ffffadee
ffffa9c0
ffffa52c
ffffa09a
ffff9c58
78a2
6508
408b
1d38
ffffd838
ffffbb07
ffffacad
ffffa3dd
ffff9df5
ffff925b
7892
64cd
3e84
1c9c
ffffd81e
ffffbacb
ffffac4e
ffffa398
ffff9dc3
ffff9238
7930
66ce
446c
204a
ffffc790
ffffadee
ffffa9c0
ffffa52c
ffffa09a
ffff9c58
786b
64f9
3bd6
1c74
ffffd7bb
ffffba70
ffffabac
ffffa329
ffff9d7a
ffff920a
7845
6526
3929
1c4c
ffffd759
ffffba17
ffffab0b
ffffa2bb
ffff9d33
ffff91dc
7930
66ce
446c
204a
ffffc790
ffffadee
ffffa9c0
ffffa52c
ffffa09a
ffff9c58
7865
66eb
3fad
1fb5
ffffd73d
ffffbac8
ffffac55
ffffa3af
ffff9de3
ffff924f
7886
68b1
4633
231f
ffffd723
ffffbb7a
ffffada0
ffffa4a5
ffff9e94
ffff92c2
7930
66ce
446c
204a
ffffc790
ffffadee
ffffa9c0
ffffa52c
ffffa09a
ffff9c58
789f
67b6
45f8
21a4
ffffd79d
ffffbb8a
ffffadb0
ffffa4a6
ffff9e94
ffff92c4
78b9
66bc
45be
202a
ffffd818
ffffbb9a
ffffadc1
ffffa4a9
ffff9e94
ffff92c6
7930
66ce
446c
204a
ffffc790
ffffadee
ffffa9c0
ffffa52c
ffffa09a
ffff9c58
78b5
6600
4428
1eff
ffffd835
ffffbb6f
ffffad66
ffffa465
ffff9e5e
ffff92a2
78b3
6545
4292
1dd5
ffffd853
ffffbb45
ffffad0c
ffffa423
ffff9e29
ffff927f
7930
66ce
446c
2049
ffffc794
ffffadff
ffffa9ac
ffffa508
ffffa0a5
ffff9c69
78a2
6508
408b
1d38
ffffd838
ffffbb07
ffffacad
ffffa3dd
ffff9df5
ffff925b
7892
64cd
3e84
1c9c
ffffd81e
ffffbacb
ffffac4e
ffffa398
ffff9dc3
ffff9238
