42
3c
36
30
2c
26
20
1a
14
13
13
13
13
13
13
13
13
13
13
13
13
13
13
13
13
13
13
13
13
13
13
13
13
13
13
13
13
13
13
13
13
13
13
13
13
13
13
13
13
13
13
19
17
13
13
13
13
13
13
13
13
13
13
13
13
13
13
13
13
13
13
13
13
13
19
13
13
13
13
17
15
13
13
13
13
31
2b
27
37
35
2f
29
23
1d
17
13
13
13
13
13
13
13
13
85
7f
79
73
6f
69
63
5f
59
53
4d
47
41
3b
35
31
39
37
33
31
2b
25
1f
19
13
13
13
13
13
13
13
13
13
15
15
13
13
13
13
13
13
13
13
13
13
13
13
13
13
13
13
13
13
13
13
13
13
13
13
17
13
13
13
13
13
13
13
13
13
13
13
13
13
1f
19
13
13
13
13
13
13
13
13
13
13
1d
19
13
13
13
13
15
13
1b
15
13
13
13
13
13
13
13
13
13
13
13
13
13
13
13
13
13
85
7f
79
73
77
71
71
6b
65
63
5d
57
51
4b
45
4b
45
3f
39
33
2d
29
23
1d
17
13
13
13
13
13
13
13
13
13
13
13
13
13
13
13
13
13
13
13
13
29
23
1d
17
13
13
13
13
15
13
13
13
13
13
13
13
13
13
13
13
13
13
13
13
13
13
13
13
13
13
13
13
13
13
13
13
13
13
13
13
13
13
13
13
13
13
13
13
13
13
13
13
13
13
13
13
13
13
13
41
3d
37
37
33
33
2f
29
27
21
1b
15
13
13
13
17
13
13
13
13
13
13
13
13
13
13
1f
29
23
1d
17
13
13
13
13
13
13
13
13
13
13
6d
67
61
5b
55
4f
49
43
3f
39
33
2d
27
21
1b
15
13
13
13
13
13
13
13
13
23
1d
17
13
13
13
13
13
13
13
13
13
13
13
13
13
13
13
1d
1d
17
13
13
13
13
13
13
13
13
13
13
13
13
13
13
13
13
25
1f
19
13
13
13
13
85
7f
79
73
6d
67
67
61
5f
5b
59
53
4d
47
41
3b
35
37
33
2f
29
23
1d
17
13
13
13
13
13
13
13
13
13
13
13
13
13
13
13
13
13
13
13
13
13
13
13
13
21
1b
15
13
13
13
13
13
13
13
13
13
13
13
13
13
13
13
13
13
13
33
2d
35
31
31
2b
25
1f
1b
15
13
13
13
13
13
13
13
13
13
13
13
13
13
1f
1f
19
13
13
13
13
13
13
13
13
13
13
13
13
13
13
13
13
13
13
13
13
13
13
13
13
13
13
13
13
13
13
13
13
13
13
13
13
13
13
33
2d
27
21
1b
15
13
13
13
13
13
13
13
13
13
13
13
13
13
13
13
13
13
13
13
13
13
13
13
13
13
13
13
13
13
13
13
13
23
27
21
1f
19
15
13
13
13
13
13
13
13
13
21
1b
15
13
13
13
13
13
13
13
13
13
13
13
13
13
13
13
13
13
13
13
13
13
13
13
13
13
13
13
13
13
29
23
1d
17
13
13
13
13
13
13
13
13
13
13
13
13
29
23
1f
19
13
13
13
13
13
13
13
13
13
13
13
13
13
13
13
13
13
13
13
13
13
13
13
13
13
13
13
13
13
13
13
13
13
13
13
13
13
13
13
13
13
13
13
13
13
13
13
13
13
13
13
85
85
7f
79
73
6d
67
61
5f
59
53
4d
47
41
3b
35
2f
29
23
27
21
1b
15
13
13
13
13
13
13
13
13
13
13
13
13
13
13
13
13
13
1b
15
15
13
13
13
13
13
13
13
13
13
13
13
13
13
1b
15
13
13
13
13
13
13
13
13
13
13
13
13
13
13
13
13
13
1d
17
13
13
13
13
13
13
13
15
13
13
13
13
13
13
13
13
13
13
13
13
13
13
13
13
13
85
7f
79
73
6d
67
61
5b
57
51
4b
45
3f
39
33
2d
27
21
1b
15
13
13
13
13
13
13
13
13
13
13
13
13
13
13
13
13
13
13
13
13
13
13
13
13
13
13
13
13
13
13
13
13
13
13
13
13
13
13
13
13
13
13
13
13
13
13
13
13
13
13
13
13
13
13
13
13
15
17
15
13
13
13
13
13
13
13
13
13
13
13
13
13
13
13
13
13
13
13
13
13
13
13
13
13
13
13
13
13
13
13
13
13
13
13
13
13
13
17
17
13
13
13
13
13
13
13
13
13
13
13
13
13
13
13
17
13
13
13
13
13
13
13
13
13
13
13
13
13
13
13
13
1b
15
13
13
13
1f
19
13
13
13
13
13
13
13
13
13
13
25
21
1b
17
13
13
13
13
13
13
1d
81
7b
75
7d
77
71
6d
67
61
5b
55
4f
49
43
3d
3d
37
33
2d
27
21
1b
15
13
13
13
13
13
19
19
13
13
13
13
13
13
13
13
13
13
13
13
13
13
13
13
13
13
13
13
13
13
13
13
13
13
13
13
13
13
13
13
79
75
6f
69
63
5d
57
51
4b
45
3f
39
33
2d
27
21
1b
17
13
13
13
13
13
13
13
13
13
13
13
13
13
13
13
13
13
13
13
13
13
13
13
13
13
13
13
13
13
13
13
13
13
13
13
13
13
13
13
13
13
13
13
1b
15
13
15
13
13
13
13
13
13
13
13
13
13
13
13
13
13
13
13
13
13
13
21
1b
15
13
13
13
13
13
13
13
13
13
13
13
13
13
13
13
13
13
23
1d
17
13
13
13
13
13
13
13
13
13
21
1b
15
13
19
13
13
13
13
13
13
13
13
13
13
13
13
15
13
13
13
13
13
13
13
13
13
13
13
13
13
13
13
13
13
13
13
13
13
13
13
13
13
13
65
5f
5b
55
4f
49
43
3d
37
31
2b
25
1f
19
13
13
13
13
13
13
13
13
13
13
13
13
13
19
15
13
13
13
13
13
13
13
13
13
13
13
13
13
13
13
5f
59
53
4d
47
41
3b
35
2f
29
23
1d
1d
1b
15
13
13
13
13
13
13
13
13
13
13
13
13
13
13
13
13
13
13
13
13
13
13
13
13
13
13
13
13
13
13
13
13
13
13
13
13
13
13
13
13
13
13
13
13
13
13
13
13
13
13
13
13
13
13
13
13
13
25
1f
19
13
13
13
13
13
13
13
13
13
13
13
13
13
13
13
13
13
13
13
13
13
13
13
13
13
13
13
13
13
13
13
13
13
13
13
13
13
13
13
13
13
13
13
13
13
13
13
13
13
13
13
13
13
13
13
13
13
13
29
25
1f
19
15
13
13
2b
27
23
1d
17
13
13
13
13
13
13
13
13
13
13
13
13
13
13
13
13
13
13
13
13
13
13
13
13
13
13
13
13
13
13
13
13
13
13
13
13
13
13
13
13
13
13
13
13
13
13
13
13
13
13
13
13
13
13
13
13
13
13
13
13
13
13
13
13
13
13
13
13
13
13
13
13
13
13
13
13
13
13
13
13
13
13
13
13
45
3f
39
33
2d
27
21
1b
15
13
19
13
13
13
13
13
13
13
13
13
13
13
13
13
13
13
13
13
13
13
13
13
13
13
13
13
13
13
13
13
13
13
13
13
13
13
13
13
13
13
13
13
13
13
13
13
13
13
13
13
13
13
13
13
13
13
13
13
13
13
19
13
13
13
13
13
13
13
13
13
13
13
13
13
13
1b
19
13
13
13
13
13
13
13
13
13
13
13
13
13
13
13
13
13
13
13
13
13
13
13
13
13
13
13
13
13
13
85
81
7b
75
6f
69
63
5d
57
51
4b
45
3f
39
33
2d
27
21
1b
15
13
13
13
13
13
13
13
13
1f
19
13
13
13
13
13
13
13
13
13
13
13
13
13
13
13
13
13
13
13
13
13
13
13
13
85
81
85
81
7b
75
6f
69
63
5d
57
51
4b
45
3f
39
33
2f
31
2d
27
21
1b
15
13
13
13
13
13
13
13
13
13
13
13
13
13
13
13
13
13
13
13
13
13
13
13
13
13
13
13
13
13
13
13
13
13
13
13
1d
17
13
13
13
13
13
13
13
13
13
13
13
13
13
13
13
13
13
13
13
13
13
13
23
1d
17
23
1d
19
13
13
13
13
13
13
13
13
13
13
13
13
13
13
16
13
13
13
13
13
13
13
13
13
13
13
13
13
13
13
13
13
13
13
13
13
13
13
13
13
13
13
13
13
13
13
13
13
13
13
13
13
13
13
