48
42
3c
36
32
2c
26
20
1a
16
13
13
15
19
19
13
13
13
13
13
13
13
13
13
13
13
13
13
13
13
13
13
13
15
13
15
13
13
13
13
13
13
15
13
15
13
13
13
13
13
13
1f
1d
17
13
13
13
13
15
13
13
13
13
13
13
15
13
13
13
15
13
13
15
13
1f
19
19
13
13
1d
1b
15
15
13
13
37
31
2d
3d
3b
35
2f
29
23
1d
17
13
13
13
13
13
13
13
8b
85
7f
79
75
6f
69
65
5f
59
53
4d
47
41
3b
37
3f
3d
39
37
31
2b
25
1f
19
15
13
13
13
13
13
13
13
1b
1b
15
13
13
19
13
13
13
13
13
13
17
15
13
13
13
15
13
13
15
13
13
13
15
15
1d
17
15
19
13
15
15
13
13
13
13
13
13
13
25
1f
19
13
13
13
17
13
13
13
13
13
23
1f
19
13
17
17
1b
15
21
1b
15
13
15
13
13
13
13
15
13
13
13
13
13
13
13
13
13
8f
85
7f
79
7d
77
77
71
6b
69
63
5d
57
51
4b
51
4b
45
3f
39
33
2f
29
23
1d
17
13
13
13
19
13
13
15
13
13
13
13
13
13
13
13
13
13
13
13
2f
29
23
1d
17
13
13
13
1b
15
13
15
13
13
13
13
13
13
13
13
15
13
13
13
13
13
13
13
13
13
13
13
15
13
13
15
13
13
13
13
13
13
13
13
13
15
15
13
13
13
13
13
13
13
13
13
13
13
15
47
43
3d
3d
39
39
35
2f
2d
27
21
1b
15
13
13
1d
17
13
13
13
13
13
13
13
13
15
25
2f
29
23
1d
17
13
13
13
13
15
13
13
13
13
73
6d
67
61
5b
55
4f
49
45
3f
39
33
2d
27
21
1b
15
13
13
13
13
13
13
13
29
23
1d
17
13
13
15
13
13
13
13
13
13
13
13
13
13
13
23
23
1d
17
13
15
13
13
13
13
13
13
15
13
13
13
15
15
13
2b
25
1f
19
13
13
15
8f
85
7f
79
73
6d
6d
67
65
61
5f
59
53
4d
47
41
3b
3d
39
35
2f
29
23
1d
17
13
13
13
13
17
13
13
13
13
13
13
13
13
17
13
13
13
13
13
13
13
13
15
27
21
1b
15
13
15
13
13
13
13
13
15
13
13
13
13
13
13
15
13
13
39
33
3b
37
37
31
2b
25
21
1b
15
15
13
13
13
13
13
13
13
13
13
13
13
25
25
1f
19
13
13
13
13
13
15
13
13
13
13
13
13
13
13
13
13
13
15
13
19
13
15
13
13
13
13
13
17
13
13
13
15
13
13
13
13
13
39
33
2d
27
21
1b
15
13
13
13
13
15
13
13
13
13
13
13
13
13
13
13
13
13
13
13
13
13
13
13
13
13
15
13
13
13
13
13
29
2d
27
25
1f
1b
15
13
13
13
13
15
13
13
27
21
1b
15
13
13
13
13
13
19
13
19
15
15
13
13
13
13
13
13
13
13
13
13
17
13
13
13
13
13
13
15
2f
29
23
1d
17
13
13
13
13
13
13
13
13
13
13
13
2f
29
25
1f
19
13
13
13
19
13
13
13
13
13
15
13
13
13
13
13
17
13
13
13
13
13
13
15
13
13
13
13
15
17
13
13
13
13
13
13
13
13
13
15
13
13
17
13
17
13
13
13
13
13
13
8b
8f
85
7f
79
73
6d
67
65
5f
59
53
4d
47
41
3b
35
2f
29
2d
27
21
1b
15
13
13
13
13
13
13
13
13
13
13
13
13
13
13
15
13
21
1b
1b
15
15
15
13
13
13
13
13
13
13
13
13
13
21
1b
17
13
13
13
13
19
13
13
13
13
15
13
13
13
13
13
13
23
1d
17
13
15
13
13
15
13
1b
17
19
13
13
13
13
13
13
13
13
15
13
13
13
13
13
13
8f
85
7f
79
73
6d
67
61
5d
57
51
4b
45
3f
39
33
2d
27
21
1b
15
13
13
13
13
13
13
13
13
13
13
13
13
13
13
13
13
13
13
15
13
15
13
13
13
13
13
15
13
15
13
13
13
13
13
13
13
13
15
13
13
17
13
13
13
13
13
13
13
13
13
13
13
15
13
17
1b
1d
1b
15
13
13
13
13
15
13
17
13
13
15
15
13
13
13
13
13
13
13
15
13
13
15
13
13
13
13
13
13
13
13
13
13
13
13
13
13
19
1d
1d
17
13
13
13
13
13
13
13
15
13
13
17
15
13
15
1d
17
17
13
13
15
13
13
13
15
13
15
13
13
13
13
13
21
1b
17
13
15
25
1f
19
17
13
13
13
13
13
13
13
13
2b
27
21
1d
17
13
13
15
13
19
23
87
81
7b
83
7d
77
73
6d
67
61
5b
55
4f
49
43
43
3d
39
33
2d
27
21
1b
15
13
15
13
13
1f
1f
19
13
13
13
13
15
13
15
15
15
15
13
17
15
15
17
13
15
13
13
13
13
13
13
13
13
13
13
13
15
13
13
7f
7b
75
6f
69
63
5d
57
51
4b
45
3f
39
33
2d
27
21
1d
17
13
17
13
15
13
13
13
13
13
13
13
15
13
13
13
13
13
13
13
13
13
13
13
13
13
13
13
15
13
13
13
13
15
13
13
13
15
13
13
13
13
13
21
1b
15
1b
19
13
13
13
13
13
13
13
15
13
15
13
13
13
13
13
13
13
13
27
21
1b
15
15
13
13
13
15
13
13
13
13
13
13
13
13
13
13
13
29
23
1d
17
13
13
13
13
13
13
13
13
27
21
1b
15
1f
19
15
13
13
13
13
13
13
13
13
13
13
1b
15
13
13
13
13
15
13
15
15
13
13
13
13
13
13
13
13
13
15
15
13
15
13
13
13
13
6b
65
61
5b
55
4f
49
43
3d
37
31
2b
25
1f
19
13
13
13
13
13
13
13
13
13
13
13
17
1f
1b
19
19
13
13
13
13
13
13
13
13
13
13
13
13
15
65
5f
59
53
4d
47
41
3b
35
2f
29
23
23
21
1b
19
13
17
13
13
13
13
13
13
13
13
13
19
13
13
13
13
13
13
15
13
13
13
13
13
13
17
17
19
15
13
13
13
13
13
13
13
13
13
13
13
15
13
13
17
13
13
13
13
15
13
13
13
13
13
19
13
2b
25
1f
19
13
13
13
13
13
13
13
13
13
13
13
13
13
13
15
13
15
13
13
13
13
13
13
15
15
13
13
17
13
15
15
13
13
13
13
13
13
19
13
13
13
13
13
13
13
13
13
15
15
13
13
13
13
13
13
13
13
2f
2b
25
1f
1b
15
15
31
2d
29
23
1d
17
15
17
15
13
13
13
13
13
13
13
13
13
13
13
13
13
13
13
13
13
13
13
13
13
13
13
13
13
13
13
13
13
13
13
13
13
13
13
13
13
13
13
13
13
13
13
13
13
13
13
13
13
13
13
13
13
13
13
13
13
13
13
13
13
13
13
13
13
13
13
13
13
13
13
13
13
13
13
13
15
13
13
13
4b
45
3f
39
33
2d
27
21
1b
15
1f
19
13
13
13
13
13
13
13
13
13
13
13
13
13
13
13
13
13
13
13
13
13
13
13
13
13
13
13
13
13
13
13
13
13
13
13
13
13
13
13
13
13
13
13
13
13
13
13
13
13
13
13
13
13
13
13
13
13
13
13
19
13
13
13
13
13
13
13
13
13
13
13
13
13
21
1f
19
13
15
13
13
13
15
13
13
13
13
13
13
13
13
13
13
13
13
13
17
13
15
13
13
15
15
13
17
15
8f
87
81
7b
75
6f
69
63
5d
57
51
4b
45
3f
39
33
2d
27
21
1b
15
13
13
13
13
13
13
13
25
1f
19
13
13
13
13
13
13
13
13
13
13
13
13
13
13
13
13
15
13
13
13
13
13
13
8f
87
8d
87
81
7b
75
6f
69
63
5d
57
51
4b
45
3f
39
35
37
33
2d
27
21
1b
15
13
13
13
13
13
13
13
13
13
13
13
13
13
13
13
13
13
13
13
13
13
13
13
13
13
13
13
13
13
13
13
13
13
13
23
1d
17
13
13
13
13
13
13
13
13
13
13
13
13
13
13
13
13
13
13
13
13
15
29
23
1d
29
23
1f
19
13
13
13
13
13
13
13
13
13
13
13
13
13
13
16
13
13
13
13
13
13
13
13
13
13
13
13
13
13
13
13
13
13
15
13
13
13
13
13
13
13
13
13
13
13
13
13
13
13
19
17
15
19
