bd
13
f5
34
2f
a3
2a
30
a4
2c
2e
2d
2c
2b
29
2b
2b
2c
2b
2c
2c
2a
3b
37
36
37
36
33
34
32
35
1b
1f
1d
1a
17
14
12
10
d
c
a
a
9
8
6
7
d
c
12
16
1a
1b
20
20
21
22
24
25
27
32
35
2e
2d
2c
29
28
27
26
27
2d
2e
48
eb
75
a4
2e
1a
d0
d2
aa
1c
23
22
25
26
27
29
2c
29
2b
2a
2a
2a
29
28
27
24
23
21
1f
1d
1c
19
18
17
17
18
1d
6f
e9
db
a4
71
68
87
fc
a4
29
25
2c
2e
33
3b
3c
41
42
48
54
3f
38
3e
35
2f
92
29
f1
5f
ef
67
e7
38
e3
17
5
33
10
de
ac
87
22
64
d
e4
da
25
27
34
37
3a
41
f0
ec
aa
54
69
20
98
1e
56
11
32
a4
2f
47
48
4a
4d
4f
4c
4c
4a
46
42
3c
36
2f
2b
23
1f
1d
1d
9a
c7
2f
ce
ca
27
3a
42
c
fc
2e
ee
f1
fd
45
71
69
6
2a
9f
4e
93
48
aa
e5
12
7d
27
c8
e3
8c
6d
3f
f7
18
b7
68
fa
2d
83
67
17
d0
4b
ce
9c
f
dd
87
36
7b
a2
18
30
2f
27
ff
d6
5c
23
7a
b6
53
5
cc
20
72
2e
20
1d
1e
1e
1f
20
24
1f
22
22
21
1d
21
7e
f0
f9
c2
85
12
13
17
15
13
12
f
f
d
e
e
f
10
13
16
19
1b
1e
20
22
25
2f
2e
53
61
d8
21
30
6a
da
7d
26
a1
80
2a
90
aa
1e
24
27
27
29
2b
31
43
4e
aa
3b
35
27
2e
2b
29
28
28
26
26
24
20
1e
1b
18
18
17
16
24
24
e9
47
7b
2c
86
58
fa
5c
2e
19
27
35
37
3c
48
47
47
41
3e
3c
3c
3c
3a
3b
38
44
3c
48
37
b
1b
2b
0
14
20
21
20
1e
1d
26
28
20
25
23
24
28
2b
30
38
3f
b6
27
f7
9b
fe
56
31
42
74
27
2e
3c
42
48
f1
cd
c2
1e
e1
3e
d1
fb
f3
51
2
b4
32
f5
b2
35
3a
44
4b
4d
50
51
51
51
51
50
4e
4e
4c
48
45
41
3b
38
33
2e
2a
22
23
1f
16
79
d1
ca
a2
54
ba
5f
24
cf
9e
c6
de
f1
b
1a
1b
e
de
3e
bd
36
b7
7d
f
20
a9
b7
36
6b
f1
7e
22
99
6d
f3
1b
ec
95
4b
24
e2
d2
ef
8a
34
da
27
27
6b
54
6c
1e
96
cc
1a
ed
33
44
12
d6
e9
23
59
2a
27
33
30
2f
31
31
30
2e
34
41
6c
9d
7a
4c
f7
29
20
21
23
26
26
26
26
26
27
2c
32
41
2e
a9
2d
2e
27
25
25
25
24
24
24
23
24
24
23
23
24
26
29
2e
29
dc
15
26
12
7b
16
11
12
10
f
f
f
e
e
c
b
c
c
5a
9
39
f3
ab
6
b7
fc
1e
fe
e2
6
6f
33
39
37
39
39
37
38
38
38
3b
3c
41
4a
c6
4e
35
36
2e
29
26
25
22
20
1d
1f
20
24
27
26
26
23
25
29
2c
30
33
34
34
33
34
3b
4b
11
84
4
5f
dd
f1
e0
22
39
3e
3e
3f
40
40
41
42
42
41
3f
3e
3c
38
36
34
30
2d
2a
25
23
21
20
1f
1d
24
1e
10
e2
c6
d0
f8
35
e9
c
7b
a7
6d
68
f0
f4
a5
d1
2e
d3
e3
ba
b2
aa
79
f2
9e
36
23
2a
2c
30
34
42
f
8f
29
5
f6
f7
59
78
f0
3b
1a
1f
1e
1e
1f
1f
20
25
2f
32
a6
31
39
2c
2c
2c
2d
2e
30
31
33
34
35
37
3e
10
25
17
49
5c
77
b7
ed
c0
e2
f2
7c
74
d7
65
28
eb
9e
b4
0
59
50
4f
51
4e
49
45
3f
39
33
2f
28
23
1e
21
31
2c
19
5a
cc
c0
6
f1
e6
8e
5c
33
c5
25
3b
3a
e3
d2
eb
ee
d3
f8
12
9f
da
e4
38
a4
58
b1
58
30
7a
dd
7c
1d
d2
5e
36
54
4b
2a
f0
da
e6
68
aa
d
0
3e
33
31
31
30
2e
2f
30
32
38
b6
40
38
3a
33
36
2f
2e
2d
2f
30
2c
2c
2d
2b
2c
40
42
2d
2e
32
d3
93
ab
90
e0
29
e
19
18
18
18
19
1e
2b
29
2b
2a
2c
2d
30
34
33
34
33
35
3c
44
9c
de
e6
af
91
93
71
5c
a0
1a
20
28
28
29
2b
2e
2e
31
32
35
36
3c
3e
43
45
47
4a
4b
4c
4c
4d
4d
53
57
48
ec
ed
89
ee
e7
1e
58
22
89
4
c
d0
60
65
6e
6e
70
78
85
a8
fd
d
14
f8
e7
e4
dd
3d
c7
ff
4d
90
12
60
39
8d
fe
d1
12
f8
e
72
bd
ef
48
a4
ef
ff
2f
ff
db
e5
fb
da
ed
3a
2f
a5
e3
80
87
59
38
49
60
7e
4e
be
ea
c5
ec
ca
f
e0
f8
2d
5d
84
a2
a
2f
c5
5f
3c
6f
af
dc
fd
85
e7
15
15
db
98
5b
9a
e9
c8
f9
d1
8d
f2
cb
c
ed
d9
5d
e2
f9
fc
99
9f
bd
81
5a
63
fa
d7
21
3
35
2e
2d
2d
2d
2e
35
e1
7e
3e
1f
1e
b4
ac
f7
26
69
6
1c
1c
1c
1d
1c
20
22
24
29
31
2a
30
2a
c6
87
1a
1b
19
17
15
14
14
15
17
17
19
19
1b
19
f
e
54
d
e
e
10
22
23
2c
3a
e0
27
2e
31
35
37
38
38
38
3b
40
3c
3a
39
da
e6
bb
9b
10
ea
70
5b
2d
9a
1e
29
32
32
33
34
34
33
31
2f
2d
29
28
24
22
1f
1e
1b
1a
1b
1a
1b
7f
7a
13
ec
34
a9
43
2c
c8
37
30
f2
b
70
d1
a
1d
98
1a
2c
2e
35
e9
56
f5
3c
8c
3d
15
22
e8
2a
55
e
19
1b
1a
1a
1b
27
28
91
7f
1f
18
16
14
12
10
f
e
e
f
11
16
1a
24
21
b
2c
b
12
3d
f8
49
a7
ed
1f
19
23
25
28
2a
2c
2d
2e
2e
2d
2e
31
31
2d
28
23
21
20
1f
1e
1f
21
26
2f
2f
30
29
26
24
29
33
21
27
22
20
1f
1f
1f
20
21
22
2f
2d
28
2a
2c
2e
30
30
34
46
3a
32
89
3c
c
d7
76
54
bf
af
c7
60
d3
fc
22
b4
7
55
13
17
1d
20
1f
1d
1c
1c
1c
20
1d
1d
1b
1b
1b
1b
1b
1e
1c
1f
20
21
23
24
24
25
25
26
27
89
28
29
2b
2c
2f
32
37
b4
48
50
50
51
4f
51
5c
64
95
63
28
e8
5
23
8
df
a6
35
ad
31
2d
37
38
3a
3b
3c
3f
44
f6
4e
45
3f
3d
38
31
2d
2a
25
26
25
e0
29
32
2a
26
85
6c
ce
d8
2
68
1c
1c
1e
1f
20
23
26
2c
34
b5
73
41
31
80
c9
c7
39
d0
33
30
32
36
39
3b
3d
3d
3e
3f
40
3f
3f
3e
3c
3a
36
35
32
30
2c
2a
29
27
27
2e
2a
2f
2a
f7
31
d2
e9
fd
99
78
ca
54
1b
36
2a
1f
26
25
27
27
28
2a
2a
2c
2e
31
31
34
5
f3
0
6
1
8c
9
8c
40
36
42
c5
d1
a8
53
b
7
4d
47
4a
4d
51
53
51
54
d0
fd
4a
44
41
3a
32
2d
2a
28
25
24
21
23
24
26
28
29
29
2a
2d
32
37
3a
3d
3e
40
43
44
48
45
4e
5a
4f
d0
7a
59
55
33
51
4f
4b
4c
4c
4c
4c
4e
4c
4c
4c
4a
4a
49
46
43
40
3c
38
35
2f
2c
29
26
23
22
21
20
20
7c
a7
9
81
24
69
c
5f
e8
b4
f2
1a
fb
8c
f7
cd
e7
43
ae
10
ca
64
2e
32
10
5d
cb
23
c8
2d
67
a0
2c
34
ff
62
67
e0
a2
eb
55
5b
f6
c5
39
e3
45
40
38
2b
3c
24
2a
16
60
5a
ea
3
32
34
2e
11
30
d8
ca
11
12
2b
26
27
2a
30
43
3b
31
2e
29
26
23
22
21
21
22
25
2a
31
a1
96
1d
90
21
21
20
1a
17
17
1a
1f
28
28
2d
34
1e
21
1f
21
23
25
25
26
27
29
2f
32
39
3d
3b
15
b2
2a
2a
27
3b
32
35
3c
3c
3e
41
48
37
36
32
32
32
30
2d
2a
27
24
21
20
24
19
21
21
20
2a
ec
bd
2e
4b
94
36
3a
3d
44
3e
42
44
44
43
42
43
40
40
43
36
32
2f
2c
30
37
31
35
b1
e6
57
1a
ba
d6
3f
38
35
3d
3e
47
47
d2
d4
c8
b0
d
82
80
34
9a
6
6a
7b
27
7b
29
3a
60
57
5b
5e
66
69
6a
6c
6e
72
79
85
8f
8b
7f
3c
d3
e2
d
3c
0
c9
27
aa
cb
d3
f1
18
1c
53
75
17
14
16
66
f5
9c
e0
2d
43
9d
46
2d
e
2a
fd
b8
df
23
c5
1b
95
30
33
f4
89
fc
6a
de
57
f8
1e
87
e
7f
45
cf
fe
a2
c
36
1b
e8
d
d0
c
e2
b
85
11
d6
70
d8
5b
c7
52
1d
8d
f8
f2
29
e1
96
64
6f
1f
57
2c
a8
2a
45
42
65
f0
8d
2d
32
30
31
2f
30
2f
2f
30
2e
2b
2b
2d
2e
2f
30
32
35
35
35
35
36
36
34
34
31
30
2e
2d
2b
29
26
22
1f
1d
1b
1a
19
17
16
17
15
17
18
1a
1d
1e
20
22
24
26
24
27
27
2a
2b
2c
2f
30
30
31
30
30
30
2b
38
3a
3a
3a
39
39
39
3a
21
20
1d
1b
19
18
17
17
17
17
18
19
1b
1f
25
25
35
7b
83
e8
77
e1
d4
26
70
97
1b
d7
69
e1
24
2f
31
33
34
36
40
36
3b
38
36
35
33
31
2e
29
26
24
20
1e
1a
18
16
16
15
16
18
1b
1e
20
22
29
2f
2b
2e
2f
31
36
3c
40
44
45
43
44
46
4e
5c
3f
78
64
32
9c
cf
38
c
63
d6
6e
86
ee
a
13
20
23
27
24
98
fd
f4
68
b5
c2
d9
cc
c3
fd
25
8b
d9
6c
c5
1f
7a
7b
18
1f
20
21
20
1c
1b
1a
19
19
19
1a
22
2e
2d
2f
32
39
38
3b
41
45
46
48
43
0
8
50
e
c
ff
5b
11
26
1e
17
14
12
17
13
13
10
b7
8d
9e
44
a4
9
c6
30
bb
2c
2b
2b
31
38
3e
43
42
47
4f
62
21
5c
f5
c
c9
d6
f7
37
7b
9d
3
31
48
46
48
49
47
46
44
41
3d
38
34
2f
28
ef
54
42
1c
fd
94
9b
53
fc
d7
f
ac
4c
1c
c2
ab
e9
24
e2
2a
8a
f
ad
e0
ca
87
24
1e
b4
f8
4c
df
2e
d
53
b2
2a
22
b7
f6
c7
7b
3
75
92
3a
c5
9
2f
f2
24
a9
97
23
35
d4
36
19
7b
37
ee
12
3e
d
ca
5
32
2e
29
2e
35
39
2e
18
c
cb
6
8b
34
cf
66
19
1d
14
11
f
f
f
10
12
15
f2
33
e
e
b
9
a
c
d
e
14
17
14
15
17
16
19
20
80
25
2c
5
96
8c
53
9d
29
c8
1d
2e
b
24
1f
26
2c
2d
fa
34
73
1a
2f
f0
b0
59
bc
d9
17
3
e2
a1
64
2d
1
b3
98
30
28
31
32
34
35
35
34
33
33
32
2e
2c
29
26
22
1e
19
13
b
a
d
ec
14
a9
7e
3c
25
cd
1e
38
c9
33
1e
f6
15
7a
c
2a
8a
a2
c9
2e
d6
b7
25
78
1e
97
c6
95
ab
70
c1
2a
a1
fe
c
5d
94
6e
42
e2
1f
e4
15
dc
93
5a
cf
18
ae
e7
a1
f5
48
b8
75
c
e
e
c
a
a
a
c
11
14
15
15
14
b
b
d
f
13
1a
22
2b
2c
32
2a
28
22
1f
1d
1d
1e
1d
1d
1e
1e
1f
1f
20
1f
1f
1f
20
20
21
22
22
21
21
20
24
28
92
30
d8
b8
2e
24
1e
1c
18
16
15
14
13
12
11
10
e
e
11
12
12
24
14
b
79
23
eb
cd
5f
c1
6d
74
5e
da
8d
ca
16
1f
1e
1d
1f
77
20
22
2b
2f
a5
26
24
20
1e
19
15
14
12
10
10
11
13
ac
af
55
e2
13
f4
71
76
1f
1e
24
2a
2d
2f
32
34
37
38
3a
3b
3c
3d
3c
3c
3b
3c
3b
3a
3a
38
38
3c
3d
46
3b
3e
f1
72
48
cc
4d
8a
22
d
1d
1b
1a
1a
1a
1c
1c
1e
81
34
3f
9f
f8
1f
31
0
2f
4a
2e
f0
5b
46
38
37
3b
40
f6
d6
3a
87
6
3b
db
2e
2c
23
c0
36
44
4a
4c
4e
4e
4f
4f
51
54
57
58
60
33
41
45
44
41
41
3f
f2
4e
3a
37
3e
3c
35
33
31
30
2f
2f
2d
2c
2a
28
26
24
22
20
1f
1d
1b
18
16
15
13
14
bc
11
80
12
f4
f1
10
27
99
90
ad
a0
26
9a
73
2c
35
9a
c0
e4
ac
1f
a7
35
b3
5c
eb
bd
5e
de
39
4f
e4
f8
95
f5
49
81
eb
d1
d2
d8
3
1c
38
2e
2b
29
25
21
1e
1e
1d
1f
1f
1e
1d
1c
1d
1d
1f
24
1f
21
24
26
2a
2c
2e
2d
2c
30
37
35
11
24
1e
f4
3a
21
92
7e
32
93
ee
89
fb
dc
9f
1e
2d
2f
31
32
33
32
31
30
2d
2a
26
23
1f
1b
17
13
10
1b
64
12
70
ee
12
3f
6a
fb
67
a1
4e
8c
28
ff
f6
29
79
4e
e5
fd
5a
5d
94
2a
3f
65
bf
e2
e
c1
51
4
1b
1
55
db
f
84
31
2d
2f
31
30
30
30
32
32
34
34
34
34
33
36
33
3d
3e
3e
3d
3d
3d
3d
3e
e2
28
25
20
1d
1a
18
15
14
14
14
15
1a
1a
1e
23
25
22
27
29
27
26
27
2e
31
37
3a
3c
3d
3d
3f
3e
3d
3f
44
49
54
4f
53
cd
15
d8
cb
38
31
2d
26
22
20
1d
1c
1b
1b
1c
1e
1e
1f
1f
22
23
25
27
28
29
27
28
29
2b
2b
2c
2c
2c
2d
2d
31
3c
e3
fc
30
2d
42
3f
10
aa
7e
7d
ed
51
25
1a
70
4
7
1d
1f
1d
1c
1c
1d
1d
1f
21
23
27
2b
2e
34
36
39
3c
3e
40
47
3b
3e
40
3c
3c
3d
3d
3e
42
48
4b
4d
4b
4a
4b
4b
49
48
47
48
47
41
f3
6c
cc
cc
a9
e3
eb
59
14
46
47
1d
20
27
29
2a
2a
2a
2a
2c
2e
33
41
43
43
45
4c
4e
50
52
52
56
58
56
4d
5a
55
54
24
10
d6
b7
38
ee
bd
f1
d6
0
14
10
75
83
95
88
36
76
83
96
91
53
fa
29
85
e5
c7
30
67
d0
1b
63
c6
87
e2
bb
4b
5
62
8b
db
10
2c
5c
13
25
fc
ad
ed
7a
13
21
22
21
20
20
1f
21
20
20
21
24
26
2a
2d
2e
30
30
31
2b
26
21
21
1f
20
22
22
23
23
24
23
24
24
24
24
25
24
25
25
24
25
24
25
25
26
27
26
38
30
38
38
3b
38
31
2d
2b
2b
2a
2b
2b
2c
2c
2c
2d
2f
30
31
31
30
31
33
34
35
34
34
35
36
39
a6
88
81
7d
7
ff
17
a7
b4
b4
77
94
b4
54
5f
84
c7
e6
ee
ce
b1
27
f8
e3
45
3f
15
4e
24
30
1f
21
21
24
24
28
9c
3c
37
35
33
32
30
2e
2f
34
28
d8
36
a2
42
cc
56
f
19
20
22
21
21
20
1f
1e
1e
29
20
21
23
23
22
22
23
20
21
20
21
22
22
22
22
25
23
25
25
25
25
26
24
25
26
26
27
26
27
28
26
28
28
28
28
27
24
24
23
23
23
24
24
25
27
2a
2c
30
32
35
35
a3
35
36
35
36
37
37
37
35
32
2f
24
11
81
21
84
58
dd
fb
26
89
f7
20
1a
24
29
2a
2c
2f
33
3b
42
49
51
4e
47
43
43
42
44
43
44
41
3f
3c
35
e5
28
3c
2f
4a
58
f6
3a
d6
28
bc
17
41
d3
db
37
1e
87
0
9c
10
70
ea
4f
63
bd
bd
bd
bd
bd
bd
bd
bd
bd
bd
bd
bd
bd
bd
bd
bd
bd
bd
bd
bd
bd
bd
bd
bd
bd
bd
bd
bd
bd
bd
bd
bd
bd
bd
bd
bd
bd
bd
bd
bd
bd
bd
bd
bd
bd
bd
bd
bd
bd
bd
bd
bd
bd
bd
bd
bd
bd
bd
bd
bd
bd
bd
bd
bd
bd
bd
bd
bd
bd
bd
bd
bd
bd
bd
bd
bd
bd
bd
bd
bd
bd
bd
bd
bd
bd
bd
bd
bd
bd
bd
bd
bd
bd
bd
bd
bd
bd
bd
bd
bd
bd
bd
bd
bd
bd
bd
bd
bd
bd
bd
bd
bd
bd
bd
bd
bd
39
6f
a5
4b
5f
96
11
10
10
15
19
1c
1c
1a
19
18
17
18
20
24
2b
2d
26
25
26
28
29
2a
2e
2f
38
3a
33
42
e6
ae
e3
20
19
cd
5a
cd
98
30
eb
18
23
32
38
3c
3b
3c
3d
3e
3e
40
42
47
48
49
4c
4c
4e
50
52
5d
a5
b3
f
24
13
c
ae
10
99
ec
e8
a3
d1
8c
9f
51
b1
9a
ae
39
bd
ac
ca
f3
78
c7
a8
26
dd
e8
e2
c5
e0
75
e7
60
60
ec
ab
e0
14
ef
fb
28
ff
84
8a
1b
cc
d8
c1
f9
dc
45
a9
b4
d1
57
b9
fd
60
6f
e1
69
7b
1b
24
21
15
15
11
18
6f
27
ff
be
14
ea
f0
1a
fd
26
20
2c
32
35
34
3a
36
37
37
37
36
39
3a
3d
3e
b5
ba
39
ec
c1
cb
a
18
19
19
1a
19
19
1c
1f
23
26
29
2b
2c
2a
28
20
1c
1b
1d
1c
1d
1d
1f
20
21
21
21
21
20
20
21
20
21
21
22
23
24
25
2b
1f
f7
18
fc
2a
2f
78
84
33
5a
21
15
24
2b
2c
2c
2b
2b
2a
2a
29
2a
2c
29
29
29
29
2a
2d
2f
32
a7
7c
2d
e
16
d
12
b4
f8
51
5a
c6
b1
3f
a2
b0
fc
85
8a
a8
e4
33
e3
3f
33
b4
60
76
5c
13
1c
24
26
28
27
29
2c
2f
37
de
2b
2b
2b
2c
2d
2f
30
31
31
31
30
30
34
32
34
34
2d
33
34
34
34
34
36
37
38
46
37
3b
3c
3d
3e
3e
3e
3f
41
41
43
44
43
41
40
3b
32
30
3e
b8
f3
6c
16
a0
a7
6d
a2
ed
57
33
de
d0
b2
4d
e9
d9
11
cb
17
77
12
bd
bd
bd
bd
bd
bd
bd
bd
bd
bd
bd
bd
bd
bd
bd
bd
bd
bd
bd
bd
bd
bd
bd
bd
bd
bd
bd
bd
bd
bd
bd
bd
bd
bd
bd
bd
bd
bd
bd
bd
bd
bd
bd
bd
bd
bd
bd
bd
bd
bd
bd
bd
bd
bd
bd
