1000
de
d6f
fffffb78
a0b
fffffbaa
63f
fffffd85
3b1
ffffffdb
16a
1000
1061
e57
2d3
348
ffffffa1
156
7a
329
289
17a
1000
13b9
1153
29d
1ef
ffffff62
28c
16b
3ca
2be
198
1000
1710
149a
2a5
1b
ffffff11
3f2
2a4
477
2f9
1b6
1000
174e
1423
1a2
fffffff5
fffffef5
30b
184
4d3
3ef
24e
1000
178b
13a2
99
ffffffd2
fffffee5
20a
4a
52f
4f0
2e7
1000
17e9
13d1
70
fffffff1
fffffef7
1a5
ffffffbd
578
580
33d
1000
1845
13ff
48
e
ffffff09
139
ffffff2c
5c2
613
393
1000
1662
1063
fffffbcc
fffffede
22
27e
fffffdad
37d
474
337
1000
147e
ce2
fffff77e
fffffe07
195
41c
fffffc5a
14b
2d5
2da
1000
1526
da0
fffff745
fffffca9
155
544
fffffd5d
d6
1fe
272
1000
15ce
e5b
fffff707
fffffb46
116
671
fffffe64
62
125
209
1000
156a
dba
fffff70d
fffffc0a
118
54c
fffffd73
a6
1d1
25e
1000
1505
d14
fffff70f
fffffccd
119
425
fffffc80
e9
27d
2b4
1000
159a
e23
fffff841
fffffcfd
77
363
fffffca1
195
313
2e2
1000
162d
f34
fffff976
fffffd31
ffffffd8
2a3
fffffcc3
243
3a9
311
1000
16ba
1040
fffffaac
fffffd6f
ffffff2d
1ce
fffffcdc
302
453
34a
1000
1746
114e
fffffbe6
fffffdb0
fffffe85
fc
fffffcf6
3c2
4fe
382
1000
1592
e66
fffff938
fffffe6d
120
34b
fffffd11
363
4d6
3aa
1000
13dc
b92
fffff69f
ffffff32
396
567
fffffcf6
2e6
4a0
3d2
1000
1422
c5e
fffff789
ffffff36
2cb
49e
fffffc86
223
3cb
35a
1000
1466
d2a
fffff876
ffffff41
202
3cd
fffffc08
155
2f2
2e1
1000
14f7
e22
fffff979
ffffff41
173
33d
fffffc13
175
2fd
2d4
1000
1586
f1c
fffffa7d
ffffff44
e1
2a9
fffffc19
190
306
2c7
1000
160f
1002
fffffb6a
ffffff41
3f
1ff
fffffc3e
227
388
2ef
1000
1697
10e8
fffffc59
ffffff3f
ffffff9a
154
fffffc63
2c0
40b
318
1000
173a
11e0
fffffd5a
ffffff3f
fffffee4
8b
fffffcb4
3e7
51a
37e
1000
17db
12dc
fffffe60
ffffff42
fffffe2d
ffffffc2
fffffd0b
516
62d
3e3
1000
15e2
f5a
fffffac1
ffffff38
6d
1f2
fffffc9d
3be
536
3bc
1000
13e8
bf6
fffff74a
ffffff56
2af
41a
fffffc1e
25f
43a
394
1000
1427
c90
fffff7df
ffffff49
257
3f5
fffffc17
1dc
397
33b
1000
1466
d2a
fffff876
ffffff41
202
3cd
fffffc08
155
2f2
2e1
1000
14f7
e22
fffff979
ffffff41
173
33d
fffffc13
175
2fd
2d4
1000
1586
f1c
fffffa7d
ffffff44
e1
2a9
fffffc19
190
306
2c7
1000
160f
1002
fffffb6a
ffffff41
3f
1ff
fffffc3e
227
388
2ef
1000
1697
10e8
fffffc59
ffffff3f
ffffff9a
154
fffffc63
2c0
40b
318
1000
173a
11e0
fffffd5a
ffffff3f
fffffee4
8b
fffffcb4
3e7
51a
37e
1000
17db
12dc
fffffe60
ffffff42
fffffe2d
ffffffc2
fffffd0b
516
62d
3e3
1000
15e2
f5a
fffffac1
ffffff38
6d
1f2
fffffc9d
3be
536
3bc
1000
13e8
bf6
fffff74a
ffffff56
2af
41a
fffffc1e
25f
43a
394
1000
1427
c90
fffff7df
ffffff49
257
3f5
fffffc17
1dc
397
33b
1000
1466
d2a
fffff876
ffffff41
202
3cd
fffffc08
155
2f2
2e1
1000
14f7
e22
fffff979
ffffff41
173
33d
fffffc13
175
2fd
2d4
1000
1586
f1c
fffffa7d
ffffff44
e1
2a9
fffffc19
190
306
2c7
1000
160f
1002
fffffb6a
ffffff41
3f
1ff
fffffc3e
227
388
2ef
1000
1697
10e8
fffffc59
ffffff3f
ffffff9a
154
fffffc63
2c0
40b
318
1000
173a
11e0
fffffd5a
ffffff3f
fffffee4
8b
fffffcb4
3e7
51a
37e
1000
17db
12dc
fffffe60
ffffff42
fffffe2d
ffffffc2
fffffd0b
516
62d
3e3
1000
15e2
f5a
fffffac1
ffffff38
6d
1f2
fffffc9d
3be
536
3bc
1000
13e8
bf6
fffff74a
ffffff56
2af
41a
fffffc1e
25f
43a
394
1000
1427
c90
fffff7df
ffffff49
257
3f5
fffffc17
1dc
397
33b
1000
1466
d2a
fffff876
ffffff41
202
3cd
fffffc08
155
2f2
2e1
1000
14f7
e22
fffff979
ffffff41
173
33d
fffffc13
175
2fd
2d4
1000
1586
f1c
fffffa7d
ffffff44
e1
2a9
fffffc19
190
306
2c7
1000
160f
1002
fffffb6a
ffffff41
3f
1ff
fffffc3e
227
388
2ef
1000
1697
10e8
fffffc59
ffffff3f
ffffff9a
154
fffffc63
2c0
40b
318
1000
173a
11e0
fffffd5a
ffffff3f
fffffee4
8b
fffffcb4
3e7
51a
37e
1000
17db
12dc
fffffe60
ffffff42
fffffe2d
ffffffc2
fffffd0b
516
62d
3e3
1000
15e2
f5a
fffffac1
ffffff38
6d
1f2
fffffc9d
3be
536
3bc
1000
13e8
bf6
fffff74a
ffffff56
2af
41a
fffffc1e
25f
43a
394
1000
1427
c90
fffff7df
ffffff49
257
3f5
fffffc17
1dc
397
33b
1000
1466
d2a
fffff876
ffffff41
202
3cd
fffffc08
155
2f2
2e1
1000
14f7
e22
fffff979
ffffff41
173
33d
fffffc13
175
2fd
2d4
1000
1586
f1c
fffffa7d
ffffff44
e1
2a9
fffffc19
190
306
2c7
1000
160f
1002
fffffb6a
ffffff41
3f
1ff
fffffc3e
227
388
2ef
1000
1697
10e8
fffffc59
ffffff3f
ffffff9a
154
fffffc63
2c0
40b
318
1000
173a
11e0
fffffd5a
ffffff3f
fffffee4
8b
fffffcb4
3e7
51a
37e
1000
17db
12dc
fffffe60
ffffff42
fffffe2d
ffffffc2
fffffd0b
516
62d
3e3
1000
15e2
f5a
fffffac1
ffffff38
6d
1f2
fffffc9d
3be
536
3bc
1000
13e8
bf6
fffff74a
ffffff56
2af
41a
fffffc1e
25f
43a
394
1000
1427
c90
fffff7df
ffffff49
257
3f5
fffffc17
1dc
397
33b
1000
1466
d2a
fffff876
ffffff41
202
3cd
fffffc08
155
2f2
2e1
1000
14f7
e22
fffff979
ffffff41
173
33d
fffffc13
175
2fd
2d4
1000
1586
f1c
fffffa7d
ffffff44
e1
2a9
fffffc19
190
306
2c7
1000
160f
1002
fffffb6a
ffffff41
3f
1ff
fffffc3e
227
388
2ef
1000
1697
10e8
fffffc59
ffffff3f
ffffff9a
154
fffffc63
2c0
40b
318
1000
173a
11e0
fffffd5a
ffffff3f
fffffee4
8b
fffffcb4
3e7
51a
37e
1000
17db
12dc
fffffe60
ffffff42
fffffe2d
ffffffc2
fffffd0b
516
62d
3e3
1000
15e2
f5a
fffffac1
ffffff38
6d
1f2
fffffc9d
3be
536
3bc
1000
13e8
bf6
fffff74a
ffffff56
2af
41a
fffffc1e
25f
43a
394
1000
1427
c90
fffff7df
ffffff49
257
3f5
fffffc17
1dc
397
33b
1000
1466
d2a
fffff876
ffffff41
202
3cd
fffffc08
155
2f2
2e1
1000
14f7
e22
fffff979
ffffff41
173
33d
fffffc13
175
2fd
2d4
1000
1586
f1c
fffffa7d
ffffff44
e1
2a9
fffffc19
190
306
2c7
1000
160f
1002
fffffb6a
ffffff41
3f
1ff
fffffc3e
227
388
2ef
1000
1697
10e8
fffffc59
ffffff3f
ffffff9a
154
fffffc63
2c0
40b
318
1000
173a
11e0
fffffd5a
ffffff3f
fffffee4
8b
fffffcb4
3e7
51a
37e
1000
17db
12dc
fffffe60
ffffff42
fffffe2d
ffffffc2
fffffd0b
516
62d
3e3
1000
15e2
f5a
fffffac1
ffffff38
6d
1f2
fffffc9d
3be
536
3bc
1000
13e8
bf6
fffff74a
ffffff56
2af
41a
fffffc1e
25f
43a
394
1000
1427
c90
fffff7df
ffffff49
257
3f5
fffffc17
1dc
397
33b
1000
1466
d2a
fffff876
ffffff41
202
3cd
fffffc08
155
2f2
2e1
1000
14f7
e22
fffff979
ffffff41
173
33d
fffffc13
175
2fd
2d4
1000
1586
f1c
fffffa7d
ffffff44
e1
2a9
fffffc19
190
306
2c7
1000
160f
1002
fffffb6a
ffffff41
3f
1ff
fffffc3e
227
388
2ef
1000
1697
10e8
fffffc59
ffffff3f
ffffff9a
154
fffffc63
2c0
40b
318
1000
173a
11e0
fffffd5a
ffffff3f
fffffee4
8b
fffffcb4
3e7
51a
37e
1000
17db
12dc
fffffe60
ffffff42
fffffe2d
ffffffc2
fffffd0b
516
62d
3e3
1000
15e2
f5a
fffffac1
ffffff38
6d
1f2
fffffc9d
3be
536
3bc
1000
13e8
bf6
fffff74a
ffffff56
2af
41a
fffffc1e
25f
43a
394
1000
1427
c90
fffff7df
ffffff49
257
3f5
fffffc17
1dc
397
33b
1000
1466
d2a
fffff876
ffffff41
202
3cd
fffffc08
155
2f2
2e1
1000
14f7
e22
fffff979
ffffff41
173
33d
fffffc13
175
2fd
2d4
1000
1586
f1c
fffffa7d
ffffff44
e1
2a9
fffffc19
190
306
2c7
1000
160f
1002
fffffb6a
ffffff41
3f
1ff
fffffc3e
227
388
2ef
1000
1697
10e8
fffffc59
ffffff3f
ffffff9a
154
fffffc63
2c0
40b
318
1000
173a
11e0
fffffd5a
ffffff3f
fffffee4
8b
fffffcb4
3e7
51a
37e
1000
17db
12dc
fffffe60
ffffff42
fffffe2d
ffffffc2
fffffd0b
516
62d
3e3
1000
15e2
f5a
fffffac1
ffffff38
6d
1f2
fffffc9d
3be
536
3bc
1000
13e8
bf6
fffff74a
ffffff56
2af
41a
fffffc1e
25f
43a
394
1000
1427
c90
fffff7df
ffffff49
257
3f5
fffffc17
1dc
397
33b
1000
1466
d2a
fffff876
ffffff41
202
3cd
fffffc08
155
2f2
2e1
1000
14f7
e22
fffff979
ffffff41
173
33d
fffffc13
175
2fd
2d4
1000
1586
f1c
fffffa7d
ffffff44
e1
2a9
fffffc19
190
306
2c7
1000
160f
1002
fffffb6a
ffffff41
3f
1ff
fffffc3e
227
388
2ef
1000
1697
10e8
fffffc59
ffffff3f
ffffff9a
154
fffffc63
2c0
40b
318
1000
173a
11e0
fffffd5a
ffffff3f
fffffee4
8b
fffffcb4
3e7
51a
37e
1000
17db
12dc
fffffe60
ffffff42
fffffe2d
ffffffc2
fffffd0b
516
62d
3e3
1000
15e2
f5a
fffffac1
ffffff38
6d
1f2
fffffc9d
3be
536
3bc
1000
13e8
bf6
fffff74a
ffffff56
2af
41a
fffffc1e
25f
43a
394
1000
1427
c90
fffff7df
ffffff49
257
3f5
fffffc17
1dc
397
33b
1000
1466
d2a
fffff876
ffffff41
202
3cd
fffffc08
155
2f2
2e1
1000
14f7
e22
fffff979
ffffff41
173
33d
fffffc13
175
2fd
2d4
1000
1586
f1c
fffffa7d
ffffff44
e1
2a9
fffffc19
190
306
2c7
1000
160f
1002
fffffb6a
ffffff41
3f
1ff
fffffc3e
227
388
2ef
1000
1697
10e8
fffffc59
ffffff3f
ffffff9a
154
fffffc63
2c0
40b
318
1000
173a
11e0
fffffd5a
ffffff3f
fffffee4
8b
fffffcb4
3e7
51a
37e
1000
17db
12dc
fffffe60
ffffff42
fffffe2d
ffffffc2
fffffd0b
516
62d
3e3
1000
15e2
f5a
fffffac1
ffffff38
6d
1f2
fffffc9d
3be
536
3bc
1000
13e8
bf6
fffff74a
ffffff56
2af
41a
fffffc1e
25f
43a
394
1000
1427
c90
fffff7df
ffffff49
257
3f5
fffffc17
1dc
397
33b
1000
1466
d2a
fffff876
ffffff41
202
3cd
fffffc08
155
2f2
2e1
1000
14f7
e22
fffff979
ffffff41
173
33d
fffffc13
175
2fd
2d4
1000
1586
f1c
fffffa7d
ffffff44
e1
2a9
fffffc19
190
306
2c7
1000
160f
1002
fffffb6a
ffffff41
3f
1ff
fffffc3e
227
388
2ef
1000
1697
10e8
fffffc59
ffffff3f
ffffff9a
154
fffffc63
2c0
40b
318
1000
173a
11e0
fffffd5a
ffffff3f
fffffee4
8b
fffffcb4
3e7
51a
37e
1000
17db
12dc
fffffe60
ffffff42
fffffe2d
ffffffc2
fffffd0b
516
62d
3e3
1000
15e2
f5a
fffffac1
ffffff38
6d
1f2
fffffc9d
3be
536
3bc
1000
13e8
bf6
fffff74a
ffffff56
2af
41a
fffffc1e
25f
43a
394
1000
1427
c90
fffff7df
ffffff49
257
3f5
fffffc17
1dc
397
33b
1000
1466
d2a
fffff876
ffffff41
202
3cd
fffffc08
155
2f2
2e1
1000
14f7
e22
fffff979
ffffff41
173
33d
fffffc13
175
2fd
2d4
1000
1586
f1c
fffffa7d
ffffff44
e1
2a9
fffffc19
190
306
2c7
1000
160f
1002
fffffb6a
ffffff41
3f
1ff
fffffc3e
227
388
2ef
1000
1697
10e8
fffffc59
ffffff3f
ffffff9a
154
fffffc63
2c0
40b
318
1000
173a
11e0
fffffd5a
ffffff3f
fffffee4
8b
fffffcb4
3e7
51a
37e
1000
17db
12dc
fffffe60
ffffff42
fffffe2d
ffffffc2
fffffd0b
516
62d
3e3
1000
15e2
f5a
fffffac1
ffffff38
6d
1f2
fffffc9d
3be
536
3bc
1000
13e8
bf6
fffff74a
ffffff56
2af
41a
fffffc1e
25f
43a
394
1000
1427
c90
fffff7df
ffffff49
257
3f5
fffffc17
1dc
397
33b
1000
1466
d2a
fffff876
ffffff41
202
3cd
fffffc08
155
2f2
2e1
1000
14f7
e22
fffff979
ffffff41
173
33d
fffffc13
175
2fd
2d4
1000
1586
f1c
fffffa7d
ffffff44
e1
2a9
fffffc19
190
306
2c7
1000
160f
1002
fffffb6a
ffffff41
3f
1ff
fffffc3e
227
388
2ef
1000
1697
10e8
fffffc59
ffffff3f
ffffff9a
154
fffffc63
2c0
40b
318
1000
173a
11e0
fffffd5a
ffffff3f
fffffee4
8b
fffffcb4
3e7
51a
37e
1000
17db
12dc
fffffe60
ffffff42
fffffe2d
ffffffc2
fffffd0b
516
62d
3e3
1000
15e2
f5a
fffffac1
ffffff38
6d
1f2
fffffc9d
3be
536
3bc
1000
13e8
bf6
fffff74a
ffffff56
2af
41a
fffffc1e
25f
43a
394
1000
1427
c90
fffff7df
ffffff49
257
3f5
fffffc17
1dc
397
33b
1000
1466
d2a
fffff876
ffffff41
202
3cd
fffffc08
155
2f2
2e1
1000
14f7
e22
fffff979
ffffff41
173
33d
fffffc13
175
2fd
2d4
1000
1586
f1c
fffffa7d
ffffff44
e1
2a9
fffffc19
190
306
2c7
1000
160f
1002
fffffb6a
ffffff41
3f
1ff
fffffc3e
227
388
2ef
1000
1697
10e8
fffffc59
ffffff3f
ffffff9a
154
fffffc63
2c0
40b
318
1000
173a
11e0
fffffd5a
ffffff3f
fffffee4
8b
fffffcb4
3e7
51a
37e
1000
17db
12dc
fffffe60
ffffff42
fffffe2d
ffffffc2
fffffd0b
516
62d
3e3
1000
15e2
f5a
fffffac1
ffffff38
6d
1f2
fffffc9d
3be
536
3bc
1000
13e8
bf6
fffff74a
ffffff56
2af
41a
fffffc1e
25f
43a
394
1000
1427
c90
fffff7df
ffffff49
257
3f5
fffffc17
1dc
397
33b
1000
1466
d2a
fffff876
ffffff41
202
3cd
fffffc08
155
2f2
2e1
1000
14f7
e22
fffff979
ffffff41
173
33d
fffffc13
175
2fd
2d4
1000
1586
f1c
fffffa7d
ffffff44
e1
2a9
fffffc19
190
306
2c7
1000
160f
1002
fffffb6a
ffffff41
3f
1ff
fffffc3e
227
388
2ef
1000
1697
10e8
fffffc59
ffffff3f
ffffff9a
154
fffffc63
2c0
40b
318
1000
173a
11e0
fffffd5a
ffffff3f
fffffee4
8b
fffffcb4
3e7
51a
37e
1000
17db
12dc
fffffe60
ffffff42
fffffe2d
ffffffc2
fffffd0b
516
62d
3e3
1000
15e2
f5a
fffffac1
ffffff38
6d
1f2
fffffc9d
3be
536
3bc
1000
13e8
bf6
fffff74a
ffffff56
2af
41a
fffffc1e
25f
43a
394
1000
1427
c90
fffff7df
ffffff49
257
3f5
fffffc17
1dc
397
33b
1000
1466
d2a
fffff876
ffffff41
202
3cd
fffffc08
155
2f2
2e1
1000
14f7
e22
fffff979
ffffff41
173
33d
fffffc13
175
2fd
2d4
1000
1586
f1c
fffffa7d
ffffff44
e1
2a9
fffffc19
190
306
2c7
1000
160f
1002
fffffb6a
ffffff41
3f
1ff
fffffc3e
227
388
2ef
1000
1697
10e8
fffffc59
ffffff3f
ffffff9a
154
fffffc63
2c0
40b
318
1000
173a
11e0
fffffd5a
ffffff3f
fffffee4
8b
fffffcb4
3e7
51a
37e
1000
17db
12dc
fffffe60
ffffff42
fffffe2d
ffffffc2
fffffd0b
516
62d
3e3
1000
15e2
f5a
fffffac1
ffffff38
6d
1f2
fffffc9d
3be
536
3bc
1000
13e8
bf6
fffff74a
ffffff56
2af
41a
fffffc1e
25f
43a
394
1000
1427
c90
fffff7df
ffffff49
257
3f5
fffffc17
1dc
397
33b
1000
1466
d2a
fffff876
ffffff41
202
3cd
fffffc08
155
2f2
2e1
1000
14f7
e22
fffff979
ffffff41
173
33d
fffffc13
175
2fd
2d4
1000
1586
f1c
fffffa7d
ffffff44
e1
2a9
fffffc19
190
306
2c7
1000
160f
1002
fffffb6a
ffffff41
3f
1ff
fffffc3e
227
388
2ef
1000
1697
10e8
fffffc59
ffffff3f
ffffff9a
154
fffffc63
2c0
40b
318
1000
173a
11e0
fffffd5a
ffffff3f
fffffee4
8b
fffffcb4
3e7
51a
37e
1000
17db
12dc
fffffe60
ffffff42
fffffe2d
ffffffc2
fffffd0b
516
62d
3e3
1000
15e2
f5a
fffffac1
ffffff38
6d
1f2
fffffc9d
3be
536
3bc
1000
13e8
bf6
fffff74a
ffffff56
2af
41a
fffffc1e
25f
43a
394
1000
1427
c90
fffff7df
ffffff49
257
3f5
fffffc17
1dc
397
33b
1000
1466
d2a
fffff876
ffffff41
202
3cd
fffffc08
155
2f2
2e1
1000
14f7
e22
fffff979
ffffff41
173
33d
fffffc13
175
2fd
2d4
1000
1586
f1c
fffffa7d
ffffff44
e1
2a9
fffffc19
190
306
2c7
1000
160f
1002
fffffb6a
ffffff41
3f
1ff
fffffc3e
227
388
2ef
1000
1697
10e8
fffffc59
ffffff3f
ffffff9a
154
fffffc63
2c0
40b
318
1000
173a
11e0
fffffd5a
ffffff3f
fffffee4
8b
fffffcb4
3e7
51a
37e
1000
17db
12dc
fffffe60
ffffff42
fffffe2d
ffffffc2
fffffd0b
516
62d
3e3
1000
15e2
f5a
fffffac1
ffffff38
6d
1f2
fffffc9d
3be
536
3bc
1000
13e8
bf6
fffff74a
ffffff56
2af
41a
fffffc1e
25f
43a
394
1000
1427
c90
fffff7df
ffffff49
257
3f5
fffffc17
1dc
397
33b
1000
1466
d2a
fffff876
ffffff41
202
3cd
fffffc08
155
2f2
2e1
1000
14f7
e22
fffff979
ffffff41
173
33d
fffffc13
175
2fd
2d4
1000
1586
f1c
fffffa7d
ffffff44
e1
2a9
fffffc19
190
306
2c7
1000
160f
1002
fffffb6a
ffffff41
3f
1ff
fffffc3e
227
388
2ef
1000
1697
10e8
fffffc59
ffffff3f
ffffff9a
154
fffffc63
2c0
40b
318
1000
173a
11e0
fffffd5a
ffffff3f
fffffee4
8b
fffffcb4
3e7
51a
37e
1000
17db
12dc
fffffe60
ffffff42
fffffe2d
ffffffc2
fffffd0b
516
62d
3e3
1000
15e2
f5a
fffffac1
ffffff38
6d
1f2
fffffc9d
3be
536
3bc
1000
13e8
bf6
fffff74a
ffffff56
2af
41a
fffffc1e
25f
43a
394
1000
1427
c90
fffff7df
ffffff49
257
3f5
fffffc17
1dc
397
33b
1000
1466
d2a
fffff876
ffffff41
202
3cd
fffffc08
155
2f2
2e1
1000
14f7
e22
fffff979
ffffff41
173
33d
fffffc13
175
2fd
2d4
1000
1586
f1c
fffffa7d
ffffff44
e1
2a9
fffffc19
190
306
2c7
1000
160f
1002
fffffb6a
ffffff41
3f
1ff
fffffc3e
227
388
2ef
1000
1697
10e8
fffffc59
ffffff3f
ffffff9a
154
fffffc63
2c0
40b
318
1000
173a
11e0
fffffd5a
ffffff3f
fffffee4
8b
fffffcb4
3e7
51a
37e
1000
17db
12dc
fffffe60
ffffff42
fffffe2d
ffffffc2
fffffd0b
516
62d
3e3
1000
15e2
f5a
fffffac1
ffffff38
6d
1f2
fffffc9d
3be
536
3bc
1000
13e8
bf6
fffff74a
ffffff56
2af
41a
fffffc1e
25f
43a
394
1000
1427
c90
fffff7df
ffffff49
257
3f5
fffffc17
1dc
397
33b
1000
1466
d2a
fffff876
ffffff41
202
3cd
fffffc08
155
2f2
2e1
1000
14f7
e22
fffff979
ffffff41
173
33d
fffffc13
175
2fd
2d4
1000
1586
f1c
fffffa7d
ffffff44
e1
2a9
fffffc19
190
306
2c7
1000
160f
1002
fffffb6a
ffffff41
3f
1ff
fffffc3e
227
388
2ef
1000
1697
10e8
fffffc59
ffffff3f
ffffff9a
154
fffffc63
2c0
40b
318
1000
173a
11e0
fffffd5a
ffffff3f
fffffee4
8b
fffffcb4
3e7
51a
37e
1000
17db
12dc
fffffe60
ffffff42
fffffe2d
ffffffc2
fffffd0b
516
62d
3e3
1000
15e2
f5a
fffffac1
ffffff38
6d
1f2
fffffc9d
3be
536
3bc
1000
13e8
bf6
fffff74a
ffffff56
2af
41a
fffffc1e
25f
43a
394
1000
1427
c90
fffff7df
ffffff49
257
3f5
fffffc17
1dc
397
33b
1000
1466
d2a
fffff876
ffffff41
202
3cd
fffffc08
155
2f2
2e1
1000
14f7
e22
fffff979
ffffff41
173
33d
fffffc13
175
2fd
2d4
1000
1586
f1c
fffffa7d
ffffff44
e1
2a9
fffffc19
190
306
2c7
1000
160f
1002
fffffb6a
ffffff41
3f
1ff
fffffc3e
227
388
2ef
1000
1697
10e8
fffffc59
ffffff3f
ffffff9a
154
fffffc63
2c0
40b
318
1000
173a
11e0
fffffd5a
ffffff3f
fffffee4
8b
fffffcb4
3e7
51a
37e
1000
17db
12dc
fffffe60
ffffff42
fffffe2d
ffffffc2
fffffd0b
516
62d
3e3
1000
15e2
f5a
fffffac1
ffffff38
6d
1f2
fffffc9d
3be
536
3bc
1000
13e8
bf6
fffff74a
ffffff56
2af
41a
fffffc1e
25f
43a
394
1000
1427
c90
fffff7df
ffffff49
257
3f5
fffffc17
1dc
397
33b
1000
1466
d2a
fffff876
ffffff41
202
3cd
fffffc08
155
2f2
2e1
1000
14f7
e22
fffff979
ffffff41
173
33d
fffffc13
175
2fd
2d4
1000
1586
f1c
fffffa7d
ffffff44
e1
2a9
fffffc19
190
306
2c7
1000
160f
1002
fffffb6a
ffffff41
3f
1ff
fffffc3e
227
388
2ef
1000
1697
10e8
fffffc59
ffffff3f
ffffff9a
154
fffffc63
2c0
40b
318
