7644
63a0
486a
2711
2c1
ffffdac5
ffffc560
ffffb4c5
ffffa5f4
ffff926a
77e0
6250
3f3c
13bc
ffffe184
ffffb19f
ffffa9e8
ffffa3df
ffff9f2a
ffff8d76
78d3
64e0
4214
1a15
ffffd226
ffffadc7
ffffa9aa
ffffa467
ffffa098
ffff9670
7937
66d0
4473
203f
ffffc78d
ffffadee
ffffa98c
ffffa513
ffffa0c9
ffff9c6a
7930
66d0
446a
2043
ffffc798
ffffadf3
ffffa988
ffffa508
ffffa0c8
ffff9c75
7930
66d0
446a
2043
ffffc798
ffffadf3
ffffa988
ffffa508
ffffa0c8
ffff9c75
7930
66d0
446a
2042
ffffc794
ffffae02
ffffa994
ffffa4f4
ffffa0c6
ffff9c7c
7930
66d0
446a
2042
ffffc794
ffffae02
ffffa994
ffffa4f4
ffffa0c6
ffff9c7c
7930
66d0
446a
2042
ffffc794
ffffae02
ffffa994
ffffa4f4
ffffa0c6
ffff9c7c
7930
66d0
446a
2042
ffffc794
ffffae02
ffffa994
ffffa4f4
ffffa0c6
ffff9c7c
7930
66d0
446a
2042
ffffc794
ffffae02
ffffa994
ffffa4f4
ffffa0c6
ffff9c7c
7930
66d0
446a
2042
ffffc794
ffffae02
ffffa994
ffffa4f4
ffffa0c6
ffff9c7c
7930
66d0
446b
2042
ffffc794
ffffadfd
ffffa9a0
ffffa50b
ffffa0b8
ffff9c6e
7930
66d0
446c
2042
ffffc794
ffffadf8
ffffa9ac
ffffa522
ffffa0aa
ffff9c60
7930
66d0
446c
2042
ffffc794
ffffadf8
ffffa9ac
ffffa522
ffffa0aa
ffff9c60
7930
66d0
446c
2042
ffffc794
ffffadf8
ffffa9ac
ffffa522
ffffa0aa
ffff9c60
7930
66d0
446c
2042
ffffc794
ffffadf8
ffffa9ac
ffffa522
ffffa0aa
ffff9c60
7930
66d0
446c
2042
ffffc794
ffffadf8
ffffa9ac
ffffa522
ffffa0aa
ffff9c60
7930
66d0
446c
2042
ffffc794
ffffadf8
ffffa9ac
ffffa522
ffffa0aa
ffff9c60
7930
66d0
446c
2042
ffffc794
ffffadf8
ffffa9ac
ffffa522
ffffa0aa
ffff9c60
7930
66d0
446c
2042
ffffc794
ffffadf8
ffffa9ac
ffffa522
ffffa0aa
ffff9c60
7930
66d0
446c
2042
ffffc799
ffffadfd
ffffa99a
ffffa50d
ffffa0b7
ffff9c6e
7931
66d0
446c
2042
ffffc79b
ffffae02
ffffa98c
ffffa4f5
ffffa0c3
ffff9c7b
7932
66d0
446c
2042
ffffc798
ffffae02
ffffa990
ffffa4f2
ffffa0c2
ffff9c7a
7932
66d0
446c
2042
ffffc798
ffffae02
ffffa990
ffffa4f2
ffffa0c2
ffff9c7a
7932
66d0
446c
2042
ffffc798
ffffae02
ffffa990
ffffa4f2
ffffa0c2
ffff9c7a
7932
66d0
446c
2042
ffffc798
ffffae02
ffffa990
ffffa4f2
ffffa0c2
ffff9c7a
7932
66d0
446c
2042
ffffc798
ffffae02
ffffa990
ffffa4f2
ffffa0c2
ffff9c7a
7932
66d0
446c
2042
ffffc798
ffffae02
ffffa990
ffffa4f2
ffffa0c2
ffff9c7a
7931
66d0
446c
2042
ffffc799
ffffae02
ffffa996
ffffa4f5
ffffa0bb
ffff9c7b
7930
66d0
446c
2042
ffffc79a
ffffae02
ffffa99c
ffffa4f8
ffffa0b4
ffff9c7c
7930
66d0
446c
2042
ffffc79a
ffffae02
ffffa99c
ffffa4f8
ffffa0b4
ffff9c7c
7930
66d0
446c
2042
ffffc79a
ffffae02
ffffa99c
ffffa4f8
ffffa0b4
ffff9c7c
7930
66d0
446c
2042
ffffc79a
ffffae02
ffffa99c
ffffa4f8
ffffa0b4
ffff9c7c
7930
66d1
446b
2043
ffffc79e
ffffae1b
ffffa98b
ffffa4d6
ffffa0be
ffff9c89
7930
66d1
446b
2043
ffffc79b
ffffae16
ffffa993
ffffa4eb
ffffa0b9
ffff9c7b
7930
66d0
446c
2042
ffffc794
ffffadf8
ffffa9ac
ffffa522
ffffa0aa
ffff9c60
7930
66d0
446c
2042
ffffc794
ffffadf8
ffffa9ac
ffffa522
ffffa0aa
ffff9c60
7930
66d0
446c
2042
ffffc794
ffffadf8
ffffa9ac
ffffa522
ffffa0aa
ffff9c60
7930
66d0
446c
2042
ffffc794
ffffadf8
ffffa9ac
ffffa522
ffffa0aa
ffff9c60
7930
66d0
446c
2042
ffffc794
ffffadf8
ffffa9ac
ffffa522
ffffa0aa
ffff9c60
7930
66d0
446c
2042
ffffc794
ffffadf8
ffffa9ac
ffffa522
ffffa0aa
ffff9c60
7930
66d0
446c
2042
ffffc797
ffffae0d
ffffa9a4
ffffa4fb
ffffa0ae
ffff9c71
7931
66d0
446d
2042
ffffc79a
ffffae0d
ffffa9a2
ffffa4fa
ffffa0ac
ffff9c70
7933
66d0
446e
2042
ffffc79a
ffffae0d
ffffa9a9
ffffa4fd
ffffa0a7
ffff9c6e
7933
66d1
446d
2043
ffffc79c
ffffae0d
ffffa99b
ffffa4f7
ffffa0b3
ffff9c76
7932
66d2
446c
2044
ffffc79e
ffffadf8
ffffa98c
ffffa514
ffffa0be
ffff9c6e
7932
66d2
446c
2044
ffffc79e
ffffadf8
ffffa98c
ffffa514
ffffa0be
ffff9c6e
7932
66d2
446c
2044
ffffc79e
ffffadf8
ffffa98c
ffffa514
ffffa0be
ffff9c6e
7932
66d2
446c
2044
ffffc79e
ffffadf8
ffffa98c
ffffa514
ffffa0be
ffff9c6e
7932
66d2
446c
2044
ffffc79e
ffffadf8
ffffa98c
ffffa514
ffffa0be
ffff9c6e
7932
66d2
446c
2044
ffffc79e
ffffadf8
ffffa98c
ffffa514
ffffa0be
ffff9c6e
7932
66d2
446c
2044
ffffc79e
ffffadf8
ffffa98c
ffffa514
ffffa0be
ffff9c6e
7932
66d2
446c
2044
ffffc79e
ffffadf8
ffffa98c
ffffa514
ffffa0be
ffff9c6e
7932
66d2
446c
2044
ffffc79e
ffffadf8
ffffa98c
ffffa514
ffffa0be
ffff9c6e
7932
66d2
446c
2044
ffffc79e
ffffadf8
ffffa98c
ffffa514
ffffa0be
ffff9c6e
7932
66d2
446c
2044
ffffc79e
ffffadf8
ffffa98c
ffffa514
ffffa0be
ffff9c6e
7932
66d2
446c
2044
ffffc79e
ffffadf8
ffffa98c
ffffa514
ffffa0be
ffff9c6e
7932
66d2
446c
2042
ffffc79b
ffffadf8
ffffa98d
ffffa514
ffffa0c0
ffff9c6b
7932
66d2
446c
2040
ffffc798
ffffadf8
ffffa98e
ffffa514
ffffa0c2
ffff9c68
7932
66d2
446c
2040
ffffc798
ffffadf8
ffffa98e
ffffa514
ffffa0c2
ffff9c68
7932
66d2
446c
2040
ffffc798
ffffadf8
ffffa98e
ffffa514
ffffa0c2
ffff9c68
7932
66d2
446c
2040
ffffc798
ffffadf8
ffffa98e
ffffa514
ffffa0c2
ffff9c68
7932
66d2
446c
2040
ffffc798
ffffadf8
ffffa98e
ffffa514
ffffa0c2
ffff9c68
7932
66d2
446c
2040
ffffc798
ffffadf8
ffffa98e
ffffa514
ffffa0c2
ffff9c68
7932
66d1
446d
2041
ffffc79d
ffffadfd
ffffa983
ffffa506
ffffa0c8
ffff9c70
7931
66d0
446e
2042
ffffc79d
ffffae02
ffffa982
ffffa4f4
ffffa0ca
ffff9c7a
7931
66d0
446e
2041
ffffc799
ffffae1b
ffffa99b
ffffa4d3
ffffa0b6
ffff9c84
7932
66d0
446e
2040
ffffc79a
ffffae34
ffffa9aa
ffffa4b6
ffffa0a6
ffff9c8c
7932
66d0
446e
2040
ffffc79a
ffffae34
ffffa9aa
ffffa4b6
ffffa0a6
ffff9c8c
7932
66d0
446e
2040
ffffc79a
ffffae34
ffffa9aa
ffffa4b6
ffffa0a6
ffff9c8c
7932
66d0
446e
2040
ffffc79a
ffffae34
ffffa9aa
ffffa4b6
ffffa0a6
ffff9c8c
7932
66d0
446e
2040
ffffc79a
ffffae34
ffffa9aa
ffffa4b6
ffffa0a6
ffff9c8c
7932
66d0
446d
2041
ffffc79d
ffffae1b
ffffa9a1
ffffa4d6
ffffa0ac
ffff9c83
7932
66d0
446c
2042
ffffc7a0
ffffae02
ffffa998
ffffa4f6
ffffa0b2
ffff9c7a
7932
66d0
446c
2042
ffffc7a0
ffffae02
ffffa998
ffffa4f6
ffffa0b2
ffff9c7a
7932
66d0
446c
2042
ffffc7a0
ffffae02
ffffa998
ffffa4f6
ffffa0b2
ffff9c7a
7932
66d0
446c
2042
ffffc7a0
ffffae02
ffffa998
ffffa4f6
ffffa0b2
ffff9c7a
7932
66d0
446c
2042
ffffc7a0
ffffae02
ffffa998
ffffa4f6
ffffa0b2
ffff9c7a
7932
66d0
446c
2042
ffffc7a0
ffffae02
ffffa998
ffffa4f6
ffffa0b2
ffff9c7a
7932
66d0
446c
2042
ffffc7a0
ffffae02
ffffa998
ffffa4f6
ffffa0b2
ffff9c7a
7932
66d0
446c
2042
ffffc7a0
ffffae02
ffffa998
ffffa4f6
ffffa0b2
ffff9c7a
7932
66d0
446c
2042
ffffc7a0
ffffae02
ffffa998
ffffa4f6
ffffa0b2
ffff9c7a
7932
66d0
446c
2042
ffffc7a0
ffffae02
ffffa998
ffffa4f6
ffffa0b2
ffff9c7a
7932
66d0
446c
2042
ffffc7a0
ffffae02
ffffa998
ffffa4f6
ffffa0b2
ffff9c7a
7932
66d0
446c
2042
ffffc7a0
ffffae02
ffffa998
ffffa4f6
ffffa0b2
ffff9c7a
7932
66d0
446c
2042
ffffc7a0
ffffae02
ffffa998
ffffa4f6
ffffa0b2
ffff9c7a
7932
66d0
446c
2042
ffffc7a0
ffffae12
ffffa998
ffffa4e7
ffffa0b0
ffff9c7d
7932
66cf
446d
2043
ffffc79d
ffffae12
ffffa9a0
ffffa4eb
ffffa0aa
ffff9c7a
7931
66cf
446c
2043
ffffc795
ffffae02
ffffa9b0
ffffa4f9
ffffa0a7
ffff9c78
792f
66d0
446a
2042
ffffc792
ffffadfd
ffffa9b5
ffffa50d
ffffa0a6
ffff9c6c
792e
66d0
446a
2042
ffffc794
ffffadf8
ffffa9b2
ffffa526
ffffa0a4
ffff9c5c
792e
66d0
446a
2042
ffffc794
ffffadf8
ffffa9b2
ffffa526
ffffa0a4
ffff9c5c
792e
66d0
446a
2042
ffffc794
ffffadf8
ffffa9b2
ffffa526
ffffa0a4
ffff9c5c
792e
66d0
446a
2042
ffffc794
ffffadf8
ffffa9b2
ffffa526
ffffa0a4
ffff9c5c
792e
66d0
4469
2042
ffffc797
ffffadfd
ffffa9a9
ffffa510
ffffa0a9
ffff9c6a
792e
66d0
4469
2042
ffffc799
ffffae02
ffffa998
ffffa4f6
ffffa0b6
ffff9c78
792f
66cf
446a
2043
ffffc79b
ffffae02
ffffa98e
ffffa4fa
ffffa0bd
ffff9c74
792f
66ce
446b
2044
ffffc799
ffffae02
ffffa994
ffffa502
ffffa0bc
ffff9c70
792e
66ce
446c
2044
ffffc794
ffffae02
ffffa99c
ffffa502
ffffa0bc
ffff9c70
792e
66ce
446c
2044
ffffc794
ffffae02
ffffa99c
ffffa502
ffffa0bc
ffff9c70
792e
66ce
446c
2044
ffffc794
ffffae02
ffffa99c
ffffa502
ffffa0bc
ffff9c70
792e
66ce
446c
2044
ffffc794
ffffae02
ffffa99c
ffffa502
ffffa0bc
ffff9c70
792e
66ce
446c
2044
ffffc794
ffffae02
ffffa99c
ffffa502
ffffa0bc
ffff9c70
792f
66ce
446b
2045
ffffc794
ffffae08
ffffa99f
ffffa4f5
ffffa0b9
ffff9c7a
7931
66ce
446c
2045
ffffc797
ffffae08
ffffa9a5
ffffa4f3
ffffa0ae
ffff9c7c
7932
66ce
446e
2044
ffffc79a
ffffae02
ffffa9a8
ffffa4fe
ffffa0a6
ffff9c74
7932
66ce
446e
2044
ffffc79a
ffffae02
ffffa9a8
ffffa4fe
ffffa0a6
ffff9c74
7931
66ce
446d
2044
ffffc79a
ffffae02
ffffa9a2
ffffa500
ffffa0ad
ffff9c73
7930
66cf
446c
2044
ffffc79c
ffffadf3
ffffa98a
ffffa50e
ffffa0c4
ffff9c6f
7931
66d0
446c
2043
ffffc79b
ffffaddf
ffffa984
ffffa529
ffffa0cb
ffff9c64
7932
66d0
446c
2042
ffffc798
ffffadda
ffffa990
ffffa538
ffffa0c2
ffff9c5c
7932
66d0
446c
2042
ffffc798
ffffadda
ffffa990
ffffa538
ffffa0c2
ffff9c5c
7932
66d0
446c
2042
ffffc798
ffffadda
ffffa990
ffffa538
ffffa0c2
ffff9c5c
7932
66d0
446c
2042
ffffc798
ffffadda
ffffa990
ffffa538
ffffa0c2
ffff9c5c
7932
66d0
446c
2042
ffffc798
ffffadda
ffffa990
ffffa538
ffffa0c2
ffff9c5c
7932
66d0
446c
2042
ffffc798
ffffadda
ffffa990
ffffa538
ffffa0c2
ffff9c5c
7932
66d0
446c
2042
ffffc798
ffffadda
ffffa990
ffffa538
ffffa0c2
ffff9c5c
7932
66d0
446c
2042
ffffc798
ffffadda
ffffa990
ffffa538
ffffa0c2
ffff9c5c
7932
66d0
446c
2045
ffffc797
ffffadfe
ffffa988
ffffa4f8
ffffa0c8
ffff9c7a
7931
66d0
446c
2047
ffffc793
ffffae27
ffffa99f
ffffa4bc
ffffa0b2
ffff9c93
7930
66cf
446c
2048
ffffc790
ffffae0d
ffffa9bf
ffffa4f6
ffffa098
ffff9c73
7930
66ce
446c
204a
ffffc790
ffffadee
ffffa9c0
ffffa52c
ffffa09a
ffff9c58
7930
66ce
446c
204a
ffffc790
ffffadee
ffffa9c0
ffffa52c
ffffa09a
ffff9c58
7930
66ce
446c
204a
ffffc790
ffffadee
ffffa9c0
ffffa52c
ffffa09a
ffff9c58
7930
66ce
446c
204a
ffffc790
ffffadee
ffffa9c0
ffffa52c
ffffa09a
ffff9c58
7930
66ce
446c
204a
ffffc790
ffffadee
ffffa9c0
ffffa52c
ffffa09a
ffff9c58
7930
66ce
446c
2049
ffffc794
ffffadff
ffffa9ac
ffffa508
ffffa0a5
ffff9c69
