0000
0000
0000
0000
0000
0000
0000
0000
0000
0000
0000
0000
0000
0000
0000
0000
0000
0000
0000
0000
0000
0000
0000
0000
0000
0000
0000
0000
0000
0000
0000
0000
0000
0000
0000
0000
0000
0000
0000
0004
0000
0007
ffff
fff8
0000
fffc
fffc
0000
0000
0000
0000
0000
0000
0000
0000
0000
0000
0000
0000
0000
0000
0000
0000
0000
0000
0000
0000
0004
0000
fffc
0000
0000
0000
0000
0000
0000
0000
0000
0004
0000
0000
0000
0000
0000
0000
0000
0000
0000
0000
0000
0003
ffff
ffff
ffff
ffff
0000
0000
0000
0000
fffc
fffc
fffd
0001
fffd
0001
0001
0001
0001
0005
0004
0004
0003
ffff
ffff
ffff
ffff
ffff
fffc
fff8
fffd
fffd
0001
fffd
0001
0001
0001
0005
0001
0004
0004
0004
0003
0003
ffff
ffff
ffff
fffb
ffff
fffc
fff8
0000
fffd
fffd
0001
0001
0001
0001
0005
0004
0000
0004
0003
ffff
ffff
ffff
ffff
fffc
0000
fffc
fffc
0000
fffd
0001
0001
fffd
0001
0005
0001
0001
0008
fffc
0004
0003
fff8
0004
0000
fffc
0000
fff9
fffd
0005
0001
0001
0004
0000
0000
0004
0000
0000
0000
0000
0003
ffff
ffff
ffff
fffc
0000
0000
0000
0000
0000
0000
0000
0000
0000
0000
0000
0000
0000
0000
0000
0000
0000
0000
0000
0000
0000
0000
0000
fffc
0000
0000
0000
0000
0000
0000
0004
0000
0004
fffc
fff8
0013
fff0
fff5
0014
fff4
0001
0004
fff5
0009
0004
fff5
0005
000c
0000
0000
0003
000a
0006
fff6
0002
0009
fff9
fff2
0006
fffa
fff0
0004
fff8
fff9
0001
fffa
0009
fffa
fffe
000a
fffe
0014
fff5
fff9
0014
fff5
0001
0008
fff9
000c
0000
fff4
000f
fffb
fffc
0012
fffe
fffa
fff7
0007
000a
ffe7
0007
0007
fff7
ffff
fff8
0004
0000
fff1
0001
0005
fff2
0002
0011
fff6
000d
000f
fff4
000b
000e
fff3
ffff
0006
ffef
fffc
0004
fff1
0001
0009
fffd
0001
fffd
fffa
0027
fff7
ffd2
0033
000a
ffe0
000b
ffff
0007
fff0
fff5
0009
fff2
fff7
fff4
002d
0030
fffb
0037
0014
ffda
fff3
ffb8
ffc6
ffc0
ff93
ffb4
ffcb
ffa2
ff8f
0034
fe79
006c
0593
0054
fe03
036d
0082
fdab
ffb8
ffbb
ffc2
ff92
ff18
fffc
fffc
fede
ffa8
00aa
ff64
ff73
00df
005d
ffe6
fffc
ffd8
0053
ffd9
ff67
0051
002d
ffc2
0010
0022
003e
0023
0011
0062
0055
0015
003f
0056
0012
001e
0055
002d
fff7
0013
fffc
ffb0
ffaa
ffc6
ffc6
ff84
ffb7
ffcd
ff3d
ffbf
ffd6
ff5d
ffff
ffad
ffce
00ad
fff9
000f
008b
0041
0041
0017
0034
0059
0037
002f
0048
006d
005f
009b
00ac
0071
00b0
00ab
0040
fffd
000d
ffc3
ff31
ff51
fee6
fe91
fe58
fd69
fdec
fed5
feeb
ffa3
009d
0114
0171
01cb
01a0
0164
0171
00e8
0048
0021
ffef
ff9f
ff9e
ffef
001f
0047
00c0
0109
00ff
012d
0133
00b2
000b
ffc8
ff6d
fe54
fe03
fd94
fc02
fbe7
fd52
fe7f
feff
0053
024e
0263
0260
0317
0243
01a0
015b
005a
0016
ff7e
fecc
ff50
ff48
ff24
ffc9
0072
00ed
0125
017f
01f8
01c1
0145
00ec
ffd6
fef2
fee1
fe08
fd78
fd59
fc4b
fc05
fd6a
fefd
ff72
0011
0202
02a7
0232
02bd
027e
0194
013a
0059
fff4
ffae
fe9e
ff2b
ffd1
ff05
ff71
00a8
00d1
010c
01bb
01d6
01f3
0198
00cc
0063
ff33
feb0
fe5f
fd44
fd37
fca6
fbaf
fc8e
fe83
ff6b
ffd4
01aa
02aa
028c
02d8
0270
0241
01cc
0076
001c
ff8f
ff43
ff39
feac
ff48
ff6e
ff7c
0091
00ed
0121
01ce
0231
01b9
0172
0145
0026
ff20
feb8
fe11
fcea
fc30
fbbc
fc11
fda7
fe72
ff77
0101
01e9
029c
030f
0313
025d
022b
01a4
0054
ffdb
ff61
fefb
feb1
fed4
ff05
ff09
ffe6
0048
00db
0198
01c8
01f5
01f6
0190
ffd8
00ab
00f0
fe5f
fef3
fe83
fc83
fc60
fa85
fbb2
febb
fb98
01c8
06fb
fe74
0295
0630
015f
0191
00f8
01c4
ffe4
fea5
ff71
fe77
fefc
fdd8
ff7b
0078
ffbe
01f0
0259
02d3
02d3
0242
0210
018e
005c
fe75
fe54
fd1a
fc63
fb9a
f96a
fae4
fcfc
fdbd
ff01
013f
02f8
0367
0443
0410
034c
0285
01ab
00d4
fee6
feae
feff
fe46
fe9c
ff33
0008
00bc
0195
0253
02d7
035a
02ab
026d
0131
ff38
fe6d
fcf9
fc51
fade
f8f4
f9aa
fb55
fd58
fe7e
007a
0323
0432
04fb
049c
0429
0340
020b
00f2
ff6f
fee2
fe20
fdf4
fe21
fe44
ff20
ffdf
0143
01d7
0249
0351
0309
02c7
0223
0111
0054
fea3
fd39
fcc6
fcc2
fb27
f7e8
fa4e
fdf5
fce1
fede
01e4
0319
0450
048b
047b
0388
029e
0177
00af
ffb5
fe32
fea3
fe78
fe23
fec9
ff99
00ec
01dd
02a3
033a
038c
0383
02a7
0100
ff88
fe87
fcff
fc03
fac9
f82d
f834
fb74
fd27
fd5b
0059
039d
042d
053b
0562
04c9
0411
023f
0112
ffa4
fe93
fdc5
fda0
fde3
fdd4
ff1c
0031
015e
0250
02d8
03ec
03c5
0368
02d7
00d8
ff10
fe33
fcac
fb05
faa4
f82a
f836
fc14
fc98
fde9
0108
0329
0498
052e
0565
04e9
042e
025d
00e6
ffeb
fe42
fdc9
fd8e
fd8b
fe28
fedb
004b
01c7
02a1
0355
0416
0407
034c
01ff
0067
ff28
fd80
fbeb
fb14
f8c2
f6c5
fa18
fca2
fc49
ff38
029c
03d4
04cd
059f
0556
051c
03d0
01bb
00aa
ff31
fdf9
fd65
fd5c
fda9
fe75
ff9f
00b0
021e
02d8
03ae
0439
039a
02ef
015e
ffd4
fead
fc7d
fb69
f991
f690
f85d
fbaf
fc7a
fd97
0120
03e9
041f
05db
05cc
04f1
04d9
0286
0175
ffc9
fe4b
fde2
fd21
fdb0
fdb4
fed8
006a
0134
0299
0347
0409
03e5
0383
02c8
001f
ff06
fd99
fb7f
faed
f776
f6ba
fabb
fbcc
fd19
ff8f
023d
043c
04df
063d
053b
04bc
0455
01b9
00df
ff18
fe0a
fde0
fd0a
fe17
fe43
ff6d
0160
01cc
0349
03c2
03ef
03ee
0248
010f
ff63
fde5
fc45
fa3b
f7b9
f6af
f9c9
fb88
fc7b
ff67
0213
044e
052d
0606
0628
0482
03f3
02c9
00b5
ff1d
fdf9
fdf8
fd2e
fd4e
fe9b
ff4a
0109
020d
0303
0417
0411
03d5
0283
00f2
feff
fdc2
fcdf
faad
f7d3
f595
f934
fc41
fbbc
007c
03e9
0386
0514
0669
05f3
03e4
0328
030c
00b3
fef2
fdec
fd63
fd7f
fd00
fe4a
ffb7
00c2
0279
0311
03ff
0463
03a6
0329
0160
fee0
fe02
fc72
fb06
f86d
f52b
f8e5
fbec
