0000
0000
0000
0000
0000
0000
0000
0000
0000
0000
0000
0000
0000
0000
0000
0000
0000
0000
0000
0000
0000
0000
0000
0000
0000
0000
0000
0000
0000
0000
0000
0000
0000
0000
0000
0000
0000
0000
0000
0008
0000
0010
0000
fff0
0000
fff8
fff8
0000
0000
0000
0000
0000
0000
0000
0000
0000
0000
0000
0000
0000
0000
0000
0000
0000
0000
0000
0000
0008
0000
fff8
0000
0000
0000
0000
0000
0000
0000
0000
0008
0000
0000
0000
0000
0000
0000
0000
0000
0000
0000
0000
0008
0000
0000
0000
0000
0000
0000
0000
0000
fff8
fff8
fff8
0000
fff8
0000
0000
0000
0000
0008
0008
0008
0008
0000
0000
0000
0000
0000
fff8
fff0
fff8
fff8
0000
fff8
0000
0000
0000
0008
0000
0008
0008
0008
0008
0008
0000
0000
0000
fff8
0000
fff8
fff0
0000
fff8
fff8
0000
0000
0000
0000
0008
0008
0000
0008
0008
0000
0000
0000
0000
fff8
0000
fff8
fff8
0000
fff8
0000
0000
fff8
0000
0008
0000
0000
0010
fff8
0008
0008
fff0
0008
0000
fff8
0000
fff0
fff8
0008
0000
0000
0008
0000
0000
0008
0000
0000
0000
0000
0008
0000
0000
0000
fff8
0000
0000
0000
0000
0000
0000
0000
0000
0000
0000
0000
0000
0000
0000
0000
0000
0000
0000
0000
0000
0000
0000
0000
fff8
0000
0000
0000
0000
0000
0000
0008
0000
0008
fff8
fff0
0028
ffe0
ffe8
0028
ffe8
0000
0008
ffe8
0010
0008
ffe8
0008
0018
0000
0000
0008
0018
0010
fff0
0008
0018
fff8
ffe8
0010
fff8
ffe0
0008
fff0
fff0
0000
fff0
0010
fff0
fff8
0010
fff8
0028
ffe8
fff0
0028
ffe8
0000
0010
fff0
0018
0000
ffe8
0020
fff8
fff8
0028
0000
fff8
fff0
0010
0018
ffd0
0010
0010
fff0
0000
fff0
0008
0000
ffe0
0000
0008
ffe0
0000
0020
ffe8
0018
0020
ffe8
0018
0020
ffe8
0000
0010
ffe0
fff8
0008
ffe0
0000
0010
fff8
0000
fff8
fff0
0050
fff0
ffa0
0068
0018
ffc0
0018
0000
0010
ffe0
ffe8
0010
ffe0
ffe8
ffe0
0058
0068
0000
0080
0040
ffc8
fff8
ff78
ff88
ff70
ff00
ff30
ff50
fee8
fea8
fff0
fc38
0018
0b40
0108
fc20
0770
01d8
fbe0
ffe0
ffe0
ffe8
ff78
fe60
0020
0020
fdb8
ff30
0148
fea8
fea8
0198
00a8
ffb8
ffe0
ff90
0090
ff98
fe98
0070
0030
ff50
ffe8
0010
0050
0020
0000
00b0
00a8
0030
0090
00d0
0050
0070
00f0
00b0
0048
0088
0060
ffc0
ffa8
ffd8
ffd0
ff38
ff90
ffb0
fe70
ff60
ff80
fe70
ffa8
fef0
ff20
00f0
ff88
ffb0
00b8
0030
0038
ffe8
0028
0080
0048
0040
0080
00e0
00d8
0170
01b8
0160
0208
0228
0170
00f8
0128
0098
ff60
ff88
fe88
fda0
fce0
fa88
fb18
fc98
fc78
fdb8
ffa8
00b0
0198
0290
0280
0248
02a8
01c8
00a0
0060
0000
ff58
ff48
ffe8
0050
00b0
01c8
0290
02b8
0358
03b0
02e8
01b8
0140
0088
fe20
fd30
fbe8
f810
f708
f938
fb20
fbc8
fe50
0280
0300
0358
0548
0410
0320
02e0
0100
0088
ff50
fdc0
fea8
fe78
fe08
ff40
00a0
01c0
0268
0368
04c0
04b8
0418
03b0
01a0
ffc8
ff88
fd90
fc08
fb50
f888
f730
f958
fc20
fcc8
fde0
01f0
0398
0308
0490
0488
0308
0298
00f8
0038
ffa8
fd58
fe48
ff88
fdc8
fe80
0100
0178
0220
03d0
0468
0510
04c0
0370
02d0
0070
ff48
fe70
fbd0
fb38
f978
f6b8
f7b0
fb20
fca8
fd48
0110
0368
0390
04a0
0440
0450
03c8
0148
00a8
ff88
fed8
fea8
fd58
fe68
fe98
fe98
00d0
01b0
0250
0400
0538
04b0
0480
0480
0270
0060
ff70
fde0
fb18
f8f8
f740
f718
f9a8
fac8
fc88
ff98
0198
0358
04b8
0548
0450
0458
03a8
0130
0048
ff48
fe58
fd90
fda0
fdd0
fda8
ff50
0018
0160
0320
03d8
0498
0508
04a0
0150
0328
03f8
feb8
ffc0
feb0
fa28
f938
f480
f5e8
fb80
f458
00a8
0c08
fae0
0360
0b90
0258
0308
0210
0400
0058
fdb0
ff30
fd00
fdd8
fb30
fe48
0048
fec8
0370
04b0
0630
06c8
0630
0650
05c0
03a0
ffc0
ff50
fc78
fa78
f820
f290
f468
f7d0
f8b0
fac8
ff38
02f8
0450
06b0
0700
0618
0510
03c0
0250
fe60
fdc0
fe38
fc80
fce8
fde8
ff88
0108
0300
04e8
0680
0838
0780
07a0
0598
01c0
0010
fcc8
fae8
f728
f210
f230
f470
f7b0
f970
fd30
02c8
0578
07d0
07e0
07c0
0698
04a8
02c0
ffc0
fe88
fcc0
fc10
fc10
fc00
fd80
fee8
01d8
0350
04a0
0750
0768
0788
06d0
0510
03d8
0070
fd48
fbe8
fb58
f750
ef60
f2e8
f988
f6a0
fa18
0028
02e8
05f0
0720
07c8
0690
0548
0358
0200
0018
fcd8
fd80
fce8
fbe8
fcf0
fe70
0130
0360
0568
0738
0898
0950
0848
0568
02a0
0090
fd28
fa98
f748
f0b0
ef30
f490
f728
f6d0
fc80
0358
0508
07f0
0928
08d8
0838
0520
0318
0050
fe08
fc18
fb68
fb88
fb00
fd50
ff70
01f8
0440
05d8
08c0
0940
0950
08e8
0558
01e0
0008
fc90
f880
f6d0
f078
ef00
f5b0
f5d8
f7c8
fdd8
0260
05d8
07d0
0928
0918
0878
0568
02c8
00f0
fd70
fc28
fb48
fad0
fba8
fcc8
ffa0
02d8
0500
0708
0958
0a18
0970
0770
0498
0230
fea8
faf0
f878
f298
ece8
f230
f658
f4b8
fa10
00f0
03d0
0670
08f8
0958
09d8
0810
0460
0280
ff90
fce0
fb50
fac8
faf0
fc30
fe60
0090
03c0
05b8
0818
0a08
09a0
0908
0668
0390
0140
fc78
f9a0
f4e0
ed30
ef30
f4b8
f560
f6d8
fdb8
03a8
04a0
08f8
09d8
0910
09d0
05c8
0410
00d8
fdb0
fc90
fa98
fb48
fae0
fce0
0000
01c0
04f8
06f0
0940
09d0
09e0
0928
0428
0208
fef8
fa28
f830
efd0
ec90
f348
f460
f620
fa98
0000
0478
0670
0a28
0918
0900
0910
0458
02f0
ff60
fd08
fc60
fa38
fbf0
fbf0
fe18
0228
0350
06e0
0890
09c0
0aa0
0800
0600
02d0
ffb0
fbf8
f700
f090
ecb8
f180
f3e0
f4d0
fa28
ff80
0470
06e8
0990
0ae8
0880
0830
0680
02a8
ff78
fcf0
fca0
fa98
fa58
fca0
fdd0
0168
03c8
0640
0930
0a00
0a68
0878
05c8
01f8
ff50
fd28
f7f8
f0e0
ea78
f028
f538
f320
fc40
0370
0318
06e8
0a98
0ac0
0770
06a0
0710
02b0
ff28
fcd8
fb60
fb28
f9a0
fbd0
fe88
00b0
0480
0640
08e0
0a90
09f0
09c0
06b8
01d0
fff0
fc60
f8c8
f250
e9d8
efb0
f4a8
