0
0
82b2e42
0
0
0
0
0
0
0
0
0
0
0
0
0
0
0
8e3358
8b4e38
88f270
88e68e
8804c6
848d84
82cb84
829d32
8151aa
7f0722
7cc522
7cc2e0
7c660e
7a8d46
7a537e
7a3a1c
79859c
786e8a
a9453d0
d35d85a
5e2ec30
24a0612
2306af2
22181c0
2209d4e
216195c
1f117b0
1c7ac5e
1c36d6c
1aca56c
13fdd6c
e5443a
df401a
afd892
3dbb02
368ae
146fcca
146eb8c
1410ec2
1350d1a
129789a
12896d2
122d080
10bfa58
f15b10
ed7cf0
e1e282
ac35be
78c140
741414
63ca5a
2eda0e
d98c2
9f1b4
d35d85a
3d03d92
260cac2
f00650
e3e988
db7712
db151c
d65bae
c5332e
cbe3da
cb24ee
c3fe70
ad4994
9707c6
9590b0
8def3a
74fa4a
812cfa
c1f62c
bc4bd8
b7e328
afd30a
b3bc2a
b6c894
b5f5a2
b13064
b5a948
b16bee
aca82e
a293a6
a2f670
a56dea
a436a6
99fe18
bfce62
bb766c
32ffdc8
193cef6
13a2116
ca5a44
bf79cc
c6b888
ca0b54
c992de
bcee0a
cc530e
c8d75c
c3b932
ba6e1a
c48ee0
c73cde
c6acda
bc1d0c
d9bc6a
cc1edc
c70342
be38ca
d722a6
d792c2
d51214
cdcdbc
e97aa0
e57e48
df148c
d61268
d93da2
de24a6
e1446e
d27bd6
da1f22
e54f34
e88796
167912e
140b74e
1404d4e
b82376
af20ce
b39380
b8cc76
b6eed6
ad1c40
b7a568
bad88e
bae0fc
b26352
c2bcc2
c221c0
becfa6
b6a37a
c1776a
bacba2
bcbd40
b9e162
b2befa
bb33e2
be4a0e
bc1dcc
b3f29a
ba861e
bf56dc
bc1c70
b6235a
bbb32c
c0020e
bda0bc
b5f440
c03fe4
c63cee
140b74e
13d9bd4
13ede92
a0faa2
9bbf16
9fe0de
a36972
a1003a
992a4e
a138a0
a2ea4a
9f102e
981a20
a4c698
a4597a
a19238
98ae18
a2b050
a9ab30
a68e86
a051c6
a6d0d2
a94df8
a5c9ce
9f598e
a36ca4
a68c5c
a27ca8
9e5cea
a2731c
a60f68
a23ec2
9add50
a1dcb8
a51ede
a0c1f6
1411d36
140a036
13dbe98
9ab9a8
95f992
9a3994
9e29f4
9a4962
9352d2
99a870
9cef3a
9914e8
9472c8
986cc4
9bfe12
98c0ca
92d3f0
988b42
a2c29e
9ed242
9953d2
9d8bc6
a19af2
9e2240
9797ba
9eae74
9fbc5e
9cd592
974c6e
9c9dac
9f6dde
9c1fe8
957200
9af948
9f3c72
9b66ae
13f3ba6
13dbe98
13dbe98
a454e4
9d2486
a39010
a6dade
a3147e
9bde32
a28408
a7ae7e
a36dee
9dbb24
a3adaa
a9579e
a59e6a
9e4fbe
a6c418
aadafe
a65f44
9ed0d4
a34890
ae0f3a
a92dfc
a07fca
a8298a
acc3a6
a96a12
a1f69a
a66ee4
b112ee
ad6fca
a54be4
ad8fbc
b0a19e
ae6746
13dbe98
13dbe98
13dbe98
a747ba
9e1394
a1f224
abd4ba
ac00c4
a17688
a8c9be
ac12a4
a9e318
a0ba56
a46532
ac1a68
a86b58
9fae42
a60668
b15016
afc41e
a520ec
a86e30
b0efd6
b1925e
a63ec6
aad278
b12084
b01b30
a5dbf0
a88798
b3ac28
b27936
a8629a
ac235a
b5f6da
b3b0b0
13dbe98
13dbe98
13dbe98
ab69c0
a221aa
a40ec4
ac9ed0
a9cade
a0eb1a
a41dd0
abc89c
aba0dc
a201d2
a3a2bc
aabb3a
a927c0
9f58c0
a4b58c
96d85e
93f5a4
8e87c4
902d16
97afb8
95e29e
8ea4f8
942882
984440
95386e
8ec440
91ebc8
9653e2
9309f4
8c58c0
9090e8
93a8d4
9050d4
13dbe98
13dbe98
13dbe98
95012a
8e7928
925832
976a00
949ee6
8e39aa
92bc60
962414
926fb6
8e8e30
907af8
956764
92103e
8c39d6
8f1436
a4a02c
a0c230
9bd492
9df404
a3d968
9f685e
992a14
9caf54
a2789c
9dde7c
98b112
999772
a0b4c4
9c0d96
95f40e
9c373c
a022d4
9bfa4c
13dbe98
13dbe98
13dbe98
a17042
9bd6a4
9e7fc8
a5c2fa
a07376
9a43b4
a0a674
a4ff16
a0ecca
9ca944
a0fa26
a60cb8
a20cac
9c3020
a2b548
abe386
a78b94
a229bc
a6e190
ac7818
a7f79a
a16216
a838bc
ad305e
a87bce
a2eba2
a61844
ae3f32
a9409c
a2f954
a8bb5e
b04be6
ab24ce
13dbe98
140c4be
14201aa
a16e1c
9afe0a
9ded78
a6344c
a0bdd6
9a0e5a
9eca78
a618a6
a0a3a0
9a6244
9d34b6
a5eb3a
a10222
995e92
9fa400
b256d4
abd036
a4321a
a6f128
b094fc
aa880a
a236e8
a86b84
ade38c
aac0ca
a35bea
a7abec
ae2d1c
aa3d8e
a23c2a
a8caa2
b0c240
acb656
143acbe
1482736
14831f2
b0b1ce
a66bc2
aa7d2a
b55c82
b03e40
a6457c
ad7da6
b745be
b5df34
ab4ffe
af0e20
bb8218
b9c616
aed7ea
b462dc
b562c6
b36eec
a7006c
a82270
b37f1c
b0e39c
a50656
a7da8c
b4d6dc
b67dec
aa10d8
ab7f5a
b7fce4
bac564
ae4836
b30ffa
bac0d6
bfb0dc
14831f2
14831f2
14831f2
b155a4
a75890
a7e4b4
b026a2
af090a
a47a0a
a84196
adab90
b37d64
a6aa0a
a766b6
af9a72
b3e298
a6dd2c
a998aa
9ddcaa
9c4750
9668fc
982e88
9d3f44
9d5784
94df94
98361c
9d30bc
9a4f0e
933e80
93af58
9953ec
95f62c
8dacac
8f6b28
955bd6
9219c6
14831f2
14831f2
14831f2
974cfa
9095f2
928f2a
9930b8
96a3ac
8f3bea
91ef34
987f54
93b1be
8ead28
9096f4
963cfa
922ecc
8d314c
92eab8
a1ddfa
9dbde0
9867e4
9aa78a
a1690a
9ce5d6
9754d0
9ed6ac
a28f24
9e7976
9a2746
9c85e8
a1bafc
9d5e1e
97cd4e
9da46c
a2ab96
9e21a8
14831f2
14831f2
14831f2
a1d0ca
9c4bdc
9f4b64
a5ddf2
a087d6
9a001a
a016e6
a5b2ae
a0cba6
9b545c
9e6fee
a5ff36
a0ed12
9a9f9c
a07e50
ab834e
a69c90
a0c0b2
a425aa
ac7834
a717d8
a0e79e
a7a982
ac8c50
a84716
a245b8
a5ad46
ad5824
a8c2d0
a23d96
a8dbc8
ad04c4
a9133e
14831f2
14831f2
14831f2
a8ef7e
a1b1f0
a53646
ad73ec
a8194e
a0f640
a75300
ae4428
a9d3ea
a32cca
a6c27a
af09fa
a9728e
a2013c
a88dc0
adaa06
a94ad8
a1bac0
a4e290
b05a4e
aa654e
a2687c
a88ece
b2575a
adbef8
a67932
a9c316
b3a46e
aeedde
a71712
ad33c2
b4a940
b1cbfe
14831f2
14831f2
14831f2
acc8d8
a2eede
a5cf1a
b58768
afa324
a5bb50
aba400
b3f1c8
afd2e8
a641d6
a98cfe
b3b698
b2d01e
a814b0
adc142
ba9574
b68360
aab6f6
ac407a
b60b88
b42d66
a7f5f6
ab55be
b36e10
b1c2f4
a634ae
a76ab6
b45048
b5c408
a9c978
adbfbc
b963f4
baede2
14831f2
14831f2
14831f2
b1beb0
a84a62
a8bdec
b1914e
afbc72
a5928e
a81ae8
b015f2
ae428c
a41c24
a428ee
af61c2
b1d8e6
a58d7e
a825ce
a11e62
9ed4a4
988e64
991a22
a0995c
9de2a4
96bca0
998060
a0cefc
9d2406
96e5fa
97e962
9cca2e
99b996
91acc0
93e8e2
9b50c8
97c88a
14831f2
14831f2
14831f2
9a172a
94056c
9649d4
9bfd6c
99b09a
926a7e
9531e2
9cf658
97f682
935f3c
94cbc4
9b1972
96f572
9185e0
959d4a
a2c888
9e5a2e
999ad2
9b23c6
a1facc
9dda52
984042
9cf492
a2beb0
9e6c1a
991c20
9a30b2
a29334
9d7386
97da2e
9b5072
a2220e
9d2bfe
14831f2
147a96a
14493f4
a14d24
9bbb2e
9f14ba
a5c5fa
a0b712
9aed7e
a07300
a6ee9c
a1f3c4
9cba0a
9eda66
a448c6
9fafb6
996bdc
9f5324
a8f9d6
afdfc4
ab7564
a55278
a8d0dc
b26880
abf4c0
a5f2f4
aa46b4
b310fe
ae5400
a89fe6
acf098
b534aa
afd26c
a9b1fc
b06cb0
b778ba
1466814
1419e20
1415600
aa3340
a3b55a
a66cfe
ae5b18
aada78
a332ea
a7fb70
af0e80
aaaaf6
a47412
a7d460
b1d806
ac4e24
a4d988
a89aa0
a7bb6c
af8994
ac90b0
a4a0b0
a840f0
b14c18
ad67f0
a52fac
aa6276
b25220
ae0512
a6ff12
a9ac02
b245aa
aea3da
a6450a
ac15b2
b42090
1416356
140d476
13d2196
afb274
a61340
aa8cc4
b5d260
b3f15e
aa400a
b033f0
b98730
b6ec92
ae250e
b29f94
bda9d4
b9943a
b0573a
b5b342
a8c536
b23964
b5e9ac
a8e004
ab0eaa
b8c24c
b30138
a8c0d0
abc1d6
b84954
bb94c6
af701a
b23bc2
bde250
bc40cc
b0fd0c
b65ab0
c05b2e
13f6dde
13a4b0c
139f4e8
a5bfb6
9c3b46
9e1608
a5ecc4
a25d88
99bbd2
9b506c
a2fd9a
a7dcf2
9c770e
9d3a5e
a5a086
a89532
9d192c
9ec108
9bc09e
98ef6e
9392de
958b2a
9c5d54
9a9f24
932f58
950882
9ba7c6
983e64
9248ea
93b37e
98c6cc
964e2e
8ec63c
9270b0
9753be
938d9c
13a08fc
139f4e8
139f4e8
96229e
9029e0
926294
97e888
9655a0
8f9d66
946768
9a0868
95cb4c
926b92
9562f8
9a910a
97249e
913bf8
937ed6
a25cf0
9df1fe
9946ca
9c1b6a
a20f80
9dbbfe
974d16
99d100
9fe5e6
9b645e
968be0
97c098
9dd298
99c6a4
953b04
996ca6
a04aaa
9bb54a
139f4e8
139f4e8
139f4e8
9f5e5c
9a2ac4
9c5b3c
a3a3f2
9f1e08
99c1a8
9e741a
a69b02
a16e50
9ca446
9efb78
a46976
a01c76
9a596a
9d745c
a9dacc
a514d2
a057f8
a39f7e
a9ce06
a561ca
9f43d8
a305d4
a9a88a
a5a562
9f4600
a29e0e
aad7ec
a5fdfa
9eef08
a2f9b8
ab4c70
a5cc64
139f4e8
139f4e8
139f4e8
a76d18
a0879c
a30586
ac4de2
a751c4
a0d344
a59dae
aed6bc
ab0ff6
a429b2
a732be
b15d8c
ac4c70
a5464c
aa401e
a7d87a
afb444
ad49da
a4fdac
a89fe6
b263c4
ae43a2
a61326
aa114e
b3ca72
aef1fa
a7e826
aab352
b53c68
b28822
aa02cc
aec824
b87406
139f4e8
139d742
139b8a2
ae1ef2
a3951c
a4fae4
b0157a
acf84a
a263e4
a5eb5e
b0cfc4
af09e0
a4e0ba
a7b882
b39e40
b124dc
a7382a
ab00cc
b4e448
b253b8
a5ebe2
a7edda
b3466c
ae89a4
a3859e
a60fee
b65536
b5ce5c
a9aeac
ab6938
b8d30c
bbd9d2
ae75d6
b1429a
bcd3f8
c05dbc
139d742
13dcfdc
1406e20
a98470
a0a9fc
a12670
b1002c
b10e46
a71c2e
a8da18
b07e8c
b00a3a
a5fdd4
a58c7e
ad7280
b33352
a60524
a6a480
a07690
9ed696
9b06e6
9cec18
a2fd8e
a39988
9bc5aa
9dba72
a420ca
a0fb40
9a1d16
9b1cc6
a0c58a
9ccb7a
94a570
95cde4
9dec86
9a51ca
1448bec
146eaa4
146eee0
95ad58
8f2d64
911028
973cdc
942c7e
8d0414
8e3a68
95e5cc
90f3d2
8c63a2
8c52d0
923108
8e34b0
8999a2
8b9bf0
9fd18c
9aea8c
962846
96ccf6
9df804
996368
946f6c
9787d2
9e0ed2
99d036
974224
98338a
9d3138
991c72
944c42
9722b4
9cec1e
986452
146eee0
146eee0
146eee0
a2e3cc
9f7ddc
a12724
a76cc2
a2fadc
9d8bd4
a0c93a
a78576
a2fdc2
9d3900
a02086
a5b890
a10908
9b10ce
9ef50a
b2a4a8
add30a
a79ff8
ab0298
b1bce0
ac8c08
a61f1a
aa7332
b29c14
ada47c
a8442a
a9b88a
b26300
ad2ff4
a789ba
aba8f2
b3f158
af2a98
146eee0
146eee0
146eee0
a7f11a
a1a782
a5a00a
afa058
a9c8d4
a3dfe6
a83b8e
b14ede
ad6b10
a7424c
ab4d6e
b3e1e6
b039f2
a90b88
acfc08
b11c52
acbcd4
a4dc0c
a7fb76
b44698
afc722
a77c0a
ab1b58
b39f30
af3a18
a7469a
aaa95a
b2b8d4
b00e8a
a6da7e
aa8bf6
b43f84
b032d2
146eee0
146eee0
146eee0
aaf964
a10bd8
a36f80
af6e02
abe6e2
a1c486
a51cd2
afa15c
ab6532
a21848
a4ca88
afff12
adffd0
a41cd6
a71b60
b401fa
af69e6
a395ee
a476b2
b6dac8
b3f4fe
a7c97c
a9ce58
b4f0a8
b3af4c
a77d64
a851ce
b4e738
b8f230
ab093e
ad7760
b85eb2
bab3c8
146eee0
146c020
144e75a
ab8ce2
a1558c
a0fd0c
a8c786
abb696
9f8c44
a0ab08
a99cae
a94608
9e45e4
9d8b80
aa5ada
aaf736
a03c10
a10ec2
9048e0
964b3a
93ee5c
8d2fee
8c3a50
955d6c
93b6b6
8bf8fe
8e1938
93f158
914eda
8b9a7a
8c65ae
91b66c
8f8070
883830
8984b4
8ef5a8
1468fd8
13e1752
13f2290
9949ae
926564
938d92
9a22ae
983e84
914e8e
93872c
9994bc
956300
914b48
91c3fa
961830
942c70
8d6732
8e6d8e
9e4f56
99b640
94a500
93db6c
9be6bc
972b58
9256f0
9532b6
9b569e
96d72e
9359f0
9374a2
978354
93a248
8d9086
8f5dd8
94d50e
900f80
141733a
14372e0
1437be2
a66162
a1d10a
a4f144
aabc72
a60e92
9f9af8
a33056
aae4a2
a5edfe
a46c94
a7a90e
ae6a5e
a9d282
a43a0e
a84610
ab39b2
a66790
a38288
a61854
acba44
a8872e
a1c050
a53b6e
ad62c2
a79480
a2173a
a3e102
adb87c
a86896
a2d67c
a6694c
ae0580
a9596e
1437be2
1437be2
1437be2
abcd2c
a400f6
a5862c
b07d10
a9e7b2
a3381c
a66424
ae7c0c
a92672
a2e2b2
a78bda
b264d0
ad28c0
a62b9a
ab16a8
ab9e60
a637fe
9dffe8
a089fa
aa4fd4
a49dce
9ca6ca
a0bfe4
aad024
a825f6
a0857e
a43858
ac109e
a9b37c
a0bcd4
a41f58
ad98ca
a8bc02
1437be2
1437be2
1437be2
ae7aca
a4373c
a7550c
b009d4
acaf42
a256e4
a5e64c
b132d2
ae7a2a
a412be
a5b6d2
b40c72
b19054
a6f4f2
aa6952
b20b12
aef732
a273ea
a20572
af4342
ac06a4
9fc306
a13d7e
abd594
ad7774
a1434c
a2a488
af8b90
b1be3a
a48b08
a6cbfe
b2d348
b67b06
1437be2
1437be2
1437be2
aef210
a4ed2e
a612f2
af727a
ae7ab4
a40726
a5ed0c
af17f8
b4a29a
a824ca
a934de
b04484
b4db20
a7e53a
a91dd6
98e850
97a08c
927032
944faa
98ce92
991404
914c7e
930df0
9996c2
969910
904b58
901542
971f74
93bd22
8d133c
8df10e
92cbc2
8e9e46
1437be2
1437be2
1437be2
95c0a2
8f7210
9060c8
98af60
95cd32
8fd75a
91ee54
9815de
93cb94
8ed546
907398
95ddee
91dece
8c7c12
8e76ae
a3e366
9ed28a
990fc2
9b5160
a1f578
9d51d8
97b898
9ad9f4
a1889c
9d2316
99e34e
9be4fa
a0149c
9c312e
970662
9a368a
a0ac0c
9bf838
1437be2
1437be2
1437be2
a86b44
a3fb9e
a6d2f6
ac24e6
a7545c
a12790
a4e2a4
acc3c4
a7b282
a3f8e0
a661f4
abeb06
a863e6
a29f0a
a691e6
aa5d2a
a5680e
9ff1f2
a34d48
a965c8
a52d26
9fd58c
a42bee
adc6b6
a7f8f0
a2118c
a577b8
ae7582
a91b9c
a2b734
a6c6ae
af3b42
aa2668
1437be2
142f36c
14036da
acbd66
a5e0b8
a8f7d6
b20ebc
ac87ba
a58774
a9fe20
b38766
af4f90
a8e7da
ad2b20
b4a666
b0400c
a9c442
aeafe8
a79e76
b22af6
ad7e7a
a54bf4
a92f42
b4efb2
b00aea
a7f402
ac0630
b60830
b1b058
aab25e
ae04c6
b815c2
b42274
ab6ffa
afefb0
ba3946
141a334
143def4
1450ac2
b23dd6
a6fcb2
a89510
b688b8
afb628
a601c8
a9bb36
b49dea
b2ee1e
a87196
ab8afa
b57b04
b16e26
a7ffaa
ab5548
b4d6ea
b1eb1a
a51f14
a6b40a
b4098e
ae156c
a282e0
a4eeba
b05688
b454de
a61212
a808de
b49478
b513c4
a8285a
aab890
b68698
bb0210
146c068
1463f74
142e924
aa9f98
a0303c
a011e6
a9f048
ab0922
9fcbfa
9ffff6
a75c16
a8ff04
9d9032
9d7bc2
a6fab6
a6c1da
9bdc44
9b352e
9ca4a8
a27e3e
9f77be
99308e
993ed0
a389ea
a0a1e0
98536a
9a7ef4
a10a1c
9cfcf8
96221a
96400e
9d5932
9a1240
9275c6
93d086
992e60
1452d3a
13ebf76
13d3bae
94fe1e
8f61da
912534
974e00
94f83c
8d5ff6
8ed02e
94fcd0
8fd32c
8bc562
8b89b8
9375e8
906b2a
897e4c
8c91a0
9379e8
9a95a4
960bd4
911728
913af8
97bb28
93afc6
8fea96
93cf92
99ddb2
958fa4
8fcd86
910f90
96b402
927b22
8d7b54
916144
94246c
13defb8
13c4aa8
13b5f86
a7bff4
a29cbe
a26918
ac39a6
a639f2
a08406
a5d96e
af4a68
a93170
a4fc6c
a59a80
ac880a
a7f412
a1a956
a6005e
adc9fa
a85c1e
a29c16
a7134e
ae458e
aa2184
a4effe
a8ec4e
afe8f4
aaf6dc
a5dcc8
a8d3e2
b04d8a
ab9946
a5512c
aac516
b068e4
ac1092
13bd8b0
13b5f86
13b5f86
a56176
9ec1b0
a14698
a8f3fe
a507fe
9d5bfe
a2423e
a84a20
a38680
9df270
a00fb4
a9600c
a4eecc
9dd340
a1ca60
ac1828
a8f5d6
a09530
a22a56
ac647a
a6acca
9e84e2
a25ae8
ac72da
a80a4c
a00e12
a3dbc2
ac1908
a7b622
a00a02
a3504a
ae10b4
aa1b84
13b5f86
13b5f86
13b5f86
a9ff0e
a025cc
a343d8
b00d8e
ab02a0
a19c94
a49b76
b0ad6c
aeb136
a49826
a74890
b183b8
b062ca
a5c2be
ab3ac6
b6bb28
b3e478
a7185c
a82f20
b2610a
b07024
a3d59a
a79bba
aff29a
b5aa2e
a71c2a
a8035a
b5d64a
b8565e
aab230
ad75dc
ba54ba
bc2a8a
13b5f86
13b5f86
13b5f86
adf7fa
a348e4
a2ee84
abd3d8
aab08e
a0389c
a1686a
aa26a0
ae9a0c
a22b92
a28826
acb62e
b111ca
a3db16
a4599a
98d9c4
968cac
90c458
926236
98ca82
992c7c
919b72
92734e
9914b8
9604d8
8fdaac
903772
94e208
91c75e
8a238e
8c21ce
8f8ca6
8deae8
13b5f86
13b5f86
13b5f86
99e74a
93f020
95c9fa
9bb5ee
997966
927c5c
95d1be
99d1ac
95f918
91e34e
92c3fe
992b68
94dfb8
919418
94ace8
9ebd7c
9b8d86
9708d2
987f60
9b99e6
97e1c8
944550
9701e0
9c8a72
982fa8
936f84
94e01e
9b3f42
96afdc
92cdca
956630
9c7d16
97a88c
13b5f86
13b5f86
13b5f86
a0b788
9b27be
9d9fb6
a5d2d8
a08f0a
9bdba6
9ee652
a55b0c
a0782c
9c2740
9f22ca
a427e2
a01c36
9b4930
9f59f0
abc18c
a6adec
a18100
a47df6
ac791c
a7cfcc
a1f860
a695ac
aba96e
a7b5e4
a2e6b0
a64964
adce66
a9b4ea
a4557a
a7bb50
aedc94
a99172
13b5f86
13b5f86
13b5f86
a40f88
9de3ba
a0e04e
a813ee
a3c53c
9d86b8
a03244
a95628
a47ed6
9d95a4
9fc114
a90a94
a431b4
9dc99c
a0d676
ae9eee
a91e70
a0f15e
a34b32
adf4e4
a84c78
a0b536
a3e266
ac87ee
a98664
a1294e
a39c14
ad29ce
ab43f4
a21b0c
a714ca
af8082
ad9dd6
13b5f86
13b5f86
13b5f86
abbb70
a15d5c
a33ca0
ad6816
aaed08
a06b88
a467b2
ad1d18
ab1c70
a19c82
a49dc6
adee20
aea412
a3d09e
a62cd8
ae1a4a
ac66ae
9fced8
a10374
b07024
b09a08
a3a8b8
a52abc
b123d2
ae10ae
a2c082
a3c09c
b02e14
b35ab4
a5e638
a7070a
b45b9a
b7a08e
13b5f86
13b5f86
13b5f86
b09874
a75b5a
a7f766
b07694
afbaf6
a5805c
a52e9a
adaf80
acc8b8
a22f54
a1c1b0
a8fcd2
aeddce
a13b3e
a2c66a
9ef0e4
9d40ca
972576
973e96
9bf5fa
9a7432
9363d6
952bd4
9a05ee
976292
90ef18
903ee2
970e02
9440dc
8d1372
8de6d4
98457a
941f3c
13b5f86
13b5f86
13b5f86
97b8d6
91eeb8
928bbc
9ac2b6
9954d8
932450
9491e2
9fbcd8
9a2678
969858
98d6cc
9f2766
9b7b0a
995406
9a7fbc
9c3944
97aad6
93992c
95565c
9bf978
983e52
951616
9669b0
9c9c50
987bfa
946bde
95ba20
9b5c9c
971f12
93dc3a
96bd16
9afc66
96d626
13b5f86
13b5f86
13b5f86
a5f9e4
a137f4
a39c5a
ab0e74
a57bd8
a0c3d4
a3dd0c
a93208
a49c7c
9ff03c
a2d81e
a9fe44
a575de
a118e0
a45bb8
accd1c
a82162
a30216
a579c4
ad68d6
a89bb6
a3cf8c
a71ace
afa970
aa4aac
a447ea
a60c26
af2124
aadc72
a63be8
aa1afc
b0a094
acc1de
13b5f86
13b5f86
13b5f86
aa2a98
a376bc
a55726
af05ca
aa77e0
a4ff5a
a8a4c6
af91d8
ac8318
a5b3ec
a8c884
b2b10c
adff10
a70648
acb8d4
aa2bc2
a6e362
9ea490
a11384
aaf7cc
a5a552
9d9ba6
a2590c
a9c75a
a78a4e
9f2ece
a17730
ab1930
a94f00
a0684c
a34422
ad09d2
a82ef8
13b5f86
13abd38
138e244
ac55c2
a244b4
a3f43c
ae6860
ac4170
a24826
a4db70
afde0e
addf64
a3e308
a55bfc
b1efc6
b3d344
a86782
abb006
b342f0
b05a92
a3f53c
a3be94
afe9e2
b0d3da
a3093e
a4e58c
ad9f26
b443c6
a5ae60
a70f50
b3c202
b7189c
a93fc4
ac956a
b595e8
b9fb20
13b4a46
13e6146
13e66ea
a7ced6
9d989a
9dba30
a5b22c
a5422e
9b445c
9d4af0
a322d4
a7aee8
9bbd18
9b37ce
a32098
a86a44
9b7aa6
9b8d68
9c74b2
9b0ed4
953db2
95e5aa
9bae8c
9cfe34
95af1e
9686a8
9d3c14
9a10fc
937c50
9345ba
99d28e
97be90
91ce64
92e2e0
96feb8
93c912
13e66ea
13e66ea
13e66ea
9652aa
8fec48
90b5ca
97f3fa
96e16c
91931a
935370
981582
940cf4
911f9a
921362
972a66
937692
8ebf00
91575e
a3b844
9fd1a8
9b5020
9bd02e
a15804
9d4988
979778
9a4676
9e6f6e
9a979c
95c746
95de7e
9b030a
96c4e8
9341fe
94a8ac
9a51fc
95c32c
13e66ea
13e66ea
13e66ea
a1d15c
9c6476
9e8c3a
a511bc
a0a156
9c6480
9e33dc
a51d5a
a07610
9cde24
9e3d52
a55284
a18bb0
9dfc94
a1171c
ac0360
a71736
a288d8
a3d406
ab7fe0
a78338
a22b7a
a4868c
aa94b0
a60c6e
a0b8f4
a3067a
aab5d2
a63e26
a0ae38
a50b80
aa4f06
a64e4c
13e66ea
13e66ea
13e66ea
a827ba
a1aca6
a464d6
acdf14
a8b446
a1b734
a63ad6
ac4dac
a81906
a1e752
a6138a
ae8b80
aac3d4
a46280
a80fb0
b0147c
abcd00
a46852
a84912
b13cb8
ace492
a5a950
a92310
b35b20
b0b036
a943ac
aad510
b4e2ca
b3269c
ab1ece
ae4f4c
b82e16
b53ecc
13e66ea
13e66ea
13e66ea
aafc46
a0ffa2
a20972
acae7e
aa60a6
a03ef0
a29c8a
ad187a
acadf0
a20f0a
a46b00
af25fa
b08078
a5340a
aa5be0
afacc2
ae9dc6
a1962e
a21102
ac2386
ac59c6
9f25da
a2b7d4
ab3bf6
af589e
a1f91c
a422d0
aecffe
b3596c
a57380
a71dba
b2d75c
b6310e
13e66ea
13e66ea
13e66ea
ac0c74
a236fc
a373a8
aac0aa
ab0920
a0fd44
a1da8c
aa434a
af420a
a35ba0
a2b50c
ab5618
b18b7a
a41676
a47d3e
9ccb10
9d6a90
96dc30
969904
9ce8dc
9ba154
95cd50
96856c
9c4720
9991a6
9399ce
94027c
996892
96eafc
8ffe06
92ddfc
9716ba
950898
13e66ea
13e5c4a
13e1b12
988ec4
943098
972dfe
9d0334
98c4fc
9525bc
95e284
9a30c4
96eb1c
9266c4
92687c
98b054
949ab4
905ea6
914a94
9d7408
a3ae48
9fa15a
9ad908
9cca44
9f8de0
9be140
97194c
9b4b44
9ff1d0
9be2ee
9749a2
9ab650
a1d95a
9d1f30
991b56
9a5486
9f51c4
13e5542
13d6eb0
13e7466
a42b0a
9e82fa
a2395a
aa3232
a4ff5e
a06d38
a26666
a8ec58
a4b03e
a131b8
a27a56
a9058c
a5388e
a0d01a
a2bf5c
ad1050
a8ba80
a300cc
a6f7f4
adcd7a
aaa576
a4790c
a967ec
af1e56
aa8ed2
a56afa
a921f0
b18086
acfeba
a768cc
ab9734
b30612
aed22a
1403da4
1429f44
1439b38
aacc5e
a437e8
a838f0
b195e0
ad28da
a6261a
a9d15a
b2236e
adb6c0
a7392c
ab21c4
b42554
b11fc0
a9e0ea
ac84dc
af770c
ab20e0
a3123e
a5a3be
ae1b56
aa27d6
a2343a
a417de
acf66c
aa98ca
a23d80
a53d40
ac6e04
a8d538
a0b33a
a53272
ae2bac
ab4136
145008c
144d992
143e240
ab8340
a13c7c
a3962e
aea3c6
ab07e6
a15500
a594b4
afd6ca
af1ca0
a51d10
a8044c
b29552
b2a452
a813c8
ab6842
b623cc
b45a1a
a74382
a8a3e4
b39bd8
b257ce
a55642
a785b8
b2bafa
b5d770
a813e8
a9bd26
b4cf8e
b90b2c
aa75e4
ab9e7a
b7464c
bb0410
1446702
143e240
143e240
a7ae78
9e21a2
9e7a20
ab6e74
ac5584
a25f46
a2b226
aa6540
aa5554
a061ee
a06366
a80d14
ac1f56
9fdf26
a0f83c
a2852e
a17fe8
9b3348
9c5fe6
a26d6a
a076c6
99d3d2
9c4226
a1af86
9eef82
987252
990bdc
9e631e
9b8b10
9415c0
95477c
9adfba
96ce80
143e240
143e240
143e240
9549b0
8ef71a
8ffb7a
955c44
937580
8cef74
8e7e62
9458ea
90064e
8ba620
8b7afe
92c42e
8ea2b6
8ab300
8bcf62
a11b4a
9c1a96
96e526
975b34
9b61b8
97284a
92c5f4
943ad6
9a2d30
95daec
9113f4
92e042
99ab48
94cb6e
9073c0
9338b0
97e1c4
938898
143e240
143e240
143e240
9d8e44
9901e0
9bd41c
a3e542
9efce0
9958e0
9c373e
a1ba96
9d6c90
98583c
9ac436
9e46bc
9a9740
954e38
987394
aff340
ab076a
a55784
ab57f6
b105d4
acaaf8
a703a2
ab608c
b45324
aed312
a961fa
ae25d8
b60bd4
b18af8
ac6260
b230dc
b81722
b48780
143e240
143e240
143e240
a65ad0
9fe498
a382a6
ada396
a8c2ea
a2506c
a7465c
ad24f4
a91520
a2a540
a56fe8
aeea4e
aa1758
a2c328
a67ac6
ac4072
a850ce
a094ec
a28e62
abd264
a6887e
9ebc7e
a16e74
a87e9e
a496c4
9ce1b4
a0fe2a
a683fc
a5842a
9cb38c
9fbc0e
a940ea
a54a7c
143e240
144fb4a
144dbc6
a99ed0
a0a160
a3739c
af1aea
af65b2
a51166
a98442
b3e966
b36524
a9c66e
ac9c10
b836e6
b56bf4
abcd16
afa68c
ac8636
b93428
bdd710
af6aec
b2a5e8
b9eeb8
b939e2
ac9d1e
af2c8a
bb3a8e
bf4872
b26602
b3ecd2
c0ecca
c1c808
b492f4
b86fc2
c3bfbe
144fb4a
143487a
1418fc4
adbcd2
a26540
a39dbc
adeb96
aa65c0
a03ddc
9f1934
a72996
a7faea
9c9b36
9d0f94
a3033a
a6faa0
9b2b74
9b1c32
9767b0
9cda2e
997ea4
936956
94dfb0
9b9c86
990746
91a960
9337a4
97e744
977d4c
8f6392
9021f0
97dd30
953268
8de006
8d638e
925d72
142819a
141717a
141717a
977e70
94fca8
9b56ec
9fc34a
9f1806
986b6c
9a1bd4
a03fc0
9b71b2
96a43c
97b1d2
9d5496
9b2720
9467f6
972020
a1d286
9e61d8
980b1c
9994aa
a11390
9c1750
97599e
99aa2a
9e7372
9a56d6
95eb7e
97427a
9d789a
98bd0e
93366a
958bda
9cc606
97cde2
141717a
141717a
141717a
a1f0c8
9cce56
9e8a06
a5b118
a06f60
9ab25c
9da86e
a43010
9fc04e
9c0dbc
9fff90
a2fb92
a03558
9aba56
9e44d0
af1944
aa4096
a46c0a
a81e1a
ad6a68
aa67d2
a432bc
a94a5e
ae28bc
aa07e4
a505f4
a8b84a
b28dce
add1ca
a87742
ac71bc
b31eee
aecd0e
141717a
141717a
141717a
a9175a
a2bb86
a63432
b08f6c
ac27c8
a5b8ee
a9d164
b12af0
acc40c
a72db6
a9cd48
b31532
ae9b72
a7270c
ab3c54
aef49a
aa3c04
a2dc2a
a4bae0
ae1e34
a8d158
a08c2c
a4118e
ad68b0
aa3a44
a244ec
a5b940
aefcdc
ac8ae4
a41c86
a96f7a
b1ad6a
ada63c
141717a
141717a
141717a
aa1294
a01ea4
a38b26
ad502a
aacdaa
a0e676
a612e4
b52816
b0f3fc
a7d67a
aaca46
b76b06
b4c5dc
aace3e
adc190
bac4e8
b5fcfc
a9a426
aa82a6
b6da42
b386c4
a74430
a91ca6
b3761a
b800f6
a95f82
a9f906
b6137e
b912ae
ab4ea2
addeee
ba251a
bcd9fe
141717a
141717a
141717a
ac50e8
a1fdda
a1658c
a8e736
a8275c
9dc106
9ee880
a6fc44
ac1860
9fb4f8
a06aac
a811c0
ae7f0c
a0f7e2
a26f86
9e73aa
9f8c30
989bce
9ac084
a08edc
9f7624
98b160
9b4856
a34496
9f9150
99d210
9a58ba
a062e8
9d0204
95453e
961a28
9aca0e
98ebae
141717a
141717a
141717a
9afe4a
953d40
96be36
9da74a
9ae758
942a5c
95df60
9b2246
96cc48
933922
93fba4
99beba
95b94e
92029e
944224
a132a6
9cf2cc
97bd3c
983a5a
9e6ed0
9a0876
94b5c4
966e10
9af710
977296
922d38
945d98
9a278c
958a78
90df74
92e26c
993a60
947408
141717a
141717a
141717a
a06f4c
9b2f26
9e4f96
a54a54
a02766
9b2302
9dab48
a56f60
a08bf6
9bc2ce
9d4470
a40cd6
9fa95c
999bfa
9cc46e
ada178
a85392
a2bede
a72cbe
af8cf6
aa9868
a49fb8
a896f0
b03d50
abd13e
a63eee
a796c0
afd71c
ab2950
a54c28
aa7b1a
ae90c2
ab422e
141717a
141717a
141717a
a5c112
9f233a
a24648
ab0370
a5ef78
9fbe52
a4a544
aac5dc
a78278
a0eaea
a3e004
abda6c
a6e25a
9fe642
a22f84
ac002e
a8df3c
a09cf4
a3132a
ab38b6
a6ba64
9e58c6
a01ed0
a9f6b0
a54afc
9d89b6
a08fac
a8f0b2
a61fc0
9d9ce6
a0cbf8
a94bd0
a6551a
141717a
141717a
141717a
abf858
a21064
a4e54e
b343a0
af415c
a55142
a8f41a
b36a74
b0440c
a6ddc4
aa0e3c
b56db0
b4df9a
aa62e4
aeff22
b7995a
b44a54
a7b686
a914bc
b430c0
b27282
a5b29e
a88cc8
b259b4
b7a534
a8fa50
aa9b60
b58f5a
b8f576
aaee1e
ac6e4a
ba65a6
bb02e0
141717a
141717a
141717a
aa0cf6
9fb5d2
a0222c
a6f0b4
a69290
9c5d7c
9c7ab8
a5b37c
a92190
9d4dda
9d1006
a73798
aac3c0
9e2782
9fd55a
9f3a06
9cd1f8
971542
98670c
9fc914
9feaea
98373a
9ac234
a1a35a
9e55ec
98554c
992004
9ea644
9b91fc
945ddc
95feb4
9a6a14
98c142
141717a
141717a
141717a
9a6d26
947f46
9647e6
9ca182
9a63a4
93eb40
964cf0
9b1d08
96f292
93ab5a
957f26
9a5f60
969cc6
941be4
95cba4
9f8088
9b7710
968bd0
98138a
9d6a7e
995c20
951214
965f68
9c74ae
97ccf4
92fedc
933804
9937fa
94918e
8f500e
91b5bc
97851c
92d594
141717a
141717a
141717a
9f0cfe
99915c
9be798
a1d64e
9cfe08
97c66e
9ac45c
a166f6
9cf9b8
98b1e6
9a8e8a
a0a2be
9cb160
97031c
9a8b82
ab877c
a6c9ac
a2029a
a48662
ab6788
a6fc5e
a12b2e
a59bf8
acb554
a86608
a33ce8
a6235a
ad9ce0
a9d54c
a44f56
a6df54
af8156
aa2e08
141717a
14580e8
1457758
ab49d8
a47470
a820f0
b09e7e
ac53c2
a556ee
a93ba2
b21b22
ae3f08
a8afde
aba2c6
b3c01e
b048dc
a94522
aecc38
a6a4e8
aec590
acfcc4
a46f8a
a7041e
b00dee
abc782
a49c8a
a6e95c
b0d1a4
aea9e6
a5f652
a9131a
b27c7a
ae0972
a5c312
a9933a
b30c44
14580e8
148d124
1495b14
b3300e
a89436
abf762
b735f0
b2478c
a88d7e
abb486
b5e4da
b52b38
ab1c9c
ae5dc4
b95646
b66942
ac94d4
afda62
b4f76e
b3b2b2
a65164
a7ea64
b2de5c
b1895e
a4c628
a732ae
b3b776
b6d7fe
a932b0
abe018
b83074
b9a732
ac6518
aebc5a
b9cc36
bda748
149f1c8
1491b74
144a040
ac589a
9fc682
a07318
a8c394
ac5a02
9fda1e
a055c0
a84e30
ab5ce2
9f887e
9f3638
a6bccc
aa554a
9ef4bc
9dacac
956858
9b7c1e
9a219e
92aa96
944554
9a8cfa
982896
90b674
917372
9647ac
935770
8ca8b4
8e152e
93be60
94ca0e
8cad76
8d0714
9278e4
1472c5e
142572a
13e76ec
96da12
9204e8
923e56
967918
92a7c6
8d50de
8e988c
93fa90
8f8c84
8a87ac
8c1112
915da2
8eb726
870888
887b74
9f15be
a4dbb8
a05766
9b42c4
9e024c
a412f6
9f4396
9af7d2
9d3c04
a2aa26
9ec0de
995838
9ab89e
a08e56
9c39a6
96578a
99256c
a03410
1409898
1417a30
14194fc
a2d6b2
9d4176
a08140
a7ec0c
a24d90
9ca60a
9dd3e4
a2bd64
9f40ba
9b00ec
9f3876
a66af2
a18766
9c11e0
9e9c50
aafaf0
a5b7c4
9f9b10
a378d8
abda8a
a649ec
a18242
a444da
aa7984
a664ba
a0d6ea
a392c6
ab6b68
a6c184
a07c42
a3a9f2
abb4fa
a64b9e
14194fc
14194fc
14194fc
a91be0
a29896
a58d74
ae2c2c
a90c06
a294b8
a61f46
af04c2
aa9b4c
a39daa
a74c2e
b08472
ab7eaa
a48e98
a96818
ae04e8
a8ee4c
a0c5ac
a41544
adb610
a81438
a048ae
a5006a
ae94ac
aa3056
a26af6
a6713e
b0c1d0
ad5f7e
a4ef44
a96e52
b20f52
b011f6
14194fc
14194fc
14194fc
b04644
a64d0c
a9b818
b4f114
b0883a
a69142
ab152e
b50d7a
b5bb0a
aadae4
ae1548
b9b544
b8a582
adfe76
b1b000
b07e2a
b09ed4
a2a75c
a35d12
adb8f0
abb3da
9f344a
a0d196
abab68
afd8c6
a21c3a
a3da10
afc2dc
b31bce
a545da
a7db48
b30a02
b5cd5c
14194fc
14194fc
14194fc
abc364
a187f6
a27ee2
aabbc2
aa4cce
9fff28
a1ba76
a99bd6
acecaa
a15a6e
a1fea6
aa8258
ae8eb2
a1ff6a
a378c0
9b1498
9928e0
92e162
94e454
9af43a
9b9012
93da78
968130
9c49c4
9a3f8e
94c110
95e638
9b88f8
986ede
91fcaa
930174
980568
943962
14194fc
14143b0
13fcbfe
9b5ee6
95e2a6
97dd32
9e7c40
9bf7fa
95f3fc
97dc18
9e1042
998526
95a254
975e8e
9ca3be
98ad9c
935c5c
95db1c
9fc70c
9b04d0
961508
981082
9de8b4
99aa76
94118e
9718ca
9cde7e
986f96
935960
9500a6
9a7428
962abc
91b9d6
94e996
99f58a
9604fe
140928e
140928e
1402300
a0bf7e
9c4e28
9e6f8a
a5169c
a03460
9bacdc
9e930c
a5f8c4
a0fddc
9be92c
9de07c
a487dc
a028d4
9aace6
9eaa9c
a7c4de
aee166
a9ca04
a48dbc
a84708
b0ceea
ab7062
a62b22
a99fe8
af8818
abccee
a77658
aa8a04
b2ba0e
ae4c12
a8aeec
ac5e96
b31686
140928e
13eb49a
13b2df4
a6106c
a02164
a352be
abb962
a7f2c8
a16318
a5d846
adb5cc
a996d6
a35466
a6dccc
aff198
ab507e
a4b344
a89348
a40d7a
ac3d3a
aa61d4
a2d1b4
a5ac86
af06fe
ac991c
a4f5ee
a88d74
b32dae
ae755a
a851de
aba7dc
b4b772
b0cd76
a938ae
ae7582
b6f8be
13cf1ea
13bedc6
13d4c92
b0884c
a5e1e2
a8a4ac
b3dcae
af76ce
a57042
a99fd2
b379c2
b27a10
a88b76
ab8396
b64712
b2ab96
a9c072
ae1e04
ae5134
af5f58
a1a25e
a24222
ac647c
a9d32e
9e346c
9fd850
ab2476
afba4e
a2317c
a3b456
af137e
b37294
a59296
a7f0e6
b1ae66
b7687e
13f79d2
140882e
14082b6
adf512
a325dc
a35042
aac9a6
b0062e
a2f384
a32d60
a9f236
af0672
a1e008
a14320
a93496
ab8874
a034b0
9f0b9e
921fa6
97b368
94a5f0
8ed2f6
8eacec
97b404
960306
8e8d12
909fbc
95c542
943ce8
8e8574
8fb216
94b8fc
93671e
8c65cc
8c6998
8ff68c
140882e
14092e0
14092e0
966aa0
8f5d68
8f963a
94d350
933ef8
8bd2e8
8c9550
90d888
8d204e
892074
8914fe
8d8a7e
89c1a2
853388
85f10c
a5b468
a28194
9d16c6
9d8d24
a83f54
a308f4
9dc918
a0b54c
a58eca
a184ba
9edc72
a1ec50
a7fc90
a3c7dc
9e7e5c
a0054a
a3e5f8
9fbf10
14092e0
14092e0
14092e0
9fbd60
9adc24
9d5572
a3c82e
9f0398
99121c
9e7ec8
a379ca
9ebd3c
9a2c9e
9c2c90
a254c2
9e9c1e
9b0ff8
9e34b0
aab508
a5917a
9f7b2c
a1460e
a81902
a451ee
9f6bf0
a1cc78
a8962a
a54502
a00de2
a11b82
a90874
a40d1a
9e2f4a
a325c8
a946c6
a61aea
14092e0
14092e0
14092e0
a92446
a2a890
a5a166
ae7218
a8d2c4
a22056
a5ee64
abfc10
a8296a
a233d0
a46278
addf5c
a8ba9e
a18626
a668d0
adc54e
aa6dda
a24640
a3edc8
ad3484
a78858
9f4830
a2ec0e
ac6108
a642de
9f191a
a220f4
aa84dc
a9b83e
a121e2
a45248
abe79a
a8db84
14092e0
14092e0
14092e0
aec93e
a598ce
a7dbda
b0c8d0
af87f2
a51626
a720b8
b2e754
afcc08
a6a8c8
a93d5c
b9058c
b49d34
ab7480
af3500
b5a4a8
b2a278
a6355e
a7296c
b567a6
b06312
a550c8
a6f8c4
b10ad2
b1b798
a538c2
a5ea94
b505f0
b3d19e
a89584
aaef02
baad4c
b89aac
14092e0
140026a
13cd834
b05e32
a4e74a
a53854
aca95e
ad8dfa
a1fee6
a228b0
af0de0
b0aa68
a55a3e
a5ba80
b0ba40
b19b9c
a6c752
a657ce
9656e6
9b4906
995df4
9293d4
915b18
97f3e0
949e8a
8c5ffa
8c84c8
92efaa
915b70
894c50
8de3b8
945b3e
922880
8d34d4
8ba108
920e62
13e900a
145c0e2
146ae5e
9b6b8a
942a9c
93e320
9d53a4
97e17a
9420ce
939868
9a4f56
985f20
914ed0
908c58
9764d8
951474
90a1f4
93abfc
9c90c4
99ed68
94186a
934c88
9a3836
9551d2
926110
949dec
9adee4
969024
90d328
93fa66
98ea7c
96469c
8f5ba2
8e9616
965f56
90713a
147b79c
146f5da
1431f96
9fc3ca
9abd3e
9e5e92
a2ddd6
a00312
9bf078
9c5c1e
a51fbe
9fc070
99b700
99ee1c
a49f70
9eda74
9b9376
9f06d2
ada894
a76f18
a05e70
a09d6c
ac222e
a52e36
9fe5c0
a506f4
a7e418
a5110c
9fb226
a031e8
a96f36
a39a00
9e1e08
a1ac82
a94aae
a44bd6
14525ce
1431f96
1431f96
a95a48
a2ac52
a2f6f2
ac72e2
a6862a
a074be
a2ae26
aa2a1c
a53754
9eff38
a3a072
a8b87e
a67336
a0c012
a57248
ae9c32
a8cb60
a0de28
a4d57c
aa3652
a7c332
9fe028
a2d22c
ace806
a6f568
9ffeaa
a134b6
aef6c4
a9f654
a22628
a60970
ab0c0a
a911ae
1431f96
146c6c4
146bf5c
adc312
a464b4
a4aca2
b41b0a
b02e62
a6b6de
a84f10
b4c844
b2b770
a8f764
ac9910
b2daca
b54d9a
a9d37c
ac54ce
a00434
af9bae
ae3a2a
a264a0
a2681c
b2837e
b2b710
a61b56
a7f0ce
b1d96a
b13c76
a5beb6
a55508
b4d88a
b7a65e
aa77a0
ab884a
b8cfe0
146c6c4
144c814
13f24d8
b1e2f2
a6a2ee
a852fc
ad6c1e
ad9cf0
a2b5bc
a24914
ad7488
aa6cb2
a02352
9efc60
aadbac
a8f078
9dd98c
9d2682
910204
9762f4
951b6c
8f79f6
8dde80
95a95c
93e79a
8bf1ec
8b8fec
9212f2
8e2eae
876e76
89f3a6
8d87b8
8c151c
85be70
851208
8c35a4
142608c
13ad3fa
13645d4
95bc68
8f525c
8ec774
96c21a
948fba
8e4676
906638
962c9c
91f564
8f4908
8dbd96
93bb72
917a48
8a6de4
8a4aa8
9b4a6c
99042c
969a66
95a06c
9cc822
98cabe
933704
93328c
990b86
948ede
8f73ec
91ea16
957ab6
921420
8c0b54
8abda0
90a29c
8b9110
1388a20
1397702
139811c
9ce6d4
96fb5c
99efd8
9de82a
9a1354
969dfa
970c14
9e934e
99c7b0
95c292
95b516
9dc5e6
993af6
936ba2
95e454
a74a4a
a29730
9db168
9d4616
a504ee
a06204
9a1f60
9f2b10
a66672
a29b88
a02758
a1e68a
aa5592
a62064
a037c6
a3eb96
a8dfb6
a4846a
139811c
139811c
139811c
aa60b6
a51144
a859bc
b1cf9c
ac749a
a5819c
a98700
af71ac
aa2e6e
a3182e
a803d4
b07ad0
acc7ac
a6d24e
a96590
ac3214
a71dc4
9f687e
a35f62
aaed1e
a733fe
a004dc
a3e234
ad1970
aa4184
a2c0ea
a3cdd8
ada9ea
a8da2a
a0f290
a55a08
ad4020
acc0bc
139811c
139811c
139811c
af65a2
a58786
a6c1ce
b792be
b192a8
a7c0e4
ac9b78
b604b4
b4f4e8
ab4040
adf316
b8f4d2
b8e908
ae21cc
b5bc7a
b16a6e
b0e25e
a40668
a4aae4
ae99dc
ad83be
a1328a
a6370a
aec8f4
b15320
a51136
a79e06
b18c8a
b913e4
a996ec
abcf1a
b6f01e
ba1d70
139811c
139811c
139811c
a957fe
9faa80
a0d07c
a6cdb2
a86a18
9daed0
9e60ba
a5a842
aaf0d0
9e9e90
9d1cfa
a903d6
ac7e40
9fa446
a1a05a
9bf102
9cc3fe
980e94
985d72
9cff8a
9c41ec
94bc62
972696
9cbaa2
9d5f90
966788
963368
9bd2f4
98da68
91524e
956a00
997b44
968c4a
139811c
139811c
139811c
9319ba
8cab06
8d0e00
92fdaa
91328a
8a2a18
8e17ce
920528
8dfa0c
88f26c
8ba8c8
8fdc88
8c404a
88dd2e
895432
a0bd50
9cf5fe
973d5e
996984
9de836
99dc10
94a916
94a6a2
985d10
957d9e
916772
90e966
94ec6a
919478
8e6f2a
91e4be
95ec9a
926e1e
139811c
139811c
139811c
9ce38c
99702a
99576a
9d7c3a
9a267e
948018
99dd02
9e2c70
9aefbc
969ee4
97617c
9d72aa
995a8e
957b40
9a8ee8
a0c558
9dc73c
987bfc
9b59e4
a25cdc
9e5dc8
99b80a
a12cac
a50608
a0d6d8
9aae0c
9ea888
a3e2be
9fa814
99d2be
9ec0d6
a4137a
a02030
139811c
139811c
139811c
a3611e
9bc482
a016c2
a610d4
a0fc0c
9a2f38
9eabf6
a8c8ac
a428ba
9f5f36
a145c6
a6b6c6
a3f2b2
9cef70
a16664
ab3808
a65d2c
a039e4
a1b048
aac5c0
a821c4
a0049e
a42e9c
abbb40
a8e882
a1aebe
a47cd6
ac9a88
ab0270
a1e55c
a6d1ea
ae009c
aa6a50
139811c
139811c
139811c
b02c80
a44a58
a61df4
af3860
acc8a0
a1c17e
a62d22
ae1876
a9bf8a
a06070
a48af0
b1ef64
af08f4
a55116
a981d2
b2815c
ae4952
a34af8
a4519a
aebdca
ab06da
9fad08
a09ea0
ab0286
a68df6
9c65bc
9d1f9c
a6e13c
ab6644
9e4a4c
a015a2
a7e7c2
a9f5ea
139811c
13c017e
13dd73e
ab5ed2
a2c55a
a2fb52
a98e32
a9934e
9f8578
9fa81a
a97544
a8f122
9edee2
9eab6c
a91dac
ac725c
a0475e
a17bb4
9fbeb6
9e48ac
987fbc
98dbd4
a0cf96
9e02a6
96f5cc
9939cc
a056a2
9c8910
951d98
96e560
9ce58c
99482e
915dd4
92a6fc
9db696
98e794
140baf2
140e0ee
14066c4
933c82
8d9790
8e22b2
934ce6
902aac
8d73a6
8f26d6
9645fa
922430
8ed2dc
8f145c
95dd80
91d6e2
8c9d92
8e6ab4
9243a0
981244
9457fc
8e5778
915cdc
974aae
942f6e
8f3ae0
91cb30
968fe0
925b9a
8f15f8
906c76
9581fa
9274de
8e812e
8f795c
95d68e
140d768
14205c8
1433774
9ef3cc
9a1c3e
9c3b4e
a2d1bc
9e1b3c
999ec4
99d304
9ff8fe
9b8ab6
95b310
988d00
a10ce0
9c05c2
96a422
9949b2
ac94fc
a93f02
a38484
a741da
adb040
aa81c6
a4aa66
a7e49c
ae6b68
aa69c2
a4f478
a63fb6
acdde4
aa24a8
a49870
a5d972
adc712
a93f06
1451b1c
1446c46
1404ada
a68114
9fc7ae
a2db40
a9db0a
a6cc42
a0c3dc
a1f0a8
aa1c94
a5af78
9fe634
a1babc
aa9bc0
a6c4fe
a09cfa
a4d286
aeb704
a9ef32
a27684
a3cb1a
afdff4
ab5b1a
a3711e
a6beba
adc920
aa8c68
a3026e
a6db30
b0cd30
adf7d6
a64934
aa64a6
b1c444
adf502
1426c8e
1404ada
1404ada
ab2372
a0b70c
a2bd1a
ab8210
a8565c
9e4a68
a0b254
ade3dc
a9e078
a09af8
a282b2
b2f5c4
b07512
a704a0
a9d24e
b70fee
b2d828
a69634
a71344
b6f7f0
b43404
a81a8c
a978f0
b92d88
bae602
adc002
adda46
bc47bc
bf605c
b11a24
b26902
bfabca
c4897a
1404ada
1404ada
1404ada
a5f92a
9ceaf6
9ba59e
aa5f48
a9f73c
a01278
9fbd96
a7b002
a76426
9d4146
9d0b78
a31d96
a818e6
9b2d76
9a2038
9d7d3e
9c6c3c
965d50
97528c
9bd198
9a489a
93f724
9433d6
9b0a0e
97bc6c
917dd8
90b2d0
97d59e
9492e4
8e4b78
8de984
94dba8
90571c
1404ada
1404ada
1404ada
9121dc
8ae17c
8a9ef6
923cc8
8fb884
8a110a
8a18e0
919e02
8cece2
8922e2
874baa
8f9910
8b3ae4
869096
86f0aa
9bd31a
971b58
962be0
94e768
9d2ed0
98bd7a
93ce5a
93ff26
99658e
9564fc
8fde24
8ff78a
942a90
90836c
8d7d20
8e38ba
93eccc
9066fe
1404ada
1404ada
1404ada
a1546a
9cc1c0
9e4bf8
a34c64
9f6ec4
9a65f8
9a3d44
9fcbb2
9c5c5e
96f95e
99fc04
a27eaa
9d70ba
98e146
99a616
aa9c9e
a757d2
a1959e
a473f4
adba16
a84584
a3bb18
a501bc
af2aaa
a98688
a6511c
a642f0
b08f64
ab2a28
a5a0a4
a943fc
b10024
ac8bc6
1404ada
1401d1c
13f5adc
a869b4
a2099e
a5bb86
aeed82
ab0536
a56ab4
a87c10
b0d664
add5c0
a6fa5c
ab8e1e
b60aa2
b03af0
aaa7c8
ac231c
a347ae
af4c90
a8faa0
a254b4
a366ae
af5048
aac010
a34f96
a5ff0e
ae1cf8
a9dcf0
a31f00
a5f6d6
af15c6
ab748a
a4e044
a7b436
b2eb1a
