0
0
0
0
0
0
0
0
0
0
0
0
0
0
0
0
0
0
0
0
0
0
0
0
0
0
0
0
0
0
0
0
0
0
0
0
0
0
0
0
0
0
0
0
0
0
0
0
0
0
0
0
0
0
0
0
0
0
0
0
0
0
0
0
0
0
0
0
0
0
0
0
0
0
0
0
0
0
0
0
3
fffffffd
ffffffee
fffffffe
2
ffffffff
1
ffffffff
0
0
0
0
0
0
1
ffffffff
1
3
fffffffd
3
1
ffffffff
1
ffffffff
1
0
fffffffc
0
0
0
1
ffffffff
4
fffffffc
ffffffef
fffffffd
3
ffffffff
1
ffffffff
0
0
ffffff48
1
fffffffc
7
b0
b
fffffff5
e
fffffff5
9
fffffffe
1
0
ffffffff
1
0
fffffffd
ffffffff
2
fffffffc
7
fffffff8
c
fffffff4
ffffff7b
fffffff8
7
fffffffc
7d
fffffffb
5
fffffffb
ffffff4e
fffffffd
fffffffe
8
ac
10
3e
2b4
41
ffffffbd
4c
ffffffb3
4f
ffffffaf
51
29f
4c
ffffffb1
4f
ffffffae
58
ffffffa5
61
28f
ffffffbd
ffffffaa
50
ffffffb8
cd
ffffffb8
49
20d
ffffff7a
ffffffbe
38
ffffffd4
f0
ffffffe8
63
293
5c
ffffffa7
5e
ffffffa4
5d
ffffffa1
4a
327
3c
ffffffc5
38
fffffe03
46
ffffffb3
58
314
ffffff98
ffffffbb
39
fffffe10
cc
ffffffc8
44
26a
ffffff68
ffffffa8
52
ffffffb8
12f
ffffffcb
8d
2ea
ffffff16
ffffff91
6d
fffffe36
63
ffffff9c
40
330
31
ffffffd1
2b
fffffe0f
3e
ffffffb7
37
29d
ffffff51
ffffffb3
46
fffffe7a
132
ffffffd4
ffffff43
1d2
ffffff01
ffffff94
66
fffffe2b
59
ffffffa6
33
373
19
fffffff0
6
fffffcd2
1b
ffffffd3
20
2ab
ffffff48
ffffffba
3f
fffffe81
12d
ffffffd6
ffffff44
1cf
ffffff04
ffffff94
64
fffffe2e
57
ffffffa6
33
366
15
fffffff9
fffffff8
fffffcef
b
ffffffe0
ffffffab
239
ffffff47
ffffffbf
a7
fffffe8a
128
40
ffffff4d
1bf
ffffff0f
ffffff90
65
fffffe34
57
ffffffa5
37
361
16
fffffffc
fffffff1
fffffcf9
3
ffffffe5
ffffffaa
237
ffffff49
ffffffbf
a5
fffffe8d
126
3e
ffffffc4
1d2
ffffff6f
ffffffc2
90
fffffec5
fa
33
ffffff6f
170
ffffff40
ffffff97
60
fffffe70
58
35
ffffffcd
252
22
fffffff2
fffffffa
fffffd6e
a
55
ffffffc2
1d2
ffffff6f
ffffffc4
8b
fffffecb
f4
37
ffffffc3
1d2
ffffff6e
ffffffc6
8a
fffffecc
f4
36
ffffff71
169
ffffff42
ffffff9e
57
fffffe81
b3
37
ffffffce
243
22
fffffff3
fffffff7
fffffde3
6b
52
ffffffc7
1c2
ffffff77
ffffffc2
89
fffffed2
f1
30
ffffff7e
1be
ffffff79
ffffffc2
88
fffffed4
ee
35
ffffff73
166
ffffff43
ffffffa0
53
fffffe86
b0
37
ffffffc5
19d
ffffff7e
ffffffce
77
fffffef2
dc
23
ffffff98
182
ffffff98
46
88
fffffee6
e2
24
ffffff8f
135
ffffff62
f
53
fffffea4
a4
2c
ffffffcc
197
ffffff82
ffffffcd
76
fffffef4
dc
20
ffffff9f
179
ffffffa0
40
8a
fffffee6
e2
22
ffffff8c
130
ffffff64
10
51
fffffeaa
a5
21
ffffffdb
17e
ffffff3d
8
79
fffffef8
d7
ffffffdb
ffffffa1
170
ffffffa1
43
80
fffffef4
d5
ffffffe3
ffffff89
131
ffffff63
11
4f
fffffeac
a6
1d
ffffffe2
175
ffffff44
4
79
fffffefa
d4
ffffffdd
ffffff9e
176
ffffffa0
45
80
fffffef2
d8
ffffffe0
ffffff8d
12f
ffffff2e
c
52
fffffee1
e1
1f
ffffffe0
141
ffffff40
8
75
fffffefc
d3
ffffffdf
ffffff9e
174
ffffffa1
46
7d
fffffef6
d6
ffffffe0
ffffff90
129
ffffff33
9
52
fffffee3
df
20
ffffffdd
151
ffffff36
a
77
fffffef3
da
ffffffde
ffffff9a
160
ffffff79
4a
82
fffffeec
de
ffffffe0
ffffff8a
139
ffffff4c
d
4f
fffffedd
e2
fffffffb
ffffffd9
153
ffffff34
d
73
fffffef8
d7
ffffffdf
ffffff9c
15c
ffffff7c
49
80
fffffeef
db
ffffffe1
ffffff84
148
ffffff45
b
56
fffffeca
f2
26
ffffffb8
15c
ffffff32
7
7e
fffffee6
e5
1
ffffff9a
16d
ffffff76
27
84
fffffee5
e3
ffffffe2
ffffff84
145
ffffff48
a
55
fffffecc
f1
24
ffffffbc
156
ffffff37
5
7e
fffffee8
e3
1
ffffff96
167
ffffff73
31
d4
fffffefe
cd
ffffffed
ffffff82
13c
ffffff4d
c
9e
fffffeda
98
23
ffffffbf
149
ffffff3d
9
c1
fffffefb
d3
6
ffffff94
167
ffffff72
34
ce
ffffff05
c7
fffffff1
ffffff82
13a
ffffff4f
b
9d
fffffedb
98
22
ffffffbb
152
ffffff33
ffffffbb
ba
ffffff02
ce
b
ffffff4c
126
ffffff72
33
d2
ffffff00
cd
31
ffffff87
137
ffffff53
6
a1
fffffed7
9a
24
ffffffbb
152
ffffff31
ffffffbf
b4
ffffff09
c9
d
ffffff4e
122
ffffff75
32
d1
ffffff02
cc
2f
ffffff80
140
ffffff4c
ffffffb6
9d
fffffed9
98
28
ffffff75
158
ffffff6f
ffffffc3
b0
ffffff0d
c5
12
ffffff48
129
ffffff6e
fffffff5
cd
ffffff06
c8
35
ffffff7e
140
ffffff4c
ffffffb8
9a
fffffedd
96
28
ffffff78
155
ffffff71
ffffffc4
ad
ffffff11
c2
13
ffffff4f
123
ffffff74
ffffffee
d5
fffffefd
d1
7f
ffffff86
13b
ffffff53
ffffffb0
a2
fffffed5
9d
64
ffffff7c
156
ffffff70
ffffffc5
fb
ffffff13
c1
56
ffffff50
120
ffffff76
ffffffee
d3
ffffff00
d0
7e
ffffff8a
136
ffffff57
ffffffaf
a2
fffffed6
9d
62
ffffff7b
156
ffffff6b
ffffffd0
eb
ffffff24
b1
c
ffffff4b
121
ffffff72
fffffff5
c7
ffffff0c
c6
3e
ffffff8c
130
ffffff5b
fffffff1
9f
fffffedc
9a
1f
ffffff7c
154
ffffff6b
ffffffd3
e5
ffffff2a
ac
e
ffffff4c
11f
ffffff73
fffffff6
c3
ffffff10
c3
3e
ffffff83
139
ffffff54
fffffff7
9b
fffffedd
9d
19
ffffff85
14b
ffffff73
4d
e7
ffffff2b
ab
ffffff90
ffffff4d
11d
ffffff75
74
c2
ffffff14
bf
ffffffc3
ffffff81
13a
ffffff53
fffffff9
98
fffffedf
9e
15
ffffff8c
143
ffffff79
4b
e5
ffffff2f
a7
ffffff92
ffffff47
127
ffffff72
78
cb
ffffff09
c7
ffffffc0
ffffff7c
149
ffffff4a
43
98
fffffed9
f6
ffffffd6
ffffff84
153
ffffff74
93
f1
ffffff25
af
ffffff8b
ffffff4a
123
ffffff75
77
ca
ffffff0b
c5
ffffffbf
ffffff7f
145
ffffff4c
44
93
fffffedf
f0
ffffffd9
ffffff82
15a
ffffff74
95
da
fffffefd
b5
ffffff86
ffffff47
129
ffffff5b
78
d1
ffffff03
cc
ffffffbb
ffffff7e
14b
ffffff4a
44
97
fffffef2
f7
ffffffd8
ffffff85
155
ffffff78
93
d9
fffffeff
b3
ffffff87
ffffff49
126
ffffff5e
77
cf
ffffff06
ca
ffffffbb
ffffff7e
14d
ffffff4a
45
97
fffffef2
f8
ffffffd9
ffffff83
159
ffffff77
7b
db
fffffefd
b4
ffffff9e
ffffff4a
126
ffffff45
5d
d1
ffffff04
cb
ffffffbb
ffffff80
149
ffffff4d
44
95
fffffef6
f4
ffffffdb
ffffff84
156
ffffff79
7b
d9
ffffff00
b2
ffffff9e
ffffff4e
11e
ffffff4b
59
cd
ffffff0a
c7
ffffffbb
ffffff5d
13f
ffffff54
1a
92
fffffefd
ed
4
ffffff87
14e
ffffff7c
53
d1
ffffff09
ab
ffffffa2
ffffff4f
11b
ffffff4e
58
cc
ffffff0d
c5
ffffffbb
ffffff5f
13b
ffffff57
19
90
ffffff00
eb
4
ffffff87
151
ffffff7d
54
d3
ffffff06
ad
ffffff9f
ffffff26
11b
ffffff4f
2e
cf
ffffff0b
c8
ffffffe3
ffffff5e
13e
ffffff55
1c
c1
ffffff03
e8
8
ffffff86
150
ffffff7e
54
d1
ffffff09
ab
ffffff9f
ffffff29
117
ffffff52
2d
cd
ffffff0e
c6
ffffffe3
ffffff60
140
ffffff56
1a
c6
fffffeff
ea
d
ffffff7f
15d
ffffff77
1a
d4
ffffff04
ae
ffffffdc
ffffff24
11e
ffffff4e
ffffffef
d2
ffffff08
cc
20
ffffff65
13a
ffffff5b
19
c4
ffffff04
e5
10
ffffff7f
15c
ffffff78
1b
d2
ffffff07
ac
ffffffdb
ffffff32
10e
ffffff5a
ffffffea
cf
ffffff0f
c5
22
ffffff66
136
ffffff5c
ffffffbd
bb
ffffff0e
dd
70
ffffff82
154
ffffff7b
ffffffbc
cd
ffffff0d
a9
37
ffffff38
107
ffffff5f
ffffffe9
cd
ffffff13
c1
24
ffffff66
135
ffffff5c
ffffffbf
b7
ffffff12
da
70
ffffff8d
146
ffffff85
ffffffb9
ca
ffffff12
a4
38
ffffff3a
105
ffffff5f
ffffff92
c4
ffffff1b
ba
80
ffffff69
12f
ffffff5f
ffffff66
b2
ffffff17
d7
c6
ffffff93
13f
ffffff89
ffffffb8
c8
ffffff15
a1
39
ffffff3b
104
ffffff5f
ffffff94
c1
ffffff1e
b8
7f
ffffff62
13a
ffffff55
ffffff6d
aa
ffffff1d
d4
6d
ffffff93
141
ffffff40
ffffffb4
ce
ffffff10
a7
35
ffffff3e
101
ffffff62
ffffffda
c5
ffffff1b
ba
36
ffffff63
139
ffffff54
ffffff71
a4
ffffff23
d0
6d
ffffff96
13d
ffffff44
ffffffb3
cd
ffffff12
a6
33
ffffff35
10a
ffffff59
ffffffe2
c0
ffffff1d
bc
30
ffffff6c
12f
ffffff5d
2
a6
ffffff23
cf
ffffffd6
ffffff98
13a
ffffff47
48
cd
ffffff14
a3
ffffffa0
ffffff32
10c
ffffff57
ffffffe5
bd
ffffff1f
bd
2c
ffffff73
127
ffffff63
0
a4
ffffff27
cb
ffffffd8
ffffff94
152
ffffff38
50
dc
ffffff06
aa
ffffff9f
ffffff87
12a
ffffff44
55
ca
ffffff0e
cd
ffffffbf
ffffff6c
13a
ffffff5c
68
b8
ffffff10
e0
ffffffd1
ffffff99
14c
ffffff3c
4f
d9
ffffff0b
a5
ffffffa3
ffffff86
12a
ffffff44
56
c7
ffffff12
cb
ffffffbe
ffffff6b
140
ffffff5b
6a
be
ffffff0b
e4
ffffffd1
ffffff95
12d
ffffff36
53
bd
ffffff06
c9
ffffffc2
ffffff84
132
ffffff40
58
cc
ffffff0c
d0
ffffffbc
ffffff6e
13b
ffffff5f
68
bc
ffffff0f
e0
ffffffd3
ffffff96
12b
ffffff38
53
bb
ffffff09
c7
ffffffc2
ffffff81
13d
ffffff3a
5b
d6
ffffff02
d8
ffffffb9
ffffff68
149
ffffff58
56
c3
ffffff06
e9
ffffffe9
ffffff91
138
ffffff30
3f
c3
fffffeff
d0
ffffffd6
ffffff84
139
ffffff3d
5a
d4
ffffff06
d5
ffffffba
ffffff6a
146
ffffff5b
55
c1
ffffff09
e6
ffffffea
ffffff68
12b
ffffff3a
39
c2
ffffff03
ce
ffffffd5
ffffff63
12f
ffffff44
30
d0
ffffff0c
d1
ffffffe1
ffffff70
13b
ffffff64
50
bf
ffffff0d
e2
ffffffe7
ffffff6d
125
ffffff3f
37
c1
ffffff05
cc
ffffffd5
ffffff65
12c
ffffff46
30
cd
ffffff10
ce
ffffffe1
ffffff40
13b
ffffff65
51
f0
ffffff0f
e0
ffffffeb
ffffff68
12a
ffffff3b
12
c2
ffffff03
ce
fffffffa
ffffff67
12b
ffffff48
2e
d2
ffffff0c
d3
ffffffdd
ffffff45
135
ffffff69
50
ed
ffffff14
db
ffffffee
ffffff68
128
ffffff3c
13
c0
ffffff06
cc
fffffff9
ffffff67
129
ffffff47
33
109
ffffff19
c7
ffffffe3
ffffff44
133
ffffff69
1d
e5
ffffff1c
d4
25
ffffff6b
123
ffffff3f
ffffffe1
b8
ffffff0f
c4
fffffffb
ffffff67
127
ffffff48
35
105
ffffff1e
c3
ffffffe5
ffffff45
131
ffffff6b
1d
e3
ffffff1f
d2
25
ffffff6c
11c
ffffff45
ffffffe0
b5
ffffff13
c2
fffffff7
ffffff1d
11c
ffffff4f
ffffffe1
ff
ffffff25
be
38
ffffff49
12b
ffffff6c
ffffffce
d8
ffffff2b
c8
27
ffffff6c
11a
ffffff47
ffffffdf
b4
ffffff14
c2
fffffff5
ffffff21
118
ffffff52
ffffffe1
fd
ffffff28
bc
37
ffffff4a
125
ffffff70
ffffffce
d4
ffffff2f
c5
23
ffffff1d
110
ffffff4d
ffffff88
b2
ffffff18
bf
4a
ffffff26
112
ffffff53
ffffff91
f2
ffffff33
b3
39
ffffff4a
123
ffffff72
ffffffce
d2
ffffff31
c4
22
ffffff20
10c
ffffff50
ffffff88
b1
ffffff1a
be
48
ffffff26
112
ffffff54
ffffffe7
f8
ffffff2d
bb
32
ffffff52
11c
ffffff32
ffffffc5
db
ffffff29
cd
1c
ffffff24
108
ffffff54
ffffffca
b5
ffffff17
c0
0
ffffff29
10e
ffffff57
ffffffe7
f7
ffffff2f
bb
2f
ffffff57
116
ffffff36
ffffffc3
da
ffffff2b
cc
1b
ffffff1d
10f
ffffff4e
ffffffd0
b0
ffffff19
c1
fffffffc
ffffff2f
106
ffffff5e
4d
fa
ffffff2e
bb
ffffffc3
ffffff59
114
ffffff38
2d
da
ffffff2d
c9
ffffffb3
ffffff1c
10f
ffffff4d
ffffffd2
ad
ffffff1c
c0
fffffff9
ffffff35
ff
ffffff63
4b
f9
ffffff31
b8
ffffffc4
ffffff54
11f
ffffff2f
31
e2
ffffff27
ce
ffffffb3
ffffff59
120
ffffff41
1f
b3
ffffff12
c9
ffffffab
ffffff2e
107
ffffff61
97
10a
ffffff24
c4
ffffffbe
ffffff58
11a
ffffff32
31
df
ffffff2c
c9
ffffffb6
ffffff59
11f
ffffff42
20
b0
ffffff16
c7
ffffffab
ffffff58
126
ffffff3f
5d
c1
ffffff03
d7
ffffffa0
ffffff2c
10a
ffffff63
96
dd
ffffff12
d6
ffffffb0
ffffff5c
11a
ffffff36
69
c1
ffffff19
db
ffffffaa
ffffff59
124
ffffff40
51
ba
ffffff0a
d1
ffffffa5
ffffff5b
122
ffffff42
5c
bf
ffffff06
d5
ffffffa0
ffffff29
10f
ffffff64
97
ec
ffffff03
e4
ffffffd7
ffffff59
123
ffffff30
3e
c9
ffffff11
e4
ffffffa6
ffffff52
130
ffffff3a
52
c5
fffffefd
dd
ffffffcb
ffffff59
12a
ffffff3f
5c
cb
fffffef9
e0
ffffffbe
ffffff2d
10a
ffffff68
95
eb
ffffff05
e2
ffffffd7
ffffff58
120
ffffff32
5
c2
ffffff18
df
ffffffe2
ffffff59
125
ffffff44
4d
c2
ffffff02
d7
ffffffce
ffffff5a
126
ffffff40
24
c0
ffffff05
d5
ffffffc5
ffffff2d
109
ffffff68
68
e2
ffffff0f
d9
ffffffdc
ffffff57
120
ffffff32
7
be
ffffff1c
dd
ffffffe1
ffffff56
128
ffffff42
13
c4
ffffff00
da
8
ffffff5c
124
ffffff43
21
c6
ffffff00
d9
fffffffe
ffffff2c
10c
ffffff65
30
df
ffffff13
d6
ffffffdf
ffffff53
123
ffffff2f
8
be
ffffff1c
de
ffffffe1
ffffff57
126
ffffff43
14
c1
ffffff03
d8
7
ffffff57
12a
ffffff3e
ffffffea
c4
ffffff02
d8
0
ffffff29
10e
ffffff65
30
e3
ffffff0f
db
15
ffffff58
11f
ffffff33
3
c3
ffffff18
e1
ffffffdf
ffffff27
128
ffffff70
15
c1
ffffff03
d8
9
ffffff57
129
ffffff3f
ffffffec
c0
ffffff07
d5
1
ffffff3a
fc
ffffff75
24
e7
ffffff0b
e0
6e
ffffff6a
10a
ffffff45
fffffff7
c9
ffffff14
e6
3a
ffffff38
116
ffffff7e
b
c5
ffffff00
dc
64
ffffff66
117
ffffff4d
ffffffe4
c2
ffffff08
d5
4c
ffffff40
f6
ffffff79
22
e6
ffffff0d
e0
6b
ffffff47
104
ffffff8b
4
c4
ffffff06
d4
66
ffffff64
118
ffffff47
ffffff68
b0
ffffff1c
c3
57
ffffff3a
fb
ffffff72
ffffffbf
d6
ffffff1c
d4
6d
ffffff47
102
ffffff8d
4
c2
ffffff0a
d1
68
ffffff64
118
ffffff45
ffffff6d
aa
ffffff22
be
59
ffffff27
112
ffffff60
ffffffc8
d3
ffffff1e
d3
1c
ffffff35
117
ffffff80
c
c5
ffffff05
d5
24
ffffff5a
128
ffffff3a
ffffffb4
b1
ffffff19
c6
11
ffffff28
111
ffffff5f
ffffffcc
cd
ffffff24
ce
1e
ffffff36
115
ffffff81
d
c1
ffffff09
d2
25
ffffff51
131
ffffff33
ffffffb9
ad
ffffff1a
c8
b
ffffff2f
109
ffffff67
3c
ce
ffffff24
cd
ffffffaa
ffffff37
113
ffffff83
81
c0
ffffff0b
cf
ffffffb4
ffffff4f
132
ffffff31
ffffffbc
aa
ffffff1c
c8
7
ffffff36
102
ffffff6c
3a
cc
ffffff28
c9
ffffffac
ffffff36
114
ffffff84
81
c3
ffffff09
d2
ffffffb2
ffffff4f
134
ffffff2f
b
a7
ffffff20
c4
ffffff5d
ffffff30
107
ffffff1c
3b
ce
ffffff27
cb
ffffffaa
ffffff38
110
ffffff87
80
c2
ffffff0b
d1
ffffffb1
ffffff52
130
ffffff32
b
a4
ffffff25
bf
ffffff60
ffffff2c
10d
ffffff17
39
db
ffffff1b
d7
ffffffa2
ffffff33
117
ffffff56
83
cd
fffffeff
db
ffffffac
ffffff4c
10a
ffffff2c
3a
ae
ffffff19
c9
ffffff87
ffffff30
108
ffffff1b
38
d9
ffffff1e
d5
ffffffa2
ffffff36
112
ffffff5a
81
cb
ffffff02
d8
ffffffad
ffffff4e
109
ffffff2e
38
b1
ffffff16
10a
ffffffc2
ffffff30
108
ffffff1b
38
db
ffffff1e
d5
ffffffa3
ffffff32
116
ffffff57
54
cb
ffffff01
d9
ffffffdd
ffffff51
105
ffffff31
37
af
ffffff19
107
ffffffc2
ffffff32
104
ffffff1e
37
d9
ffffff22
d2
ffffffa5
ffffff36
102
ffffff21
31
e3
ffffff18
db
ffffffd2
ffffff34
114
ffffff59
54
ce
fffffeff
da
ffffffdd
ffffff50
107
ffffff30
36
dc
ffffff15
e4
ffffffe6
ffffff36
ff
ffffff23
32
e0
ffffff1d
d7
ffffffcb
ffffff3a
fd
ffffff25
30
e2
ffffff1b
d9
ffffffd2
ffffff2d
11a
ffffff55
1c
ce
fffffefe
dc
17
ffffff52
106
ffffff32
34
df
ffffff14
e5
ffffffe7
ffffff32
104
ffffff1e
fffffffa
dd
ffffff22
d3
ffffffd0
ffffff33
104
ffffff1f
6
df
ffffff1f
d6
ffffffd5
ffffff2c
119
ffffff55
1d
cb
ffffff02
da
16
ffffff3d
f6
ffffff2a
fffffff5
db
ffffff25
d1
a
ffffff3e
f6
ffffff2b
1
dc
ffffff23
d4
ffffffd1
fffffefb
10a
ffffff61
17
c9
ffffff08
d5
14
ffffff41
f2
ffffff2d
fffffff4
d9
ffffff27
d0
9
ffffff41
f2
ffffff2e
0
da
ffffff26
d2
ffffffd0
ffffff03
101
ffffff69
11
cb
ffffff08
d3
17
ffffff3e
f6
ffffff28
ffffffab
d6
ffffff2a
ce
55
ffffff43
f1
ffffff2e
ffffffb4
d9
ffffff27
d3
19
ffffff09
fa
ffffff6e
f
ca
ffffff0c
cf
19
ffffff3d
f6
ffffff27
ffffffad
d3
ffffff2d
cd
54
ffffff3f
f5
ffffff27
ffffffc3
143
ffffff3d
c0
25
ffffff05
fc
ffffff6b
ffffffaf
c1
ffffff15
c8
7f
ffffff40
f3
ffffff28
ffffff50
c8
ffffff38
c4
56
ffffff3e
f5
ffffff25
ffffffc8
13b
ffffff45
ba
28
ffffff05
fa
ffffff6c
ffffffaf
c0
ffffff17
c7
7d
ffffff36
ff
ffffff19
ffffff5c
bb
ffffff44
126
5f
ffffff38
f7
ffffff25
ffffffc4
ee
ffffff3e
c3
20
ffffff0b
f3
ffffff73
fffffffd
c7
ffffff13
cb
2a
ffffff37
ff
ffffff16
ffffff62
b3
ffffff4c
120
61
ffffff39
f4
ffffff29
ffffffc2
ee
ffffff3e
c4
1c
ffffff0e
f0
ffffff72
3
bb
ffffff1f
c5
22
ffffff47
ec
ffffff26
fffffff0
ad
ffffff56
113
ffffffd2
ffffff42
e7
ffffff35
4e
e4
ffffff48
ba
ffffff92
ffffff0c
f1
ffffff70
6
b8
ffffff21
c6
1e
ffffff4e
e4
ffffff2c
ffffffee
ab
ffffff5a
10f
ffffffd4
ffffff37
f5
ffffff28
54
f2
ffffff40
c2
ffffff8f
ffffff41
106
ffffff63
55
c2
ffffff14
d4
ffffffd3
ffffff46
ee
ffffff22
33
ba
ffffff4d
124
ffffffd0
ffffff3b
f0
ffffff2c
53
f0
ffffff44
be
ffffff92
ffffff40
105
ffffff63
56
bf
ffffff17
d2
ffffffd2
ffffff43
f4
ffffff1b
34
c3
ffffff46
132
ffffffcd
ffffff33
f8
ffffff24
56
df
ffffff3b
e4
ffffff8b
ffffff39
10e
ffffff43
57
af
ffffff09
df
ffffffcc
ffffff48
ef
ffffff1f
33
c1
ffffff4a
12f
ffffffce
ffffff35
f4
ffffff27
55
dd
ffffff3e
e1
ffffff8c
ffffff39
110
ffffff43
55
b6
ffffff01
e6
ffffffca
ffffff43
f5
ffffff18
37
c3
ffffff11
108
ffffffce
ffffff2f
fb
ffffff20
59
e1
ffffff05
e4
ffffffb8
ffffff39
10e
ffffff45
54
b5
ffffff04
e4
ffffffca
ffffff45
f2
ffffff1a
38
c0
ffffff15
105
ffffffcf
ffffff30
f9
ffffff22
58
e3
ffffff04
e3
ffffffba
ffffff34
112
ffffff43
31
b5
ffffff02
e5
ffffffef
ffffff44
f3
ffffff18
14
c1
ffffff15
108
fffffff3
ffffff34
f4
ffffff26
56
e1
ffffff08
df
ffffffbc
ffffff34
110
ffffff45
31
b3
ffffff05
e3
ffffffef
ffffff43
f3
ffffff17
1b
f3
ffffff23
fb
fffffff9
ffffff34
f2
ffffff28
25
da
ffffff10
d8
fffffff1
ffffff38
10a
ffffff48
0
ad
ffffff0d
dc
fffffff1
ffffff43
f2
ffffff17
1d
ee
ffffff29
f6
fffffffb
ffffff35
ef
ffffff2b
24
d8
ffffff13
d6
fffffff1
ffffff39
106
ffffff48
6
db
ffffff1c
ce
fffffff8
ffffff43
ef
ffffff1a
fffffff0
e4
ffffff33
ed
2b
ffffff3b
e8
ffffff31
fffffff6
cf
ffffff1d
cc
fffffff3
ffffff39
105
ffffff48
8
d7
ffffff21
ca
fffffffa
ffffff44
ed
ffffff1c
fffffff0
e2
ffffff36
eb
2a
ffffff39
e9
ffffff2d
0
120
ffffff30
bb
fffffffe
ffffff34
107
ffffff46
ffffffbf
cd
ffffff2a
c4
49
ffffff48
e8
ffffff1f
ffffffa6
d7
ffffff40
e1
2c
ffffff39
e8
ffffff2d
3
11a
ffffff37
b5
1
ffffff33
106
ffffff47
ffffffc0
cb
ffffff2c
c3
47
ffffff36
105
ffffff45
ffffff67
c2
ffffff36
b9
4e
ffffff45
ea
ffffff1b
ffffffb2
125
ffffff52
d0
35
ffffff35
ea
ffffff2b
ffffffbd
110
ffffff40
af
4d
ffffff37
102
ffffff49
ffffff78
c3
ffffff35
bc
48
ffffff36
104
ffffff45
ffffff6a
be
ffffff3a
b6
4e
ffffff3f
f0
ffffff13
ffffffb7
122
ffffff56
d0
36
ffffff36
e6
ffffff30
ffffffb4
c2
ffffff34
bc
42
ffffff41
f9
ffffff52
ffffffc8
ce
ffffff2c
c5
41
ffffff3b
101
ffffff48
ffffffae
bf
ffffff39
ff
50
ffffff40
ef
ffffff13
ffffffba
11d
ffffff5b
cc
37
ffffff32
105
ffffff47
ffffffd1
c8
ffffff30
c4
40
ffffff3c
102
ffffff43
ffffffb8
b1
ffffff4a
ef
ffffff98
ffffff37
f4
ffffff10
59
119
ffffff60
c7
ffffffa0
ffffff2e
107
ffffff45
ffffffd3
c6
ffffff31
c6
3b
ffffff42
fd
ffffff45
ffffffbb
a9
ffffff54
e6
ffffff9d
ffffff3f
eb
ffffff18
55
116
ffffff62
c5
ffffff9f
ffffff35
101
ffffff47
53
b9
ffffff41
150
ffffffcb
ffffff3d
fd
ffffff46
37
a6
ffffff57
e3
ffffff9c
ffffff43
e6
ffffff1c
53
116
ffffff63
c5
ffffff9d
ffffff39
fd
ffffff49
54
b4
ffffff49
148
ffffffd0
ffffff2e
10d
ffffff3a
3d
aa
ffffff19
ec
ffffff96
ffffff3c
ed
ffffff16
8c
fa
ffffff2a
d2
ffffff94
ffffff33
106
ffffff42
59
ba
ffffff45
154
ffffffd0
ffffff2e
10c
ffffff3b
3e
a7
ffffff1d
e9
ffffff97
ffffff3f
e8
ffffff1b
89
fa
ffffff2b
d1
ffffff93
ffffff2d
10d
ffffff3c
2b
b5
ffffff4b
152
ffffffd4
ffffff29
110
ffffff38
40
a6
fffffef3
e8
ffffffc3
ffffff3b
ea
ffffff18
62
fb
ffffff2c
d0
ffffff94
ffffff2d
10c
ffffff3c
2d
b0
ffffff50
14d
ffffffd6
ffffff2b
10d
ffffff3b
3f
a4
fffffef6
e5
ffffffc4
ffffff3d
e4
ffffff20
5d
f9
ffffff2d
d1
ffffffd8
ffffff38
100
ffffff45
29
ac
ffffff1d
10b
ffffffd8
ffffff2f
108
ffffff3e
42
d3
ffffff02
da
ffffffca
ffffff3c
e2
ffffff22
5b
f9
ffffff2e
d1
ffffffd6
ffffff3c
fb
ffffff48
29
aa
ffffff21
108
ffffffd9
ffffff32
104
ffffff43
3d
da
fffffefc
9f
ffffffc8
ffffff3b
e3
ffffff1f
2d
f9
ffffff30
cf
ffffffd9
ffffff36
101
ffffff44
fffffffb
a8
ffffff22
10a
a
ffffff36
ff
ffffff48
3b
da
fffffefe
9d
ffffffc8
ffffff3d
e0
ffffff21
2d
f6
ffffff34
cc
ffffffda
ffffff37
100
ffffff46
fffffff9
a9
ffffff21
10c
c
ffffff33
102
ffffff46
c
db
fffffefd
9d
fffffff8
ffffff3b
e1
ffffff1f
fffffffd
f7
ffffff33
ce
a
ffffff3b
fb
ffffff49
fffffff8
a7
ffffff25
109
d
ffffff34
100
ffffff48
c
d8
ffffff00
9b
fffffff8
ffffff46
d4
ffffff2b
fffffff9
f3
ffffff39
c7
d
ffffff3d
f8
ffffff4a
ffffffaf
9f
ffffff2e
102
5a
ffffff39
f9
ffffff4d
ffffffbf
d2
ffffff06
97
43
ffffff4b
ce
ffffff30
fffffff8
f1
ffffff3d
c4
f
ffffff3d
f7
ffffff4a
ffffffb1
9c
ffffff31
100
5a
ffffff3b
f8
ffffff4f
ffffffb9
d9
ffffff00
99
47
ffffff44
d6
ffffff27
ffffffa5
f5
ffffff3b
c7
68
ffffff37
fe
ffffff45
ffffff59
9f
ffffff2c
109
b0
ffffff41
f2
ffffff54
ffffffb8
d7
ffffff04
96
49
ffffff44
d5
ffffff27
ffffffa7
f2
ffffff3e
c5
67
ffffff2f
108
ffffff3a
ffffff61
95
ffffff35
103
5e
ffffff39
fa
ffffff4b
ffffffbf
d1
ffffff0a
90
5
ffffff3f
d9
ffffff24
fffffff0
f4
ffffff3d
c7
1f
ffffff30
107
ffffff39
ffffff64
90
ffffff3a
ff
5f
ffffff3b
f8
ffffff4c
ffffffc1
cc
ffffff0f
8c
6
ffffff33
e4
ffffff1b
fffffff8
ef
ffffff3e
ca
18
ffffff3a
fc
ffffff43
fffffff6
93
ffffff3a
ff
ffffffc6
ffffff3d
f5
ffffff4e
5a
ca
ffffff13
87
ffffff71
ffffff2f
e6
ffffff19
fffffffb
ec
ffffff3f
cb
13
ffffff42
f4
ffffff49
fffffff4
92
ffffff3e
fb
ffffffc7
ffffff33
103
ffffff44
5f
d9
ffffff03
8f
ffffff68
ffffff1f
f8
ffffff06
0
a3
ffffff3a
13b
ffffffc6
ffffff32
105
ffffff3e
45
9e
ffffff2f
10f
ffffffc1
ffffff37
ff
ffffff47
5e
d7
ffffff06
8d
ffffff68
ffffff21
f5
ffffff07
2
9e
ffffff40
135
ffffffc9
ffffff2e
109
ffffff3d
45
a5
ffffff28
117
ffffffbf
ffffff32
106
ffffff41
62
db
ffffff02
aa
ffffff64
ffffff1b
fa
ffffff01
24
a2
ffffff1a
122
ffffffc8
ffffff30
105
ffffff40
44
a4
ffffff2a
115
ffffffbf
ffffff34
103
ffffff43
63
d8
ffffff06
a7
ffffff65
ffffff1b
f9
ffffff01
1e
ac
ffffff10
fd
ffffffc3
ffffff2e
109
ffffff3d
44
cf
ffffff24
f6
ffffffbc
ffffff30
107
ffffff40
64
df
fffffeff
ac
ffffff85
ffffff1f
f3
ffffff06
1b
ac
ffffff12
fb
ffffffc3
ffffff30
106
ffffff3f
44
cd
ffffff28
f3
ffffffbd
ffffff31
106
ffffff40
40
d5
ffffff1f
fc
ffffffe5
ffffff34
103
ffffff44
60
e6
fffffef8
b2
ffffffad
ffffff23
ee
ffffff09
16
b1
ffffff0e
100
ffffffe6
ffffff2f
107
ffffff3d
46
fc
ffffff29
f3
ffffffe3
ffffff33
103
ffffff43
3f
d3
ffffff22
fa
ffffffe5
ffffff2e
108
ffffff41
2d
e7
fffffef6
b5
ffffffde
ffffff27
e8
ffffff0e
e
ba
ffffff06
d2
ffffffe0
ffffff32
105
ffffff3e
46
fe
ffffff2a
f2
ffffffe5
ffffff2e
108
ffffff3f
18
d1
ffffff25
f9
ffffffe9
ffffff2d
107
ffffff41
2e
e4
fffffefa
b3
ffffffdd
ffffff41
f6
ffffff4c
3d
100
ffffff29
f3
29
ffffff3a
fb
ffffff4b
11
d2
ffffff24
fa
2d
ffffff39
fa
ffffff4d
27
e4
fffffefc
b3
15
ffffff46
f0
ffffff50
3b
ff
ffffff2b
f1
28
ffffff3d
f7
ffffff4e
10
d1
ffffff26
f9
2b
ffffff45
ed
ffffff57
21
e2
ffffff01
ae
17
ffffff47
ee
ffffff50
fffffffc
f7
ffffff33
eb
69
ffffff43
f1
ffffff52
ffffffcf
cc
ffffff2b
f5
6a
ffffff4a
e7
ffffff5c
1f
e0
ffffff04
ab
19
ffffff47
ed
ffffff50
fffffffe
f4
ffffff36
e9
68
ffffff49
ec
ffffff4f
ffffff94
e8
ffffff42
dc
6f
ffffff40
f4
ffffff4c
ffffffdc
12a
ffffff3e
e3
73
ffffff46
e8
ffffff5b
ffffffca
d6
ffffff0d
a5
73
ffffff4a
e9
ffffff51
ffffffab
e7
ffffff43
dc
6c
ffffff45
ef
ffffff4b
ffffff9a
e1
ffffff48
d8
70
ffffff30
108
ffffff38
ffffffe7
12c
ffffff44
e0
25
ffffff31
fd
ffffff4c
ffffffcb
e0
fffffeff
b3
72
ffffff4b
ea
fffffef0
ffffff9e
fa
ffffff35
ec
6c
ffffff41
f5
ffffff46
ffffffde
ee
ffffff3f
e4
29
ffffff32
106
ffffff38
ffffffea
126
ffffff4c
d9
29
ffffff23
109
ffffff3f
ffffffe2
c2
ffffff1e
99
ffffffbf
ffffff44
ef
fffffeeb
ffffffb4
dc
ffffff52
cd
ffffffbd
ffffff37
fc
ffffff3c
fffffff2
cf
ffffff5d
c6
ffffff7c
ffffff28
10d
ffffff2f
fffffffc
109
ffffff64
c2
ffffff9a
ffffff1c
10d
ffffff3c
ffffffe6
bd
ffffff23
95
ffffffc0
ffffff46
ef
fffffee8
1e
ef
ffffff45
db
ffffffb7
ffffff2e
109
ffffff31
fffffff3
d6
ffffff58
cf
ffffff73
ffffff21
115
ffffff2b
70
11a
ffffff5c
cc
ffffff95
ffffff71
119
ffffff34
41
ca
ffffff13
a2
ffffffb6
ffffff4f
e6
fffffef0
19
f0
ffffff46
da
ffffffb7
ffffff1c
11c
ffffff27
72
128
ffffff56
d3
ffffff92
ffffff67
129
ffffff27
49
ce
ffffff0e
f1
ffffffb7
ffffff43
f2
fffffee1
1b
bc
fffffef0
e4
ffffffb1
ffffff21
115
ffffff2e
6e
128
ffffff58
d0
ffffff93
ffffff68
127
ffffff28
4a
ca
ffffff13
ed
ffffffb9
ffffff46
ec
fffffee7
1b
b8
fffffef7
df
ffffffb1
ffffff28
10b
ffffff36
6b
eb
ffffff27
100
ffffffcd
ffffff6b
121
ffffff2d
49
c5
ffffff19
e7
ffffffbb
ffffff48
e9
fffffeea
1b
b6
fffffefa
dd
ffffffb1
ffffff2b
106
ffffff3a
6a
e9
ffffff2b
fc
ffffffcf
ffffff69
11e
ffffff2f
11
bb
ffffff24
dd
ffffffbf
ffffff1f
e2
ffffff1f
1c
ae
ffffff06
d2
ffffffb7
ffffff2f
100
ffffff3d
3d
de
ffffff38
ef
ffffffd5
ffffff67
11e
ffffff2f
12
b8
ffffff27
db
ffffffbf
ffffff22
de
ffffff22
1c
ac
ffffff0a
cf
ffffffb8
ffffff33
fc
ffffff41
38
e5
ffffff32
f5
a
ffffff6b
11b
ffffff33
c
be
ffffff21
e1
ffffffea
ffffff23
de
ffffff21
1e
e6
ffffff0b
cf
ffffffe8
ffffff34
f9
ffffff44
37
e3
ffffff35
f3
a
ffffff6e
117
ffffff37
a
bd
ffffff23
e0
ffffffe9
ffffff26
db
ffffff22
1d
e8
ffffff0c
ce
ffffffeb
ffffff30
fd
ffffff41
e
e4
ffffff35
f4
35
ffffff6d
119
ffffff36
ffffffdf
be
ffffff21
e3
11
ffffff2a
d6
ffffff25
1d
e5
ffffff10
ca
ffffffed
ffffff31
fb
ffffff43
e
e2
ffffff38
f2
35
ffffff75
111
ffffff3d
ffffffda
bf
ffffff21
e2
13
ffffff27
d9
ffffff21
ffffffcf
e1
ffffff14
c7
40
ffffff32
fb
ffffff43
ffffffbd
e2
ffffff39
f3
84
ffffff7a
10b
ffffff42
ffffffd9
bd
ffffff25
de
15
ffffff27
d8
ffffff21
ffffffd1
de
ffffff18
c5
3f
ffffff40
ec
ffffff4f
ffffffb9
de
ffffff3e
eb
85
ffffff7a
108
ffffff43
ffffff7a
b5
ffffff2e
d7
79
ffffff2c
d2
ffffff25
ffffff70
d7
ffffff1e
c2
9d
ffffff46
e5
ffffff54
ffffffb8
dc
ffffff42
e7
87
ffffff7a
108
ffffff43
ffffff7c
b2
ffffff31
d5
78
ffffff22
dd
ffffff18
ffffff79
ce
ffffff26
be
34
ffffff45
e4
fffffefe
ffffffb3
e2
ffffff3d
ee
83
ffffff80
105
ffffff47
ffffffce
b6
ffffff2e
d8
22
ffffff22
dd
ffffff16
ffffff7e
c8
ffffff2c
ba
34
ffffff48
df
ffffff02
ffffffb1
e2
ffffff3e
ed
81
ffffff74
116
ffffff39
ffffffd2
b8
ffffff28
e2
1d
ffffff22
dc
ffffff14
fffffffc
d0
ffffff25
c0
ffffffaf
ffffff43
e4
fffffefc
33
ea
ffffff39
f3
3
ffffff72
117
ffffff37
ffffffd5
b5
ffffff2a
e2
19
ffffff29
d5
ffffff19
fffffffb
ce
ffffff29
bc
ffffffb0
ffffff44
e3
fffffefc
28
8c
ffffff23
10b
fffffff8
ffffff75
11e
ffffff33
2d
c1
ffffff1d
ef
ffffffb9
ffffff22
da
ffffff12
55
dc
ffffff1c
c8
ffffffa8
ffffff4a
dc
ffffff03
23
8f
ffffff22
10c
fffffff6
ffffff79
11a
ffffff35
2d
be
ffffff21
ec
ffffffb9
ffffff42
e4
ffffff07
5b
e5
ffffff14
cf
ffffffa4
ffffff42
e4
fffffef9
23
97
ffffff18
11a
fffffff4
ffffff75
102
ffffff0b
2e
a5
ffffff18
f6
ffffffb6
ffffff44
e1
ffffff09
5b
e2
ffffff18
cc
ffffffa5
ffffff44
e0
fffffefc
22
96
ffffff1b
118
fffffff4
ffffff70
108
ffffff05
33
d0
ffffff1d
f2
ffffffbb
ffffff3e
e6
ffffff04
39
e3
ffffff17
ce
ffffffd1
ffffff44
e0
fffffefa
23
bb
ffffff1c
118
fffffff7
ffffff70
106
ffffff07
34
cd
ffffff22
ee
ffffffbd
ffffff3e
e4
ffffff06
39
e1
ffffff19
cd
ffffffd0
ffffff28
d3
ffffff07
1e
b8
ffffff22
111
fffffff6
ffffff57
fc
ffffff0f
13
c8
ffffff29
e7
ffffffdc
ffffff45
da
ffffff10
35
dd
ffffff1e
ca
ffffffce
ffffff2d
cd
ffffff0b
1d
b6
ffffff25
10e
fffffff7
ffffff59
f9
ffffff11
13
c6
ffffff2c
e4
ffffffdd
ffffff44
db
ffffff0e
34
e5
ffffff18
cf
ffffffcd
ffffff27
d3
ffffff02
fffffff4
b8
ffffff22
114
24
ffffff55
ff
ffffff0c
ffffffe8
cb
ffffff28
ea
7
ffffff48
d6
ffffff12
32
e3
ffffff1b
cc
ffffffce
ffffff28
d1
ffffff03
fffffff5
b5
ffffff26
111
24
ffffff57
f9
ffffff12
ffffffe6
c8
ffffff2c
e7
4
ffffff19
cd
ffffff1a
fffffff9
df
ffffff20
c7
5
ffffff2c
cc
ffffff06
ffffffc2
ae
ffffff2f
108
26
ffffff58
f6
ffffff15
ffffffe5
c7
ffffff2e
e6
3
ffffff1c
c9
ffffff1d
fffffff9
dd
ffffff23
c5
5
ffffff29
cf
ffffff01
ffffffce
fc
ffffff41
f7
31
ffffff53
f8
ffffff14
ffffff9f
bf
ffffff35
e1
4e
ffffff21
c4
ffffff20
ffffffb2
d4
ffffff2d
bc
8
ffffff28
cf
ffffff00
ffffffd1
f6
ffffff48
f1
34
ffffff52
f7
ffffff15
ffffff9f
be
ffffff36
e1
4c
ffffff25
bf
ffffff26
ffffffb2
d1
ffffff30
bb
4
fffffed5
c6
ffffff08
ffffff74
f0
ffffff4e
ea
90
ffffff56
f2
ffffff18
ffffff49
b4
ffffff41
d7
4e
ffffff25
bd
ffffff27
ffffffb2
cf
ffffff32
bb
2
fffffed9
c2
ffffff0b
ffffff74
ed
ffffff51
e8
90
ffffff56
f2
ffffff19
ffffffa5
ba
ffffff3a
e1
46
ffffff2d
b4
fffffedf
ffffffa9
d9
ffffff29
c4
fffffffa
fffffede
bd
ffffff0e
ffffffbc
f1
ffffff50
ea
43
ffffff59
ee
ffffff1c
ffffffa4
ba
ffffff3a
e2
43
ffffff32
ae
fffffee3
ffffffa8
d8
ffffff2b
c4
fffffff8
fffffecd
ca
fffffeff
ffffffbf
f4
ffffff4d
f3
42
ffffff5a
ee
ffffff1d
14
c4
ffffff32
ea
ffffffcb
ffffff2d
b1
fffffeda
1d
df
ffffff26
c8
ffffff81
fffffecc
cb
fffffefe
ffffffc2
f0
ffffff50
f2
3f
ffffff60
e7
ffffff23
11
c3
ffffff35
e7
ffffffcc
ffffff2c
b2
fffffed2
20
e1
ffffff27
c6
ffffff84
ffffff2f
d5
fffffef3
35
f3
ffffff4f
f8
ffffffce
ffffff5f
e7
ffffff24
7c
cf
ffffff2a
f2
ffffffc6
ffffff31
ad
fffffed5
20
dd
ffffff2d
c1
ffffff87
ffffff2f
d4
fffffef4
36
f0
ffffff53
f5
ffffffce
ffffff58
f0
ffffff1c
80
db
ffffff1f
ff
ffffffc3
ffffff51
dc
fffffec7
22
e6
ffffff25
c9
ffffff81
ffffff25
dd
fffffee8
38
d3
ffffff25
ff
ffffffcc
ffffff5a
ec
ffffff20
7e
da
ffffff21
fd
ffffffc3
ffffff53
d9
fffffeca
22
e3
ffffff29
c6
ffffff82
ffffff28
d9
fffffeea
35
d7
ffffff23
102
ffffffcb
ffffff5a
113
ffffff20
55
de
ffffff1e
102
ffffffe8
ffffff55
d6
fffffeca
1f
e8
ffffff25
ca
ffffffa6
ffffff2d
d4
fffffeee
34
d5
ffffff27
ff
ffffffcc
ffffff5c
110
ffffff23
54
dc
ffffff21
100
ffffffe8
ffffff58
d3
fffffecb
1c
ec
ffffff23
cb
ffffffa5
ffffff2a
d6
fffffeea
11
d5
ffffff28
100
fffffff1
ffffff5b
112
ffffff22
31
de
ffffff20
103
b
ffffff5b
ce
fffffecf
1b
ea
ffffff26
c8
ffffffa6
ffffff2b
d4
fffffeec
12
d2
ffffff2c
fd
fffffff1
ffffff63
107
ffffff2b
2d
da
ffffff26
fc
d
ffffff5d
ca
fffffed4
fffffff0
e4
ffffff2d
c2
ffffffd4
ffffff30
ce
fffffef2
ffffffe6
cd
ffffff32
f8
1c
ffffff67
102
ffffff2f
2c
d8
ffffff2a
f9
e
ffffff5e
c8
fffffed6
fffffff0
e2
ffffff30
bf
ffffffd4
ffffff30
cd
fffffeef
ffffffe2
d3
ffffff2e
fd
1f
ffffff62
10b
ffffff28
fffffff5
db
ffffff27
fe
4b
ffffff59
cd
fffffecd
ffffffb4
e7
ffffff2c
c5
d
ffffff34
c8
fffffef3
ffffffe1
d1
ffffff32
f9
20
ffffff63
109
ffffff29
fffffff6
d8
ffffff2a
fc
4b
ffffff63
c1
fffffed9
ffffffb1
e4
ffffff32
bf
f
ffffff36
c6
fffffef6
ffffff9a
c9
ffffff3a
f2
6b
ffffff67
104
ffffff2d
ffffffad
d2
ffffff2f
f8
91
ffffff68
bb
fffffede
ffffffb0
e2
ffffff36
bc
11
ffffff36
c5
fffffef7
ffffff9c
c6
ffffff3d
f0
6a
ffffff72
f7
ffffff38
ffffffaa
cf
ffffff35
f2
91
ffffff69
b9
fffffee1
ffffff67
da
ffffff3e
b7
60
ffffff3a
c0
fffffefb
ffffff50
c0
ffffff42
ed
b4
ffffff77
f1
ffffff3c
ffffffa9
cd
ffffff39
ef
92
ffffff69
b8
fffffee2
ffffff69
d7
ffffff41
b5
5f
ffffff2a
d0
fffffee5
ffffff50
bf
ffffff43
f1
70
ffffff6a
103
ffffff2b
ffffffab
cf
ffffff37
f5
5b
ffffff5f
c2
fffffed2
ffffffa5
e2
ffffff39
be
20
ffffff2b
cf
fffffee5
ffffff53
ba
ffffff48
ee
70
ffffff6c
100
ffffff2c
ffffffad
cb
ffffff3c
f1
5c
ffffff55
cb
fffffec9
ffffffac
de
ffffff3a
c1
19
ffffff34
c5
fffffeee
ffffffd8
bd
ffffff48
ed
ffffffe5
ffffff6d
fd
ffffff2e
38
c9
ffffff40
ec
ffffffd6
ffffff52
cd
fffffec7
ffffffaf
db
ffffff3c
c2
15
ffffff3b
bd
fffffef4
ffffffd6
bc
ffffff4b
ea
ffffffe6
ffffff70
fc
ffffff2f
37
cc
ffffff3e
ef
ffffffd4
ffffff52
cf
fffffec1
13
d6
ffffff44
134
ffffffbd
ffffff32
c1
fffffef0
34
c0
ffffff48
ef
ffffffe4
ffffff74
f8
ffffff32
36
ca
ffffff40
ee
ffffffd3
ffffff56
cb
fffffec4
14
d1
ffffff4b
12c
ffffffc2
ffffff2b
c5
fffffee9
35
c5
ffffff1e
f5
ffffffe4
ffffff70
ff
ffffff0e
39
ce
ffffff1f
f4
ffffffd1
ffffff53
ce
fffffebc
14
d7
ffffff47
116
ffffffc1
ffffff2d
c2
fffffeec
34
c4
ffffff21
f3
ffffffe4
ffffff72
fc
ffffff10
39
cb
ffffff23
f1
ffffffd2
ffffff4f
d2
fffffedf
17
d6
ffffff4a
116
ffffffc3
ffffff29
e5
ffffff08
37
c3
ffffff03
f1
ffffffe7
ffffff6e
100
ffffff0d
3b
cc
ffffff23
f1
ffffffd3
ffffff50
d0
fffffee1
18
d3
ffffff4e
113
ffffffc4
ffffff2b
e2
ffffff0b
37
c0
ffffff07
ed
ffffffe8
ffffff69
106
ffffff08
17
cc
ffffff23
f2
ffffffd2
ffffff31
ce
fffffee2
14
d8
ffffff4b
118
ffffffe0
ffffff2b
e2
ffffff09
1a
c0
ffffff08
eb
ffffffeb
ffffff69
105
ffffff09
18
c9
ffffff27
ef
ffffffd2
ffffff34
ca
fffffee6
12
d7
ffffff4d
116
ffffffe0
ffffff29
e3
ffffff06
19
c5
ffffff04
ee
ffffffee
ffffff63
10e
ffffff00
ffffffef
cc
ffffff23
f4
fffffffc
ffffff2f
cd
fffffedf
ffffffe6
dd
ffffff49
11f
a
ffffff2d
de
ffffff0a
18
c3
ffffff08
ea
fffffff0
ffffff63
10c
ffffff01
fffffff0
c9
ffffff26
f2
fffffffc
ffffff39
c2
fffffeea
ffffffe3
d9
ffffff4e
118
c
ffffff30
da
ffffff0d
ffffffe2
bc
ffffff10
e3
28
ffffff66
106
ffffff06
ffffffba
c4
ffffff2c
ee
31
ffffff3d
bd
fffffeee
ffffffe2
d7
ffffff52
114
d
ffffff31
d8
ffffff0e
ffffffe3
b9
ffffff14
e0
28
ffffff70
fa
ffffff11
ffffffb7
c1
ffffff31
e8
32
ffffff3f
bb
fffffef1
ffffff9c
cf
ffffff59
10c
57
ffffff36
d3
ffffff13
ffffff9b
b5
ffffff1a
dc
6f
ffffff75
f4
ffffff15
ffffffb6
bf
ffffff35
e5
34
ffffff3f
ba
fffffef2
ffffff9e
cc
ffffff5c
10a
56
ffffff38
d0
ffffff13
ffffff93
bb
ffffff15
e0
75
ffffff6f
fe
ffffff0b
ffffff62
c1
ffffff33
ea
8c
ffffff3a
bf
fffffee9
ffffff46
d0
ffffff58
113
ac
ffffff3e
ca
ffffff18
ffffff92
b9
ffffff19
dd
76
ffffff6f
fd
ffffff0b
ffffff64
be
ffffff36
e8
8b
ffffff39
bd
fffffee9
ffffffa1
d8
ffffff50
120
a3
ffffff49
bf
ffffff22
ffffffe7
c4
ffffff0f
e7
70
ffffff75
f9
ffffff0e
ffffffab
c1
ffffff33
eb
3f
ffffff3c
ba
fffffeec
ffffffa0
d7
ffffff51
121
9f
ffffff4f
b8
ffffff27
ffffffe5
c4
ffffff10
e6
6e
ffffff48
c0
ffffff1f
74
cb
ffffff09
ea
ffffffe9
ffffff6a
108
fffffeff
ffffffae
c3
ffffff2f
f5
3e
ffffff3c
b8
fffffeea
a
e2
ffffff4a
12d
30
ffffff4c
bb
ffffff22
55
cb
ffffff09
ed
fffffffe
ffffff4b
bb
ffffff24
72
ca
ffffff0c
e6
ffffffec
ffffff6a
10b
fffffefd
fffffffe
77
ffffff1e
106
ffffffdf
ffffff35
c0
fffffeda
11
e4
ffffff4d
130
ffffffdf
ffffff3b
ca
ffffff12
5e
d0
ffffff02
f6
ffffffff
ffffff44
c1
ffffff1c
76
d4
ffffff01
f1
ffffffea
ffffff6f
104
ffffff04
fffffff9
7a
ffffff1d
107
ffffffdd
ffffff34
d0
ffffff0a
63
d4
fffffeff
fa
ffffffe3
ffffff3d
c7
ffffff14
7c
d7
fffffeff
f3
ffffffcf
ffffff69
10e
fffffefb
fffffffa
7b
ffffff01
10d
ffffffdd
ffffff36
cd
ffffff0d
63
d2
ffffff03
f7
ffffffe4
ffffff3f
c4
ffffff17
7c
d4
ffffff03
ef
ffffffd1
ffffff64
112
fffffef6
0
ae
ffffff09
105
ffffffe5
ffffff30
d2
ffffff07
2d
cd
ffffff08
f4
ffffffe6
ffffff3f
f2
ffffff18
4e
d3
ffffff06
ec
ffffffd4
ffffff64
110
fffffef7
1
ab
ffffff0e
101
ffffffe7
ffffff30
d1
ffffff08
2e
ca
ffffff0c
f1
ffffffe6
ffffff39
f7
ffffff13
20
d1
ffffff08
ea
ffffffd6
ffffff39
113
ffffff1b
2
aa
ffffff10
101
ffffffeb
ffffff2a
d6
ffffff01
b
c8
ffffff0f
ef
ffffffe9
ffffff39
f5
ffffff14
21
ce
ffffff0c
e7
ffffffd7
ffffff3b
10f
ffffff1e
1
a8
ffffff13
fe
ffffffec
ffffff35
cb
ffffff0c
a
c2
ffffff18
e6
ffffffec
ffffff3d
ef
ffffff19
fffffffa
c6
ffffff15
df
0
ffffff42
105
ffffff26
1
d4
ffffff1c
f4
16
ffffff37
c8
ffffff0e
a
bf
ffffff1c
e3
ffffffed
ffffff3e
ed
ffffff1b
fffffffb
c3
ffffff18
dd
ffffffff
ffffff45
103
ffffff28
ffffffff
d7
ffffff1c
f4
18
ffffff33
cb
ffffff0a
ffffffe1
bf
ffffff1c
e4
18
ffffff3c
ee
ffffff19
ffffffd1
c5
ffffff17
e0
28
ffffff49
fe
ffffff2c
fffffffe
d5
ffffff20
f0
1a
ffffff34
c9
ffffff0b
ffffffe2
bd
ffffff1f
e2
18
ffffff47
e1
ffffff24
ffffffcf
c2
ffffff1e
d9
29
ffffff4b
fa
ffffff2e
ffffffba
cd
ffffff29
e8
62
ffffff39
c4
ffffff11
ffffff9c
b8
ffffff25
dd
5d
ffffff4c
db
ffffff28
ffffffce
c0
ffffff22
d6
2a
ffffff4c
f9
ffffff2f
ffffffbb
ca
ffffff2c
e6
62
ffffff35
c8
ffffff0c
ffffffaa
117
ffffff38
cb
66
ffffff48
dc
ffffff27
ffffff7b
b7
ffffff2b
cf
84
ffffff50
f4
ffffff30
ffffff67
c0
ffffff37
db
64
ffffff34
c8
ffffff0b
ffffffae
111
ffffff3f
c5
69
ffffff48
db
ffffff28
ffffff7c
b5
ffffff2d
ce
82
ffffff4a
fd
ffffff29
ffffffbb
cd
ffffff2a
ea
66
ffffff2d
d1
fffffefc
ffffffad
119
ffffff3d
c9
28
ffffff3c
e7
ffffff1d
ffffffc1
be
ffffff22
d9
3c
ffffff4d
f9
ffffff2d
ffffffba
cd
ffffff2a
eb
63
ffffff31
cd
fffffefd
ffffffb0
113
ffffff43
c4
2a
ffffff3a
e7
ffffff1e
ffffffca
b2
ffffff2d
d2
34
ffffff5d
e4
ffffff40
3b
c9
ffffff31
e2
ffffffd9
ffffff3c
c2
ffffff08
38
105
ffffff50
b7
ffffffa8
ffffff37
e9
ffffff1d
ffffffcc
af
ffffff2f
d3
30
ffffff64
dc
ffffff46
38
c8
ffffff33
e0
ffffffd9
ffffff3c
c0
ffffff07
2e
a8
ffffff3d
cb
ffffff99
ffffff36
ec
ffffff19
22
ba
ffffff24
e0
ffffffd2
ffffff60
e2
ffffff42
94
d7
ffffff25
ef
ffffffd4
ffffff42
b9
ffffff0d
2a
aa
ffffff3c
cc
ffffff97
ffffff3a
e8
ffffff1c
22
b7
ffffff28
dd
ffffffd3
ffffff55
f4
ffffff31
58
df
ffffff1e
fa
ffffffd6
ffffff6f
102
fffffefe
2b
b8
ffffff2d
dd
ffffff8c
ffffff31
f2
ffffff12
1f
8b
ffffff16
ee
ffffffce
ffffff57
f2
ffffff32
5a
da
ffffff24
f5
ffffffd8
ffffff70
ff
ffffff02
29
b7
ffffff2f
db
ffffff8c
ffffff29
fb
ffffff08
21
8f
fffffee1
f5
ffffffcf
ffffff4d
fe
ffffff28
5f
e4
ffffff1a
101
fffffff9
ffffff6d
107
fffffef9
29
c0
ffffff02
e5
ffffffab
ffffff2b
f7
ffffff0b
21
8c
fffffee6
f1
ffffffd1
ffffff4d
fc
ffffff2a
5f
e2
ffffff1d
ff
fffffff8
ffffff70
100
fffffefe
2b
e0
ffffff10
d8
ffffffb2
ffffff2e
f2
ffffff10
ffffffff
86
fffffef0
e8
fffffff6
ffffff52
f4
ffffff30
3b
d9
ffffff27
f5
fffffff9
ffffff71
fd
ffffff00
2c
dc
ffffff15
d3
ffffffb4
ffffff2f
f0
ffffff12
ffffffff
84
fffffef3
e6
fffffff6
ffffff55
ee
ffffff35
39
d4
ffffff2c
f1
fffffff7
ffffff47
f4
ffffff08
fffffffa
d6
ffffff1c
cd
ffffffe6
ffffff34
ea
ffffff17
ffffffd1
7e
fffffefd
dd
fffffff8
ffffff55
ec
ffffff37
39
d2
ffffff2e
f0
fffffff6
ffffff4a
f0
ffffff0b
fffffffa
d4
ffffff1f
ca
ffffffe6
ffffff47
f5
ffffff04
ffffffc0
d4
ffffff1f
cb
ffffffe9
ffffff30
ec
ffffff16
ffffffcf
7f
fffffefa
e0
fffffff7
ffffff26
ec
ffffff37
9
d5
ffffff2c
f3
25
ffffff49
f2
ffffff07
ffffffcd
d2
ffffff23
c7
ffffffeb
ffffff44
f7
ffffff02
ffffffc5
ce
ffffff26
c6
ffffffeb
ffffff3f
dc
ffffff25
ffffffc0
8d
fffffeec
ef
74
ffffff35
dc
ffffff47
fffffffa
e4
ffffff1e
102
a1
ffffff5a
e2
ffffff15
ffffffc0
df
ffffff17
d3
6a
ffffff52
e9
ffffff0e
ffffffba
d6
ffffff1f
cc
53
ffffff47
d4
ffffff2b
ffffffbd
8e
fffffeec
ef
71
ffffff32
df
ffffffad
ffffffff
e1
ffffff21
103
a4
ffffff5a
e1
ffffff15
ffffffbe
e1
ffffff16
d3
6f
ffffff4d
f0
ffffff05
ffffff57
ce
ffffff27
c5
5d
ffffff3f
db
ffffff24
ffffff6b
8c
fffffeec
9b
74
ffffff32
df
ffffffab
3
db
ffffff26
100
a3
ffffff5c
e1
ffffff12
ffffffc0
de
ffffff1b
cf
f
ffffff49
f3
ffffff03
ffffffb9
d3
ffffff22
ca
5c
ffffff3e
dd
ffffff1f
ffffff6c
88
fffffeef
97
13
ffffff2e
e2
ffffff5a
3
de
ffffff22
106
a2
ffffff61
dc
ffffff15
ffffffc1
d9
ffffff21
c9
12
ffffff28
f4
ffffff06
ffffff86
6c
ffffff0b
14a
2a
ffffff1b
f3
ffffff4a
13
cd
ffffff33
f8
ffffffdf
ffffff5c
dc
ffffff19
5e
e0
ffffff19
d1
a
ffffff30
ee
ffffff09
ffffff88
66
ffffff13
143
2e
ffffff1a
f2
ffffff4a
16
c7
ffffff3a
f1
ffffffe3
ffffff5d
db
ffffff19
5e
e3
ffffff17
d3
a
ffffff8b
f1
ffffff04
ffffffe8
62
ffffff16
143
ffffffd3
ffffff18
f1
ffffff4d
70
cd
ffffff35
f5
ffffffe0
ffffff61
d7
ffffff1d
5c
e2
ffffff19
d1
a
ffffff8d
ee
ffffff05
ffffffea
5e
ffffff1c
13e
ffffffd5
ffffff3e
fb
ffffff46
75
d7
ffffff2d
100
ffffffdf
ffffff58
e2
ffffff0f
66
e6
ffffff17
103
ffffffeb
ffffff82
fe
fffffef5
ffffffec
5e
ffffff15
123
ffffffd5
ffffff3f
f8
ffffff49
74
d6
ffffff2f
fe
ffffffdf
ffffff5a
df
ffffff11
67
e2
ffffff1d
fd
ffffffee
ffffff77
10e
fffffee5
ffffffed
93
ffffff0b
fe
ffffffd3
ffffff35
105
ffffff3f
55
de
ffffff29
107
ffffffe1
ffffff4f
ec
ffffff02
49
e8
ffffff18
105
fffffff1
ffffff76
10c
fffffee7
ffffffed
91
ffffff0e
fc
ffffffd3
ffffff38
101
ffffff42
55
db
ffffff2d
104
ffffffe2
ffffff49
f2
fffffefb
22
e5
ffffff1c
104
fffffff4
ffffff50
10f
ffffff08
ffffffed
91
ffffff0f
fd
ffffffd5
ffffff33
106
ffffff3e
36
d9
ffffff30
103
ffffffe4
ffffff49
f1
fffffefc
23
e1
ffffff20
100
fffffff5
ffffff52
10b
ffffff0c
ffffffec
90
ffffff12
fa
ffffffd6
ffffff3a
fe
ffffff45
34
d4
ffffff37
fc
ffffffe6
ffffff4b
ed
ffffff00
fffffffa
db
ffffff26
d1
fffffff5
ffffff57
103
ffffff12
ffffffec
b6
ffffff19
f4
0
ffffff3d
fa
ffffff48
33
d2
ffffff3b
f8
ffffffe8
ffffff4c
eb
ffffff01
fffffffb
d8
ffffff29
cf
fffffff5
ffffff0b
101
ffffff13
ffffffe6
bd
ffffff13
fa
2
ffffff35
103
ffffff40
fffffff9
d4
ffffff39
fc
28
ffffff46
f2
ffffff38
fffffffc
de
ffffff23
d7
fffffff1
ffffff12
f9
ffffff1a
ffffffe3
bc
ffffff16
f6
4
ffffff35
102
ffffff41
fffffffa
d1
ffffff3c
f9
28
ffffff4f
e7
ffffff42
fffffff9
db
ffffff28
d1
fffffff2
ffffff16
f5
ffffff1d
ffffff9c
b5
ffffff1e
ef
4f
ffffff39
fd
ffffff45
ffffffb1
cc
ffffff41
f5
6f
ffffff54
e2
ffffff46
fffffff8
d9
ffffff2c
ce
fffffff3
ffffff17
f3
ffffff1e
ffffff9d
b2
ffffff22
ec
4f
ffffff46
ee
ffffff51
ffffffad
ca
ffffff46
ee
70
ffffff55
e0
ffffff46
ffffff9c
cf
ffffff34
c8
55
ffffff1d
ed
ffffff23
ffffff3f
ac
ffffff29
e8
ac
ffffff4c
e8
ffffff56
ffffffab
c8
ffffff49
ea
72
ffffff55
e0
ffffff45
ffffff9f
cb
ffffff37
c6
54
ffffff14
f6
ffffff1b
ffffff92
bb
ffffff16
fe
aa
ffffff50
e7
ffffff0a
ffffff9d
d9
ffffff3b
fb
74
ffffff52
e6
ffffff40
ffffffe5
d7
ffffff2c
d1
9
ffffff17
f2
ffffff1e
ffffff91
bb
ffffff16
ff
a5
ffffff57
e0
ffffff0f
ffffff9b
d8
ffffff3d
f9
73
ffffff47
f0
ffffff36
ffffffee
d1
ffffff2f
d3
2
ffffff21
e6
ffffff28
27
bf
ffffff14
100
5
ffffff5a
dc
ffffff12
38
d7
ffffff41
f4
ffffffda
ffffff43
f3
ffffff33
fffffff2
cd
ffffff32
d3
fffffffe
ffffff28
de
ffffff2f
24
be
ffffff17
fd
6
ffffff62
d3
ffffff1a
35
d2
ffffff46
ef
ffffffdb
ffffff48
ed
ffffff35
3c
c2
ffffff3e
11e
ffffffbe
ffffff2a
d9
ffffff35
67
bb
ffffff1c
f8
5
ffffff65
cf
ffffff1d
34
d1
ffffff48
ee
ffffffda
ffffff4b
ea
ffffff37
3d
bd
ffffff44
118
ffffffc1
ffffff1f
e3
ffffff2b
6b
ca
ffffff0c
109
6
ffffff8c
10f
ffffff0c
3a
dc
ffffff40
fb
ffffffa9
ffffff3c
fb
ffffff28
42
ca
ffffff37
fb
ffffffba
ffffff23
de
ffffff30
69
c9
ffffff0f
106
7
ffffff8e
10c
ffffff0e
3a
d9
ffffff44
f7
ffffffab
ffffff3d
fb
ffffff26
45
c8
ffffff01
f8
ffffffc0
ffffff1b
e5
ffffff29
41
c6
ffffff13
104
b
ffffff8b
111
ffffff0a
3d
d8
ffffff0c
f7
ffffffdb
ffffff3d
f9
ffffff27
46
c4
ffffff06
f3
ffffffc3
ffffff1b
e3
ffffff2b
41
c3
ffffff17
101
c
ffffff6c
105
ffffff14
39
d3
ffffff13
f0
ffffffde
ffffff40
f4
ffffff2c
27
bd
ffffff0f
eb
ffffffe5
ffffff20
dd
ffffff30
1a
bd
ffffff1f
fa
c
ffffff6f
100
ffffff18
38
d1
ffffff16
ed
ffffffdf
ffffff41
f2
ffffff2e
27
bb
ffffff12
e8
ffffffe5
ffffff23
d8
ffffff35
1a
ba
ffffff24
f6
a
ffffff52
f8
ffffff1f
12
cd
ffffff1c
e7
4
ffffff45
ed
ffffff32
5
b5
ffffff1a
e1
ffffffe7
ffffff24
d6
ffffff37
1a
b8
ffffff27
f4
9
ffffff55
f4
ffffff22
11
cb
ffffff1f
e4
5
ffffff3a
f9
ffffff26
d
f6
ffffff1e
de
ffffffee
ffffff17
e1
ffffff2e
ffffffe6
bb
ffffff23
fb
41
ffffff52
fa
ffffff1b
ffffffdc
cd
ffffff1d
e7
8
ffffff3a
f8
ffffff26
f
f1
ffffff24
d9
fffffff1
ffffff17
e0
ffffff2f
ffffffe6
b9
ffffff25
fa
3f
ffffff5d
ee
ffffff25
ffffffd9
c9
ffffff24
df
c
ffffff3b
f6
ffffff27
ffffffd2
e9
ffffff2c
d2
33
ffffff1c
db
ffffff34
ffffffa6
b5
ffffff2a
f7
7c
ffffff62
e8
ffffff29
ffffffd8
c7
ffffff28
db
e
ffffff3b
f5
ffffff28
ffffffd3
e6
ffffff2f
d0
33
ffffff29
cd
ffffff3f
ffffffa3
b2
ffffff30
f0
7c
ffffff64
e5
ffffff2b
ffffff84
be
ffffff32
d3
69
ffffff3f
ef
ffffff2d
ffffff7b
df
ffffff34
cd
89
ffffff2f
c7
ffffff44
ffffffa2
b0
ffffff33
ed
7d
ffffff64
e4
ffffff2b
ffffff86
bb
ffffff35
d1
68
ffffff2f
102
ffffff19
ffffff7d
e0
ffffff33
d1
31
ffffff25
cf
fffffeef
ffffff99
bc
ffffff26
fd
7f
ffffff62
ea
ffffff24
ffffffcb
c6
ffffff2a
db
1f
ffffff30
102
ffffff18
ffffff81
da
ffffff39
cd
31
ffffff28
ca
fffffef3
ffffff97
bb
ffffff27
fc
7d
ffffff58
f3
ffffff1b
ffffffd3
c1
ffffff2c
dd
18
ffffff3a
f7
ffffff21
19
dc
ffffff39
cc
ffffff93
ffffff2a
c7
fffffef6
33
bb
ffffff2a
f8
ffffffe3
ffffff55
f5
ffffff19
ffffffd6
be
ffffff2e
de
13
ffffff41
ef
ffffff27
17
da
ffffff3d
c8
ffffff95
ffffff32
bf
fffffeff
2f
b8
ffffff2f
f3
ffffffe3
ffffff59
f0
ffffff1c
21
b3
ffffff3b
129
ffffffd3
ffffff43
ea
ffffff2e
5b
d6
ffffff41
c4
ffffff96
ffffff35
bb
ffffff02
2e
b7
ffffff31
f2
ffffffe2
ffffff5b
ed
ffffff1d
23
ae
ffffff41
123
ffffffd6
ffffff3d
f0
ffffff28
5c
ba
ffffff10
cd
ffffff91
ffffff2b
c3
fffffef5
32
bd
ffffff2a
fb
ffffffc3
ffffff52
f8
ffffff12
25
b6
ffffff39
111
ffffffd3
ffffff41
eb
ffffff2d
59
b9
ffffff13
ca
ffffff92
ffffff2c
c1
fffffef7
32
ba
ffffff2e
f8
ffffffc4
ffffff4c
102
ffffff08
25
c0
ffffff30
11e
ffffffd1
ffffff37
f6
ffffff22
42
c2
ffffff09
d3
ffffffa9
ffffff21
c9
fffffee9
18
c3
ffffff25
104
ffffffdd
ffffff4f
fe
ffffff0b
24
be
ffffff34
11b
ffffffd2
ffffff39
f3
ffffff25
41
c0
ffffff0c
d0
ffffffaa
ffffff35
f7
ffffff21
1e
c4
ffffff07
d6
ffffffcc
ffffff21
c8
fffffee9
16
c5
ffffff24
105
ffffffde
ffffff4d
101
ffffff08
8
be
ffffff34
11c
fffffff0
ffffff37
f4
ffffff23
24
c1
ffffff0c
d1
ffffffc7
ffffff36
f5
ffffff23
1e
c1
ffffff0b
d4
ffffffcc
ffffff2b
bc
fffffef4
c
cd
ffffff1d
10d
2c
ffffff57
f7
ffffff11
ffffffff
c6
ffffff2d
124
3d
ffffff41
ea
ffffff2d
1b
c9
ffffff04
d9
14
ffffff40
ec
ffffff2b
17
c6
ffffff07
d9
c
ffffff31
b6
fffffef9
a
cc
ffffff1f
10b
2b
ffffff40
ea
ffffff2d
19
cc
ffffff01
dc
12
ffffff40
eb
ffffff2b
15
c9
ffffff05
da
d
ffffff2c
f7
ffffff2e
ffffffd3
c7
ffffff24
108
30
ffffff40
e8
ffffff2f
19
ca
ffffff04
da
12
ffffff43
e7
ffffff2e
14
c8
ffffff07
d8
d
ffffff37
ec
ffffff37
ffffffd2
c1
ffffff2c
ff
33
ffffff40
e7
ffffff30
ffffffcf
c2
ffffff0b
d4
5e
ffffff48
e1
ffffff33
ffffffc7
c3
ffffff0c
d5
56
ffffff3c
e7
ffffff3b
ffffffd2
be
ffffff31
fa
35
ffffff40
e6
ffffff30
ffffffd0
bf
ffffff0e
d2
5d
ffffff43
e2
ffffff33
ffffff5c
bd
ffffff10
d4
cb
ffffff55
d2
ffffff3f
ffffffc3
c1
ffffff12
cf
57
ffffff3d
e5
ffffff3b
ffffff7a
b5
ffffff3a
f2
92
ffffff44
e0
ffffff34
ffffff74
ba
ffffff13
cf
b6
ffffff47
de
ffffff35
ffffff5d
bb
ffffff12
d4
c7
ffffff47
de
ffffff33
ffffffc7
c2
ffffff10
d1
5d
ffffff35
ef
ffffff2f
ffffff7f
ad
ffffff43
ea
10
ffffff30
f5
ffffff20
ffffff7e
b1
ffffff1a
cb
2c
ffffff3e
e5
ffffff30
ffffffec
c1
ffffff0c
da
56
ffffff4a
db
ffffff35
ffffffc7
c1
ffffff12
d1
5b
ffffff32
ed
ffffff34
3f
b7
ffffff37
f9
0
ffffff42
e3
ffffff31
37
bf
ffffff0d
d6
22
ffffff46
df
ffffff35
ffffffe9
c4
ffffff08
e1
4d
ffffff58
cc
ffffff44
83
ca
ffffff0b
d7
ffffffb8
ffffff38
e6
ffffff3b
3a
ba
ffffff35
fb
fffffffc
ffffff45
e0
ffffff34
9d
cf
fffffefe
e3
ffffffb5
ffffff3d
eb
ffffff28
5a
c8
ffffff03
156
54
ffffff50
d4
ffffff3d
89
d3
ffffff01
e0
ffffffb5
ffffff2e
ef
ffffff32
3c
c3
ffffff2b
108
fffffff8
ffffff4c
d8
ffffff3b
98
d0
fffffeff
e1
ffffffb6
ffffff4f
d1
ffffff40
87
cc
ffffff09
db
ffffffb3
ffffff3b
e0
fffffef3
33
c4
ffffff2c
105
fffffff3
ffffff56
cc
ffffff07
56
c8
ffffff0a
d6
ffffffbc
ffffff4d
d1
ffffff40
88
c9
ffffff0c
d9
ffffffb2
ffffff3f
db
fffffef8
30
c4
ffffff2d
104
fffffff2
ffffff4e
d4
fffffefc
5a
d2
ffffff00
de
ffffffbc
ffffff3f
109
ffffff31
39
cc
ffffff09
dc
ffffffb4
ffffff31
e9
ffffff11
36
cb
ffffff26
10f
fffffff2
ffffff50
d0
fffffeff
59
d1
ffffff03
db
ffffffbd
ffffff40
107
ffffff32
3b
c8
ffffff0e
d7
ffffffb6
ffffff33
e6
ffffff13
34
ce
ffffff25
111
fffffff4
ffffff4d
fe
ffffff24
33
cf
ffffff05
d9
ffffffbf
ffffff3c
10a
ffffff31
3b
cb
ffffff0b
db
ffffffdd
ffffff37
e1
ffffff17
32
cc
ffffff28
10e
fffffff5
ffffff4e
fc
ffffff25
34
cb
ffffff0a
d5
ffffffc1
ffffff3d
108
ffffff33
39
cf
ffffff09
dd
ffffffdd
ffffff34
e4
ffffff14
b
cc
ffffff28
110
1e
ffffff4d
fe
ffffff23
c
cc
ffffff0a
d6
ffffffe9
ffffff40
103
ffffff37
37
ce
ffffff0c
da
ffffffde
ffffff35
e2
ffffff15
c
c9
ffffff2b
10d
1e
ffffff50
fc
ffffff25
a
cf
ffffff09
d7
ffffffeb
ffffff3d
106
ffffff34
d
cf
ffffff0c
db
b
ffffff33
e3
ffffff13
ffffffe0
cb
ffffff2a
111
49
ffffff54
f7
ffffff29
9
cd
ffffff0d
d3
ffffffec
ffffff3e
104
ffffff36
d
cd
ffffff0f
d9
b
ffffff43
d1
ffffff25
ffffffdc
c4
ffffff35
103
49
ffffff58
f0
ffffff2e
ffffffb1
c0
ffffff1b
c7
4b
ffffff47
f8
ffffff3f
ffffffb0
c4
ffffff1a
d1
65
ffffff48
cb
ffffff2a
ffffffda
c2
ffffff39
ff
4b
ffffff58
f0
ffffff2e
ffffffb3
bd
ffffff1e
c5
4a
ffffff4d
f4
ffffff42
ffffffac
c8
ffffff19
d2
69
ffffff45
cf
ffffff25
ffffff92
c1
ffffff3a
100
97
ffffff56
f3
ffffff2a
ffffff6a
bd
ffffff1c
c9
92
ffffff53
ee
ffffff46
ffffffab
c6
ffffff1d
cf
6a
ffffff46
cd
ffffff26
ffffff93
be
ffffff3d
fe
97
ffffff48
106
ffffff16
ffffff6b
bc
ffffff1a
ca
48
ffffff44
100
ffffff36
ffffffae
c8
ffffff1a
d2
2e
ffffff3a
d8
ffffff1a
ffffffd5
c7
ffffff34
10a
59
ffffff49
105
ffffff15
ffffff6e
b7
ffffff1f
c6
49
ffffff46
fe
ffffff37
ffffffb0
c3
ffffff1f
ce
2f
ffffff30
e1
ffffff12
ffffffdc
c2
ffffff36
10d
52
ffffff52
fa
ffffff1e
fffffff6
ba
ffffff1f
c6
ffffffbb
ffffff48
fb
ffffff39
3e
c1
ffffff23
c9
ffffffa6
ffffff2d
e3
ffffff10
ffffffde
bf
ffffff38
10e
4e
ffffff59
f2
ffffff24
fffffff4
b8
ffffff23
c3
ffffffbc
ffffff4a
fa
ffffff39
3d
c4
ffffff21
cc
ffffffa2
ffffff2e
e1
ffffff12
33
c4
ffffff32
117
ffffffed
ffffff64
e5
ffffff32
ad
c9
ffffff14
d0
ffffffb3
ffffff51
f4
ffffff3d
3c
c2
ffffff24
c9
ffffffa3
ffffff30
de
ffffff14
33
c1
ffffff36
114
ffffffec
ffffff2c
e2
ffffff0f
58
cb
ffffff2b
11f
ffffffeb
ffffff61
e8
ffffff2f
89
d1
ffffff0c
d7
ffffffaf
ffffff4d
fa
ffffff19
3f
c5
ffffff21
f3
ffffffa1
ffffff2a
e2
ffffff10
50
ca
ffffff2e
120
ffffffe7
ffffff33
da
ffffff16
55
cb
ffffff2d
11c
ffffffec
ffffff55
f7
ffffff22
69
d8
ffffff04
df
ffffffac
ffffff43
107
ffffff0d
44
cd
ffffff1a
fb
ffffff9f
ffffff1c
f0
ffffff01
2e
cf
ffffff2b
129
ffffffec
ffffff46
e9
ffffff06
3c
d0
ffffff28
126
ffffffef
ffffff54
f6
ffffff23
69
d5
ffffff08
dc
ffffffad
ffffff48
100
ffffff13
10
c8
ffffff20
f7
ffffffd0
ffffff24
e7
ffffff09
2b
cb
ffffff31
121
ffffffed
ffffff49
e4
ffffff0b
3c
c9
ffffff30
11d
fffffff2
ffffff55
f2
ffffff26
41
cf
ffffff0f
d6
ffffffd7
ffffff4a
fd
ffffff15
10
c5
ffffff24
f4
ffffffd0
ffffff20
ea
ffffff04
fffffff4
cb
ffffff32
122
28
ffffff47
e6
ffffff08
6
c6
ffffff35
119
fffffff9
ffffff4d
fa
ffffff1e
e
cb
ffffff13
d4
ffffffd9
ffffff47
100
ffffff13
10
c6
ffffff24
f4
ffffffd1
ffffff21
e8
ffffff06
fffffff5
c8
ffffff35
120
28
ffffff50
f8
ffffff21
9
d2
ffffff0d
db
10
ffffff4d
fb
ffffff18
9
ce
ffffff1d
fc
8
ffffff25
e3
ffffff09
fffffff0
cf
ffffff30
127
56
ffffff56
f1
ffffff26
7
d1
ffffff0f
da
f
ffffff51
f6
ffffff1c
7
cd
ffffff1f
fb
7
ffffff38
cf
ffffff1d
ffffffea
c9
ffffff3a
118
56
ffffff59
eb
ffffff2b
ffffffa9
c3
ffffff1d
cf
71
ffffff5a
ea
ffffff26
ffffffa4
c4
ffffff29
f1
67
ffffff3e
c8
ffffff23
ffffffe7
c8
ffffff3d
114
58
ffffff58
eb
ffffff2a
ffffffab
c0
ffffff20
ce
70
ffffff59
eb
ffffff29
ffffff3a
b5
ffffff2c
c1
78
ffffff55
ee
ffffff20
ffffffb2
12b
ffffff3d
df
72
ffffff39
ca
ffffff22
ffffff8c
c0
ffffff45
10c
b8
ffffff5a
e9
ffffff2a
ffffff52
b4
ffffff2d
c2
75
ffffff55
ef
ffffff25
ffffff40
ae
ffffff32
bd
79
ffffff4d
f8
ffffff13
ffffffbe
120
ffffff4b
d2
15
ffffff2a
d6
ffffff18
ffffff8f
c0
ffffff44
113
b4
ffffff61
e1
ffffff31
ffffffb3
be
ffffff23
cc
6f
ffffff5a
eb
ffffff26
ffffff92
af
ffffff31
115
7a
ffffff4f
f6
ffffff14
ffffffc1
11a
ffffff53
cb
1a
ffffff60
e0
ffffff32
ffffffbc
b3
ffffff2b
ca
5f
ffffff71
ce
ffffff43
47
ba
ffffff29
11c
63
ffffff69
d9
ffffff2f
52
119
ffffff53
c8
16
ffffff63
de
ffffff33
ffffffbd
b1
ffffff2d
cb
5b
ffffff78
c5
ffffff4b
42
bd
ffffff28
11e
5f
ffffff55
f2
ffffff19
5b
134
ffffff40
e2
b
ffffff66
df
fffffeaa
13
cc
ffffff14
e0
fffffff6
ffffff6b
da
ffffff35
50
c4
ffffff1f
12e
3
ffffff51
f4
ffffff18
5c
132
ffffff41
e3
6
ffffff6f
d4
fffffeb4
c
cf
ffffff14
de
fffffff7
ffffff6e
132
ffffff3a
4e
be
ffffff27
125
2
ffffff58
ea
ffffff21
58
e0
ffffff48
126
6
ffffff74
cc
fffffebd
c
c7
ffffff1e
d5
ffffffaf
ffffff6f
12f
ffffff3d
4d
bd
ffffff2a
123
2
ffffff5a
e6
ffffff24
57
de
ffffff4b
123
6
ffffff47
c0
fffffeca
7
c7
ffffff21
d2
ffffffac
ffffff4c
122
ffffff47
47
bc
ffffff2d
11f
ffffffff
ffffff62
108
ffffff2c
55
d8
ffffff1b
11b
7
ffffff49
bd
fffffecd
6
c5
ffffff24
d0
ffffffac
ffffff4f
11e
ffffff4b
45
bb
ffffff2f
11d
ffffffff
ffffff66
100
ffffff33
52
d1
ffffff22
114
6
ffffff51
d7
fffffed9
4
c0
ffffff08
c8
ffffffaf
ffffff32
115
ffffff51
44
d6
ffffff39
113
1
ffffff67
fe
ffffff35
52
cf
ffffff25
112
6
ffffff54
d3
fffffedc
3
be
ffffff0b
c5
ffffffb0
ffffff35
10e
ffffff57
42
d1
ffffff3d
10d
ffffffff
ffffff39
f6
ffffff3b
1b
cb
ffffff2b
10d
4
ffffff19
cb
fffffee4
ffffffcf
b7
ffffff14
bd
ffffffb4
ffffff36
10c
ffffff59
41
d0
ffffff3f
10b
fffffffe
ffffff3b
f3
ffffff3d
1b
c9
ffffff2e
10b
3
ffffff1c
c6
fffffeeb
ffffffcf
b5
ffffff18
bb
ffffffb3
ffffff01
102
ffffff60
3d
10b
ffffff42
108
49
ffffff42
ed
ffffff41
1e
fd
ffffff38
101
6
ffffff1c
c4
fffffeed
ffffffcf
b4
ffffff1a
b9
ffffffb3
ffffff04
fe
ffffff63
3c
10a
ffffff44
107
48
ffffff45
e8
ffffff46
1e
f8
ffffff3d
fd
4
fffffede
bc
fffffef5
ffffff88
b2
ffffff1f
b6
fffffff9
ffffff09
f9
ffffff65
fffffff9
101
ffffff4d
ff
49
ffffff46
e6
ffffff48
1e
f6
ffffff40
fb
3
fffffee1
b8
fffffef8
ffffff88
b1
ffffff21
b5
fffffff8
fffffeef
ab
ffffff08
ffffff7d
ba
ffffff18
bf
6a
ffffff1c
e8
ffffff72
fffffff5
fc
ffffff54
f5
4d
ffffff45
e5
ffffff47
ffffffbe
ed
ffffff47
f5
65
fffffee9
b2
fffffefd
ffffff8c
129
ffffff29
b0
5c
fffffef4
a5
ffffff0e
ffffff7a
bb
ffffff17
c1
65
ffffff24
e0
ffffff77
fffffff6
f2
ffffff5d
eb
4e
ffffff48
e1
ffffff4a
ffffffc1
e6
ffffff4b
f3
5c
fffffef9
a4
ffffff0b
ffffffec
121
ffffff31
a8
fffffffb
fffffefa
a1
ffffff13
ffffffcc
b3
fffffed3
ba
63
ffffff26
dd
ffffff79
fffffff6
ef
ffffff61
e8
4f
ffffff19
87
ffffff2a
8e
126
ffffff2e
ab
fffffff4
ffffff08
9a
ffffff19
ffffffd6
a1
fffffeec
a7
ffffffb3
ffffff2c
d3
fffffef4
fffffff0
ed
ffffff5f
e9
40
ffffff27
79
ffffff36
85
12a
ffffff2c
ac
fffffff2
ffffff0a
99
ffffff18
ffffffdb
99
fffffef5
9f
ffffffb8
ffffff2e
cc
fffffefc
74
103
ffffff4d
fb
38
ffffff9e
ec
ffffff33
8b
12f
ffffff2f
a7
ffffff86
fffffef8
a6
ffffff08
ffffffe3
94
fffffef4
a0
ffffffb5
ffffff33
c3
ffffff06
6c
108
ffffff4a
fd
35
ffffffa2
e8
ffffff35
8c
12b
ffffff35
a1
ffffff8a
ffffff01
9f
fffffebd
ffffffe4
8d
fffffeff
e9
ffffffbb
ffffff33
c1
ffffff09
6c
ff
ffffff52
136
35
ffffffa6
df
fffffefc
86
128
ffffff36
a0
ffffff88
ffffff07
9a
fffffec1
ffffffe4
8a
ffffff04
e4
ffffffbe
ffffff33
bf
ffffff0b
6c
fc
ffffff56
132
36
ffffffad
101
ffffff08
7d
127
ffffff36
a0
ffffff85
ffffff11
b6
fffffeca
ffffffe3
85
fffffee8
dc
ffffffc0
ffffff39
db
ffffff14
66
f9
ffffff59
12d
33
ffffffb1
fb
ffffff0d
7a
127
ffffff37
a0
ffffff84
ffffff14
b2
fffffecd
ffffffe4
82
fffffeed
d8
ffffffc1
ffffff3f
d3
ffffff1d
60
f7
ffffff5b
12a
2d
ffffff86
ef
ffffff18
73
124
ffffff38
d4
ffffffb5
ffffff20
da
fffffeda
ffffffdf
81
fffffef4
d2
ffffffc3
ffffff41
d0
ffffff20
5f
f6
ffffff5d
129
2c
ffffff89
eb
ffffff1b
72
122
ffffff3a
d3
ffffffb4
ffffff25
d2
fffffee3
ffffffdc
80
fffffef8
cf
ffffffc2
ffffff11
c9
ffffff27
5d
129
ffffff61
123
2a
ffffff49
e5
ffffff20
3b
11a
ffffff43
cb
ffffffb7
ffffff27
cf
fffffee7
ffffffda
80
fffffefa
ce
ffffffc2
ffffff13
c6
ffffff29
5d
127
ffffff64
121
2a
ffffff16
c4
ffffff29
11
11e
ffffff6b
118
2c
ffffff4b
e0
ffffff26
39
115
ffffff47
c7
ffffffb6
fffffeef
c7
fffffef0
ffffff9a
7e
fffffeff
ca
2
ffffff18
c1
ffffff2d
1f
11e
ffffff6b
118
2b
ffffff16
c3
ffffff29
14
119
ffffff71
114
2d
ffffff45
e3
ffffff24
ffffffd1
10c
ffffff4b
c5
1d
fffffefd
b9
fffffefe
ffffff96
7d
ffffff04
c3
7
ffffff16
c5
ffffff27
ffffffbe
10b
ffffff7c
107
34
ffffff12
c6
ffffff25
ffffffc8
109
ffffff7f
106
33
ffffff41
e5
ffffff22
ffffffd4
109
ffffff4d
c5
19
fffffefa
b7
ffffff00
ffffff88
8a
fffffef2
d4
80
ffffff1c
bf
ffffff2b
ffffffb3
11b
ffffff6f
11a
ad
ffffff19
bd
ffffff2b
ffffffbc
119
ffffff75
113
b4
ffffff3f
ea
ffffff83
ffffffd6
10b
ffffff4f
c6
1c
fffffefc
b3
ffffff05
ffffff85
8b
fffffef1
d5
7d
ffffff17
c5
ffffff24
ffffffc0
109
ffffff7f
109
3a
ffffff15
c1
ffffff27
ffffffc6
10b
ffffff80
108
3a
ffffff43
e4
ffffff0e
ffffffd5
108
ffffff51
c4
19
ffffff03
ae
ffffff09
ffffff89
84
fffffefc
cc
1e
ffffff15
c6
ffffff23
ffffffc3
104
ffffff84
105
3b
ffffff3b
e8
ffffff0c
ffffffdb
100
ffffff55
c4
11
ffffff14
9c
ffffff1d
b
8d
fffffef7
d2
14
ffffff24
b9
ffffff2e
31
ff
ffffff89
16d
3c
ffffff3c
e6
ffffff0e
ffffffdb
ff
ffffff56
c5
d
ffffff1b
94
ffffff24
7
8f
fffffef6
d3
11
ffffff20
bc
ffffff2c
36
f6
ffffff90
165
3a
ffffff43
de
ffffff13
38
f5
ffffff63
110
ffffffbf
ffffff13
9c
ffffff1e
11
82
ffffff04
c7
ffffffbc
ffffff1d
bd
ffffff2b
38
f3
ffffff92
164
37
ffffff48
d8
ffffff18
37
f2
ffffff68
10a
ffffffc4
ffffff14
97
fffffec1
b
87
fffffefe
cb
ffffffba
ffffff68
10b
ffffff27
3c
f1
ffffff97
162
fffffff0
ffffff43
dd
ffffff13
3a
f2
ffffff69
10c
ffffffc2
ffffff18
91
fffffec7
7
88
fffffeff
ca
ffffffba
ffffff6a
108
ffffff29
3d
ee
ffffff9b
15e
fffffff2
ffffff49
11a
ffffff1f
34
f0
ffffff69
109
ffffffbe
ffffff24
c0
fffffed4
5
83
fffffed1
c0
ffffffc2
ffffff69
105
ffffff2b
41
e2
ffffff6b
151
fffffff3
ffffff4b
115
ffffff24
31
f0
ffffff6a
109
ffffffbc
ffffff28
bb
fffffed8
4
81
fffffed5
bc
ffffffc5
ffffff66
104
ffffff2b
47
d3
ffffff3b
140
fffffffa
ffffff4c
110
ffffff28
33
e6
ffffff41
100
ffffffbd
ffffff30
f1
fffffee2
3
ad
fffffee1
b4
ffffffc9
ffffff65
103
ffffff2b
49
cf
ffffff40
13c
fffffffc
ffffff4d
10e
ffffff2a
33
e3
ffffff44
fe
ffffffbd
ffffff3e
e2
fffffef1
fffffffd
ac
fffffee6
b1
ffffffc9
ffffff6b
138
ffffff32
8
cc
ffffff43
138
36
ffffff57
102
ffffff36
2c
e2
ffffff45
fc
fffffff8
ffffff44
dc
fffffef6
fffffffb
ab
fffffee9
ae
ffffffca
ffffff6c
135
ffffff34
8
ca
ffffff46
136
35
ffffff51
109
ffffff2f
32
125
ffffff4c
f8
ffffffff
ffffff3d
e2
fffffeef
ffffffc5
a9
fffffee9
ad
3
ffffff6a
139
ffffff30
ffffffd2
c9
ffffff49
136
38
ffffff51
107
ffffff30
33
121
ffffff51
f4
1
ffffff3e
e0
fffffef1
ffffffc5
a7
fffffeec
ab
2
ffffff75
12a
ffffff3b
ffffffcf
c5
ffffff50
12c
3b
ffffff51
105
ffffff31
ffffffe5
117
ffffff59
ec
53
ffffff43
d9
fffffef7
ffffff76
a2
fffffef3
a8
50
ffffff7b
123
ffffff40
ffffffce
c3
ffffff54
128
3d
ffffff50
104
ffffff31
ffffffe7
114
ffffff5c
ea
52
ffffff50
ca
ffffff04
ffffff73
a0
fffffefa
a2
51
ffffff7b
11f
ffffff40
ffffff70
ba
ffffff5d
11f
a1
ffffff54
fe
ffffff35
ffffff85
10d
ffffff61
e6
b0
ffffff56
c3
ffffff09
ffffff72
9e
fffffefe
9f
53
ffffff7b
11e
ffffff40
ffffff72
b7
ffffff60
11d
a0
ffffff54
104
ffffff2f
ffffff7c
ac
ffffff59
164
b6
ffffff53
c6
ffffff03
ffffffbc
ac
fffffeea
ae
50
ffffff7d
124
ffffff3f
ffffffbb
c7
ffffff53
133
a3
ffffff5b
fe
ffffff32
ffffff7c
a9
ffffff5d
161
b5
ffffff56
c1
ffffff07
ffffffba
ac
fffffeeb
ad
4e
ffffff7b
11f
ffffff40
ffffffc4
bc
ffffff5a
12b
95
ffffff6c
e9
ffffff43
0
a4
ffffff65
151
29
ffffff5e
b6
ffffff14
40
a5
fffffef9
a3
ffffffca
ffffff78
121
ffffff3e
ffffffc7
b9
ffffff5c
12c
90
ffffff73
e1
ffffff49
fffffffe
a2
ffffff69
14c
2b
ffffff64
b0
ffffff1b
3c
a6
fffffef8
a9
ffffffbe
ffffff8c
108
fffffec6
27
c6
ffffff52
132
12
ffffff80
d3
fffffee2
fffffff8
a3
ffffff6a
148
29
ffffff66
ae
ffffff1c
3d
a4
fffffefb
a9
ffffffbb
ffffff93
ff
fffffecf
21
c9
ffffff52
131
11
ffffff8b
114
fffffef0
fffffff3
a1
ffffff6e
13f
ffffffdd
ffffff67
eb
ffffff1d
41
99
fffffeca
9f
ffffffc0
ffffff95
f8
fffffed8
1d
c7
ffffff55
12d
e
ffffff91
10d
fffffef6
fffffff0
a0
ffffff71
13b
ffffffdf
ffffff67
ea
ffffff1d
43
95
fffffecf
9b
ffffffc2
ffffff9d
12a
fffffee3
1a
c1
ffffff20
121
12
ffffff91
108
fffffefb
fffffff3
97
ffffff49
12f
ffffffe1
ffffff6c
111
ffffff27
3e
94
fffffed5
9a
ffffffc0
ffffffa2
124
fffffee8
18
bf
ffffff24
11d
14
ffffff91
106
fffffefc
fffffff4
94
ffffff4d
12b
ffffffe2
ffffff28
101
ffffff37
34
98
fffffed7
9a
ffffffbd
ffffff68
11a
ffffff31
17
bb
ffffff29
118
11
ffffff59
f9
ffffff09
ffffffed
96
ffffff4d
129
ffffffdd
ffffff2f
f9
ffffff3e
30
99
fffffed8
99
ffffffbd
ffffff6a
118
ffffff32
18
b8
ffffff2d
115
11
ffffff54
ff
ffffff02
fffffff2
d4
ffffff53
125
ffffffe2
ffffff28
ff
ffffff39
fffffffe
98
fffffed7
99
fffffff2
ffffff68
11b
ffffff2e
ffffffe6
b5
ffffff30
114
13
ffffff55
fd
ffffff04
fffffff3
d0
ffffff58
120
ffffffe5
ffffff28
fd
ffffff3b
fffffffe
96
fffffed9
98
fffffff1
ffffff69
115
ffffff34
ffffffe4
b5
ffffff31
114
5d
ffffff60
f0
ffffff0f
ffffffef
cd
ffffff1c
d7
ffffffe7
ffffff2a
fb
ffffff3c
3
ce
fffffee5
8f
fffffff5
ffffff68
114
ffffff35
ffffffe4
b4
ffffff32
114
5a
ffffff65
ea
ffffff13
ffffffee
cb
ffffff20
d4
ffffffe8
ffffff38
e9
ffffff4b
2
bf
fffffef9
87
fffffff2
ffffff24
fa
ffffff48
ffffffe5
fb
ffffff42
100
50
ffffff0a
d4
ffffff26
ffffff9c
b7
ffffff37
bf
ffffffee
ffffff37
e8
ffffff4c
2
be
fffffefa
87
fffffff0
ffffff28
f6
ffffff4a
ffffffe6
f8
ffffff45
fe
4e
ffffff0e
ce
ffffff2d
ffffff9c
b4
ffffff3a
bd
ffffffeb
fffffed9
df
ffffff53
ffffff99
bc
fffffefe
86
55
ffffff2f
f1
ffffff4b
ffffff86
eb
ffffff52
f2
51
ffffff0e
cc
ffffff30
ffffff9b
b3
ffffff3c
bc
ffffffea
fffffedc
dc
ffffff55
ffffff99
bb
fffffeff
86
53
ffffff27
fa
ffffff44
ffffffe8
fa
ffffff46
105
4c
ffffff0d
c9
ffffff33
fffffff3
c8
ffffff28
cf
ffffffdf
fffffed6
df
ffffff53
ffffffe4
c7
fffffef0
8e
1
ffffff2b
f6
ffffff46
ffffffe8
f8
ffffff48
104
49
ffffff13
c2
ffffff39
ffffffef
c9
ffffff28
cf
ffffffdd
ffffff19
bd
fffffebd
ffffffee
c6
ffffff2f
c7
ffffffe7
ffffff56
e2
ffffff4e
ffffffed
bc
fffffefa
8b
fffffffd
ffffff36
e9
ffffff51
4b
f5
ffffff4b
100
ffffffde
ffffff1c
b8
fffffedc
ffffffea
c9
ffffff29
d0
ffffffd7
ffffff23
b2
fffffec7
ffffffe7
c8
ffffff30
c4
ffffffea
ffffff55
e0
fffffeed
fffffff2
b1
ffffff07
e4
0
ffffff39
e3
ffffff56
4a
ed
ffffff51
fa
ffffffdb
ffffff2a
a8
fffffeef
41
cd
ffffff27
d1
ffffffd2
ffffff2f
a9
fffffed1
ffffffe9
bf
ffffff3b
108
ffffffee
ffffff54
df
fffffeee
fffffff3
ae
ffffff0b
e1
1
ffffff2d
a4
fffffef5
43
c3
ffffff33
112
ffffffd9
ffffff30
a7
fffffed6
ffffffee
b6
ffffff45
fd
fffffff1
ffffff57
da
fffffef3
fffffff7
a4
ffffff17
114
3
ffffff2e
a1
fffffef8
42
c1
ffffff36
10e
ffffffdb
ffffff30
a6
fffffed7
ffffffef
b4
ffffff48
fb
fffffff1
ffffff4f
e4
fffffee4
fffffff8
a9
ffffff10
11e
7
ffffff50
d9
fffffee8
18
c7
ffffff30
118
ffffffdd
ffffff22
b2
fffffec3
fffffff3
b7
ffffff0a
102
fffffff5
ffffff4e
e3
fffffee5
fffffffa
a5
ffffff15
11a
8
ffffff52
d6
fffffeeb
18
c5
ffffff34
115
ffffffde
ffffff2b
aa
fffffed0
fffffff5
ad
ffffff17
f6
fffffff5
ffffff58
ef
fffffef3
fffffff9
9d
ffffff0a
10c
9
ffffff5b
e3
fffffef8
17
d3
ffffff40
106
ffffffe1
ffffff2c
a8
fffffed2
fffffff5
ab
ffffff1a
f4
fffffff5
ffffff5b
eb
fffffef6
fffffff8
9b
ffffff0e
109
a
ffffff5a
e1
fffffef9
1c
101
ffffff4a
fd
ffffffe4
ffffff30
d0
fffffed9
fffffff6
d1
ffffff24
eb
fffffff9
ffffff5c
e8
fffffef9
fffffffc
bf
ffffff19
ff
e
ffffff59
e0
fffffefa
1d
fe
ffffff4e
fa
ffffffe4
ffffff33
cc
fffffedc
fffffff5
cf
ffffff27
e8
fffffffa
ffffff11
ce
ffffff15
fffffff5
b6
ffffff26
f1
6
ffffff25
c5
ffffff17
13
f0
ffffff57
ec
ffffffe1
fffffeff
b7
fffffef6
fffffff5
108
ffffff39
d6
fffffff9
ffffff15
c8
ffffff1a
fffffff2
b6
ffffff27
f0
5
ffffff28
c1
ffffff1b
11
ef
ffffff58
eb
ffffffe0
ffffff00
b2
fffffef6
fffffff1
110
ffffff36
d9
fffffffd
ffffff0b
d1
ffffff10
ffffff9b
b7
ffffff24
f5
60
ffffff23
c5
ffffff15
ffffffb7
f5
ffffff54
f3
37
ffffff06
ab
fffffefb
fffffff0
10e
ffffff3a
d5
0
ffffff0b
d0
ffffff10
ffffff9d
b4
ffffff27
f3
5f
ffffff2d
bc
ffffff1f
ffffffca
147
ffffff71
d2
3e
ffffff13
a3
ffffff0c
ffffff9a
f3
ffffff4f
c0
5e
ffffff1e
c0
ffffff21
ffffff4d
9f
ffffff3f
da
5b
ffffff2c
bd
ffffff1d
ffffffce
140
ffffff78
cc
41
ffffff13
a2
ffffff0d
ffffff9b
f1
ffffff51
bf
5d
ffffff15
c6
ffffff19
ffffffa3
aa
ffffff32
ea
5c
ffffff24
c5
ffffff10
ffffffd0
14a
ffffff79
d0
fffffffa
ffffff04
ab
ffffff01
ffffffe4
fd
ffffff49
c9
12
ffffff18
c2
ffffff1d
ffffffa1
aa
ffffff32
eb
59
ffffff28
c2
ffffff11
ffffffd3
144
ffffff7f
cb
fffffffc
ffffff05
ac
ffffff04
ffffffeb
ef
ffffff53
c3
b
ffffff29
b0
ffffff2f
17
a7
ffffff38
e2
ffffffda
ffffff33
b8
ffffff1c
4f
134
ffffff8a
be
ffffff88
ffffff03
ad
ffffff03
ffffffed
ec
ffffff55
c3
8
ffffff2f
a9
ffffff35
14
a7
ffffff3a
e0
ffffffda
ffffff38
b6
ffffff1b
56
123
ffffff9a
12f
ffffff94
ffffff00
ad
ffffff05
55
e8
ffffff58
128
4
ffffff3a
9d
fffffedb
c
aa
ffffff3a
e0
ffffffd7
ffffff3c
b3
ffffff1c
59
11c
ffffffa2
128
ffffff98
fffffeff
ac
ffffff07
54
e7
ffffff5a
127
3
ffffff3b
9b
fffffee0
e
a3
ffffff42
11e
ffffffda
ffffff3f
e7
ffffff1f
5c
110
ffffff75
11a
ffffffa1
fffffeff
ac
ffffff09
57
dd
ffffff2c
11c
6
ffffff3b
9a
fffffee2
e
a1
ffffff45
11c
ffffffda
ffffff41
e4
ffffff21
5c
10c
ffffff7a
115
ffffffa3
fffffef0
b4
fffffefc
5d
e7
ffffff24
129
8
ffffff30
a1
fffffed3
f
a9
ffffff07
f5
ffffffd8
ffffff39
ee
ffffff17
61
119
ffffff32
de
ffffff9e
fffffef3
b0
ffffff00
5b
e6
ffffff27
126
9
ffffff31
9e
fffffed5
f
a7
ffffff0a
f3
ffffffd8
ffffff39
ca
fffffede
f
d4
ffffff11
eb
ffffffdb
ffffff3d
e7
ffffff1e
5f
110
ffffff3b
d6
ffffffa1
fffffefb
a9
ffffff09
58
e0
ffffff06
f7
8
ffffff3a
bd
fffffee0
f
c8
ffffff13
ea
ffffffdb
ffffff39
c9
fffffedf
10
d0
ffffff16
e7
ffffffdd
ffffff3f
e3
ffffff21
2d
104
ffffff45
cc
ffffffa5
ffffff03
d6
ffffff10
23
d8
ffffff0f
ee
9
ffffff40
b6
fffffee9
d
c4
ffffff19
e5
ffffffd9
ffffff1a
be
fffffeeb
d
cb
ffffff1e
df
ffffffdf
ffffff3f
e2
ffffff21
2e
100
ffffff49
c9
ffffffa5
