1000
c6
fffff8f7
ffffffb8
12a
e3
fffffe7a
9
6d
fffffe58
45
fa
17
ffffffee
ffffffb7
2c
15
ffffffe4
25
ffffffe3
ffffffea
d
fffffff8
10
ffffffff
fffffff5
8
fffffffd
2
3
fffffffc
1
fffffffe
1
2
fffffffd
1
1
ffffffff
1
1000
fffff7e2
fffffc33
340
238
fffffc8c
39
2b7
fffffaaa
22a
1f0
fffffde4
5b
82
ffffffe7
ffffffb4
9d
ffffffd5
ffffff80
7b
ffffffed
ffffffda
19
fffffff4
0
fffffffd
10
fffffff9
fffffff5
f
fffffffc
fffffffc
5
fffffffe
fffffffe
2
1
fffffffe
0
1
1000
fffff4aa
fffffec8
515
ffffff76
fffffc26
1a6
248
fffffa2a
394
130
fffffcb7
20f
46
ffffff13
5c
87
ffffff7c
ffffffc4
b2
ffffff80
ffffffec
62
ffffffaf
11
18
ffffffed
5
fffffffd
d
fffffff3
1
d
ffffffef
8
3
fffffff8
6
fffffffe
ffffffff
1000
fffff173
25c
5b4
fffffbf5
fffffdba
2a0
ce
fffffa61
51c
ffffffb9
fffffc35
42f
fffffed2
fffffead
1d3
ffffff78
ffffff60
8a
35
ffffff4c
5d
48
ffffff60
6b
d
ffffffac
4b
ffffffed
ffffffed
16
fffffff7
2
fffffff9
a
fffffffd
fffffff6
11
fffffff3
2
1000
fffff0e7
37e
3dd
fffffdc8
fffffdb4
193
d4
fffffbb2
452
ffffff50
fffffd31
379
fffffebd
ffffff2f
1a1
ffffff37
ffffffa0
a8
ffffffdb
ffffff8c
6c
0
ffffff98
67
fffffff0
ffffffc3
48
ffffffe9
ffffffe9
23
fffffff1
fffffff9
b
fffffffe
fffffffb
2
5
fffffff9
1
1000
fffff05d
4ba
1a6
1d
fffffd64
6d
15d
fffffc0c
447
fffffeee
fffffde8
2c6
fffffeaf
fffffff1
105
ffffff4e
ffffffd1
73
ffffffed
ffffff9d
6b
ffffffd7
ffffffbd
6d
ffffffc4
fffffff3
34
ffffffd6
f
9
fffffff7
1
fffffffe
a
fffffff0
9
5
ffffffee
12
1000
ffffeffe
579
13a
ffffff77
fffffeee
ffffff6f
134
fffffc98
3db
ffffff12
fffffdec
2ce
fffffe6c
25
13c
fffffee0
20
75
ffffffa3
fffffff7
4b
ffffffae
fffffff8
4c
ffffffbd
12
19
ffffffdb
19
0
fffffffc
fffffffe
2
7
ffffffef
11
fffffffb
fffffff2
17
1000
ffffefa2
635
cb
fffffedd
78
fffffe59
125
fffffd2e
33c
ffffff69
fffffdee
2ab
fffffe55
4c
15d
fffffe93
64
64
ffffff72
4b
1d
ffffff99
28
25
ffffffc5
27
0
ffffffe1
21
fffffffb
fffffffa
3
1
ffffffff
fffffffa
e
fffffff3
fffffffe
f
1000
fffff185
53f
1ba
fffffd22
149
ffffff78
17
fffffe04
234
ffffff8a
fffffe8b
233
fffffe99
ffffffd9
176
fffffec6
44
a1
ffffff25
5f
49
ffffff6b
58
e
ffffffa6
55
ffffffe8
ffffffdc
39
ffffffd9
7
14
ffffffe5
16
fffffff4
0
c
ffffffec
13
1000
fffff369
49e
2c5
fffffb9b
18b
9e
ffffff27
ffffff22
19f
ffffff1c
ffffff39
1af
fffffeda
ffffffd7
12e
fffffef6
26
ba
ffffff25
4c
69
ffffff4e
69
1f
ffffff84
71
ffffffe2
ffffffc9
55
ffffffc8
3
24
ffffffd5
1a
fffffffc
fffffff5
11
ffffffee
f
1000
fffff2c1
542
318
fffffb23
164
ce
ffffff0f
ffffff2f
1eb
fffffefb
ffffff2b
1d9
fffffebc
ffffffd5
148
fffffedb
28
c2
ffffff17
53
68
ffffff4d
6a
1d
ffffff89
6d
ffffffe3
ffffffce
4e
ffffffcc
4
1f
ffffffda
19
fffffffa
fffffff8
10
ffffffef
d
1000
fffff219
5f8
358
fffffa9c
152
10f
fffffee4
ffffff30
23f
fffffed6
ffffff1d
214
fffffe91
ffffffcb
171
fffffeb5
2a
db
fffffefc
57
77
ffffff3c
6e
28
ffffff7c
71
ffffffeb
ffffffc1
56
ffffffce
fffffffb
29
ffffffd4
19
ffffffff
fffffff0
18
ffffffe9
e
1000
fffff27d
5bc
2e6
fffffb32
188
9f
ffffff46
ffffff18
1ee
ffffff12
ffffff07
1f5
fffffead
ffffffcd
15d
fffffec1
39
c0
ffffff0b
65
58
ffffff54
6f
f
ffffff99
63
ffffffe1
ffffffda
3f
ffffffd5
7
12
ffffffe7
14
fffffff4
4
6
ffffffef
16
1000
fffff2e2
588
26f
fffffbbe
1cc
39
ffffff9e
fffffefb
19e
ffffff51
fffffef4
1d2
fffffed3
ffffffc1
146
fffffee0
2e
b6
ffffff23
55
5c
ffffff5b
66
17
ffffff93
67
ffffffe0
ffffffd5
49
ffffffca
c
18
ffffffd9
22
ffffffee
fffffffe
14
ffffffe2
1c
1000
fffff24d
5bc
223
fffffc06
208
ffffffc6
ffffffda
fffffec7
18f
ffffff86
fffffec0
1f6
fffffec5
ffffffaf
171
fffffeb8
46
c2
fffffefa
83
44
ffffff50
8b
ffffffef
ffffffa5
72
ffffffc2
fffffff2
3d
ffffffc1
21
3
ffffffe4
25
ffffffe0
f
8
ffffffe3
25
1000
fffff1ba
5f5
1e2
fffffc4b
242
ffffff4f
9
fffffea8
182
ffffffb1
fffffea5
1f7
fffffec5
ffffffae
179
fffffeb8
49
be
fffffefb
85
44
ffffff4e
8d
ffffffed
ffffffa3
77
ffffffbd
fffffff4
3e
ffffffbe
24
1
ffffffe6
23
ffffffe1
11
3
ffffffea
21
1000
fffff12d
62f
1a2
fffffca0
275
fffffec9
42
fffffe80
187
ffffffe0
fffffe72
20e
fffffeb0
ffffffb6
193
fffffe9b
64
ae
fffffef2
a4
28
ffffff5a
95
ffffffd4
ffffffb9
71
ffffffb3
5
31
ffffffc0
2c
fffffff7
ffffffec
24
ffffffdd
15
2
ffffffe8
23
1000
fffff0a1
66e
169
fffffcf5
2a1
fffffe3c
7c
fffffe63
193
b
fffffe3b
21d
fffffea3
ffffffc5
1a6
fffffe83
76
9d
fffffef6
b8
11
ffffff68
8f
ffffffc9
ffffffcf
5f
ffffffb9
b
20
ffffffd2
24
fffffff3
fffffff9
14
ffffffe6
17
fffffff8
fffffff4
1a
1000
fffff255
568
1d3
fffffc0c
254
ffffff46
ffffff85
fffffea5
17c
ffffff80
fffffee1
203
fffffea0
ffffffe1
181
fffffeb5
66
ba
fffffef2
84
4d
ffffff3f
87
fffffffd
ffffff86
81
ffffffcb
ffffffd8
57
ffffffba
16
19
ffffffd7
26
ffffffe9
6
b
ffffffe5
22
1000
fffff40b
4a6
24a
fffffb2f
1ae
22
fffffeb3
fffffee6
18d
fffffed7
ffffff67
1fe
fffffeaa
25
157
fffffede
54
c5
ffffff0d
42
79
ffffff26
5c
41
ffffff50
80
ffffffff
ffffff98
7e
ffffffcd
ffffffe4
4d
ffffffc4
12
14
ffffffde
1a
fffffff1
1
1000
fffff3c5
466
26b
fffffb78
196
66
fffffefe
fffffef9
19a
ffffff07
ffffff49
1dd
fffffebd
fffffff5
143
fffffee0
41
bc
ffffff16
50
6b
ffffff41
66
2c
ffffff71
75
fffffff0
ffffffb2
66
ffffffcb
fffffff2
39
ffffffcb
17
9
ffffffe6
1a
ffffffee
6
1000
fffff381
425
292
fffffbc3
179
aa
ffffff3c
ffffff13
196
ffffff31
ffffff41
1a7
fffffee9
ffffffd4
11f
ffffff03
24
af
ffffff30
48
60
ffffff59
65
19
ffffff8f
6c
ffffffde
ffffffd2
4f
ffffffc6
b
1d
ffffffd5
22
fffffff3
fffffff9
15
ffffffe5
16
1000
fffff2f0
45c
262
fffffc09
1a2
5c
ffffff84
fffffeec
191
ffffff6a
ffffff13
1bb
fffffee5
ffffffc1
136
fffffeee
34
a9
ffffff23
62
46
ffffff65
71
fffffffe
ffffffa8
62
ffffffd6
ffffffe5
3e
ffffffcd
e
14
ffffffdf
1b
fffffff4
fffffffd
d
ffffffef
f
1000
fffff261
497
23c
fffffc4a
1c8
f
ffffffbb
fffffee0
17a
ffffffa5
fffffef9
1a7
ffffff02
ffffffaa
135
ffffff03
21
aa
ffffff2c
57
4c
ffffff67
6d
0
ffffffa7
65
ffffffd0
ffffffea
3f
ffffffc5
18
e
ffffffdd
23
ffffffed
ffffffff
10
ffffffea
12
1000
fffff1d8
4e3
20c
fffffc91
200
ffffff98
ffffffe1
fffffec1
17c
ffffffce
fffffed2
1b9
fffffeec
ffffffaf
14f
fffffee6
3b
a0
ffffff18
7b
32
ffffff6b
82
ffffffdd
ffffffc1
62
ffffffbd
8
27
ffffffca
26
fffffff7
fffffff0
1e
ffffffe2
11
2
ffffffed
1a
1000
fffff150
534
1dc
fffffcdd
22f
ffffff15
13
fffffea6
180
fffffffd
fffffea1
1c1
fffffee7
ffffffae
167
fffffed8
3e
9d
ffffff15
86
2d
ffffff6c
80
ffffffdb
ffffffc3
63
ffffffbe
5
2a
ffffffc8
27
fffffff9
ffffffed
20
ffffffe2
10
3
ffffffec
1c
1000
fffff0ad
5bf
175
fffffd44
282
fffffe33
66
fffffe75
18b
47
fffffe3a
1e5
fffffedb
ffffffa8
1ae
fffffea1
45
b3
fffffeec
b6
24
ffffff4c
a4
ffffffbe
ffffffc7
7e
ffffff99
19
2b
ffffffb3
46
ffffffe4
ffffffee
30
ffffffc9
26
fffffffd
ffffffe1
30
1000
fffff00c
64d
112
fffffdaf
2be
fffffd58
bb
fffffe48
1b9
66
fffffddc
20e
fffffeb9
ffffffdb
1ce
fffffe64
67
9e
fffffef3
dd
fffffffb
ffffff53
a6
ffffffae
ffffffe5
6d
ffffff92
27
18
ffffffc5
46
ffffffd5
0
21
ffffffcf
2e
ffffffee
ffffffee
29
1000
fffff205
525
1a9
fffffc93
280
fffffef7
ffffffad
fffffe9c
160
ffffffdd
fffffecd
1c6
fffffece
ffffffbd
17e
fffffedf
3d
bb
fffffefa
7c
59
ffffff3c
8f
ffffffef
ffffff8e
8c
ffffffb5
ffffffee
4e
ffffffad
2e
6
ffffffda
32
ffffffd7
12
b
ffffffde
2a
1000
fffff3ff
458
251
fffffb95
1c7
52
fffffef3
fffffef4
170
ffffff07
ffffff58
1c6
fffffec7
fffffff4
138
fffffef3
3e
c3
ffffff1b
48
75
ffffff38
69
30
ffffff65
7f
ffffffea
ffffffae
70
ffffffc1
fffffff5
3f
ffffffc1
20
8
ffffffe1
23
ffffffe7
8
1000
fffff3c0
43e
270
fffffbad
1a1
7a
ffffff1c
ffffff03
182
ffffff26
ffffff43
1ba
fffffedd
ffffffd5
139
fffffef3
2b
c6
ffffff16
50
6e
ffffff3d
75
1e
ffffff77
80
ffffffdb
ffffffc2
66
ffffffba
5
30
ffffffc4
26
fffffffd
ffffffe8
21
ffffffe5
c
1000
fffff381
424
294
fffffbbf
17e
a6
ffffff3b
ffffff1a
18c
ffffff38
ffffff41
19f
fffffef5
ffffffca
123
ffffff06
1c
b8
ffffff2a
48
66
ffffff50
6c
19
ffffff87
76
ffffffd8
ffffffd0
58
ffffffbd
e
21
ffffffce
26
fffffff5
fffffff2
1b
ffffffe6
f
1000
fffff2f0
45d
261
fffffc07
1a8
55
ffffff85
fffffef4
182
ffffff79
ffffff0e
1b1
fffffef9
ffffffae
13d
fffffef7
20
bd
ffffff1a
5c
57
ffffff52
7b
2
ffffff98
77
ffffffc7
ffffffe6
4d
ffffffb7
1f
11
ffffffd3
2e
ffffffe6
fffffffe
19
ffffffde
1b
1000
fffff261
496
23e
fffffc48
1ca
e
ffffffba
fffffee1
178
ffffffa8
fffffef4
1ac
ffffff00
ffffffa6
13e
fffffef9
26
af
ffffff1f
65
45
ffffff63
79
fffffff3
ffffffae
67
ffffffc8
fffffff4
38
ffffffc7
1c
6
ffffffe5
1f
ffffffeb
5
b
ffffffeb
16
1000
fffff1d8
4e3
20c
fffffc90
203
ffffff94
ffffffe1
fffffec7
171
ffffffd8
fffffed0
1b0
fffffefc
ffffffa1
152
fffffef1
27
b2
ffffff14
6f
47
ffffff5a
84
ffffffec
ffffffa8
77
ffffffba
fffffff8
41
ffffffb5
2b
5
ffffffd8
32
ffffffdd
6
16
ffffffdb
22
1000
fffff150
534
1dc
fffffcdd
22f
ffffff15
13
fffffea6
180
fffffffd
fffffea1
1c1
fffffee7
ffffffae
167
fffffed8
3e
9d
ffffff15
86
2d
ffffff6c
80
ffffffdb
ffffffc3
63
ffffffbe
5
2a
ffffffc8
27
fffffff9
ffffffed
20
ffffffe2
10
3
ffffffec
1c
1000
fffff0ad
5bf
175
fffffd44
282
fffffe33
66
fffffe75
18b
47
fffffe3a
1e5
fffffedb
ffffffa8
1ae
fffffea1
45
b3
fffffeec
b6
24
ffffff4c
a4
ffffffbe
ffffffc7
7e
ffffff99
19
2b
ffffffb3
46
ffffffe4
ffffffee
30
ffffffc9
26
fffffffd
ffffffe1
30
1000
fffff00c
64d
112
fffffdaf
2be
fffffd58
bb
fffffe48
1b9
66
fffffddc
20e
fffffeb9
ffffffdb
1ce
fffffe64
67
9e
fffffef3
dd
fffffffb
ffffff53
a6
ffffffae
ffffffe5
6d
ffffff92
27
18
ffffffc5
46
ffffffd5
0
21
ffffffcf
2e
ffffffee
ffffffee
29
1000
fffff205
525
1a9
fffffc93
280
fffffef7
ffffffad
fffffe9c
160
ffffffdd
fffffecd
1c6
fffffece
ffffffbd
17e
fffffedf
3d
bb
fffffefa
7c
59
ffffff3c
8f
ffffffef
ffffff8e
8c
ffffffb5
ffffffee
4e
ffffffad
2e
6
ffffffda
32
ffffffd7
12
b
ffffffde
2a
1000
fffff3ff
458
251
fffffb95
1c7
52
fffffef3
fffffef4
170
ffffff07
ffffff58
1c6
fffffec7
fffffff4
138
fffffef3
3e
c3
ffffff1b
48
75
ffffff38
69
30
ffffff65
7f
ffffffea
ffffffae
70
ffffffc1
fffffff5
3f
ffffffc1
20
8
ffffffe1
23
ffffffe7
8
1000
fffff3c0
43e
270
fffffbad
1a1
7a
ffffff1c
ffffff03
182
ffffff26
ffffff43
1ba
fffffedd
ffffffd5
139
fffffef3
2b
c6
ffffff16
50
6e
ffffff3d
75
1e
ffffff77
80
ffffffdb
ffffffc2
66
ffffffba
5
30
ffffffc4
26
fffffffd
ffffffe8
21
ffffffe5
c
1000
fffff381
424
294
fffffbbf
17e
a6
ffffff3b
ffffff1a
18c
ffffff38
ffffff41
19f
fffffef5
ffffffca
123
ffffff06
1c
b8
ffffff2a
48
66
ffffff50
6c
19
ffffff87
76
ffffffd8
ffffffd0
58
ffffffbd
e
21
ffffffce
26
fffffff5
fffffff2
1b
ffffffe6
f
1000
fffff2f0
45d
261
fffffc08
1a6
58
ffffff83
fffffef4
184
ffffff77
ffffff0e
1b4
fffffef5
ffffffb0
140
fffffef0
26
bd
ffffff14
63
53
ffffff51
80
fffffffd
ffffff9a
77
ffffffc6
ffffffe7
4b
ffffffba
1c
13
ffffffd3
2c
ffffffe9
fffffffc
18
ffffffe1
18
1000
fffff261
496
23e
fffffc49
1c7
11
ffffffba
fffffedd
17f
ffffffa3
fffffef4
1b0
fffffefb
ffffffa9
13e
fffffef8
26
af
ffffff21
60
4b
ffffff60
77
fffffff9
ffffffa7
6c
ffffffc8
ffffffef
41
ffffffbe
20
a
ffffffdb
29
ffffffe6
3
12
ffffffe3
1a
1000
fffff1d8
4e1
210
fffffc8c
203
ffffff9a
ffffffd8
fffffecc
176
ffffffca
fffffee0
1a7
fffffef8
ffffffb0
141
fffffefa
2c
a2
ffffff25
67
42
ffffff69
75
fffffff1
ffffffb1
66
ffffffc7
fffffff6
36
ffffffc5
20
4
ffffffe4
23
ffffffe6
7
d
ffffffe6
1a
1000
fffff150
534
1dc
fffffcdc
22f
ffffff16
13
fffffea4
181
fffffffe
fffffe9e
1c6
fffffee4
ffffffad
16d
fffffed1
42
9f
ffffff0f
8c
2a
ffffff6c
81
ffffffd9
ffffffc4
63
ffffffbd
6
29
ffffffc8
27
fffffff9
ffffffed
20
ffffffe2
10
3
ffffffec
1c
1000
fffff0ad
5be
177
fffffd43
27f
fffffe37
65
fffffe6f
195
3f
fffffe3a
1ef
fffffecc
ffffffb4
1ac
fffffe98
54
a6
fffffef1
bb
18
ffffff59
9d
ffffffbc
ffffffd2
71
ffffffa0
1d
1f
ffffffbf
42
ffffffde
fffffff9
29
ffffffc7
2e
fffffff6
ffffffe1
37
1000
fffff00c
64d
112
fffffdaf
2bc
fffffd5b
b9
fffffe47
1bc
64
fffffddb
211
fffffeb6
ffffffdb
1d0
fffffe62
67
a0
fffffef1
dd
fffffffe
ffffff4f
a7
ffffffb1
ffffffe0
71
ffffff90
26
1b
ffffffc2
49
ffffffd4
fffffffe
26
ffffffc9
33
ffffffed
ffffffe9
31
1000
fffff205
524
1a9
fffffc95
27a
fffffefd
ffffffaf
fffffe8e
175
ffffffce
fffffec9
1df
fffffeac
ffffffd4
181
fffffec2
64
a1
fffffef9
96
35
ffffff56
8b
ffffffdd
ffffffaa
75
ffffffbe
fffffff5
3e
ffffffbd
24
7
ffffffe0
29
ffffffe0
c
c
ffffffe2
23
1000
fffff3ff
458
251
fffffb95
1c4
56
fffffef1
fffffef0
179
fffffeff
ffffff59
1cf
fffffeb8
1
136
fffffee9
50
b3
ffffff21
4f
65
ffffff48
61
2d
ffffff6f
73
fffffff3
ffffffab
6e
ffffffc7
ffffffef
43
ffffffc1
1c
d
ffffffdd
23
ffffffeb
2
1000
fffff3c0
43d
271
fffffbad
19d
80
ffffff19
fffffefe
18d
ffffff1c
ffffff45
1c3
fffffece
ffffffe2
134
fffffeee
37
b9
ffffff1e
52
63
ffffff4b
6d
1c
ffffff81
75
ffffffdf
ffffffc7
5c
ffffffc2
4
2a
ffffffcc
22
fffffffa
fffffff0
1a
ffffffe6
11
1000
fffff381
424
294
fffffbc0
17a
ac
ffffff39
ffffff14
197
ffffff2f
ffffff40
1aa
fffffee7
ffffffd2
125
fffffefc
27
b2
ffffff2a
4d
5f
ffffff55
6b
17
ffffff8c
71
ffffffdb
ffffffd1
54
ffffffc2
b
20
ffffffd2
22
fffffff5
fffffff7
15
ffffffe7
15
1000
fffff2f0
45b
264
fffffc06
1a4
5b
ffffff84
fffffeed
18e
ffffff70
ffffff0d
1bd
fffffee9
ffffffb8
140
fffffee8
32
b3
ffffff16
6a
47
ffffff5c
7d
fffffff5
ffffffa9
6a
ffffffc9
fffffff0
3b
ffffffc7
1a
8
ffffffe4
20
ffffffe9
6
c
ffffffe7
1b
1000
fffff261
496
23e
fffffc48
1c8
11
ffffffba
fffffedc
181
ffffffa1
fffffef4
1b4
fffffef5
ffffffad
140
fffffeef
32
a8
ffffff1c
70
39
ffffff69
7d
ffffffe8
ffffffb9
63
ffffffc3
fffffffe
30
ffffffc8
21
0
ffffffe8
20
ffffffe7
8
b
ffffffe9
18
1000
fffff1d8
4e1
20f
fffffc8e
201
ffffff98
ffffffe0
fffffec1
17b
ffffffd2
fffffecc
1bd
fffffeee
ffffffa5
15d
fffffedd
39
ad
ffffff09
84
34
ffffff62
8a
ffffffda
ffffffbd
69
ffffffb9
7
2b
ffffffc6
29
fffffff5
fffffff1
1e
ffffffe0
17
fffffffb
fffffff0
1f
1000
fffff150
534
1dc
fffffcdd
22e
ffffff17
13
fffffea2
186
fffffff8
fffffea1
1c8
fffffedd
ffffffb4
169
fffffecf
48
99
ffffff11
8f
25
ffffff6f
83
ffffffd4
ffffffc9
61
ffffffbc
a
24
ffffffcc
27
fffffff5
fffffff3
1b
ffffffe4
12
0
ffffffef
19
1000
fffff0ad
5be
177
fffffd43
27f
fffffe37
65
fffffe6f
195
3f
fffffe3a
1ef
fffffecc
ffffffb4
1ac
fffffe98
54
a6
fffffef1
bb
18
ffffff59
9d
ffffffbc
ffffffd2
71
ffffffa0
1d
1f
ffffffbf
42
ffffffde
fffffff9
29
ffffffc7
2e
fffffff6
ffffffe1
37
1000
fffff00c
64d
112
fffffdaf
2bc
fffffd5b
b9
fffffe47
1bc
64
fffffddb
211
fffffeb6
ffffffdb
1d0
fffffe62
67
a0
fffffef1
dd
fffffffe
ffffff4f
a7
ffffffb1
ffffffe0
71
ffffff90
26
1b
ffffffc2
49
ffffffd4
fffffffe
26
ffffffc9
33
ffffffed
ffffffe9
31
1000
fffff205
524
1aa
fffffc93
27d
fffffefd
ffffffaa
fffffe97
16e
ffffffcd
fffffed5
1ce
fffffeb7
ffffffd7
171
fffffed6
57
9f
ffffff08
83
42
ffffff55
80
ffffffee
ffffff9b
7c
ffffffc0
ffffffeb
4b
ffffffb2
28
b
ffffffd7
32
ffffffdb
b
12
ffffffda
29
1000
fffff3ff
459
250
fffffb96
1c7
50
fffffef6
fffffef3
16d
ffffff0d
ffffff53
1c6
fffffecc
ffffffee
13a
fffffef7
38
c6
ffffff1e
41
7b
ffffff37
64
38
ffffff5e
81
ffffffee
ffffffa6
79
ffffffbc
fffffff5
43
ffffffbb
24
7
ffffffdf
26
ffffffe4
9
1000
fffff3c0
43e
270
fffffbae
19e
7f
ffffff18
ffffff02
188
ffffff1d
ffffff4a
1b9
fffffed7
ffffffe1
12d
fffffefa
2d
bc
ffffff24
46
6f
ffffff45
69
27
ffffff75
7c
ffffffe0
ffffffbf
67
ffffffb9
7
2e
ffffffc3
2b
fffffff7
ffffffec
23
ffffffdf
11
1000
fffff381
424
294
fffffbc0
17c
a8
ffffff3c
ffffff16
190
ffffff38
ffffff3c
1a6
fffffef2
ffffffc7
129
ffffff02
1b
bd
ffffff25
49
69
ffffff4b
70
18
ffffff85
7a
ffffffd4
ffffffd3
57
ffffffbb
12
1d
ffffffd0
29
ffffffee
fffffffa
18
ffffffe1
1a
1000
fffff2f0
45d
261
fffffc08
1a6
58
ffffff83
fffffef4
184
ffffff76
ffffff11
1b0
fffffef7
ffffffb3
137
fffffefb
21
b8
ffffff20
57
58
ffffff56
75
6
ffffff99
71
ffffffce
ffffffe3
48
ffffffc1
17
12
ffffffda
24
ffffffed
ffffffff
10
ffffffe9
14
1000
fffff261
496
23f
fffffc46
1cb
f
ffffffb6
fffffee7
174
ffffffa7
fffffefc
1a0
ffffff09
ffffffa6
135
ffffff06
1c
b0
ffffff28
57
50
ffffff62
71
ffffffff
ffffffa5
69
ffffffce
ffffffea
40
ffffffc4
19
d
ffffffdd
23
ffffffed
fffffffe
12
ffffffe8
13
1000
fffff1d8
4e3
20c
fffffc91
200
ffffff98
ffffffe0
fffffec3
179
ffffffd2
fffffed0
1b7
fffffef3
ffffffa6
155
fffffee8
32
ac
ffffff12
77
3e
ffffff60
83
ffffffe7
ffffffb2
6d
ffffffbe
fffffffc
36
ffffffc2
24
1
ffffffe6
21
ffffffe7
9
8
ffffffed
15
1000
fffff150
534
1dd
fffffcdb
231
ffffff15
11
fffffeab
179
2
fffffea2
1ba
fffffef1
ffffffa6
169
fffffede
33
a7
ffffff11
82
37
ffffff62
84
ffffffdf
ffffffb9
6d
ffffffb9
2
33
ffffffbd
2e
fffffffa
ffffffe4
2c
ffffffd9
12
a
ffffffe1
25
1000
fffff0ad
5bf
175
fffffd45
280
fffffe34
67
fffffe71
190
42
fffffe3d
1e6
fffffed5
ffffffb2
1a4
fffffea6
49
a7
fffffef9
ae
22
ffffff57
97
ffffffc6
ffffffca
72
ffffffa6
14
26
ffffffbe
3c
ffffffe8
fffffff1
28
ffffffd2
1f
ffffffff
ffffffe5
27
1000
fffff00c
64d
113
fffffdae
2bd
fffffd5b
b7
fffffe4b
1b8
65
fffffdde
20b
fffffebc
ffffffd9
1cd
fffffe68
62
a1
fffffef4
d8
3
ffffff4c
a7
ffffffb4
ffffffdb
76
ffffff8d
26
20
ffffffba
4f
ffffffd4
fffffff7
30
ffffffc2
32
fffffff5
ffffffde
3a
1000
fffff205
525
1a9
fffffc94
27e
fffffefb
ffffffaa
fffffe9b
168
ffffffd1
fffffed6
1c7
fffffec1
ffffffcf
172
fffffedc
4d
a9
ffffff03
80
4c
ffffff49
89
ffffffec
ffffff95
86
ffffffb9
ffffffec
4f
ffffffad
2b
c
ffffffd4
35
ffffffd9
b
13
ffffffd9
29
1000
fffff3ff
459
250
fffffb98
1c3
55
fffffef5
fffffeed
179
ffffff03
ffffff52
1d4
fffffeba
fffffff8
140
fffffee5
4a
c1
ffffff12
57
69
ffffff3a
71
23
ffffff6e
7e
ffffffe2
ffffffba
68
ffffffc1
fffffffd
33
ffffffca
1e
1
ffffffee
16
ffffffed
c
1000
fffff3c0
43e
270
fffffbae
19d
82
ffffff14
ffffff05
18a
ffffff17
ffffff51
1b6
fffffed3
ffffffe9
127
fffffef8
36
b2
ffffff27
4d
62
ffffff50
67
1e
ffffff84
70
ffffffe3
ffffffc6
5a
ffffffc5
3
28
ffffffcf
21
fffffff9
fffffff3
18
ffffffe6
12
1000
fffff381
425
292
fffffbc3
17a
a7
ffffff40
ffffff10
196
ffffff36
ffffff38
1af
fffffee8
ffffffcc
12d
fffffef7
26
b9
ffffff1f
56
5d
ffffff50
74
e
ffffff90
74
ffffffd2
ffffffda
51
ffffffbe
12
1b
ffffffd1
28
ffffffef
fffffff9
18
ffffffe2
17
1000
fffff2f0
45d
261
fffffc07
1a8
55
ffffff85
fffffef4
182
ffffff79
ffffff0e
1b1
fffffef9
ffffffae
13d
fffffef7
20
bd
ffffff1a
5c
57
ffffff52
7b
2
ffffff98
77
ffffffc7
ffffffe6
4d
ffffffb7
1f
11
ffffffd3
2e
ffffffe6
fffffffe
19
ffffffde
1b
1000
fffff261
497
23c
fffffc4a
1c9
c
ffffffbf
fffffedb
17c
ffffffa9
fffffeee
1b3
fffffefc
ffffffa5
144
fffffef1
2b
b0
ffffff18
6d
41
ffffff61
80
ffffffeb
ffffffb2
69
ffffffc1
fffffffc
34
ffffffc5
23
fffffffe
ffffffe9
21
ffffffe4
d
6
ffffffea
1b
1000
fffff1d8
4e3
20c
fffffc90
203
ffffff94
ffffffe1
fffffec7
171
ffffffd8
fffffed0
1b0
fffffefc
ffffffa1
152
fffffef1
27
b2
ffffff14
6f
47
ffffff5a
84
ffffffec
ffffffa8
77
ffffffba
fffffff8
41
ffffffb5
2b
5
ffffffd8
32
ffffffdd
6
16
ffffffdb
22
1000
fffff150
535
1db
fffffcdf
22e
ffffff15
16
fffffea2
181
1
fffffe9a
1c7
fffffee7
ffffffa7
172
fffffecf
40
a3
ffffff09
91
28
ffffff69
89
ffffffd0
ffffffc9
66
ffffffb4
10
24
ffffffc5
30
fffffff0
fffffff0
24
ffffffda
17
3
ffffffe6
23
1000
fffff0ad
5bf
175
fffffd44
282
fffffe33
66
fffffe75
18b
47
fffffe3a
1e5
fffffedb
ffffffa8
1ae
fffffea1
45
b3
fffffeec
b6
24
ffffff4c
a4
ffffffbe
ffffffc7
7e
ffffff99
19
2b
ffffffb3
46
ffffffe4
ffffffee
30
ffffffc9
26
fffffffd
ffffffe1
30
1000
fffff00c
64e
111
fffffdb1
2bd
fffffd57
bd
fffffe46
1b9
68
fffffdd9
210
fffffeb9
ffffffd8
1d3
fffffe60
68
a2
fffffeec
e3
fffffffb
ffffff4d
ae
ffffffa9
ffffffe4
73
ffffff8b
2b
19
ffffffc0
4d
ffffffcf
2
25
ffffffc5
3b
ffffffe5
ffffffec
35
1000
fffff205
525
1a9
fffffc93
280
fffffef7
ffffffad
fffffe9c
160
ffffffdd
fffffecd
1c6
fffffece
ffffffbd
17e
fffffedf
3d
bb
fffffefa
7c
59
ffffff3c
8f
ffffffef
ffffff8e
8c
ffffffb5
ffffffee
4e
ffffffad
2e
6
ffffffda
32
ffffffd7
12
b
ffffffde
2a
1000
fffff3ff
459
250
fffffb98
1c4
53
fffffef6
fffffeed
178
ffffff04
ffffff53
1d1
fffffebc
fffffff9
13c
fffffee9
49
bd
ffffff1a
50
6a
ffffff41
67
2a
ffffff6f
77
ffffffec
ffffffb2
6b
ffffffc4
fffffff6
3b
ffffffc5
1e
7
ffffffe4
1f
ffffffe9
9
1000
fffff3c0
43e
270
fffffbad
1a1
7a
ffffff1c
ffffff03
182
ffffff26
ffffff43
1ba
fffffedd
ffffffd5
139
fffffef3
2b
c6
ffffff16
50
6e
ffffff3d
75
1e
ffffff77
80
ffffffdb
ffffffc2
66
ffffffba
5
30
ffffffc4
26
fffffffd
ffffffe8
21
ffffffe5
c
1000
fffff381
425
292
fffffbc3
17a
a7
ffffff40
ffffff10
196
ffffff36
ffffff38
1af
fffffee8
ffffffcc
12d
fffffef7
26
b9
ffffff1f
56
5d
ffffff50
74
e
ffffff90
74
ffffffd2
ffffffda
51
ffffffbe
12
1b
ffffffd1
28
ffffffef
fffffff9
18
ffffffe2
17
1000
fffff2f0
45d
261
fffffc07
1a8
55
ffffff85
fffffef4
182
ffffff79
ffffff0e
1b1
fffffef9
ffffffae
13d
fffffef7
20
bd
ffffff1a
5c
57
ffffff52
7b
2
ffffff98
77
ffffffc7
ffffffe6
4d
ffffffb7
1f
11
ffffffd3
2e
ffffffe6
fffffffe
19
ffffffde
1b
1000
fffff261
497
23c
fffffc4a
1c9
c
ffffffbf
fffffedb
17c
ffffffa9
fffffeee
1b3
fffffefc
ffffffa5
144
fffffef1
2b
b0
ffffff18
6d
41
ffffff61
80
ffffffeb
ffffffb2
69
ffffffc1
fffffffc
34
ffffffc5
23
fffffffe
ffffffe9
21
ffffffe4
d
6
ffffffea
1b
1000
fffff1d8
4e3
20c
fffffc91
200
ffffff98
ffffffe0
fffffec3
179
ffffffd3
fffffece
1b8
fffffef4
ffffffa2
15a
fffffee4
32
b0
ffffff0c
7c
3d
ffffff5b
8c
ffffffdf
ffffffb3
75
ffffffb1
6
36
ffffffb7
33
fffffff7
ffffffe4
2f
ffffffd5
14
a
ffffffdf
28
1000
fffff150
535
1db
fffffcdf
22d
ffffff16
14
fffffea3
182
fffffffd
fffffe9e
1c5
fffffee6
ffffffaa
16f
fffffed1
3f
a4
ffffff09
90
2b
ffffff64
8d
ffffffd0
ffffffc5
6b
ffffffb0
10
28
ffffffbf
35
ffffffee
ffffffee
29
ffffffd4
1b
2
ffffffe4
28
1000
fffff0ad
5be
178
fffffd3f
286
fffffe33
61
fffffe7c
186
46
fffffe41
1dc
fffffee0
ffffffab
1a5
fffffeaa
42
ae
fffffef5
af
26
ffffff4f
9f
ffffffc1
ffffffc9
7a
ffffff9b
1c
25
ffffffb7
48
ffffffdc
fffffff7
2c
ffffffc5
2f
fffffff4
ffffffe4
35
1000
fffff00c
64d
112
fffffdae
2bf
fffffd57
bc
fffffe48
1b5
6f
fffffdd1
214
fffffebd
ffffffcc
1e0
fffffe5a
62
b0
fffffede
e7
4
ffffff3c
bd
ffffffa5
ffffffda
86
ffffff78
34
1f
ffffffaf
60
ffffffc4
0
32
ffffffb6
44
ffffffe6
ffffffe3
42
1000
fffff205
525
1a8
fffffc93
280
fffffef6
ffffffaf
fffffe97
168
ffffffd6
fffffece
1ce
fffffebf
ffffffcc
179
fffffed6
4f
ab
fffffeff
84
49
ffffff4b
88
ffffffea
ffffff9b
7f
ffffffbc
fffffff0
45
ffffffb7
27
5
ffffffe2
27
ffffffe0
10
5
ffffffe8
22
1000
fffff3ff
458
24f
fffffb98
1c3
53
fffffef6
fffffeed
176
ffffff08
ffffff4f
1d3
fffffebf
fffffff2
144
fffffee5
46
c7
ffffff0f
55
6f
ffffff34
74
26
ffffff66
87
ffffffde
ffffffb5
74
ffffffb5
2
38
ffffffbf
28
fffffffe
ffffffe9
1f
ffffffe6
e
1000
fffff3c0
43e
26f
fffffbae
19e
7f
ffffff17
ffffff02
18a
ffffff1b
ffffff4a
1bc
fffffed3
ffffffe3
12f
fffffef5
32
b9
ffffff23
4a
6a
ffffff49
67
27
ffffff77
78
ffffffe5
ffffffbd
65
ffffffbf
1
31
ffffffc5
25
fffffffd
ffffffea
20
ffffffe4
e
1000
fffff381
423
294
fffffbc1
179
a8
ffffff41
ffffff0d
198
ffffff38
ffffff31
1b7
fffffee4
ffffffc8
137
fffffeec
2d
ba
ffffff17
61
54
ffffff52
7a
3
ffffff9a
6f
ffffffd0
ffffffe2
46
ffffffc6
11
15
ffffffdc
1d
fffffff5
fffffffa
10
ffffffee
d
1000
fffff2f0
45b
264
fffffc06
1a4
5c
ffffff80
fffffef3
189
ffffff71
ffffff11
1b6
fffffef0
ffffffb4
13f
fffffeee
2a
ba
ffffff14
66
51
ffffff50
84
fffffff8
ffffff9e
77
ffffffc1
fffffff0
42
ffffffbe
20
8
ffffffe0
24
ffffffe7
7
b
ffffffe9
19
1000
fffff261
495
23e
fffffc48
1c8
f
ffffffbc
fffffedd
17c
ffffffa7
fffffef2
1af
fffffefe
ffffffa6
141
fffffef6
27
b0
ffffff1d
66
46
ffffff62
79
fffffff5
ffffffaa
6a
ffffffc9
ffffffef
3f
ffffffc2
1b
e
ffffffdb
25
ffffffec
fffffffe
13
ffffffe7
14
1000
fffff1d8
4e2
20c
fffffc91
200
ffffff97
ffffffe1
fffffec3
178
ffffffd3
fffffed0
1b6
fffffef4
ffffffa5
156
fffffee8
31
ad
ffffff11
78
3d
ffffff60
84
ffffffe6
ffffffb2
6d
ffffffbe
fffffffc
36
ffffffc2
24
1
ffffffe6
21
ffffffe7
9
8
ffffffed
15
1000
fffff150
533
1dd
fffffcdd
22e
ffffff15
17
fffffea0
182
3
fffffe95
1cd
fffffee5
ffffffa2
17c
fffffec6
41
ad
fffffefa
9c
29
ffffff5c
99
ffffffc8
ffffffc6
70
ffffffab
13
27
ffffffc1
32
fffffff1
ffffffee
25
ffffffdb
14
5
ffffffe6
21
1000
fffff0ad
5be
177
fffffd42
282
fffffe34
64
fffffe74
190
41
fffffe3d
1e8
fffffed2
ffffffb2
1a9
fffffe9e
4f
a8
fffffef2
b9
1b
ffffff55
a1
ffffffb9
ffffffd1
76
ffffff99
22
1f
ffffffba
49
ffffffd9
fffffffa
2a
ffffffc6
30
fffffff3
ffffffe5
34
1000
fffff00c
64c
113
fffffdb0
2ba
fffffd5c
bb
fffffe43
1bf
65
fffffdd5
21a
fffffeb0
ffffffd9
1db
fffffe54
70
a2
fffffee5
ec
fffffff5
ffffff4c
b3
ffffffa4
ffffffe6
74
ffffff89
2d
18
ffffffc1
4b
ffffffd3
fffffffe
26
ffffffc9
33
ffffffed
ffffffea
31
1000
fffff205
525
1a8
fffffc94
27f
fffffef6
ffffffb1
fffffe96
165
ffffffde
fffffec6
1d0
fffffec6
ffffffbf
184
fffffed4
47
b8
fffffef5
85
52
ffffff3d
93
ffffffe9
ffffff91
8e
ffffffb0
fffffff2
4e
ffffffa9
32
4
ffffffda
33
ffffffd6
12
a
ffffffdf
2a
1000
fffff3ff
458
250
fffffb97
1c4
51
fffffefa
fffffee9
179
ffffff09
ffffff49
1da
fffffeba
fffffff2
149
fffffede
4b
c5
ffffff0c
5b
68
ffffff38
76
1d
ffffff72
7e
ffffffdf
ffffffbf
64
ffffffc2
0
2e
ffffffce
1d
fffffffe
fffffff3
12
ffffffee
e
1000
fffff3c0
43e
26f
fffffbaf
19e
7c
ffffff1d
fffffefd
18b
ffffff20
ffffff42
1c3
fffffed0
ffffffe0
136
fffffeec
38
ba
ffffff1b
55
63
ffffff47
71
1a
ffffff7f
79
ffffffdc
ffffffc8
5e
ffffffbe
9
26
ffffffcc
26
fffffff4
fffffff5
19
ffffffe2
17
1000
fffff381
423
294
fffffbc1
179
a8
ffffff41
ffffff0d
198
ffffff38
ffffff31
1b7
fffffee4
ffffffc8
137
fffffeec
2d
ba
ffffff17
61
54
ffffff52
7a
3
ffffff9a
6f
ffffffd0
ffffffe2
46
ffffffc6
11
15
ffffffdc
1d
fffffff5
fffffffa
10
ffffffee
d
1000
fffff2f0
45b
264
fffffc06
1a4
5c
ffffff80
fffffef3
189
ffffff71
ffffff11
1b6
fffffef0
ffffffb4
13f
fffffeee
2a
ba
ffffff14
66
51
ffffff50
84
fffffff8
ffffff9e
77
ffffffc1
fffffff0
42
ffffffbe
20
8
ffffffe0
24
ffffffe7
7
b
ffffffe9
19
1000
fffff261
495
23e
fffffc48
1c8
f
ffffffbc
fffffedd
17c
ffffffa7
fffffef2
1af
fffffefe
ffffffa6
141
fffffef6
27
b0
ffffff1d
66
46
ffffff62
79
fffffff5
ffffffaa
6a
ffffffc9
ffffffef
3f
ffffffc2
1b
e
ffffffdb
25
ffffffec
fffffffe
13
ffffffe7
14
1000
fffff1d8
4e2
20c
fffffc91
200
ffffff97
ffffffe1
fffffec3
178
ffffffd3
fffffed0
1b6
fffffef4
ffffffa5
156
fffffee8
31
ad
ffffff11
78
3d
ffffff60
84
ffffffe6
ffffffb2
6d
ffffffbe
fffffffc
36
ffffffc2
24
1
ffffffe6
21
ffffffe7
9
8
ffffffed
15
1000
fffff150
533
1dd
fffffcdd
22e
ffffff15
17
fffffea0
182
3
fffffe95
1cd
fffffee5
ffffffa2
17c
fffffec6
41
ad
fffffefa
9c
29
ffffff5c
99
ffffffc8
ffffffc6
70
ffffffab
13
27
ffffffc1
32
fffffff1
ffffffee
25
ffffffdb
14
5
ffffffe6
21
1000
fffff0ad
5be
177
fffffd42
282
fffffe34
64
fffffe74
190
41
fffffe3d
1e8
fffffed2
ffffffb2
1a9
fffffe9e
4f
a8
fffffef2
b9
1b
ffffff55
a1
ffffffb9
ffffffd1
76
ffffff99
22
1f
ffffffba
49
ffffffd9
fffffffa
2a
ffffffc6
30
fffffff3
ffffffe5
34
1000
fffff00c
64c
113
fffffdb0
2ba
fffffd5c
bb
fffffe43
1bf
65
fffffdd5
21a
fffffeb0
ffffffd9
1db
fffffe54
70
a2
fffffee5
ec
fffffff5
ffffff4c
b3
ffffffa4
ffffffe6
74
ffffff89
2d
18
ffffffc1
4b
ffffffd3
fffffffe
26
ffffffc9
33
ffffffed
ffffffea
31
1000
fffff205
525
1a8
fffffc94
27f
fffffef6
ffffffb1
fffffe96
165
ffffffde
fffffec6
1d0
fffffec6
ffffffbf
184
fffffed4
47
b8
fffffef5
85
52
ffffff3d
93
ffffffe9
ffffff91
8e
ffffffb0
fffffff2
4e
ffffffa9
32
4
ffffffda
33
ffffffd6
12
a
ffffffdf
2a
1000
fffff3ff
458
250
fffffb97
1c4
51
fffffefa
fffffee9
179
ffffff09
ffffff49
1da
fffffeba
fffffff2
149
fffffede
4b
c5
ffffff0c
5b
68
ffffff38
76
1d
ffffff72
7e
ffffffdf
ffffffbf
64
ffffffc2
0
2e
ffffffce
1d
fffffffe
fffffff3
12
ffffffee
e
1000
fffff3c0
43e
26f
fffffbaf
19e
7c
ffffff1d
fffffefd
18b
ffffff20
ffffff42
1c3
fffffed0
ffffffe0
136
fffffeec
38
ba
ffffff1b
55
63
ffffff47
71
1a
ffffff7f
79
ffffffdc
ffffffc8
5e
ffffffbe
9
26
ffffffcc
26
fffffff4
fffffff5
19
ffffffe2
17
1000
fffff381
423
294
fffffbc1
179
a8
ffffff41
ffffff0d
198
ffffff38
ffffff31
1b7
fffffee4
ffffffc8
137
fffffeec
2d
ba
ffffff17
61
54
ffffff52
7a
3
ffffff9a
6f
ffffffd0
ffffffe2
46
ffffffc6
11
15
ffffffdc
1d
fffffff5
fffffffa
10
ffffffee
d
1000
fffff2f0
45b
264
fffffc06
1a4
5c
ffffff80
fffffef3
189
ffffff71
ffffff11
1b6
fffffef0
ffffffb4
13f
fffffeee
2a
ba
ffffff14
66
51
ffffff50
84
fffffff8
ffffff9e
77
ffffffc1
fffffff0
42
ffffffbe
20
8
ffffffe0
24
ffffffe7
7
b
ffffffe9
19
1000
fffff261
495
23e
fffffc48
1c8
f
ffffffbc
fffffedd
17c
ffffffa7
fffffef2
1af
fffffefe
ffffffa6
141
fffffef6
27
b0
ffffff1d
66
46
ffffff62
79
fffffff5
ffffffaa
6a
ffffffc9
ffffffef
3f
ffffffc2
1b
e
ffffffdb
25
ffffffec
fffffffe
13
ffffffe7
14
1000
fffff1d8
4e2
20c
fffffc91
200
ffffff97
ffffffe1
fffffec3
178
ffffffd3
fffffed0
1b6
fffffef4
ffffffa5
156
fffffee8
31
ad
ffffff11
78
3d
ffffff60
84
ffffffe6
ffffffb2
6d
ffffffbe
fffffffc
36
ffffffc2
24
1
ffffffe6
21
ffffffe7
9
8
ffffffed
15
1000
fffff150
533
1dd
fffffcdd
22e
ffffff15
17
fffffea0
182
3
fffffe95
1cd
fffffee5
ffffffa2
17c
fffffec6
41
ad
fffffefa
9c
29
ffffff5c
99
ffffffc8
ffffffc6
70
ffffffab
13
27
ffffffc1
32
fffffff1
ffffffee
25
ffffffdb
14
5
ffffffe6
21
1000
fffff0ad
5bd
178
fffffd42
27f
fffffe3a
60
fffffe72
198
37
fffffe43
1eb
fffffec9
ffffffbc
1a4
fffffe9b
58
9e
fffffef8
b9
15
ffffff5f
97
ffffffbf
ffffffd3
6c
ffffffa7
17
20
ffffffc5
37
ffffffe9
fffffff5
22
ffffffd6
20
fffffffa
ffffffea
26
1000
fffff00c
64d
112
fffffdae
2be
fffffd59
bb
fffffe46
1bc
65
fffffdd8
216
fffffeb1
ffffffdd
1d4
fffffe58
73
99
fffffeee
e9
fffffff1
ffffff55
ac
ffffffa5
ffffffeb
6e
ffffff8b
30
13
ffffffc4
4d
ffffffcd
4
23
ffffffc8
37
ffffffe7
ffffffee
31
1000
fffff205
524
1a8
fffffc96
27b
fffffefb
ffffffaf
fffffe91
171
ffffffd1
fffffecb
1d8
fffffeb4
ffffffd0
17e
fffffecb
59
a8
fffffefa
8e
41
ffffff4d
8d
ffffffe3
ffffff9f
7f
ffffffba
fffffff0
48
ffffffb4
26
d
ffffffd7
2e
ffffffe2
5
12
ffffffe0
21
1000
fffff3ff
458
251
fffffb94
1c7
53
fffffef2
fffffef4
172
ffffff04
ffffff5a
1c8
fffffec2
fffffffa
134
fffffef3
42
be
ffffff1f
47
73
ffffff3c
66
32
ffffff63
80
ffffffea
ffffffac
74
ffffffbd
fffffff8
3e
ffffffbf
24
2
ffffffe7
20
ffffffe4
10
1000
fffff3c0
43d
270
fffffbae
19e
7f
ffffff19
fffffeff
18c
ffffff1b
ffffff49
1bd
fffffed2
ffffffe3
12e
fffffef6
31
bb
ffffff22
49
6e
ffffff44
6b
27
ffffff73
7e
ffffffe0
ffffffbd
69
ffffffb9
5
30
ffffffc3
29
fffffff9
ffffffec
21
ffffffe1
11
1000
fffff381
424
294
fffffbbf
17c
a8
ffffff3b
ffffff16
191
ffffff36
ffffff3e
1a6
fffffeee
ffffffcc
126
ffffff00
21
b6
ffffff29
4b
62
ffffff53
6b
18
ffffff8b
71
ffffffdc
ffffffd0
54
ffffffc3
9
22
ffffffd1
20
fffffffa
fffffff1
17
ffffffec
a
1000
fffff2f0
45b
263
fffffc07
1a3
5c
ffffff83
fffffeed
18f
ffffff6e
ffffff0f
1bd
fffffee7
ffffffbc
13c
fffffeeb
32
af
ffffff1d
64
49
ffffff5f
76
fffffffd
ffffffa3
6b
ffffffcd
ffffffe9
43
ffffffc1
1c
b
ffffffdd
27
ffffffe5
7
e
ffffffe4
1d
1000
fffff261
496
23e
fffffc47
1ca
e
ffffffbb
fffffedf
17b
ffffffa5
fffffef6
1ac
fffffefe
ffffffaa
13a
fffffefb
27
ab
ffffff24
62
44
ffffff68
74
fffffff5
ffffffaf
65
ffffffc9
fffffff4
38
ffffffc6
1d
7
ffffffe2
22
ffffffe9
4
d
ffffffe9
16
1000
fffff1d8
4e1
20e
fffffc8f
202
ffffff96
ffffffe2
fffffec1
179
ffffffd4
fffffecd
1ba
fffffef0
ffffffa8
155
fffffee6
36
a7
ffffff15
78
39
ffffff66
80
ffffffe5
ffffffb7
68
ffffffc0
fffffffe
32
ffffffc3
26
fffffffc
ffffffe9
23
ffffffe1
f
5
ffffffeb
1c
1000
fffff150
534
1dc
fffffcdc
22f
ffffff16
13
fffffea4
181
fffffffe
fffffe9e
1c6
fffffee4
ffffffad
16d
fffffed1
42
9f
ffffff0f
8c
2a
ffffff6c
81
ffffffd9
ffffffc4
63
ffffffbd
6
29
ffffffc8
27
fffffff9
ffffffed
20
ffffffe2
10
3
ffffffec
1c
1000
fffff0ad
5be
176
fffffd45
27e
fffffe37
66
fffffe6e
196
3f
fffffe39
1f0
fffffecc
ffffffb2
1b0
fffffe93
58
a6
fffffeec
c2
13
ffffff59
a1
ffffffb6
ffffffd6
70
ffffff9f
1f
1d
ffffffc2
3e
ffffffe1
fffffff9
24
ffffffd0
26
fffffff7
ffffffe9
2a
1000
fffff00c
64d
112
fffffdae
2be
fffffd59
bb
fffffe46
1bc
65
fffffdd8
216
fffffeb1
ffffffdd
1d4
fffffe58
73
99
fffffeee
e9
fffffff1
ffffff55
ac
ffffffa5
ffffffeb
6e
ffffff8b
30
13
ffffffc4
4d
ffffffcd
4
23
ffffffc8
37
ffffffe7
ffffffee
31
1000
fffff205
524
1a8
fffffc96
27b
fffffefb
ffffffaf
fffffe91
171
ffffffd1
fffffecb
1d8
fffffeb4
ffffffd0
17e
fffffecb
59
a8
fffffefa
8e
41
ffffff4d
8d
ffffffe3
ffffff9f
7f
ffffffba
fffffff0
48
ffffffb4
26
d
ffffffd7
2e
ffffffe2
5
12
ffffffe0
21
1000
fffff3ff
458
251
fffffb94
1c7
53
fffffef2
fffffef4
172
ffffff04
ffffff5a
1c8
fffffec2
fffffffa
134
fffffef3
42
be
ffffff1f
47
73
ffffff3c
66
32
ffffff63
80
ffffffea
ffffffac
74
ffffffbd
fffffff8
3e
ffffffbf
24
2
ffffffe7
20
ffffffe4
10
1000
fffff3c0
43c
272
fffffbac
19e
81
ffffff17
fffffeff
18d
ffffff1b
ffffff46
1c2
fffffed0
ffffffdf
138
fffffeec
34
c1
ffffff16
54
69
ffffff40
75
1c
ffffff7a
7e
ffffffda
ffffffc5
63
ffffffbc
5
2e
ffffffc7
24
fffffffd
ffffffeb
1d
ffffffe9
b
1000
fffff381
424
293
fffffbc1
17c
a5
ffffff42
ffffff0f
193
ffffff3d
ffffff31
1b1
fffffeed
ffffffc2
135
fffffef6
20
c1
ffffff1b
54
63
ffffff4a
76
11
ffffff8b
77
ffffffd4
ffffffd6
52
ffffffc1
e
1e
ffffffd2
24
fffffff3
fffffff6
19
ffffffe4
13
1000
fffff2f0
45b
264
fffffc07
1a2
5f
ffffff7e
fffffef1
18e
ffffff6b
ffffff16
1b4
fffffeed
ffffffbb
137
fffffef2
2d
b1
ffffff1e
61
4e
ffffff5a
79
fffffffe
ffffff9f
71
ffffffc8
ffffffea
46
ffffffbc
1f
d
ffffffd8
2a
ffffffe7
0
14
ffffffe4
16
1000
fffff261
496
23e
fffffc48
1ca
e
ffffffbb
fffffedf
17b
ffffffa5
fffffef6
1ac
fffffefe
ffffffaa
13a
fffffefb
27
ab
ffffff24
62
44
ffffff68
74
fffffff5
ffffffaf
65
ffffffc9
fffffff4
38
ffffffc6
1d
7
ffffffe2
22
ffffffe9
4
d
ffffffe9
16
1000
fffff1d8
4e1
20f
fffffc8e
202
ffffff97
ffffffe0
fffffec3
179
ffffffd3
fffffece
1b8
fffffef3
ffffffa4
157
fffffee8
30
ae
ffffff12
76
3f
ffffff60
82
ffffffe8
ffffffb2
6b
ffffffc0
fffffffc
34
ffffffc4
24
ffffffff
ffffffe7
22
ffffffe5
a
9
ffffffea
18
1000
fffff150
534
1dc
fffffcdc
230
ffffff15
13
fffffea6
17f
0
fffffe9d
1c5
fffffee6
ffffffaa
16f
fffffed0
42
a0
ffffff0c
90
27
ffffff6c
85
ffffffd4
ffffffc8
62
ffffffbb
9
26
ffffffc9
28
fffffff7
ffffffef
1f
ffffffe1
12
2
ffffffeb
1e
1000
fffff0ad
5bd
179
fffffd41
281
fffffe38
5f
fffffe76
192
3b
fffffe44
1e5
fffffecf
ffffffbb
19f
fffffea3
53
9c
ffffff00
b0
18
ffffff64
8d
ffffffc7
ffffffd3
63
ffffffb3
11
1c
ffffffcf
2e
ffffffe9
fffffffe
17
ffffffdb
25
ffffffef
fffffff3
26
1000
fffff00c
64d
112
fffffdae
2bf
fffffd58
b9
fffffe4c
1b3
6c
fffffdda
209
fffffec3
ffffffd1
1d1
fffffe6b
59
ac
fffffeee
d5
d
ffffff41
ad
ffffffb6
ffffffd2
81
ffffff87
23
29
ffffffb0
55
ffffffd4
fffffff2
37
ffffffbc
36
fffffff5
ffffffda
40
1000
fffff205
523
1ab
fffffc92
27e
fffffefd
ffffffa8
fffffe99
16c
ffffffce
fffffed5
1cd
fffffeba
ffffffd3
173
fffffed9
50
a6
ffffff06
7d
4d
ffffff4d
81
fffffff4
ffffff94
7e
ffffffc5
ffffffe4
4d
ffffffb7
1f
11
ffffffd9
29
ffffffe4
8
d
ffffffe4
21
1000
fffff3ff
458
251
fffffb94
1c8
51
fffffef4
fffffef3
170
ffffff09
ffffff55
1c9
fffffec6
fffffff4
139
fffffef2
3f
c3
ffffff1b
48
75
ffffff38
69
30
ffffff65
7f
ffffffea
ffffffae
70
ffffffc1
fffffff5
3f
ffffffc1
20
8
ffffffe1
23
ffffffe7
8
1000
fffff3c0
43c
273
fffffbaa
1a1
80
ffffff13
ffffff08
186
ffffff19
ffffff52
1b4
fffffed5
ffffffe8
126
fffffefb
33
b3
ffffff29
49
67
ffffff4c
68
23
ffffff7b
78
ffffffe1
ffffffc1
63
ffffffbe
3
2f
ffffffc6
25
fffffffc
ffffffeb
1f
ffffffe5
e
1000
fffff381
424
294
fffffbbf
17d
a7
ffffff3b
ffffff19
18c
ffffff3b
ffffff3c
1a3
fffffef6
ffffffc2
12e
ffffff00
18
c5
ffffff1c
4e
6c
ffffff41
7a
14
ffffff81
83
ffffffcc
ffffffd4
5d
ffffffb3
17
1e
ffffffca
2e
ffffffed
fffffff7
1c
ffffffdf
19
1000
fffff2f0
45b
265
fffffc04
1a6
5d
ffffff7c
fffffef6
189
ffffff6d
ffffff16
1b4
fffffeec
ffffffbc
138
fffffef0
2e
b2
ffffff1a
66
4a
ffffff5a
7e
fffffff5
ffffffa8
6d
ffffffc4
fffffff5
39
ffffffc5
1e
4
ffffffe6
1f
ffffffe9
9
6
ffffffef
14
1000
fffff261
496
23e
fffffc47
1cb
c
ffffffbc
fffffee0
176
ffffffac
fffffef1
1ab
ffffff05
ffffffa0
141
fffffefd
1d
b7
ffffff1d
5e
51
ffffff59
7b
fffffffb
ffffffa1
71
ffffffc7
ffffffeb
46
ffffffbc
1e
f
ffffffd6
2c
ffffffe7
fffffffe
18
ffffffdf
1a
1000
fffff1d8
4e1
210
fffffc8b
205
ffffff97
ffffffdb
fffffecb
172
ffffffd3
fffffed5
1af
fffffef9
ffffffa4
153
fffffeec
2e
af
ffffff10
78
40
ffffff59
8d
ffffffe0
ffffffb0
77
ffffffb2
3
38
ffffffb7
31
fffffff9
ffffffe4
2c
ffffffda
10
b
ffffffe1
23
1000
fffff150
534
1dc
fffffcdc
230
ffffff15
13
fffffea6
17f
0
fffffe9d
1c5
fffffee6
ffffffaa
16f
fffffed0
42
a0
ffffff0c
90
27
ffffff6c
85
ffffffd4
ffffffc8
62
ffffffbb
9
26
ffffffc9
28
fffffff7
ffffffef
1f
ffffffe1
12
2
ffffffeb
1e
1000
fffff0ad
5bd
179
fffffd41
281
fffffe37
61
fffffe76
18f
3f
fffffe41
1e4
fffffed4
ffffffb3
1a6
fffffea1
4e
a6
fffffef4
b9
19
ffffff58
9f
ffffffb8
ffffffd5
71
ffffff9c
23
1a
ffffffc1
43
ffffffdb
fffffffd
23
ffffffce
29
fffffff5
ffffffe9
2c
1000
fffff00c
64d
113
fffffdac
2c2
fffffd54
bd
fffffe49
1b3
70
fffffdd2
211
fffffec0
ffffffcd
1dc
fffffe5e
62
ab
fffffee5
e4
ffffffff
ffffff47
b2
ffffffa9
ffffffe1
77
ffffff87
2d
1a
ffffffbd
50
ffffffcf
0
27
ffffffc6
36
ffffffeb
ffffffe9
33
1000
fffff205
523
1ac
fffffc91
27d
fffffefd
ffffffaa
fffffe97
16b
ffffffd4
fffffecc
1d3
fffffebc
ffffffc9
181
fffffecf
50
b0
fffffef8
87
4c
ffffff44
8f
ffffffe9
ffffff94
89
ffffffb5
ffffffef
4e
ffffffab
2f
7
ffffffd8
34
ffffffd6
11
d
ffffffdb
2d
1000
fffff3ff
459
250
fffffb95
1c8
50
fffffef6
fffffef0
172
ffffff09
ffffff52
1ce
fffffec1
fffffff5
13d
fffffeec
44
c1
ffffff19
4c
72
ffffff38
6c
2d
ffffff64
84
ffffffe4
ffffffb1
74
ffffffb8
ffffffff
3a
ffffffbe
29
fffffffe
ffffffe6
25
ffffffdf
10
1000
fffff3c0
43c
273
fffffbaa
19f
82
ffffff14
ffffff04
18a
ffffff1a
ffffff4b
1bc
fffffed3
ffffffe1
132
fffffef3
31
be
ffffff1c
4f
6b
ffffff42
71
20
ffffff77
80
ffffffd9
ffffffc5
65
ffffffb7
c
29
ffffffc6
2b
fffffff3
fffffff1
1f
ffffffe0
14
1000
fffff381
424
294
fffffbbf
17d
a6
ffffff3e
ffffff14
190
ffffff3b
ffffff37
1aa
fffffef1
ffffffc3
12f
fffffefe
1b
c1
ffffff20
4c
6a
ffffff47
73
18
ffffff83
7d
ffffffd2
ffffffd2
5a
ffffffb8
14
1d
ffffffce
2b
ffffffed
fffffff8
1b
ffffffe0
16
1000
fffff2f0
45a
266
fffffc04
1a5
5d
ffffff7f
fffffef2
18a
ffffff70
ffffff12
1b6
fffffeef
ffffffb5
13e
fffffeef
2a
b7
ffffff18
63
4e
ffffff58
7b
fffffffc
ffffffa2
6d
ffffffcb
ffffffea
42
ffffffc3
19
d
ffffffde
22
ffffffeb
3
d
ffffffe8
1a
1000
fffff261
496
23f
fffffc45
1cd
c
ffffffbb
fffffee1
177
ffffffaa
fffffef2
1ac
ffffff03
ffffffa2
142
fffffef8
23
b4
ffffff1a
67
46
ffffff5f
7f
ffffffee
ffffffaf
6a
ffffffc3
fffffff8
37
ffffffc4
21
2
ffffffe6
21
ffffffe6
b
6
ffffffec
19
1000
fffff1d8
4e0
210
fffffc8d
202
ffffff99
ffffffdd
fffffec6
177
ffffffd2
fffffed1
1b6
fffffef3
ffffffa6
155
fffffee8
32
ac
ffffff11
78
3d
ffffff60
84
ffffffe6
ffffffb2
6d
ffffffbe
fffffffc
36
ffffffc2
24
1
ffffffe6
21
ffffffe7
9
8
ffffffed
15
1000
fffff150
534
1dd
fffffcda
233
ffffff11
17
fffffea4
17c
7
fffffe96
1c7
fffffeec
ffffffa0
177
fffffed0
39
ad
ffffff03
8f
31
ffffff5f
8d
ffffffd4
ffffffc1
6a
ffffffb7
8
2a
ffffffc6
28
fffffff9
ffffffed
1f
ffffffe4
e
5
ffffffeb
1b
1000
fffff0ad
5bd
17a
fffffd3f
283
fffffe36
61
fffffe76
18e
42
fffffe3c
1e9
fffffed3
ffffffaf
1ad
fffffe9b
50
a9
fffffeef
bc
18
ffffff57
a1
ffffffb7
ffffffd5
71
ffffff9c
23
1a
ffffffc0
45
ffffffda
fffffffc
27
ffffffc9
2d
fffffff4
ffffffe6
31
1000
fffff00c
64d
113
fffffdac
2c2
fffffd54
bd
fffffe49
1b3
70
fffffdd2
211
fffffec0
ffffffcd
1dc
fffffe5e
62
ab
fffffee5
e4
ffffffff
ffffff47
b2
ffffffa9
ffffffe1
77
ffffff87
2d
1a
ffffffbd
50
ffffffcf
0
27
ffffffc6
36
ffffffeb
ffffffe9
33
1000
fffff205
523
1ac
fffffc91
27d
fffffefd
ffffffaa
fffffe97
16b
ffffffd4
fffffecc
1d3
fffffebc
ffffffc9
181
fffffecf
50
b0
fffffef8
87
4c
ffffff44
8f
ffffffe9
ffffff94
89
ffffffb5
ffffffef
4e
ffffffab
2f
7
ffffffd8
34
ffffffd6
11
d
ffffffdb
2d
1000
fffff3ff
459
250
fffffb95
1c8
50
fffffef6
fffffef0
172
ffffff09
ffffff52
1ce
fffffec1
fffffff5
13d
fffffeec
44
c1
ffffff19
4c
72
ffffff38
6c
2d
ffffff64
84
ffffffe4
ffffffb1
74
ffffffb8
ffffffff
3a
ffffffbe
29
fffffffe
ffffffe6
25
ffffffdf
10
1000
fffff3c0
43c
273
fffffbaa
19f
82
ffffff14
ffffff04
18a
ffffff1a
ffffff4b
1bc
fffffed3
ffffffe1
132
fffffef3
31
be
ffffff1c
4f
6b
ffffff42
71
20
ffffff77
80
ffffffd9
ffffffc5
65
ffffffb7
c
29
ffffffc6
2b
fffffff3
fffffff1
1f
ffffffe0
14
1000
fffff381
424
294
fffffbbf
17d
a6
ffffff3e
ffffff14
190
ffffff3b
ffffff37
1aa
fffffef1
ffffffc3
12f
fffffefe
1b
c1
ffffff20
4c
6a
ffffff47
73
18
ffffff83
7d
ffffffd2
ffffffd2
5a
ffffffb8
14
1d
ffffffce
2b
ffffffed
fffffff8
1b
ffffffe0
16
1000
fffff2f0
45a
266
fffffc04
1a5
5d
ffffff7f
fffffef2
18a
ffffff70
ffffff12
1b6
fffffeef
ffffffb5
13e
fffffeef
2a
b7
ffffff18
63
4e
ffffff58
7b
fffffffc
ffffffa2
6d
ffffffcb
ffffffea
42
ffffffc3
19
d
ffffffde
22
ffffffeb
3
d
ffffffe8
1a
1000
fffff261
496
23f
fffffc45
1cd
c
ffffffbb
fffffee1
177
ffffffaa
fffffef2
1ac
ffffff03
ffffffa2
142
fffffef8
23
b4
ffffff1a
67
46
ffffff5f
7f
ffffffee
ffffffaf
6a
ffffffc3
fffffff8
37
ffffffc4
21
2
ffffffe6
21
ffffffe6
b
6
ffffffec
19
1000
fffff1d8
4e0
210
fffffc8d
202
ffffff99
ffffffdd
fffffec6
177
ffffffd2
fffffed1
1b6
fffffef3
ffffffa6
155
fffffee8
32
ac
ffffff11
78
3d
ffffff60
84
ffffffe6
ffffffb2
6d
ffffffbe
fffffffc
36
ffffffc2
24
1
ffffffe6
21
ffffffe7
9
8
ffffffed
15
1000
fffff150
534
1dd
fffffcda
233
ffffff11
17
fffffea4
17c
7
fffffe96
1c7
fffffeec
ffffffa0
177
fffffed0
39
ad
ffffff03
8f
31
ffffff5f
8d
ffffffd4
ffffffc1
6a
ffffffb7
8
2a
ffffffc6
28
fffffff9
ffffffed
1f
ffffffe4
e
5
ffffffeb
1b
1000
fffff0ad
5bd
17a
fffffd3f
283
fffffe36
61
fffffe76
18e
42
fffffe3c
1e9
fffffed3
ffffffaf
1ad
fffffe9b
50
a9
fffffeef
bc
18
ffffff57
a1
ffffffb7
ffffffd5
71
ffffff9c
23
1a
ffffffc0
45
ffffffda
fffffffc
27
ffffffc9
2d
fffffff4
ffffffe6
31
1000
fffff00c
64d
113
fffffdac
2c2
fffffd54
bd
fffffe49
1b3
70
fffffdd2
211
fffffec0
ffffffcd
1dc
fffffe5e
62
ab
fffffee5
e4
ffffffff
ffffff47
b2
ffffffa9
ffffffe1
77
ffffff87
2d
1a
ffffffbd
50
ffffffcf
0
27
ffffffc6
36
ffffffeb
ffffffe9
33
1000
fffff205
523
1ac
fffffc91
27d
fffffefd
ffffffaa
fffffe97
16b
ffffffd4
fffffecc
1d3
fffffebc
ffffffc9
181
fffffecf
50
b0
fffffef8
87
4c
ffffff44
8f
ffffffe9
ffffff94
89
ffffffb5
ffffffef
4e
ffffffab
2f
7
ffffffd8
34
ffffffd6
11
d
ffffffdb
2d
1000
fffff3ff
459
250
fffffb95
1c8
50
fffffef6
fffffef0
172
ffffff09
ffffff52
1ce
fffffec1
fffffff5
13d
fffffeec
44
c1
ffffff19
4c
72
ffffff38
6c
2d
ffffff64
84
ffffffe4
ffffffb1
74
ffffffb8
ffffffff
3a
ffffffbe
29
fffffffe
ffffffe6
25
ffffffdf
10
1000
fffff3c0
43c
273
fffffbaa
19f
82
ffffff14
ffffff04
18a
ffffff1a
ffffff4b
1bc
fffffed3
ffffffe1
132
fffffef3
31
be
ffffff1c
4f
6b
ffffff42
71
20
ffffff77
80
ffffffd9
ffffffc5
65
ffffffb7
c
29
ffffffc6
2b
fffffff3
fffffff1
1f
ffffffe0
14
1000
fffff381
424
294
fffffbbf
17d
a6
ffffff3e
ffffff14
190
ffffff3b
ffffff37
1aa
fffffef1
ffffffc3
12f
fffffefe
1b
c1
ffffff20
4c
6a
ffffff47
73
18
ffffff83
7d
ffffffd2
ffffffd2
5a
ffffffb8
14
1d
ffffffce
2b
ffffffed
fffffff8
1b
ffffffe0
16
1000
fffff2f0
45a
266
fffffc04
1a5
5d
ffffff7f
fffffef2
18a
ffffff70
ffffff12
1b6
fffffeef
ffffffb5
13e
fffffeef
2a
b7
ffffff18
63
4e
ffffff58
7b
fffffffc
ffffffa2
6d
ffffffcb
ffffffea
42
ffffffc3
19
d
ffffffde
22
ffffffeb
3
d
ffffffe8
1a
1000
fffff261
496
23f
fffffc45
1cd
c
ffffffbb
fffffee1
177
ffffffaa
fffffef2
1ac
ffffff03
ffffffa2
142
fffffef8
23
b4
ffffff1a
67
46
ffffff5f
7f
ffffffee
ffffffaf
6a
ffffffc3
fffffff8
37
ffffffc4
21
2
ffffffe6
21
ffffffe6
b
6
ffffffec
19
1000
fffff1d8
4e1
210
fffffc8b
204
ffffff99
ffffffd9
fffffecc
172
ffffffd2
fffffed8
1ab
fffffefc
ffffffa4
150
fffffef1
29
b0
ffffff13
73
42
ffffff5d
85
ffffffe6
ffffffb1
70
ffffffba
ffffffff
36
ffffffbe
29
fffffffd
ffffffe6
25
ffffffe1
c
a
ffffffe7
1c
1000
fffff150
534
1dc
fffffcdc
22f
ffffff16
13
fffffea4
180
1
fffffe9b
1c6
fffffee7
ffffffa8
171
fffffed1
3d
a6
ffffff09
8d
30
ffffff61
8c
ffffffd6
ffffffbe
6e
ffffffb5
6
30
ffffffbf
2c
fffffffb
ffffffe6
26
ffffffdf
f
7
ffffffe9
1c
1000
fffff0ad
5bd
17a
fffffd3e
284
fffffe37
5c
fffffe7e
188
40
fffffe48
1d8
fffffede
ffffffb2
19d
fffffeb0
42
a8
fffffefe
a7
29
ffffff52
97
ffffffcb
ffffffc1
7a
ffffffa3
f
30
ffffffb5
3e
ffffffee
ffffffe7
30
ffffffd0
1b
6
ffffffdf
2a
1000
fffff00c
64d
112
fffffdaf
2bd
fffffd58
bc
fffffe47
1b6
6d
fffffdd5
20f
fffffec0
ffffffcf
1d8
fffffe64
5d
ac
fffffeea
db
8
ffffff43
af
ffffffb1
ffffffd8
7d
ffffff87
28
21
ffffffb8
51
ffffffd1
fffffffb
2d
ffffffc2
36
ffffffef
ffffffe3
38
1000
fffff205
524
1aa
fffffc92
27f
fffffefb
ffffffaa
fffffe9a
168
ffffffd4
fffffed1
1ca
fffffec3
ffffffc9
179
fffffeda
49
b0
fffffefd
82
4f
ffffff45
8b
ffffffec
ffffff95
85
ffffffba
ffffffed
4b
ffffffb2
28
a
ffffffda
2e
ffffffde
a
10
ffffffde
25
1000
fffff3ff
459
24f
fffffb98
1c4
53
fffffef5
fffffef0
175
ffffff04
ffffff58
1c9
fffffec2
fffffffa
132
fffffef7
40
bc
ffffff25
41
74
ffffff41
5d
39
ffffff63
79
fffffff4
ffffffa6
72
ffffffc6
ffffffef
41
ffffffc4
1b
a
ffffffe3
1e
ffffffeb
8
1000
fffff3c0
43e
270
fffffbae
1a0
7b
ffffff1e
fffffeff
186
ffffff23
ffffff42
1bf
fffffed6
ffffffdc
134
fffffef3
31
bb
ffffff21
4d
66
ffffff4c
68
20
ffffff81
70
ffffffe6
ffffffc3
5b
ffffffc7
ffffffff
2b
ffffffd0
1c
ffffffff
ffffffef
17
ffffffec
b
1000
fffff382
423
295
fffffbc1
17b
a7
ffffff42
ffffff0e
195
ffffff3b
ffffff31
1b3
fffffeeb
ffffffc3
136
fffffef4
22
c1
ffffff19
56
63
ffffff48
78
11
ffffff88
7c
ffffffd0
ffffffd6
57
ffffffb9
14
1d
ffffffce
2b
ffffffee
fffffff7
1b
ffffffe0
17
1000
fffff2f0
45d
263
fffffc05
1aa
56
ffffff83
fffffef7
180
ffffff79
ffffff0f
1b0
fffffef9
ffffffae
13f
fffffef3
24
bc
ffffff16
62
52
ffffff53
7f
fffffffc
ffffff9d
75
ffffffc5
ffffffeb
47
ffffffbb
1f
d
ffffffd8
2a
ffffffe7
0
14
ffffffe4
16
1000
fffff262
496
23d
fffffc4b
1c7
d
ffffffc2
fffffed6
180
ffffffaa
fffffee8
1ba
fffffef9
ffffffa1
14c
fffffeec
2a
b5
ffffff14
6d
45
ffffff5c
82
ffffffee
ffffffad
6d
ffffffc0
fffffffa
38
ffffffc0
27
fffffffe
ffffffe5
27
ffffffdf
e
9
ffffffe5
1f
1000
fffff1d8
4e3
20e
fffffc8d
207
ffffff92
ffffffe1
fffffec9
16f
ffffffd9
fffffecf
1b2
fffffef9
ffffffa2
156
fffffee8
32
ac
ffffff0f
7d
37
ffffff62
89
ffffffdc
ffffffba
6d
ffffffb5
8
2f
ffffffbe
30
fffffff4
ffffffeb
27
ffffffda
15
3
ffffffe9
20
1000
fffff151
533
1de
fffffcdd
22e
ffffff16
17
fffffea0
183
2
fffffe94
1cf
fffffee2
ffffffa4
17d
fffffec2
46
a9
fffffefb
9e
26
ffffff5f
98
ffffffc7
ffffffc7
6f
ffffffab
12
29
ffffffbd
35
fffffff1
ffffffeb
2a
ffffffd7
15
7
ffffffe4
21
1000
fffff0ad
5bf
177
fffffd41
286
fffffe31
66
fffffe77
188
49
fffffe3a
1e4
fffffedc
ffffffa8
1ad
fffffea1
47
b0
fffffeee
b6
21
ffffff51
a0
ffffffbf
ffffffcb
77
ffffff9e
1a
24
ffffffbc
41
ffffffe2
fffffff6
27
ffffffcd
28
fffffff7
ffffffe7
2e
1000
fffff00d
64c
114
fffffdae
2be
fffffd58
be
fffffe44
1b9
6d
fffffdcf
219
fffffeb7
ffffffd0
1e1
fffffe53
6d
a7
fffffedf
f2
fffffff2
ffffff4a
bc
ffffff98
ffffffef
74
ffffff7d
3f
a
ffffffc3
57
ffffffbf
e
23
ffffffbf
43
ffffffe0
ffffffed
37
1000
fffff205
525
1a9
fffffc93
281
fffffef6
ffffffb0
fffffe98
164
ffffffdd
fffffec7
1cf
fffffec5
ffffffc1
182
fffffed4
4a
b3
fffffefa
83
4e
ffffff47
88
ffffffef
ffffff95
81
ffffffc1
ffffffe7
4d
ffffffb5
21
11
ffffffd7
2b
ffffffe4
6
f
ffffffe4
1f
1000
fffff400
458
251
fffffb98
1c3
53
fffffefa
fffffee8
17a
ffffff08
ffffff4a
1da
fffffeb9
fffffff4
147
fffffede
4e
c1
ffffff0f
5b
64
ffffff3e
71
1f
ffffff74
7b
ffffffe1
ffffffbe
64
ffffffc2
0
2f
ffffffcc
20
fffffffd
ffffffef
1a
ffffffe7
10
1000
fffff3c0
43f
26f
fffffbae
1a1
7b
ffffff1c
ffffff03
182
ffffff25
ffffff45
1b6
fffffee1
ffffffd5
132
fffffeff
21
c7
ffffff20
41
79
ffffff3d
6b
2b
ffffff6f
7f
ffffffe2
ffffffbb
69
ffffffbb
3
30
ffffffc5
27
fffffff9
ffffffef
1c
ffffffe5
12
1000
fffff382
423
295
fffffbc1
17a
a9
ffffff3f
ffffff11
194
ffffff39
ffffff35
1af
fffffeeb
ffffffc7
130
fffffef8
22
bd
ffffff1f
52
63
ffffff4b
75
11
ffffff8a
7a
ffffffd0
ffffffd8
55
ffffffba
15
1a
ffffffd1
28
ffffffef
fffffff9
17
ffffffe4
15
1000
fffff2f1
45b
265
fffffc06
1a4
5e
ffffff7e
fffffef5
188
ffffff6f
ffffff15
1b2
fffffef0
ffffffb8
139
fffffef3
29
b5
ffffff1c
60
50
ffffff58
79
0
ffffff9d
70
ffffffcd
ffffffe4
49
ffffffbf
17
14
ffffffd7
25
ffffffee
fffffffd
12
ffffffe8
14
1000
fffff261
497
23c
fffffc4c
1c6
10
ffffffbf
fffffed6
184
ffffffa3
fffffeed
1bb
fffffef2
ffffffaa
147
fffffee9
33
ac
ffffff17
72
3a
ffffff66
80
ffffffe7
ffffffb8
64
ffffffc2
0
2c
ffffffcc
20
fffffffc
ffffffef
1a
ffffffe7
f
0
fffffff1
18
1000
fffff1d9
4e1
20e
fffffc92
1fe
ffffff99
ffffffe2
fffffebf
17d
ffffffcf
fffffed0
1ba
fffffeed
ffffffac
152
fffffee5
3a
a3
ffffff16
7b
34
ffffff69
82
ffffffdf
ffffffbd
66
ffffffbd
4
2d
ffffffc5
28
fffffff9
ffffffec
22
ffffffdf
13
2
ffffffeb
1e
1000
fffff150
535
1db
fffffce0
22b
ffffff19
13
fffffea2
187
fffffff7
fffffea2
1c6
fffffee0
ffffffb2
16b
fffffecf
46
9d
ffffff0c
93
25
ffffff6a
8b
ffffffce
ffffffc9
68
ffffffb2
10
26
ffffffc3
30
fffffff2
ffffffee
24
ffffffdb
16
1
ffffffeb
1e
1000
fffff0ad
5bf
176
fffffd45
280
fffffe33
6b
fffffe6b
195
42
fffffe36
1f1
fffffecc
ffffffb3
1ad
fffffe98
54
a6
fffffef1
bb
19
ffffff57
9e
ffffffbd
ffffffcf
73
ffffffa1
18
24
ffffffbe
3d
ffffffe7
fffffff2
28
ffffffd1
21
fffffffe
ffffffe4
2b
1000
fffff00c
64e
111
fffffdb2
2ba
fffffd5b
be
fffffe40
1c1
63
fffffdd7
219
fffffead
ffffffe1
1d2
fffffe58
76
95
fffffef1
e8
ffffffed
ffffff5d
a4
ffffffa7
fffffff1
62
ffffff95
2e
b
ffffffd1
42
ffffffcf
b
18
ffffffd0
36
ffffffe3
fffffff5
2a
1000
fffff205
525
1aa
fffffc92
280
fffffef9
ffffffad
fffffe97
16a
ffffffd4
fffffecd
1d1
fffffebc
ffffffcb
17d
fffffed3
4e
af
fffffefc
83
4e
ffffff46
89
fffffff0
ffffff92
85
ffffffbd
ffffffe8
4f
ffffffb1
27
c
ffffffd8
31
ffffffd9
10
c
ffffffdc
2e
1000
fffff3ff
459
250
fffffb97
1c5
53
fffffef6
fffffeee
177
ffffff04
ffffff54
1d0
fffffebb
fffffffd
138
fffffee9
4f
b4
ffffff1f
52
61
ffffff4a
64
26
ffffff77
70
ffffffed
ffffffb8
61
ffffffcb
fffffff7
33
ffffffce
1a
3
ffffffed
18
ffffffea
d
1000
fffff3c0
43e
272
fffffbab
1a2
7e
ffffff16
ffffff07
184
ffffff1d
ffffff4e
1b4
fffffed9
ffffffe3
127
fffffeff
2d
b6
ffffff2c
42
6c
ffffff4d
62
28
ffffff7b
72
ffffffe7
ffffffc0
5d
ffffffc7
fffffffe
2c
ffffffcf
1c
ffffffff
ffffffef
17
ffffffec
b
1000
fffff381
425
292
fffffbc3
17a
a7
ffffff40
ffffff12
191
ffffff3b
ffffff37
1aa
fffffef0
ffffffc5
12e
fffffefc
1f
bd
ffffff21
4f
65
ffffff4b
73
14
ffffff89
78
ffffffd4
ffffffd4
56
ffffffbc
12
1c
ffffffd1
28
ffffffed
fffffffc
15
ffffffe3
1a
1000
fffff2f0
45c
264
fffffc06
1a5
5b
ffffff82
fffffef0
18c
ffffff6e
ffffff13
1b7
fffffeeb
ffffffbc
139
fffffeee
31
af
ffffff1b
67
47
ffffff5d
7c
fffffff7
ffffffa6
6e
ffffffc6
ffffffef
40
ffffffc0
1e
b
ffffffdc
27
ffffffe7
3
11
ffffffe4
19
1000
fffff261
497
23c
fffffc4c
1c6
10
ffffffbe
fffffed9
180
ffffffa4
fffffef1
1b4
fffffef8
ffffffaa
141
fffffef1
2e
ab
ffffff1d
6c
3d
ffffff67
7c
ffffffec
ffffffb5
64
ffffffc6
fffffff8
35
ffffffc8
1c
6
ffffffe5
1f
ffffffeb
5
b
ffffffeb
16
1000
fffff1d8
4e2
20f
fffffc8d
205
ffffff96
ffffffdf
fffffec6
176
ffffffd2
fffffed3
1b4
fffffef2
ffffffaa
151
fffffee9
35
a7
ffffff16
76
3c
ffffff63
81
ffffffe7
ffffffb3
6c
ffffffbf
fffffffb
38
ffffffbf
25
2
ffffffe2
27
ffffffe3
9
c
ffffffe7
1a
1000
fffff150
535
1dc
fffffcdd
22f
ffffff15
16
fffffea2
181
1
fffffe99
1c9
fffffee5
ffffffa8
173
fffffecd
41
a5
ffffff06
93
2a
ffffff63
90
ffffffce
ffffffc4
6e
ffffffae
10
2a
ffffffbd
35
fffffff0
ffffffec
29
ffffffd6
19
2
ffffffe6
26
1000
fffff0ad
5bf
177
fffffd42
283
fffffe35
64
fffffe74
18f
41
fffffe3e
1e6
fffffed4
ffffffb2
1a6
fffffea2
4d
a5
fffffef8
b3
1b
ffffff5c
97
ffffffc0
ffffffd2
6e
ffffffa4
1b
1e
ffffffc3
3d
ffffffe2
fffffff8
25
ffffffcf
26
fffffff8
ffffffe8
2a
1000
fffff00c
64e
111
fffffdb2
2ba
fffffd5b
be
fffffe40
1c1
63
fffffdd7
219
fffffead
ffffffe1
1d2
fffffe58
76
95
fffffef1
e8
ffffffed
ffffff5d
a4
ffffffa7
fffffff1
62
ffffff95
2e
b
ffffffd1
42
ffffffcf
b
18
ffffffd0
36
ffffffe3
fffffff5
2a
1000
fffff205
525
1a8
fffffc95
27e
fffffef7
ffffffb2
fffffe92
16c
ffffffd7
fffffec7
1d6
fffffebb
ffffffc8
181
fffffed0
4e
b2
fffffef8
85
4f
ffffff42
8e
ffffffed
ffffff90
8b
ffffffb7
ffffffea
53
ffffffa9
2d
d
ffffffd0
3a
ffffffd7
9
19
ffffffd3
2c
1000
fffff3ff
459
250
fffffb99
1c1
57
fffffef3
fffffeee
17a
fffffeff
ffffff58
1cf
fffffeb9
ffffffff
137
fffffeea
4d
b8
ffffff1d
51
67
ffffff42
69
28
ffffff6f
79
ffffffe9
ffffffb4
6a
ffffffc3
fffffff8
39
ffffffc6
1f
3
ffffffe9
1c
ffffffe9
c
1000
fffff3c0
43d
273
fffffbaa
1a1
80
ffffff11
ffffff0c
180
ffffff1e
ffffff52
1ac
fffffee2
ffffffde
126
ffffff07
22
c0
ffffff29
3b
7a
ffffff40
66
30
ffffff6b
81
ffffffe3
ffffffb6
70
ffffffb6
3
37
ffffffbb
2d
fffffffb
ffffffe6
26
ffffffdf
10
1000
fffff381
424
294
fffffbc1
179
aa
ffffff3c
ffffff12
196
ffffff33
ffffff3d
1a9
fffffeec
ffffffcc
128
fffffeff
20
ba
ffffff24
4f
62
ffffff4e
73
11
ffffff8c
77
ffffffd1
ffffffd9
52
ffffffbd
14
19
ffffffd3
27
ffffffee
fffffffc
14
ffffffe6
16
1000
fffff2f0
45b
265
fffffc05
1a4
5e
ffffff7b
fffffef7
189
ffffff6a
ffffff1d
1ab
fffffef2
ffffffbe
12e
fffffefd
27
ae
ffffff27
57
53
ffffff5d
70
7
ffffff9c
6b
ffffffd4
ffffffdf
49
ffffffc4
10
19
ffffffd6
22
fffffff3
fffffff9
13
ffffffea
11
1000
fffff261
496
23f
fffffc47
1ca
e
ffffffbc
fffffedd
17b
ffffffa9
fffffeef
1b1
fffffefe
ffffffa4
142
fffffef7
24
b3
ffffff1c
64
4a
ffffff5d
7d
fffffff5
ffffffa6
72
ffffffc1
fffffff2
43
ffffffb8
26
8
ffffffd8
2f
ffffffe1
4
15
ffffffde
1e
1000
fffff1d8
4e1
210
fffffc8c
202
ffffff9a
ffffffd9
fffffeca
177
ffffffcb
fffffedd
1ac
fffffef4
ffffffb0
146
fffffef2
33
a0
ffffff20
70
3a
ffffff6a
7b
ffffffe9
ffffffb5
69
ffffffc0
fffffffd
35
ffffffc0
27
0
ffffffe2
29
ffffffe1
9
f
ffffffe2
1d
1000
fffff150
534
1dd
fffffcdc
22f
ffffff15
15
fffffea2
182
0
fffffe99
1ca
fffffee4
ffffffa8
175
fffffeca
42
a7
ffffff02
96
2a
ffffff60
93
ffffffcc
ffffffc5
6e
ffffffad
11
2a
ffffffbd
35
fffffff1
ffffffeb
2a
ffffffd7
15
7
ffffffe4
21
1000
fffff0ad
5be
178
fffffd41
282
fffffe37
5e
fffffe7b
18b
3f
fffffe47
1db
fffffedb
ffffffb4
19c
fffffeb0
43
a5
ffffff02
a5
26
ffffff5a
8f
ffffffcd
ffffffc8
6f
ffffffab
12
23
ffffffc3
39
ffffffe6
fffffff7
23
ffffffd2
26
fffffff5
ffffffeb
2a
1000
fffff00c
64d
113
fffffdae
2bd
fffffd5a
ba
fffffe46
1bd
63
fffffdda
215
fffffeb1
ffffffde
1d3
fffffe5a
6f
9e
fffffeeb
e7
fffffff7
ffffff4e
af
ffffffa8
ffffffe3
76
ffffff87
2d
1a
ffffffbd
50
ffffffcf
0
27
ffffffc6
36
ffffffeb
ffffffe9
33
1000
fffff205
525
1a8
fffffc96
27b
fffffefb
ffffffaf
fffffe94
16b
ffffffd6
fffffecc
1ce
fffffec3
ffffffc5
17d
fffffeda
45
b4
fffffefd
7d
55
ffffff41
8a
fffffff2
ffffff8d
8b
ffffffb9
ffffffe8
53
ffffffab
2b
d
ffffffd3
35
ffffffdb
8
14
ffffffdb
26
1000
fffff3ff
458
251
fffffb96
1c3
57
fffffef2
fffffeee
17b
fffffeff
ffffff56
1d3
fffffeb7
fffffffd
13d
fffffee3
50
ba
ffffff16
58
63
ffffff41
6e
21
ffffff74
79
ffffffe4
ffffffba
67
ffffffc2
fffffffd
34
ffffffc8
20
0
ffffffec
1a
ffffffe9
e
1000
fffff3c0
43d
271
fffffbae
19c
81
ffffff19
fffffefd
18e
ffffff1c
ffffff44
1c3
fffffecf
ffffffe1
135
fffffeee
37
b9
ffffff1e
52
63
ffffff4b
6d
1c
ffffff81
75
ffffffdf
ffffffc7
5c
ffffffc2
4
2a
ffffffcc
22
fffffffa
fffffff0
1a
ffffffe6
11
1000
fffff381
424
294
fffffbc0
17a
ab
ffffff3b
ffffff12
198
ffffff31
ffffff3d
1ad
fffffee5
ffffffd1
129
fffffef8
28
b6
ffffff22
54
5e
ffffff50
72
12
ffffff8b
76
ffffffd6
ffffffd2
57
ffffffbd
e
21
ffffffcd
28
fffffff2
fffffff5
1a
ffffffe2
16
1000
fffff2f0
45b
264
fffffc06
1a4
5b
ffffff84
fffffeed
18d
ffffff72
ffffff09
1c1
fffffee8
ffffffb5
146
fffffee4
31
b9
ffffff0f
6d
4b
ffffff52
85
fffffff5
ffffffa0
75
ffffffc3
ffffffed
45
ffffffbe
1b
f
ffffffda
24
ffffffee
fffffffd
12
ffffffe9
11
1000
fffff261
496
23e
fffffc48
1c8
10
ffffffbc
fffffed9
183
ffffffa2
fffffef0
1b9
fffffef1
ffffffae
142
fffffeec
35
a6
ffffff1e
6f
38
ffffff6d
77
ffffffed
ffffffb8
5e
ffffffcc
fffffff7
31
ffffffcd
1a
4
ffffffe9
1b
ffffffec
7
7
ffffffee
16
1000
fffff1d8
4e1
20f
fffffc8e
201
ffffff98
ffffffe0
fffffec1
17a
ffffffd3
fffffecc
1bc
fffffef1
ffffffa2
15d
fffffee1
32
b2
ffffff0a
7c
3f
ffffff59
8c
ffffffe1
ffffffb1
75
ffffffb3
4
36
ffffffb9
31
fffffff7
ffffffe6
2c
ffffffd7
15
7
ffffffe1
28
1000
fffff150
534
1dc
fffffcdd
22e
ffffff16
15
fffffea1
185
fffffffc
fffffe9c
1cb
fffffedf
ffffffae
171
fffffeca
47
9f
ffffff08
95
25
ffffff6a
8a
ffffffcf
ffffffca
63
ffffffb8
d
23
ffffffcb
28
fffffff5
fffffff2
1c
ffffffe3
12
0
ffffffef
19
1000
fffff0ad
5be
177
fffffd43
27f
fffffe37
65
fffffe6f
194
41
fffffe38
1ee
fffffed1
ffffffad
1b0
fffffe9b
4b
b0
fffffeeb
b9
21
ffffff4d
a6
ffffffba
ffffffcc
7a
ffffff99
1e
24
ffffffb8
45
ffffffe1
fffffff3
2c
ffffffca
27
fffffffb
ffffffe3
2e
1000
fffff00c
64d
112
fffffdaf
2bc
fffffd5a
bc
fffffe43
1bf
64
fffffdd7
219
fffffeae
ffffffdf
1d5
fffffe56
75
97
fffffeef
ea
ffffffec
ffffff5b
aa
ffffffa0
fffffff4
66
ffffff8b
38
8
ffffffca
50
ffffffc2
10
1e
ffffffc3
42
ffffffde
ffffffef
37
1000
fffff205
524
1a9
fffffc95
27a
fffffefd
ffffffaf
fffffe8e
174
ffffffd0
fffffec8
1dd
fffffeb1
ffffffcf
182
fffffec8
58
ac
fffffef6
8e
45
ffffff47
91
ffffffe3
ffffff9c
84
ffffffb4
fffffff7
43
ffffffb3
2f
ffffffff
ffffffe2
2e
ffffffd6
16
7
ffffffdf
2c
1000
fffff3ff
458
251
fffffb95
1c4
55
fffffef3
fffffeef
178
ffffff02
ffffff55
1d1
fffffeba
fffffffb
13c
fffffee6
4d
bc
ffffff17
54
68
ffffff3e
6d
26
ffffff6d
7e
ffffffe4
ffffffb6
6d
ffffffbe
fffffffd
38
ffffffc3
23
2
ffffffe6
21
ffffffe5
c
1000
fffff3c0
43d
271
fffffbad
19d
80
ffffff19
fffffefe
18c
ffffff1e
ffffff42
1c4
fffffed1
ffffffdc
13c
fffffeea
34
c2
ffffff15
56
67
ffffff42
74
1b
ffffff7c
7c
ffffffdb
ffffffc6
60
ffffffbe
6
2b
ffffffc9
24
fffffffb
ffffffed
1e
ffffffe4
10
1000
fffff381
424
294
fffffbc0
17a
ab
ffffff3b
ffffff12
198
ffffff31
ffffff3d
1ad
fffffee5
ffffffd1
129
fffffef8
28
b6
ffffff22
54
5e
ffffff50
72
12
ffffff8b
76
ffffffd6
ffffffd2
57
ffffffbd
e
21
ffffffcd
28
fffffff2
fffffff5
1a
ffffffe2
16
1000
fffff2f0
45b
264
fffffc06
1a4
5b
ffffff84
fffffeed
18d
ffffff72
ffffff09
1c1
fffffee8
ffffffb5
146
fffffee4
31
b9
ffffff0f
6d
4b
ffffff52
85
fffffff5
ffffffa0
75
ffffffc3
ffffffed
45
ffffffbe
1b
f
ffffffda
24
ffffffee
fffffffd
12
ffffffe9
11
1000
fffff261
496
23e
fffffc48
1c8
10
ffffffbc
fffffed9
183
ffffffa2
fffffef0
1b9
fffffef1
ffffffae
142
fffffeec
35
a6
ffffff1e
6f
38
ffffff6d
77
ffffffed
ffffffb8
5e
ffffffcc
fffffff7
31
ffffffcd
1a
4
ffffffe9
1b
ffffffec
7
7
ffffffee
16
1000
fffff1d8
4e1
20f
fffffc8e
201
ffffff98
ffffffe0
fffffec1
17a
ffffffd3
fffffecc
1bc
fffffef1
ffffffa2
15d
fffffee1
32
b2
ffffff0a
7c
3f
ffffff59
8c
ffffffe1
ffffffb1
75
ffffffb3
4
36
ffffffb9
31
fffffff7
ffffffe6
2c
ffffffd7
15
7
ffffffe1
28
1000
fffff150
534
1dc
fffffcdd
22e
ffffff16
15
fffffea1
185
fffffffc
fffffe9c
1cb
fffffedf
ffffffae
171
fffffeca
47
9f
ffffff08
95
25
ffffff6a
8a
ffffffcf
ffffffca
63
ffffffb8
d
23
ffffffcb
28
fffffff5
fffffff2
1c
ffffffe3
12
0
ffffffef
19
1000
fffff0ad
5be
177
fffffd43
27f
fffffe37
65
fffffe6f
194
41
fffffe38
1ee
fffffed1
ffffffad
1b0
fffffe9b
4b
b0
fffffeeb
b9
21
ffffff4d
a6
ffffffba
ffffffcc
7a
ffffff99
1e
24
ffffffb8
45
ffffffe1
fffffff3
2c
ffffffca
27
fffffffb
ffffffe3
2e
1000
fffff00c
64d
112
fffffdaf
2bc
fffffd5a
bc
fffffe43
1bf
64
fffffdd7
219
fffffeae
ffffffdf
1d5
fffffe56
75
97
fffffeef
ea
ffffffec
ffffff5b
aa
ffffffa0
fffffff4
66
ffffff8b
38
8
ffffffca
50
ffffffc2
10
1e
ffffffc3
42
ffffffde
ffffffef
37
1000
fffff205
524
1a8
fffffc97
279
fffffefc
ffffffaf
fffffe91
16f
ffffffd4
fffffeca
1d4
fffffebd
ffffffc8
17f
fffffed3
4c
b1
fffffefb
83
4e
ffffff46
8a
ffffffee
ffffff93
86
ffffffbb
ffffffea
4f
ffffffaf
29
c
ffffffd6
33
ffffffd9
d
11
ffffffd8
2e
1000
fffff3ff
458
251
fffffb96
1c4
54
fffffef3
fffffef1
175
ffffff05
ffffff55
1cc
fffffec3
fffffff4
13c
fffffef0
3f
c5
ffffff19
48
78
ffffff33
6d
30
ffffff60
86
ffffffe5
ffffffae
76
ffffffb9
fffffffc
3c
ffffffbe
27
ffffffff
ffffffe7
23
ffffffe1
10
1000
fffff3c0
43d
272
fffffbac
19f
7f
ffffff15
ffffff07
185
ffffff1b
ffffff50
1b3
fffffed7
ffffffe7
124
fffffeff
30
b2
ffffff2e
42
6b
ffffff4e
61
2a
ffffff78
75
ffffffe8
ffffffba
66
ffffffc0
fffffffd
36
ffffffc1
26
1
ffffffe2
28
ffffffe1
a
1000
fffff381
425
292
fffffbc4
178
a8
ffffff41
ffffff0e
196
ffffff39
ffffff34
1b1
fffffeea
ffffffc6
134
fffffef3
25
bf
ffffff18
5a
5f
ffffff49
7c
9
ffffff8f
7b
ffffffc9
ffffffe1
4e
ffffffba
1c
10
ffffffd8
29
ffffffe5
6
10
ffffffe1
21
1000
fffff2f0
45c
263
fffffc08
1a4
5a
ffffff83
fffffef2
186
ffffff76
ffffff0e
1b4
fffffef5
ffffffb0
140
fffffef1
26
bc
ffffff14
65
52
ffffff50
84
fffffff8
ffffff9e
77
ffffffc1
fffffff0
42
ffffffbe
20
8
ffffffe0
24
ffffffe7
7
b
ffffffe9
19
1000
fffff261
497
23c
fffffc4b
1c7
f
ffffffbc
fffffedd
17c
ffffffa6
fffffef4
1ad
fffffeff
ffffffa7
13e
fffffef8
27
ae
ffffff1f
66
44
ffffff64
79
fffffff2
ffffffaf
66
ffffffc8
fffffff4
38
ffffffc7
1c
6
ffffffe5
1f
ffffffeb
5
b
ffffffeb
16
1000
fffff1d8
4e2
20e
fffffc90
201
ffffff96
ffffffe2
fffffec2
178
ffffffd5
fffffecc
1ba
fffffef2
ffffffa4
159
fffffee3
35
ab
ffffff10
7c
38
ffffff64
83
ffffffe3
ffffffb7
69
ffffffc0
fffffffd
33
ffffffc5
21
2
ffffffe7
1f
ffffffe9
9
6
ffffffef
15
1000
fffff150
535
1db
fffffce0
22b
ffffff18
14
fffffea2
183
fffffffe
fffffe9c
1c6
fffffee6
ffffffaa
16f
fffffed1
3f
a4
ffffff09
90
2b
ffffff64
8d
ffffffd0
ffffffc5
6b
ffffffb0
10
28
ffffffbf
35
ffffffee
ffffffee
29
ffffffd4
1b
2
ffffffe4
28
1000
fffff0ad
5be
178
fffffd42
281
fffffe35
65
fffffe74
18e
44
fffffe3a
1e9
fffffed4
ffffffaf
1ac
fffffe9c
50
a7
fffffef2
ba
18
ffffff59
9e
ffffffba
ffffffd3
71
ffffff9e
1f
1f
ffffffbd
44
ffffffde
fffffff7
2b
ffffffc7
2c
fffffff8
ffffffe1
35
1000
fffff00c
64e
111
fffffdb2
2ba
fffffd5b
bb
fffffe47
1b8
69
fffffdd9
20e
fffffebc
ffffffd6
1d2
fffffe63
65
a1
fffffef1
dd
fffffffe
ffffff4f
a7
ffffffb1
ffffffe0
71
ffffff91
25
1c
ffffffc2
48
ffffffd5
fffffffe
25
ffffffca
32
ffffffed
ffffffea
30
1000
fffff205
524
1aa
fffffc94
27c
fffffefb
ffffffad
fffffe96
16a
ffffffd6
fffffecc
1cf
fffffec1
ffffffc7
17d
fffffed7
49
b1
fffffefe
7e
52
ffffff47
83
fffffff7
ffffff8e
82
ffffffc6
ffffffde
54
ffffffb4
1d
18
ffffffd1
2e
ffffffe6
0
16
ffffffdf
1f
1000
fffff3ff
459
250
fffffb99
1c1
57
fffffef3
fffffeee
179
ffffff02
ffffff56
1cd
fffffebf
fffffff8
13a
fffffeee
44
bf
ffffff1b
4c
6f
ffffff3d
67
2e
ffffff69
7c
ffffffea
ffffffb0
6e
ffffffc1
fffffff8
3a
ffffffc5
1f
4
ffffffe8
1c
ffffffe9
c
1000
fffff3c0
43d
273
fffffbab
1a1
7c
ffffff19
ffffff04
183
ffffff24
ffffff45
1b9
fffffedb
ffffffdb
133
fffffef6
2e
be
ffffff20
4b
6b
ffffff47
6b
22
ffffff7b
77
ffffffe3
ffffffc0
62
ffffffc0
2
2e
ffffffc9
22
fffffffd
ffffffed
1b
ffffffe9
d
1000
fffff381
425
292
fffffbc4
178
a8
ffffff40
ffffff10
194
ffffff39
ffffff36
1ad
fffffeed
ffffffc7
12e
fffffefa
22
bb
ffffff21
52
60
ffffff50
72
10
ffffff90
71
ffffffd6
ffffffd9
4d
ffffffc5
d
1b
ffffffd7
1f
fffffff6
fffffff6
15
ffffffea
f
1000
fffff2f0
45c
263
fffffc08
1a3
5a
ffffff84
fffffeef
18b
ffffff73
ffffff0c
1bc
fffffeeb
ffffffb5
143
fffffee7
30
b8
ffffff11
6d
49
ffffff55
84
fffffff3
ffffffa5
72
ffffffc2
fffffff2
3f
ffffffc0
20
6
ffffffe2
24
ffffffe5
9
b
ffffffe7
1c
1000
fffff261
497
23c
fffffc4b
1c7
f
ffffffbc
fffffedd
17c
ffffffa6
fffffef4
1ad
fffffeff
ffffffa7
13e
fffffef8
27
ae
ffffff1f
66
44
ffffff64
79
fffffff2
ffffffaf
66
ffffffc8
fffffff4
38
ffffffc7
1c
6
ffffffe5
1f
ffffffeb
5
b
ffffffeb
16
1000
fffff1d8
4e1
210
fffffc8e
201
ffffff99
ffffffdd
fffffec6
177
ffffffd2
fffffed1
1b6
fffffef2
ffffffa8
154
fffffee7
34
a9
ffffff13
79
3a
ffffff62
84
ffffffe4
ffffffb4
6d
ffffffbc
fffffffe
37
ffffffbd
2a
fffffffe
ffffffe2
2c
ffffffdb
f
c
ffffffe0
24
1000
fffff150
534
1dc
fffffcdf
22c
ffffff17
14
fffffea3
183
fffffffd
fffffe9e
1c5
fffffee5
ffffffad
16b
fffffed3
42
9c
ffffff13
8a
28
ffffff70
7e
ffffffd9
ffffffc7
5f
ffffffc0
4
29
ffffffca
23
fffffffe
ffffffea
1e
ffffffe8
9
7
ffffffee
15
