1000
4d3
ce0
fffffb47
938
fffffd37
4ff
fffffe84
277
ffffffba
1000
18aa
12e3
ffffff1d
ffffff7d
76
157
ffffffb3
141
1
1000
1824
1151
fffff9ea
fffffdcb
126
2c8
fffffbee
176
29b
1000
173f
fc4
fffff643
fffffd6e
25c
482
fffff8d3
158
48e
1000
173f
fc9
fffff64d
fffffd79
260
487
fffff8da
163
494
1000
173f
fc9
fffff64d
fffffd79
260
487
fffff8da
163
494
1000
173f
fc9
fffff64d
fffffd79
25f
487
fffff8db
163
494
1000
173f
fc9
fffff64d
fffffd79
25f
487
fffff8db
163
494
1000
173f
fc9
fffff64d
fffffd79
25f
487
fffff8db
163
494
1000
173f
fc9
fffff64d
fffffd79
25f
487
fffff8db
163
494
1000
173f
fc9
fffff64d
fffffd79
25f
487
fffff8db
163
494
1000
173f
fc9
fffff64d
fffffd79
25f
487
fffff8db
163
494
1000
173e
fc8
fffff64d
fffffd79
260
488
fffff8db
162
494
1000
173e
fc8
fffff64d
fffffd78
260
488
fffff8da
162
493
1000
173e
fc8
fffff64d
fffffd78
260
488
fffff8da
162
493
1000
173e
fc8
fffff64d
fffffd78
260
488
fffff8da
162
493
1000
173e
fc8
fffff64d
fffffd78
260
488
fffff8da
162
493
1000
173e
fc8
fffff64d
fffffd78
260
488
fffff8da
162
493
1000
173e
fc8
fffff64d
fffffd78
260
488
fffff8da
162
493
1000
173e
fc8
fffff64d
fffffd78
260
488
fffff8da
162
493
1000
173e
fc8
fffff64d
fffffd78
260
488
fffff8da
162
493
1000
173e
fc8
fffff64d
fffffd79
260
488
fffff8da
162
493
1000
173f
fc7
fffff64c
fffffd78
25f
487
fffff8da
161
493
1000
173f
fc7
fffff64b
fffffd76
25e
485
fffff8d9
160
493
1000
173f
fc7
fffff64b
fffffd76
25e
485
fffff8d9
160
493
1000
173f
fc7
fffff64b
fffffd76
25e
485
fffff8d9
160
493
1000
173f
fc7
fffff64b
fffffd76
25e
485
fffff8d9
160
493
1000
173f
fc7
fffff64b
fffffd76
25e
485
fffff8d9
160
493
1000
173f
fc7
fffff64b
fffffd76
25e
485
fffff8d9
160
493
1000
173f
fc7
fffff64c
fffffd78
25f
487
fffff8d9
161
493
1000
173e
fc8
fffff64d
fffffd79
260
488
fffff8da
162
493
1000
173e
fc8
fffff64d
fffffd79
260
488
fffff8da
162
493
1000
173e
fc8
fffff64d
fffffd79
260
488
fffff8da
162
493
1000
173e
fc8
fffff64d
fffffd79
260
488
fffff8da
162
493
1000
173e
fc8
fffff64d
fffffd79
25f
489
fffff8da
163
494
1000
173e
fc8
fffff64d
fffffd79
25f
489
fffff8da
163
494
1000
173e
fc8
fffff64d
fffffd78
260
488
fffff8da
162
493
1000
173e
fc8
fffff64d
fffffd78
260
488
fffff8da
162
493
1000
173e
fc8
fffff64d
fffffd78
260
488
fffff8da
162
493
1000
173e
fc8
fffff64d
fffffd78
260
488
fffff8da
162
493
1000
173e
fc8
fffff64d
fffffd78
260
488
fffff8da
162
493
1000
173e
fc8
fffff64d
fffffd78
260
488
fffff8da
162
493
1000
173e
fc8
fffff64d
fffffd79
260
488
fffff8da
162
493
1000
173e
fc7
fffff64c
fffffd77
25f
487
fffff8d9
160
492
1000
173d
fc5
fffff64a
fffffd75
25d
485
fffff8d7
15e
491
1000
173d
fc5
fffff64a
fffffd76
25c
485
fffff8d7
15f
492
1000
173d
fc6
fffff64a
fffffd77
25d
486
fffff8d8
161
493
1000
173d
fc6
fffff64a
fffffd77
25d
486
fffff8d8
161
493
1000
173d
fc6
fffff64a
fffffd77
25d
486
fffff8d8
161
493
1000
173d
fc6
fffff64a
fffffd77
25d
486
fffff8d8
161
493
1000
173d
fc6
fffff64a
fffffd77
25d
486
fffff8d8
161
493
1000
173d
fc6
fffff64a
fffffd77
25d
486
fffff8d8
161
493
1000
173d
fc6
fffff64a
fffffd77
25d
486
fffff8d8
161
493
1000
173d
fc6
fffff64a
fffffd77
25d
486
fffff8d8
161
493
1000
173d
fc6
fffff64a
fffffd77
25d
486
fffff8d8
161
493
1000
173d
fc6
fffff64a
fffffd77
25d
486
fffff8d8
161
493
1000
173d
fc6
fffff64a
fffffd77
25d
486
fffff8d8
161
493
1000
173d
fc6
fffff64a
fffffd77
25d
486
fffff8d8
161
493
1000
173e
fc6
fffff64a
fffffd76
25d
486
fffff8d9
161
493
1000
173f
fc7
fffff64a
fffffd75
25e
486
fffff8da
161
493
1000
173f
fc7
fffff64a
fffffd75
25e
486
fffff8da
161
493
1000
173f
fc7
fffff64a
fffffd75
25e
486
fffff8da
161
493
1000
173f
fc7
fffff64a
fffffd75
25e
486
fffff8da
161
493
1000
173f
fc7
fffff64a
fffffd75
25e
486
fffff8da
161
493
1000
173f
fc7
fffff64a
fffffd75
25e
486
fffff8da
161
493
1000
173f
fc6
fffff64a
fffffd76
25e
486
fffff8d9
160
492
1000
173f
fc7
fffff64b
fffffd78
260
487
fffff8da
160
492
1000
173f
fc7
fffff64b
fffffd77
260
488
fffff8da
160
492
1000
173e
fc6
fffff64b
fffffd76
25e
487
fffff8d9
15f
491
1000
173e
fc6
fffff64b
fffffd76
25e
487
fffff8d9
15f
491
1000
173e
fc6
fffff64b
fffffd76
25e
487
fffff8d9
15f
491
1000
173e
fc6
fffff64b
fffffd76
25e
487
fffff8d9
15f
491
1000
173e
fc6
fffff64b
fffffd76
25e
487
fffff8d9
15f
491
1000
173e
fc6
fffff64b
fffffd76
25e
486
fffff8d9
160
491
1000
173f
fc6
fffff64b
fffffd77
25e
485
fffff8d9
161
492
1000
173f
fc6
fffff64b
fffffd77
25e
485
fffff8d9
161
492
1000
173f
fc6
fffff64b
fffffd77
25e
485
fffff8d9
161
492
1000
173f
fc6
fffff64b
fffffd77
25e
485
fffff8d9
161
492
1000
173f
fc6
fffff64b
fffffd77
25e
485
fffff8d9
161
492
1000
173f
fc6
fffff64b
fffffd77
25e
485
fffff8d9
161
492
1000
173f
fc6
fffff64b
fffffd77
25e
485
fffff8d9
161
492
1000
173f
fc6
fffff64b
fffffd77
25e
485
fffff8d9
161
492
1000
173f
fc6
fffff64b
fffffd77
25e
485
fffff8d9
161
492
1000
173f
fc6
fffff64b
fffffd77
25e
485
fffff8d9
161
492
1000
173f
fc6
fffff64b
fffffd77
25e
485
fffff8d9
161
492
1000
173f
fc6
fffff64b
fffffd77
25e
485
fffff8d9
161
492
1000
173f
fc6
fffff64b
fffffd77
25e
485
fffff8d9
161
492
1000
173e
fc6
fffff64b
fffffd77
25d
486
fffff8d8
160
492
1000
173e
fc6
fffff64c
fffffd77
25e
486
fffff8d7
15f
492
1000
173e
fc7
fffff64d
fffffd78
25f
486
fffff8d9
161
492
1000
173e
fc9
fffff64f
fffffd7a
261
488
fffff8dc
164
494
1000
173e
fc9
fffff650
fffffd7b
262
48a
fffff8dd
164
495
1000
173e
fc9
fffff650
fffffd7b
262
48a
fffff8dd
164
495
1000
173e
fc9
fffff650
fffffd7b
262
48a
fffff8dd
164
495
1000
173e
fc9
fffff650
fffffd7b
262
48a
fffff8dd
164
495
1000
173f
fca
fffff650
fffffd7b
261
489
fffff8dd
165
495
1000
1740
fca
fffff650
fffffd7b
262
489
fffff8dd
165
495
1000
1740
fc9
fffff64f
fffffd7a
262
488
fffff8db
163
495
1000
173f
fc9
fffff64f
fffffd7b
262
488
fffff8db
162
494
1000
173f
fc9
fffff650
fffffd7c
264
48a
fffff8dc
163
494
1000
173f
fc9
fffff650
fffffd7c
264
48a
fffff8dc
163
494
1000
173f
fc9
fffff650
fffffd7c
264
48a
fffff8dc
163
494
1000
173f
fc9
fffff650
fffffd7c
264
48a
fffff8dc
163
494
1000
173f
fc9
fffff650
fffffd7c
264
48a
fffff8dc
163
494
1000
173e
fc9
fffff64f
fffffd7c
261
488
fffff8da
162
494
1000
173e
fc7
fffff64d
fffffd79
25f
486
fffff8d7
160
492
1000
173e
fc6
fffff64b
fffffd78
25f
486
fffff8d7
15f
491
1000
173e
fc6
fffff64b
fffffd78
25f
486
fffff8d7
15f
491
1000
173e
fc7
fffff64d
fffffd79
260
487
fffff8d8
160
492
1000
173f
fc8
fffff64d
fffffd7a
261
487
fffff8da
162
493
1000
173f
fc7
fffff64b
fffffd78
260
485
fffff8da
161
493
1000
173f
fc7
fffff64b
fffffd76
25f
484
fffff8d9
160
492
1000
173f
fc7
fffff64b
fffffd76
25f
484
fffff8d9
160
492
1000
173f
fc7
fffff64b
fffffd76
25f
484
fffff8d9
160
492
1000
173f
fc7
fffff64b
fffffd76
25f
484
fffff8d9
160
492
1000
173f
fc7
fffff64b
fffffd76
25f
484
fffff8d9
160
492
1000
173f
fc7
fffff64b
fffffd76
25f
484
fffff8d9
160
492
1000
173f
fc7
fffff64b
fffffd76
25f
484
fffff8d9
160
492
1000
173f
fc7
fffff64b
fffffd76
25f
484
fffff8d9
160
492
1000
173f
fc7
fffff64a
fffffd77
25f
485
fffff8d7
160
493
1000
173e
fc7
fffff64b
fffffd79
260
487
fffff8d7
161
494
1000
173e
fc7
fffff64e
fffffd7a
262
487
fffff8d8
162
494
1000
173e
fc7
fffff64e
fffffd7a
263
486
fffff8d8
161
494
1000
173e
fc7
fffff64e
fffffd7a
263
486
fffff8d8
161
494
1000
173e
fc7
fffff64e
fffffd7a
263
486
fffff8d8
161
494
1000
173e
fc7
fffff64e
fffffd7a
263
486
fffff8d8
161
494
1000
173e
fc7
fffff64e
fffffd7a
263
486
fffff8d8
161
494
1000
173f
fc7
fffff64e
fffffd7a
263
486
fffff8d8
161
494
