5ce
878
ea7
2372
2f66
3678
463f
4ae5
52c6
553c
6c2
a50
d7a
1306
17ee
1ec4
3d1c
4599
4f46
558e
620
8d0
c10
130a
2b37
3451
4783
4b5d
5275
54ed
6c5
9d0
d1d
1264
1b41
2838
4280
4624
4ac9
4f7e
6d0
984
cec
221b
28c0
2ee7
3cfe
40ff
536f
5599
6fa
941
d2c
11a9
1a8b
32a3
450a
4a2c
5177
5488
65f
981
d21
18b8
29d5
2eed
33dd
3650
4bf1
5260
5d1
93c
cdb
186a
240b
28a3
3613
3bae
4539
53cb
74d
9e5
d93
110d
23c0
38b1
3e24
427e
5083
53a3
816
bd1
10ed
16de
1e7d
240f
2965
3eaf
4e8d
554a
776
a71
d5b
10a5
2ba0
3b07
40c1
44b7
4b6e
4f29
475
717
a40
120f
195f
2574
3690
402c
4b97
5326
890
c63
1263
16b0
2a98
30d4
3752
3d30
5284
551d
506
773
9f4
d7d
2566
2ebc
3e6a
43c0
4ceb
57df
781
aa0
11fc
1a1c
2cef
32c0
380e
3b9e
4265
5137
804
ac7
f39
147e
19ee
281b
3dda
41ae
46e5
54ab
706
9c1
15f1
2cb9
3385
3977
429a
4713
4f53
52be
3f1
66f
b49
164d
2545
3042
3b7f
483e
51e6
5611
bc8
ed2
151e
1d2d
30c8
36a0
3be0
3fce
4df0
5137
89b
be0
ed4
1542
2ed3
34c8
3a53
3ff2
45c0
4973
b60
10c4
1f34
2564
2d2a
33bc
38dc
4091
4e24
5251
b2d
e17
1723
1b7a
2412
2f16
35a1
4688
4f26
51ee
bfd
10d7
174f
1cc7
2cda
319b
37e5
3f69
479d
4ae4
982
e4d
1302
16a6
288f
2dca
32f9
3d34
49ae
4d77
7e4
a2d
f14
2419
33db
3934
3e8a
42cb
4b44
4f1b
755
af9
e06
1263
2b30
3099
3d06
4310
4949
4dc3
83b
b39
e59
16a7
350b
395f
3e42
42b5
49ca
4d77
64c
8ec
b80
df4
201b
3687
3e34
4357
48a0
4e95
974
c54
198e
27e7
2f1d
34de
3bc9
4044
491d
4da8
683
a34
dce
1475
2911
2db0
328c
419e
468a
4bb2
954
bc9
12e7
2475
2c95
31ba
3ab0
3f78
4429
48f5
753
ae2
1087
18b0
21f6
27a5
2e09
4275
48b0
4df8
2a7
583
122e
1f46
2cb6
33c1
3d93
46cf
4f89
543f
72e
a24
dfa
1200
1612
2c0a
3813
3e0e
5063
54fa
517
7a3
95b
cfa
2ef7
35c4
3e0b
469d
4ed4
52f0
59e
836
a67
d86
2088
287a
35c3
4360
4d14
5748
35c
770
17d2
1e5f
2657
2ee7
39e5
4145
4d4b
528c
689
aa3
e78
17ed
1df4
24e7
3573
386b
503a
54e3
4de
739
b56
119c
1c35
31a6
39f3
3fba
4b87
58c0
5f5
8d4
f16
161b
1cae
2de4
343a
386a
467c
5356
4ac
736
c20
1b97
2adc
3269
39de
428d
4dd2
586c
863
c22
117b
196f
2023
2625
2ae8
2f81
4a1b
5334
631
965
bb2
fc4
2cd9
3379
38b7
3c47
4dff
531b
6f2
a80
e1e
1248
24f9
2b38
30b9
3fc0
4d1e
5140
746
a1a
da4
1a3f
2dbc
32d4
381c
3f00
4c9a
4fc9
573
86c
a6d
d3a
296f
2f5d
352e
4141
4a20
5377
5a4
845
cd6
1859
24cf
32b5
3a96
3ded
4324
5561
7d4
b4f
ec7
1321
1818
1c81
3141
403d
4b61
53d9
5d7
b2f
18d8
1fa4
2c87
37bf
3e1e
452f
4fff
562d
9b4
c2a
1656
1bb9
20d0
3148
36f9
39ff
5037
5394
978
ccd
14b0
188c
2c1a
3267
3e96
4464
4b85
4f3b
a05
ec2
14f0
1b4d
224e
28bc
3836
3d7e
456a
54e6
aa7
d38
19d5
2426
292e
2fcc
393b
3d47
4e6a
526e
77c
b89
1882
1f98
25ee
2aad
3068
4032
4e2a
52bf
d38
110e
14e5
1df3
2bac
313d
3661
3bdc
4dbd
5112
c03
10bb
173f
1dc3
2584
2b02
3060
36b6
50b2
53f9
6d7
997
141b
26ee
2d65
3378
3993
4056
5134
54fc
5a2
88c
d02
1a9d
22e1
2f67
388c
3bca
4cb3
5040
8f6
b4f
fe6
1f63
2fc9
3468
39aa
43d7
4a08
4ce8
791
a63
11fa
1a29
236f
323f
3775
3b7e
3eaf
49bd
817
a67
1078
24e5
2a87
3004
367d
3a3d
4b24
4f75
6cc
9bb
da0
1fca
25b8
2b91
3396
3960
51a0
5593
897
b41
1243
214f
2743
2c90
3863
3c67
4326
5075
797
bac
1051
1797
1d36
2158
3765
3cbf
44d6
544b
721
c67
1b96
265a
3218
3c5a
479a
4d90
5546
578c
9a0
be6
12d6
1759
1e10
3c26
415a
44ee
506c
5348
9f6
d41
14b9
1b08
27fb
3703
46df
4afb
50c9
5358
bbb
ed7
14c9
1925
1eef
2d7b
3dc2
41ce
46c7
4a24
d7f
103d
1ab6
2007
2695
301a
3e21
41ba
4ded
519c
bec
eb9
131b
16b2
1b41
278e
39c4
3e76
4d3d
51a8
e57
1104
16c3
1b55
210c
2f34
374a
3a5b
4b2f
4fc7
a9c
e64
147e
1a1e
210f
2711
306a
3733
3f16
4d40
799
a4e
1022
1f3b
3802
3cd8
42a1
471e
4f01
5205
900
b70
101a
12d8
1608
3353
3dd1
422a
4e8c
523e
708
9d4
d16
1463
345e
3e4c
44d2
486c
5033
5304
59c
8b0
ac1
11c2
25b9
2bed
3b49
3fbd
4451
4abf
90f
b53
1374
1b18
20d4
34b1
3cc2
3f99
4f2e
51af
88b
b67
1202
16f3
1cde
310c
36d1
419a
5206
5509
8bb
b6b
1401
1873
1fa3
3515
3bec
3fd4
4607
4ebf
6e5
a4e
ea7
1662
1ecb
277c
3541
3c3b
41a8
488e
d84
166d
257c
2dde
384d
3ed0
46fd
4a92
516d
5461
e97
114a
1837
1cc3
2422
3899
3ea3
4282
4da1
518c
dc1
12aa
1ae7
21e8
31ad
37f2
3e4e
4682
4ec6
5299
85d
b98
1ad1
1f73
271a
3367
39dd
3df5
4478
48df
1034
17f0
2344
2a77
318e
36b5
3e68
4338
4c83
5073
1133
14f7
19ea
20b3
27b3
2d4f
3a73
3fcb
463e
4950
ffb
150a
1ac4
2242
2d2b
33ea
3d70
4222
4a70
4e86
aba
e29
14b3
1d50
2816
2ca8
3374
3c82
41eb
446a
8c8
de4
215b
295e
3179
3968
4083
45a0
4f2c
52ff
4ff
7a8
f50
1e71
27a9
39a1
4106
46db
50c7
53da
988
d93
1a51
21ce
2f9e
38fc
42df
4605
4aa6
4e0b
757
9d2
1191
1d94
2721
3a64
3f0d
4201
47dd
4bb0
af4
e68
1d42
2766
2bd2
31a7
3fb3
443e
4e6d
5286
7e7
a7a
f21
204c
280f
2d7d
3b53
42ce
4a15
4d4c
b07
e15
16b7
2193
2765
2ccd
40b8
4436
4942
4da4
b23
e61
14a0
1de0
23d5
2862
3a71
3f14
4497
482a
544
a55
16c2
2251
297c
321f
3f7f
478f
528d
583a
85d
bdc
10c5
17c2
1da9
2985
4306
4671
53da
5644
648
947
d38
1ade
26f2
2bdb
4220
44f2
4ed9
5280
ad6
e20
1396
199d
1e6c
22ff
42ac
477e
4c51
503e
78e
12cd
183c
1c2c
2313
2d91
3e75
4593
4fca
54c7
8f0
db3
13ad
1ab9
2056
25a6
3ada
4061
5495
56c6
b87
ebb
130e
1d9a
2338
283a
389a
3b8a
4eff
51fe
cb8
12b7
19c9
1d61
21c4
25eb
3456
3ece
4a9e
4f19
723
a36
d9e
1797
2f75
35ff
3f3f
4382
53af
5619
3e8
6a8
bba
18bf
2117
2904
3a1e
4253
4e3a
579b
66e
8ee
c25
1c4d
2ce5
31f7
41b8
4503
4a25
4efe
6ac
9c5
cf3
1a51
2219
26c4
3ed9
42c9
47c6
4dcd
a3f
db6
117e
160d
2686
2b6b
3b73
4693
4c7f
4f9e
9d6
d6a
1278
18f4
1f92
2445
336a
47cf
4d6b
5048
6be
94f
ffa
189f
1e7d
322d
3914
44c8
4b45
4ed5
b2c
e97
12e6
179c
1c56
20d2
36cf
3ffd
4675
4bd2
1097
1769
1f10
2640
3036
393d
4477
4956
515f
54c3
dae
fd3
1630
1a95
1fd2
2ea9
4109
4424
4fa6
543c
c4f
131d
170b
1c1e
2c9a
3311
3b14
4509
5028
5565
f78
12f0
1726
1c5b
226b
2921
3d2d
40b0
4714
4ed7
1193
19cc
1f64
2423
2a34
3153
3e08
4468
4e34
5236
109b
15a5
19fe
207e
26ac
2da6
3afc
42c5
505c
54b7
eb9
14cf
1eb9
2490
29bc
2e2a
355c
3c06
492d
4daa
c0b
f81
1868
1fb9
2646
2af2
3069
3576
45e0
4aa1
aab
123e
1b97
23f1
2c52
35a7
41eb
496d
5133
5758
4a3
8b3
1281
1c2e
2596
3159
3c2c
4630
4f26
5bed
777
9ad
f4b
2772
2d60
329b
3f5f
42f2
4b46
50f9
6e4
9d7
f2f
1b20
23be
312e
3f82
4258
4604
4803
578
e5a
1bdb
220e
29c0
30dc
3d5c
452f
4d08
524c
912
c01
10bf
1fac
24bf
2984
3df6
4135
4d02
53e2
a46
d0b
1296
20a8
2822
2c45
3250
43de
4b15
4de0
6b9
a11
15b1
1c1b
21cb
29be
3add
4239
490f
4dd9
