fffffe4d
fffffcd1
fffffd1a
409
fffffdfa
246
fffffb4f
33d
56
181
fffffcbf
fffffc85
1cf
fffffff8
fffffb1d
5aa
48
ffffff19
360
295
fffffc03
e7
fffffece
141
ffffff24
ffffff5d
fffffdf2
fffffd0e
fffff99f
10b
39
ffffff3a
fffffead
ffffffdf
fffffa44
23d
31c
ffffff57
fffffd89
330
ab
fffffea2
126
67c
1c5
207
123
9f
fffffd80
fffffaf0
fffffd43
fffffcb6
ffffffc6
3b6
37c
60d
2cb
20f
fffffd36
ffffff3f
248
1f
fffffedf
164
fffffeb3
fffffe37
264
fffffee5
fffffa9b
fffffd1b
ffffff93
fffffcd8
e7
4d
ffffffa9
fffffea8
53d
43f
fffffd72
fffffdc7
fffffca5
4d4
226
356
2ca
fffffde1
fffff928
ffffff3d
ffffff9e
fffffeec
fffffc93
fffffc46
fffffb20
fffffed5
d4
ffffff15
fffffd28
3b5
5ed
37f
ffffffb3
158
fffffd94
2fb
19d
1f6
fffffe96
fffffc40
fffffe1d
56a
fffffec6
fffffecd
ffffff00
fffffb14
fffffe53
1c2
fffffe2e
ffffff94
3f2
8af
2c7
2b5
209
28a
519
ffffffe4
fffffe86
2e8
fffffc13
f0
ffffff90
fffffef1
fffffe0c
3b2
6c5
10f
fffffff1
38d
fffffefd
698
23f
fffffff6
fffffe2c
ffffff39
44d
fffffc0d
245
ffffffcb
fffffd15
36e
91
fffffee3
fffffb00
fffffe72
24
fffffe0e
fffffa9f
12
fffffe44
5cb
fffffb93
fffffcbd
546
504
ffffffa1
3f7
ffffff22
1bb
174
fffffe9e
fffffa4d
fffffb2b
1a0
ffffff2b
1d2
29d
293
668
3a4
216
fffffff1
42
1d4
3fb
fffffd14
569
ffffff4a
fffffc75
fffffd2f
fffffefa
fffffeae
94
5a5
4b
fffffd08
239
4df
151
1a0
ffffff87
185
ef
620
3d5
71
171
fffffc15
fffffe05
fffffdb5
fffffc78
fffffec8
ffffff9e
3b5
1f
450
48
ffffff73
5b9
3f
fffffcef
467
248
343
115
fffffb79
d0
12d
fffffc8e
75
fffffe6c
21b
ffffff8e
358
fffffe13
df
fffffc70
26f
ffffffb4
114
fffffe48
895
921
4f4
29e
130
fffffef5
fffffdf3
8c
372
ffffff75
fffff9c4
226
321
fffffe38
ffffffc8
fffffd47
361
424
19d
1be
482
251
ffffffb3
4d5
ffffffe1
245
fffffbf3
fffffc81
29d
129
18d
22e
cb
fffffce3
fffffc69
3
2b4
fffffedc
41a
30e
14e
5c3
278
ffffffb0
30
fffffbdb
fffffe1c
16a
fffffdab
fffffcac
fffffddf
fffffeb6
fffffe53
fffffd58
46d
fffffb62
fffffd18
53c
106
3f
528
33b
fffffe72
fffffdc0
155
fffffcfa
fffffe1d
fffffb21
ffffffba
62
ffffff5d
2a2
fffffff5
fffffc8a
213
fffffb9b
fffffef7
ffffff0e
2d4
3a6
