Project, 'coregen', initialised from file 'C:\Users\Muaddib\Documents\Zach
Office\School MSU\Spring 2011\Senior Design II\G729 Verilog
Code\Residu\ipcore_dir\coregen.cgp'.
Customizing IP...
Release 12.4 - Xilinx CORE Generator IP GUI Launcher M.81d (nt)
Copyright (c) 1995-2010 Xilinx, Inc.  All rights reserved.
Initializing IP model...
Finished initialising IP model.
Finished Customizing.
Generating IP...
WARNING:sim:89 - A core named <scratch_memory_V1> already exists in the output
   directory. Output products for this core may be overwritten.
Initializing IP model...
Finished initialising IP model.
XST: HDL Compilation
XST: Design Hierarchy Analysis
XST: HDL Analysis
XST: HDL Synthesis
XST: Advanced HDL Synthesis
XST: Low Level Synthesis
Generating Implementation files.
Generating ISE symbol file...
Generating NGC file.
Finished Generation Stage.
Generating IP instantiation template...
VHDL instantiation template already present, so not regenerating.
Finished generating IP instantiation template.
Generating metadata file...
Finished generating metadata file.
Generating metadata file...
Finished generating metadata file.
Generating ISE file...
Finished ISE file generation.
Generating FLIST file...
Finished FLIST file generation.
Preparing output directory...
Finished preparing output directory.
Launching readme viewer...
Launched readme viewer.
Moving files to output directory...
Finished moving files to output directory
Saved options for project 'coregen'.
Saved options for project 'coregen'.
