0000
0000
0000
0000
0000
0000
0000
0000
0000
0000
0000
0000
0000
0000
0000
0000
0000
0000
0000
0000
0000
0000
0000
0000
0000
0000
0000
0000
0000
0000
0000
0000
0000
0000
0000
0000
0000
0000
0000
0000
0000
0000
0000
0000
0000
0000
0000
0000
0000
0000
0000
0000
0000
0000
0000
0000
0000
0000
0000
0000
0000
0000
0000
0000
0000
0000
0000
0000
0000
0000
0000
0000
0000
0000
0000
0000
0000
0000
0000
0000
0000
0000
0000
0000
0000
0000
0000
0000
0000
0000
0000
0000
0000
0000
0000
0000
0000
0000
14fb
eb30
0874
ff18
fbba
02f5
fda0
ff1c
015a
fc29
01b5
0044
fbc2
044b
fcc9
fecd
03c3
fabe
02a8
009d
fbab
04d2
0000
0000
0000
0000
0000
0000
0000
0000
0000
0000
0000
0000
0000
0000
0000
0000
0000
0000
0000
0000
0000
0000
0000
0000
0000
0000
0000
0000
0000
0000
0000
0000
0000
0000
0000
0000
0000
0000
0000
0000
0000
0000
0000
0000
0000
0000
0000
0000
0000
0000
0004
fff9
0006
fffe
fffe
0000
0001
ffff
fffe
fffe
0000
0000
0000
fffe
0001
feb8
0569
f874
04df
01bd
f946
0760
fca1
fe8b
048d
fbb0
024b
00ab
fd45
0394
0003
fffa
ffef
000b
0003
fff7
0002
0003
fffd
fffe
0005
fffb
fffe
0004
fffe
fffe
0002
0001
fffa
0005
0000
fffc
0002
0000
ffff
fffe
fffe
0000
0000
0000
ffff
ffff
0004
fff8
fff2
0009
0005
fff7
0001
0004
0003
fffa
0006
fffe
fffc
0003
fffe
0000
fffe
fffe
0001
ffff
0000
ffff
ffff
0004
fff7
ff79
007b
ffee
ffcb
009d
ffa6
feaf
0414
fada
02de
0190
faf0
053f
fd9f
fe9c
03aa
fc69
01b4
00ad
fd98
02c4
fe45
ffc4
0000
0000
ff48
00a8
ffdf
ffc9
00d7
ff84
ffea
004e
fffd
ffbb
001c
0030
ff95
0042
0011
ffba
0036
fffa
ffeb
000f
0009
ffe8
0015
fff2
ff79
0076
fffb
ffbd
00a4
ffa5
fff9
0023
ff60
0062
fffb
fff0
0083
ffbe
ffff
0001
02ef
fd36
00a6
00b8
ff90
ffa0
003a
003c
020d
fd7d
0106
001e
000b
fffb
ffb5
0088
0177
fdd7
00fe
ffed
0036
0010
ffc0
ff14
02c2
fc8a
01f9
00e0
fcb1
03b0
fe1f
ff33
02b2
fd19
018a
0078
fdf0
0276
003e
0279
fdc1
0025
0137
ff03
0031
ffad
00b4
01a7
fe7b
0006
00ba
ffaa
ffef
ff89
0115
0157
fdfc
009b
0095
ff81
007b
ff4a
00e2
011b
fe42
0087
0060
ffd4
0060
ff7e
00d8
0194
febb
ffa4
00fb
ff90
ffc9
ffb7