0000
0000
0000
0000
0000
0000
0000
0000
0000
0000
0000
0000
0000
0000
0000
0000
0000
0000
0000
0000
0000
0000
0000
0000
0000
0000
0000
0000
0000
0000
0000
0000
0000
0000
0000
0000
0000
0000
0000
0000
0000
0000
0000
0000
0000
0000
0000
0000
0000
0000
0000
0000
0000
0000
0000
0000
0000
0000
0000
0000
0000
0000
0000
0000
0000
0000
0000
0000
0000
0000
0000
0000
0000
0000
0000
0000
0000
0000
0000
0000
0000
0000
0000
0000
0000
0000
0000
0000
0000
0000
0000
0000
0000
0000
0000
0000
0000
0000
14fb
f5d5
0848
fc9f
fb23
03f2
fb86
fd9a
06d3
f6c8
02da
0006
f847
0662
fa7f
fd81
056e
f780
038e
00b6
f8f2
0709
0000
0000
0000
0000
0000
0000
0000
0000
0000
0000
0000
0000
0000
0000
0000
0000
0000
0000
0000
0000
0000
0000
0000
0000
0000
0000
0000
0000
0000
0000
0000
0000
0000
0000
0000
0000
0000
0000
0000
0000
0000
0000
0000
0000
0000
0000
0000
0000
0000
0000
0004
fffc
0004
0000
0000
0000
0000
0000
0000
fffc
0000
0000
0000
0000
0000
feb9
0483
fb8d
0279
01ae
fbe9
04e4
fdfb
fec9
0490
fb97
027f
01b0
fbe8
04e1
0003
fffd
ffee
fffe
0002
ffff
0001
ffff
0000
0000
0000
0000
0000
0000
0001
ffff
0001
0003
fffd
0003
0001
ffff
0001
ffff
0001
0000
fffc
0000
0000
0000
0001
ffff
0004
fffc
ffef
fffd
0003
ffff
0001
ffff
0003
fffd
0003
0001
ffff
0001
ffff
0001
0000
fffc
0000
0000
0000
0001
ffff
0004
fffc
ff74
fffd
0003
ffff
007a
ffff
feb6
02c2
fd7c
00e0
0156
fd48
028b
ff25
feac
02b8
fd73
00d9
0150
fd42
0285
ff1f
fea8
0000
0000
ff48
0001
fffc
0007
00b0
000b
fff5
000e
fff5
0009
fffe
0001
0000
ffff
0001
0000
fffd
ffff
0002
fffc
0007
fff8
000c
fff4
ff7b
fff8
0007
fffc
007d
fffb
0005
fffb
ff4e
fffd
fffe
0008
00ac
0010
ffff
0001
02f1
fffd
ffff
0002
fffc
0008
fff7
000d
02e4
ff6b
fff7
0008
fffc
008c
fffa
0006
0251
ff38
fffd
fffe
0009
00c1
0012
feb4
023b
fe1e
0067
0148
fdc2
01e0
ff95
feb4
023c
fe1f
0068
0148
fdc2
01e0
003e
02b4
0041
ffbd
004c
ffb3
004f
ffaf
0051
029f
004c
ffb1
004f
ffae
0058
ffa5
0061
028f
ffbd
ffaa
0050
ffb8
00cd
ffb8
0049
020d
ff7a
ffbe
0038
ffd4
00f0
ffe8
0063
0293
005c
ffa7
005e
ffa4
005d
ffa1