0
0
0
0
0
0
0
0
0
0
0
2b8
e50
0
1655
19e1
0
0
0
0
0
200
e60
2b8
488
8c0
2d0
13bb
0
0
0
388
308
e38
eb5
2a8
11d8
1e00
1f58
f9f
442
360
2b8
1050
eac
329
b11
1d9c
1c9c
0
540
300
1049
1c10
fee
e31
318
b7e
1ab4
d61
1aa0
0
21a
278
f78
1ea0
b11
143c
15a3
7e3
3a9
1d45
1aa0
0
3c8
10b8
a20
1da7
49d
e79
12e1
1a60
260
e48
b17
c28
3a0
12e0
382
383
1131
1383
11b9
16e2
fcb
2c0
14e0
f8
1913
28c
1190
b00
343
ecd
11a1
5e4
1310
344
e60
319
e47
244
b81
15e0
6c5
170b
10e8
5e5
308
1b43
1277
1f44
359
18f8
1ac7
b60
39d
343
1ea1
11e0
315
1e81
f1f
260
706
1347
2a5
f6f
9a8
11ee
72f
b3c
227
1f9a
4f0
11fb
1ebc
328
1023
1be5
ee8
33d
1011
1ee9
12
475
138c
867
9a9
2e0
41b
3c8
105
281
529
4f4
71f
15dc
175a
307
1cf1
1448
1486
359
154
18ea
768
3c6
11ab
256
8f5
610
3d4
1b68
1008
c7a
6e2
2e0
18ea
25a
8c2
10a3
f70
e08
1060
dd3
730
eca
1e28
242
16c1
b23
f57
4ef
911
1038
1188
1a84
628
1854
2c6
b0f
1b02
1256
c87
4b5
1883
e18
810
1915
a2f
12b
1104
154d
1334
875
b38
274
a3
c10
2b8
a14
d46
15a3
aca
711
11cf
470
104c
67
90b
200
1029
1313
e0a
858
f31
1904
31f
576
cd
1e8a
15ce
0
1012
9aa
1017
fbb
306
8e0
1b30
1250
1379
1a74
18e6
e75
1241
af4
1b08
1c4c
138c
500
172
13cd
1258
124c
13cd
f07
135c
c68
c88
7a
11cf
1c45
1079
1074
66e
1c45
138c
4b4
13c8
ae8
1b64
dcd
17cc
9e4
7e5
124c
1248
1b64
338
1bd
bee
dbd
1dbd
c7d
124f
500
151f
6c
12b1
127
170a
1c67
13f0
120
527
1278
1c4d
533
1230
1c5f
1184
247
6c
344
fc0
108c
1627
13
18c8
16f9
128a
4b1
1234
95d
e7d
1e18
1c82
1c08
348
911
10f6
e70
1ea7
11bb
1563
1758
5a4
200
1450
1ea0
499
1142
137b
12fe
318
1761
fab
f0
10e6
18fd
146c
f9c
1d5d
1dad
874
2c4
1ce9
d8e
1d2e
1611
1074
9e0
27c
113e
4fe
4e6
1dab
1cf
92e
b9
1243
d59
8d9
1c41
988
12c1
b5a
1b66
1d2e
1311
e58
d88
11a3
1488
8ce
5c2
f3d
8f2
971
1c21
1443
10c1
1258
344
21
1a5c
1b59
1284
146
bc9
1274
10c0
170
de8
be3
3e1
1a09
10aa
735
1513
1172
1070
14e0
350
f5f
f70
10c2
1ba1
1ba3
869
8ea
1613
1319
1541
1b2
1a25
4f9
1d5c
102b
ca1
f08
829
10c6
e8d
c5d
d42
1a65
10ec
e2b
d2a
8a5
822
1184
1b0d
63a
1cd5
295
15a9
f65
114f
21
1c29
10ce
1b0e
d2e
e2
93b
959
1029
16e6
c69
15d8
11c4
302
342
19
75f
1b2e
ab5
18e6
146c
10cd
86d
12e1
165f
1a0c
1033
1cc5
11e2
11c2
12e
1b05
77c
8f3
cef
1351
860
1898
8e5
956
1c75
14c8
115a
4fc
1af1
d2b
1a11
106a
6c5
758
1c1e
105a
247
103
a39
26b
1d0
82e
1382
6e
1f1d
1ca6
1a2c
fcd
14e5
2a5
d29
86d
1033
1bf5
1c45
10cc
1263
14c1
1b02
1154
6e1
82d
1502
110a
103c
348
ec
266
3
41f
1c21
10d1
1508
1cd4
9a4
ae9
1063
1b72
63d
1118
d2a
1e8
1623
705
19c1
e16
1c1a
1245
80e
919
1cc
31f
113a
1194
1d50
ca5
11ac
8ce
1675
14b2
1908
1f0b
954
333
d85
18e1
90a
f88
77a
6b
8e2
1804
318
128
f5
1d99
1860
1339
186e
d4d
1aca
1820
1d0
5a
e68
5ac
1c50
1490
8aa
ea2
e70
9a9
49d
92a
9e
181a
197a
c4e
767
753
8e9
134f
1c5c
4be
8d0
fe1
19bc
284
1151
393
16bc
610
7d9
1a30
1f9d
59
ed1
1d26
846
cb4
1c19
b9
d19
188d
f1
8e0
11d8
1750
e2e
ce0
eea
1040
67
1625
18cf
6d8
fcb
1457
f78
41c
da
751
1cce
235
10f4
8c1
481
d0e
139
1065
f19
91f
143b
1068
1ca8
a1
131
1e20
ed5
8e9
fe1
f54
1314
190d
121
17e4
fd9
111
1ee6
523
11e
760
5dc
175c
7d0
15c4
165c
9e0
e25
1754
1263
72c
f72
18f0
733
12a3
168d
101e
10e
120
fe3
c55
113
862
1cd0
1aee
78c
1508
18fc
acc
951
ac
5b7
1bd
70
19cc
1a1
1a3
fd6
15da
13ee
562
bf5
1a16
c5d
1256
a48
1493
e83
162f
17f4
6bd
15f4
ebc
583
595
1f02
856
a08
8d6
16fa
1e86
1128
95f
14e7
1e57
1854
b4f
1b18
18e2
472
12a9
473
eb0
134c
6e1
1ff3
1ca1
422
152
d30
559
16b0
1dca
1f48
557
1fd8
1f58
1704
91e
b1a
172e
1c19
41
1248
11ce
5d0
b4
998
da1
6a
fd5
1c38
1eca
114
110
13b9
4ba
dc1
1e56
1fe2
cb5
1c38
d0a
1460
9af
15e2
f38
13f0
6c5
1c18
c53
314
b1f
e25
f28
1a6b
498
17c2
10
7e7
1a0b
e0f
13e2
1101
1804
1c2b
1e2c
1a1d
803
3eb
e00
1414
d08
1e57
1258
1183
1e03
101d
e04
1d47
e2c
1fc1
1e2c
e2b
e01
e2f
102c
1e07
1e2c
b60
1087
207
102b
1e39
1223
38
1822
1416
1e9d
c05
1c2c
1c03
e2b
341
101f
22b
1814
1f55
1e9d
f41
1c1d
15e1
742
c07
da
3dd
17e8
e03
e88
1a2b
1549
1408
f7a
14c1
1408
e33
1ae5
18ee
bca
c29
1643
1739
e20
1c82
1b98
92e
1e25
130c
1946
1b93
1974
101f
e43
171b
68
d19
1e4d
410
1b56
12f1
152a
a6a
1798
f8
65
6a0
698
b2d
14c8
1b90
fa0
258
25f
567
2c8
1474
9c4
1b58
186b
1b18
1a2c
17c5
1b82
108c
35e
189e
1e8d
2a8
1263
c3d
ce
1fea
1ee0
d10
2fe
b8a
797
1643
15e2
efd
6e5
1b0b
bbd
c39
17b
1768
1f11
63d
131a
d95
1655
dd1
c37
b00
2ef
ba5
1086
ff1
ef1
b28
1acd
343
1a43
1a93
1642
62b
1907
c7
41f
1f65
1660
85d
1af2
497
150
220
256
128
da5
1034
99c
647
a2c
12af
270
fa1
a6e
162a
248
60
4d6
d9e
850
1097
828
1808
f61
595
1402
1440
310
f5
4dd
97
68
1041
bf0
19b2
485
140c
102
1445
250
12af
1630
fa1
3f8
bae
187a
115c
14c2
e81
df2
c45
10a
50
1b53
18c
395
1440
28c
ec5
3d0
144
10f0
1874
5a
a68
4ba
1044
1f4a
65c
8c4
cf8
1e72
20a
522
3b9
214
e28
1e47
1bbd
528
13c9
b74
af4
1331
1d0e
1605
13c5
1288
cbe
e61
371
e3e
e02
101c
1182
f69
18a4
565
156f
1206
1e90
e2a
979
f26
15d
e1
a4d
fe
1411
15f9
14e
804
356
15dc
709
624
23
1dd7
1453
a15
860
1c14
443
142f
c11
d79
948
1213
118
1ce
e53
143c
b84
6c3
e7d
ea8
e8d
1ba6
9ff
f6a
e86
150b
1a2
6c
1be3
13d2
426
c0
c8d
4ba
113a
12ba
1403
100c
171e
bb8
1d48
187d
e63
22b
1158
55a
1254
a75
c88
13cb
1c24
1431
12c0
c24
98d
1400
109c
1a6b
1527
84f
862
c65
1123
1260
1200
e53
4c1
2b
58
12a0
c13
1300
1220
418
122e
12e8
78
12b0
1301
340
f0
3c6
7a0
1192
a10
770
101e
b88
870
8e0
1dce
803
bf1
1daa
1da2
65f
e1d
558
1a26
8ce
3bf
aa5
1859
1602
1da4
9a8
4c5
1588
81c
275
3df
1710
113
19ac
bc4
12c1
dda
da2
85c
1b5
1804
362
b92
970
1662
f90
98e
14a0
874
390
68b
9be
1da8
d50
860
198b
815
5b0
14d4
988
10ae
640
1590
16b4
b90
7b3
a8e
1f96
9c7
1d2
52
1730
258
7d3
18
e1b
1deb
418
f39
758
fa7
914
7db
748
1b82
1043
c50
1743
1beb
4b0
16d2
778
1413
15d3
470
13c1
8c4
4de
1a13
1bd8
1582
6d0
1c5d
a14
c96
eb1
1478
1460
e71
1b52
45b
f51
1060
1ab1
2b8
460
142f
443
291
7d0
f19
5e0
1360
18d5
1c81
1c48
48c
442
260
400
291
5d0
2c6
12d0
12f0
a72
1bc5
402
262
200
4c4
1f48
201
6d0
660
eb3
428
91a
292
840
454
1d49
122c
827
600
840
6a1
502
352
c82
555
fc4
2e8
308
be4
1e20
1c82
1ba
34d
1f4a
dc3
1bce
1f30
1c29
e10
1c0
1d07
408
ac4
1c98
c7
1e3e
1d08
fc4
e0
1fc2
1fcc
1e8e
1d18
1c2f
fc1
208
d38
44
1c30
1e83
40d
bc0
c0
1eb9
1c60
1044
e3b
80
1ea9
1eb3
1758
852
10d0
13f1
17f1
1f61
a78
645
117
1fc6
7bc
1808
fa8
1771
5ea
cc0
7bc
1c09
1ac2
1c6
10b1
165f
7f3
6f7
318
1eaa
6f1
1e47
1118
1d90
1cce
fc7
9a9
145a
1dda
1a2
1eaf
1ea8
1dee
1d03
1795
1815
ab2
174b
b47
344
351
c87
45
1aa
1e46
1ae8
1490
a2e
1884
1e70
193a
1760
69
1e6a
a81
1c2b
188c
1e34
f2c
1850
b30
15f0
f47
4ec
1948
a2c
1929
b04
151c
e2c
b0a
ff8
4c7
4f0
4c2
604
b79
200
f04
42c
42
e40
a83
1c7e
1861
25b
44
378
b30
1100
4c3
11a
a19
152e
e47
1a24
1298
d8d
559
fc4
5c4
1be3
1092
a4e
fc0
1d3b
669
1fce
2b8
1d6a
1150
ccc
10a7
15f6
15cc
1c51
159b
0
16fa
1fd9
4ed
bce
13c6
ef8
1c63
16e
293
1f75
1de5
c8b
7d3
1eca
c30
1cd2
1341
528
7c2
cd5
1fad
f44
1400
54
1d0b
2f
35e
1c78
1ecb
1fc1
1efc
114d
1d18
a4b
1180
1cc7
1fe9
ec0
c5f
16cc
19d1
1fb3
a56
296
1a8d
380
1d8b
142e
400
1f6d
164e
142a
16ce
c00
1c00
1640
b9b
a70
c8d
4d0
6c2
a2b
4c8
381
e41
b28
18c2
423
1da8
fae
87
c44
4c8
381
f59
1da1
1f2b
528
a06
1e64
c0
849
584
1d33
e48
100
64
644
e00
6f8
4c0
1649
e49
1c43
408
5a
3f
e44
4c0
d6
e2b
14fc
1bfa
ee
1fdd
1558
1900
131a
4c8
10de
f12
1540
1500
604
1c7e
eed
106
502
13c8
4c2
1bd0
61b
e5e
1729
12e9
40
1c1b
1608
1f85
549
177f
200
1ecc
7e8
1261
1540
5d1
1301
128
52a
1740
26c
1e49
148d
eef
1092
1dbc
b02
74e
c81
16c0
14c0
1ed5
33c
1c57
1e9e
e3d
998
1c9a
14e2
1131
1e08
100c
34e
1cf8
e22
14b5
1601
1d46
1560
1ff2
3a
118
1e38
f
1dcd
1632
1c62
602
40
a1a
9f4
f93
eb0
1a3c
1468
1e44
29e
1407
1c65
a33
1015
102
1342
1eb1
dd8
1b32
c98
1470
1ced
d56
730
747
626
d9f
8e2
10ba
d0
1243
3c1
1d30
822
1e02
1b30
1613
14c
46c
1e5c
14b8
1cd3
3db
a43
61e
ec0
ac4
dc2
1b2
9cc
157e
f95
43d
19a2
116e
b26
7ca
e08
17c3
a0d
45a
9ae
155a
1dff
1ebc
1ff7
1a02
288
1d6
6be
17c8
1a85
1672
55c
15e2
e76
1594
cf1
1c8e
1151
1e36
1922
783
14b4
590
1f47
15e
357
e56
6f0
14fe
746
1dee
1f06
d15
141a
aee
d90
1d84
1eb0
df8
fb0
d90
a34
41b
ec6
b20
1440
67a
1b72
32
1409
626
794
1b80
1a30
5b4
1446
11d7
386
2d
1f61
15b4
96
1bb4
816
86c
f9
162c
dc6
1439
172a
1554
1ea3
1bad
896
167f
1983
18d8
16e9
788
904
1a6f
980
b00
1ab6
19a4
d49
5d0
1da8
b95
1011
1011
11a4
1b88
176a
1e6e
4d8
99f
e24
4c0
2b0
1187
9a7
1092
1192
3cd
afb
812
f98
15a4
cc1
151a
bbb
c82
402
1927
1656
3d0
874
1a02
4cf
1fec
438
1ac2
dcd
1bd8
1f8
1b88
97d
1fc0
14be
5e2
147
88a
1b44
1077
d65
9c2
1d8
1
5e0
1e87
19cc
372
c52
4e6
1150
571
19d
1ee9
cb0
658
607
10a
148c
1f12
17a
f58
d3
19eb
8ff
80
c53
16ab
1c4b
703
1fc3
b21
101c
c1a
87c
c18
13d1
1e5b
1360
91
11cb
380
e93
e10
427
1d67
ce1
400
1e00
620
a0
2f0
1205
f65
6c
610
1c26
7ea
cd2
b03
1995
1365
1365
352
1e8
1914
a31
cb1
139a
414
826
5a8
1760
a30
101d
5a0
10d
400
1488
1610
47a
62e
bb1
a8
1656
138a
70
c08
88
62e
b98
18a9
a56
6a8
10e1
16fe
10d5
10b8
1cbd
1755
2a7
703
b1f
e6
1590
1978
1d98
eb0
12f4
163c
c26
137b
10ac
9ac
f30
12bc
14b5
ff0
1432
2f8
a9e
f72
1752
135a
16f8
6d0
1b58
b2e
148
1f5e
1758
95e
1b5e
aea
155
f93
72e
12c6
1759
d7b
d5d
1f77
19f4
169d
15dd
1ea7
103a
169d
1758
155
1518
16bb
1aac
1483
14a8
11b1
11f4
16d6
c30
c42
ac
1750
12a9
310
1822
7b4
17f8
69d
100b
1b18
50e
303
fd8
1b5
f38
1a52
119a
1218
a08
1cbd
6e2
1a0d
1020
1b13
13a8
1a18
1ccb
11e3
622
1b38
f25
e08
1abd
1a30
33
8
7e2
113
13b
1020
9e1
fe2
858
9c4
14a1
510
1b23
fd3
f23
1020
811
1b27
a58
1c60
1020
5eb
16cb
1690
7c8
330
1fdb
1b9b
1d3a
e20
11e1
11d0
1d7b
184e
c6a
b70
708
1e90
14f3
1678
a8
608
c4e
775
166a
1672
1453
6f0
1655
630
16a3
4d0
6ee
17ca
6e8
408
5f6
1410
c72
12a6
608
1573
17ba
4d0
1662
ca6
1171
7c8
1660
16d3
7f5
488
ae6
c90
13fe
6c8
c16
1662
771
1251
1588
16d1
636
4b0
1106
7d1
5c3
4c2
72e
1650
11a3
8c8
c08
595
58
1c28
e43
1a6a
439
1850
d4e
1c8
2e0
7a8
4e0
4a8
ee7
620
643
eb8
a34
7a8
558
688
1be5
c08
1814
8e6
1727
161d
644
2ea
418
728
ee7
92c
18ac
82c
1b39
fe
e06
80a
6b0
ee0
1aea
e27
844
c26
507
20c
e06
826
f40
d84
2a6
c2c
192f
82e
fa8
e56
1386
202
140
fa4
4e7
9e6
c09
74
ea6
e56
1240
895
1775
e2c
100
c10
1897
f94
1a38
204
810
c3e
137b
f8c
1704
90e
734
f84
ce6
c06
1644
c30
9ac
2c0
6
fb4
12e6
2c6
99c
120e
1704
818
1f45
f8c
16c6
8c6
1220
160d
1a27
c09
1958
26e
11e6
fa4
485
1834
1d86
99e
1534
e24
e9f
c35
1975
1d8c
12e8
1808
8e4
22c
1940
1834
10f0
930
510
81e
767
c0c
c04
1da0
20c
38c
985
800
1944
e6f
1767
1434
20
1bf4
1ae8
256
21b
810
1603
1860
1ae8
d6
110e
eb5
8cb
337
1c30
17a1
1e58
ad6
1b81
c78
33a
1e70
170
11a2
92b
119f
11f
475
138
93d
182e
12d2
1508
8f2
1ceb
9a9
143d
83b
1845
c6a
21
d95
16f8
8b0
1ac8
10f5
1650
9f0
866
118b
338
1c5c
160
1ee0
1d25
ef4
18e5
d59
f83
9a9
12b2
13a0
1827
1da5
17d3
17bc
173b
1418
14e0
ea1
78d
1f30
706
915
98f
1a65
80e
1aa9
1e2
ed0
817
1cb5
b34
3b0
8b4
434
f97
1426
10e
1b08
983
1b85
1ba1
db8
c16
128d
1aca
d1e
8b5
1675
e16
c88
4e8
42d
1598
1af6
856
ee6
a30
c66
985
1bcd
1b60
1341
9fe
1d37
b9e
15a7
1ae8
18b5
f1
16f0
737
cbc
280
355
21a
30a
971
f5
1ea4
1665
9b8
10e0
d4e
191f
142
c69
c58
e70
d1
1068
ba0
1a88
1b9
9a1
18e0
1b73
1190
13a0
4c6
18be
326
133c
159c
171a
e22
9a2
1782
99e
633
1668
c6b
19e0
273
14e5
1ad0
937
1ba0
cb2
1fa7
101a
829
b63
c36
966
61f
534
877
1ed5
1b18
8f6
ff3
18e2
41d
d1e
d7a
1eb0
567
ca8
1fa7
1e30
1468
1421
16c5
1480
f3d
fd0
1bf1
fd
1ef8
816
f60
8c4
30c
1ae
1eb
1d20
1cc8
c80
1a04
a22
122
2d0
13d8
1d38
1e8c
ef8
9ae
185
814
18c6
b31
18f0
6a0
983
3b2
f66
9b2
a18
42a
978
1631
11e9
8f6
161
74e
1208
19f3
78c
748
915
140
18f0
1f70
1be0
138e
12ee
1270
5a0
1125
625
1831
1e34
dbd
7dd
14f9
1a43
1e6f
a0c
1de0
17ea
1cf7
1c0a
1c34
1e38
17df
8ec
9ae
1cce
19e8
10e8
1bc5
1331
1748
1ab0
a6c
3d0
e88
1544
483
1450
10b9
e2a
11cc
527
eb2
10b
1658
194a
8f1
1d50
8e0
1977
1b7e
1d7
52f
1b8
d4f
66f
274
1c20
1d8
838
940
9cc
2fe
14ca
18a0
9e2
408
ed3
6c1
1c38
a69
c10
1678
9a8
c20
5f5
1098
410
2b0
14b0
49e
e60
6d0
10d0
170f
1130
1e0c
10c7
e0
128
2b2
aaf
9a0
18c2
add
c82
30
1a16
4b8
1378
a44
136f
38c
663
668
a6a
ac8
4c7
250
16fb
c87
660
308
86c
c6a
aaa
ada
fc
243
1610
240
d5e
1684
68c
aa8
b9f
a7c
f8
b01
1890
365
dbb
208
161a
93f
180f
e5a
142f
ae3
1878
173
a55
60e
13eb
1a8
1ed0
13e8
146b
e23
1b50
1b3c
25
2b2
1430
100f
9d9
412
1845
107b
74d
bd9
4f4
1f5f
1130
61
17c3
17f1
1ff1
be0
1637
374
17bd
19f
6e
1128
268
11e7
1054
1d75
93b
3f3
120a
8d7
1a54
1d71
4bb
14d0
a00
3b
1f94
e2e
aa6
b41
1983
1890
4b6
1f8e
5dc
800
18f2
8cf
1ac0
418
e67
c02
1b88
1cbc
aa1
918
a61
c9c
101
ba7
8e3
11c2
b13
91c
17d3
8fc
aa1
f90
a84
8a6
8f4
3d0
11c1
b90
c0f
218
b2f
1845
31c
b59
b08
1335
133e
e29
165
3ad
1d45
60
1cee
18c2
1ce8
e2b
14d6
cfa
c8
18fc
1f80
d8c
6cc
1e08
a6d
c8c
d17
1d8
10a0
870
1ed4
d05
300
124
100
258
f0d
dd4
502
908
3ec
680
1f00
de0
402
1e8c
f00
d28
638
1041
d4c
287
1e97
1240
1f54
1320
d01
1f49
69
c0
167c
c8c
1e40
c87
ae0
1d1
1f22
600
1507
ca
e00
90
200
691
1c00
aa2
c6b
1281
660
1f21
2df
9b5
1c42
c8
e02
1406
2fe
68
1edb
1140
66c
1e8e
1389
14aa
5bc
740
d4c
1e21
66b
1f4d
fec
144b
a6a
1b19
d3d
1188
501
240
1e6c
2ad
1772
4a5
335
ebf
d80
1308
1ca8
b39
66e
c40
13bc
203
1fbc
373
d72
e60
1b9d
1a8
17c5
1208
d60
2a1
244
1ea1
1478
1229
fd0
128e
700
1a29
1b2b
1590
c01
1411
3b2
1cf1
1e12
e90
156
10ab
1753
10b5
1e2d
1280
b11
1566
1a5f
1340
158f
c99
1c51
2b3
1974
494
bb
1f00
1518
e04
1f3
1351
d90
b71
1a1d
b82
1ef1
1340
143e
e95
148
1899
1782
2a8
1a29
86
1d5e
1e69
648
1e07
1d00
19f
c37
11a9
1269
a29
1369
a21
21d
12a3
b4
1045
1f7e
6a8
1405
1e57
1b68
640
a8e
78d
f45
178b
dab
1ba9
1bac
3aa
c53
1128
1f88
da8
1385
94e
fad
45f
188b
1741
11ea
f74
10f7
1662
215
1fb6
1b70
754
c83
1ba6
9ca
1f2c
14c8
1540
19d1
20e
13fd
1624
28c
1849
900
3c6
ba1
518
7
7ce
1f94
17ce
1540
1eb1
1d00
1671
1532
c5f
272
30
12c5
c18
1bc8
18a3
1114
b38
1a91
f00
17e6
1738
ec4
c80
1a9d
3fa
12c8
19c4
aef
1c14
18b8
cbb
12c5
c18
cf
5e8
1c37
e81
f00
ac4
18a7
11cf
cc7
1c1f
d52
3e8
337
e80
70b
1b9
a0f
2d2
4ed
ce0
1d0f
c2
d88
1304
d72
1390
13f7
dc0
31b
2d8
b60
2c7
d80
1f5f
f09
143
16a
e20
a71
7af
1c56
2c0
2ef
c13
1cef
808
f29
1d7
118
1579
17cb
10a8
1a
2c1
78
244
223
f49
1872
128f
1e1
1718
1b0d
6e9
1dc9
bed
de6
1660
34b
1d14
3e0
8b
1448
dda
1f1d
11c8
10cf
11cc
120d
108b
fe4
d08
113a
2c3
a9
70a
d09
605
dd8
6ec
e06
925
1ea5
d38
e84
c74
1e8
13f6
c0d
2e6
19e2
1a1
b8b
1df7
cf7
10cb
63a
fc6
bc2
1f77
7b0
14d
5f1
729
1331
78c
5b8
2cc
1519
e41
41c
7e9
d80
223
1320
201
ec1
36a
1d19
164e
1ad
818
43a
fc4
1125
cb3
1634
1c6
1fe5
1d58
4a4
240
179f
1000
1fe7
109c
1e02
116
501
188c
1e80
1060
1a03
998
1cd4
1f3e
37e
10cd
1e84
605
30d
168
1fe6
1c68
1b02
506
1b64
126e
2cd
5d8
dba
304
5d8
1f11
13
cb8
542
116f
c28
7e
1c35
1a80
4d5
1a0
a84
1132
1f19
1041
1178
c6b
502
af2
1b80
17f3
f7c
300
198c
68
d3c
1d32
5ac
d38
237
3c2
198c
c41
a52
1c7
1024
1640
c67
180
13c9
1612
dd0
1e28
880
204
98d
45b
1e94
a50
bf4
1015
400
437
12d0
1683
1268
41d
f70
1618
17dd
288
213
688
122e
1a1e
b42
eb2
180
1a0
a0f
1511
1c22
115d
1ba5
30e
5ec
a55
162a
666
1b08
60
748
1618
c66
1c72
338
27f
3c5
560
44
236
a56
270
1f48
90e
f49
1948
f1
15c6
d1c
15f3
ba0
260
6f1
1a28
feb
224
103
3a8
5a0
1054
8d6
ff7
394
10b0
15d4
6fe
1cab
ccf
135a
1da2
2e1
647
18c8
208
bc4
18c1
13aa
6fd
1e38
d2c
633
620
c84
1be6
4ba
c94
1a10
582
6b8
1fa
1c4
10a
1a8
218
1a68
e3e
19c8
818
1089
40e
118
418
12a7
59a
9e0
218
174f
fd6
160c
1856
378
1c08
1317
1058
1c28
121e
3e5
218
bcd
68e
2d0
e20
1aa5
1d9a
d2c
10fd
13a5
10a0
1d00
218
a4c
104
935
6df
ce5
e5
330
11fd
1280
1001
600
803
f2e
5f
1130
1225
1018
13fd
1040
1a35
1f40
13a1
22d
70
10a5
1328
1265
ffd
1130
1c05
1f49
2e9
1dd8
202
18a
13c0
102e
1f25
341
28
1d02
8d
1048
13c1
1e0d
360
1c69
1380
3d
1001
3e0
1c25
20
1205
1148
12f9
3c0
101d
198
1d42
1221
68
1e45
338
1c39
285
429
1053
1000
a63
1dc2
45
568
1056
1000
1aa5
13fa
109f
f40
1be6
1591
3d0
a31
683
119c
140e
10b1
1603
10b1
402
13e3
965
102d
1102
1225
132
18aa
102c
12a9
1726
1692
879
14e7
1093
618
1352
a25
10f3
883
17d9
1224
10ef
10f7
ed7
1020
f92
16bf
364
702
16e4
830
12b8
2e1
6cf
105
8cf
1c84
23e
d6f
6b8
1b07
1026
10c2
427
10f5
1489
1224
177f
1703
1800
688
1ecf
f2a
100
417
1026
12fb
364
c2b
1141
708
1ecf
403
b38
182a
1e2
ea2
16ff
d02
6c0
868
1826
858
4c1
1592
698
735
b10
4f0
d11
4c2
2a0
15a0
332
4b8
1b26
110
17a2
4b8
15a0
4a0
14c8
760
527
e0
5a6
4a0
ac8
1527
560
1460
6e0
2a0
410
1fa6
15a1
858
1b8c
1aa0
1532
4d3
298
1135
b6
1a47
16b0
160a
551
348
2bb
1001
1a7a
40d
1319
421
148
f02
109
225
28b
221
16c1
112d
227
1a6c
a06
2a6
83e
1026
91f
1461
1019
12ac
c63
33b
1e0b
1362
10b0
1431
194
1125
11
1303
3a4
101f
1741
134b
49f
113f
264
1309
1163
3e1
20a
120a
111f
c5f
361
222
d75
336
360
1101
1752
1211
14a6
1111
14e
a96
364
1d1
8e5
1351
2b0
1135
1025
314
860
b2d
29f
1288
221
10e1
1138
1357
560
1f6c
540
e98
211
f98
1119
112d
27f
36a
567
1c65
1758
1fc4
1901
419
7e8
1f8e
10e2
4e7
1e82
167a
12c9
430
1bc5
d98
21c
16fb
9b0
13a0
cb4
1451
5cc
e98
15b5
1585
17ad
168c
ecf
1759
9a6
7b1
10a
c0e
1966
1990
1232
1890
62c
198b
269
1053
58f
1628
755
1857
9d5
d94
aba
40c
1a7b
6b5
9a3
a79
e0a
a08
cb2
109e
4f0
1f7
1a55
17bb
18fa
49a
7bd
1ee0
e0f
1513
1c2b
318
1e3
1a68
1c23
1eb2
865
1ecf
60
c81
163
85d
144
1a9f
17b8
1db9
d66
3c7
14e9
1c56
11e8
1ae0
1816
11b
a10
1e83
3c3
c10
1c2
ff0
1084
44
178
1f3a
1780
318
160b
17d0
13c6
1d04
56
980
7dd
1e4a
1e8
1b20
f82
df8
1044
1687
70
c4f
717
12bc
14df
164
178
67d
12e6
201
13d1
10
720
1ebd
1eb4
a7
1e56
1258
198
13e0
c48
c61
d48
c42
9c0
126d
d94
850
1a7b
843
1903
286
191a
881
1087
9b1
1294
18f9
9e
a17
1393
9c1
2b5
1872
1894
1219
10b8
283
8e7
1522
f29
1538
130f
1663
78
105d
1e2a
12c8
809
1278
22a
ac8
1220
c5
1ef0
1254
418
117c
c20
5f2
102a
1253
1245
1f0d
8bd
a74
80
137c
68
103b
223
12d1
25
302
1ec5
1313
1436
12be
fd1
2c8
1638
fd2
1390
1356
10b
d43
121f
7e8
98
759
53d
581
249
1271
600
1623
6c4
18c8
1423
1c40
e81
1548
199c
28d
359
1981
c10
1fcc
1c18
1e07
1626
1668
1ac7
981
15fc
f8
13b
f50
1441
478
383
1537
1e47
10a
eb4
d4f
15c2
1f48
1680
1b0e
1ff2
c74
9ab
1a8a
9bd
c18
bf1
ae8
1ffc
e34
c8
c47
908
a6
a57
1960
89
824
1027
558
1424
560
396
700
9f9
12e6
897
160e
1e43
1c4c
78d
5a2
199b
149f
300
531
106
1fa3
4fb
892
774
901
aba
1ff3
fa0
596
1e42
e58
7ad
13df
295
9d5
1898
1c9f
136
df7
b30
54c
f81
1378
273
1e48
55d
1bf4
1fda
1417
1019
cbe
1f66
436
43
35e
1b08
535
143a
94a
13
e40
270
648
1052
4c
240
1434
7da
5e
3c1
3e9
144b
3a0
1e41
6ee
1553
1c17
1a49
1a4c
1365
1348
e9c
18d2
1d1d
1ec0
14d8
1b1e
1ed2
1f3e
204
1c6
1453
f47
40f
c43
f28
143
1621
c54
5d0
648
4
be7
2c4
1629
16a4
d46
232
166c
9d3
1028
3df
cf1
e1
430
d3
144d
d97
62d
11e6
600
e2a
1342
1038
6c1
0
e25
ace
ec7
5b8
17e2
d4
d90
1cdb
f00
25f
6d8
a1b
ec1
4a0
984
cfa
17e5
1152
1c9b
d52
10f8
1b14
20a
14
6d4
e4a
2a0
1c64
1ac9
358
1579
30f
c52
1766
c12
a9a
18e2
35
1bf2
ccc
18b5
80c
14f
756
168c
1d5
c9e
357
179f
8c8
6cb
12d
1d27
18ea
1ce6
301
16a6
107c
286
f01
1062
1ce8
6e6
1705
424
1116
1c45
1477
e36
1740
1366
2c8
5
3d9
83a
1d37
1b68
1269
17e8
1602
438
529
8e8
14d0
d1
12e8
81a
1650
614
1698
160f
162a
599
5a
1660
158a
c2
d5a
a9a
10e6
174a
70
d2
1410
6dc
1548
1453
791
ac
1488
12a2
1719
1430
1b56
c08
2a5
580
f04
639
58c
1601
5a0
a84
18b0
193
1450
5f8
f77
1ca8
1443
1eca
b81
20a
603
5e0
19bc
1c80
2f2
c9a
460
180b
27b
1e4a
f60
1f36
1e93
c62
13fa
a72
83
48e
438
fda
78f
88f
c8
11ca
cf1
806
800
187a
64f
1624
18ea
1a04
1641
1420
c0
806
1c1
a9f
1724
185a
7
601
1884
1a3f
8c7
1e49
6c1
1e0
1934
41f
2
d0f
126
1006
341
1617
156
9
213
9e2
127
1807
604
1aff
1
3d1
19c1
208
861
20
a1f
1a50
174
16d3
1298
1e18
18b8
60
a28
1a83
618
79f
813
560
bfd
2e3
1d43
103c
1018
1d77
686
1408
1b94
1d0d
1ccd
84
b3e
108
ea3
18fb
1ac4
c5
a01
1c1
19f8
1101
1d20
10bb
a30
1cc0
1044
1900
1e3c
383
1a3b
b
1cf6
135d
1c20
c9
1bc0
172a
2d5
13cb
1ed1
cd
1be1
1318
1ccc
1e1d
1bc0
128f
985
1225
22f
1283
1ef4
1b30
1cec
71d
a08
1aa
1483
1e86
189c
1cdc
1ab8
1391
e13
1e14
830
e03
1cfb
1d02
1c19
1a90
1578
131
f86
1838
1081
30
dba
1dbb
9df
1238
a38
d95
143e
f1
1440
1b03
c6f
19f6
e38
1afb
1700
80f
9f8
1a85
cf1
17ff
2f7
99f
fb
1368
1a40
d40
e88
1c85
14c
81
72e
1c9d
1c06
e21
887
1763
ec8
c7
bca
14c3
330
1eb
1443
1cb5
2bd
482
1439
d08
1e98
1710
929
