69
b4
69
b4
69
b4
69
b4
69
b4
69
75
30
3b
8
3
69
b4
69
b4
69
76
39
32
25
35
d
1b
69
b4
69
78
1f
d
27
47
0
12
38
4d
3a
54
39
5b
27
33
a
4
1d
20
2d
3a
48
61
20
39
2f
3a
37
5a
0
9
31
3c
1b
22
2c
1c
1b
1d
13
35
f
25
37
54
20
2c
34
4a
20
31
20
14
40
49
1f
2d
17
2
31
17
9
27
1c
31
28
33
26
35
19
3e
1a
1a
1d
3f
23
3a
1d
22
b
21
28
1c
0
0
23
3d
b
0
28
23
0
16
3f
3f
19
1f
22
3e
1e
2f
28
3b
19
37
32
56
19
24
21
3e
29
46
1e
1a
2a
26
20
40
23
2f
28
20
3b
3e
2f
1b
1b
31
45
35
32
2f
2a
30
2c
2a
1b
32
10
14
25
2b
38
3c
35
42
1d
34
10
1b
0
22
2f
37
1a
30
2b
24
41
42
1f
28
2d
56
27
1d
38
36
30
30
30
34
3c
47
39
4b
e
7
1c
2e
10
0
13
5
25
30
47
3e
2f
3a
2c
28
24
25
1b
30
36
3e
33
47
1d
1d
24
3a
21
39
4c
55
33
54
31
41
3a
4e
27
4b
17
33
2d
4d
4d
56
47
6c
16
2a
d
23
27
2d
29
1c
18
4
37
50
20
48
36
43
0
1e
8
2b
2d
2e
2b
2b
37
48
15
28
3a
44
2e
30
c
1b
22
31
30
39
3e
5d
35
58
50
68
1e
22
28
1d
29
21
34
49
33
27
20
34
15
13
8
26
4a
47
40
45
33
38
37
3c
15
a
39
53
32
3f
21
23
42
55
3c
5a
30
42
26
4e
33
51
34
45
7
0
27
28
2b
37
37
54
39
32
31
2e
22
1e
1e
1c
33
3f
2e
47
49
71
23
34
23
39
35
54
1a
29
14
30
12
19
2e
14
2c
40
30
3c
30
43
20
2e
29
49
28
40
2f
2
35
48
16
1c
31
3d
1f
37
24
2b
25
2d
25
2c
32
3a
38
61
29
28
f
0
35
53
39
45
2a
20
26
26
3e
4c
10
5
11
1b
2d
2a
14
9
32
44
33
3d
33
2c
29
36
f
1
27
24
38
3d
31
4c
37
48
2c
3a
3c
55
1e
19
43
40
37
33
29
21
30
39
1e
1e
1a
d
2e
38
24
9
34
22
32
47
e
1b
2b
24
1c
29
1e
16
c
0
10
14
25
18
19
22
3
d
22
38
2b
29
32
49
d
0
1d
1c
24
26
1f
39
f
0
25
17
21
28
0
14
36
40
24
39
18
1e
29
24
3d
3e
1c
20
13
16
1e
1e
15
0
20
36
2e
3a
28
42
4
24
27
37
31
30
24
22
c
0
2a
35
2d
41
12
25
13
0
0
8
1c
1f
31
42
27
33
3c
51
21
37
10
22
32
4f
2c
4a
23
2b
27
42
33
37
1d
25
20
19
30
4f
37
3f
30
2b
28
3a
25
18
32
37
2e
4a
1f
13
37
4e
46
6f
29
16
17
1c
1b
1c
6
14
15
2f
18
e
28
3f
39
36
d
20
9
a
1c
33
10
28
12
15
44
64
34
37
37
44
42
5e
36
44
2d
2e
2d
4b
22
3a
25
27
26
48
2e
4d
1d
1e
3b
54
e
0
2e
3f
2a
2a
23
45
2b
47
36
2b
21
30
38
43
1c
26
27
42
39
3c
3c
62
31
36
3d
64
21
2f
3a
44
2f
15
5
0
2f
51
b
19
1c
2b
16
18
8
f
24
42
32
31
15
19
21
2a
37
33
32
50
22
2a
2f
45
25
2d
27
1d
2e
34
33
46
34
42
1c
22
1f
3c
37
36
1a
21
34
48
29
2a
3c
51
25
32
10
1f
1a
5
23
31
1e
9
0
d
40
4d
27
2d
1c
a
2a
29
27
45
d
0
15
4
1c
2e
32
44
2a
3d
30
3a
39
67
46
24
28
22
25
23
2b
29
33
3f
3b
4b
12
2e
1d
30
18
12
33
4b
21
10
f
20
1c
32
16
18
22
47
2e
42
1b
14
1a
27
1e
35
27
1f
3c
5e
22
35
2f
33
30
3b
c
14
1c
0
36
42
23
41
42
4e
3b
39
31
4b
2e
20
47
5b
2b
3f
3d
46
32
3a
42
5d
1b
1d
37
3a
2f
2f
39
4a
21
3b
22
24
40
59
14
23
38
30
39
4f
35
39
1f
33
35
33
36
3e
34
32
d
0
31
36
10
1b
41
4f
1e
36
23
18
27
1c
27
35
37
4f
31
50
1e
0
21
37
32
3c
1
12
42
5c
38
1f
32
47
19
27
1b
34
1c
0
31
1e
1f
0
a
0
33
33
2d
23
26
43
1f
12
22
2e
28
1f
35
41
1c
0
26
36
14
f
14
6
36
40
1f
2d
26
34
2f
2a
42
30
39
32
34
39
1a
3
e
b
41
5b
15
2a
2d
3d
4b
58
1c
1e
3b
40
3c
53
14
c
29
40
2c
1e
41
5e
37
37
17
25
35
46
10
2a
3d
47
2a
29
2e
42
25
23
1f
31
41
47
34
31
32
55
2d
22
20
1d
39
2f
2c
8
2c
43
f
21
17
1f
21
32
23
33
26
4a
33
45
24
38
2a
27
29
37
26
41
16
25
3b
4c
33
41
36
40
30
42
3b
46
2c
3b
29
39
3a
49
27
3f
2f
27
20
34
33
4f
3c
54
1b
37
2d
39
3f
54
41
29
2a
2a
27
34
38
41
43
5b
1f
38
8
18
46
3b
38
5d
1d
5
0
3
38
2a
3f
38
32
f
2b
21
36
32
12
27
2d
2d
22
29
48
72
28
26
28
27
1f
40
16
21
3c
5c
1e
43
38
4d
2e
2a
30
26
29
2c
1b
2b
29
3b
8
0
23
39
3c
4f
1f
2f
24
40
4d
69
30
44
30
3e
35
3e
2d
44
38
3f
3c
4f
14
23
34
2e
2a
38
1c
2c
1e
2f
d
27
17
2e
1e
1a
37
42
9
d
21
2a
13
2d
c
0
1e
2d
23
3f
6
13
38
3c
0
8
1d
19
2a
23
1b
25
23
2a
3f
4e
32
47
34
45
3d
50
31
3b
28
39
38
49
27
39
36
4b
2d
3b
27
28
30
38
29
49
20
21
1b
24
40
4d
30
4b
3b
40
2c
37
27
44
e
2d
30
3b
14
12
32
41
3f
46
3e
53
29
2c
43
5a
16
36
26
3b
1e
51
30
38
40
6a
17
b
31
43
2a
28
43
6b
21
39
38
42
3b
52
31
52
9
5
25
13
2d
2a
30
48
38
3a
22
2e
34
35
30
34
2b
3a
15
2a
34
4f
47
5f
34
3f
22
35
1d
22
30
2a
21
31
2e
1b
34
40
32
38
2a
33
7
23
16
27
29
1c
2c
3f
19
2e
32
43
2c
36
32
47
2f
48
2e
30
28
29
f
24
17
2a
30
28
21
37
2b
4c
2c
38
25
30
38
4b
2e
31
34
41
1c
1b
1a
17
2b
34
18
1c
29
d
0
9
e
0
15
2e
2d
3a
41
53
28
2d
25
3c
26
a
11
0
2c
4f
22
14
14
10
0
f
0
0
2c
16
27
21
1a
11
1c
d
42
49
3b
4a
2d
1b
23
24
12
1d
4c
44
27
30
11
25
40
30
1e
20
23
27
44
36
20
2b
38
4f
1f
22
31
48
32
50
2f
3e
22
26
19
2e
16
2e
34
4b
21
3e
26
26
2d
30
10
23
2c
3b
1c
1e
36
21
26
31
2e
39
3f
4f
23
37
31
4b
3a
43
2e
3d
32
40
3b
4e
1d
2c
1e
16
1c
32
29
12
16
d
27
2a
0
6
24
2c
30
3a
26
2d
31
4c
31
18
37
2c
2b
2b
2d
25
24
30
11
22
38
59
33
48
2f
34
36
1d
26
2e
19
4
18
5
33
4a
23
37
13
19
19
2b
2d
47
29
3a
2e
32
23
29
2a
12
32
4f
18
21
31
48
2e
45
23
12
31
47
18
1b
2b
50
2c
35
2d
28
34
48
35
49
44
3f
2c
4b
40
48
33
46
23
2f
38
54
1d
23
28
3e
11
2a
26
15
33
3c
2d
29
20
2a
24
25
42
5a
2b
36
30
44
3a
50
38
35
28
2e
35
41
3e
2f
9
1e
29
39
2e
2d
2f
35
1a
15
30
45
29
3a
3c
41
29
3a
29
38
18
24
23
2c
2d
2d
2e
33
22
30
29
9
1a
27
3c
50
3c
4a
2d
3d
11
14
2c
23
28
31
2c
41
1a
10
3c
52
38
1d
2c
15
1e
49
2a
27
29
20
30
53
35
36
25
39
1c
2d
4
11
f
0
22
22
39
4a
2e
41
29
39
16
1c
2c
14
22
38
1e
27
3d
59
21
33
2e
27
36
25
1d
7
28
1b
1f
32
30
38
39
4d
34
29
39
23
16
1b
2d
42
2f
44
36
3a
1c
3
1d
1f
2d
3e
24
5
12
0
43
47
2f
30
2c
3d
2f
32
0
0
28
15
32
21
27
14
d
f
1b
25
35
2e
c
0
32
3c
2d
3d
25
32
2e
3d
1f
16
32
3e
22
47
23
24
33
37
29
2c
3f
46
3c
46
25
2e
1c
18
23
17
2c
2b
34
3e
21
31
17
7
41
5c
32
41
16
1d
32
40
2e
48
24
3c
16
2a
2f
3e
33
43
3b
4d
34
3c
3c
45
30
10
1
0
35
2c
22
17
35
3d
30
24
22
24
32
46
2a
34
2c
3b
14
27
37
44
a
1
12
10
28
22
2b
14
2f
3a
20
2e
2e
44
1a
12
30
38
23
2f
0
2
1c
1a
2f
44
34
44
2b
3a
3e
36
2b
3d
12
5
2a
40
22
25
30
40
c
8
14
22
1e
20
32
33
23
2e
8
9
2b
44
37
3b
30
3f
13
16
14
1f
33
43
11
25
21
34
26
2b
10
c
29
34
31
32
33
42
2c
44
2b
2d
31
50
2e
3b
3d
60
1c
22
35
40
3a
4e
2c
3d
11
f
26
30
31
35
15
b
1d
22
27
2d
9
0
20
30
7
20
13
0
21
11
30
31
2e
37
20
1c
36
3d
d
36
2a
2c
3b
36
32
65
11
18
39
48
a
5
9
22
2c
35
31
52
2f
40
23
40
13
34
1f
2a
26
2a
36
42
2c
37
38
32
25
1e
35
2d
29
1f
10
19
32
29
3a
64
0
10
34
39
32
37
37
45
2c
3a
2a
42
9
e
3f
2d
28
41
1b
2b
3e
50
3e
55
2d
3b
30
36
22
22
2f
3b
28
44
27
24
1f
22
30
44
35
41
24
37
38
55
18
3a
22
23
27
48
23
1b
32
44
1b
40
44
4d
16
24
3a
4f
48
4d
3f
5d
29
2c
43
6b
28
37
21
31
1b
19
32
36
4a
4f
3b
58
2b
3e
19
0
25
3b
a
12
34
4f
33
2c
22
1d
40
41
23
b
39
48
32
43
1d
2f
2e
2a
34
46
d
d
23
41
25
47
14
1b
28
30
23
3b
40
43
42
48
b
1a
29
44
35
37
29
b
c
1f
2d
3a
2b
b
21
3d
23
23
1c
15
2f
4b
25
4a
6
15
1e
1
2e
21
2f
1a
1b
37
1d
24
39
42
32
49
29
34
1b
27
33
42
12
15
2b
31
30
2f
23
31
2e
26
38
52
b
1c
33
50
1e
14
2c
46
30
38
21
1d
30
3e
2b
45
2d
44
26
43
34
38
20
31
38
47
37
4c
2e
34
12
25
28
3e
3c
56
31
40
2a
2c
3f
45
2d
3c
30
2f
2f
2b
18
9
1d
12
27
30
22
34
31
47
38
45
39
54
24
23
29
35
e
1d
2d
36
33
35
31
23
14
f
12
1f
21
1e
34
36
2f
33
17
28
15
27
16
35
2f
3d
46
53
2e
2c
34
47
33
2b
1b
24
23
32
1c
26
2c
2e
39
60
3b
4c
21
1d
6
18
22
1f
30
47
25
24
14
1
11
18
1c
25
24
4b
41
64
24
34
22
f
13
27
23
37
26
38
23
f
1a
1f
1e
e
24
24
26
27
a
14
23
33
27
26
3c
27
19
23
f
2d
13
24
21
2e
b
8
36
44
37
45
32
3a
28
34
d
0
35
43
2f
48
3c
40
17
1a
f
7
26
49
44
3c
33
36
f
18
36
42
44
4d
1f
16
22
3d
15
0
3a
20
25
36
11
1b
14
10
36
4f
1f
11
3b
50
31
45
2c
38
22
2e
33
30
8
12
10
2a
1c
29
22
9
2a
2a
3c
29
2e
42
3a
45
e
0
2c
49
19
1a
42
37
31
23
1f
12
1e
24
26
3e
1d
19
d
23
41
48
34
36
21
36
11
2a
2d
4c
29
46
2f
42
13
f
2f
2d
3f
61
25
38
34
29
31
3e
32
32
3a
21
28
34
32
1c
3d
58
24
36
23
2b
10
10
34
5c
28
4a
25
38
30
38
10
2d
29
27
33
5a
11
22
20
3e
1f
39
30
38
24
30
0
6
e
38
2c
31
1f
34
5
21
2e
39
31
40
23
23
31
46
1e
28
16
4
32
39
2a
13
2c
4c
34
53
39
3e
e
0
26
31
26
30
2c
24
2b
12
10
11
51
5b
24
34
3b
3f
1e
3a
3f
49
25
20
31
b
1f
4
2d
23
2c
26
46
45
39
32
42
63
35
3d
2a
3c
24
36
12
39
35
36
7
1d
2c
39
3a
50
1c
34
21
31
1c
1f
22
24
13
25
3c
51
28
3d
22
1b
37
4f
28
3e
26
35
20
13
32
2c
22
30
36
43
20
26
22
2e
37
39
31
22
3e
49
11
d
42
41
23
2b
2c
25
3c
5a
2c
36
1b
2c
26
2f
37
4d
31
3d
41
3a
21
30
3e
58
22
35
30
47
3f
41
13
c
22
2b
36
33
40
5e
26
14
35
3e
1b
2d
28
36
20
3e
8
1f
15
c
36
2c
39
3d
1e
3a
21
2b
33
43
29
44
39
4f
34
4b
2c
42
2b
4b
2f
37
26
20
15
11
33
45
2c
39
2d
36
45
3e
37
3e
f
19
2f
31
e
29
2e
4b
23
3c
40
67
15
33
2a
2f
22
3b
26
21
4c
47
2a
52
3a
40
21
18
2d
36
15
39
32
4d
1b
45
36
30
40
56
d
1a
32
3f
34
49
20
34
27
33
29
28
30
34
34
41
2e
39
22
39
2f
2a
29
42
3c
3c
31
42
33
4b
c
17
2e
35
33
3f
2f
3a
38
3e
2c
34
36
31
3b
4c
34
52
1d
19
25
21
0
18
1b
3d
30
3d
27
36
24
3d
28
0
2b
38
37
46
35
44
31
4b
31
31
7
0
24
34
39
3a
8
22
17
13
25
23
2f
13
34
21
3c
39
19
2a
30
48
19
21
30
2d
0
c
2a
40
22
1f
36
20
7
19
c
0
c
14
2e
2f
23
2b
18
1b
30
1f
c
37
36
47
24
1c
1f
1f
26
1
2d
2d
1c
0
2c
0
1
0
34
24
27
2d
2a
42
23
3c
28
1f
e
0
22
5
35
33
10
10
11
12
25
22
25
1c
24
d
23
2d
30
21
36
23
2a
3a
32
3f
26
2d
30
40
35
9
35
40
2a
38
3b
31
27
39
28
3e
2e
2b
28
26
2c
1b
28
41
2d
30
28
1e
11
e
2c
2b
22
32
1a
27
33
46
2d
1f
1c
31
29
33
35
2b
1e
17
31
2f
31
43
1e
2d
35
42
35
3b
17
20
36
36
25
37
34
4c
35
46
26
3a
24
2e
26
3f
34
3e
40
59
2e
3f
c
18
f
b
24
31
2c
37
1d
e
33
3a
2c
32
34
52
1c
32
38
2c
f
24
2f
4d
29
38
2a
3d
31
47
21
30
3e
40
22
33
18
23
1e
33
1e
32
30
33
19
22
17
1d
29
33
35
42
23
2f
e
17
36
44
34
e
28
3b
22
23
3a
4c
17
18
a
22
2b
18
37
48
2c
22
28
2a
18
22
28
38
25
f
2b
2a
1d
6
11
0
24
2f
0
a
18
1b
1e
17
1e
29
2c
32
36
44
26
42
30
38
16
11
3d
42
32
43
2c
2c
28
37
27
13
2a
2d
41
48
2c
4d
24
2f
a
0
3a
4e
2
0
23
17
2d
34
2e
3d
c
12
34
41
21
17
1f
36
19
20
2d
2b
32
2d
24
30
1f
1d
1e
16
22
3e
24
0
38
46
24
3d
16
23
1e
27
2b
3c
29
3e
13
2a
32
47
c
e
23
2a
27
1e
19
29
1e
2b
21
28
19
15
2d
2b
39
48
2c
49
34
3d
36
51
2a
29
23
36
27
27
37
40
36
54
36
50
1f
20
1a
25
1d
24
1e
29
32
4a
3c
26
34
13
27
1b
1d
6
3d
37
20
34
e
10
1c
37
22
38
22
41
2a
3b
24
35
2a
51
11
0
37
51
2e
1f
3d
55
1f
31
26
39
1d
28
2d
24
1e
2a
28
35
22
37
20
28
1e
2a
26
38
2d
35
8
4
10
21
31
34
22
2c
2d
50
22
3a
17
33
37
42
c
2d
2c
34
2d
2f
7
0
2f
0
3e
6b
26
47
3c
54
5
1
33
20
29
28
3a
3b
f
17
2a
3e
39
2f
e
18
e
12
0
a
2b
34
17
22
2b
28
3f
4d
1
1e
30
44
b
16
1a
0
2e
3e
26
19
3a
41
28
29
27
3e
27
40
26
33
1d
2c
3a
35
11
1e
2b
39
1e
40
17
17
7
11
3e
68
34
35
2d
1a
2b
30
18
19
46
57
2c
2e
37
5b
d
10
42
59
2f
34
2f
4b
1a
2c
21
12
14
5
22
2a
23
4c
3f
57
31
3c
28
37
24
30
26
3d
5
1e
2a
36
21
2b
14
2f
30
41
2d
3a
1d
17
14
30
9
27
2e
21
20
2d
1a
28
29
42
2b
2e
1c
a
33
48
38
4a
2b
36
31
2e
32
39
2c
3e
33
40
2f
4b
29
3b
19
26
10
3
b
0
21
2f
2c
50
37
3e
2d
30
2c
3c
33
26
2c
36
23
35
9
10
2b
36
39
2f
21
33
37
2c
8
17
2b
22
18
39
30
35
32
2c
27
c
35
3a
30
4c
39
32
16
19
d
14
25
3
29
25
2c
0
26
30
32
4a
f
18
16
18
33
29
28
2b
21
2f
2c
40
3a
48
3d
40
1f
2e
34
3c
2c
40
3d
43
37
3b
37
32
27
1f
20
26
1b
9
2c
31
27
29
1a
22
30
40
24
1b
2a
2f
30
41
27
3f
28
3d
34
33
2c
33
34
26
10
d
2b
33
34
43
23
43
28
3d
17
1f
30
3c
24
1f
13
15
33
32
38
45
30
34
3e
4e
1f
0
22
26
32
16
31
2f
33
32
26
3e
2f
30
25
2b
2b
3c
8
0
2f
3f
44
59
6
22
29
29
38
58
20
2e
24
37
3a
58
33
45
2a
37
12
35
35
4a
8
0
2e
1e
4b
43
31
43
3c
39
19
1a
2c
35
1a
1f
3b
34
20
39
2a
2d
37
4d
25
38
40
3e
26
15
35
38
4b
5a
1d
34
3a
28
2c
11
33
3d
18
0
1f
33
3d
3e
24
31
4
0
30
30
3a
40
32
26
38
46
2c
38
2d
6
30
3b
31
2c
39
59
2b
29
39
4c
23
32
14
27
34
47
37
51
1d
33
21
0
42
58
2e
3a
2b
2c
1c
29
39
4e
2b
23
f
26
31
29
27
30
35
4b
2a
44
2c
25
2f
42
29
32
15
28
3e
53
30
59
26
2a
26
33
2e
36
3a
69
39
53
43
63
2a
3a
2a
5c
35
29
18
26
44
44
22
3f
1e
36
35
53
31
50
35
43
23
24
d
21
28
2a
15
1f
1d
26
28
2e
7
14
19
16
d
1c
19
29
22
23
14
a
14
20
13
6
28
3b
37
2b
30
4a
3e
51
f
b
26
28
38
48
2e
2e
2d
34
2c
53
43
47
41
66
2f
1d
0
1
20
3e
32
44
2b
18
2b
3e
2b
2b
2c
3e
33
34
1d
25
13
26
2f
40
2e
49
1f
33
28
41
1d
21
2c
39
0
0
1e
3c
2a
3e
34
43
2e
39
35
42
37
3e
c
15
19
17
36
23
2b
36
2
5
f
0
1c
2a
20
42
36
27
1b
14
28
2a
1b
a
14
17
34
43
2c
1e
14
22
2f
24
29
17
29
41
1e
11
30
39
33
4c
36
58
30
21
22
b
2e
3f
1
0
26
3b
36
45
34
50
37
3a
33
30
19
1f
20
18
36
41
15
26
1b
2a
32
46
1e
2c
14
20
3e
51
28
38
22
3a
2e
44
26
22
22
21
16
21
24
39
24
36
32
3c
2e
43
2c
4a
23
23
27
2f
33
42
26
33
1e
31
24
39
37
50
25
19
33
35
33
51
3b
2c
30
35
20
30
28
29
2e
42
35
44
35
44
28
28
23
1a
30
26
38
45
27
33
2b
1f
29
1f
1e
1d
29
34
2c
47
23
24
30
35
2c
42
3a
31
13
3
0
b
17
2f
2b
1a
34
3e
34
3d
2b
3e
38
2e
37
48
39
44
3
5
32
46
26
13
27
3e
7
15
1f
11
1b
2e
39
5a
23
33
b
1e
12
33
3c
5c
1c
27
29
3c
31
43
38
47
34
4d
2c
46
2f
45
31
46
29
27
1d
46
d
14
28
28
1a
36
34
26
37
53
13
24
19
2e
2d
3f
33
4c
36
2d
31
41
34
2a
13
0
33
26
36
44
22
15
16
15
21
39
2d
28
2e
34
24
19
1c
23
37
37
0
1b
1a
28
2e
4e
3b
55
2c
34
27
2f
28
40
41
40
30
28
1d
b
23
36
f
12
2c
44
31
40
3b
42
2b
19
1b
1e
29
43
13
21
25
24
1c
29
2d
38
33
51
2a
4d
36
31
2b
15
36
29
15
11
34
4c
2c
3f
47
61
2e
40
e
1b
33
45
36
53
2c
45
1e
22
3d
49
39
3c
35
4e
37
57
39
58
37
4d
14
28
31
3a
2b
40
1b
36
36
38
9
19
3c
5b
2c
27
18
31
33
50
21
2a
26
3e
1e
0
2e
1c
1d
36
14
7
20
2b
11
c
15
0
42
57
19
3
18
29
34
36
12
2e
28
3a
1a
15
33
38
17
24
2f
29
25
3b
20
39
2f
3f
2a
25
36
4e
29
3b
2d
3f
31
4b
40
5c
19
35
2a
39
27
2c
28
16
23
41
35
49
27
29
3a
38
2a
2f
0
b
a
a
2b
38
3a
41
33
45
30
37
