f
a
a
f
0
0
c
c
e
e
8
3
1
c
d
4
4
f
2
a
b
8
4
4
6
5
5
5
2
a
b
6
5
4
5
5
4
4
a
a
b
6
7
1
9
c
f
1
2
a
8
3
d
d
1
9
5
5
6
a
b
2
1
5
5
5
5
5
e
8
b
4
4
c
1
5
5
5
2
a
3
3
9
f
1
f
5
5
8
0
f
3
6
4
f
5
5
5
2
a
a
2
7
4
5
4
5
4
a
a
b
3
7
5
5
5
5
5
2
a
b
0
e
4
5
5
5
5
e
a
2
0
9
4
7
5
5
5
a
a
a
3
5
5
4
4
f
1
8
c
b
3
1
4
5
5
5
5
a
a
b
3
1
4
4
5
5
5
2
a
b
0
5
5
f
7
5
5
1
b
e
0
3
7
5
5
5
5
2
a
b
3
1
5
1
f
5
5
e
e
8
6
8
6
0
e
4
7
c
8
b
6
e
e
8
4
1
f
0
e
a
3
6
c
7
5
5
5
e
a
8
6
c
4
5
c
8
4
e
a
e
6
3
e
f
4
5
5
a
a
e
6
0
c
4
4
