1000
c6
fffff8f7
ffffffb8
12a
e3
fffffe7a
9
6d
fffffe58
45
fa
17
ffffffee
ffffffb7
2c
15
ffffffe4
25
ffffffe3
ffffffea
d
fffffff8
10
ffffffff
fffffff5
33b
24
fffffe99
fffffff4
37
2e
ffffffaf
2
17
ffffffa8
e
33
3
fffffffd
1000
fffff7e2
fffffc33
340
238
fffffc8c
39
2b7
fffffaaa
22a
1f0
fffffde4
5b
82
ffffffe7
ffffffb4
9d
ffffffd5
ffffff80
7b
ffffffed
ffffffda
19
fffffff4
333
fffffe5d
ffffff4d
9f
66
ffffff5e
7
87
fffffef3
6c
61
ffffff95
13
18
fffffffa
fffffff1
1000
fffff4aa
fffffec8
515
ffffff76
fffffc26
1a6
248
fffffa2a
394
130
fffffcb7
20f
46
ffffff13
5c
87
ffffff7c
ffffffc4
b2
ffffff80
ffffffec
62
ffffffaf
11
18
ffffffed
5
fffffffd
d
fffffff3
1
a91
fffff87b
ffffff3a
35a
ffffff9d
fffffd7d
113
17e
1000
fffff173
25c
5b4
fffffbf5
fffffdba
2a0
ce
fffffa61
51c
ffffffb9
fffffc35
42f
fffffed2
fffffead
1d3
ffffff78
ffffff60
8a
35
ffffff4c
5d
48
ffffff60
6b
d
ffffffac
4b
ffffffed
ffffffed
16
fffffff7
cb8
fffff469
1e9
484
fffffcbf
fffffe42
208
a5
1000
fffff0e7
37e
3dd
fffffdc8
fffffdb4
193
d4
fffffbb2
452
ffffff50
fffffd31
379
fffffebd
ffffff2f
1a1
ffffff37
ffffffa0
a8
ffffffdb
ffffff8c
6c
0
ffffff98
67
fffffff0
ffffffc3
48
ffffffe9
ffffffe9
23
fffffff1
caf
fffff40c
2c4
30c
fffffe3e
fffffe31
139
a9
1000
fffff05d
4ba
1a6
1d
fffffd64
6d
15d
fffffc0c
447
fffffeee
fffffde8
2c6
fffffeaf
fffffff1
105
ffffff4e
ffffffd1
73
ffffffed
ffffff9d
6b
ffffffd7
ffffffbd
6d
ffffffc4
fffffff3
34
ffffffd6
f
9
fffffff7
cb7
fffff391
3cb
13f
20
fffffdf2
44
127
1000
ffffeffe
579
13a
ffffff77
fffffeee
ffffff6f
134
fffffc98
3db
ffffff12
fffffdec
2ce
fffffe6c
25
13c
fffffee0
20
75
ffffffa3
fffffff7
4b
ffffffae
fffffff8
d02
fffff305
46b
112
ffffff6e
ffffff3f
ffffff8c
f0
fffffd49
312
ffffff49
fffffe48
24b
fffffeba
f
112
1000
ffffefa2
635
cb
fffffedd
78
fffffe59
125
fffffd2e
33c
ffffff69
fffffdee
2ab
fffffe55
4c
15d
fffffe93
64
64
ffffff72
4b
1d
ffffff99
28
cdb
fffff2c4
515
a1
fffffef9
80
fffffeaa
e2
fffffdc5
292
ffffff87
fffffe54
22c
fffffe9f
3a
124
1000
fffff185
53f
1ba
fffffd22
149
ffffff78
17
fffffe04
234
ffffff8a
fffffe8b
233
fffffe99
ffffffd9
176
fffffec6
44
a1
ffffff25
5f
49
ffffff6b
58
e
ffffffa6
55
ffffffe8
ffffffdc
39
ffffffd9
7
cca
fffff463
441
153
fffffdb8
111
ffffff7f
25
1000
fffff369
49e
2c5
fffffb9b
18b
9e
ffffff27
ffffff22
19f
ffffff1c
ffffff39
1af
fffffeda
ffffffd7
12e
fffffef6
26
ba
ffffff25
4c
69
ffffff4e
69
1f
ffffff84
71
ffffffe2
ffffffc9
55
ffffffc8
3
cda
fffff5d4
3c5
22f
fffffc77
14a
6b
ffffff62
1000
fffff2c1
542
318
fffffb23
164
ce
ffffff0f
ffffff2f
1eb
fffffefb
ffffff2b
1d9
fffffebc
ffffffd5
148
fffffedb
28
c2
ffffff17
53
68
ffffff4d
6a
cd3
fffff502
49a
258
fffffbf0
168
6f
ffffff44
ffffff78
160
ffffff49
ffffff50
16f
ffffff0e
ffffffcc
111
1000
fffff219
5f8
358
fffffa9c
152
10f
fffffee4
ffffff30
23f
fffffed6
ffffff1d
214
fffffe91
ffffffcb
171
fffffeb5
2a
db
fffffefc
57
77
ffffff3c
6e
cde
fffff470
52e
293
fffffb78
162
a5
ffffff19
ffffff83
19c
ffffff2c
ffffff4a
196
fffffef4
ffffffbe
133
1000
fffff27d
5bc
2e6
fffffb32
188
9f
ffffff46
ffffff18
1ee
ffffff12
ffffff07
1f5
fffffead
ffffffcd
15d
fffffec1
39
c0
ffffff0b
65
58
ffffff54
6f
cc5
fffff4dc
4f1
22e
fffffc08
176
53
ffffff73
ffffff59
16f
ffffff56
ffffff2e
192
fffffef8
ffffffc6
12b
1000
fffff2e2
588
26f
fffffbbe
1cc
39
ffffff9e
fffffefb
19e
ffffff51
fffffef4
1d2
fffffed3
ffffffc1
146
fffffee0
2e
b6
ffffff23
55
5c
ffffff5b
66
ccd
fffff527
4cc
1ce
fffffc73
1b6
fffffff7
ffffffbe
ffffff48
121
ffffff96
ffffff19
170
ffffff24
ffffffaf
11f
1000
fffff24d
5bc
223
fffffc06
208
ffffffc6
ffffffda
fffffec7
18f
ffffff86
fffffec0
1f6
fffffec5
ffffffaf
171
fffffeb8
46
c2
fffffefa
83
44
ffffff50
8b
ca5
fffff4c2
500
174
fffffcc9
1da
ffffff92
2
ffffff0a
121
ffffffc4
fffffee1
19d
ffffff0d
ffffffa2
14a
1000
fffff1ba
5f5
1e2
fffffc4b
242
ffffff4f
9
fffffea8
182
ffffffb1
fffffea5
1f7
fffffec5
ffffffae
179
fffffeb8
49
be
fffffefb
85
44
ffffff4e
8d
ca3
fffff44b
532
13b
fffffd02
209
ffffff31
2b
fffffeef
118
ffffffe4
fffffecd
1a0
ffffff08
ffffffa8
14c
1000
fffff12d
62f
1a2
fffffca0
275
fffffec9
42
fffffe80
187
ffffffe0
fffffe72
20e
fffffeb0
ffffffb6
193
fffffe9b
64
ae
fffffef2
a4
28
ffffff5a
95
c8a
fffff3f1
55a
ff
fffffd56
224
fffffec8
60
fffffec5
122
a
fffffea0
1b6
fffffef7
ffffffad
163
1000
fffff0a1
66e
169
fffffcf5
2a1
fffffe3c
7c
fffffe63
193
b
fffffe3b
21d
fffffea3
ffffffc5
1a6
fffffe83
76
9d
fffffef6
b8
11
ffffff68
8f
c7f
fffff398
57a
d7
fffffda0
236
fffffe6a
86
fffffeaa
139
1c
fffffe7e
1c4
fffffee2
ffffffc5
169
1000
fffff255
568
1d3
fffffc0c
254
ffffff46
ffffff85
fffffea5
17c
ffffff80
fffffee1
203
fffffea0
ffffffe1
181
fffffeb5
66
ba
fffffef2
84
4d
ffffff3f
87
cb3
fffff4aa
4cc
13e
fffffcb3
230
ffffff26
ffffffb4
ffffff05
104
ffffffc0
ffffff04
19f
fffffef3
ffffffcc
153
1000
fffff40b
4a6
24a
fffffb2f
1ae
22
fffffeb3
fffffee6
18d
fffffed7
ffffff67
1fe
fffffeaa
25
157
fffffede
54
c5
ffffff0d
42
79
ffffff26
5c
cf7
fffff5d0
431
1d0
fffffbc4
1d3
ffffffe8
fffffedb
ffffff6c
ff
ffffff26
ffffff9a
173
ffffff0a
e
111
1000
fffff3c5
466
26b
fffffb78
196
66
fffffefe
fffffef9
19a
ffffff07
ffffff49
1dd
fffffebd
fffffff5
143
fffffee0
41
bc
ffffff16
50
6b
ffffff41
66
ce2
fffff5b9
3f3
1db
fffffc18
1a8
1c
ffffff25
ffffff68
110
ffffff51
ffffff77
160
ffffff19
ffffffe5
106
1000
fffff381
425
292
fffffbc3
179
aa
ffffff3c
ffffff13
196
ffffff31
ffffff41
1a7
fffffee9
ffffffd4
11f
ffffff03
24
af
ffffff30
48
60
ffffff59
65
ccf
fffff5a1
3b6
1e8
fffffc73
17a
4d
ffffff6f
ffffff60
117
ffffff7d
ffffff5b
149
ffffff37
ffffffc2
fa
1000
fffff2f0
45c
262
fffffc09
1a2
5c
ffffff84
fffffeec
191
ffffff6a
ffffff13
1bb
fffffee5
ffffffc1
136
fffffeee
34
a9
ffffff23
62
46
ffffff65
71
cb4
fffff547
3d8
1ba
fffffcbe
18a
16
ffffffab
ffffff38
11d
ffffffa3
ffffff37
15c
ffffff2c
ffffffbc
105
1000
fffff261
497
23c
fffffc4a
1c8
f
ffffffbb
fffffee0
17a
ffffffa5
fffffef9
1a7
ffffff02
ffffffaa
135
ffffff03
21
aa
ffffff2c
57
4c
ffffff67
6d
cb6
fffff4d4
40a
196
fffffcf7
1a9
ffffffd0
ffffffe1
ffffff29
109
ffffffda
ffffff1c
14f
ffffff46
ffffffa5
107
1000
fffff1d8
4e3
20c
fffffc91
200
ffffff98
ffffffe1
fffffec1
17c
ffffffce
fffffed2
1b9
fffffeec
ffffffaf
14f
fffffee6
3b
a0
ffffff18
7b
32
ffffff6b
82
c93
fffff481
443
15d
fffffd4d
1bd
ffffff77
d
fffffef9
11d
fffffff6
fffffef2
16f
ffffff26
ffffffac
124
1000
fffff150
534
1dc
fffffcdd
22f
ffffff15
13
fffffea6
180
fffffffd
fffffea1
1c1
fffffee7
ffffffae
167
fffffed8
3e
9d
ffffff15
86
2d
ffffff6c
80
c91
fffff417
485
138
fffffd87
1e6
ffffff0d
36
fffffee6
11e
1d
fffffecb
174
ffffff23
ffffffaa
139
1000
fffff0ad
5bf
175
fffffd44
282
fffffe33
66
fffffe75
18b
47
fffffe3a
1e5
fffffedb
ffffffa8
1ae
fffffea1
45
b3
fffffeec
b6
24
ffffff4c
a4
c74
fffff39a
50e
c1
fffffdec
229
fffffe44
97
fffffeaa
127
68
fffffe60
1a7
ffffff14
ffffff9b
185
1000
fffff00c
64d
112
fffffdaf
2be
fffffd58
bb
fffffe48
1b9
66
fffffddc
20e
fffffeb9
ffffffdb
1ce
fffffe64
67
9e
fffffef3
dd
fffffffb
ffffff53
a6
c64
fffff338
56e
6b
fffffe4f
245
fffffda8
da
fffffe77
15e
72
fffffe1b
1cf
fffffeea
ffffffd0
198
1000
fffff205
525
1a9
fffffc93
280
fffffef7
ffffffad
fffffe9c
160
ffffffdd
fffffecd
1c6
fffffece
ffffffbd
17e
fffffedf
3d
bb
fffffefa
7c
59
ffffff3c
8f
ca5
fffff472
4a2
106
fffffd35
24a
fffffeda
ffffffec
fffffeeb
f1
16
fffffee3
17a
ffffff17
ffffffa8
159
1000
fffff3ff
458
251
fffffb95
1c7
52
fffffef3
fffffef4
170
ffffff07
ffffff58
1c6
fffffec7
fffffff4
138
fffffef3
3e
c3
ffffff1b
48
75
ffffff38
69
ce6
fffff5db
3f2
1c1
fffffc2b
1d9
2
ffffff1f
ffffff6a
e5
ffffff5a
ffffff82
149
ffffff2a
ffffffdd
ff
1000
fffff3c0
43e
270
fffffbad
1a1
7a
ffffff1c
ffffff03
182
ffffff26
ffffff43
1ba
fffffedd
ffffffd5
139
fffffef3
2b
c6
ffffff16
50
6e
ffffff3d
75
cd4
fffff5bb
3de
1ca
fffffc52
1b1
1a
ffffff4f
ffffff66
f6
ffffff78
ffffff66
147
ffffff39
ffffffc2
104
1000
fffff381
424
294
fffffbbf
17e
a6
ffffff3b
ffffff1a
18c
ffffff38
ffffff41
19f
fffffef5
ffffffca
123
ffffff06
1c
b8
ffffff2a
48
66
ffffff50
6c
ccf
fffff599
3c0
1e4
fffffc6e
187
40
ffffff71
ffffff6a
108
ffffff87
ffffff5d
13b
ffffff46
ffffffbb
f6
1000
fffff2f0
45d
261
fffffc07
1a8
55
ffffff85
fffffef4
182
ffffff79
ffffff0e
1b1
fffffef9
ffffffae
13d
fffffef7
20
bd
ffffff1a
5c
57
ffffff52
7b
cb8
fffff537
3ee
1aa
fffffcbd
19d
fffffffa
ffffffbd
ffffff3c
105
ffffffc2
ffffff25
156
ffffff48
ffffff9c
116
1000
fffff261
496
23e
fffffc48
1ca
e
ffffffba
fffffee1
178
ffffffa8
fffffef4
1ac
ffffff00
ffffffa6
13e
fffffef9
26
af
ffffff1f
65
45
ffffff63
79
ca9
fffff4db
40b
190
fffffcff
1a3
ffffffd2
ffffffe4
ffffff21
10f
ffffffd9
ffffff16
159
ffffff3f
ffffffa3
112
1000
fffff1d8
4e3
20c
fffffc90
203
ffffff94
ffffffe1
fffffec7
171
ffffffd8
fffffed0
1b0
fffffefc
ffffffa1
152
fffffef1
27
b2
ffffff14
6f
47
ffffff5a
84
ca2
fffff468
458
15a
fffffd3c
1da
ffffff5f
12
ffffff0c
fd
12
fffffeeb
15d
ffffff47
ffffff8f
12e
1000
fffff150
534
1dc
fffffcdd
22f
ffffff15
13
fffffea6
180
fffffffd
fffffea1
1c1
fffffee7
ffffffae
167
fffffed8
3e
9d
ffffff15
86
2d
ffffff6c
80
c91
fffff417
485
138
fffffd87
1e6
ffffff0d
36
fffffee6
11e
1d
fffffecb
174
ffffff23
ffffffaa
139
1000
fffff0ad
5bf
175
fffffd44
282
fffffe33
66
fffffe75
18b
47
fffffe3a
1e5
fffffedb
ffffffa8
1ae
fffffea1
45
b3
fffffeec
b6
24
ffffff4c
a4
c74
fffff39a
50e
c1
fffffdec
229
fffffe44
97
fffffeaa
127
68
fffffe60
1a7
ffffff14
ffffff9b
185
1000
fffff00c
64d
112
fffffdaf
2be
fffffd58
bb
fffffe48
1b9
66
fffffddc
20e
fffffeb9
ffffffdb
1ce
fffffe64
67
9e
fffffef3
dd
fffffffb
ffffff53
a6
c64
fffff338
56e
6b
fffffe4f
245
fffffda8
da
fffffe77
15e
72
fffffe1b
1cf
fffffeea
ffffffd0
198
1000
fffff205
525
1a9
fffffc93
280
fffffef7
ffffffad
fffffe9c
160
ffffffdd
fffffecd
1c6
fffffece
ffffffbd
17e
fffffedf
3d
bb
fffffefa
7c
59
ffffff3c
8f
ca5
fffff472
4a2
106
fffffd35
24a
fffffeda
ffffffec
fffffeeb
f1
16
fffffee3
17a
ffffff17
ffffffa8
159
1000
fffff3ff
458
251
fffffb95
1c7
52
fffffef3
fffffef4
170
ffffff07
ffffff58
1c6
fffffec7
fffffff4
138
fffffef3
3e
c3
ffffff1b
48
75
ffffff38
69
ce6
fffff5db
3f2
1c1
fffffc2b
1d9
2
ffffff1f
ffffff6a
e5
ffffff5a
ffffff82
149
ffffff2a
ffffffdd
ff
1000
fffff3c0
43e
270
fffffbad
1a1
7a
ffffff1c
ffffff03
182
ffffff26
ffffff43
1ba
fffffedd
ffffffd5
139
fffffef3
2b
c6
ffffff16
50
6e
ffffff3d
75
cd4
fffff5bb
3de
1ca
fffffc52
1b1
1a
ffffff4f
ffffff66
f6
ffffff78
ffffff66
147
ffffff39
ffffffc2
104
1000
fffff381
424
294
fffffbbf
17e
a6
ffffff3b
ffffff1a
18c
ffffff38
ffffff41
19f
fffffef5
ffffffca
123
ffffff06
1c
b8
ffffff2a
48
66
ffffff50
6c
ccf
fffff599
3c0
1e4
fffffc6e
187
40
ffffff71
ffffff6a
108
ffffff87
ffffff5d
13b
ffffff46
ffffffbb
f6
1000
fffff2f0
45d
261
fffffc08
1a6
58
ffffff83
fffffef4
184
ffffff77
ffffff0e
1b4
fffffef5
ffffffb0
140
fffffef0
26
bd
ffffff14
63
53
ffffff51
80
fffffffd
ffffff9a
77
ffffffc6
ffffffe7
4b
ffffffba
1c
cc9
fffff572
3a3
1cc
fffffcd4
167
26
ffffffb4
1000
fffff261
496
23e
fffffc49
1c7
11
ffffffba
fffffedd
17f
ffffffa3
fffffef4
1b0
fffffefb
ffffffa9
13e
fffffef8
26
af
ffffff21
60
4b
ffffff60
77
fffffff9
ffffffa7
6c
ffffffc8
ffffffef
41
ffffffbe
20
cc0
fffff508
3cd
1ae
fffffd0f
17b
fffffff0
ffffffe2
1000
fffff1d8
4e1
210
fffffc8c
203
ffffff9a
ffffffd8
fffffecc
176
ffffffca
fffffee0
1a7
fffffef8
ffffffb0
141
fffffefa
2c
a2
ffffff25
67
42
ffffff69
75
fffffff1
ffffffb1
66
ffffffc7
fffffff6
36
ffffffc5
20
cba
fffff4a4
403
189
fffffd48
1a6
ffffff94
fffffffa
1000
fffff150
534
1dc
fffffcdc
22f
ffffff16
13
fffffea4
181
fffffffe
fffffe9e
1c6
fffffee4
ffffffad
16d
fffffed1
42
9f
ffffff0f
8c
2a
ffffff6c
81
ffffffd9
ffffffc4
63
ffffffbd
6
29
ffffffc8
27
caf
fffff441
442
15c
fffffd91
1bf
ffffff32
2b
1000
fffff0ad
5be
177
fffffd43
27f
fffffe37
65
fffffe6f
195
3f
fffffe3a
1ef
fffffecc
ffffffb4
1ac
fffffe98
54
a6
fffffef1
bb
18
ffffff59
9d
ffffffbc
ffffffd2
71
ffffffa0
1d
1f
ffffffbf
42
c94
fffff3cc
4b8
f0
fffffe01
1f1
fffffe75
87
1000
fffff00c
64d
112
fffffdaf
2bc
fffffd5b
b9
fffffe47
1bc
64
fffffddb
211
fffffeb6
ffffffdb
1d0
fffffe62
67
a0
fffffef1
dd
fffffffe
ffffff4f
a7
ffffffb1
ffffffe0
71
ffffff90
26
1b
ffffffc2
49
c8a
fffff351
527
a2
fffffe5b
219
fffffdcf
c3
1000
fffff205
524
1a9
fffffc95
27a
fffffefd
ffffffaf
fffffe8e
175
ffffffce
fffffec9
1df
fffffeac
ffffffd4
181
fffffec2
64
a1
fffffef9
96
35
ffffff56
8b
c93
fffff48e
48a
10f
fffffd3d
235
fffffeef
ffffffe3
fffffee1
108
1
fffffee8
188
fffffefd
ffffffbf
154
1000
fffff3ff
458
251
fffffb95
1c4
56
fffffef1
fffffef0
179
fffffeff
ffffff59
1cf
fffffeb8
1
136
fffffee9
50
b3
ffffff21
4f
65
ffffff48
61
ce3
fffff5e5
3e6
1ca
fffffc28
1d5
b
ffffff17
ffffff6a
ec
ffffff4f
ffffff88
14c
ffffff1e
ffffffeb
f8
1000
fffff3c0
43d
271
fffffbad
19d
80
ffffff19
fffffefe
18d
ffffff1c
ffffff45
1c3
fffffece
ffffffe2
134
fffffeee
37
b9
ffffff1e
52
63
ffffff4b
6d
cd2
fffff5c5
3d3
1cf
fffffc57
1a4
27
ffffff4c
ffffff5d
107
ffffff6c
ffffff65
156
ffffff26
ffffffce
105
1000
fffff381
424
294
fffffbc0
17a
ac
ffffff39
ffffff14
197
ffffff2f
ffffff40
1aa
fffffee7
ffffffd2
125
fffffefc
27
b2
ffffff2a
4d
5f
ffffff55
6b
ccd
fffff59e
3bb
1e7
fffffc70
180
4a
ffffff6c
ffffff64
115
ffffff7b
ffffff5c
149
ffffff35
ffffffc2
fd
1000
fffff2f0
45b
264
fffffc06
1a4
5b
ffffff84
fffffeed
18e
ffffff70
ffffff0d
1bd
fffffee9
ffffffb8
140
fffffee8
32
b3
ffffff16
6a
47
ffffff5c
7d
cab
fffff548
3df
1af
fffffcc7
188
f
ffffffb7
ffffff2d
120
ffffffad
ffffff27
167
ffffff2e
ffffffad
119
1000
fffff261
496
23e
fffffc48
1c8
11
ffffffba
fffffedc
181
ffffffa1
fffffef4
1b4
fffffef5
ffffffad
140
fffffeef
32
a8
ffffff1c
70
39
ffffff69
7d
c9e
fffff4e6
407
18b
fffffd09
19a
ffffffd5
ffffffe9
ffffff18
119
ffffffd4
ffffff12
162
ffffff36
ffffffa7
116
1000
fffff1d8
4e1
20f
fffffc8e
201
ffffff98
ffffffe0
fffffec1
17b
ffffffd2
fffffecc
1bd
fffffeee
ffffffa5
15d
fffffedd
39
ad
ffffff09
84
34
ffffff62
8a
ffffffda
ffffffbd
69
ffffffb9
7
2b
ffffffc6
29
cab
fffff4b1
3fe
182
fffffd5a
192
ffffff9d
5
1000
fffff150
534
1dc
fffffcdd
22e
ffffff17
13
fffffea2
186
fffffff8
fffffea1
1c8
fffffedd
ffffffb4
169
fffffecf
48
99
ffffff11
8f
25
ffffff6f
83
ffffffd4
ffffffc9
61
ffffffbc
a
24
ffffffcc
27
cab
fffff447
43d
15e
fffffd94
1bb
ffffff35
28
1000
fffff0ad
5be
177
fffffd43
27f
fffffe37
65
fffffe6f
195
3f
fffffe3a
1ef
fffffecc
ffffffb4
1ac
fffffe98
54
a6
fffffef1
bb
18
ffffff59
9d
c72
fffff3a5
500
c9
fffffdf0
21a
fffffe53
92
fffffe9f
13a
5b
fffffe5e
1b7
ffffff01
ffffffa4
18b
1000
fffff00c
64d
112
fffffdaf
2bc
fffffd5b
b9
fffffe47
1bc
64
fffffddb
211
fffffeb6
ffffffdb
1d0
fffffe62
67
a0
fffffef1
dd
fffffffe
ffffff4f
a7
c67
fffff333
572
69
fffffe4e
247
fffffda8
db
fffffe75
15e
75
fffffe14
1d7
fffffee6
ffffffcb
1a1
1000
fffff205
524
1aa
fffffc93
27d
fffffefd
ffffffaa
fffffe97
16e
ffffffcd
fffffed5
1ce
fffffeb7
ffffffd7
171
fffffed6
57
9f
ffffff08
83
42
ffffff55
80
ca4
fffff47f
491
112
fffffd32
245
fffffee4
ffffffe3
fffffeec
f9
9
fffffeed
17a
ffffff0c
ffffffb9
14e
1000
fffff3ff
459
250
fffffb96
1c7
50
fffffef6
fffffef3
16d
ffffff0d
ffffff53
1c6
fffffecc
ffffffee
13a
fffffef7
38
c6
ffffff1e
41
7b
ffffff37
64
cee
fffff5d4
3f5
1c4
fffffc24
1e2
fffffffb
ffffff21
ffffff6d
dc
ffffff62
ffffff7d
147
ffffff31
ffffffd5
102
1000
fffff3c0
43e
270
fffffbae
19e
7f
ffffff18
ffffff02
188
ffffff1d
ffffff4a
1b9
fffffed7
ffffffe1
12d
fffffefa
2d
bc
ffffff24
46
6f
ffffff45
69
cdd
fffff5b9
3da
1cf
fffffc50
1af
1d
ffffff4e
ffffff64
fa
ffffff76
ffffff66
14a
ffffff37
ffffffc6
100
1000
fffff381
424
294
fffffbc0
17c
a8
ffffff3c
ffffff16
190
ffffff38
ffffff3c
1a6
fffffef2
ffffffc7
129
ffffff02
1b
bd
ffffff25
49
69
ffffff4b
70
cce
fffff597
3c4
1e0
fffffc72
184
40
ffffff76
ffffff63
10d
ffffff8a
ffffff52
149
ffffff41
ffffffb3
105
1000
fffff2f0
45d
261
fffffc08
1a6
58
ffffff83
fffffef4
184
ffffff76
ffffff11
1b0
fffffef7
ffffffb3
137
fffffefb
21
b8
ffffff20
57
58
ffffff56
75
cbc
fffff538
3e8
1b1
fffffcbb
197
6
ffffffb3
ffffff3d
10e
ffffffb6
ffffff2f
156
ffffff3d
ffffffab
10b
1000
fffff261
496
23f
fffffc46
1cb
f
ffffffb6
fffffee7
174
ffffffa7
fffffefc
1a0
ffffff09
ffffffa6
135
ffffff06
1c
b0
ffffff28
57
50
ffffff62
71
cb5
fffff4d2
40d
196
fffffcf4
1ac
ffffffcf
ffffffde
ffffff2d
104
ffffffdc
ffffff1e
148
ffffff4d
ffffffa0
108
1000
fffff1d8
4e3
20c
fffffc91
200
ffffff98
ffffffe0
fffffec3
179
ffffffd2
fffffed0
1b7
fffffef3
ffffffa6
155
fffffee8
32
ac
ffffff12
77
3e
ffffff60
83
c9d
fffff472
44e
15e
fffffd41
1cc
ffffff6f
a
ffffff05
111
fffffffc
fffffef5
165
ffffff32
ffffffa5
123
1000
fffff150
534
1dd
fffffcdb
231
ffffff15
11
fffffeab
179
2
fffffea2
1ba
fffffef1
ffffffa6
169
fffffede
33
a7
ffffff11
82
37
ffffff62
84
c95
fffff40d
48f
133
fffffd82
1f0
ffffff02
3b
fffffeeb
10f
2d
fffffec2
171
ffffff32
ffffff99
143
1000
fffff0ad
5bf
175
fffffd45
280
fffffe34
67
fffffe71
190
42
fffffe3d
1e6
fffffed5
ffffffb2
1a4
fffffea6
49
a7
fffffef9
ae
22
ffffff57
97
c7c
fffff39d
502
ce
fffffde8
222
fffffe50
8d
fffffeaa
12e
5c
fffffe6b
1a1
ffffff11
ffffffa7
174
1000
fffff00c
64d
113
fffffdae
2bd
fffffd5b
b7
fffffe4b
1b8
65
fffffdde
20b
fffffebc
ffffffd9
1cd
fffffe68
62
a1
fffffef4
d8
3
ffffff4c
a7
c6a
fffff32e
577
67
fffffe4e
24c
fffffda0
e0
fffffe78
154
80
fffffe10
1d1
fffffef3
ffffffbf
1a8
1000
fffff205
525
1a9
fffffc94
27e
fffffefb
ffffffaa
fffffe9b
168
ffffffd1
fffffed6
1c7
fffffec1
ffffffcf
172
fffffedc
4d
a9
ffffff03
80
4c
ffffff49
89
ffffffec
ffffff95
86
ffffffb9
ffffffec
4f
ffffffad
2b
cc2
fffff4b8
44b
12a
fffffd53
20d
ffffff09
ffffffe4
1000
fffff3ff
459
250
fffffb98
1c3
55
fffffef5
fffffeed
179
ffffff03
ffffff52
1d4
fffffeba
fffffff8
140
fffffee5
4a
c1
ffffff12
57
69
ffffff3a
71
23
ffffff6e
7e
ffffffe2
ffffffba
68
ffffffc1
fffffffd
ce9
fffff640
392
1d7
fffffc6d
17c
30
ffffff37
1000
fffff3c0
43e
270
fffffbae
19d
82
ffffff14
ffffff05
18a
ffffff17
ffffff51
1b6
fffffed3
ffffffe9
127
fffffef8
36
b2
ffffff27
4d
62
ffffff50
67
cd4
fffff5c8
3ce
1d2
fffffc57
1a2
2c
ffffff47
ffffff60
108
ffffff67
ffffff6d
14e
ffffff28
ffffffd3
fc
1000
fffff381
425
292
fffffbc3
17a
a7
ffffff40
ffffff10
196
ffffff36
ffffff38
1af
fffffee8
ffffffcc
12d
fffffef7
26
b9
ffffff1f
56
5d
ffffff50
74
cc4
fffff5a2
3be
1dc
fffffc7b
17d
42
ffffff79
ffffff5c
113
ffffff87
ffffff50
14f
ffffff39
ffffffb8
106
1000
fffff2f0
45d
261
fffffc07
1a8
55
ffffff85
fffffef4
182
ffffff79
ffffff0e
1b1
fffffef9
ffffffae
13d
fffffef7
20
bd
ffffff1a
5c
57
ffffff52
7b
cb8
fffff537
3ee
1aa
fffffcbd
19d
fffffffa
ffffffbd
ffffff3c
105
ffffffc2
ffffff25
156
ffffff48
ffffff9c
116
1000
fffff261
497
23c
fffffc4a
1c9
c
ffffffbf
fffffedb
17c
ffffffa9
fffffeee
1b3
fffffefc
ffffffa5
144
fffffef1
2b
b0
ffffff18
6d
41
ffffff61
80
ca1
fffff4df
40e
187
fffffd09
19f
ffffffce
ffffffef
ffffff15
116
ffffffdb
ffffff0a
166
ffffff37
ffffffa1
11c
1000
fffff1d8
4e3
20c
fffffc90
203
ffffff94
ffffffe1
fffffec7
171
ffffffd8
fffffed0
1b0
fffffefc
ffffffa1
152
fffffef1
27
b2
ffffff14
6f
47
ffffff5a
84
ca2
fffff468
458
15a
fffffd3c
1da
ffffff5f
12
ffffff0c
fd
12
fffffeeb
15d
ffffff47
ffffff8f
12e
1000
fffff150
535
1db
fffffcdf
22e
ffffff15
16
fffffea2
181
1
fffffe9a
1c7
fffffee7
ffffffa7
172
fffffecf
40
a3
ffffff09
91
28
ffffff69
89
c86
fffff41d
489
12d
fffffd93
1df
ffffff0a
41
fffffed9
121
24
fffffebd
180
ffffff23
ffffff9f
148
1000
fffff0ad
5bf
175
fffffd44
282
fffffe33
66
fffffe75
18b
47
fffffe3a
1e5
fffffedb
ffffffa8
1ae
fffffea1
45
b3
fffffeec
b6
24
ffffff4c
a4
c74
fffff39a
50e
c1
fffffdec
229
fffffe44
97
fffffeaa
127
68
fffffe60
1a7
ffffff14
ffffff9b
185
1000
fffff00c
64e
111
fffffdb1
2bd
fffffd57
bd
fffffe46
1b9
68
fffffdd9
210
fffffeb9
ffffffd8
1d3
fffffe60
68
a2
fffffeec
e3
fffffffb
ffffff4d
ae
c5f
fffff337
575
63
fffffe55
245
fffffda2
e3
fffffe6f
160
77
fffffe0f
1de
fffffee1
ffffffcc
1a8
1000
fffff205
525
1a9
fffffc93
280
fffffef7
ffffffad
fffffe9c
160
ffffffdd
fffffecd
1c6
fffffece
ffffffbd
17e
fffffedf
3d
bb
fffffefa
7c
59
ffffff3c
8f
ca5
fffff472
4a2
106
fffffd35
24a
fffffeda
ffffffec
fffffeeb
f1
16
fffffee3
17a
ffffff17
ffffffa8
159
1000
fffff3ff
459
250
fffffb98
1c4
53
fffffef6
fffffeed
178
ffffff04
ffffff53
1d1
fffffebc
fffffff9
13c
fffffee9
49
bd
ffffff1a
50
6a
ffffff41
67
ce0
fffff5e5
3eb
1c2
fffffc31
1d2
5
ffffff22
ffffff60
ef
ffffff55
ffffff7d
155
ffffff1d
ffffffe3
104
1000
fffff3c0
43e
270
fffffbad
1a1
7a
ffffff1c
ffffff03
182
ffffff26
ffffff43
1ba
fffffedd
ffffffd5
139
fffffef3
2b
c6
ffffff16
50
6e
ffffff3d
75
cd4
fffff5bb
3de
1ca
fffffc52
1b1
1a
ffffff4f
ffffff66
f6
ffffff78
ffffff66
147
ffffff39
ffffffc2
104
1000
fffff381
425
292
fffffbc3
17a
a7
ffffff40
ffffff10
196
ffffff36
ffffff38
1af
fffffee8
ffffffcc
12d
fffffef7
26
b9
ffffff1f
56
5d
ffffff50
74
cc4
fffff5a2
3be
1dc
fffffc7b
17d
42
ffffff79
ffffff5c
113
ffffff87
ffffff50
14f
ffffff39
ffffffb8
106
1000
fffff2f0
45d
261
fffffc07
1a8
55
ffffff85
fffffef4
182
ffffff79
ffffff0e
1b1
fffffef9
ffffffae
13d
fffffef7
20
bd
ffffff1a
5c
57
ffffff52
7b
cb8
fffff537
3ee
1aa
fffffcbd
19d
fffffffa
ffffffbd
ffffff3c
105
ffffffc2
ffffff25
156
ffffff48
ffffff9c
116
1000
fffff261
497
23c
fffffc4a
1c9
c
ffffffbf
fffffedb
17c
ffffffa9
fffffeee
1b3
fffffefc
ffffffa5
144
fffffef1
2b
b0
ffffff18
6d
41
ffffff61
80
ca1
fffff4df
40e
187
fffffd09
19f
ffffffce
ffffffef
ffffff15
116
ffffffdb
ffffff0a
166
ffffff37
ffffffa1
11c
1000
fffff1d8
4e3
20c
fffffc91
200
ffffff98
ffffffe0
fffffec3
179
ffffffd3
fffffece
1b8
fffffef4
ffffffa2
15a
fffffee4
32
b0
ffffff0c
7c
3d
ffffff5b
8c
ffffffdf
ffffffb3
75
ffffffb1
6
36
ffffffb7
33
cad
fffff4a4
410
175
fffffd59
1a0
ffffff8c
e
1000
fffff150
535
1db
fffffcdf
22d
ffffff16
14
fffffea3
182
fffffffd
fffffe9e
1c5
fffffee6
ffffffaa
16f
fffffed1
3f
a4
ffffff09
90
2b
ffffff64
8d
ffffffd0
ffffffc5
6b
ffffffb0
10
28
ffffffbf
35
ca4
fffff442
44c
14d
fffffd9e
1bc
ffffff2a
37
1000
fffff0ad
5be
178
fffffd3f
286
fffffe33
61
fffffe7c
186
46
fffffe41
1dc
fffffee0
ffffffab
1a5
fffffeaa
42
ae
fffffef5
af
26
ffffff4f
9f
c77
fffff39c
509
c5
fffffdeb
226
fffffe48
95
fffffea7
12c
63
fffffe61
1a9
ffffff0f
ffffffa0
183
1000
fffff00c
64d
112
fffffdae
2bf
fffffd57
bc
fffffe48
1b5
6f
fffffdd1
214
fffffebd
ffffffcc
1e0
fffffe5a
62
b0
fffffede
e7
4
ffffff3c
bd
c5b
fffff32d
587
51
fffffe5c
24d
fffffd91
f5
fffffe66
15b
8a
fffffdf9
1ea
fffffee5
ffffffb9
1bf
1000
fffff205
525
1a8
fffffc93
280
fffffef6
ffffffaf
fffffe97
168
ffffffd6
fffffece
1ce
fffffebf
ffffffcc
179
fffffed6
4f
ab
fffffeff
84
49
ffffff4b
88
ffffffea
ffffff9b
7f
ffffffbc
fffffff0
45
ffffffb7
27
cbb
fffff4c6
43d
130
fffffd57
201
ffffff14
ffffffe1
1000
fffff3ff
458
24f
fffffb98
1c3
53
fffffef6
fffffeed
176
ffffff08
ffffff4f
1d3
fffffebf
fffffff2
144
fffffee5
46
c7
ffffff0f
55
6f
ffffff34
74
26
ffffff66
87
ffffffde
ffffffb5
74
ffffffb5
2
cee
fffff635
39b
1d3
fffffc68
185
27
ffffff3a
1000
fffff3c0
43e
26f
fffffbae
19e
7f
ffffff17
ffffff02
18a
ffffff1b
ffffff4a
1bc
fffffed3
ffffffe3
12f
fffffef5
32
b9
ffffff23
4a
6a
ffffff49
67
27
ffffff77
78
ffffffe5
ffffffbd
65
ffffffbf
1
ce7
fffff609
383
1eb
fffffc7b
168
48
ffffff54
1000
fffff381
423
294
fffffbc1
179
a8
ffffff41
ffffff0d
198
ffffff38
ffffff31
1b7
fffffee4
ffffffc8
137
fffffeec
2d
ba
ffffff17
61
54
ffffff52
7a
3
ffffff9a
6f
ffffffd0
ffffffe2
46
ffffffc6
11
ccb
fffff5ee
366
201
fffffc9a
13b
73
ffffff75
1000
fffff2f0
45b
264
fffffc06
1a4
5c
ffffff80
fffffef3
189
ffffff71
ffffff11
1b6
fffffef0
ffffffb4
13f
fffffeee
2a
ba
ffffff14
66
51
ffffff50
84
cae
fffff53d
3ec
1a7
fffffcc7
18f
7
ffffffba
ffffff32
118
ffffffb2
ffffff29
162
ffffff32
ffffffac
116
1000
fffff261
495
23e
fffffc48
1c8
f
ffffffbc
fffffedd
17c
ffffffa7
fffffef2
1af
fffffefe
ffffffa6
141
fffffef6
27
b0
ffffff1d
66
46
ffffff62
79
cab
fffff4d7
40d
191
fffffcfa
1a9
ffffffcd
ffffffe4
ffffff26
108
ffffffde
ffffff15
154
ffffff46
ffffff9f
113
1000
fffff1d8
4e2
20c
fffffc91
200
ffffff97
ffffffe1
fffffec3
178
ffffffd3
fffffed0
1b6
fffffef4
ffffffa5
156
fffffee8
31
ad
ffffff11
78
3d
ffffff60
84
c9c
fffff472
44e
15e
fffffd41
1cc
ffffff6e
b
ffffff05
110
fffffffd
fffffef5
164
ffffff33
ffffffa4
124
1000
fffff150
533
1dd
fffffcdd
22e
ffffff15
17
fffffea0
182
3
fffffe95
1cd
fffffee5
ffffffa2
17c
fffffec6
41
ad
fffffefa
9c
29
ffffff5c
99
c7e
fffff41a
491
125
fffffd95
1e2
ffffff06
44
fffffed9
120
27
fffffeba
182
ffffff24
ffffff9b
14e
1000
fffff0ad
5be
177
fffffd42
282
fffffe34
64
fffffe74
190
41
fffffe3d
1e8
fffffed2
ffffffb2
1a9
fffffe9e
4f
a8
fffffef2
b9
1b
ffffff55
a1
c6f
fffff3a4
505
c2
fffffdf4
21d
fffffe4c
98
fffffe9e
137
5d
fffffe5f
1b3
ffffff03
ffffffa7
185
1000
fffff00c
64c
113
fffffdb0
2ba
fffffd5c
bb
fffffe43
1bf
65
fffffdd5
21a
fffffeb0
ffffffd9
1db
fffffe54
70
a2
fffffee5
ec
fffffff5
ffffff4c
b3
c5a
fffff339
574
63
fffffe56
242
fffffda7
df
fffffe71
161
76
fffffe10
1de
fffffee2
ffffffcb
1aa
1000
fffff205
525
1a8
fffffc94
27f
fffffef6
ffffffb1
fffffe96
165
ffffffde
fffffec6
1d0
fffffec6
ffffffbf
184
fffffed4
47
b8
fffffef5
85
52
ffffff3d
93
c9f
fffff475
4a4
100
fffffd3a
249
fffffed5
fffffff3
fffffee4
f5
17
fffffedc
182
ffffff10
ffffffab
15e
1000
fffff3ff
458
250
fffffb97
1c4
51
fffffefa
fffffee9
179
ffffff09
ffffff49
1da
fffffeba
fffffff2
149
fffffede
4b
c5
ffffff0c
5b
68
ffffff38
76
cd3
fffff5e8
3f1
1b5
fffffc3e
1cb
2
ffffff2f
ffffff50
f9
ffffff58
ffffff6c
16b
ffffff0e
ffffffe2
113
1000
fffff3c0
43e
26f
fffffbaf
19e
7c
ffffff1d
fffffefd
18b
ffffff20
ffffff42
1c3
fffffed0
ffffffe0
136
fffffeec
38
ba
ffffff1b
55
63
ffffff47
71
cd0
fffff5c3
3d7
1ca
fffffc5a
1a6
20
ffffff54
ffffff58
105
ffffff74
ffffff5d
15b
ffffff27
ffffffc8
10d
1000
fffff381
423
294
fffffbc1
179
a8
ffffff41
ffffff0d
198
ffffff38
ffffff31
1b7
fffffee4
ffffffc8
137
fffffeec
2d
ba
ffffff17
61
54
ffffff52
7a
cb9
fffff5ac
3b8
1dc
fffffc82
171
4b
ffffff79
ffffff53
120
ffffff7e
ffffff50
156
ffffff2e
ffffffc1
104
1000
fffff2f0
45b
264
fffffc06
1a4
5c
ffffff80
fffffef3
189
ffffff71
ffffff11
1b6
fffffef0
ffffffb4
13f
fffffeee
2a
ba
ffffff14
66
51
ffffff50
84
cae
fffff53d
3ec
1a7
fffffcc7
18f
7
ffffffba
ffffff32
118
ffffffb2
ffffff29
162
ffffff32
ffffffac
116
1000
fffff261
495
23e
fffffc48
1c8
f
ffffffbc
fffffedd
17c
ffffffa7
fffffef2
1af
fffffefe
ffffffa6
141
fffffef6
27
b0
ffffff1d
66
46
ffffff62
79
cab
fffff4d7
40d
191
fffffcfa
1a9
ffffffcd
ffffffe4
ffffff26
108
ffffffde
ffffff15
154
ffffff46
ffffff9f
113
1000
fffff1d8
4e2
20c
fffffc91
200
ffffff97
ffffffe1
fffffec3
178
ffffffd3
fffffed0
1b6
fffffef4
ffffffa5
156
fffffee8
31
ad
ffffff11
78
3d
ffffff60
84
c9c
fffff472
44e
15e
fffffd41
1cc
ffffff6e
b
ffffff05
110
fffffffd
fffffef5
164
ffffff33
ffffffa4
124
1000
fffff150
533
1dd
fffffcdd
22e
ffffff15
17
fffffea0
182
3
fffffe95
1cd
fffffee5
ffffffa2
17c
fffffec6
41
ad
fffffefa
9c
29
ffffff5c
99
c7e
fffff41a
491
125
fffffd95
1e2
ffffff06
44
fffffed9
120
27
fffffeba
182
ffffff24
ffffff9b
14e
1000
fffff0ad
5be
177
fffffd42
282
fffffe34
64
fffffe74
190
41
fffffe3d
1e8
fffffed2
ffffffb2
1a9
fffffe9e
4f
a8
fffffef2
b9
1b
ffffff55
a1
c6f
fffff3a4
505
c2
fffffdf4
21d
fffffe4c
98
fffffe9e
137
5d
fffffe5f
1b3
ffffff03
ffffffa7
185
1000
fffff00c
64c
113
fffffdb0
2ba
fffffd5c
bb
fffffe43
1bf
65
fffffdd5
21a
fffffeb0
ffffffd9
1db
fffffe54
70
a2
fffffee5
ec
fffffff5
ffffff4c
b3
c5a
fffff339
574
63
fffffe56
242
fffffda7
df
fffffe71
161
76
fffffe10
1de
fffffee2
ffffffcb
1aa
1000
fffff205
525
1a8
fffffc94
27f
fffffef6
ffffffb1
fffffe96
165
ffffffde
fffffec6
1d0
fffffec6
ffffffbf
184
fffffed4
47
b8
fffffef5
85
52
ffffff3d
93
c9f
fffff475
4a4
100
fffffd3a
249
fffffed5
fffffff3
fffffee4
f5
17
fffffedc
182
ffffff10
ffffffab
15e
1000
fffff3ff
458
250
fffffb97
1c4
51
fffffefa
fffffee9
179
ffffff09
ffffff49
1da
fffffeba
fffffff2
149
fffffede
4b
c5
ffffff0c
5b
68
ffffff38
76
cd3
fffff5e8
3f1
1b5
fffffc3e
1cb
2
ffffff2f
ffffff50
f9
ffffff58
ffffff6c
16b
ffffff0e
ffffffe2
113
1000
fffff3c0
43e
26f
fffffbaf
19e
7c
ffffff1d
fffffefd
18b
ffffff20
ffffff42
1c3
fffffed0
ffffffe0
136
fffffeec
38
ba
ffffff1b
55
63
ffffff47
71
cd0
fffff5c3
3d7
1ca
fffffc5a
1a6
20
ffffff54
ffffff58
105
ffffff74
ffffff5d
15b
ffffff27
ffffffc8
10d
1000
fffff381
423
294
fffffbc1
179
a8
ffffff41
ffffff0d
198
ffffff38
ffffff31
1b7
fffffee4
ffffffc8
137
fffffeec
2d
ba
ffffff17
61
54
ffffff52
7a
cb9
fffff5ac
3b8
1dc
fffffc82
171
4b
ffffff79
ffffff53
120
ffffff7e
ffffff50
156
ffffff2e
ffffffc1
104
1000
fffff2f0
45b
264
fffffc06
1a4
5c
ffffff80
fffffef3
189
ffffff71
ffffff11
1b6
fffffef0
ffffffb4
13f
fffffeee
2a
ba
ffffff14
66
51
ffffff50
84
cae
fffff53d
3ec
1a7
fffffcc7
18f
7
ffffffba
ffffff32
118
ffffffb2
ffffff29
162
ffffff32
ffffffac
116
1000
fffff261
495
23e
fffffc48
1c8
f
ffffffbc
fffffedd
17c
ffffffa7
fffffef2
1af
fffffefe
ffffffa6
141
fffffef6
27
b0
ffffff1d
66
46
ffffff62
79
cab
fffff4d7
40d
191
fffffcfa
1a9
ffffffcd
ffffffe4
ffffff26
108
ffffffde
ffffff15
154
ffffff46
ffffff9f
113
1000
fffff1d8
4e2
20c
fffffc91
200
ffffff97
ffffffe1
fffffec3
178
ffffffd3
fffffed0
1b6
fffffef4
ffffffa5
156
fffffee8
31
ad
ffffff11
78
3d
ffffff60
84
c9c
fffff472
44e
15e
fffffd41
1cc
ffffff6e
b
ffffff05
110
fffffffd
fffffef5
164
ffffff33
ffffffa4
124
1000
fffff150
533
1dd
fffffcdd
22e
ffffff15
17
fffffea0
182
3
fffffe95
1cd
fffffee5
ffffffa2
17c
fffffec6
41
ad
fffffefa
9c
29
ffffff5c
99
c7e
fffff41a
491
125
fffffd95
1e2
ffffff06
44
fffffed9
120
27
fffffeba
182
ffffff24
ffffff9b
14e
1000
fffff0ad
5bd
178
fffffd42
27f
fffffe3a
60
fffffe72
198
37
fffffe43
1eb
fffffec9
ffffffbc
1a4
fffffe9b
58
9e
fffffef8
b9
15
ffffff5f
97
c75
fffff3a6
4fb
d1
fffffde9
21b
fffffe5c
83
fffffeac
139
4d
fffffe74
1a6
ffffff02
ffffffb3
173
1000
fffff00c
64d
112
fffffdae
2be
fffffd59
bb
fffffe46
1bc
65
fffffdd8
216
fffffeb1
ffffffdd
1d4
fffffe58
73
99
fffffeee
e9
fffffff1
ffffff55
ac
c5b
fffff33e
56f
64
fffffe58
240
fffffda8
e1
fffffe6d
164
73
fffffe11
1df
fffffedc
ffffffd2
1a4
1000
fffff205
524
1a8
fffffc96
27b
fffffefb
ffffffaf
fffffe91
171
ffffffd1
fffffecb
1d8
fffffeb4
ffffffd0
17e
fffffecb
59
a8
fffffefa
8e
41
ffffff4d
8d
c99
fffff483
494
10a
fffffd39
240
fffffee4
ffffffe5
fffffee9
fc
8
fffffeec
17c
ffffff0a
ffffffb9
150
1000
fffff3ff
458
251
fffffb94
1c7
53
fffffef2
fffffef4
172
ffffff04
ffffff5a
1c8
fffffec2
fffffffa
134
fffffef3
42
be
ffffff1f
47
73
ffffff3c
66
ce8
fffff5d9
3f3
1c1
fffffc28
1dd
fffffffe
ffffff21
ffffff69
e4
ffffff5b
ffffff7e
151
ffffff23
ffffffdf
104
1000
fffff3c0
43d
270
fffffbae
19e
7f
ffffff19
fffffeff
18c
ffffff1b
ffffff49
1bd
fffffed2
ffffffe3
12e
fffffef6
31
bb
ffffff22
49
6e
ffffff44
6b
cdd
fffff5b7
3dc
1cf
fffffc4e
1b1
1d
ffffff4d
ffffff63
fd
ffffff73
ffffff67
14d
ffffff31
ffffffc9
100
1000
fffff381
424
294
fffffbbf
17c
a8
ffffff3b
ffffff16
191
ffffff36
ffffff3e
1a6
fffffeee
ffffffcc
126
ffffff00
21
b6
ffffff29
4b
62
ffffff53
6b
cce
fffff59d
3bb
1e8
fffffc6e
181
48
ffffff6c
ffffff68
10f
ffffff7f
ffffff5f
140
ffffff3d
ffffffc2
f3
1000
fffff2f0
45b
263
fffffc07
1a3
5c
ffffff83
fffffeed
18f
ffffff6e
ffffff0f
1bd
fffffee7
ffffffbc
13c
fffffeeb
32
af
ffffff1d
64
49
ffffff5f
76
cb3
fffff542
3e0
1b2
fffffcc0
18f
a
ffffffb8
ffffff30
11a
ffffffb3
ffffff25
168
ffffff2e
ffffffad
118
1000
fffff261
496
23e
fffffc47
1ca
e
ffffffbb
fffffedf
17b
ffffffa5
fffffef6
1ac
fffffefe
ffffffaa
13a
fffffefb
27
ab
ffffff24
62
44
ffffff68
74
cab
fffff4dc
409
191
fffffcfe
1a3
ffffffd1
ffffffe6
ffffff21
10f
ffffffd9
ffffff15
158
ffffff40
ffffffa4
10f
1000
fffff1d8
4e1
20e
fffffc8f
202
ffffff96
ffffffe2
fffffec1
179
ffffffd4
fffffecd
1ba
fffffef0
ffffffa8
155
fffffee6
36
a7
ffffff15
78
39
ffffff66
80
c9b
fffff477
448
161
fffffd42
1ca
ffffff6e
e
fffffefe
114
0
fffffeed
16e
ffffff2c
ffffffa5
12a
1000
fffff150
534
1dc
fffffcdc
22f
ffffff16
13
fffffea4
181
fffffffe
fffffe9e
1c6
fffffee4
ffffffad
16d
fffffed1
42
9f
ffffff0f
8c
2a
ffffff6c
81
c8f
fffff418
485
137
fffffd87
1e5
ffffff0e
36
fffffee4
11e
1e
fffffec8
178
ffffff21
ffffffaa
13d
1000
fffff0ad
5be
176
fffffd45
27e
fffffe37
66
fffffe6e
196
3f
fffffe39
1f0
fffffecc
ffffffb2
1b0
fffffe93
58
a6
fffffeec
c2
13
ffffff59
a1
c6c
fffff3a9
4ff
c8
fffffdf3
217
fffffe56
8f
fffffea1
13b
56
fffffe66
1b0
ffffff02
ffffffab
181
1000
fffff00c
64d
112
fffffdae
2be
fffffd59
bb
fffffe46
1bc
65
fffffdd8
216
fffffeb1
ffffffdd
1d4
fffffe58
73
99
fffffeee
e9
fffffff1
ffffff55
ac
c5b
fffff33e
56f
64
fffffe58
240
fffffda8
e1
fffffe6d
164
73
fffffe11
1df
fffffedc
ffffffd2
1a4
1000
fffff205
524
1a8
fffffc96
27b
fffffefb
ffffffaf
fffffe91
171
ffffffd1
fffffecb
1d8
fffffeb4
ffffffd0
17e
fffffecb
59
a8
fffffefa
8e
41
ffffff4d
8d
c99
fffff483
494
10a
fffffd39
240
fffffee4
ffffffe5
fffffee9
fc
8
fffffeec
17c
ffffff0a
ffffffb9
150
1000
fffff3ff
458
251
fffffb94
1c7
53
fffffef2
fffffef4
172
ffffff04
ffffff5a
1c8
fffffec2
fffffffa
134
fffffef3
42
be
ffffff1f
47
73
ffffff3c
66
ce8
fffff5d9
3f3
1c1
fffffc28
1dd
fffffffe
ffffff21
ffffff69
e4
ffffff5b
ffffff7e
151
ffffff23
ffffffdf
104
1000
fffff3c0
43c
272
fffffbac
19e
81
ffffff17
fffffeff
18d
ffffff1b
ffffff46
1c2
fffffed0
ffffffdf
138
fffffeec
34
c1
ffffff16
54
69
ffffff40
75
1c
ffffff7a
7e
ffffffda
ffffffc5
63
ffffffbc
5
ce4
fffff60b
381
1ee
fffffc7a
165
4f
ffffff51
1000
fffff381
424
293
fffffbc1
17c
a5
ffffff42
ffffff0f
193
ffffff3d
ffffff31
1b1
fffffeed
ffffffc2
135
fffffef6
20
c1
ffffff1b
54
63
ffffff4a
76
11
ffffff8b
77
ffffffd4
ffffffd6
52
ffffffc1
e
cd4
fffff5e4
36e
1fe
fffffc96
146
67
ffffff7c
1000
fffff2f0
45b
264
fffffc07
1a2
5f
ffffff7e
fffffef1
18e
ffffff6b
ffffff16
1b4
fffffeed
ffffffbb
137
fffffef2
2d
b1
ffffff1e
61
4e
ffffff5a
79
cb4
fffff53e
3e6
1ae
fffffcc1
192
7
ffffffb7
ffffff35
114
ffffffb3
ffffff2d
15a
ffffff39
ffffffad
10d
1000
fffff261
496
23e
fffffc48
1ca
e
ffffffbb
fffffedf
17b
ffffffa5
fffffef6
1ac
fffffefe
ffffffaa
13a
fffffefb
27
ab
ffffff24
62
44
ffffff68
74
cab
fffff4dc
409
191
fffffcff
1a3
ffffffd1
ffffffe6
ffffff21
10f
ffffffd9
ffffff15
158
ffffff40
ffffffa4
10f
1000
fffff1d8
4e1
20f
fffffc8e
202
ffffff97
ffffffe0
fffffec3
179
ffffffd3
fffffece
1b8
fffffef3
ffffffa4
157
fffffee8
30
ae
ffffff12
76
3f
ffffff60
82
c9e
fffff472
44b
162
fffffd3f
1cc
ffffff70
a
ffffff03
112
fffffffe
fffffef1
167
ffffff33
ffffffa0
128
1000
fffff150
534
1dc
fffffcdc
230
ffffff15
13
fffffea6
17f
0
fffffe9d
1c5
fffffee6
ffffffaa
16f
fffffed0
42
a0
ffffff0c
90
27
ffffff6c
85
c8a
fffff41c
484
135
fffffd8a
1e2
ffffff0e
37
fffffee4
11f
1f
fffffec6
179
ffffff21
ffffffa6
141
1000
fffff0ad
5bd
179
fffffd41
281
fffffe38
5f
fffffe76
192
3b
fffffe44
1e5
fffffecf
ffffffbb
19f
fffffea3
53
9c
ffffff00
b0
18
ffffff64
8d
c7d
fffff3a6
4f2
de
fffffde2
219
fffffe64
79
fffffeaf
13d
45
fffffe7a
1a6
fffffefc
ffffffbc
16f
1000
fffff00c
64d
112
fffffdae
2bf
fffffd58
b9
fffffe4c
1b3
6c
fffffdda
209
fffffec3
ffffffd1
1d1
fffffe6b
59
ac
fffffeee
d5
d
ffffff41
ad
c6c
fffff325
582
60
fffffe4b
257
fffffd93
e7
fffffe79
14b
8c
fffffe07
1d3
fffffef9
ffffffb4
1b1
1000
fffff205
523
1ab
fffffc92
27e
fffffefd
ffffffa8
fffffe99
16c
ffffffce
fffffed5
1cd
fffffeba
ffffffd3
173
fffffed9
50
a6
ffffff06
7d
4d
ffffff4d
81
caa
fffff478
492
118
fffffd2a
247
fffffee9
ffffffd9
fffffef3
fa
1
fffffef6
176
ffffff09
ffffffc0
147
1000
fffff3ff
458
251
fffffb94
1c8
51
fffffef4
fffffef3
170
ffffff09
ffffff55
1c9
fffffec6
fffffff4
139
fffffef2
3f
c3
ffffff1b
48
75
ffffff38
69
ce6
fffff5db
3f2
1c1
fffffc2a
1da
1
ffffff20
ffffff69
e5
ffffff5b
ffffff80
14c
ffffff29
ffffffdd
100
1000
fffff3c0
43c
273
fffffbaa
1a1
80
ffffff13
ffffff08
186
ffffff19
ffffff52
1b4
fffffed5
ffffffe8
126
fffffefb
33
b3
ffffff29
49
67
ffffff4c
68
cd9
fffff5bf
3d5
1d3
fffffc4f
1ae
23
ffffff46
ffffff69
fb
ffffff6d
ffffff71
145
ffffff31
ffffffd1
f7
1000
fffff381
424
294
fffffbbf
17d
a7
ffffff3b
ffffff19
18c
ffffff3b
ffffff3c
1a3
fffffef6
ffffffc2
12e
ffffff00
18
c5
ffffff1c
4e
6c
ffffff41
7a
cca
fffff593
3cd
1d8
fffffc72
18b
37
ffffff7a
ffffff66
104
ffffff91
ffffff51
143
ffffff48
ffffffad
108
1000
fffff2f0
45b
265
fffffc04
1a6
5d
ffffff7c
fffffef6
189
ffffff6d
ffffff16
1b4
fffffeec
ffffffbc
138
fffffef0
2e
b2
ffffff1a
66
4a
ffffff5a
7e
cab
fffff547
3e2
1ab
fffffcca
188
e
ffffffb5
ffffff30
11e
ffffffaa
ffffff2f
163
ffffff2a
ffffffb8
10b
1000
fffff261
496
23e
fffffc47
1cb
c
ffffffbc
fffffee0
176
ffffffac
fffffef1
1ab
ffffff05
ffffffa0
141
fffffefd
1d
b7
ffffff1d
5e
51
ffffff59
7b
cb1
fffff4ce
415
18f
fffffcf5
1b2
ffffffc5
ffffffe7
ffffff2a
ff
ffffffe9
ffffff0f
151
ffffff50
ffffff92
119
1000
fffff1d8
4e1
210
fffffc8b
205
ffffff97
ffffffdb
fffffecb
172
ffffffd3
fffffed5
1af
fffffef9
ffffffa4
153
fffffeec
2e
af
ffffff10
78
40
ffffff59
8d
c96
fffff470
457
155
fffffd43
1d2
ffffff63
13
ffffff03
109
8
fffffeec
166
ffffff3a
ffffff97
130
1000
fffff150
534
1dc
fffffcdc
230
ffffff15
13
fffffea6
17f
0
fffffe9d
1c5
fffffee6
ffffffaa
16f
fffffed0
42
a0
ffffff0c
90
27
ffffff6c
85
c8a
fffff41c
484
135
fffffd8a
1e2
ffffff0e
37
fffffee4
11f
1f
fffffec6
179
ffffff21
ffffffa6
141
1000
fffff0ad
5bd
179
fffffd41
281
fffffe37
61
fffffe76
18f
3f
fffffe41
1e4
fffffed4
ffffffb3
1a6
fffffea1
4e
a6
fffffef4
b9
19
ffffff58
9f
ffffffb8
ffffffd5
71
ffffff9c
23
1a
ffffffc1
43
c91
fffff3d0
4b2
f9
fffffdfa
1f2
fffffe7d
79
1000
fffff00c
64d
113
fffffdac
2c2
fffffd54
bd
fffffe49
1b3
70
fffffdd2
211
fffffec0
ffffffcd
1dc
fffffe5e
62
ab
fffffee5
e4
ffffffff
ffffff47
b2
ffffffa9
ffffffe1
77
ffffff87
2d
1a
ffffffbd
50
c85
fffff353
528
a0
fffffe5c
21b
fffffdc9
c9
1000
fffff205
523
1ac
fffffc91
27d
fffffefd
ffffffaa
fffffe97
16b
ffffffd4
fffffecc
1d3
fffffebc
ffffffc9
181
fffffecf
50
b0
fffffef8
87
4c
ffffff44
8f
ffffffe9
ffffff94
89
ffffffb5
ffffffef
4e
ffffffab
2f
cbd
fffff4bc
448
12a
fffffd56
207
ffffff0d
ffffffe8
1000
fffff3ff
459
250
fffffb95
1c8
50
fffffef6
fffffef0
172
ffffff09
ffffff52
1ce
fffffec1
fffffff5
13d
fffffeec
44
c1
ffffff19
4c
72
ffffff38
6c
2d
ffffff64
84
ffffffe4
ffffffb1
74
ffffffb8
ffffffff
cf0
fffff634
39d
1d4
fffffc63
18f
1e
ffffff3c
1000
fffff3c0
43c
273
fffffbaa
19f
82
ffffff14
ffffff04
18a
ffffff1a
ffffff4b
1bc
fffffed3
ffffffe1
132
fffffef3
31
be
ffffff1c
4f
6b
ffffff42
71
cd6
fffff5bb
3dd
1cb
fffffc53
1ae
1e
ffffff50
ffffff60
ff
ffffff74
ffffff63
151
ffffff2f
ffffffc7
107
1000
fffff381
424
294
fffffbbf
17d
a6
ffffff3e
ffffff14
190
ffffff3b
ffffff37
1aa
fffffef1
ffffffc3
12f
fffffefe
1b
c1
ffffff20
4c
6a
ffffff47
73
cce
fffff595
3c7
1de
fffffc70
188
3b
ffffff79
ffffff61
10b
ffffff8e
ffffff4d
14a
ffffff43
ffffffaf
106
1000
fffff2f0
45a
266
fffffc04
1a5
5d
ffffff7f
fffffef2
18a
ffffff70
ffffff12
1b6
fffffeef
ffffffb5
13e
fffffeef
2a
b7
ffffff18
63
4e
ffffff58
7b
cb2
fffff541
3e2
1b2
fffffcbf
190
c
ffffffb2
ffffff36
117
ffffffaf
ffffff2d
15e
ffffff34
ffffffac
116
1000
fffff261
496
23f
fffffc45
1cd
c
ffffffbb
fffffee1
177
ffffffaa
fffffef2
1ac
ffffff03
ffffffa2
142
fffffef8
23
b4
ffffff1a
67
46
ffffff5f
7f
ca4
fffff4dc
40e
18b
fffffd01
1a5
ffffffcd
ffffffea
ffffff1d
10f
ffffffdc
ffffff0f
15f
ffffff3c
ffffffa1
118
1000
fffff1d8
4e0
210
fffffc8d
202
ffffff99
ffffffdd
fffffec6
177
ffffffd2
fffffed1
1b6
fffffef3
ffffffa6
155
fffffee8
32
ac
ffffff11
78
3d
ffffff60
84
c9c
fffff472
44c
161
fffffd3e
1ce
ffffff70
8
ffffff07
10f
fffffffc
fffffef6
164
ffffff32
ffffffa5
123
1000
fffff150
534
1dd
fffffcda
233
ffffff11
17
fffffea4
17c
7
fffffe96
1c7
fffffeec
ffffffa0
177
fffffed0
39
ad
ffffff03
8f
31
ffffff5f
8d
c8a
fffff415
48c
131
fffffd87
1e9
ffffff08
3a
fffffee4
11a
24
fffffec4
177
ffffff29
ffffff9e
144
1000
fffff0ad
5bd
17a
fffffd3f
283
fffffe36
61
fffffe76
18e
42
fffffe3c
1e9
fffffed3
ffffffaf
1ad
fffffe9b
50
a9
fffffeef
bc
18
ffffff57
a1
c6d
fffff3a8
500
c8
fffffdf2
218
fffffe54
92
fffffea0
138
5b
fffffe61
1b1
ffffff04
ffffffa5
185
1000
fffff00c
64d
113
fffffdac
2c2
fffffd54
bd
fffffe49
1b3
70
fffffdd2
211
fffffec0
ffffffcd
1dc
fffffe5e
62
ab
fffffee5
e4
ffffffff
ffffff47
b2
c5f
fffff334
578
61
fffffe53
24a
fffffd9d
e6
fffffe72
159
7f
fffffe0a
1da
fffffeec
ffffffc0
1ad
1000
fffff205
523
1ac
fffffc91
27d
fffffefd
ffffffaa
fffffe97
16b
ffffffd4
fffffecc
1d3
fffffebc
ffffffc9
181
fffffecf
50
b0
fffffef8
87
4c
ffffff44
8f
c9f
fffff478
49d
109
fffffd34
248
fffffedd
ffffffea
fffffee8
f8
11
fffffee1
184
ffffff0b
ffffffaf
15e
1000
fffff3ff
459
250
fffffb95
1c8
50
fffffef6
fffffef0
172
ffffff09
ffffff52
1ce
fffffec1
fffffff5
13d
fffffeec
44
c1
ffffff19
4c
72
ffffff38
6c
ce3
fffff5da
3f8
1ba
fffffc2e
1de
fffffff7
ffffff2b
ffffff61
e3
ffffff64
ffffff73
155
ffffff27
ffffffd6
10b
1000
fffff3c0
43c
273
fffffbaa
19f
82
ffffff14
ffffff04
18a
ffffff1a
ffffff4b
1bc
fffffed3
ffffffe1
132
fffffef3
31
be
ffffff1c
4f
6b
ffffff42
71
cd6
fffff5bb
3dd
1cb
fffffc53
1ae
1e
ffffff50
ffffff60
ff
ffffff74
ffffff63
151
ffffff2f
ffffffc7
107
1000
fffff381
424
294
fffffbbf
17d
a6
ffffff3e
ffffff14
190
ffffff3b
ffffff37
1aa
fffffef1
ffffffc3
12f
fffffefe
1b
c1
ffffff20
4c
6a
ffffff47
73
cce
fffff595
3c7
1de
fffffc70
188
3b
ffffff79
ffffff61
10b
ffffff8e
ffffff4d
14a
ffffff43
ffffffaf
106
1000
fffff2f0
45a
266
fffffc04
1a5
5d
ffffff7f
fffffef2
18a
ffffff70
ffffff12
1b6
fffffeef
ffffffb5
13e
fffffeef
2a
b7
ffffff18
63
4e
ffffff58
7b
cb2
fffff541
3e2
1b2
fffffcbf
190
c
ffffffb2
ffffff36
117
ffffffaf
ffffff2d
15e
ffffff34
ffffffac
116
1000
fffff261
496
23f
fffffc45
1cd
c
ffffffbb
fffffee1
177
ffffffaa
fffffef2
1ac
ffffff03
ffffffa2
142
fffffef8
23
b4
ffffff1a
67
46
ffffff5f
7f
ca4
fffff4dc
40e
18b
fffffd01
1a5
ffffffcd
ffffffea
ffffff1d
10f
ffffffdc
ffffff0f
15f
ffffff3c
ffffffa1
118
1000
fffff1d8
4e0
210
fffffc8d
202
ffffff99
ffffffdd
fffffec6
177
ffffffd2
fffffed1
1b6
fffffef3
ffffffa6
155
fffffee8
32
ac
ffffff11
78
3d
ffffff60
84
c9c
fffff472
44c
161
fffffd3e
1ce
ffffff70
8
ffffff07
10f
fffffffc
fffffef6
164
ffffff32
ffffffa5
123
1000
fffff150
534
1dd
fffffcda
233
ffffff11
17
fffffea4
17c
7
fffffe96
1c7
fffffeec
ffffffa0
177
fffffed0
39
ad
ffffff03
8f
31
ffffff5f
8d
c8a
fffff415
48c
131
fffffd87
1e9
ffffff08
3a
fffffee4
11a
24
fffffec4
177
ffffff29
ffffff9e
144
1000
fffff0ad
5bd
17a
fffffd3f
283
fffffe36
61
fffffe76
18e
42
fffffe3c
1e9
fffffed3
ffffffaf
1ad
fffffe9b
50
a9
fffffeef
bc
18
ffffff57
a1
c6d
fffff3a8
500
c8
fffffdf2
218
fffffe54
92
fffffea0
138
5b
fffffe61
1b1
ffffff04
ffffffa5
185
1000
fffff00c
64d
113
fffffdac
2c2
fffffd54
bd
fffffe49
1b3
70
fffffdd2
211
fffffec0
ffffffcd
1dc
fffffe5e
62
ab
fffffee5
e4
ffffffff
ffffff47
b2
c5f
fffff334
578
61
fffffe53
24a
fffffd9d
e6
fffffe72
159
7f
fffffe0a
1da
fffffeec
ffffffc0
1ad
1000
fffff205
523
1ac
fffffc91
27d
fffffefd
ffffffaa
fffffe97
16b
ffffffd4
fffffecc
1d3
fffffebc
ffffffc9
181
fffffecf
50
b0
fffffef8
87
4c
ffffff44
8f
c9f
fffff478
49d
109
fffffd34
248
fffffedd
ffffffea
fffffee8
f8
11
fffffee1
184
ffffff0b
ffffffaf
15e
1000
fffff3ff
459
250
fffffb95
1c8
50
fffffef6
fffffef0
172
ffffff09
ffffff52
1ce
fffffec1
fffffff5
13d
fffffeec
44
c1
ffffff19
4c
72
ffffff38
6c
ce3
fffff5da
3f8
1ba
fffffc2e
1de
fffffff7
ffffff2b
ffffff61
e3
ffffff64
ffffff73
155
ffffff27
ffffffd6
10b
1000
fffff3c0
43c
273
fffffbaa
19f
82
ffffff14
ffffff04
18a
ffffff1a
ffffff4b
1bc
fffffed3
ffffffe1
132
fffffef3
31
be
ffffff1c
4f
6b
ffffff42
71
cd6
fffff5bb
3dd
1cb
fffffc53
1ae
1e
ffffff50
ffffff60
ff
ffffff74
ffffff63
151
ffffff2f
ffffffc7
107
1000
fffff381
424
294
fffffbbf
17d
a6
ffffff3e
ffffff14
190
ffffff3b
ffffff37
1aa
fffffef1
ffffffc3
12f
fffffefe
1b
c1
ffffff20
4c
6a
ffffff47
73
cce
fffff595
3c7
1de
fffffc70
188
3b
ffffff79
ffffff61
10b
ffffff8e
ffffff4d
14a
ffffff43
ffffffaf
106
1000
fffff2f0
45a
266
fffffc04
1a5
5d
ffffff7f
fffffef2
18a
ffffff70
ffffff12
1b6
fffffeef
ffffffb5
13e
fffffeef
2a
b7
ffffff18
63
4e
ffffff58
7b
cb2
fffff541
3e2
1b2
fffffcbf
190
c
ffffffb2
ffffff36
117
ffffffaf
ffffff2d
15e
ffffff34
ffffffac
116
1000
fffff261
496
23f
fffffc45
1cd
c
ffffffbb
fffffee1
177
ffffffaa
fffffef2
1ac
ffffff03
ffffffa2
142
fffffef8
23
b4
ffffff1a
67
46
ffffff5f
7f
ca4
fffff4dc
40e
18b
fffffd01
1a5
ffffffcd
ffffffea
ffffff1d
10f
ffffffdc
ffffff0f
15f
ffffff3c
ffffffa1
118
1000
fffff1d8
4e1
210
fffffc8b
204
ffffff99
ffffffd9
fffffecc
172
ffffffd2
fffffed8
1ab
fffffefc
ffffffa4
150
fffffef1
29
b0
ffffff13
73
42
ffffff5d
85
ffffffe6
ffffffb1
70
ffffffba
ffffffff
36
ffffffbe
29
cb3
fffff4a6
405
184
fffffd4c
1a3
ffffff95
fffffffd
1000
fffff150
534
1dc
fffffcdc
22f
ffffff16
13
fffffea4
180
1
fffffe9b
1c6
fffffee7
ffffffa8
171
fffffed1
3d
a6
ffffff09
8d
30
ffffff61
8c
ffffffd6
ffffffbe
6e
ffffffb5
6
30
ffffffbf
2c
cb1
fffff43a
448
159
fffffd90
1c3
ffffff2f
2b
1000
fffff0ad
5bd
17a
fffffd3e
284
fffffe37
5c
fffffe7e
188
40
fffffe48
1d8
fffffede
ffffffb2
19d
fffffeb0
42
a8
fffffefe
a7
29
ffffff52
97
c81
fffff394
509
cf
fffffdde
22f
fffffe49
87
fffffebb
11e
62
fffffe72
192
ffffff1f
ffffffa1
172
1000
fffff00c
64d
112
fffffdaf
2bd
fffffd58
bc
fffffe47
1b6
6d
fffffdd5
20f
fffffec0
ffffffcf
1d8
fffffe64
5d
ac
fffffeea
db
8
ffffff43
af
c67
fffff32b
57e
60
fffffe50
24d
fffffd9b
e6
fffffe72
156
83
fffffe09
1d8
fffffef0
ffffffbc
1af
1000
fffff205
524
1aa
fffffc92
27f
fffffefb
ffffffaa
fffffe9a
168
ffffffd4
fffffed1
1ca
fffffec3
ffffffc9
179
fffffeda
49
b0
fffffefd
82
4f
ffffff45
8b
ffffffec
ffffff95
85
ffffffba
ffffffed
4b
ffffffb2
28
cc0
fffff4be
443
130
fffffd50
20b
ffffff0e
ffffffe0
1000
fffff3ff
459
24f
fffffb98
1c4
53
fffffef5
fffffef0
175
ffffff04
ffffff58
1c9
fffffec2
fffffffa
132
fffffef7
40
bc
ffffff25
41
74
ffffff41
5d
39
ffffff63
79
fffffff4
ffffffa6
72
ffffffc6
ffffffef
cf7
fffff63a
38f
1df
fffffc62
185
2c
ffffff33
1000
fffff3c0
43e
270
fffffbae
1a0
7b
ffffff1e
fffffeff
186
ffffff23
ffffff42
1bf
fffffed6
ffffffdc
134
fffffef3
31
bb
ffffff21
4d
66
ffffff4c
68
20
ffffff81
70
ffffffe6
ffffffc3
5b
ffffffc7
ffffffff
ce1
fffff614
37a
1ee
fffffc80
161
4d
ffffff57
1000
fffff382
423
295
fffffbc1
17b
a7
ffffff42
ffffff0e
195
ffffff3b
ffffff31
1b3
fffffeeb
ffffffc3
136
fffffef4
22
c1
ffffff19
56
63
ffffff48
78
11
ffffff88
7c
ffffffd0
ffffffd6
57
ffffffb9
14
cd3
fffff5e1
374
1fb
fffffc97
148
64
ffffff80
1000
fffff2f0
45d
263
fffffc05
1aa
56
ffffff83
fffffef7
180
ffffff79
ffffff0f
1b0
fffffef9
ffffffae
13f
fffffef3
24
bc
ffffff16
62
52
ffffff53
7f
cb2
fffff53c
3ec
1aa
fffffcc1
199
ffffffff
ffffffbb
ffffff3a
109
ffffffbe
ffffff27
157
ffffff43
ffffffa2
113
1000
fffff262
496
23d
fffffc4b
1c7
d
ffffffc2
fffffed6
180
ffffffaa
fffffee8
1ba
fffffef9
ffffffa1
14c
fffffeec
2a
b5
ffffff14
6d
45
ffffff5c
82
ca4
fffff4db
411
187
fffffd08
1a1
ffffffca
fffffff5
ffffff11
116
ffffffe2
ffffff00
16d
ffffff38
ffffff99
126
1000
fffff1d8
4e3
20e
fffffc8d
207
ffffff92
ffffffe1
fffffec9
16f
ffffffd9
fffffecf
1b2
fffffef9
ffffffa2
156
fffffee8
32
ac
ffffff0f
7d
37
ffffff62
89
c92
fffff47a
44e
156
fffffd4a
1cb
ffffff66
17
fffffefc
10e
8
fffffee7
16d
ffffff32
ffffff9e
12f
1000
fffff151
533
1de
fffffcdd
22e
ffffff16
17
fffffea0
183
2
fffffe94
1cf
fffffee2
ffffffa4
17d
fffffec2
46
a9
fffffefb
9e
26
ffffff5f
98
c7d
fffff41c
490
126
fffffd94
1e4
ffffff03
47
fffffed9
11e
2b
fffffeb5
184
ffffff23
ffffff9a
14f
1000
fffff0ad
5bf
177
fffffd41
286
fffffe31
66
fffffe77
188
49
fffffe3a
1e4
fffffedc
ffffffa8
1ad
fffffea1
47
b0
fffffeee
b6
21
ffffff51
a0
c75
fffff39e
507
c7
fffffdeb
225
fffffe4c
92
fffffea9
12d
60
fffffe64
1a8
ffffff0f
ffffffa1
182
1000
fffff00d
64c
114
fffffdae
2be
fffffd58
be
fffffe44
1b9
6d
fffffdcf
219
fffffeb7
ffffffd0
1e1
fffffe53
6d
a7
fffffedf
f2
fffffff2
ffffff4a
bc
c4e
fffff343
574
58
fffffe67
237
fffffda6
ed
fffffe5e
16c
79
fffffe01
1ed
fffffeda
ffffffc6
1b5
1000
fffff205
525
1a9
fffffc93
281
fffffef6
ffffffb0
fffffe98
164
ffffffdd
fffffec7
1cf
fffffec5
ffffffc1
182
fffffed4
4a
b3
fffffefa
83
4e
ffffff47
88
ca5
fffff479
497
112
fffffd2e
24a
fffffee1
ffffffe1
fffffef2
f1
f
fffffeeb
175
ffffff14
ffffffb1
151
1000
fffff400
458
251
fffffb98
1c3
53
fffffefa
fffffee8
17a
ffffff08
ffffff4a
1da
fffffeb9
fffffff4
147
fffffede
4e
c1
ffffff0f
5b
64
ffffff3e
71
cd5
fffff5eb
3ee
1b8
fffffc3d
1ca
3
ffffff2f
ffffff50
f8
ffffff5a
ffffff6c
167
ffffff16
ffffffdd
113
1000
fffff3c0
43f
26f
fffffbae
1a1
7b
ffffff1c
ffffff03
182
ffffff25
ffffff45
1b6
fffffee1
ffffffd5
132
fffffeff
21
c7
ffffff20
41
79
ffffff3d
6b
ce1
fffff5b3
3de
1d0
fffffc4c
1b4
1c
ffffff4d
ffffff66
f7
ffffff79
ffffff64
14a
ffffff37
ffffffc2
105
1000
fffff382
423
295
fffffbc1
17a
a9
ffffff3f
ffffff11
194
ffffff39
ffffff35
1af
fffffeeb
ffffffc7
130
fffffef8
22
bd
ffffff1f
52
63
ffffff4b
75
cc7
fffff59d
3c3
1dd
fffffc78
181
40
ffffff7b
ffffff5c
111
ffffff89
ffffff4d
14f
ffffff3a
ffffffb6
106
1000
fffff2f1
45b
265
fffffc06
1a4
5e
ffffff7e
fffffef5
188
ffffff6f
ffffff15
1b2
fffffef0
ffffffb8
139
fffffef3
29
b5
ffffff1c
60
50
ffffff58
79
0
ffffff9d
70
ffffffcd
ffffffe4
49
ffffffbf
17
cca
fffff577
39a
1d5
fffffcd4
15f
32
ffffffac
1000
fffff261
497
23c
fffffc4c
1c6
10
ffffffbf
fffffed6
184
ffffffa3
fffffeed
1bb
fffffef2
ffffffaa
147
fffffee9
33
ac
ffffff17
72
3a
ffffff66
80
ffffffe7
ffffffb8
64
ffffffc2
0
2c
ffffffcc
20
cb2
fffff51c
3bf
1ad
fffffd1d
168
fffffffd
ffffffe4
1000
fffff1d9
4e1
20e
fffffc92
1fe
ffffff99
ffffffe2
fffffebf
17d
ffffffcf
fffffed0
1ba
fffffeed
ffffffac
152
fffffee5
3a
a3
ffffff16
7b
34
ffffff69
82
ffffffdf
ffffffbd
66
ffffffbd
4
2d
ffffffc5
28
caf
fffff4ad
402
180
fffffd59
197
ffffff99
6
1000
fffff150
535
1db
fffffce0
22b
ffffff19
13
fffffea2
187
fffffff7
fffffea2
1c6
fffffee0
ffffffb2
16b
fffffecf
46
9d
ffffff0c
93
25
ffffff6a
8b
ffffffce
ffffffc9
68
ffffffb2
10
26
ffffffc3
30
ca8
fffff442
447
154
fffffd9a
1b9
ffffff33
2d
1000
fffff0ad
5bf
176
fffffd45
280
fffffe33
6b
fffffe6b
195
42
fffffe36
1f1
fffffecc
ffffffb3
1ad
fffffe98
54
a6
fffffef1
bb
19
ffffff57
9e
c73
fffff3a2
503
ca
fffffdec
220
fffffe4f
92
fffffea5
133
5c
fffffe65
1ab
ffffff09
ffffffa6
17f
1000
fffff00c
64e
111
fffffdb2
2ba
fffffd5b
be
fffffe40
1c1
63
fffffdd7
219
fffffead
ffffffe1
1d2
fffffe58
76
95
fffffef1
e8
ffffffed
ffffff5d
a4
c5d
fffff344
564
6d
fffffe59
235
fffffdb7
d8
fffffe6b
16f
66
fffffe18
1e0
fffffed5
ffffffdc
19c
1000
fffff205
525
1aa
fffffc92
280
fffffef9
ffffffad
fffffe97
16a
ffffffd4
fffffecd
1d1
fffffebc
ffffffcb
17d
fffffed3
4e
af
fffffefc
83
4e
ffffff46
89
fffffff0
ffffff92
85
ffffffbd
ffffffe8
4f
ffffffb1
27
cc2
fffff4bc
447
12b
fffffd56
208
ffffff0b
ffffffec
1000
fffff3ff
459
250
fffffb97
1c5
53
fffffef6
fffffeee
177
ffffff04
ffffff54
1d0
fffffebb
fffffffd
138
fffffee9
4f
b4
ffffff1f
52
61
ffffff4a
64
26
ffffff77
70
ffffffed
ffffffb8
61
ffffffcb
fffffff7
ce9
fffff644
38e
1d9
fffffc6c
17f
2b
ffffff39
1000
fffff3c0
43e
272
fffffbab
1a2
7e
ffffff16
ffffff07
184
ffffff1d
ffffff4e
1b4
fffffed9
ffffffe3
127
fffffeff
2d
b6
ffffff2c
42
6c
ffffff4d
62
cde
fffff5bf
3d0
1d8
fffffc4e
1a9
2b
ffffff44
ffffff66
103
ffffff67
ffffff71
149
ffffff2c
ffffffd4
f5
1000
fffff381
425
292
fffffbc3
17a
a7
ffffff40
ffffff12
191
ffffff3b
ffffff37
1aa
fffffef0
ffffffc5
12e
fffffefc
1f
bd
ffffff21
4f
65
ffffff4b
73
cca
fffff59b
3c2
1de
fffffc75
182
40
ffffff79
ffffff5e
10f
ffffff8b
ffffff4d
14e
ffffff3c
ffffffb4
109
1000
fffff2f0
45c
264
fffffc06
1a5
5b
ffffff82
fffffef0
18c
ffffff6e
ffffff13
1b7
fffffeeb
ffffffbc
139
fffffeee
31
af
ffffff1b
67
47
ffffff5d
7c
cad
fffff545
3e4
1ac
fffffcc6
18e
8
ffffffb9
ffffff32
116
ffffffb3
ffffff2a
15f
ffffff34
ffffffad
111
1000
fffff261
497
23c
fffffc4c
1c6
10
ffffffbe
fffffed9
180
ffffffa4
fffffef1
1b4
fffffef8
ffffffaa
141
fffffef1
2e
ab
ffffff1d
6c
3d
ffffff67
7c
ca2
fffff4e2
409
18c
fffffd06
19d
ffffffd4
ffffffe7
ffffff1b
116
ffffffd5
ffffff13
15f
ffffff39
ffffffa6
115
1000
fffff1d8
4e2
20f
fffffc8d
205
ffffff96
ffffffdf
fffffec6
176
ffffffd2
fffffed3
1b4
fffffef2
ffffffaa
151
fffffee9
35
a7
ffffff16
76
3c
ffffff63
81
c9d
fffff473
44d
161
fffffd3d
1d2
ffffff6a
a
ffffff08
10b
2
fffffef3
163
ffffff35
ffffffa2
125
1000
fffff150
535
1dc
fffffcdd
22f
ffffff15
16
fffffea2
181
1
fffffe99
1c9
fffffee5
ffffffa8
173
fffffecd
41
a5
ffffff06
93
2a
ffffff63
90
c84
fffff418
491
128
fffffd92
1e6
ffffff02
46
fffffed9
11d
29
fffffeb8
184
ffffff21
ffffffa0
14c
1000
fffff0ad
5bf
177
fffffd42
283
fffffe35
64
fffffe74
18f
41
fffffe3e
1e6
fffffed4
ffffffb2
1a6
fffffea2
4d
a5
fffffef8
b3
1b
ffffff5c
97
c76
fffff3a5
4fe
cd
fffffded
21c
fffffe56
8c
fffffea7
135
58
fffffe69
1a8
ffffff09
ffffffaa
179
1000
fffff00c
64e
111
fffffdb2
2ba
fffffd5b
be
fffffe40
1c1
63
fffffdd7
219
fffffead
ffffffe1
1d2
fffffe58
76
95
fffffef1
e8
ffffffed
ffffff5d
a4
c5d
fffff344
564
6d
fffffe59
235
fffffdb7
d8
fffffe6b
16f
66
fffffe18
1e0
fffffed5
ffffffdc
19c
1000
fffff205
525
1a8
fffffc95
27e
fffffef7
ffffffb2
fffffe92
16c
ffffffd7
fffffec7
1d6
fffffebb
ffffffc8
181
fffffed0
4e
b2
fffffef8
85
4f
ffffff42
8e
ffffffed
ffffff90
8b
ffffffb7
ffffffea
53
ffffffa9
2d
cc3
fffff4b4
450
127
fffffd51
213
ffffff00
ffffffee
1000
fffff3ff
459
250
fffffb99
1c1
57
fffffef3
fffffeee
17a
fffffeff
ffffff58
1cf
fffffeb9
ffffffff
137
fffffeea
4d
b8
ffffff1d
51
67
ffffff42
69
28
ffffff6f
79
ffffffe9
ffffffb4
6a
ffffffc3
fffffff8
cef
fffff63c
393
1d9
fffffc69
180
2e
ffffff36
1000
fffff3c0
43d
273
fffffbaa
1a1
80
ffffff11
ffffff0c
180
ffffff1e
ffffff52
1ac
fffffee2
ffffffde
126
ffffff07
22
c0
ffffff29
3b
7a
ffffff40
66
ce6
fffff5af
3df
1d5
fffffc44
1bb
1b
ffffff45
ffffff75
ec
ffffff79
ffffff70
13a
ffffff42
ffffffc3
f9
1000
fffff381
424
294
fffffbc1
179
aa
ffffff3c
ffffff12
196
ffffff33
ffffff3d
1a9
fffffeec
ffffffcc
128
fffffeff
20
ba
ffffff24
4f
62
ffffff4e
73
cc7
fffff59e
3c1
1dd
fffffc79
17d
44
ffffff78
ffffff5b
115
ffffff84
ffffff53
14d
ffffff38
ffffffbc
101
1000
fffff2f0
45b
265
fffffc05
1a4
5e
ffffff7b
fffffef7
189
ffffff6a
ffffff1d
1ab
fffffef2
ffffffbe
12e
fffffefd
27
ae
ffffff27
57
53
ffffff5d
70
cbd
fffff53b
3e0
1bb
fffffcb5
196
e
ffffffa6
ffffff46
10e
ffffffaa
ffffff3e
14c
ffffff3c
ffffffb5
100
1000
fffff261
496
23f
fffffc47
1ca
e
ffffffbc
fffffedd
17b
ffffffa9
fffffeef
1b1
fffffefe
ffffffa4
142
fffffef7
24
b3
ffffff1c
64
4a
ffffff5d
7d
cab
fffff4d3
416
189
fffffcfc
1ae
ffffffc3
ffffffef
ffffff20
105
ffffffe9
ffffff08
15c
ffffff48
ffffff94
11d
1000
fffff1d8
4e1
210
fffffc8c
202
ffffff9a
ffffffd9
fffffeca
177
ffffffcb
fffffedd
1ac
fffffef4
ffffffb0
146
fffffef2
33
a0
ffffff20
70
3a
ffffff6a
7b
c9f
fffff475
449
163
fffffd3e
1cd
ffffff6e
8
ffffff09
10b
fffffffe
fffffef9
15d
ffffff3a
ffffffa2
120
1000
fffff150
534
1dd
fffffcdc
22f
ffffff15
15
fffffea2
182
0
fffffe99
1ca
fffffee4
ffffffa8
175
fffffeca
42
a7
ffffff02
96
2a
ffffff60
93
c82
fffff419
490
127
fffffd92
1e6
ffffff02
45
fffffeda
11d
2a
fffffeb9
180
ffffff25
ffffff9e
149
1000
fffff0ad
5be
178
fffffd41
282
fffffe37
5e
fffffe7b
18b
3f
fffffe47
1db
fffffedb
ffffffb4
19c
fffffeb0
43
a5
ffffff02
a5
26
ffffff5a
8f
ffffffcd
ffffffc8
6f
ffffffab
12
23
ffffffc3
39
c9c
fffff3ca
4b2
fc
fffffdf7
1f3
fffffe7f
74
1000
fffff00c
64d
113
fffffdae
2bd
fffffd5a
ba
fffffe46
1bd
63
fffffdda
215
fffffeb1
ffffffde
1d3
fffffe5a
6f
9e
fffffeeb
e7
fffffff7
ffffff4e
af
ffffffa8
ffffffe3
76
ffffff87
2d
1a
ffffffbd
50
c85
fffff353
528
a0
fffffe5e
217
fffffdce
c6
1000
fffff205
525
1a8
fffffc96
27b
fffffefb
ffffffaf
fffffe94
16b
ffffffd6
fffffecc
1ce
fffffec3
ffffffc5
17d
fffffeda
45
b4
fffffefd
7d
55
ffffff41
8a
fffffff2
ffffff8d
8b
ffffffb9
ffffffe8
53
ffffffab
2b
cc3
fffff4b7
44b
12b
fffffd51
20c
ffffff0b
ffffffe5
1000
fffff3ff
458
251
fffffb96
1c3
57
fffffef2
fffffeee
17b
fffffeff
ffffff56
1d3
fffffeb7
fffffffd
13d
fffffee3
50
ba
ffffff16
58
63
ffffff41
6e
21
ffffff74
79
ffffffe4
ffffffba
67
ffffffc2
fffffffd
cea
fffff63e
393
1d7
fffffc6a
180
2e
ffffff37
1000
fffff3c0
43d
271
fffffbae
19c
81
ffffff19
fffffefd
18e
ffffff1c
ffffff44
1c3
fffffecf
ffffffe1
135
fffffeee
37
b9
ffffff1e
52
63
ffffff4b
6d
cd2
fffff5c5
3d3
1cf
fffffc58
1a3
28
ffffff4c
ffffff5c
108
ffffff6c
ffffff64
156
ffffff27
ffffffcd
106
1000
fffff381
424
294
fffffbc0
17a
ab
ffffff3b
ffffff12
198
ffffff31
ffffff3d
1ad
fffffee5
ffffffd1
129
fffffef8
28
b6
ffffff22
54
5e
ffffff50
72
cc8
fffff59d
3c0
1e2
fffffc71
183
44
ffffff71
ffffff63
111
ffffff83
ffffff57
149
ffffff39
ffffffbc
101
1000
fffff2f0
45b
264
fffffc06
1a4
5b
ffffff84
fffffeed
18d
ffffff72
ffffff09
1c1
fffffee8
ffffffb5
146
fffffee4
31
b9
ffffff0f
6d
4b
ffffff52
85
cab
fffff53f
3ea
1a9
fffffcc4
192
6
ffffffb8
ffffff34
115
ffffffb3
ffffff29
161
ffffff33
ffffffad
114
1000
fffff261
496
23e
fffffc48
1c8
10
ffffffbc
fffffed9
183
ffffffa2
fffffef0
1b9
fffffef1
ffffffae
142
fffffeec
35
a6
ffffff1e
6f
38
ffffff6d
77
ca3
fffff4e5
402
194
fffffd02
19b
ffffffd9
ffffffe3
ffffff19
11c
ffffffd0
ffffff13
165
ffffff2f
ffffffac
115
1000
fffff1d8
4e1
20f
fffffc8e
201
ffffff98
ffffffe0
fffffec1
17a
ffffffd3
fffffecc
1bc
fffffef1
ffffffa2
15d
fffffee1
32
b2
ffffff0a
7c
3f
ffffff59
8c
c97
fffff471
455
155
fffffd47
1cd
ffffff66
17
fffffef9
112
8
fffffee2
175
ffffff2f
ffffff96
13d
1000
fffff150
534
1dc
fffffcdd
22e
ffffff16
15
fffffea1
185
fffffffc
fffffe9c
1cb
fffffedf
ffffffae
171
fffffeca
47
9f
ffffff08
95
25
ffffff6a
8a
c85
fffff41e
485
132
fffffd8f
1de
ffffff11
38
fffffede
127
18
fffffec8
17e
ffffff1a
ffffffad
13e
1000
fffff0ad
5be
177
fffffd43
27f
fffffe37
65
fffffe6f
194
41
fffffe38
1ee
fffffed1
ffffffad
1b0
fffffe9b
4b
b0
fffffeeb
b9
21
ffffff4d
a6
c70
fffff39f
509
c2
fffffdf1
21f
fffffe4c
95
fffffea2
133
5f
fffffe5f
1af
ffffff0a
ffffffa1
185
1000
fffff00c
64d
112
fffffdaf
2bc
fffffd5a
bc
fffffe43
1bf
64
fffffdd7
219
fffffeae
ffffffdf
1d5
fffffe56
75
97
fffffeef
ea
ffffffec
ffffff5b
aa
c56
fffff347
567
64
fffffe60
234
fffffdaf
e5
fffffe60
173
6d
fffffe0b
1ec
fffffed1
ffffffd4
1ab
1000
fffff205
524
1a9
fffffc95
27a
fffffefd
ffffffaf
fffffe8e
174
ffffffd0
fffffec8
1dd
fffffeb1
ffffffcf
182
fffffec8
58
ac
fffffef6
8e
45
ffffff47
91
c99
fffff480
499
105
fffffd3f
23a
fffffee5
ffffffee
fffffed9
109
7
fffffede
190
fffffefc
ffffffb8
15e
1000
fffff3ff
458
251
fffffb95
1c4
55
fffffef3
fffffeef
178
ffffff02
ffffff55
1d1
fffffeba
fffffffb
13c
fffffee6
4d
bc
ffffff17
54
68
ffffff3e
6d
cdc
fffff5e3
3f1
1bb
fffffc33
1d4
1
ffffff27
ffffff5f
ed
ffffff59
ffffff7a
157
ffffff1d
ffffffe1
107
1000
fffff3c0
43d
271
fffffbad
19d
80
ffffff19
fffffefe
18c
ffffff1e
ffffff42
1c4
fffffed1
ffffffdc
13c
fffffeea
34
c2
ffffff15
56
67
ffffff42
74
cd1
fffff5c0
3da
1cb
fffffc56
1a8
23
ffffff4e
ffffff5e
103
ffffff70
ffffff64
154
ffffff2d
ffffffc7
10b
1000
fffff381
424
294
fffffbc0
17a
ab
ffffff3b
ffffff12
198
ffffff31
ffffff3d
1ad
fffffee5
ffffffd1
129
fffffef8
28
b6
ffffff22
54
5e
ffffff50
72
cc8
fffff59d
3c0
1e2
fffffc71
183
44
ffffff71
ffffff63
111
ffffff83
ffffff57
149
ffffff39
ffffffbc
101
1000
fffff2f0
45b
264
fffffc06
1a4
5b
ffffff84
fffffeed
18d
ffffff72
ffffff09
1c1
fffffee8
ffffffb5
146
fffffee4
31
b9
ffffff0f
6d
4b
ffffff52
85
cab
fffff53f
3ea
1a9
fffffcc4
192
6
ffffffb8
ffffff34
115
ffffffb3
ffffff29
161
ffffff33
ffffffad
114
1000
fffff261
496
23e
fffffc48
1c8
10
ffffffbc
fffffed9
183
ffffffa2
fffffef0
1b9
fffffef1
ffffffae
142
fffffeec
35
a6
ffffff1e
6f
38
ffffff6d
77
ca3
fffff4e5
402
194
fffffd02
19b
ffffffd9
ffffffe3
ffffff19
11c
ffffffd0
ffffff13
165
ffffff2f
ffffffac
115
1000
fffff1d8
4e1
20f
fffffc8e
201
ffffff98
ffffffe0
fffffec1
17a
ffffffd3
fffffecc
1bc
fffffef1
ffffffa2
15d
fffffee1
32
b2
ffffff0a
7c
3f
ffffff59
8c
c97
fffff471
455
155
fffffd47
1cd
ffffff66
17
fffffef9
112
8
fffffee2
175
ffffff2f
ffffff96
13d
1000
fffff150
534
1dc
fffffcdd
22e
ffffff16
15
fffffea1
185
fffffffc
fffffe9c
1cb
fffffedf
ffffffae
171
fffffeca
47
9f
ffffff08
95
25
ffffff6a
8a
c85
fffff41e
485
132
fffffd8f
1de
ffffff11
38
fffffede
127
18
fffffec8
17e
ffffff1a
ffffffad
13e
1000
fffff0ad
5be
177
fffffd43
27f
fffffe37
65
fffffe6f
194
41
fffffe38
1ee
fffffed1
ffffffad
1b0
fffffe9b
4b
b0
fffffeeb
b9
21
ffffff4d
a6
c70
fffff39f
509
c2
fffffdf1
21f
fffffe4c
95
fffffea2
133
5f
fffffe5f
1af
ffffff0a
ffffffa1
185
1000
fffff00c
64d
112
fffffdaf
2bc
fffffd5a
bc
fffffe43
1bf
64
fffffdd7
219
fffffeae
ffffffdf
1d5
fffffe56
75
97
fffffeef
ea
ffffffec
ffffff5b
aa
c56
fffff347
567
64
fffffe60
234
fffffdaf
e5
fffffe60
173
6d
fffffe0b
1ec
fffffed1
ffffffd4
1ab
1000
fffff205
524
1a8
fffffc97
279
fffffefc
ffffffaf
fffffe91
16f
ffffffd4
fffffeca
1d4
fffffebd
ffffffc8
17f
fffffed3
4c
b1
fffffefb
83
4e
ffffff46
8a
ca4
fffff477
49b
10b
fffffd34
245
fffffee0
ffffffe8
fffffee8
f9
10
fffffee2
180
ffffff10
ffffffab
15e
1000
fffff3ff
458
251
fffffb96
1c4
54
fffffef3
fffffef1
175
ffffff05
ffffff55
1cc
fffffec3
fffffff4
13c
fffffef0
3f
c5
ffffff19
48
78
ffffff33
6d
ce6
fffff5d6
3f9
1bc
fffffc2c
1dd
fffffffb
ffffff26
ffffff64
e6
ffffff5f
ffffff77
154
ffffff27
ffffffd7
10b
1000
fffff3c0
43d
272
fffffbac
19f
7f
ffffff15
ffffff07
185
ffffff1b
ffffff50
1b3
fffffed7
ffffffe7
124
fffffeff
30
b2
ffffff2e
42
6b
ffffff4e
61
2a
ffffff78
75
ffffffe8
ffffffba
66
ffffffc0
fffffffd
cec
fffff605
384
1f2
fffffc71
171
45
ffffff4f
1000
fffff381
425
292
fffffbc4
178
a8
ffffff41
ffffff0e
196
ffffff39
ffffff34
1b1
fffffeea
ffffffc6
134
fffffef3
25
bf
ffffff18
5a
5f
ffffff49
7c
9
ffffff8f
7b
ffffffc9
ffffffe1
4e
ffffffba
1c
cc6
fffff5ea
373
1ef
fffffca8
13a
66
ffffff89
1000
fffff2f0
45c
263
fffffc08
1a4
5a
ffffff83
fffffef2
186
ffffff76
ffffff0e
1b4
fffffef5
ffffffb0
140
fffffef1
26
bc
ffffff14
65
52
ffffff50
84
cae
fffff53d
3ed
1a6
fffffcc8
18f
5
ffffffbc
ffffff31
115
ffffffb6
ffffff26
161
ffffff36
ffffffa9
117
1000
fffff261
497
23c
fffffc4b
1c7
f
ffffffbc
fffffedd
17c
ffffffa6
fffffef4
1ad
fffffeff
ffffffa7
13e
fffffef8
27
ae
ffffff1f
66
44
ffffff64
79
ca8
fffff4dc
40b
18e
fffffd02
1a1
ffffffd2
ffffffe5
ffffff1e
112
ffffffd7
ffffff16
159
ffffff3e
ffffffa4
112
1000
fffff1d8
4e2
20e
fffffc90
201
ffffff96
ffffffe2
fffffec2
178
ffffffd5
fffffecc
1ba
fffffef2
ffffffa4
159
fffffee3
35
ab
ffffff10
7c
38
ffffff64
83
c99
fffff477
44a
161
fffffd41
1ca
ffffff70
9
ffffff05
111
fffffffc
fffffef4
168
ffffff2f
ffffffa5
127
1000
fffff150
535
1db
fffffce0
22b
ffffff18
14
fffffea2
183
fffffffe
fffffe9c
1c6
fffffee6
ffffffaa
16f
fffffed1
3f
a4
ffffff09
90
2b
ffffff64
8d
c86
fffff419
48e
129
fffffd94
1e0
ffffff06
44
fffffed7
121
27
fffffeb9
183
ffffff21
ffffff9f
14b
1000
fffff0ad
5be
178
fffffd42
281
fffffe35
65
fffffe74
18e
44
fffffe3a
1e9
fffffed4
ffffffaf
1ac
fffffe9c
50
a7
fffffef2
ba
18
ffffff59
9e
c70
fffff3a6
500
c8
fffffdf1
21c
fffffe50
94
fffffea3
133
61
fffffe5e
1b0
ffffff09
ffffffa0
189
1000
fffff00c
64e
111
fffffdb2
2ba
fffffd5b
bb
fffffe47
1b8
69
fffffdd9
20e
fffffebc
ffffffd6
1d2
fffffe63
65
a1
fffffef1
dd
fffffffe
ffffff4f
a7
c67
fffff333
573
69
fffffe50
246
fffffda8
dc
fffffe76
15b
78
fffffe14
1d3
fffffeeb
ffffffc8
1a2
1000
fffff205
524
1aa
fffffc94
27c
fffffefb
ffffffad
fffffe96
16a
ffffffd6
fffffecc
1cf
fffffec1
ffffffc7
17d
fffffed7
49
b1
fffffefe
7e
52
ffffff47
83
cad
fffff472
497
118
fffffd26
24d
fffffee4
ffffffdb
fffffef8
f0
c
fffffef1
16f
ffffff18
ffffffb1
14d
1000
fffff3ff
459
250
fffffb99
1c1
57
fffffef3
fffffeee
179
ffffff02
ffffff56
1cd
fffffebf
fffffff8
13a
fffffeee
44
bf
ffffff1b
4c
6f
ffffff3d
67
ce4
fffff5df
3f0
1c0
fffffc30
1d2
6
ffffff22
ffffff60
f0
ffffff55
ffffff7c
156
ffffff1c
ffffffe2
105
1000
fffff3c0
43d
273
fffffbab
1a1
7c
ffffff19
ffffff04
183
ffffff24
ffffff45
1b9
fffffedb
ffffffdb
133
fffffef6
2e
be
ffffff20
4b
6b
ffffff47
6b
cd8
fffff5bf
3d5
1d5
fffffc4e
1ad
22
ffffff4a
ffffff65
fc
ffffff73
ffffff68
14b
ffffff32
ffffffcb
100
1000
fffff381
425
292
fffffbc4
178
a8
ffffff40
ffffff10
194
ffffff39
ffffff36
1ad
fffffeed
ffffffc7
12e
fffffefa
22
bb
ffffff21
52
60
ffffff50
72
cc6
fffff5a2
3bb
1e0
fffffc7b
177
4a
ffffff74
ffffff5c
117
ffffff80
ffffff55
14a
ffffff3a
ffffffbc
fe
1000
fffff2f0
45c
263
fffffc08
1a3
5a
ffffff84
fffffeef
18b
ffffff73
ffffff0c
1bc
fffffeeb
ffffffb5
143
fffffee7
30
b8
ffffff11
6d
49
ffffff55
84
ca9
fffff544
3e8
1a7
fffffcca
18b
7
ffffffbd
ffffff2d
11b
ffffffb3
ffffff23
169
ffffff2e
ffffffab
11c
1000
fffff261
497
23c
fffffc4b
1c7
f
ffffffbc
fffffedd
17c
ffffffa6
fffffef4
1ad
fffffeff
ffffffa7
13e
fffffef8
27
ae
ffffff1f
66
44
ffffff64
79
ca8
fffff4dc
40b
18e
fffffd02
1a1
ffffffd2
ffffffe5
ffffff1e
112
ffffffd7
ffffff16
159
ffffff3e
ffffffa4
112
1000
fffff1d8
4e1
210
fffffc8e
201
ffffff99
ffffffdd
fffffec6
177
ffffffd2
fffffed1
1b6
fffffef2
ffffffa8
154
fffffee7
34
a9
ffffff13
79
3a
ffffff62
84
ffffffe4
ffffffb4
6d
ffffffbc
fffffffe
37
ffffffbd
2a
cb4
fffff4a2
40c
17e
fffffd52
1a3
ffffff8e
8
1000
fffff150
534
1dc
fffffcdf
22c
ffffff17
14
fffffea3
183
fffffffd
fffffe9e
1c5
fffffee5
ffffffad
16b
fffffed3
42
9c
ffffff13
8a
28
ffffff70
7e
ffffffd9
ffffffc7
5f
ffffffc0
4
29
ffffffca
23
cb4
fffff43e
440
162
fffffd8c
1c0
ffffff34
24
