0
0
0
0
0
0
0
0
0
0
0
0
0
0
0
0
0
0
0
0
0
0
0
0
0
0
0
0
0
0
0
0
0
0
0
0
0
0
0
0
0
14fb
ffffeb30
874
ffffff1a
fffffbb9
2f7
fffffda0
ffffff1a
15d
fffffc27
1b7
45
fffffbc1
44c
fffffccb
fffffeca
3c6
fffffabe
2a6
a2
fffffba7
4d3
fffffced
ffffff01
40c
fffffaea
2db
d3
fffffbd1
4fd
fffffd14
ffffff24
42e
fffffb08
2f6
ed
fffffbe7
513
fffffd26
ffffff7a
397
fffffbf4
280
bc
fffffcc6
422
fffffdb2
ffffff6c
36d
fffffc08
279
c4
fffffcbc
41d
fffffdb8
ffffff62
363
fffffc11
267
bd
fffffcbe
411
fffffdaf
ffffff5f
360
fffffc08
265
b5
fffffcb6
40e
fffffdab
ffffff53
363
fffffc0f
256
ad
fffffcba
408
fffffda1
ffffffa5
297
fffffd88
14e
a3
fffffd93
24a
fffffead
ffffff87
246
fffffce3
219
6c
fffffd3d
384
fffffdec
ffffff68
2cf
fffffcba
1d0
95
fffffd70
2fd
fffffe4e
ffffff66
291
fffffd95
13d
86
fffffdce
245
fffffea1
ffffff85
258
fffffdb4
155
87
fffffd90
26e
fffffe85
ffffff26
ffffffb0
ffffff71
1b2
ffffff26
fffffeb3
29f
fffffec1
fffffebc
25
ffffff42
18a
ffffff62
fffffe7b
294
fffffeed
fffffe82
50
ffffffe5
ee
ffffff83
fffffea5
1fa
ffffff35
fffffeb5
a7
ffffff8a
100
ffffffcd
fffffe39
21b
fffffefc
fffffebd
18
fffffef9
211
ffffff13
fffffe8b
2d1
fffffeb6
ffffff53
ffffff83
ffffffa4
121
ffffffd4
ffffffcb
e7
ffffffaf
fffffec9
ffffffea
37
5e
20
ffffffd2
74
ffffffe8
fffffeda
6c
ffffff9c
c7
fffffff6
fffffe37
1c8
ffffff96
fffffe5e
23
9e
63
ffffffa6
4d
ca
ffffff64
ffffff1e
ffffff91
ffffff92
135
ffffffdf
ffffff97
133
ffffff73
ffffff1f
1d
3a
ffffffdd
7d
ffffff49
49
7b
ffffff52
1a
d
63
43
ffffffcc
b6
ffffffaf
fffffeaf
ffffff89
33
67
7d
a4
ffffffd9
3
ffffff24
21
1a
4
7c
ffffff25
7e
55
ffffff54
34
fffffff2
6d
4c
ffffffbe
be
ffffffb2
fffffe8a
ffffffe6
39
ffffffe4
f6
25
ffffffde
45
ffffff5a
46
fffffff3
ffffffe5
5d
ffffff67
46
15
ffffff7a
5b
ffffffdb
36
94
ffffff85
ab
1
fffffe7c
fffffff3
1c
10
df
18
f
a
ffffff7d
49
ffffffd5
6
48
ffffff66
54
7
ffffff35
ffffffff
d
48
fffffff8
fffffff1
3
ffffffce
ffffffff
ffffffef
fffffff0
7d
b
12
72
ffffff69
ffffffb2
ffffff79
ffffffaf
87
80
9a
ffffffed
ffffff8d
fffffffb
ffffffc7
e
2a
ffffffff
ffffffd2
1
1
ffffff79
ffffffe2
1e
22
1f
ffffffe2
fffffff8
fffffff3
fffffff2
ffffffdf
ffffffe2
b1
ffffffc5
37
4c
ffffff54
4
ffffff4b
ffffff7c
cf
16
6b
40
ffffff58
1d
ffffffa7
ffffffcb
9d
ffffffad
c
28
ffffff8d
27
ffffff84
ffffffee
99
ffffff9e
21
24
ffffff7f
42
ffffffc3
ffffffe1
b1
ffffffc9
3e
36
ffffff6b
a
ffffff91
ffffffea
8d
ffffffa0
25
25
ffffff8f
20
ffffff95
ffffffd0
2e
fffffff1
9
ffffffff
ffffffbc
1d
ffffffd0
ffffffd8
52
9
30
1b
ffffff8d
3
ffffff96
ffffffe4
90
ffffffa1
21
29
ffffff8f
18
ffffffa5
ffffffbc
40
ffffffe8
9
6
ffffffb8
fffffff5
ffffffe2
ffffffde
45
9
32
16
ffffff9a
fffffff5
ffffffb4
17
1a
ffffffea
1e
b
ffffffeb
ffffffdb
ffffffb6
ffffffcd
2d
ffffffed
fffffffd
1a
ffffffe9
fffffff7
ffffffe2
ffffffe0
42
f
2c
14
ffffffa3
ffffffe6
ffffffc4
b
1e
ffffffeb
1c
c
ffffffeb
ffffffd7
ffffffae
ffffffdf
e
7
fffffffc
ffffffff
b
ffffffd9
ffffffeb
22
1
34
fffffffd
ffffffeb
ffffffd6
ffffffb3
5
fffffff6
17
10
fffffff8
f
fffffff9
ffffffcc
ffffffb4
ffffffda
15
5
fffffff2
f
fffffffe
ffffffd9
fffffffb
d
f
33
fffffff3
fffffff8
ffffffcf
ffffff7e
1e
f
ffffffe5
3f
ffffffe8
fffffff7
1e
ffffffae
ffffffdc
fffffff1
ffffffe4
33
ffffffe8
fffffff6
1c
ffffffc0
fffffffb
ffffffff
f
49
ffffffdb
fffffffd
6
ffffff7c
1a
10
ffffffe9
3c
ffffffe0
6
f
ffffffb2
ffffffe4
ffffffe3
ffffffee
34
ffffffde
2
15
ffffffab
e
10
ffffffde
7c
ffffffc6
ffffffda
1b
ffffff89
11
21
ffffffd2
50
ffffffd5
fffffff4
1d
ffffff9a
fffffffa
ffffffea
fffffff0
4a
ffffffc5
3
35
ffffff92
22
1
ffffffea
79
ffffffbd
ffffffea
e
ffffff87
24
9
ffffffe2
52
ffffffc7
1
18
ffffff9f
fffffff4
9
ffffffbd
25
ffffffed
ffffffef
36
ffffff96
23
d
ffffffd2
4b
ffffffe6
1e
ffffffda
ffffff97
3e
fffffffd
ffffffce
2c
ffffffe4
ffffffef
24
ffffff95
fffffffa
8
ffffffba
2d
ffffffdf
fffffffe
2b
ffffff97
2a
2
ffffffd7
4d
ffffffe1
22
ffffffdd
ffffff87
3c
29
ffffffe2
15
ffffffe9
ffffffec
39
ffffffc5
5
fffffff6
ffffffb7
4a
ffffffd2
ffffffe9
12
ffffffa0
2d
7
ffffffc6
61
ffffffd8
f
2
ffffff75
47
23
ffffffe3
1e
ffffffd3
7
27
ffffffc5
17
ffffffe0
ffffffc4
4b
ffffffc6
fffffff5
10
ffffff9c
1e
39
ffffffd4
4a
ffffffeb
fffffff7
28
ffffff9a
8
22
ffffffe9
2c
ffffffc0
fffffffd
49
ffffffa4
1c
6
ffffffca
43
ffffffce
ffffffe8
27
ffffff8f
2b
27
ffffffe5
45
ffffffdd
12
e
ffffffa4
15
8
ffffffff
26
ffffffb4
16
31
8
ffffffef
ffffffdc
39
ffffffd3
7
2
ffffff87
20
ffffffed
fffffff5
57
ffffffdf
1f
19
ffffff98
1b
ffffffcc
fffffffa
3f
ffffff8e
2d
fffffffc
ffffffae
3e
ffffffdc
ffffffe3
2e
ffffffdc
c
ffffffed
ffffffa5
f
ffffffe9
6
48
ffffffe1
29
a
ffffffa0
8
ffffffb8
ffffffe6
8a
ffffff3d
3b
54
ffffff5e
83
ffffffd3
ffffffa6
93
ffffff8d
f
38
ffffff6e
30
ffffffe5
ffffffd0
62
ffffffc9
38
31
ffffff90
42
ffffffa5
ffffffe5
86
ffffff48
37
4a
ffffff6f
7d
ffffffcd
ffffffb5
8b
ffffff8b
19
34
ffffff69
ffffffe3
ffffffdd
fffffffd
4d
ffffffb8
4b
2d
ffffff73
52
ffffffac
ffffffc6
2a
ffffff9a
b
4c
c
5
fffffff3
ffffffcd
ffffffe1
fffffff9
fffffffb
18
1
ffffffeb
ffffffd8
2
4b
ffffffbb
4a
2a
ffffff79
47
ffffffb8
ffffffbc
2f
ffffff9b
7
51
6
5
ffffffee
ffffffbc
fffffffa
ffffffe7
fffffffc
28
fffffff0
ffffffef
ffffffdc
fffffffa
3
fffffffd
24
ffffffd7
c
fffffff3
ffffffbd
ffffffe0
ffffffd4
ffffffcc
3
4b
5
8
fffffff1
ffffffb5
ffffffff
ffffffe7
fffffff8
2e
ffffffed
ffffffec
ffffffe3
fffffff3
5
2
17
ffffffe3
3
ffffffde
ffffffd7
ffffffde
ffffffbd
10
ffffffff
25
3c
ffffffdc
fffffff6
ffffffe2
ffffffcf
7
fffffff7
19
a
ffffffcf
fffffff1
fffffff9
fffffff2
1c
ffffffeb
fffffff2
14
ffffffd0
ffffffdf
ffffffd7
ffffffc7
8
fffffffe
30
2e
ffffffe1
fffffffe
ffffffd4
ffffffd9
5
fffffff0
21
5
ffffffbd
5
fffffffc
ffffffd7
42
ffffffd3
ffffffe9
36
ffffffae
ffffffee
ffffffe6
ffffffc2
13
fffffff8
29
27
ffffffd8
9
ffffffef
ffffffcf
12
ffffffeb
18
1c
ffffffaf
9
fffffff9
ffffffde
3d
ffffffd3
fffffff3
29
ffffffb3
fffffff3
ffffffdc
ffffffca
10
fffffff4
2e
24
ffffffca
12
2
ffffffac
36
ffffffe4
fffffffc
48
ffffffb2
fffffff2
17
ffffffee
2c
ffffffd6
ffffffef
f
ffffffc2
fffffff8
ffffffde
ffffffdd
14
ffffffe5
33
35
ffffffb8
21
fffffff1
ffffffb8
36
ffffffd3
12
39
ffffffb1
5
fffffffe
fffffffe
2e
ffffffc4
1
6
ffffffb5
5
ffffffed
ffffffb4
45
ffffffd1
1a
6b
ffffffac
13
f
ffffffc0
30
ffffffd7
4
2a
ffffffb4
b
8
ffffffda
28
ffffffd4
ffffffed
23
ffffffa3
11
ffffffe1
ffffffbf
43
ffffffc6
2e
59
ffffffaf
20
fffffffa
ffffffd1
2c
ffffffcc
14
1f
ffffffd0
14
11
ffffffa1
70
ffffffb4
ffffffd0
79
ffffff52
2d
f
ffffffa7
5c
ffffffb5
1c
4e
ffffffab
2f
ffffffff
ffffffe2
33
ffffffba
e
17
ffffffa0
3a
fffffff1
ffffffb9
6b
ffffff9f
fffffff6
51
ffffff63
38
fffffff5
ffffffbc
59
ffffffa9
2f
45
ffffffef
15
19
ffffffa5
6b
ffffffba
ffffffd1
7a
ffffff53
3f
37
ffffffb3
5e
ffffffa8
ffffffda
2c
ffffff93
20
8
ffffffe9
2e
ffffffbf
1c
21
ffffffbb
44
ffffffee
ffffffc2
6b
ffffff9b
ffffffff
52
ffffff61
4f
19
ffffffcb
5c
ffffff98
fffffff4
18
fffffffa
ffffffe4
ffffffdc
62
ffffffb1
7
36
ffffffb0
3e
fffffff6
ffffffe7
7a
ffffffa2
2
16
ffffff7e
41
ffffffce
7
91
ffffff89
1a
ffffffee
ffffff5c
51
ffffffbf
ffffffe7
5a
ffffffad
1a
1a
ffffffcc
39
ffffffe0
8
62
ffffffa3
16
0
ffffff86
18
ffffffd4
ffffffe2
ea
ffffff48
1b
54
ffffff0d
68
ffffffd9
ffffffcb
a6
ffffff6d
21
57
ffffff59
8b
ffffffe5
ffffffaa
9d
ffffff82
6
49
ffffff67
5b
ffffffbe
ffffffe5
e2
ffffff53
1e
40
ffffff26
61
ffffffcc
ffffffde
9f
ffffff61
38
49
ffffff57
36
ffffffcb
ffffffed
7f
ffffff68
2e
38
ffffff4c
7a
ffffffb4
ffffffcf
76
ffffffa7
fffffff9
33
ffffffdf
ffffffdb
fffffff1
6
ffffffdb
ffffffdb
22
20
b
3f
ffffffc6
ffffffee
7d
ffffff6f
25
3d
ffffff52
69
ffffffc8
ffffffbf
7a
ffffffad
ffffffef
3d
ffffffd8
ffffffdd
ffffffdb
12
ffffffe3
ffffffc5
31
2b
fffffff5
ffffffe5
5
ffffffde
fffffff4
ffffffe2
3
1c
fffffff2
5
ffffffd4
ffffffe5
fffffff1
ffffffef
fffffff9
d
fffffff4
ffffffd9
ffffffe3
b
ffffffe7
ffffffc9
24
37
ffffffed
ffffffe8
6
ffffffdf
fffffff1
ffffffe5
ffffffff
20
fffffff3
fffffff8
ffffffdb
ffffffef
ffffffd8
b
fffffff0
fffffffc
14
ffffffbc
10
2
ffffffcc
d
fffffff9
13
8
ffffffd3
0
fffffff7
ffffffd9
fffffff6
ffffffff
10
f
ffffffe3
ffffffe8
ffffffe3
ffffffe1
a
ffffffe5
c
7
ffffffbf
18
fffffff6
ffffffd2
13
ffffffef
1a
a
ffffffd0
9
0
ffffffba
1a
fffffff4
fffffffb
38
ffffffbe
ffffffee
ffffffff
ffffffd2
17
ffffffe4
fffffffe
8
ffffffba
1d
ffffffff
ffffffd3
17
ffffffe9
15
8
ffffffbe
17
fffffff3
ffffffc5
18
ffffffe7
10
28
ffffffc0
fffffffd
ffffffec
ffffffde
18
ffffffd8
e
fffffffd
ffffffd7
b
d
ffffffc4
26
ffffffe8
ffffffff
2d
ffffffc1
8
a
ffffffd6
b
ffffffeb
b
11
ffffffc6
8
ffffffe7
ffffffd3
31
ffffffc9
3
23
ffffffbf
1a
2
ffffffce
24
ffffffe1
d
21
ffffffc4
e
0
ffffffdb
d
ffffffe3
11
11
ffffffd8
fffffff0
4
ffffffaf
2a
ffffffe1
ffffffe5
43
ffffffa0
2a
13
ffffffca
33
ffffffd1
9
1b
ffffffba
24
fffffff7
ffffffc8
30
ffffffcd
a
37
ffffffbe
6
ffffffef
ffffffc0
24
ffffffd4
1
24
ffffffad
30
1
ffffffdb
2f
ffffffc7
17
11
ffffffa4
35
14
ffffff78
4d
ffffffd8
ffffffe4
73
ffffff82
1e
11
ffffffb3
46
ffffffb3
ffffffff
21
ffffff9e
4d
0
ffffffdb
48
ffffffa6
22
3f
ffffff7a
54
fffffffb
ffffff89
4e
ffffffbf
a
50
ffffff8d
2f
fffffff6
ffffffc8
44
ffffffa4
12
17
ffffff89
50
27
ffffff87
98
ffffff91
fffffff0
9d
ffffff74
26
37
ffffff9f
37
ffffffca
fffffff6
27
ffffffa9
2f
ffffffff
ffffffe4
3b
ffffff94
1b
41
ffffff63
76
1
ffffffa4
93
ffffff7c
10
81
ffffff79
3d
14
ffffffb9
31
ffffffbb
10
14
ffffffd0
0
ffffffea
3b
ffffffcd
ffffffdd
29
ffffffd4
38
ffffffe4
6
74
ffffffaf
fffffffb
1a
ffffffb6
4e
ffffffce
9
62
ffffff76
1d
1b
ffffffbd
23
ffffffdb
fffffff8
32
ffffffce
ffffffee
6
fffffff8
2c
ffffffd1
25
61
ffffffaa
13
3
ffffffbd
26
ffffffe1
ffffffda
75
ffffff53
1d
57
ffffff3f
84
ffffffdd
ffffffd2
9d
ffffff6b
c
43
ffffff81
83
ffffffd4
ffffffca
98
ffffff89
a
41
ffffffa0
69
ffffffce
ffffffd7
74
ffffff57
26
3d
ffffff5f
78
ffffffd2
ffffffe7
92
ffffff62
21
33
ffffff7f
4a
ffffffc0
fffffff6
8c
ffffff74
1f
3f
ffffff89
7e
ffffffce
ffffffbe
2b
ffffff91
d
36
ffffffe1
1c
ffffffef
fffffffd
d
ffffffb5
b
1f
fffffff9
52
ffffffbe
fffffff5
8b
ffffff7a
18
46
ffffff8b
74
ffffffdc
ffffffb1
30
ffffff92
8
3d
ffffffda
21
ffffffde
5
11
ffffffa3
16
24
ffffffef
15
ffffffe8
ffffffee
2c
ffffffc5
5
2c
fffffffe
30
ffffffe2
ffffffcb
ffffffcf
ffffffbe
14
1d
ffffffef
20
ffffffe3
0
12
ffffffa7
e
2c
ffffffe8
18
ffffffe8
ffffffee
2b
ffffffc9
fffffffe
31
fffffffc
fffffff3
fffffff8
fffffff2
ffffffd8
a
fffffff5
a
38
6
fffffff1
ffffffcd
ffffffc4
a
ffffffe6
15
22
ffffffdf
a
fffffff6
ffffffc7
17
ffffffd8
1a
27
ffffffdc
0
fffffff2
ffffffe6
4
ffffffeb
1e
21
ffffffdd
5
ffffffed
ffffffdb
b
ffffffee
12
32
a
fffffffa
ffffffc8
ffffffb8
24
ffffffe3
fffffffc
21
ffffffda
c
1
ffffffdd
c
ffffffdb
11
3f
ffffffbf
a
1
ffffffc8
1e
ffffffea
6
1a
ffffffdf
7
ffffffef
ffffffd2
1a
ffffffec
3
2c
fffffffa
6
ffffffbd
ffffffc3
1f
ffffffe0
7
17
ffffffd7
f
14
fffffff2
1
ffffffdb
a
1f
ffffffd2
a
1
ffffffb9
39
ffffffdc
fffffffa
3c
ffffffbf
d
b
ffffffe0
13
ffffffe9
5
35
ffffffed
5
ffffffd1
ffffffcf
1e
ffffffdf
4
22
ffffffcd
10
11
fffffff5
2
ffffffd7
11
1a
ffffffbf
11
12
ffffffcf
2e
ffffffe0
ffffffed
21
ffffffcb
12
a
ffffffca
32
ffffffda
fffffff4
28
fffffff0
8
ffffffdb
ffffffe9
18
ffffffd2
b
33
ffffffae
24
1d
ffffffcd
31
ffffffbb
b
3c
ffffffab
21
4
ffffffd8
2e
ffffffd5
1
10
ffffffb7
2e
1e
ffffffbd
4e
ffffffbf
ffffffed
64
ffffffab
29
ffffffee
ffffffaa
62
ffffffb2
fffffff2
3d
ffffff94
47
17
ffffffab
63
ffffff99
8
73
ffffff8f
25
ffffffec
ffffffd2
61
ffffffa3
4
3a
ffffff93
48
6
ffffffce
4e
ffffffaa
f
45
ffffffdb
2d
ffffffe1
ffffff98
80
ffffffb5
ffffffc0
36
ffffff96
58
17
ffffff8a
84
ffffff9d
ffffffde
68
ffffff97
2c
ffffffeb
ffffffb8
84
ffffff9f
ffffffdb
28
ffffffa0
56
4
ffffffad
72
ffffffa3
fffffff3
3f
ffffffa7
53
ffffffc6
ffffffaa
82
ffffffa1
ffffffdc
24
fffffff4
fffffff7
ffffffd1
26
ffffffef
fffffffd
ffffffee
ffffffb2
2c
ffffffe9
12
91
ffffff8b
b
1a
ffffffa7
52
ffffffe4
ffffffd0
56
ffffffb4
a
ffffffec
ffffffb8
40
ffffffdf
ffffffd1
1f
fffffffa
fffffffb
ffffffdf
ffffffce
1b
ffffffe2
2b
75
ffffff99
d
13
ffffffa8
3c
ffffffd6
ffffffc9
a9
ffffff51
1d
46
ffffff64
88
ffffffcc
ffffff95
89
ffffff9b
a
29
ffffff97
48
ffffffcf
fffffffe
8c
ffffff87
1b
32
ffffff8e
82
ffffffbb
ffffffcf
a2
ffffff5c
1c
36
ffffff7a
81
ffffffbe
ffffffae
79
ffffff96
1c
1c
ffffff94
6
ffffffc5
27
7b
ffffff75
2b
37
ffffff76
92
ffffffc8
ffffffaa
52
ffffffab
ffffffef
3c
4
16
ffffffe9
ffffffba
ffffffeb
fffffffd
fffffff7
10
15
e
ffffffc0
28
7b
ffffff77
29
39
ffffff79
88
ffffffd4
ffffff9e
58
ffffffac
ffffffe9
46
fffffffd
31
ffffffd9
ffffffa7
c
ffffffe8
fffffff5
22
8
d
ffffffcb
1e
2b
ffffffc0
ffffffff
3c
3f
fffffff3
0
14
ffffffe7
ffffffce
2
25
fffffffc
2d
ffffffdd
ffffffa4
d
ffffffe8
fffffff2
24
9
8
ffffffd0
18
2c
ffffffc4
fffffff8
43
3a
fffffffd
0
13
ffffffdf
ffffffdf
ffffffff
13
24
5
ffffffed
ffffffdd
ffffffc9
15
fffffff2
5
30
ffffffe8
d
fffffff9
fffffff5
7
ffffffd3
3b
32
ffffffeb
d
7
ffffffe9
ffffffdc
fffffff8
21
19
3
fffffffa
ffffffc9
ffffffd8
14
ffffffe8
14
27
4
11
fffffff2
ffffffe6
23
ffffffc7
ffffffe9
55
ffffffe2
ffffffff
22
ffffffcb
fffffff5
fffffff2
17
32
ffffffe7
3
ffffffda
ffffffea
10
ffffffe6
10
6
ffffffef
22
ffffffe6
ffffffef
22
ffffffbb
fffffffd
48
ffffffe2
e
c
ffffffd6
fffffff8
ffffffe1
29
29
ffffffee
1a
9
ffffffc7
10
ffffffe7
fffffffe
32
ffffffe3
1
ffffffea
ffffffd0
2b
ffffffe2
fffffff9
2a
ffffffd1
26
fffffffc
ffffffce
14
ffffffde
1
1f
fffffff3
15
2
ffffffd1
c
ffffffdc
14
29
ffffffd8
2b
fffffffa
ffffffd1
11
ffffffd9
13
23
ffffffde
2
fffffffe
ffffffdd
28
ffffffe0
ffffffe9
14
ffffffde
2a
2
ffffffaf
34
ffffffd3
fffffff2
47
ffffffce
1e
1e
ffffffdd
3
ffffffd8
17
36
ffffffc7
2c
10
ffffffd5
11
ffffffd3
10
38
ffffffcd
10
fffffff1
ffffffe9
23
ffffffd7
fffffffd
4
ffffffdf
3e
14
ffffffb1
41
ffffffb9
fffffffe
4e
ffffffa0
47
16
ffffffa6
50
ffffffb7
fffffffc
7a
ffffffb8
9
6
ffffffc6
56
ffffffb7
fffffff2
35
ffffffb5
5a
fffffffd
ffffffc1
41
ffffffa8
1b
36
ffffffa4
5a
fffffffa
ffffffb9
50
ffffffa6
f
73
ffffffdd
4
12
ffffff94
95
ffffffa7
ffffffc6
8b
ffffff68
6d
30
ffffffb3
44
ffffffa7
c
1b
ffffffb9
52
3
ffffffd9
3b
ffffffad
1
5d
ffffffb1
2b
fffffff1
ffffffaa
91
ffffff94
ffffffe7
6a
ffffff78
73
1f
ffffffc1
43
ffffff9c
19
15
ffffffd5
29
4
15
ffffff79
2a
16
ffffffc1
5b
ffffffdb
ffffffd8
79
ffffffc6
ffffffe5
1e
ffffff8c
49
d
3
89
ffffff88
fffffff2
30
ffffffad
32
3
f
7
ffffff86
2c
6
ffffffdb
51
ffffffce
fffffff1
67
ffffffc5
fffffff5
c
ffffff93
22
fffffffe
fffffffb
df
ffffff42
fffffff9
21
ffffff46
96
ffffffe8
ffffffcb
9b
ffffff5f
fffffffc
63
ffffff6e
99
ffffffe4
ffffff95
8c
ffffff9a
fffffffc
3b
ffffff85
6c
ffffffe1
5
d3
ffffff4e
fffffffe
a
ffffff5e
94
ffffffd5
ffffffe4
92
ffffff4f
19
4d
ffffff71
4c
ffffffcf
ffffffcc
77
ffffff7d
20
2f
ffffff6b
8d
ffffffdb
ffffffed
6a
ffffff9e
ffffffd5
4
b
1d
fffffffb
0
ffffffe5
ffffffba
0
31
13
55
ffffffcc
ffffffcd
77
ffffff83
19
33
ffffff71
7e
ffffffec
ffffffe1
6e
ffffffa3
ffffffcb
b
7
2a
ffffffe6
e
ffffffe8
ffffffa4
f
31
d
1a
ffffffef
ffffffc9
12
ffffffd3
2
17
ffffffe6
39
fffffff7
fffffffc
e
ffffffd0
ffffffcf
ffffffe9
20
21
ffffffed
8
ffffffe8
ffffffad
2
3b
a
14
fffffff7
ffffffc6
c
ffffffdf
fffffff9
1a
ffffffec
1c
f
fffffff6
fffffffb
ffffffeb
ffffffbe
ffffffe4
3e
2
fffffffc
b
ffffffd0
ffffffe6
ffffffe0
20
3f
ffffffe6
4
ffffffed
ffffffe3
13
ffffffe4
f
9
a
19
fffffff0
1
ffffffeb
ffffffb6
fffffff2
32
4
6
fffffffd
ffffffd9
ffffffe8
ffffffd7
2b
39
fffffff7
4
ffffffea
ffffffd9
31
ffffffcf
7
2d
ffffffe1
2c
fffffffd
ffffffd7
15
ffffffd9
ffffffeb
38
fffffffc
8
4
ffffffc4
6
fffffffb
fffffffb
30
ffffffef
6
ffffffe7
ffffffe3
26
ffffffd2
d
21
ffffffe7
2f
fffffff4
ffffffe0
13
ffffffd6
fffffff0
34
9
a
7
ffffffa6
31
ffffffea
ffffffeb
5a
ffffffc5
12
fffffffc
ffffffe0
30
ffffffcb
5
16
ffffffe7
37
fffffff5
ffffffed
18
ffffffc8
fffffff3
28
fffffff0
21
fffffff3
ffffffb6
2c
ffffffe0
ffffffff
45
ffffffce
17
ffffffef
ffffffea
2e
ffffffc4
10
e
ffffffdd
39
d
ffffffb4
17
ffffffe1
ffffffdc
43
ffffffd8
22
b
ffffffc0
2c
ffffffd9
fffffffe
28
ffffffd9
1d
fffffff1
2
28
ffffffbb
11
28
ffffffcc
41
8
ffffffb8
18
ffffffd7
ffffffec
33
ffffffde
29
fffffffd
ffffffcb
2a
ffffffd4
7
24
ffffffc4
23
18
ffffffad
48
ffffffc8
ffffffe6
64
ffffff95
50
2b
ffffffa2
39
ffffffbb
ffffffeb
32
ffffffca
40
fffffffa
ffffffce
44
ffffffb5
10
4a
ffffff9e
40
0
ffffffbe
4a
ffffffad
d
44
ffffff9d
62
f
ffffffb5
3a
ffffffac
ffffffff
26
ffffffbb
3a
29
ffffff71
48
ffffffe0
ffffffdd
7a
ffffff72
45
32
ffffffc5
4d
ffffff99
c
23
ffffffb2
68
a
ffffffd6
32
ffffff9e
a
4e
ffffff90
5d
f
ffffff7f
51
ffffffc1
8
57
ffffff7f
52
18
ffffffd6
4c
ffffff8c
1b
1c
ffffffe3
e
2
86
ffffff8c
fffffff4
40
ffffff8b
45
12
6
2a
ffffff77
1a
4
ffffffd8
2a
fffffffc
1a
1d
ffffff9b
1a
15
ffffffab
47
ffffffe1
a
7d
ffffff97
fffffff9
21
ffffffb9
3b
ffffffe3
14
74
ffffff95
fffffffe
21
ffffffb3
30
fffffffe
1
83
ffffff1c
23
53
ffffff38
a6
fffffffd
ffffffae
c0
ffffff7c
ffffffe5
6d
ffffff4d
74
fffffff9
ffffffb1
9d
ffffff7a
3
3f
ffffff66
87
ffffffd2
ffffffd9
af
ffffff68
5
15
ffffff6f
85
ffffffde
0
84
ffffff23
25
42
ffffff51
2a
ffffffe1
ffffffed
8b
ffffff65
18
51
ffffff33
b0
ffffffcc
ffffffc0
c7
ffffff69
ffffffde
46
11
0
12
1d
ffffffb0
ffffffae
0
20
9
36
ffffffda
ffffffef
89
ffffff68
14
4f
ffffff3d
9f
ffffffdd
ffffffb6
c4
ffffff7a
ffffffc5
5d
4
e
1a
fffffffb
ffffffda
ffffff90
ffffffff
3d
fffffff4
36
ffffffea
ffffffdd
8
ffffffdf
ffffffcd
ffffffba
4b
e
ffffffde
ffffffff
16
ffffffd8
ffffffb6
4d
10
ffffffff
28
fffffff2
ffffffdd
ffffff97
fffffff3
45
fffffff5
2a
fffffffa
ffffffd4
6
ffffffec
ffffffbb
ffffffcd
40
a
ffffffe8
fffffffe
fffffffe
0
ffffffd4
20
3f
ffffffdd
32
fffffff7
ffffff90
c
ffffffe5
1b
34
fffffff9
6
ffffffde
fffffff3
4
ffffffa6
ffffffd7
4b
ffffffff
ffffffee
fffffffa
1
ffffffff
ffffffcd
2c
32
ffffffe1
3a
ffffffe7
ffffff9d
7
ffffffe1
21
33
ffffffe7
f
ffffffef
fffffff9
11
ffffff95
ffffffd9
62
ffffffe3
fffffff5
b
ffffffdb
26
ffffffea
fffffffb
2f
ffffffef
2e
fffffff0
ffffffb8
fffffffe
ffffffda
2e
39
ffffffdd
17
ffffffe8
ffffffff
13
ffffff88
ffffffed
53
ffffffe3
3
fffffff9
ffffffe6
2a
ffffffdc
b
28
ffffffeb
30
fffffffc
ffffff9d
1e
ffffffda
e
23
ffffffea
14
ffffffeb
fffffff4
27
ffffffb8
ffffffec
4f
ffffffe1
3
5
ffffffc7
16
fffffff7
fffffff4
37
ffffffe0
36
fffffff4
ffffffa8
15
ffffffd7
18
1b
ffffffe9
1e
ffffffdf
fffffffa
29
ffffffb1
fffffff2
4d
4
fffffffa
9
ffffffaf
2f
fffffffd
f
37
ffffffc4
47
a
ffffffaa
16
ffffffd7
a
39
ffffffcf
1e
fffffffb
fffffffd
2a
ffffffad
ffffffe9
39
ffffffe4
14
fffffff5
ffffffbd
2e
fffffff0
23
28
ffffffc3
57
fffffff5
ffffffb4
1c
ffffffc5
1b
30
ffffffe1
1f
c
ffffffc5
6b
ffffff96
ffffffc5
8c
ffffff99
2b
18
ffffffa4
49
ffffffe6
f
26
ffffffbb
61
2
ffffffb7
28
ffffffb6
15
2f
ffffffb3
42
ffffffef
ffffffda
6c
ffffff7e
ffffffea
6e
ffffff9f
3e
fffffffc
ffffffb5
4c
ffffffd3
24
1c
fffffff1
51
14
ffffff81
5a
ffffffb4
ffffffe7
83
ffffff6c
48
2b
ffffffd3
67
ffffff82
ffffffd0
54
ffffffc1
2d
8
ffffffd6
34
ffffffe3
13
0
ffffffc0
7b
fffffff3
ffffff97
5f
ffffff97
c
68
ffffff71
5b
11
ffffffe1
6d
ffffff6c
ffffffe6
4b
1a
fffffffb
ffffffee
46
ffffffb0
28
2e
ffffff96
41
28
ffffffeb
4d
ffffff9a
fffffff8
17
ffffff9f
53
ffffffdf
6
9b
ffffff9e
fffffff3
ffffffdc
ffffff93
75
ffffffd5
fffffff5
42
ffffffaf
35
15
ffffffb1
3e
11
c
36
ffffff9a
a
4
ffffffa5
3e
ffffffda
fffffff0
f5
ffffff4e
fffffffe
3b
ffffff34
a4
ffffffdd
ffffffae
bb
ffffff5f
24
73
ffffff75
69
1c
ffffffce
52
ffffff84
2
2e
ffffff8b
7e
ffffffc4
fffffff3
f1
ffffff57
0
2c
ffffff48
9e
ffffffd2
ffffffc2
ad
ffffff5d
31
6a
ffffff6f
13
9
d
35
ffffff67
2a
22
ffffff70
9e
ffffffc0
ffffffd7
82
ffffffaf
ffffffd5
1f
9
17
fffffffa
ffffffe7
ffffffe7
ffffffdd
14
4b
23
1b
3
f
32
ffffff6e
23
23
ffffff78
8c
ffffffd4
ffffffc8
87
ffffffb3
ffffffcd
28
2
20
ffffffed
ffffffe2
fffffffb
ffffffc7
1c
56
17
22
ffffffff
14
27
ffffffcd
ffffffd3
ffffffdc
2d
1b
ffffffe0
fffffff8
7
fffffff4
ffffffc9
9
19
19
fffffff5
ffffffdc
fffffffc
ffffffcd
13
5e
14
1c
a
c
26
ffffffd7
ffffffc4
ffffffea
25
16
ffffffeb
ffffffef
fffffffc
c
ffffffb9
0
3a
fffffff5
3
ffffffeb
ffffffda
fffffff1
5
3a
42
fffffff7
10
1e
ffffffe9
b
ffffffd2
ffffffde
39
8
fffffff3
ffffffea
3
9
ffffffb6
b
30
fffffff9
7
ffffffe0
ffffffe0
fffffff5
fffffffb
44
3e
fffffffa
14
22
ffffffd8
1d
ffffffd5
ffffffef
44
ffffffee
0
fffffff5
ffffffe4
0
ffffffd3
d
32
ffffffee
d
ffffffe8
ffffffc9
f
fffffff6
30
3c
ffffffe9
23
13
ffffffe5
19
ffffffcd
ffffffff
38
ffffffef
d
ffffffe6
ffffffeb
6
ffffffc3
1d
2b
1
b
fffffff0
ffffffd5
21
ffffffc8
fffffff2
3b
ffffffe1
16
ffffffef
ffffffb3
26
fffffff9
14
38
ffffffe5
29
16
ffffffd8
29
ffffffc9
ffffffed
36
ffffffee
b
fffffff2
ffffffd0
fffffff7
ffffffde
4
1e
ffffffee
1b
ffffffe2
ffffffde
21
ffffffbb
4
2f
ffffffdc
19
fffffffc
ffffffc1
26
fffffff6
6
2b
ffffffe2
37
12
ffffffc3
43
ffffffc3
8
3e
ffffffc7
27
fffffff8
ffffffad
21
ffffffcf
fffffff4
44
ffffffce
1e
fffffffc
ffffffde
25
ffffffb5
1
44
ffffffca
26
fffffff4
ffffffc5
2a
ffffffe8
16
23
ffffffe2
3b
fffffff6
ffffff8d
50
ffffffbc
ffffffcd
55
ffffffb8
2e
8
ffffffb3
55
ffffffab
ffffffde
43
ffffffc4
35
fffffff3
ffffffaa
55
ffffffd6
2
21
ffffffbb
59
ffffffdc
ffffffa1
4d
ffffffa9
ffffffeb
3d
ffffffba
43
ffffffec
ffffffc5
56
ffffff98
fffffff2
3d
ffffffea
30
fffffffe
ffffff75
8e
ffffffcb
ffffffda
6f
ffffff74
69
d
ffffff92
56
ffffffa3
ffffffdc
29
ffffffca
40
fffffff3
ffffffdd
4c
ffffff9c
ffffffe7
2d
ffffffb6
5b
ffffffdb
ffffff8b
94
ffffffad
fffffffd
54
ffffff77
7b
fffffff7
ffffff9a
5f
ffffff8e
ffffffef
27
ffffffdd
20
fffffff0
69
ffffff86
fffffffe
17
ffffff86
63
ffffffee
ffffffe8
2f
ffffff7c
27
ffffffe5
ffffffad
4b
fffffff9
ffffffe4
42
ffffffcd
11
11
ffffff92
51
fffffffc
ffffffec
55
ffffff96
fffffffb
fffffffc
ffffffb4
46
ffffffea
4
59
ffffff92
3
3
ffffffa4
26
fffffff9
ffffffdc
6f
ffffff3b
1a
43
ffffff5e
8c
fffffff2
ffffffa2
b4
ffffff6f
1e
57
ffffff21
98
2
ffffffed
97
ffffff56
13
1e
ffffff50
90
ffffffe5
ffffffba
8b
ffffff72
fffffff8
38
ffffff8a
6e
ffffffde
ffffffe4
65
ffffff43
22
2c
ffffff75
40
ffffffd2
fffffffc
68
ffffff84
1f
5e
ffffffb3
41
8
20
61
ffffff68
6
3a
ffffffd4
3d
ffffffed
ffffffe9
55
ffffff8d
ffffffde
59
16
12
ffffffe9
14
2d
ffffff57
14
42
ffffffe6
54
ffffffc9
ffffffff
68
ffffff85
1c
64
ffffffb0
3a
5
20
1
ffffff99
6
21
ffffffee
41
ffffffda
fffffff8
5c
ffffff7b
ffffffe3
61
15
f
ffffffee
e
ffffffb7
ffffffaa
fffffffa
2e
f
ffffffe1
d
fffffff2
fffffffa
ffffffd7
c
49
ffffffd2
2d
1c
7
13
ffffff97
fffffffd
2f
ffffffe3
37
ffffffd6
ffffffff
ffffffcb
ffffffb6
ffffffde
4a
16
ffffffb9
30
fffffff1
ffffffd5
d
ffffffe5
2
28
fffffff4
22
27
ffffffe6
fffffff6
c
fffffffc
1f
1e
ffffffe4
fffffff7
ffffffd2
ffffffb1
ffffffdc
53
c
ffffffbd
35
ffffffea
ffffffd8
15
ffffffd7
e
24
ffffffe1
3d
1a
ffffffd0
20
ffffffec
0
3b
fffffff5
ffffffff
fffffff4
ffffffc0
8
ffffffd5
0
28
ffffffc1
22
fffffff7
ffffffd2
1d
ffffffcb
1a
28
ffffffdc
3f
14
ffffffdb
14
fffffff0
6
2e
fffffffe
1
ffffffe8
ffffffcf
ffffffff
ffffffd5
8
1d
ffffffc6
16
1a
ffffffdf
12
ffffffd2
b
43
fffffff1
1b
a
ffffffdd
28
ffffffdd
6
46
ffffffda
f
ffffffff
ffffffcc
c
ffffffc8
7
31
ffffffb3
1f
13
ffffffe2
17
ffffffc6
19
3a
ffffffed
2a
fffffff9
ffffffe5
2a
ffffffd3
f
43
fffffff5
f
fffffffe
ffffffbc
26
ffffffc2
ffffffeb
2f
ffffffae
28
17
ffffffcb
2e
ffffffc1
3
3b
ffffffe8
2d
ffffffff
ffffffc8
16
fffffff4
fffffff6
2c
ffffffdd
22
fffffff1
ffffffc4
2a
ffffffb3
fffffffc
25
ffffffab
37
5
ffffffd5
32
ffffffb6
c
3a
fffffff2
36
a
ffffff8c
60
ffffffd5
ffffffda
76
ffffff91
3b
16
ffffffa9
48
ffffffa3
fffffff0
29
ffffff9d
49
8
ffffffd7
43
ffffffa3
b
40
ffffffc2
5b
ffffffee
ffffff9f
5f
ffffffbc
0
55
ffffff9a
4c
fffffffa
ffffffbc
49
ffffff91
6
21
ffffffd2
39
1a
ffffff9c
7e
ffffff9c
ffffffdc
9e
ffffff74
65
27
ffffff98
5f
ffffffc1
ffffffe8
32
ffffffbc
3b
8
ffffffe0
28
ffffffa0
fffffff8
4
ffffffa4
62
fffffff6
ffffffb7
7c
ffffff84
2
7b
ffffff80
70
10
ffffffa9
5e
ffffffb3
fffffffc
26
34
fffffffd
ffffffe0
59
ffffffa6
ffffffe9
9
ffffff90
22
d
fffffff6
77
ffffffae
ffffffee
f
ffffffa2
6b
fffffff7
c
6d
ffffff82
30
fffffff7
ffffff70
7d
ffffffdc
ffffffee
48
ffffffaf
fffffff4
ffffffeb
ffffffb4
16
fffffff8
1f
56
ffffffb8
fffffffe
fffffff6
ffffffb3
34
7
fffffffb
c6
ffffff39
2a
57
ffffff31
97
fffffffe
ffffffe0
92
ffffff66
1
22
ffffff35
69
fffffff5
ffffffba
97
ffffff9b
fffffff0
3b
ffffff97
81
ffffffee
fffffffd
be
ffffff46
29
46
ffffff4b
8a
fffffff8
fffffff1
89
ffffff5e
12
15
ffffff34
1f
ffffffe1
fffffff6
7f
ffffff82
12
28
ffffff81
9d
ffffffe3
ffffffee
57
ffffff8f
d
37
fffffff3
19
19
17
ffffffdd
ffffffc4
4
ffffffed
ffffffce
28
ffffffdd
fffffff9
7a
ffffff88
a
2c
ffffff88
8d
fffffff5
ffffffe1
59
ffffff98
0
41
ffffffee
1a
17
10
fffffffa
c
ffffffd3
ffffffed
fffffff0
8
ffffffe2
4
15
ffffffbf
a
3
b
46
fffffffb
ffffffff
ffffffe8
ffffffcd
9
1f
6
14
24
fffffffe
7
9
ffffffcd
fffffff5
ffffffec
2
ffffffee
fffffff6
1b
ffffffc3
fffffffe
12
2
7
24
0
ffffffc0
fffffff3
2
e
26
fffffffb
25
12
ffffffee
18
ffffffcc
ffffffe2
d
ffffffe9
1b
c
ffffffea
f
ffffffd8
5
2f
fffffff2
2d
0
ffffffbd
fffffff9
fffffff7
1b
1e
fffffff7
34
4
fffffff2
1f
ffffffc0
ffffffec
d
ffffffdd
23
19
ffffffc3
e
ffffffe2
fffffffa
3f
ffffffe1
30
a
ffffffcb
fffffffb
fffffff2
1c
fffffffe
4
35
fffffffe
ffffffe9
10
ffffffcf
ffffffe2
1b
ffffffd8
24
15
ffffffcc
7
ffffffdf
7
2e
ffffffef
2c
4
ffffffd3
fffffff3
fffffff6
1b
fffffffd
12
29
8
ffffffd5
27
ffffffc5
ffffffd7
3f
ffffffcf
20
24
ffffffd0
c
ffffffd6
a
24
ffffffe1
43
fffffff8
ffffffc2
1b
ffffffdc
17
22
fffffff2
3f
fffffffc
ffffffdb
2a
ffffffb9
ffffffe5
35
ffffffce
2a
17
ffffffd5
f
ffffffce
12
1f
fffffff9
3e
0
ffffffa0
3f
ffffffd8
fffffffa
56
ffffffc4
45
1d
ffffffd2
2f
ffffffbb
ffffffd7
25
ffffffdc
23
1f
ffffffe5
7
ffffffce
b
14
ffffffda
57
ffffffee
ffffffab
42
ffffffc7
f
48
ffffffc4
51
e
ffffffd9
35
ffffffac
ffffffe4
21
ffffffc1
36
35
ffffff9d
52
ffffffb8
ffffffe4
6a
ffffffbf
41
17
ffffffb0
42
ffffffc7
1
36
ffffffc1
60
11
ffffffe0
44
ffffff91
ffffffee
4d
ffffff97
55
18
ffffffb1
52
ffffffa3
3
52
ffffffbe
5c
fffffff6
ffffffc1
46
ffffffb1
1a
2b
ffffffab
5e
40
ffffff7f
4b
ffffffb8
ffffffc2
7d
ffffff6c
58
41
ffffffb9
55
ffffff91
5
31
ffffffd1
60
ffffffef
ffffffe1
3e
ffffffa5
24
4a
ffffff8c
7c
25
ffffff91
51
ffffff97
ffffffef
57
ffffff7a
67
25
ffffffd0
4e
ffffff89
12
2a
ffffffe5
4a
ffffffe4
33
ffffffd7
ffffffdc
35
ffffffe6
63
ffffffee
25
67
ffffff70
3
3
ffffff79
50
ffffffff
10
8c
ffffff97
ffffffe6
22
ffffffc9
3f
1f
fffffff5
24
ffffffda
fffffff0
e
13
4e
ffffffe2
46
4d
ffffff77
14
ffffffed
ffffff86
1f
b
fffffff1
9c
ffffff7a
fffffff8
45
ffffff4d
a3
1b
fffffff3
91
ffffff6a
16
38
ffffffa2
b6
ffffffde
fffffff7
86
ffffff48
b
1f
ffffff67
67
fffffff7
ffffffeb
9d
ffffff7f
ffffffff
2b
ffffff71
91
16
6
81
ffffff67
27
29
ffffffa5
6b
ffffffdb
1b
7a
ffffff39
15
2e
ffffff46
7d
6
ffffffc5
4d
ffffffc8
ffffffd4
2d
fffffffe
25
42
14
fffffff0
ffffffcb
8
19
2a
75
ffffffd8
1d
76
ffffff3f
10
30
ffffff4a
72
14
ffffffb6
55
ffffffc8
ffffffcc
37
fffffff7
34
2d
22
fffffff8
ffffffaf
18
21
1a
22
17
13
ffffffeb
ffffffaa
fffffff2
d
ffffffec
16
21
ffffffdc
ffffffc8
7
ffffffda
3
12
32
33
18
fffffffe
ffffffb5
6
36
c
22
23
6
fffffff1
ffffffb0
ffffffe4
1d
ffffffe3
0
2d
ffffffde
ffffffb2
22
ffffffcd
fffffffa
32
ffffffe5
3e
36
ffffffcb
ffffffdb
fffffffd
2b
2b
1
2e
10
ffffffd6
fffffff6
ffffffdd
3
12
ffffffee
36
ffffffdc
ffffffb4
21
ffffffca
1
2c
ffffffe5
47
2a
ffffffcf
ffffffe1
fffffff1
38
27
2
3d
7
ffffffc6
15
ffffffd1
fffffff5
38
ffffffc8
1e
7
ffffffb9
13
ffffffdc
fffffff3
14
fffffff1
4a
20
ffffffc8
fffffff0
ffffffeb
2e
1c
fffffff8
41
0
ffffffd1
b
ffffffd1
ffffffff
28
ffffffd4
1b
ffffffff
ffffffc5
a
ffffffdf
fffffff6
f
1
4b
27
ffffffa8
14
ffffffe2
1a
4c
ffffffc8
4a
1b
ffffffc5
18
ffffffcb
fffffff6
1f
ffffffd1
22
4
ffffffcd
10
ffffffd5
fffffff2
a
ffffffe6
61
17
ffffffb4
12
ffffffdb
28
3e
ffffffce
4f
12
ffffffcd
19
ffffffc3
0
1a
ffffffe9
21
9
ffffffb1
32
ffffffce
ffffffdb
39
ffffffc0
64
35
ffffffac
12
ffffffdf
1e
2a
ffffffd8
4c
17
ffffffdf
11
ffffffc0
fffffffb
f
ffffffc8
39
fffffff7
ffffffba
36
ffffffbc
ffffffef
2c
ffffffc0
72
23
ffffffb6
14
ffffffd4
2a
25
ffffffec
48
27
ffffffa4
55
ffffffac
ffffffd3
66
ffffff7a
4c
23
ffffffa1
4c
ffffffb4
ffffffdd
24
ffffffc3
74
30
ffffffbe
17
ffffffce
24
1d
ffffffbf
6d
8
ffffffbd
4e
ffffff99
fffffff7
41
ffffff8a
58
c
ffffffb6
46
ffffffa8
fffffff0
16
fffffffc
62
43
ffffff84
4b
ffffffcf
fffffff5
76
ffffff70
77
43
ffffffaf
52
ffffff96
ffffffe0
2e
ffffff9f
4f
17
ffffffcd
39
ffffffad
ffffffe4
8
ffffffc2
94
1b
ffffff9a
53
ffffffaa
23
53
ffffff76
8d
23
ffffffc2
57
ffffff7e
fffffffc
22
fffffffb
1c
fffffff7
47
ffffffb2
fffffffa
fffffff1
ffffff8e
4a
3a
22
58
ffffff8c
c
29
ffffff93
58
15
1b
7b
ffffff8d
fffffffb
fffffff0
ffffff6f
4f
fffffff9
fffffffc
40
ffffffb8
fffffffd
ffffffdf
ffffffae
3a
31
3e
3f
ffffff93
19
17
ffffff9e
46
13
a
dc
ffffff39
5
46
ffffff0d
87
fffffff6
ffffffb8
b9
ffffff6b
fffffff5
30
ffffff61
67
32
c
71
ffffff77
14
3a
ffffff79
8d
fffffff8
10
d4
ffffff3f
e
2f
ffffff29
83
ffffffe4
ffffffd4
a8
ffffff66
7
23
ffffff5d
16
26
44
55
ffffff5e
31
33
ffffff60
a4
ffffffff
fffffff1
70
ffffff91
ffffffe2
2c
ffffffcf
8
14
ffffffed
fffffffb
ffffffda
ffffffe7
9
fffffff8
26
1a
49
52
ffffff61
31
30
ffffff67
9b
9
ffffffea
74
ffffff91
ffffffe0
2f
ffffffcd
e
19
ffffffd7
1a
ffffffc6
ffffffdf
20
ffffffe8
23
2d
3b
ffffffea
ffffffc0
fffffff7
ffffffc0
39
25
16
1c
fffffff0
ffffffda
ffffffd2
25
ffffffd4
a
1f
ffffffd1
1c
ffffffca
ffffffd9
24
ffffffea
1b
35
36
ffffffe9
ffffffc6
ffffffec
ffffffce
2e
25
28
12
ffffffd7
fffffffe
ffffffe7
fffffffa
1
ffffffed
20
7
ffffffdf
fffffff0
ffffffee
fffffffd
10
2
3f
39
ffffffd2
ffffffde
ffffffda
fffffff1
2b
13
32
8
ffffffe0
fffffffc
ffffffdf
8
fffffff7
ffffffec
2b
fffffff8
ffffffe9
fffffff4
ffffffe1
a
a
fffffff2
4d
16
ffffffd1
fffffffc
ffffffc0
fffffff7
46
fffffff1
1c
14
ffffffcd
13
fffffff5
ffffffea
11
ffffffdd
2f
5
ffffffcd
12
ffffffd0
a
1e
ffffffe5
54
f
ffffffd8
fffffffd
ffffffb5
8
39
fffffff2
26
5
ffffffd4
17
ffffffe9
fffffff7
b
ffffffd1
33
19
ffffffc9
18
ffffffce
fffffffd
40
ffffffe0
47
23
ffffffbc
14
ffffffb3
fffffff5
40
ffffffe7
2a
c
ffffffdb
1d
ffffffe0
fffffff9
1b
ffffffc5
3a
10
ffffffd1
17
ffffffc5
e
32
ffffffe1
53
f
ffffffca
11
ffffffac
1
39
fffffff6
29
13
ffffffb6
4c
ffffffd0
ffffffe2
4d
ffffff96
45
32
ffffffc2
22
ffffffc1
0
2b
ffffffe3
53
15
ffffffd9
b
ffffffab
fffffffb
2f
ffffffdf
3f
ffffffff
ffffffc6
46
ffffffc3
fffffffb
36
ffffffa1
4c
22
ffffffd0
1d
ffffffba
d
21
3
50
1e
ffffffa2
4d
ffffff9b
ffffffd6
83
ffffff8f
52
28
ffffffae
61
ffffffb8
ffffffe9
33
ffffff9b
57
2a
ffffffd3
29
ffffffa9
8
23
ffffffca
7b
fffffffe
ffffffb5
4f
ffffff80
fffffffe
62
ffffff95
67
a
ffffffc1
62
ffffffa4
2
25
ffffffd1
44
40
ffffff99
59
ffffffab
ffffffd7
7e
ffffff83
7e
39
ffffffa9
4d
ffffff87
ffffffe7
49
ffffffaf
56
19
ffffffdc
4e
ffffffaf
fffffff0
11
ffffff9e
74
19
ffffffaf
63
ffffff86
3
5d
ffffff88
94
19
ffffffba
54
ffffff70
fffffffe
3e
13
24
1
4d
ffffffcc
fffffffb
0
ffffffa0
1f
16
1e
67
ffffff9f
fffffff2
4
ffffff97
66
1c
1f
75
ffffff84
ffffffea
ffffffee
ffffff8f
68
2
2
49
ffffffd0
3
ffffffec
ffffffbe
12
7
3d
4f
ffffffa4
0
fffffff2
ffffff9d
39
2c
2
8e
ffffff5e
fffffff6
c
ffffff0f
c0
4
ffffffa7
9b
ffffff96
5
23
ffffff56
61
fffffffb
fffffff7
8d
ffffff80
7
19
ffffff7c
84
10
3
8f
ffffff5e
1
fffffff0
ffffff31
b2
fffffffc
ffffffbd
8e
ffffff8e
1c
e
ffffff5c
3f
1a
ffffffdc
ffffffde
fffffff8
ffffffff
fffffff2
ffffffee
1a
fffffff0
24
7d
ffffff69
1d
19
ffffff5f
9c
19
ffffffe3
3f
ffffffa4
ffffffdc
ffffffe8
ffffffc1
4a
28
ffffffce
fffffffc
fffffff1
fffffffe
fffffff3
ffffffe4
3d
23
ffffffd3
ffffffe3
fffffff9
fffffff9
fffffff9
ffffffeb
10
fffffff7
26
23
fffffffc
ffffffd2
7
fffffff7
34
29
17
b
ffffffa3
ffffffed
ffffffdf
5
34
19
ffffffea
ffffffe5
ffffffeb
c
ffffffe9
ffffffd9
52
1c
ffffffce
ffffffe6
fffffff2
3
ffffffed
fffffff2
11
ffffffff
16
33
fffffff3
ffffffd5
8
fffffff7
2a
26
ffffffe8
ffffffcb
e
fffffff7
ffffffe6
12
1b
31
ffffffdb
ffffffbd
1c
fffffff1
ffffffed
20
ffffffe1
12
24
12
11
ffffffda
fffffff3
13
19
2d
ffffffe3
ffffffd0
a
fffffff3
fffffff1
6
1e
37
ffffffd0
ffffffc5
1c
ffffffe7
fffffff7
1b
ffffffd9
1c
30
ffffffe4
c
ffffffe5
ffffffe7
24
b
2f
fffffff3
ffffffe6
5
ffffffeb
fffffff9
10
3
1b
fffffff7
ffffffcc
13
ffffffec
fffffff9
21
ffffffd1
22
28
ffffffee
8
ffffffde
fffffff8
13
13
31
ffffffe9
ffffffee
4
ffffffe3
5
9
fffffffb
1b
c
ffffffd3
18
ffffffe6
fffffff2
3d
ffffffd9
b
20
ffffffeb
1d
ffffffc9
fffffff5
2f
fffffff4
3c
ffffffff
ffffffe6
13
ffffffd8
2
1e
ffffffeb
27
2
ffffffda
18
ffffffdb
4
2c
ffffffdd
16
d
fffffffa
1b
ffffffc2
2
24
13
34
6
ffffffc8
37
ffffffcd
ffffffeb
50
ffffffc0
2e
22
ffffffce
1e
ffffffde
fffffff2
25
ffffffe3
15
17
ffffffdd
9
ffffffdf
ffffffe9
1a
fffffffa
49
fffffff4
ffffffd5
38
ffffffba
9
38
ffffffc6
3b
b
ffffffde
1d
ffffffcf
6
17
fffffff2
1e
20
ffffffa5
4c
ffffffc5
ffffffc9
6c
ffffffab
5c
1c
ffffffb0
5d
ffffffab
fffffff6
43
ffffffb0
4c
13
ffffffd6
36
ffffffbb
fffffffd
25
ffffffc0
41
4
ffffffbb
48
ffffffaf
fffffff0
45
ffffffbb
6c
fffffffd
ffffffc9
55
ffffff9e
e
30
ffffffe4
3f
1d
ffffffa2
6d
ffffffaf
ffffffd6
7a
ffffff72
54
35
ffffffae
51
ffffffaa
ffffffe1
2f
ffffffcd
65
6
ffffffe1
48
ffffffa4
0
21
ffffffae
68
2
ffffffb2
71
ffffff97
fffffff6
61
ffffff79
5f
21
ffffffb9
52
ffffff9f
ffffffec
2b
ffffffed
35
12
22
ffffff85
26
b
ffffff8a
56
c
fffffff0
81
ffffffb0
ffffffe6
21
ffffff88
4b
ffffffff
2
7a
ffffff95
fffffffb
7
ffffffb9
4f
a
1f
17
ffffff8c
2d
fffffff8
ffffffa2
51
fffffffa
b
71
ffffffab
fffffff9
e
ffffff8f
1f
4
ffffffe2
91
ffffff71
4
3a
ffffff32
b7
ffffffff
ffffffd6
ad
ffffff27
22
4d
ffffff5f
7d
6
ffffffd1
86
ffffff9d
fffffff9
30
ffffff7b
63
fffffff0
ffffffde
93
ffffff70
12
20
ffffff4d
b1
ffffffef
ffffffef
9f
ffffff21
32
45
ffffff55
3a
fffffff1
d
72
ffffff7d
1e
23
ffffff61
82
ffffffee
ffffffc1
32
ffffffb9
fffffff5
f
fffffff6
3d
12
12
ffffffec
ffffff8f
19
2b
fffffff2
42
ffffffea
e
6f
ffffff83
17
24
ffffff68
71
ffffffff
ffffffb7
34
ffffffbc
fffffff2
f
fffffff9
40
f
9
7
ffffffdd
ffffffdf
33
17
1d
fffffff6
16
a
ffffffbd
12
2
ffffffea
26
c
ffffffd1
ffffffbd
fffffffc
fffffff4
ffffffe9
14
33
1b
fffffffd
e
ffffffe1
ffffffd7
36
1e
b
8
10
1
ffffffcd
4
7
fffffff1
5
19
ffffffe3
ffffffde
ffffffe7
fffffffc
ffffffe8
19
ffffffeb
10
2a
ffffffd9
fffffffb
ffffffe0
1b
45
fffffff0
11
12
fffffff7
17
ffffffcf
e
11
fffffff2
23
ffffffdd
ffffffdd
fffffff1
ffffffe7
0
c
ffffffe6
22
16
ffffffe2
2
ffffffd0
2b
41
fffffff6
17
10
ffffffe2
3d
ffffffdf
ffffffe8
3a
ffffffd6
28
ffffffee
ffffffbd
14
ffffffd9
fffffff8
5
ffffffe1
2f
10
ffffffd6
16
ffffffe6
7
40
ffffffe9
1d
a
ffffffe8
3a
ffffffd9
fffffff6
2d
ffffffde
2a
ffffffe7
ffffffc4
12
ffffffd6
fffffffb
4
ffffffd3
3a
1c
ffffffae
1c
ffffffef
fffffffa
53
ffffffd3
23
18
ffffffed
40
ffffffcd
fffffff8
1b
ffffffe0
34
ffffffe2
ffffffd4
19
ffffffc5
6
17
ffffffbe
49
14
ffffffaf
23
ffffffe3
a
49
ffffffd2
2d
d
ffffffef
47
ffffffc1
0
1d
ffffffd0
3b
fffffff9
ffffffa1
43
ffffffc2
ffffffe3
4b
ffffffc6
26
39
ffffffc3
9
fffffff0
3
28
ffffffe7
2a
f
c
3b
ffffffb9
4
2e
ffffffbf
4d
ffffffe4
ffffffb2
43
ffffffb0
fffffffe
39
ffffffc5
38
20
ffffffd3
8
ffffffe3
15
1b
ffffffb9
45
39
ffffffbe
2a
ffffffcf
fffffff7
68
ffffff9c
47
28
ffffffc2
85
ffffff9a
ffffffea
72
ffffffa7
46
fffffffd
ffffffb2
4d
ffffffa4
fffffff8
32
ffffffb1
55
1e
ffffffd0
2a
ffffffba
24
43
ffffff90
62
22
ffffffcb
34
ffffffac
25
43
ffffffde
4d
11
ffffffb7
9a
ffffffa3
ffffffb1
55
ffffffc3
46
fffffff9
ffffff95
69
ffffffb6
ffffffbe
e
ffffffd0
5a
19
ffffffb5
45
ffffffc4
fffffff4
19
ffffffb3
61
1e
ffffffaf
56
ffffffa7
2
2a
ffffffa8
79
ffffffef
ffffffd0
96
ffffff90
ffffffcf
3d
16
19
ffffff76
5f
ffffffc1
ffffffe6
ffffffe1
ffffff89
5d
6
1d
1e
ffffffbe
20
ffffffe6
ffffffbb
40
fffffff1
3d
69
ffffff80
1f
7
ffffffab
4b
5
7
6e
ffffffd7
14
11
ffffff91
6b
ffffffec
ffffff8e
49
ffffffcf
ffffffed
ffffffc4
ffffffb1
58
fffffff8
fffffff4
95
ffffff5e
2a
3d
ffffff7d
6c
fffffffd
fffffff2
80
ffffff79
11
3a
ffffff3f
9e
fffffff8
ffffffcb
f2
ffffff7c
22
69
ffffff68
82
fffffff6
ffffffa4
68
ffffff89
9
ffffffec
ffffff3d
a1
ffffffe2
fffffff1
99
ffffff60
30
2f
ffffff8b
79
ffffffd9
5
c6
ffffff95
fffffffb
ffffffd8
ffffffbe
79
ffffffcc
ffffffd2
5b
ffffff9a
ffffffe8
29
ffffffdc
12
36
ffffffdd
ffffffde
ffffffed
fffffffa
12
ffffffb7
71
ffffffdf
4
c2
ffffff9e
ffffffef
ffffffe4
ffffffb6
7f
ffffffcb
ffffffd1
5a
ffffff9f
ffffffde
35
ffffffd2
20
22
ffffffe8
ffffffe2
ffffffd3
12
7
ffffffae
25
18
fffffffd
4f
2
ffffffcb
ffffffc0
41
39
ffffffc6
fffffff8
ffffffe7
ffffffd1
ffffffec
9
ffffffe9
1f
26
ffffffe0
ffffffe8
ffffffd5
d
c
ffffffae
22
1d
fffffffa
4a
a
ffffffc3
ffffffc8
3e
10
fffffffb
ffffffdf
ffffffce
ffffffff
ffffffd9
fffffffa
10
ffffffff
2a
fffffff9
ffffffbd
fffffff9
fffffffd
ffffffd9
c
ffffffe7
21
1f
1d
28
ffffffb2
ffffffec
33
fffffffc
5
ffffffd9
ffffffd4
fffffffb
ffffffd4
5
6
0
32
ffffffed
ffffffc2
0
ffffffee
ffffffea
0
ffffffe2
1f
3a
fffffff0
1b
ffffffd2
fffffff6
31
fffffff6
6
ffffffea
ffffffd7
3
ffffffd1
fffffffb
1d
ffffffeb
32
8
ffffffba
7
ffffffee
ffffffe2
14
ffffffd8
27
2f
fffffffb
14
ffffffcd
5
21
fffffffa
10
ffffffd7
ffffffe5
3
ffffffc5
a
12
ffffffe1
37
17
ffffffbc
11
ffffffe2
ffffffe1
2c
ffffffda
17
23
fffffff8
27
ffffffbb
2
40
ffffffd6
1e
ffffffe8
ffffffde
12
ffffffbc
6
29
ffffffd2
3d
13
ffffffc1
10
ffffffdb
ffffffef
1e
ffffffe0
1d
15
5
22
ffffffb6
c
36
fffffffa
d
fffffff9
ffffffbf
33
ffffffb2
fffffff0
58
ffffffa9
45
32
ffffffb7
14
ffffffdf
9
19
ffffffcb
30
19
ffffffe5
21
ffffffc5
fffffff2
32
ffffffde
23
ffffffe8
ffffffcb
35
ffffffa2
7
46
ffffffac
50
21
ffffffc4
14
ffffffd4
17
10
ffffffef
c
45
ffffffab
58
ffffffb6
ffffffc9
82
ffffff90
3b
c
ffffffb8
50
ffffff8f
1
36
ffffffac
5d
ffffffe7
ffffffce
43
ffffffa9
17
4c
ffffffbd
35
1f
ffffffc8
52
ffffffa2
ffffffee
5e
ffffff9d
4b
ffffffef
ffffffcd
4e
ffffff7d
18
29
ffffffdf
4b
fffffff8
ffffff95
7f
ffffffa0
ffffffea
a3
ffffff6c
46
53
ffffffbc
55
ffffffa1
ffffffd8
49
ffffffb5
3b
fffffffe
ffffffe5
3d
ffffff88
8
16
ffffffaf
76
ffffffd6
ffffffab
7e
ffffff87
10
83
ffffff78
55
38
ffffffd0
52
ffffff91
ffffffef
39
28
fffffffc
ffffffe4
5c
ffffffae
ffffffdc
f
ffffffa6
36
18
ffffffe2
63
ffffffab
fffffff7
14
ffffffb7
63
ffffffd2
34
97
ffffff78
19
ffffffe2
ffffff76
7c
ffffffdb
ffffffe8
55
ffffffb4
ffffffe5
fffffff7
ffffffc8
28
9
5
45
ffffffb6
5
fffffffd
ffffffc6
2a
fffffff7
fffffffd
a7
ffffff69
13
23
fffffef8
be
fffffff3
ffffffc0
cc
ffffff5b
ffffffee
40
ffffff42
7c
12
ffffffa5
81
ffffff99
ffffffec
44
ffffffa6
74
ffffffe3
fffffff9
ac
ffffff63
27
5
ffffff14
b7
ffffffe5
ffffffd2
c8
ffffff4d
1
35
ffffff3c
27
fffffff9
ffffffec
62
ffffff7e
12
31
ffffff93
90
ffffffdf
ffffffe3
36
ffffffbc
7
ffffffea
ffffffda
33
b
ffffffff
fffffffc
ffffffc7
ffffffec
5
fffffff6
33
ffffffee
fffffff3
5b
ffffff84
e
31
ffffff9a
83
ffffffeb
ffffffd8
3a
ffffffbe
1
ffffffee
ffffffd9
3a
12
ffffffea
16
ffffffb5
ffffffea
15
ffffffe3
3c
fffffff2
ffffffec
12
ffffffc5
ffffffe8
ffffffdd
32
30
fffffff1
fffffff8
ffffffde
ffffffee
fffffffb
ffffffe6
ffffffd8
3a
15
ffffffe6
17
ffffffbb
ffffffe1
19
ffffffe6
32
fffffffe
ffffffe7
d
ffffffd3
ffffffd8
ffffffe7
2f
2f
9
ffffffe6
ffffffd1
e
ffffffee
ffffffd6
fffffffd
ffffffe4
16
12
ffffffdb
ffffffe1
ffffffda
c
31
fffffff8
e
fffffff6
ffffffeb
fffffff0
ffffffce
13
20
1a
15
ffffffdc
ffffffd9
d
ffffffe6
ffffffe4
fffffff1
ffffffe7
1d
7
ffffffe1
ffffffe5
ffffffd0
19
2c
e
7
fffffff9
ffffffd8
14
ffffffea
ffffffe9
45
4
12
fffffff3
ffffffe0
f
ffffffd7
fffffff3
fffffff6
ffffffd1
32
9
ffffffc3
c
fffffff1
ffffffeb
23
3
f
fffffff1
ffffffe1
11
ffffffe1
fffffffd
32
b
19
ffffffe3
ffffffee
f
ffffffcb
2
ffffffee
ffffffe8
2b
10
ffffffae
2a
ffffffe4
ffffffde
45
ffffffde
1a
2
ffffffdd
1f
ffffffd7
fffffff9
26
8
1e
ffffffe6
0
d
ffffffc5
0
3
ffffffd3
39
4
ffffffb7
28
ffffffdb
ffffffef
38
ffffffe1
21
fffffff6
ffffffe5
1d
ffffffd1
3
1f
1
22
fffffff8
ffffffd4
37
ffffffbe
ffffffe2
38
ffffffcb
25
24
ffffffb9
24
ffffffdf
ffffffe6
2a
ffffffe3
27
fffffffb
ffffffeb
29
ffffffc0
3
3c
ffffffe6
34
ffffffeb
ffffffda
3c
ffffffad
fffffff7
29
ffffffca
36
f
ffffffc5
24
ffffffd4
fffffff5
1f
ffffffd1
2b
22
ffffff92
46
ffffffd1
ffffffdb
78
ffffffaa
41
11
ffffffca
57
ffffff96
ffffffec
2a
ffffffb8
4e
e
ffffffc6
3d
ffffffb5
fffffffe
4f
ffffffa3
4c
b
ffffff9f
4c
ffffffb3
2
56
ffffffb3
55
fffffff2
ffffffe0
57
ffffff84
4
1e
ffffffde
4b
15
ffffff91
79
ffffffa4
ffffffe0
9b
ffffff5a
5b
3a
ffffff8f
58
ffffffac
fffffff2
44
ffffffc3
4e
fffffffd
fffffff5
4a
ffffff87
fffffff8
13
ffffffad
73
fffffff4
ffffffa8
7a
ffffff8b
7
77
ffffff68
69
1e
ffffffa6
55
ffffff9f
7
37
3c
c
ffffffe5
6b
ffffffbf
ffffffdf
fffffffe
ffffff9e
30
16
0
60
ffffffac
fffffff8
9
ffffffaf
4f
ffffffe6
1e
62
ffffff7b
23
fffffff8
ffffff85
86
ffffffef
ffffffe9
60
ffffffc9
ffffffe6
ffffffe7
ffffffc2
20
a
21
42
ffffffb6
4
fffffff5
ffffffbb
23
fffffff5
2
ba
ffffff32
20
56
ffffff39
ab
e
ffffffda
ae
ffffff82
fffffff0
21
ffffff44
71
6
ffffffc9
87
ffffff93
fffffff7
37
ffffff94
73
ffffffd8
6
b6
ffffff38
27
43
ffffff50
a7
ffffffff
ffffffee
a8
ffffff74
a
10
ffffff43
1a
fffffff6
9
6a
ffffff7c
17
2b
ffffff7d
8b
ffffffd9
ffffffe8
41
ffffff95
fffffffa
3a
13
1b
2f
11
ffffffe0
fffffff2
ffffffec
ffffffeb
fffffffa
26
ffffffed
d
67
ffffff7f
13
2a
ffffff84
7c
ffffffe9
ffffffde
44
ffffff9a
fffffff2
41
11
23
33
fffffffd
fffffffb
ffffffdf
ffffffeb
fffffffb
ffffffeb
2d
fffffff4
5
1d
ffffffc5
ffffffe8
ffffffd8
1c
26
fffffff0
fffffffd
ffffffe7
ffffffcd
ffffffea
3c
10
1f
38
fffffff8
fffffffc
ffffffe3
ffffffe5
0
ffffffed
24
fffffffe
3
17
ffffffd1
ffffffdb
ffffffe1
19
25
1
fffffff4
ffffffd6
f
ffffffec
14
46
fffffffa
35
11
ffffffd6
fffffffd
ffffffde
fffffff6
25
fffffff6
e
10
fffffff6
ffffffed
ffffffce
fffffffa
1b
c
11
ffffffe9
ffffffdd
e
ffffffe1
23
3a
fffffffa
40
5
ffffffde
4
ffffffd1
3
20
fffffffd
11
18
ffffffdb
c
ffffffc7
ffffffe5
47
ffffffea
13
4
ffffffd2
18
ffffffe5
16
34
fffffffa
3c
f
ffffffe2
5
ffffffd1
fffffffb
1c
ffffffeb
1e
b
ffffffe6
8
ffffffbc
fffffff8
37
ffffffed
1f
fffffff0
ffffffdf
17
ffffffda
24
2a
ffffffee
25
ffffffff
ffffffde
1b
ffffffdf
2
38
fffffff2
3e
1f
ffffffbf
23
ffffffcb
ffffffe8
44
ffffffc8
24
23
ffffffd8
15
ffffffbb
ffffffea
38
ffffffe8
20
fffffffc
ffffffdf
20
ffffffd5
19
2d
ffffffd9
30
fffffffa
ffffffdf
22
ffffffd2
12
2e
f
48
c
ffffffba
36
ffffffcd
ffffffc9
2c
ffffffd6
25
20
ffffffcb
24
ffffffbf
ffffffce
1c
fffffffc
22
fffffff1
ffffffd9
2f
ffffffda
fffffffe
9
ffffffee
32
fffffff3
ffffffd9
30
ffffffd1
fffffffd
16
fffffff6
5b
fffffffb
ffffffc6
35
ffffffc3
ffffffdb
1d
ffffffe6
36
6
ffffff90
7e
ffffffbe
ffffffd8
62
ffffff97
59
d
ffffff95
75
ffffffb3
ffffffea
4f
ffffffb9
3c
9
ffffffea
2b
ffffffa9
ffffffed
36
ffffffbd
55
ffffffea
ffffffa8
79
ffffffac
fffffff7
44
ffffffa0
68
fffffff1
ffffffac
71
ffffffa7
fffffffd
44
ffffffed
2b
1b
ffffffaf
6a
ffffff99
ffffffc7
8a
ffffff74
60
1e
ffffffa0
7b
ffffffad
ffffffe2
2a
ffffffb8
61
fffffff8
ffffffcb
5a
ffffffac
fffffff3
2c
ffffffbb
52
fffffffc
ffffffc1
6e
ffffff7f
ffffffeb
6e
ffffff7c
6e
6
ffffffb0
7c
ffffff9f
fffffff3
22
35
e
ffffffea
a4
ffffff82
12
14
ffffff33
93
d
ffffffbe
4f
ffffffdd
ffffffee
4
ffffffd9
23
8
8
68
ffffffb0
ffffffe9
fffffff5
ffffff98
61
fffffff4
fffffffa
7e
ffffff98
1f
fffffffc
ffffff5e
8e
ffffffe7
fffffff5
9e
ffffff7d
24
fffffff7
ffffff53
46
2
ffffffcf
a2
ffffff71
19
42
ffffff2d
b6
ffffffdd
ffffffc2
f4
ffffff57
ffffffe4
52
ffffff8d
5d
fffffff7
fffffff6
b1
ffffff6d
24
2c
ffffff72
82
ffffffe7
ffffffdc
68
ffffff95
24
9
ffffff67
94
ffffffe4
ffffffd1
a6
ffffff6d
29
26
ffffff48
1e
fffffff0
6
fffffffe
ffffffd4
fffffff0
fffffffb
ffffffca
59
ffffffeb
ffffffe5
2a
ffffffbd
18
f
ffffff91
7b
ffffffee
ffffffcd
88
ffffff7f
28
11
ffffff60
89
5
ffffffa8
fffffff6
fffffffb
fffffff5
2
28
1f
fffffff2
fffffffb
e
ffffffc8
fffffff5
fffffffd
ffffffc7
43
e
ffffffc5
ffffffc8
14
fffffff4
fffffffd
25
16
6
ffffffec
fffffff3
ffffffe3
8
ffffff93
ffffffc2
71
fffffff3
ffffffb7
0
ffffffec
fffffff4
1a
f
26
5
ffffffdd
18
ffffffd2
ffffffdf
7
ffffffd7
35
1d
ffffffba
ffffffd1
e
fffffff7
fffffffd
21
5
34
ffffffc0
ffffffbd
28
ffffffe7
fffffff9
38
2
11
31
ffffffd1
ffffffed
ffffffef
ffffffe9
fffffff6
1c
32
ffffffeb
ffffffd5
c
fffffff2
a
1d
fffffffa
3a
ffffffbb
ffffffc1
2d
ffffffdc
9
31
fffffffb
24
1b
ffffffdc
fffffff1
ffffffe2
fffffff2
fffffff6
3
3d
fffffffd
ffffffa9
31
ffffffee
fffffff2
40
ffffffe3
8
ffffffff
ffffffe7
fffffffd
fffffff0
e
29
fffffff5
2a
fffffffa
ffffffde
b
ffffffca
fffffff3
14
fffffff3
4a
fffffff2
ffffffb3
2d
ffffffe7
1
31
ffffffe9
e
fffffff4
ffffffed
0
ffffffe4
1c
21
4
2b
0
ffffffc5
26
ffffffc6
ffffffdb
3f
ffffffd1
22
9
ffffffc7
1f
ffffffeb
ffffffff
3f
ffffffd2
19
2
ffffffcc
24
ffffffd8
9
1e
ffffffed
3d
fffffff0
ffffffd2
26
ffffffb7
fffffff4
2c
ffffffd3
2f
fffffff6
ffffffd1
27
ffffffd6
14
33
ffffffe3
1c
7
ffffffac
49
ffffffce
ffffffec
55
ffffffbf
42
10
ffffffc7
2b
ffffffbb
ffffffe1
23
ffffffdd
27
5
ffffffdb
21
ffffffda
9
2a
ffffffcb
2f
fffffff6
ffffffbc
46
ffffffc3
2
41
ffffffc5
4c
0
ffffffd1
2e
ffffffb1
ffffffee
1d
ffffffe8
2f
f
ffffff9e
68
ffffffc0
ffffffe8
7b
ffffff7a
4c
19
ffffff9b
6a
ffffffad
fffffff1
4b
ffffffb2
5f
5
ffffffce
44
ffffff9b
ffffffec
25
ffffffb8
54
fffffff1
ffffffb5
66
ffffffaa
d
59
ffffff86
5b
fffffffe
ffffffb1
65
ffffff9f
8
39
ffffffff
42
16
ffffff99
73
ffffff9f
ffffffb9
7f
ffffff71
56
32
ffffffb7
53
ffffffba
fffffff4
29
ffffffbb
41
c
ffffffe3
38
ffffffb7
fffffff3
16
ffffffca
6e
fffffff3
ffffffaf
78
ffffff7d
ffffffe5
5f
ffffff77
6a
16
ffffffc5
5b
ffffffa3
b
20
18
8
fffffff1
54
ffffffb5
6
3
ffffffa2
4e
1b
fffffff5
5d
ffffffb8
ffffffe1
ffffffe9
ffffffa4
45
fffffff0
18
71
ffffff96
1d
0
ffffff7f
65
ffffffec
fffffff5
4d
ffffffb9
d
ffffffef
ffffffbc
45
c
f
4b
ffffffb6
fffffff3
ffffffda
ffffffa3
2d
ffffffe4
a
d4
ffffff40
2d
59
ffffff24
a1
ffffffec
ffffffaf
c0
ffffff6f
0
45
ffffff78
6c
15
ffffffdb
6a
ffffffa1
ffffffee
ffffffff
ffffff82
74
ffffffcc
c
d1
ffffff47
2f
49
ffffff39
9b
ffffffdf
ffffffc4
b5
ffffff6a
d
40
ffffff6e
1f
6
c
56
ffffff8b
9
fffffff8
ffffff6a
8a
ffffffd2
ffffffef
69
ffffff99
9
3e
ffffffe5
1f
4
ffffffe7
0
ffffffde
fffffff6
1f
12
2a
fffffffb
16
52
ffffff8b
b
fffffff3
ffffff71
82
ffffffda
ffffffe7
6d
ffffff99
6
41
ffffffe2
16
fffffff6
ffffffed
17
ffffffbc
9
26
2
37
ffffffff
4
5
ffffffc7
fffffff1
ffffffe1
fffffff6
1b
10
ffffffde
ffffff9e
27
ffffffeb
a
1f
c
ffffffff
ffffffe5
1a
ffffffc1
fffffffe
33
fffffffd
33
a
fffffffb
8
ffffffcd
ffffffe9
ffffffe8
fffffff5
3d
4
fffffffb
ffffffd8
2
ffffffd3
ffffffe0
1c
ffffffee
2d
ffffffd9
ffffffb2
27
ffffffe4
d
29
ffffffee
18
ffffffff
ffffffeb
ffffffef
ffffffe5
b
32
9
19
fffffffc
ffffffda
fffffff9
ffffffd3
ffffffe8
f
29
15
ffffffeb
ffffffe7
fffffff8
ffffffd0
fffffff0
9
fffffff1
28
ffffffec
ffffffb4
2e
ffffffdf
5
46
ffffffcd
22
15
ffffffbd
1a
ffffffd4
ffffffff
56
ffffffe9
1f
11
ffffffda
3
ffffffc8
ffffffea
1f
fffffff2
38
fffffff3
ffffffda
12
ffffffbf
fffffff0
20
ffffffe1
37
ffffffdd
ffffffc0
2b
ffffffd3
1a
32
ffffffef
24
d
ffffffe3
b
ffffffd3
fffffff9
43
ffffffec
22
15
ffffffbf
24
ffffffbd
ffffffdc
47
ffffffce
3e
8
ffffffb2
37
ffffffb1
ffffffe5
3c
ffffffca
3c
ffffffec
ffffffca
29
ffffffd1
18
1b
ffffffd9
34
1
ffffffeb
d
ffffffc2
10
32
ffffffdd
2b
22
ffffffd2
1c
ffffffba
ffffffd9
28
ffffffe1
3a
b
ffffffcc
30
ffffffaa
ffffffed
4f
ffffffb0
3e
9
ffffffcc
2c
ffffffcd
11
34
ffffffba
3e
11
ffffffc5
33
ffffffb4
4
55
ffffffca
39
15
ffffffdc
1b
ffffffaf
ffffffeb
17
ffffffe5
42
fffffff9
ffffffaa
6b
ffffffab
2
4d
ffffff86
6b
c
ffffff99
73
ffffff90
fffffff4
5e
ffffffab
5d
6
ffffffbd
54
ffffff8b
ffffffeb
20
ffffffb9
67
ffffffda
ffffffc8
5d
ffffff9e
20
2c
ffffff95
79
ffffffee
ffffffb6
67
ffffff88
6
51
fffffffa
34
25
ffffff7f
84
ffffff9b
ffffffa3
88
ffffff70
5f
2c
ffffffc0
4b
ffffffb7
fffffff7
6
ffffffc9
58
7
ffffffe1
37
ffffffa8
ffffffe9
30
ffffffc3
65
fffffffa
ffffff9c
87
ffffff77
ffffffd4
60
ffffff7c
71
d
ffffffd4
4c
ffffffa3
12
fffffff6
ffffffe6
32
fffffffb
a7
ffffff7f
fffffff8
38
ffffff69
58
9
fffffffc
2f
ffffff6f
33
ffffffe6
ffffffaf
5a
7
8
57
ffffffc2
ffffffd8
ffffffe2
ffffff91
53
fffffff7
e
8a
ffffff8c
c
1c
ffffff95
45
fffffffb
16
91
ffffff89
4
1c
ffffff8d
34
fffffff7
fffffff9
80
ffffff2b
20
58
ffffff5f
91
17
ffffffb6
d0
ffffff72
ffffffd5
33
ffffff0c
90
a
ffffffa8
b8
ffffff86
fffffff6
54
ffffff3b
81
5
ffffffc4
c5
ffffff76
fffffff4
12
ffffff52
8a
ffffffdf
ffffffec
8d
ffffff28
21
52
ffffff63
67
ffffffff
ffffffd8
a7
ffffff6d
1c
30
ffffff32
8b
7
ffffffad
27
ffffffda
ffffffed
ffffffc1
ffffffa9
69
ffffffde
fffffffd
fffffffc
ffffff70
2c
17
ffffff8e
70
fffffff3
ffffffdd
a8
ffffff6e
18
32
ffffff37
81
16
ffffff9f
30
ffffffd4
fffffff1
ffffffbd
ffffffad
1b
c
ffffffea
fffffff6
ffffff8b
6
35
ffffff8d
45
3c
16
1
ffffffe1
fffffff2
20
ffffffc0
1b
45
ffffff9b
1f
fffffff3
ffffffc4
fffffff5
ffffffed
23
c
ffffffeb
fffffff4
ffffff89
d
2c
ffffff95
3a
49
5
f
ffffffd9
fffffff3
26
ffffffba
ffffffd4
18
ffffffda
fffffff0
12
ffffffb1
5
fffffff3
3
3c
ffffffc4
fffffff6
fffffff6
ffffffa8
18
ffffffe2
fffffff0
6d
3
fffffff6
fffffff7
ffffffd5
40
fffffffc
ffffffd2
20
ffffffce
fffffffe
9
ffffffb1
f
ffffffe5
b
42
ffffffb7
1
fffffff4
ffffff9f
24
ffffffdb
13
53
2
fffffff0
9
ffffffc1
45
1b
ffffffc5
29
ffffffd0
fffffff0
22
ffffffa2
9
6
ffffffe2
33
ffffffd7
ffffffe0
10
ffffffc8
fffffff9
fffffffa
b
5c
fffffff5
0
fffffffd
ffffffc0
51
8
ffffffcf
2e
ffffffc1
2
19
ffffff9f
15
fffffffa
ffffffd5
4a
ffffffd2
ffffffc6
42
ffffffa7
fffffff8
22
ffffffd7
5b
11
ffffffd5
20
ffffffd6
2d
2d
ffffffd2
1d
ffffffd1
fffffff0
16
ffffffa0
13
b
ffffffc9
51
ffffffca
ffffffd0
38
ffffffa7
2
15
ffffffde
5e
4
ffffffe2
1b
ffffffd0
37
25
ffffffb2
3a
ffffffd0
ffffffc9
54
ffffff7b
e
38
ffffffc2
47
ffffffdb
ffffffe8
2c
ffffffa6
5
27
fffffff7
46
d
ffffffff
13
ffffffc2
48
2c
ffffffad
44
ffffffc3
ffffffda
47
ffffff7a
1b
2a
ffffffca
4d
ffffffce
fffffff1
2d
ffffff99
15
21
ffffffce
5a
28
ffffffb1
6d
ffffff9b
26
85
ffffff87
3c
ffffffe9
ffffffa3
49
ffffff98
ffffffee
15
ffffffd3
58
ffffffd4
ffffffc8
37
ffffffa2
6
4e
ffffffb6
70
e
ffffffcc
5e
ffffff92
41
64
ffffff96
48
ffffffcc
ffffffbc
40
ffffff8d
0
9
ffffffb0
6b
ffffffec
ffffff7a
94
ffffff7b
ffffffee
9e
ffffff9b
61
32
ffffffd9
55
ffffff8f
37
47
ffffff9c
55
ffffffc7
ffffffd5
46
ffffff74
10
2c
ffffff97
8c
ffffffc4
ffffff9f
84
ffffff6a
14
74
ffffffae
70
d
fffffffd
47
ffffff83
53
2e
47
31
ffffffdd
7d
ffffffc8
ffffffc9
4e
ffffff80
55
18
ffffff96
40
ffffffce
ffffffb4
1f
ffffffda
2
36
ffffffdf
39
ffffffc4
ffffffdc
6
ffffffbe
87
fffffff8
12
55
ffffff54
4c
19
ffffff86
97
8
ffffffec
79
ffffffbb
ffffffef
1e
ffffffa9
6f
ffffffe5
ffffff86
af
ffffff55
ffffffc4
75
ffffff39
79
29
ffffff8c
ba
ffffff6f
ffffffdc
44
ffffff56
c4
a
ffffffcd
70
ffffff4d
27
50
ffffff88
a5
19
ffffffc0
91
ffffffa1
32
22
ffffff47
b7
ffffffd6
ffffff7b
b4
ffffff57
ffffffcb
62
ffffff4c
c8
22
ffffff9b
fffffff8
ffffff9e
1a
2d
ffffffb2
a3
a
ffffffd8
8d
ffffff9b
36
2d
ffffffe4
49
fffffffa
26
26
ffffff74
4
13
ffffff66
ba
32
ffffff88
7
ffffff98
1b
2d
ffffffb6
9e
8
ffffffdf
80
ffffffab
29
35
ffffffe0
34
35
ffffffd6
ffffffd0
ffffffde
ffffffc5
23
ffffff8c
15
4a
ffffff9c
ffffffed
ffffffb7
fffffffe
5b
fffffff5
5a
36
ffffffc5
76
ffffffc5
fffffff3
6e
ffffffb8
3a
42
ffffffc0
ffffffe9
ffffffc8
ffffffd6
1e
ffffff89
1c
46
ffffff97
fffffff4
ffffffb4
fffffff7
6a
ffffffe6
3a
5d
fffffff1
30
b
ffffffc5
2b
b
ffffffff
57
ffffffc8
ffffffcf
fffffff4
ffffffb0
fffffffa
ffffffc3
ffffffea
6a
ffffffcb
ffffffb6
ffffffe7
ffffffe6
65
fffffffc
2f
64
ffffffeb
38
1
ffffffc7
35
fffffff8
f
51
ffffffc3
ffffffda
ffffffee
ffffffae
6
ffffffb9
ffffffd5
61
ffffffd7
ffffffa0
3
ffffffd8
60
1b
fffffff9
64
fffffffe
15
24
ffffffd2
1c
18
fffffff0
46
ffffffd4
ffffffc7
5
ffffffa2
9
ffffffd1
ffffffc5
6e
ffffffcb
ffffffae
fffffff6
ffffffdf
63
10
2
64
fffffff7
1c
22
ffffffcd
25
10
ffffffd3
66
ffffffc7
ffffffb0
34
ffffff84
9
fffffffb
ffffffbf
6a
ffffffd2
ffffff9f
10
ffffffd3
2a
26
ffffffed
40
18
6
33
ffffffbc
2b
20
ffffffd0
6c
ffffffba
ffffffc1
26
ffffff85
14
ffffffeb
ffffffc7
6e
ffffffc6
ffffffad
b
ffffffcf
33
20
ffffffd6
47
36
ffffffcf
64
ffffffb6
fffffffe
69
ffffffd0
41
fffffff0
ffffff8b
b
ffffffc0
ffffffdb
16
ffffffed
35
fffffff6
ffffffb8
fffffffd
ffffffd7
29
42
ffffffbe
5d
24
ffffffda
63
ffffffaa
10
5b
ffffffcf
4f
ffffffde
ffffff95
10
ffffffb1
ffffffea
10
3
2f
5
ffffffad
17
ffffffb4
ffffffd4
53
ffffffa2
53
12
ffffff6d
50
ffffffb9
f
85
ffffffb0
48
43
fffffff4
51
ffffffa6
a
3c
ffffffd6
5e
ffffffd5
ffffffac
1b
ffffff9c
fffffff6
37
ffffffdf
4b
ffffffef
ffffffbe
18
ffffff9b
fffffffc
2f
ffffffb0
47
2f
ffffff99
2e
ffffffc9
fffffff6
58
ffffffce
46
3f
ffffffcc
85
ffffff92
fffffff5
7c
ffffff93
6c
1
ffffffbf
13
ffffff8b
6
4b
ffffffbc
52
9
ffffffc9
24
ffffff85
4
53
ffffff82
6b
18
ffffffa1
39
ffffffad
15
46
ffffffe8
4c
b
44
a
ffffffd6
12
ffffff8c
6d
21
ffffffbe
5d
ffffff7b
ffffffce
13
ffffff7c
82
11
ffffffd3
4d
ffffff9a
ffffffd2
8
ffffff82
5c
fffffffa
ffffffaa
62
ffffff9e
ffffffe9
36
ffffffe0
41
22
16
46
fffffffa
fffffffb
ffffffe6
ffffffae
35
1a
ffffffc9
93
ffffff3f
ffffffca
58
ffffff4f
a0
1d
ffffffa3
b0
ffffff4c
ffffffc6
51
ffffff6d
5d
19
ffffffde
66
ffffff6d
ffffffff
51
ffffff78
a5
14
ffffffcd
cc
ffffff9d
2
41
ffffff80
86
2
ffffffc3
94
ffffff43
ffffffcf
44
ffffff66
56
fffffff1
3
6e
ffffff5a
3
6d
ffffff5e
a0
3f
ffffff8d
71
fffffff3
ffffffd3
36
ffffffab
64
1a
ffffffba
37
ffffff91
ffffffb0
ffffffde
ffffffc0
5f
ffffffed
1
73
ffffff50
c
67
ffffff5f
9f
41
ffffff84
7f
ffffffe6
ffffffdb
38
ffffffa8
45
12
ffffffd8
19
ffffff91
ffffffb3
ffffffcd
ffffffc6
68
ffffffe5
b
e
ffffff91
ffffffee
1
f
51
2c
ffffffd0
42
fffffff5
ffffffe7
2b
fffffffb
46
f
ffffffdb
17
ffffff95
ffffffaf
ffffffce
ffffffca
5d
fffffff1
1
f
ffffff96
ffffffe6
9
9
30
64
ffffffef
7
33
ffffffb8
44
1
ffffffcd
3a
ffffffd4
fffffffe
ffffffd3
ffffff7b
10
7
3
3d
ffffffd4
9
ffffffcd
ffffffa8
45
fffffff6
24
74
ffffffde
18
26
ffffffbc
49
fffffff4
ffffffd6
3b
ffffffcb
7
ffffffd2
ffffff74
1c
fffffffc
fffffff1
a
0
ffffffe9
ffffffe6
ffffffa0
3e
1a
ffffffed
65
fffffffb
fffffff2
47
ffffffdc
20
11
ffffffc5
45
ffffffcf
fffffff0
fffffffb
ffffff86
6
1c
ffffffe7
17
ffffffef
fffffffd
ffffffd6
ffffffa5
48
c
fffffff5
6a
ffffffea
4
3f
ffffffd6
33
fffffffe
ffffffc9
44
ffffffe2
ffffffbf
3a
ffffff9a
ffffffd0
56
ffffffc6
15
f
ffffffc7
8
ffffffc0
11
43
ffffffcf
36
31
ffffffcc
30
fffffff7
14
19
ffffffbc
4a
ffffffe0
ffffffc0
3b
ffffff90
ffffffdf
49
ffffffc9
1c
5
ffffffce
b
ffffffb7
1a
41
ffffffdb
47
21
ffffffbc
51
ffffffe6
4
48
ffffff8a
23
25
ffffffc7
1e
ffffffa2
ffffffd2
27
ffffffdf
27
ffffffec
ffffffcb
25
ffffffa7
14
2b
ffffffc1
5b
f
ffffffca
4c
ffffffdd
18
35
ffffff90
2b
14
ffffffd5
1b
ffffff9a
ffffffdd
21
ffffffc8
36
5
ffffff7b
48
ffffffb1
fffffffa
5f
ffffff82
78
27
ffffffc2
6a
ffffffb5
1e
28
ffffff85
4a
d
ffffffdc
31
ffffff78
ffffffef
4a
ffffffa1
52
ffffffef
ffffff90
41
ffffffa3
16
3e
ffffff93
7f
12
ffffffd5
64
ffffffac
2d
1e
ffffffb6
32
2a
ffffff98
6b
ffffff6e
ffffffbf
ac
ffffff55
57
2c
ffffff81
45
ffffffaa
fffffffa
25
ffffffae
72
23
fffffff4
4a
ffffffb9
1c
8
ffffff87
60
0
ffffffb6
69
ffffff52
ffffffec
84
ffffff63
69
c
ffffff99
45
ffffff95
16
14
2a
30
9
6f
ffffffc7
f
27
ffffff9c
b
fffffffe
9
71
ffffff9c
ffffffc4
ffffffe7
ffffffa5
51
ffffffe3
14
5d
ffffff58
1c
6
ffffff5d
7a
12
a
69
ffffffcf
15
14
ffffffb8
ffffffff
fffffff0
25
5a
ffffffa2
ffffffd0
ffffffd6
ffffffae
47
fffffff7
ffffffd4
e6
ffffff60
ffffffca
e
ffffff23
9b
1f
ffffffbf
9f
ffffffaa
13
4f
ffffff54
49
ffffffee
ffffffc6
94
ffffff82
ffffffd4
3
ffffff40
8c
ffffffe2
ffffffd4
e6
ffffff64
ffffffd3
fffffff8
ffffff3d
93
11
ffffffd4
95
ffffffa0
29
40
ffffff55
fffffff0
5
ffffffd5
8e
ffffff7f
ffffffcd
26
ffffff20
8f
b
ffffff90
94
ffffffbf
ffffff8c
19
ffffffc8
1b
54
ffffffc7
a
d
fffffff0
48
ffffffd2
4
fffffffd
ffffffd5
92
ffffff7b
ffffffd0
24
ffffff23
89
14
ffffff86
9e
ffffffbd
ffffff86
25
ffffffbb
28
64
ffffff91
38
6
ffffffcf
6b
ffffffca
ffffffda
47
1b
ffffffde
fffffff0
ffffffbe
fffffff6
ffffffcc
10
4a
ffffffe6
46
ffffffd8
ffffff8c
20
ffffffab
2a
66
ffffff93
36
3
ffffffd5
65
ffffffcf
ffffffd7
4d
10
ffffffec
ffffffe3
ffffffc3
fffffff8
ffffffc8
fffffff4
2d
ffffffff
2a
fffffff5
ffffff75
30
a
ffffffcb
5f
ffffffc3
fffffff9
35
fffffff0
45
ffffffe1
ffffffc6
64
fffffffa
ffffffee
fffffffb
ffffff9e
15
ffffffd5
ffffffe2
3d
fffffff0
36
ffffffec
ffffff74
3b
fffffff8
ffffffd9
5a
ffffffbe
0
32
ffffffeb
50
ffffffd6
ffffffb0
37
3f
ffffffb5
10
ffffffe6
ffffffc1
10
ffffffd4
2b
1a
5
c
ffffff99
0
31
ffffffba
2a
fffffffc
ffffffcf
47
fffffff7
2e
0
ffffff9e
46
30
ffffffc2
e
ffffffd8
ffffffd6
fffffffe
ffffffda
33
b
10
d
ffffff8d
11
26
fffffffa
fffffffd
4
ffffffd2
4a
fffffff9
16
26
ffffffb5
26
d
ffffffe0
13
ffffffc3
ffffffdd
1d
ffffffee
1d
1c
fffffffb
1d
ffffff8f
fffffffd
54
ffffffd5
13
fffffff7
ffffffdb
49
fffffff3
20
1e
ffffffb4
2e
5
ffffffe1
19
ffffffb7
ffffffe6
1d
ffffffd5
3a
13
ffffffd0
23
ffffff94
4
5d
ffffffb5
31
ffffffee
fffffff9
4c
ffffffd0
39
ffffffed
ffffffbf
4e
ffffffe5
d
16
ffffff95
10
1c
ffffffc9
45
5
ffffffdf
1a
ffffff90
15
44
ffffffc4
32
ffffffdd
c
45
ffffffcb
47
ffffffe2
ffffffaa
5e
fffffffe
ffffffcc
5d
ffffff73
fffffff2
2d
ffffffb0
61
2
ffffffb4
58
ffffffaf
14
57
ffffff9b
4b
fffffff4
ffffffcf
50
ffffffcf
2c
f
ffffff93
6e
ffffffea
ffffffe2
50
ffffff6f
6
15
ffffffb8
70
ffffffe7
ffffffca
51
ffffffa3
27
48
ffffff83
5e
b
ffffff7f
a6
ffffffaf
fffffffe
6f
ffffff8c
44
26
ffffffa4
2e
ffffffb3
ffffffc8
4d
ffffffeb
25
1d
fffffff1
40
ffffff96
2b
6d
ffffff5b
81
ffffffed
ffffff91
aa
ffffff95
1e
59
ffffff88
62
2
ffffffb7
35
ffffff99
ffffffe7
40
ffffffff
15
a
49
ffffffd4
ffffffd4
3b
fffffffe
49
ffffffe1
fffffff4
71
ffffffad
1c
33
ffffff7b
66
ffffffef
fffffff0
7b
ffffff71
fffffff6
fffffff8
ffffffd9
5c
ffffffec
15
40
ffffffd5
ffffffe5
1c
25
38
ffffffd3
12
58
ffffffb0
31
18
ffffff89
3b
fffffffd
ffffffbb
86
ffffff5e
ffffffe9
37
ffffff54
b1
5
ffffffa4
90
ffffffa3
ffffffdb
5a
ffffffc4
84
ffffffe6
ffffffbf
84
ffffff8b
29
5a
ffffff7b
76
ffffffee
ffffffbc
7f
ffffff66
fffffff5
19
ffffff73
a7
fffffff9
ffffffba
87
ffffff96
fffffff4
46
ffffffc7
5e
20
15
32
ffffffb4
ffffffea
4d
ffffffa7
30
31
ffffff90
8c
ffffffa6
5
7c
ffffff6f
73
9
ffffff9a
3a
ffffffa5
ffffffd4
21
ffffffe3
4f
22
14
3d
ffffffa6
6
34
ffffffbb
63
27
8
43
ffffffa5
fffffff6
49
ffffff9e
26
26
fffffff7
41
ffffffca
fffffff6
2d
ffffffa9
56
16
ffffff8b
48
ffffffb1
ffffffb5
4c
ffffffd3
36
59
ffffffd5
fffffffd
fffffff2
ffffffd5
39
ffffffd8
3c
4b
fffffff0
47
ffffffb8
ffffffd4
26
ffffffc4
28
2f
ffffffee
44
ffffffcc
fffffff1
33
ffffffa5
59
27
fffffffe
ffffffd8
1
ffffffd7
ffffffda
36
19
37
2c
b
ffffffd1
ffffffd9
a
ffffffe8
18
26
14
16
ffffffe5
fffffff3
ffffffd4
fffffffe
48
32
fffffff5
ffffffdd
7
ffffffc6
ffffffec
2b
15
45
1f
d
ffffffdb
ffffffc7
18
ffffffe7
2
3d
2
3
15
ffffffc0
fffffff5
9
fffffff1
4e
fffffffa
ffffffe9
c
ffffffb6
8
20
5
56
c
fffffffe
1
ffffffdb
7
fffffff5
1
40
fffffffc
f
c
ffffffbe
3
fffffff5
ffffffff
4f
ffffffeb
fffffff9
5
ffffffb0
18
11
fffffff6
6d
fffffff9
ffffffea
34
ffffffaf
16
12
ffffffcc
50
4
fffffff0
33
ffffffb7
fffffffb
10
ffffffdd
53
fffffff3
ffffffe1
12
ffffffa6
24
1b
ffffffeb
77
ffffffee
fffffff7
2a
ffffffaf
22
0
ffffffd6
55
fffffff5
0
2a
ffffffb3
8
2
ffffffd1
5f
fffffff8
ffffffb7
1c
ffffffa9
1d
35
ffffffc1
68
12
ffffffc9
30
ffffffb5
19
17
ffffffb6
6e
fffffff3
ffffffde
38
ffffffa9
e
13
ffffffc6
6c
ffffffea
ffffffc5
14
ffffffa3
2f
22
ffffffc8
71
ffffffff
ffffffdb
29
ffffffac
2a
9
fffffffc
31
1b
ffffffb4
6a
ffffff99
ffffffe0
74
ffffffa7
61
d
ffffff8b
52
ffffff92
e
6c
ffffffb8
5c
21
ffffffa8
1f
ffffffd1
0
3c
ffffffcf
52
fffffffc
ffffffcc
64
ffffff87
2
57
ffffffab
77
ffffffeb
ffffffa2
4f
ffffff84
20
64
ffffffe4
55
22
ffffff72
6f
ffffffb1
ffffffe7
8c
ffffff75
72
24
ffffffcf
62
ffffff7f
fffffff9
2e
ffffffcc
70
ffffffe5
ffffffd7
31
ffffff8d
20
34
ffffffbe
7d
fffffffb
ffffff98
5d
ffffffa2
d
5f
ffffff90
73
c
ffffffe8
57
ffffff78
e
1b
fffffff4
3e
fffffff7
14
ffffff62
15
1e
ffffffa4
70
1f
fffffff7
60
ffffff92
fffffff5
2d
ffffff91
6b
9
fffffffc
9f
ffffff9b
ffffffe1
16
ffffffb8
4e
f
c
4
ffffff69
20
6
ffffffbf
6c
8
18
4e
ffffff8a
10
13
ffffff98
44
1e
ffffffce
b4
ffffff86
ffffffda
5a
ffffff31
a8
15
ffffffb2
9a
ffffff12
fffffff8
6b
ffffff7f
8f
32
ffffffcd
65
ffffff84
ffffffef
4b
ffffff86
80
f
ffffffc8
b7
ffffff82
ffffffec
3e
ffffff49
a5
4
ffffffc9
90
ffffff0c
6
65
ffffff72
41
3e
ffffffd7
60
ffffff7f
ffffffe6
6c
ffffff64
84
35
ffffff8b
70
ffffffd4
ffffffaf
54
ffffffd1
30
41
ffffffc4
6
ffffff81
ffffffd0
70
ffffffe6
52
36
ffffffd7
64
ffffff78
ffffffec
67
ffffff64
84
3a
ffffff82
7d
ffffffcb
ffffffb1
5a
ffffffc8
2f
54
ffffff9f
16
ffffff9e
ffffff94
38
27
23
45
ffffffdb
fffffff5
ffffffd6
ffffffbb
d
ffffffca
49
52
ffffffd9
3d
ffffffe0
ffffffb2
5b
ffffffc1
2d
5c
ffffff9c
14
ffffffa5
ffffff89
46
17
2f
43
ffffffd2
2
ffffffcc
ffffffbb
16
ffffffc1
4f
3f
fffffffe
c
ffffffff
ffffffaf
fffffff6
2b
1
d
7
ffffffc3
ffffffb9
ffffffd2
fffffffc
4a
2c
26
fffffff8
ffffffd0
fffffff1
ffffffe6
ffffffd5
fffffff9
3a
4a
fffffff6
10
4
ffffffa1
7
21
fffffffb
1e
fffffff5
ffffffc9
ffffffc4
ffffffbe
f
44
22
41
ffffffe1
ffffffc4
24
ffffffbc
ffffffe5
14
c
67
ffffffee
fffffff6
27
ffffffc0
17
14
fffffff3
32
ffffffe1
ffffffca
ffffffe2
ffffffe5
2d
24
20
46
ffffffd5
ffffffd6
13
ffffffbe
fffffff1
ffffffff
1c
66
ffffffe0
8
1d
ffffffbc
24
7
ffffffee
58
2
ffffffd2
1f
ffffffcf
d
26
ffffffd8
48
ffffffde
ffffffb3
f
ffffffc3
34
3d
fffffff3
62
ffffffd0
ffffffbf
3b
ffffffcb
fffffff7
5
2
5b
fffffff4
ffffffe7
18
ffffffc7
1c
1c
ffffffe1
62
fffffffb
ffffffd8
1c
ffffffcb
18
18
ffffffc5
5d
ffffffdb
ffffffc7
1c
ffffffa5
4b
46
ffffffc6
55
fffffff1
ffffffc9
3a
ffffffbf
1
13
ffffffe1
7d
ffffffe4
ffffffd1
41
ffffffa7
26
33
ffffffd7
68
fffffff1
ffffffd4
33
ffffffaf
2b
1c
ffffffc6
62
ffffffcd
ffffffdb
b
ffffffa6
5c
2c
