1000
10c6
9bd
975
fffffa9f
fffffabc
3f
90
ffffffd3
fffffd48
ffffff13
4
ffffffae
144
b6
ffffffe8
ffffffe6
ffffffdc
4a
1
ffffffd6
ffffffff
ffffffd2
ffffffff
14
fffffffc
33f
353
1ed
1ec
fffffee8
fffffef2
8
16
fffffff6
ffffff70
ffffffcf
0
ffffffec
41
0
1000
ffffe7e2
1451
fffffeef
fffffb2b
fffffd94
5e5
ffffff0a
fffff82c
fffffa37
28e
1eb
127
fffffbd3
334
16
fffffe19
442
fffffe1e
fffffee0
10e
d
ffffffaa
ffffffce
3a4
fffffa81
44e
2f
fffffe99
ffffffaa
135
ffffffc5
fffffe7f
fffffecd
8b
53
40
ffffff34
97
0
0
fffff000
b56
138
fffffaeb
108a
fffff884
fffffd22
2cd
fffff54c
3e8
1ae
7c
8a5
fffffbd2
ffffff3f
ffffff28
6d4
fffff95c
ffffffc5
53b
fffff922
2de
17f
fffffd5e
f7
9e
ffffffc4
ffffff54
11b
ffffff9b
ffffff5c
107
fffff4db
766
12e
fffffc51
b08
fffffb09
0
1000
fffff173
25c
5b4
fffffbf5
fffffdba
2a0
ce
a61
fffff68f
215
1e9
24
fffffc8c
14d
2a1
9d9
fffff5ef
29f
21e
ffffff70
fffffce9
195
201
a44
fffff5fc
24b
269
ffffff5d
fffffcd6
1ab
1f8
6fc
fffff8f2
1d8
139
27
fffffd5e
113
0
0
fffff000
f19
fffffc82
ffffec23
1151
fffffece
fffffa90
164
69a
fffffa1b
ffffffdc
fffff71d
74e
fffffe75
ffffffc3
fffffd1e
458
ffffff9e
fffffce3
fffff53c
b9b
fffffc1e
ffffff17
ffffff9b
2bc
ffffff4e
fffffe30
468
fffffc35
5c
289
fffffd21
fffff43f
ca2
fffffc12
fffff0a7
e26
fffffea0
0
0
0
0
0
0
0
0
0
0
0
0
0
0
0
0
0
0
0
0
0
fffff000
fa3
fffffb46
ffffee5a
ffffff86
d85
fffff933
fffffce0
673
fffffde8
ffffff48
4af
fffffce7
fffffe1c
339
fffffe4d
ffffef3d
1132
fffff9dd
fffff000
2
a89
fffff94d
f4f
fffff199
71c
1097
fffff1a9
3f4
fffffdbc
3ad
fffffacc
210
1b5
fffff923
68d
fffffe7e
fffffd7c
3f2
fffffdb2
3
1b8
fffffedd
fffff31d
b9
7e1
fffffa72
ccd
fffff406
598
d98
fffff43a
34f
fffffe43
2cd
fffffbf5
199
170
fffffa70
fffff000
5e
a29
fffff900
58
ab
12f
1082
fffff14f
5cb
fffffe26
186
ffffffdf
fffffd59
284
fffffb85
34c
72
fffffd26
2d5
fffffe98
ffffffe4
1a7
ed2
ffffe303
6fa
864
fffff972
fb
fffffe79
223
a7d
fffff759
427
fffffc76
3c9
fffffe55
fffffe2b
366
fffffafa
fffff000
e7b
fffffac1
fffffe46
2de
fffffeb7
88
ffffffe9
1fc
fffffdcc
76
175
fffffdcd
167
1027
fffff00f
679
176
fffffc81
224
ffffff19
fce
1e
fffff8a0
675
fffffdc1
49
ffffff72
ffffff8c
ffffff58
ffffff25
1fb
fffff1ec
b80
fffffcea
fffffd68
302
ffffff83
ffffff99
66
0
0
0
1000
fffff369
49e
2c5
fffffb9b
18b
9e
ffffff27
f22
fffff508
3ba
1fe
ffffed4a
cfc
fffffbd7
fffffd90
27d
3a
ffffff38
ffffff37
2d9
fffffda4
9
25e
d66
fffff439
5f2
9e
fffffcba
223
fffffefa
6e
bcf
fffff68e
404
e1
fffffdd0
0
0
0
1000
fffff2c1
542
318
ffffeb23
ea3
fffffb8c
fffffbf7
40c
87
fffffe2d
1c
fffff2aa
a10
fffffb98
ffffff05
1df
8
1f
fffffec0
249
fffffe55
ffffff90
fffff228
17e6
fffff09c
260
583
ffffeede
b70
fffffc04
fffffea6
14a
95
62
fffffdc9
fffff668
0
0
fffff000
de7
fffffa08
ca8
77d
fffff6bf
841
ffffef10
aa5
fffffa2a
fffffdc5
45b
fffffe09
175
ffffff44
90
ffffffb1
ffffff5c
144
ffffff16
fffffff7
c3
ffffff2a
30
fffff3c6
a68
fffffb80
a62
55f
fffff900
6ae
fffff214
8e7
fffffb3d
fffffdff
3da
fffffe27
12f
0
fffff000
fffffd83
7c7
fffff75e
1e8
346
fffffdd9
1b
1a2
efa
fffff17d
7a3
1ea
fffffa90
30e
ffffff75
ffffff28
1e
f5
ffffff47
ffffff97
138
ffffff01
a
fffff429
fffffd20
66c
fffff9a1
d5
2e7
fffffe8f
ffffff8e
1a3
bfd
fffff417
66d
16e
fffffb7e
fffff2b8
fffff000
d1e
fffffa78
fffffd91
442
fffffe34
ffffffc7
1062
fffff3e7
3ea
31e
ffffecca
d18
fffffbde
fffffd6e
1f7
f2
fffffeea
fffffea0
3b4
fffffce0
14
2f7
ca8
ffffe770
1156
fffffb80
fffffb65
587
fffffd28
ea
bb5
fffff721
3a1
c6
fffff25f
9f2
fffffbc8
ffffff87
96
0
0
0
0
1000
fffff24d
fffff5bc
fd6
fffff64a
ffffffe5
3c0
fffffdd2
f01
fffff402
67b
ffffff54
fffffe76
20d
fffffd7f
286
dd0
fffff2b1
74c
ffffff97
fffffdbd
217
fffffe42
192
ad4
fffff60c
fffff8a3
a6c
fffffa42
ffffff6f
1c8
24
ad5
fffff627
67c
fffffe2e
fffff000
fffffe46
851
fffff829
1d3
173
fffffe6f
10a8
fffff309
5cb
af
fffffdf5
1a6
fffffe93
196
fffffd81
151
b0
fffffd9e
fffff23e
d8b
fffff8f0
5
292
fffff0d7
81
575
fffffb70
85
92
ae
b50
fffff66c
57d
fffffec6
ffffff99
153
fffffdcb
280
fffffd76
fffff000
ed3
9d1
ffffef8b
98f
ffffff2d
fffffdd7
233
49
fffffebb
fffffea0
fffff315
ca5
fffff993
b6
7d
fffffea6
266
fffffdab
fffff2f2
d56
fffff8bb
136
e5
fffff1ab
e25
55b
fffff5d7
619
fffffe4d
12a
ffffff12
12b
2e
fffffc93
fffff75d
9ff
fffff9a1
218
ffffff9a
0
0
0
0
0
0
0
1000
fffff0a1
66e
169
fffffcf5
2a1
fffffe3c
7c
e63
fffff234
679
ffffffa4
ffffff12
144
fffffe01
222
ce6
fffff2aa
716
fffffe9a
ffffffca
155
fffffd69
2b1
965
fffff5a1
622
fffffe08
75
10ea
ffffee38
929
b15
0
0
0
0
0
0
0
fffff000
dab
fffffa98
fffffe2d
13f4
fffff001
622
24e
ffffed67
e83
fffffa5e
fffffed1
96
88
59
fffffddb
fffff4a9
a69
fffffa3f
1db
22
ffffff25
254
fffffd65
fffff677
9c1
fffffa39
176
d79
fffff38d
686
ffffff82
fffff246
0
0
0
1000
fffff40b
4a6
24a
ffffeb2f
da3
fffffb7c
fffffc69
13b7
fffff3ea
35b
2fe
ffffee47
ac0
fffffcca
fffffe59
97
189
ffffff55
fffffe6a
47c
fffffd42
ffffffaf
33f
995
fffff701
5ab
ffffff2a
fffff031
c28
fffffa18
fffffe5a
105d
fffff483
449
233
fffff0d4
0
0
0
1000
fffff3c5
466
26b
ffffeb78
dd1
fffffc00
fffffc93
1381
fffff3c9
307
2b6
fffffe5c
fffffeb9
154
f8
fffffbfc
31e
ffffffce
fffffd1c
34d
fffffee7
fffffe7a
293
b72
fffff58f
56e
108b
ffffe34b
10c0
fffffdd5
fffff928
11c8
fffff587
226
126
ffffffaa
0
0
fffff000
c7f
fffffbdb
fffffd6e
43d
fffffe87
ffffff56
c4
ed
fffffe6a
cf
10bf
fffff1da
53c
2be
fffffaa4
276
86
ffffee8d
fffffc62
9a8
fffff81a
193
406
ffffeff7
a4d
ffffff1a
fffffc72
2ea
c3
fffffdfb
49
243
fffffd4f
c6
e4d
fffff385
4a0
0
0
0
fffff000
d10
fffffba4
fffffd9e
13f7
fffff14e
400
fffff2de
fffffa2d
8c5
fffffa34
206
ffffff86
ae
ffffffc9
ffffff6d
250
fffffdb6
9b
145
fffffdec
148
4d
fffffe8e
fffff48c
a22
fffffbc1
ffffff32
f4e
fffff412
3ec
fffff4ea
fffffb8b
74e
fffffae1
1fc
ffffff94
fffff000
d9f
fffffb69
ffffedc4
1155
fffff9a1
fffffdb5
13fb
fffff1b9
30e
2dc
ffffee71
c46
fffffcd1
fffffedc
ffffffba
1ad
ffffffcb
fffffd5f
498
fffffd10
ffffff0f
3a9
fffffc98
fffff41d
cc5
fffff980
fffff308
e60
fffff90a
ffffffdb
f87
fffff3b6
3ca
16e
fffff1fc
a7d
fffffca6
ffffff8a
ffffffdc
fffff000
e28
fffffb1d
ffffedf4
1197
fffff91d
fffffe5c
138e
fffff117
3cf
25d
fffffefe
fffffecb
de
160
fffffbb9
3aa
ffffffe4
fffffce3
3bb
fffffe36
fffffedd
2cc
fffffde9
fffff376
cb4
fffffa53
fffff28b
e64
fffff96b
ffffffae
f39
fffff3cb
3af
15a
ffffff62
f31
fffff233
652
fffffe72
0
0
0
fffff000
eb0
fffffacc
fffffe24
1323
ffffef21
61f
1c9
ffffee37
f5f
fffff9e4
ffffff96
1008
fffff1ba
66e
ffffff03
120
ffffff58
fffffe29
3c4
fffffb37
2aa
180
fffffbcf
fffff6de
abf
fffff9f8
19a
d5c
fffff242
6a9
ffffff97
fffff296
cde
fffff9d7
b3
c7c
0
0
0
fffff000
f53
fffffa41
fffffe8b
12bc
ffffee2b
78c
10f
ffffeecf
104a
fffff82d
b7
f4c
fffff0db
82b
fffffd9b
213
ffffff8d
fffffce1
4ee
fffffa7b
2d1
206
fffffad4
fffff786
b20
fffff933
2a5
c73
fffff192
831
fffffe72
fffff384
d8c
fffff81a
21a
b8b
0
0
0
fffff000
ff4
fffff9b3
fffffeee
1251
ffffed4e
8f5
57
ffffef67
10f9
fffff6a5
1cd
e8b
fffff04e
980
fffffc65
311
ffffff57
fffffc2f
5ba
fffff9c1
36c
1d6
fffffa5b
fffff823
b15
fffff922
316
b9c
fffff15f
911
fffffdde
fffff451
daa
fffff71b
2fa
abd
0
0
fffff000
dfb
fffffadb
fffffe57
36d
fffffd80
109
53
164
ea0
fffff228
658
ffffffe3
ffffedc5
10be
fffff854
ffffff25
1cc
fffffe25
1ec
fffffea4
fffff2d1
c2d
fffffa2c
fffff463
c14
fffffa4d
101
9a
b7
ffffffe2
fffffeb8
3dd
972
fffff535
6c6
fffffd7f
fffff29a
0
0
0
1000
fffff3ff
458
251
ffffeb95
dc8
fffffbfa
fffffca2
135f
fffff3a8
30d
2b6
ffffee67
b1f
fffffce7
fffffe82
8c
120
ffffff84
fffffe48
427
fffffd8e
ffffff62
32e
9cb
fffff6dd
589
ffffff3b
fffff09a
c35
fffffa85
fffffeac
fdd
fffff472
412
1bb
fffff124
1000
fffff3c0
43e
1270
ffffef6d
5df
2ea
ffffeac9
ce4
fffffdbe
fffffbd2
1299
fffff55b
1c7
26c
ffffff9d
fffffdef
154
1d8
fffffb52
320
85
fffffc5d
38c
bf4
fffff407
676
d41
fffff1ca
718
85
ffffef1d
bca
fffffc6f
fffffd72
f4e
fffff647
275
1a3
ffffff37
0
0
0
0
fffff000
c7f
bdc
ed
fffffbe6
53a
fffffdad
fffffe02
30a
fffffe55
ffffff1d
165
ffffff25
ffffff84
116
ffffff71
ffffffb9
d1
ffffff71
fffffff8
8c
ffffef7c
ca1
fffffc1e
fffff053
e64
7fd
ffffffde
fffffdb0
503
fffffc86
ffffff4c
31c
fffffd0a
5f
14b
0
0
0
fffff000
d10
fffffba3
fffffd9f
13f9
fffff148
408
2dc
ffffed13
d36
fffffc7f
fffffe16
113c
fffff3d1
3d3
ad
ffffffcd
fffffeff
ffffffcd
29a
fffffbde
252
136
fffffc70
fffff65e
9f9
fffffa55
f4
e96
fffff363
55f
8c
fffff125
bb8
fffffb9c
ffffff69
de1
fffff000
d9f
fffffb6a
ffffedc2
1157
fffff9a0
fffffdb4
13fe
fffff1b6
310
2dc
fffffe73
fffffea6
166
120
fffffbf7
fffff37f
d7b
fffff871
156
22d
fffffce8
2ae
fffffe61
fffff457
af9
fffffaf3
fffff338
cbf
fffffab5
ffffff71
e88
fffff51e
304
124
ffffffa9
fffffed6
75
1c8
fffffc3d
0
0
0
fffff000
e28
fffffb1d
fffffdf4
1370
ffffefd5
54f
22b
fffffdc9
92
ffffffbc
111
fffffd17
fffff275
e5f
fffff89b
b3
1245
ffffeec4
78d
ad
fffffda9
1ea
fffffe4c
fffff4de
8f6
fffffd77
ffffff61
ce4
fffff54d
3ce
37
6e
ffffff5f
ffffff2d
27f
fffffc3f
0
0
0
fffff000
eb0
fffffacc
fffffe24
1323
ffffef21
61f
1c9
ffffee37
f5f
fffff9e4
ffffff96
8
6a
13a
fffffd27
443
d29
fffff064
8e5
fffffe6d
fffffe07
3b2
fffffc43
fffff530
a7e
fffffbca
30
d25
fffff3c5
4f3
30
fffff377
b89
fffffaa9
d0
ffffff00
fffff000
f53
fffffa41
ffffee8b
120f
fffff7bf
58
1256
ffffefb6
601
c8
fffff095
e65
fffff952
10f
fffffd9e
18d
227
fffffb73
5e3
fffffc55
fffffe8a
53c
fffffb62
fffff4d2
e25
fffff78c
fffff4e0
e59
fffff762
2b3
d3b
fffff2a3
657
ffffff1e
fffff46e
bc1
fffff9ba
1db
fffffd92
fffff000
ff4
fffff9b3
ffffeeee
1245
fffff6f5
196
1196
ffffef06
73c
fffffff1
fffff18b
eeb
fffff7ec
1f2
fffffcbd
1de
2cc
fffffab5
66f
fffffbbc
fffffedc
5ac
fffffad3
fffff54f
e38
fffff711
fffff5aa
e0d
fffff702
3a0
c5e
fffff281
715
fffffe79
fffff559
be0
fffff8de
284
fffffcc1
0
0
fffff000
dfb
fffffadb
fffffe57
36d
fffffd80
109
53
164
ea0
fffff228
658
ffffffe3
ffffedc5
10be
fffff854
ffffff25
11cc
fffff02a
711
4d
ffffff64
b2
fffffe48
fffff5b9
743
fffffe2d
ffffffd5
ffffff14
119
10
fffffe52
428
a17
fffff440
73e
fffffdf7
fffff1f5
0
0
0
1000
fffff3ff
458
251
ffffeb95
dc8
fffffbfa
fffffca2
135f
fffff3a8
30d
2b6
ffffee67
b1f
fffffce7
fffffe82
8c
120
ffffff84
fffffe48
427
fffffd8e
ffffff62
32e
9cb
fffff6dd
589
ffffff3b
fffff09a
c35
fffffa85
fffffeac
fdd
fffff472
412
1bb
fffff124
1000
fffff3c0
43e
1270
ffffef6d
5df
2ea
ffffeac9
ce4
fffffdbe
fffffbd2
1299
fffff55b
1c7
26c
ffffff9d
fffffdef
154
1d8
fffffb52
320
85
fffffc5d
38c
bf4
fffff407
676
d41
fffff1ca
718
85
ffffef1d
bca
fffffc6f
fffffd72
f4e
fffff647
275
1a3
ffffff37
0
0
0
0
fffff000
c7f
fffffbdc
fffffd6c
441
fffffe82
ffffff5a
10c5
fffff467
298
35c
fffffc7e
ffffffdf
1b1
ffffff71
fffffdf7
fffff286
b9b
fffffa65
ffffffe1
2ee
fffffde6
12d
f5f
ffffe7b4
db7
fffffec6
fffffae2
3d7
ffffff7a
ffffff9d
b55
fffff8b5
1d4
e6
ffffff86
0
0
0
0
0
0
0
1000
fffff2f0
45d
261
fffffc08
1a6
58
ffffff83
ef4
fffff474
3d4
16f
ffffedbc
dab
fffffbab
fffffe62
1dc
4
ffffffdc
fffffe9f
323
fffffdc4
ffffff8a
2b2
d39
fffff3bb
5e1
fffffffb
fffffd62
21e
fffffea6
10b
b57
0
0
0
fffff000
d9f
fffffb6a
fffffdc2
3b7
fffffe39
ffffffef
46
fffff123
c20
fffffbc7
fffffece
1207
fffff19f
4dc
146
fffffe74
22
ffffffbf
1a5
fffffccd
239
9a
fffffd3f
fffff2bf
ccd
fffff9f8
17
260
fffffdd3
180
fffffed0
fffff4ca
a1d
fffffb84
d
14b
0
0
0
0
0
0
0
0
0
0
0
fffff000
e28
fffffb1f
fffffdf0
1374
ffffefd5
547
238
fffffdc0
8d
ffffffd0
f8
d25
fffff456
4fb
ffffffaf
ffffef39
ef7
fffff9c7
ffffffe4
d3
ffffff5d
169
fffffdb8
351
fffffe13
fffffee9
30f
fffffd4e
fffff000
eb0
acc
ffffef74
858
ffffffad
fffffdc6
21c
72
fffffe92
fffffea6
fffff2e3
ce8
fffffa86
3d
9b
fffffead
215
fffffe1f
28f
fffffe92
fffffee7
282
de3
fffff1ff
644
ffffffe5
fffffe12
24a
fffffe0b
142
fffffe1a
fffff470
c78
68a
fffff4d2
5d1
fffffee7
f
5f
0
0
0
0
0
0
0
1000
fffff0ad
5be
177
fffffd43
27f
fffffe37
65
e6f
fffff242
5fd
ffffffb1
ffffff32
14b
fffffdeb
211
d07
fffff296
6a3
fffffea2
ffffffed
163
fffffd44
2ae
cc3
fffff268
714
fffffe42
a
182
fffffd03
2f0
957
0
0
0
fffff000
ff4
fffff9b3
fffffeee
251
fffffd44
2a5
ffffff47
fffff1b9
e38
fffff94f
113
1040
ffffee9a
917
fffffe89
106
99
fffffc57
3ed
fffffb59
308
13a
fffffb64
fffff3fe
e63
fffff87d
23d
ffffffb0
fffffd92
434
fffffd48
fffff65b
b11
fffff953
29a
ffffff1f
0
0
0
0
0
0
0
fffff000
dfb
fffffadc
fffffe57
136b
ffffef8b
627
1fa
ffffee07
f00
fffffa0b
ffffff3d
1a
4f
fd
fffffd99
fffff48f
ace
fffffa41
216
ffffffb8
ffffff09
27a
fffffd3e
fffff6b3
9ce
fffffa5d
1ba
ce1
fffff378
671
ffffff20
fffff307
0
0
0
1000
fffff3ff
458
251
ffffeb95
dc5
fffffbfe
fffffca0
135b
fffff3b4
301
2b9
ffffee74
b04
fffffd00
fffffe7d
75
14d
ffffff5b
fffffe53
445
fffffd54
ffffff97
31d
9ae
fffff718
550
ffffff54
fffff0ab
c05
fffffaba
fffffe8d
fd6
fffff497
3e2
1da
fffff127
0
0
0
1000
fffff3c0
43d
271
ffffebad
ddd
fffffc43
ffffeca8
f91
fffffbb3
fffffc2b
47f
128
fffffcc1
1ad
2f1
fffffb9e
24d
192
fffffc27
296
4a
fffffd5e
261
c49
fffff4a9
56a
110
ffffdf22
18d4
fffff7aa
ffffee3a
1194
fffff9f3
fffffcf6
4a9
157
0
0
fffff000
c7f
fffffbdc
fffffd6c
440
fffffe86
ffffff54
fffff0c7
d6b
a45
fffff1be
924
ffffff70
c2d
fffff5f0
497
13a
fffffb7e
31f
ffffff07
ffffff45
8d
4
ffffff9a
fffff371
a56
fffffc29
fffffe50
380
fffffe74
ffffffd1
fffff3ce
a93
84a
fffff49b
744
ffffff89
9be
0
0
0
0
0
0
0
0
0
0
0
fffff000
d10
fffffba5
fffffd9c
13fa
fffff14c
400
2e0
fffffd19
16
eb
1077
20
fffff9f0
677
fffffc37
7f
b6
fffffee4
9b
fffffef9
e9
ffffffd4
ffffff63
fffff465
9a0
fffffc75
fffffef6
efe
0
0
0
0
1000
fffff261
fffff496
1fdd
ffffea13
420
607
fffffa3a
93
1d8
7f
c4f
fffff5f5
438
ffffff2b
47
ffffffff
fffffeb0
2b3
fffffcb5
17b
166
fffffd09
268
c63
fffff37f
fffff926
1832
ffffee1a
4be
373
fffffbc8
116
6e
122
9af
0
0
0
fffff000
e28
fffffb1f
fffffdf1
372
fffffdff
68
20
fffff13f
cad
fffffb4d
ffffff25
11b5
fffff0e9
5a4
d2
fffffef0
4d
ffffff19
20b
fffffc80
259
cb
fffffce5
fffff306
d20
fffff9ae
8c
1c4
fffffdd9
1ed
fffffe76
fffff53e
a4b
fffffb29
83
bc
0
0
0
0
0
0
0
0
0
0
0
fffff000
eb0
fffffacc
fffffe24
1323
ffffef22
61d
1c9
fffffe3b
a8
ffffff1f
172
cda
fffff3f9
578
ffffff14
ffffffd6
c3
fffffe32
26b
fffffce2
fffff1a9
fd2
fffff7fb
a7
25c
fffffc94
319
fffffe86
0
0
0
fffff000
f53
fffffa42
fffffe89
12bd
ffffee2e
787
112
ffffeed4
103d
fffff83a
b4
f3d
fffff0f7
812
fffffda0
22b
ffffff62
fffffd06
4e6
fffffa5d
305
1d8
fffffae2
fffff7a0
aeb
fffff967
28f
c5f
fffff1c7
7fa
fffffe8b
fffff39a
d53
fffff851
208
b6a
0
0
0
fffff000
ff4
fffff9b3
fffffeee
1251
ffffed50
8f2
59
ffffef68
10f4
fffff6aa
1cc
fffffe87
4a
32e
fffffb52
568
c93
ffffeee3
b51
fffffc86
ffffff62
432
fffff9d5
fffff6cd
aab
fffffaf9
1b1
b17
fffff2ff
731
fffffec2
fffff542
c18
fffff828
2fe
fffffd41
0
0
0
0
fffff000
dfb
fffffadc
fffffe56
36d
fffffd83
103
1056
fffff36e
3b6
1dd
ffffedbe
eaa
fffffb22
fffffe29
93
1b
79
e8c
fffff634
1ea
172
ffffffda
ffffff05
fffff3f9
bf3
fffff79d
209
286
fffffb46
462
af5
fffff528
5b4
ffffff5f
fffff1f8
0
0
0
1000
fffff3ff
459
250
ffffeb96
dc8
fffffbf7
fffffca6
135d
fffff3a5
316
2ad
ffffee69
b27
fffffcd8
fffffe8d
8e
112
ffffff95
fffffe41
41d
fffffda2
ffffff52
32d
9de
fffff6c5
596
ffffff44
fffff080
c51
fffffa77
fffffea3
ff6
fffff453
425
1bc
fffff110
1000
fffff3c0
43e
1270
ffffef6e
5dc
2ef
ffffeac6
ce0
fffffdc9
fffffbc5
129e
fffff563
1b3
283
ffffff92
fffffde7
170
1b7
fffffb67
324
67
fffffc86
36e
bf6
fffff423
64c
d60
fffff1c7
700
a7
ffffef07
bc9
fffffc82
fffffd5e
f57
fffff64e
26a
1ad
ffffff36
0
0
0
0
fffff000
c7f
bdc
fffff0ed
864
118
ffffeb18
ebf
ffffed6e
797
fffffffa
fffffe44
12a
ffffff92
221
fffffcfd
277
42
fffffd67
2c8
ffffff07
fffffea1
235
fffffeb5
fffff2be
b99
804
fffff429
7be
ffffff83
fffff019
c07
fffff04b
6f2
ffffffa3
fffffe57
0
0
0
0
0
0
fffff000
d10
fffffba3
fffffd9f
3f8
fffffe5a
ffffffa8
7d
10c
e7c
fffff37a
54c
b1
fffffd11
1f3
ffffff21
88
fffffed3
cc
56
fffffeba
158
ffffffa1
ffffef3e
18b
566
fffff9d8
2ff
bf
fffffe68
cf
fffff0af
cc4
7db
0
0
0
fffff000
d9f
fffffb6a
fffffdc1
13ba
fffff096
487
289
ffffed5f
df6
fffffbd2
fffffe7b
1101
fffff301
488
50
fffffff9
ffffff44
ffffff5e
2c7
fffffbf6
237
14f
fffffc7e
fffff63c
a6b
fffffa4b
e8
e70
fffff2f2
58c
6f
fffff169
c26
fffffb48
ffffff9b
da6
0
0
0
fffff000
e28
fffffb1d
fffffdf4
136f
ffffefd8
54b
22c
ffffedce
eaf
fffffae3
ffffff04
7b
86
94
fffffd9b
40c
d48
fffff100
856
fffffec6
fffffd92
3a6
fffffcd2
fffff4d2
a5d
fffffbdf
ffffffe5
db5
fffff41f
472
77
fffff2f4
b31
fffffb57
63
ffffff71
0
0
0
fffff000
eb0
fffffacc
fffffe23
1325
ffffef1f
61f
1cc
ffffee30
f68
fffff9df
ffffff92
16
57
147
fffffd28
431
d45
fffff04d
8ea
fffffe7f
fffffde6
3d0
fffffc39
fffff520
aa2
fffffba5
42
d33
fffff3a0
51c
1a
fffff36b
bb2
fffffa79
ed
ffffff09
0
0
0
fffff000
f53
fffffa41
fffffe8b
12bb
ffffee2d
78b
10e
ffffeed4
1043
fffff833
b5
ffffff46
3b
25c
fffffc32
4cf
cfc
ffffef76
a2d
fffffd87
fffffe97
41e
fffffaf2
fffff5f3
aad
fffffb3e
112
c23
fffff33f
630
ffffff5c
fffff466
bfd
fffff93b
1fb
fffffe1a
0
0
0
fffff000
ff4
fffff9b3
fffffeed
1252
ffffed4f
8f2
5c
ffffef63
10f9
fffff6a9
1c6
fffffe92
3f
331
fffffb5a
558
ca2
ffffeedf
b48
fffffc98
ffffff51
439
fffff9db
fffff6bd
abe
fffffaec
1b1
b22
fffff2ea
747
fffffeb9
fffff539
c32
fffff80b
30a
fffffd4d
0
0
0
1000
fffff205
525
11a9
ffffee99
7a3
a4
fffffc3e
119
63
ffffff7b
fffffd71
32f
fffffe92
fffffea5
339
fffffd9d
fffff01c
1016
fffff8ba
ffffff24
461
fffffbce
20e
108e
fffff248
4cc
17d
fffffd3f
18c
ffffffa0
fffffff2
a3a
fffff6f1
3fa
c19
fffff4cf
0
0
0
1000
fffff3ff
459
250
ffffeb98
dc4
fffffbfc
fffffca5
355
ffffffb6
fffffeae
5d
fffff2e7
942
fffffc9c
ffffff9e
179
ffffffcd
74
fffffedd
285
fffffea6
ffffff76
20d
fffffdf8
4b
14c
fffffe31
fffff0b2
cb1
fffffa29
fffffeb9
1140
fffff3ac
442
274
fffff074
0
0
0
1000
fffff3c0
43e
270
ffffebae
ddd
fffffc44
fffffca4
1357
fffff3ad
2d3
2ad
fffffe5f
fffffee6
154
ea
fffffc47
2ed
ffffffe0
fffffd51
30b
fffffeff
fffffe87
267
b7f
fffff59c
530
1092
ffffe390
107a
fffffe1e
fffff98a
117a
fffff5b0
21d
fd
ffffffcf
0
0
0
0
fffff000
fffffc7f
85a
fffff949
1ab
2c3
fffffddf
19
1b0
ffffff5a
ffffff34
192
ffffff19
ffffff69
14c
ffffff07
ffffffdc
fffff0e3
ba0
fffffc03
fffffdf9
38a
fffffed9
f95
ffffe709
2af
79c
fffff6f3
3eb
100
fffffe99
ffffff89
194
ffffffd0
fffffe78
21f
0
0
0
0
0
fffff000
d10
ba3
fffff08f
856
b9
ffffebb2
f33
fffffd04
fffffba2
374
cc
fffffd73
90
fffff30f
94a
fffffce1
ffffffae
82
65
5e
fffffe01
31f
fffffe3a
fffff264
d1c
6bd
fffff43d
831
fffffe55
fffff114
c89
fffffc13
fffffdf4
261
0
0
0
0
0
fffff000
fffffd9f
908
fffff92d
17a
1ed
fffffe2b
1035
fffff3c7
440
117
fffffdb3
128
ffffff5d
11e
fffffdf2
147
8d
e13
fffff44c
40e
133
fffffdec
d9
fffff316
fffffeef
506
fffffc54
15a
ffffffa7
c6
be0
fffff580
527
ffffff87
0
0
0
fffff000
e28
fffffb1d
fffffdf4
370
fffffdfd
6c
1f
fffff139
cb7
fffffb45
ffffff24
11c0
fffff0d9
5ae
d9
fffffed8
6b
ffffff0a
fffff1fd
ad0
fffffd4b
fffffed1
6a
fffff41a
ad9
fffffab6
21d
ffffffd5
fffffe2e
329
fffffcce
fffff5c5
b41
fffff99e
14e
de2
0
0
0
fffff000
eb0
fffffacb
fffffe25
1321
ffffef22
620
1c5
ffffee3d
f5d
fffff9df
ffffffa1
ffc
fffff1bc
67a
fffffeed
135
ffffff54
fffffe18
3e5
fffffb19
2b2
194
fffffba8
fffff703
ab2
fffff9e4
1c5
d31
fffff256
6b9
ffffff6c
fffff2c5
cc9
fffff9c6
e0
c4c
0
0
0
fffff000
f53
fffffa41
fffffe8b
12bc
ffffee2b
78c
10f
ffffeecf
104a
fffff82d
b7
f4c
fffff0db
82b
fffffd9b
213
ffffff8d
fffffce1
4ee
fffffa7b
2d1
206
fffffad4
fffff786
b20
fffff933
2a5
c73
fffff192
831
fffffe72
fffff384
d8c
fffff81a
21a
b8b
0
0
0
fffff000
ff4
fffff9b2
fffffeef
124f
ffffed4f
8f7
54
ffffef6b
10f8
fffff6a1
1d3
e85
fffff04f
987
fffffc5a
31b
ffffff55
fffffc25
5cb
fffff9b3
36d
1e5
fffffa44
fffff834
b15
fffff90e
332
b87
fffff15f
928
fffffdbe
fffff46a
da9
fffff703
31f
a9b
0
0
0
0
0
0
0
fffff000
dfb
fffffadb
fffffe57
136d
ffffef85
62e
1fc
ffffedf7
f1b
fffff9f5
ffffff37
43
12
129
fffffda2
fffff44b
b2c
fffffa00
20e
a
fffffe96
2cb
fffffd40
fffff65c
a4a
fffffa02
1c2
d2e
fffff301
6cf
ffffff0d
fffff2c6
0
0
0
1000
fffff3ff
459
250
ffffeb98
dc5
fffffbfa
fffffca6
1355
fffff3b3
30a
2ad
ffffee7c
b09
fffffcef
fffffe8f
6d
141
ffffff75
fffffe3b
44b
fffffd65
ffffff79
336
9a8
fffff708
56e
ffffff39
fffff0b8
c0e
fffffa9e
fffffead
fbf
fffff498
3fa
1b6
fffff146
0
0
0
0
fffff000
c40
fffffbc2
ffffed90
1093
fffffa21
fffffd16
1537
fffff31c
242
42e
fffffd67
fffffe65
277
4
fffffc10
3b2
ffffff26
fffffd44
3b1
fffffe62
fffffea1
2e6
fffffe2e
fffff2e9
bce
ac3
ffffe572
129f
fffffc1e
fffffa3e
12d4
fffff51e
1ea
206
ffffff08
0
0
0
0
0
0
1000
fffff381
425
292
fffffbc3
17a
a7
ffffff40
ffffef10
e15
fffffb11
fffffca6
5ec
fffffd6e
ffffff25
1ed
ffffffe7
fffffe90
183
ffffffe7
fffffea7
175
ffffff84
ffffff47
dcd
fffff57c
305
2bd
fffffc25
1120
fffff473
fffff32a
1a9
30f
0
0
0
0
1000
fffff2f0
fffff45d
f71
fffff7aa
ffffff47
44e
fffffddd
fffffe9f
1fd
85
d8c
fffff528
448
5e
fffffe4b
f1
ffffff38
fffff14b
afe
fffffcc4
fffffe55
1fd
2d
c0a
fffff4e5
fffff97f
9e8
fffff976
1a2
a6
ffffff83
ffffffeb
ffffff5d
20a
ab8
0
0
0
0
0
0
0
1000
fffff261
497
23c
fffffc4a
1c9
c
ffffffbf
edb
fffff3dd
440
12a
fffffdfd
c5
ffffffb1
103
dcc
fffff408
4f0
42
fffffe6a
106
ffffff12
183
a6d
fffff686
467
ffffff8d
ffffff29
10dc
fffff135
64a
ce3
0
0
0
fffff000
e28
fffffb1d
fffffdf4
36f
fffffe00
68
20
fffff13d
caf
fffffb4a
ffffff26
11b7
fffff0e4
5a9
d2
fffffeea
55
ffffff15
fffff206
ab7
fffffd65
fffffeca
57
f5
ffffff77
fffffe9d
3da
fffffce9
ffffffec
2d0
fffffc95
fffff4fc
c44
fffff97c
82
24e
0
0
0
0
0
0
0
1000
fffff150
535
1db
fffffcdf
22d
ffffff16
14
ea3
fffff2d2
532
79
fffffea4
113
fffffec0
183
d74
fffff311
5d6
ffffff82
ffffff34
13e
fffffe24
210
d44
fffff2d6
641
ffffff32
ffffff44
166
fffffde3
245
9e8
0
0
0
fffff000
f53
fffffa42
fffffe88
12c1
ffffee27
78b
117
ffffeec3
1053
fffff82f
a8
f61
fffff0cd
826
fffffdb3
1f5
ffffff9e
fffffcea
4d0
fffffa9b
2c2
1fa
fffffaf2
fffff76a
b28
fffff943
28a
c87
fffff192
820
fffffe86
fffff37c
d84
fffff82b
20e
b8a
0
0
0
fffff000
ff4
fffff9b3
fffffeee
1252
ffffed4d
8f6
56
ffffef66
10fe
fffff69b
1d9
fffffe86
39
34c
fffffb35
572
ca6
ffffeeb9
b7e
fffffc71
ffffff4f
467
fffff998
fffff6ee
abd
fffffaba
1fd
ae9
fffff2f0
777
fffffe6b
fffff57b
c1f
fffff7e2
35b
fffffcfe
0
0
0
1000
fffff205
525
1a8
ffffec93
107b
fffff9d1
fffffe07
204
fffffee8
e0
ffffff1f
fffff337
b52
fffffad1
103
75
ffffff10
1e9
fffffdd7
317
fffffe92
fffffeca
fffff2bb
b93
fffffb6e
ffffffc0
128
fffffeb0
165
fffffede
2d5
adf
fffff462
66d
fffffeb3
fffff1f3
0
0
0
0
0
0
0
fffff000
c01
fffffba8
fffffdb1
468
fffffe3d
ffffffad
10a
fffff113
a8b
fffffca0
fffffe62
295
ffffff7e
ffffffbb
ffffffc6
fffff22e
a45
fffffbd9
ffffff53
240
ffffff0f
87
ffffff52
fffff208
adf
fffffb52
ffffff75
28b
fffffe9b
d2
ffffff50
fffff51a
1000
fffff3c0
43e
126f
ffffef6e
5dc
2ee
fffffac5
a0
209
fffffe32
e4c
fffff706
22c
19c
fffffe99
ffffff66
94
ff
fffffd1a
206
3e
fffffdb6
26d
ffffff64
fffffea3
20e
f01
fffff326
5d4
136
fffffbb6
f54
fffff590
302
dfb
fffff385
47e
162
fffffd48
0
0
0
0
fffff000
c7f
fffffbdd
fffffd6c
43f
fffffe87
ffffff58
10bf
fffff474
28b
35c
fffffc90
ffffffc2
1c4
ffffff79
fffffdd6
2ac
ffffff0b
fffffe77
2a0
fffffe83
ffffff74
1e5
fffffe72
2a
120
ea8
fffff412
495
1a0
fffffc75
16b
fffff377
fffff9c2
7f6
fffffb56
0
0
0
0
fffff000
fffffd10
18b5
fffffc31
fffff8e1
915
fffffc6a
fffffdce
38d
ffffff60
fffffd79
1fa
33
fffffddc
223
ffffffb3
fffffe77
1db
ffffff49
ffffff4a
16a
ffffff17
ffffffd9
e3
fffff26f
fffffde9
1409
fffffc58
fffffabb
73d
fffffcd8
fffffe95
2aa
ffffff77
fffffe22
16f
fffff000
d9f
b6b
fffff023
84d
76
fffffc39
20c
132
fffffe40
ffffff36
fffff28a
b97
fffffb5f
ffffffcb
175
fffffee8
10b
fffffe8a
fffff22d
c6d
fffffa9b
ffffffd4
1d6
fffff1f1
bed
7a1
fffff573
570
ffffff91
ffffff1e
ffffffb0
163
ffffffd4
fffffd8e
fffff652
98c
fffffb12
107
d3
0
0
0
0
0
0
0
1000
fffff1d8
4e2
20c
fffffc91
200
ffffff97
ffffffe1
ec3
fffff350
4b5
dc
fffffe47
f4
ffffff3c
137
dab
fffff381
562
ffffffed
fffffebf
131
fffffe9c
1bb
a47
fffff61b
4ce
ffffff3f
ffffff6f
10fd
fffff04b
6c7
c95
0
0
0
fffff000
eb0
fffffacd
fffffe23
1323
ffffef22
61e
1c6
ffffee3d
f5c
fffff9df
ffffffa5
ff6
fffff1bf
67f
fffffedf
144
ffffff50
fffffe07
404
fffffafd
2b5
1b2
fffffb7a
fffff725
ab3
fffff9c0
1f6
d13
fffff250
6dc
ffffff42
fffff2da
cd1
fffff9aa
fe
c40
0
0
0
fffff000
f53
fffffa42
fffffe89
12be
ffffee2b
78a
113
ffffeece
1045
fffff835
b0
f4a
fffff0e9
819
fffffda7
218
ffffff75
fffffcfd
4de
fffffa71
2f2
1e2
fffffae5
fffff794
afa
fffff95a
296
c60
fffff1bb
80c
fffffe7b
fffff3a0
d5d
fffff83f
218
b66
0
0
0
fffff000
ff4
fffff9b4
fffffeed
1250
ffffed52
8f0
58
ffffef6d
10ef
fffff6ab
1d3
e79
fffff061
97c
fffffc52
333
ffffff3b
fffffc2e
5dc
fffff991
38a
1e2
fffffa2c
fffff858
afc
fffff90f
346
b6c
fffff172
923
fffffdb6
fffff477
d9d
fffff709
31f
a97
0
0
fffff000
dfb
fffffadb
fffffe58
36c
fffffd81
10a
4f
16a
e9b
fffff227
65f
ffffffd8
ffffedce
10bb
fffff84d
ffffff35
1bb
fffffe2e
1f3
fffffe90
fffff2e8
c1f
fffffa29
fffff477
bfb
fffffa5e
103
86
d2
ffffffd1
fffffeb4
3f4
955
fffff546
6cc
fffffd67
fffff2b7
0
0
0
1000
fffff3ff
458
250
ffffeb97
dc5
fffffbf9
fffffcaa
1352
fffff3b4
310
29f
ffffee88
b06
fffffce2
fffffeaa
56
146
ffffff8b
fffffe12
46e
fffffd5e
ffffff5c
36a
97c
fffff711
58c
ffffff02
fffff0e8
c00
fffffa84
fffffee4
f8a
fffff4ae
40f
17c
fffff186
0
0
0
1000
fffff3c0
43e
26f
ffffebaf
dde
fffffc3e
fffffcae
134e
fffff3ad
2e2
294
fffffe75
fffffee3
13c
111
fffffc26
fffff2f3
c3a
fffff8e9
bd
34c
fffffccf
210
c4a
fffff69b
3bf
154
fffff09d
a83
fffffcc0
fffffe1b
e98
fffff636
2f3
119
ffffff42
0
0
0
0
0
0
0
0
0
fffff000
fffffc7f
85c
ffffe949
e2a
fffffea3
fffffb4b
1456
fffff3ba
2d6
283
fffffe4b
fffffef9
d5
164
fffffc57
291
57
fffffd13
2fa
ffffff3f
fffffe59
27a
fffffebf
fffff2a6
ffffff03
539
ffffee14
c4a
fffffda7
fffffce2
0
0
0
fffff000
d10
fffffba5
fffffd9c
3fa
fffffe5c
ffffffa4
80
10d
e77
fffff37f
54a
ae
fffffd16
1f0
ffffff1d
92
ec9
fffff3bf
4b8
10f
fffffd6b
144
ffffff8c
fffff411
8a4
fffffdc7
fffffe84
115e
fffff37d
395
1ae
fffffe97
c28
fffff611
4fd
fffffe4c
fffff000
d9f
fffffb6b
ffffedc2
1157
fffff9a3
fffffdb3
13fc
fffff1bc
30a
2db
fffffe79
fffffe9d
16a
124
fffffbed
fffff388
d79
fffff86c
15e
229
fffffce8
2b3
fffffe5b
fffff459
afb
fffffaf0
fffff338
cc6
fffffaae
ffffff75
e8c
fffff512
311
11f
ffffffa2
fffffee7
63
1ce
fffffc46
0
0
0
fffff000
e28
fffffb1e
fffffdf4
136f
ffffefd8
54b
22b
ffffedce
eb0
fffffae2
ffffff05
107c
fffff25c
579
ffffffa5
9c
ffffff4b
fffffebc
356
fffffb7d
278
17b
fffffc07
fffff6aa
a8e
fffffa0a
16b
dcb
fffff29a
62d
ffffffe0
fffff218
c87
fffffa83
3c
cfc
fffff000
eb0
fffffacd
ffffee23
11d3
fffff89f
ffffff0e
130c
fffff082
49c
1c3
ffffefa8
d8f
fffffafa
3
fffffe7a
1a9
10b
fffffc55
56d
fffffc86
fffffec9
491
fffffbc4
fffff4b5
d95
fffff854
fffff433
e39
fffff83c
174
e09
fffff336
50f
21
fffff384
b26
fffffb2a
ca
fffffe74
0
0
0
fffff000
f53
fffffa42
fffffe89
12be
ffffee2b
78a
113
ffffeece
1045
fffff835
b0
ffffff4a
3c
25b
fffffc30
4d6
cf3
ffffef76
a38
fffffd74
fffffea4
423
fffffadc
fffff610
a9c
fffffb38
12e
bff
fffff354
636
ffffff3b
fffff490
be0
fffff939
21f
fffffde9
fffff000
ff4
fffff9b4
ffffeeed
1244
fffff6fa
191
1195
ffffef0f
731
fffffff3
fffff198
ed5
fffff7fb
1fa
fffffc9e
201
2c0
fffffa9d
69e
fffffb95
fffffedd
5d5
fffffa9b
fffff571
e44
fffff6e3
fffff5db
df6
fffff6f4
3c4
c39
fffff291
720
fffffe5b
fffff57b
bca
fffff8db
2a1
fffffc93
0
0
fffff000
dfb
fffffadb
fffffe58
36c
fffffd81
10a
4f
16a
e9b
fffff227
65f
ffffffd8
ffffedce
10bb
fffff84d
ffffff35
11bb
fffff033
718
38
ffffff7c
a3
fffffe44
fffff5d0
725
fffffe42
ffffffd7
fffffefd
138
fffffffc
fffffe51
43e
9f9
fffff453
743
fffffde0
fffff210
0
0
0
1000
fffff3ff
458
250
ffffeb97
dc5
fffffbf9
fffffcaa
1352
fffff3b4
310
29f
ffffee88
b06
fffffce2
fffffeaa
56
146
ffffff8b
fffffe12
46e
fffffd5e
ffffff5c
36a
97c
fffff711
58c
ffffff02
fffff0e8
c00
fffffa84
fffffee4
f8a
fffff4ae
40f
17c
fffff186
1000
fffff3c0
43e
126f
ffffef6f
5dc
2eb
ffffeacc
cdb
fffffdc9
fffffbce
1290
fffff570
1b2
274
ffffffab
fffffdcf
174
1cb
fffffb41
348
5d
fffffc6e
39d
bcb
fffff430
663
d31
fffff1f2
6f0
94
ffffef33
b9e
fffffc95
fffffd6f
f2b
fffff67d
252
19b
ffffff6a
1000
381
fffff7a4
6b7
fffffe55
fffffd3a
221
ffffffe9
fffffe4e
a5
d0
fffffe69
fffff0e8
fffffd1a
708
fffffa48
1ce
1df
fffffec6
ffffffe8
12a
10
fffffed6
163
c4b
1ca
fffffab8
495
fffffe3b
fffffeda
d5
fffffff3
ffffff54
ffffffbe
f8
ffffff02
fffff373
fffffe1f
58b
fffffb31
0
1000
fffff2f0
fffff45b
f74
fffff7ab
ffffff40
1456
fffff0cc
2f2
46d
fffffc84
ffffff2c
2a1
ffffff5f
cf1
fffff6c8
306
60
ffffff88
ffffff7e
ffffffbc
1fc
fffffccb
1e6
d89
fffff2de
fffff95a
bab
fffff7df
1ab
edc
fffff392
3d1
219
fffffdad
fffffff1
107
47
a2a
0
0
0
fffff000
d9f
fffffb6b
fffffdc2
13b8
fffff099
486
282
ffffed6b
deb
fffffbd3
fffffe8c
10e6
fffff317
487
33
24
ffffff23
ffffff5e
2ee
fffffbbe
25f
14f
fffffc55
fffff674
a46
fffffa4b
10c
e41
fffff30f
58e
51
fffff18f
c10
fffffb44
ffffffb7
d83
0
0
0
fffff000
e28
fffffb1e
fffffdf4
136f
ffffefd8
54b
22b
ffffedce
eb0
fffffae2
ffffff05
107c
fffff25c
579
ffffffa5
9c
ffffff4b
fffffebc
356
fffffb7d
278
17b
fffffc07
fffff6aa
a8e
fffffa0a
16b
dcb
fffff29a
62d
ffffffe0
fffff218
c87
fffffa83
3c
cfc
0
0
0
fffff000
eb0
fffffacd
fffffe23
1323
ffffef22
61e
1c6
ffffee3d
f5c
fffff9df
ffffffa5
ff6
fffff1bf
67f
fffffedf
144
ffffff50
fffffe07
404
fffffafd
2b5
1b2
fffffb7a
fffff725
ab3
fffff9c0
1f6
d13
fffff250
6dc
ffffff42
fffff2da
cd1
fffff9aa
fe
c40
0
0
0
fffff000
f53
fffffa43
fffffe88
12be
ffffee2e
783
118
ffffeed0
103a
fffff846
a5
f45
fffff0fd
7fe
fffffdb7
220
ffffff58
fffffd21
4c9
fffffa69
312
1ba
fffffb00
fffff794
ae0
fffff982
272
c6e
fffff1ce
7de
fffffeaf
fffff381
d51
fffff873
1d5
b92
0
0
0
fffff000
ff4
fffff9b3
fffffeee
1252
ffffed4e
8f4
57
ffffef68
10f6
fffff6a7
1d1
e82
fffff059
97c
fffffc5b
326
ffffff40
fffffc38
5c9
fffff99f
38d
1cc
fffffa46
fffff84c
af1
fffff92a
32e
b72
fffff180
90b
fffffdc5
fffff479
d8f
fffff71b
318
a91
0
0
0
0
0
0
0
fffff000
dfb
fffffadc
fffffe58
136a
ffffef8a
629
1f9
ffffee05
f05
fffffa06
ffffff3c
23
42
106
fffffd9e
fffff47c
ae5
fffffa33
211
ffffffcf
fffffee9
290
fffffd40
fffff699
9f4
fffffa40
1be
cfa
fffff34e
693
ffffff1a
fffff2ec
0
0
0
1000
fffff3ff
458
251
ffffeb94
dc8
fffffbfb
fffffca1
1360
fffff3aa
309
2b9
ffffee68
b18
fffffcf1
fffffe7b
8b
12b
ffffff75
fffffe53
428
fffffd81
ffffff74
321
9cc
fffff6e6
57b
ffffff46
fffff094
c35
fffffa89
fffffea7
fe2
fffff46d
414
1b8
fffff128
0
0
0
1000
fffff3c0
43d
270
ffffebae
dde
fffffc42
fffffca9
1351
fffff3ae
2d9
2a0
fffffe6c
fffffee4
147
fe
fffffc38
2eb
fffffff3
fffffd3d
310
ffffff0f
fffffe6c
277
b8a
fffff57a
553
1086
ffffe37a
10a5
fffffdf5
fffff997
1190
fffff582
24b
e8
ffffffc4
0
0
fffff000
c7f
fffffbdc
ffffed6c
10c0
fffffa60
fffffcc4
506
ffffff6e
fffffdc7
18f
1ac
ffffecc9
e5b
fffffcd2
fffffaa0
653
fffffe97
fffffd7c
fffff29c
cfd
fffff933
ffffffba
44d
ffffefae
b7a
fffffcd3
fffff10e
d64
fffffb6d
fffffddc
357
ffffffde
fffffe7b
9c
1ce
fffff0c2
af1
0
1000
2f0
fffff74b
6be
ffffee6a
aba
fffffda4
fffffd7c
269
fffffed9
a1
fffffefa
1df
ffffff15
ffffff35
1e9
fffffe6a
1036
fffff415
2eb
2f9
fffffc82
9c
114
c48
99
fffffb52
48a
fffff0ce
aca
fffffca0
fffffdcc
364
fffffda6
f5
ffffffcf
7a
ffffffe0
ffffff71
fffff000
d9f
fffffb6a
fffffdc2
3b9
fffffe36
fffffff2
1045
fffff382
31b
299
ffffed51
dbd
fffffc7a
fffffdd3
15e
b6
ffffff70
fffffe90
fffff3a9
ac0
fffffb2b
9e
94
fffff2b4
c17
fffffa26
f7
1a4
fffffd75
289
ab7
fffff679
3e8
a
fffff243
b48
fffffbdd
ffffff8d
b2
0
0
0
fffff000
e28
fffffb1f
fffffdf2
1371
ffffefd6
54b
22c
ffffedce
eb1
fffffae1
ffffff07
1078
fffff25f
577
ffffffa4
a2
ffffff43
fffffec3
355
fffffb75
286
16d
fffffc0d
fffff6b1
a7c
fffffa1f
15f
dc7
fffff2aa
61b
ffffffe8
fffff221
c78
fffffa8c
40
ce9
0
0
0
fffff000
eb0
fffffacc
fffffe24
1324
ffffef21
61e
1c9
ffffee38
f5e
fffff9e4
ffffff99
1002
fffff1be
66f
fffffefa
12d
ffffff50
fffffe26
3d3
fffffb23
2b5
184
fffffbbf
fffff6f2
ab4
fffff9f5
1a8
d4d
fffff24b
6aa
ffffff8f
fffff2a0
cd9
fffff9d7
b8
c74
0
0
0
fffff000
f53
fffffa42
fffffe8a
12bb
ffffee2f
787
110
ffffeed7
103b
fffff83a
b7
f39
fffff0f9
814
fffffd99
234
ffffff5c
fffffd04
4f1
fffffa4f
30f
1da
fffffad4
fffff7b3
ade
fffff966
29d
c4a
fffff1d7
7f6
fffffe84
fffff3a8
d46
fffff85a
202
b6a
0
0
0
fffff000
ff4
fffff9b3
fffffeee
1252
ffffed4e
8f4
57
ffffef68
10f6
fffff6a7
1d1
e82
fffff059
97c
fffffc5b
326
ffffff40
fffffc38
5c9
fffff99f
38d
1cc
fffffa46
fffff84c
af1
fffff92a
32e
b72
fffff180
90b
fffffdc5
fffff479
d8f
fffff71b
318
a91
0
0
0
0
0
0
0
0
0
0
0
1000
fffff205
524
1a8
ffffec96
1076
fffff9d7
fffffe07
11fb
fffff0fb
5fa
c4
ffffffdd
ffffffbe
fffffefa
262
b84
fffff51b
5cd
fffffdef
31
117
fffffd70
2c0
967
fffff60c
5c0
fffffe42
fffff306
0
0
0
1000
fffff3ff
458
251
ffffeb94
dc8
fffffbfb
fffffca1
1360
fffff3aa
309
2b9
ffffee68
b18
fffffcf1
fffffe7b
8b
12b
ffffff75
fffffe53
428
fffffd81
ffffff74
321
9cc
fffff6e6
57b
ffffff46
fffff094
c35
fffffa89
fffffea7
fe2
fffff46d
414
1b8
fffff128
0
0
0
0
0
0
0
0
0
0
0
1000
ffffe3c0
107c
fffffe36
ffffe93a
1232
fffffaa7
fffffc24
43c
f0
fffffd0d
114
fffff37d
7c1
fffffdb8
ffffffa1
46
da
2d
fffffe06
353
fffffe54
fffffefb
2d9
fffffd91
25
1e5
fffffdaf
e3
0
0
0
0
0
fffff000
c7f
fffffbdc
fffffd6d
43f
fffffe84
ffffff5b
fffff0be
d70
fffffa49
fffffe30
50e
fffffcd3
6e
fc
ffffffbc
ffffff77
a3
fffff00e
bb3
fffffc9b
fffffd48
3c0
ffffff18
ffffff2a
72
fffff15f
ac4
fffffc66
fffffea0
257
ffffff78
fffff33a
92e
fffffeb9
0
0
0
0
0
0
0
0
0
1000
fffff2f0
fffff45b
f74
fffff7ac
ffffff3e
458
fffffddc
fffffe92
210
7a
d88
fffff539
432
6b
fffffe51
d9
ffffff55
fffff13d
af2
fffffce3
fffffe37
208
3d
be8
fffff502
fffff978
9d4
fffff99d
17f
b0
fffff000
d9f
b6a
fffff023
84e
74
fffffc3a
20f
12f
fffffe40
ffffff3a
fffff285
b98
fffffb62
ffffffc4
17c
fffffee5
105
fffffe95
fffff224
c6d
fffffaa5
ffffffc6
1dc
fffff1f5
be0
7ad
fffff571
568
ffffff9e
ffffff14
ffffffaf
16e
ffffffc5
fffffd9a
fffff654
97e
fffffb21
ff
d0
0
0
0
fffff000
e28
fffffb1f
fffffdf1
1372
ffffefd6
54a
22f
fffffdcb
89
ffffffc4
112
d0b
fffff45e
510
ffffff86
ffffff5e
c5
fffffe8d
225
fffffd35
16a
121
fffffd5e
fffff590
ac0
fffffab9
77
e47
fffff2d6
589
6a
fffffeb2
10f9
fffff0aa
67c
c49
0
0
0
fffff000
eb0
fffffacc
fffffe24
1324
ffffef20
61f
1c9
ffffee36
f61
fffff9e1
ffffff9a
1005
fffff1b9
675
fffffef7
12b
ffffff55
fffffe1f
3d9
fffffb21
2b4
18a
fffffbb5
fffff6fb
aaf
fffff9f2
1b3
d40
fffff255
6aa
ffffff85
fffff2ac
cce
fffff9d7
c1
c6b
0
0
0
fffff000
f53
fffffa43
fffffe87
12bf
ffffee2c
785
11a
ffffeecb
1042
fffff840
a2
f50
fffff0ef
805
fffffdbf
20d
ffffff6b
fffffd1c
4ba
fffffa84
2fe
1b8
fffffb18
fffff775
aee
fffff991
24e
c8e
fffff1c8
7c6
fffffed8
fffff366
d4e
fffff891
1ae
ba4
0
0
0
fffff000
ff4
fffff9b3
fffffeee
1252
ffffed4d
8f5
59
ffffef62
1100
fffff69f
1cd
fffffe95
31
343
fffffb50
552
cb7
ffffeec5
b56
fffffc9f
ffffff37
459
fffff9c8
fffff6b7
adb
fffffac6
1cb
b26
fffff2ca
771
fffffe9d
fffff537
c52
fffff7de
32c
fffffd49
0
0
0
0
0
0
0
fffff000
dfb
fffffadd
fffffe55
136e
ffffef87
626
203
ffffedf9
f0d
fffffa0c
ffffff28
103a
fffff239
621
ffffff65
ed
ffffff7c
fffffe5c
340
fffffb28
2b5
154
fffffbe7
fffff6c7
a3f
fffff9e8
1d6
ddc
fffff234
702
ffffffc4
fffff20a
0
0
0
1000
fffff3ff
458
251
ffffeb94
dc9
fffffbf9
fffffca3
135f
fffff3a7
310
2b2
ffffee6a
b1f
fffffce4
fffffe87
88
121
ffffff87
fffffe43
42c
fffffd8c
ffffff60
332
9c7
fffff6df
589
ffffff3a
fffff09a
c35
fffffa84
fffffead
fdd
fffff471
414
1b8
fffff127
0
0
0
1000
fffff3c0
43c
273
ffffebaa
de1
fffffc44
fffffca0
135e
fffff3a5
2d5
2b2
fffffe56
fffffef0
14f
e7
fffffc4f
fffff2e4
c24
fffff919
8f
35f
fffffce0
1e5
c78
fffff683
3b6
17b
fffff06d
aa2
fffffcc5
fffffdf3
ecd
fffff611
2ec
14b
ffffff02
1000
381
fffff7a5
6b8
fffffe53
fffffd3c
224
ffffffe2
fffffe54
a5
c7
fffffe77
fffff0df
d18
fffffa94
fffffe5c
46f
fffffd9b
36
fffff0a6
cd0
fffffb0a
fffffdde
4c0
a24
2c0
fffffa63
55e
fffffdbe
fffffeaa
1c1
fffffef2
ffffff9c
3c
26
ffffff68
fffff3b2
a33
fffffc0c
fffffe8f
0
0
0
0
0
0
0
1000
fffff2f0
45b
265
fffffc04
1a6
fffff05d
c8c
a9b
fffff214
7c4
ffffffd5
fffffd5b
116
fffff123
c3b
fffffa1e
3c
267
fffffd9e
201
fffffe82
130
ffffffff
b7c
fffff745
27a
18f
fffffe1a
1c
fffff3cd
abe
747
0
0
0
fffff000
d9f
fffffb6a
fffffdc2
13b9
fffff096
48a
282
ffffed67
df4
fffffbca
fffffe8d
ee
a6
0
fffffdf4
3ce
d72
fffff19e
7c9
ffffff32
fffffd0e
389
fffffd6d
fffff46c
a46
fffffc03
ffffff7b
e4f
fffff476
3fc
cd
fffff25b
ae2
fffffbe4
0
1
fffff000
e28
fffffb1f
ffffedf0
119d
fffff91a
fffffe59
139a
fffff108
3d8
262
ffffeeeb
d0c
fffffbea
ffffff52
ffffff3e
188
6a
fffffcf8
4e8
fffffce1
fffffee2
415
fffffc38
fffff45f
d42
fffff8d9
fffff3a1
e5f
fffff881
c5
ec8
fffff35b
492
ad
fffff2be
af3
fffffbca
3b
ffffff2a
fffff000
eb0
fffffacc
ffffee24
11d4
fffff89c
ffffff0f
1311
fffff07a
4a0
1c9
ffffef99
d9c
fffffafb
fffffff0
fffffe96
199
ff
fffffc7b
543
fffffc95
fffffee3
45a
fffffbf6
fffff4ab
d6e
fffff894
fffff401
e3f
fffff866
136
e39
fffff32f
4eb
5a
fffff356
b2e
fffffb4a
96
fffffea0
0
0
0
0
0
0
0
1000
fffff0ad
5bd
179
fffffd41
281
fffffe37
61
e76
fffff23c
5fc
ffffffba
ffffff25
155
fffffdea
207
d17
fffff28a
6a2
fffffeae
ffffffde
16e
fffffd42
2a6
ccf
fffff25f
713
fffffe4a
1
188
fffffd03
2e9
960
0
0
0
fffff000
ff4
fffff9b3
ffffeeed
1248
fffff6f1
199
1197
ffffef01
746
ffffffe6
191
fffffefe
fffffe24
31e
fffffa5c
495
41
fffffb4b
4ce
fffffd7a
ffffff23
3b0
fffffcc8
fffff0ba
1177
fffff76f
a1
245
fffffbf4
41a
fffffe6f
fffff4f9
bb4
fffff99f
fffff536
c5a
0
0
fffff000
dfb
fffffadd
fffffe54
36f
fffffd83
103
56
169
fffffe95
2c
134
fffffe2d
fffff144
e32
fffff95c
ffffff85
131f
ffffeed8
72e
17b
fffffdae
1ce
fffffe9a
f5
fffffd30
226
56
fffffd5c
fffff2b6
cbc
fffff9c7
fffff420
cfb
fffff93f
145
169
0
0
0
0
1000
fffff3ff
459
250
fffffb95
1c8
50
fffffef6
fffffef0
172
ffffff09
ffffff52
fffff1ce
ac2
fffffb9c
fffffeed
357
fffffe7c
71
1023
fffff55b
359
27f
fffffcaf
27
f3
ffffff85
fffffd97
fffff237
b3a
fffff9f0
64
fd0
fffff3ef
552
15e
fffffd8a
1000
fffff3c0
43c
1273
ffffef6a
5db
2f5
ffffeabe
ce3
fffffdd0
fffffbbb
12a5
fffff567
1a7
28b
ffffff94
fffffddb
17a
1b9
fffffb57
337
62
fffffc77
389
be3
fffff420
664
d45
fffff1d4
707
94
ffffef1c
bbe
fffffc82
fffffd6a
f46
fffff65d
262
1a5
ffffff4b
0
0
0
0
0
0
0
fffff000
c7f
fffffbdc
fffffd6c
441
fffffe83
ffffff5a
fffff0c2
d6b
a4c
fffff1b2
92e
ffffff6d
fffffc28
27c
63
fffffeb0
ffffffbe
198
fffffe71
fffffffa
17d
fffffe7b
1052
ffffe7c7
ccc
ffffffc8
fffffa56
3c3
23
fffffefa
fffff214
d0d
0
0
0
fffff000
d10
fffffba6
fffffd9a
3fc
fffffe5b
ffffffa3
81
fffff10e
b86
fffffc36
fffffe88
246
ffffff6c
ffffffee
ffffff43
21f
e4c
fffff2c9
fffff630
d5d
fffff86d
32
2a0
fffff239
92a
fffffd72
ffffffb4
66
68
79
fffffdd2
fffff667
8e2
fffffb5b
e9
d1
fffff000
d9f
b6a
fffff022
851
72
fffffc39
212
12b
fffffe44
ffffff37
fffff285
b9d
fffffb59
ffffffcb
17c
fffffedd
113
fffffe89
fffff228
c75
fffffa94
ffffffd7
1d6
fffff1eb
bf5
799
fffff578
573
ffffff88
ffffff28
ffffffa8
167
ffffffda
fffffd80
fffff664
97e
fffffb11
119
bc
0
0
0
fffff000
e28
fffffb20
ffffedf0
119b
fffff91e
fffffe57
396
ffffff38
ef0
fffff229
749
ee3
ffffefa0
86b
fffffe9e
fffffe8f
f0
ffffff0f
1b6
fffffced
244
54
fffffd7b
fffff632
a09
fffffb08
fffff404
c49
fffffa90
18
12b
27
c5a
fffff3ce
6d3
b8a
0
0
0
fffff000
eb0
fffffacc
fffffe23
1326
ffffef1d
623
11c6
ffffef86
5eb
e7
fffffe5b
ffffff10
fffff1a1
f2e
fffff68f
296
1e0
fffffb56
52a
fffffd16
104
149
fffffd3f
fffff5a8
b02
fffffaea
4b
dbd
fffff2bb
5d8
cd4
fffff3b5
4cc
ffffffe4
ffffff9e
fffffec9
0
0
0
fffff000
f53
fffffa43
fffffe86
12c1
ffffee2a
787
119
ffffeec9
1048
fffff837
ab
f4e
fffff0e5
81a
fffffda8
217
ffffff78
fffffcfa
4e3
fffffa6c
2f3
1e5
fffffadd
fffff79d
af3
fffff95d
297
c5a
fffff1c8
7fe
fffffe84
fffff3a1
d50
fffff850
20a
b6a
0
0
0
fffff000
ff4
fffff9b3
fffffeed
1254
ffffed4a
8f9
56
ffffef63
1103
fffff697
1d8
e8c
fffff03d
99c
fffffc4c
316
ffffff6d
fffffc06
5e2
fffff9b2
356
207
fffffa29
fffff838
b29
fffff8f1
348
b86
fffff14d
93f
fffffdae
fffff466
dbc
fffff6ed
32d
aa4
0
0
fffff000
dfb
fffffadd
fffffe54
36f
fffffd83
103
56
169
e95
fffff231
657
ffffffd9
ffffedd5
10af
fffff859
ffffff2f
11b6
fffff043
702
47
ffffff81
8a
fffffe63
fffff5c0
71b
fffffe62
ffffffb2
ffffff0f
143
ffffffdb
fffffe73
430
9ef
fffff46b
728
fffffdee
fffff211
0
0
0
1000
fffff3ff
459
250
ffffeb95
dc9
fffffbf7
fffffca6
135b
fffff3a9
312
2ac
ffffee73
b18
fffffce3
fffffe91
79
12d
ffffff85
fffffe38
43e
fffffd7d
ffffff63
33e
9b5
fffff6eb
58c
ffffff2a
fffff0ab
c32
fffffa76
fffffec4
fca
fffff46d
42d
196
fffff13f
0
0
0
1000
fffff3c0
43c
273
ffffebaa
ddf
fffffc46
fffffca1
135a
fffff3ab
2d4
2aa
fffffe62
fffffee8
149
fb
fffffc3b
2e8
fffffff7
fffffd35
318
ffffff0d
fffffe65
287
b7a
fffff581
559
1076
ffffe38c
109a
fffffdf6
fffff9a0
1182
fffff58e
247
e2
ffffffce
1000
381
fffff7a5
6b8
fffffe53
fffffd3c
223
ffffefe4
ad1
fffffc80
fffffe37
2b3
ffffff64
fffffff5
ffffef76
e5d
fffffa79
fffffd4a
5e6
fffffcba
ffffffd5
1b5
ffffff6e
ffffff2c
deb
26b
fffff892
668
fffffe21
fffffd82
252
fffff2cb
884
fffffd85
fffffe6f
201
ffffffc8
ffffffdf
fffff2ab
bbf
0
0
0
fffff000
d10
fffffba6
fffffd9a
3fc
fffffe5b
ffffffa3
81
10e
fffffe76
90
ee
e4a
fffff401
4a5
128
fffffd15
17b
ffffefa6
d77
fffffa35
fffffed6
414
fffffcf2
fffff4a7
a2f
fffffce1
fffffe02
2c0
ffffff88
fffffef5
77
178
fffffdf9
fffff0ba
e34
643
0
0
0
fffff000
d9f
fffffb6a
fffffdc1
13bb
fffff094
48a
284
fffffd64
56
62
c9
fffffd35
fffff274
da7
fffff91a
75
29b
fffffd21
21c
fffffed6
fc
ffffffde
fffffef1
fffff4d1
9be
fffffc4e
ffffff52
e61
fffff43f
41e
ed
ffffeeca
dce
fffffb15
ffffff3d
fa
fffff000
e28
fffffb20
ffffedf0
119b
fffff91e
fffffe57
1396
fffff110
3d0
261
ffffeef6
cfd
fffffbf4
ffffff56
ffffff2e
19a
61
fffffcf3
4f7
fffffcd2
fffffeeb
413
fffffc36
fffff466
d34
fffff8ec
fffff393
e5b
fffff89a
a2
ede
fffff360
46d
d9
fffff2a5
ae9
fffffbf6
c
ffffff42
0
0
0
fffff000
eb0
fffffacc
fffffe23
1326
ffffef1d
623
1c6
ffffee36
f67
fffff9d6
ffffffa4
3
5d
156
fffffd08
453
d37
fffff03c
912
fffffe57
fffffdf6
3e1
fffffc10
fffff54c
a87
fffffba2
60
d0a
fffff3c2
511
a
fffff390
b8a
fffffa91
f2
fffffee9
0
0
0
fffff000
f53
fffffa43
fffffe86
12c1
ffffee2a
787
119
ffffeec9
1048
fffff837
ab
f4e
fffff0e5
81a
fffffda8
217
ffffff78
fffffcfa
4e3
fffffa6c
2f3
1e5
fffffadd
fffff79d
af3
fffff95d
297
c5a
fffff1c8
7fe
fffffe84
fffff3a1
d50
fffff850
20a
b6a
0
0
0
fffff000
ff4
fffff9b3
fffffeed
1254
ffffed4a
8f9
56
ffffef63
1103
fffff697
1d8
e8c
fffff03d
99c
fffffc4c
316
ffffff6d
fffffc06
5e2
fffff9b2
356
207
fffffa29
fffff838
b29
fffff8f1
348
b86
fffff14d
93f
fffffdae
fffff466
dbc
fffff6ed
32d
aa4
0
0
fffff000
dfb
fffffadd
fffffe54
36f
fffffd83
103
56
169
e95
fffff231
657
ffffffd9
ffffedd5
10af
fffff859
ffffff2f
1b6
fffffe3e
1df
fffffe9b
fffff2f0
c08
fffffa43
fffff46a
bf3
fffffa7a
e1
99
d9
ffffffb4
fffffed6
3e3
94d
fffff55f
6af
fffffd75
fffff2bb
0
0
0
1000
fffff3ff
459
250
ffffeb95
dc9
fffffbf7
fffffca6
135b
fffff3a9
312
2ac
ffffee73
b18
fffffce3
fffffe91
79
12d
ffffff85
fffffe38
43e
fffffd7d
ffffff63
33e
9b5
fffff6eb
58c
ffffff2a
fffff0ab
c32
fffffa76
fffffec4
fca
fffff46d
42d
196
fffff13f
0
0
0
1000
fffff3c0
43c
273
ffffebaa
ddf
fffffc46
fffffca1
135a
fffff3ab
2d4
2aa
fffffe62
fffffee8
149
fb
fffffc3b
2e8
fffffff7
fffffd35
318
ffffff0d
fffffe65
287
b7a
fffff581
559
1076
ffffe38c
109a
fffffdf6
fffff9a0
1182
fffff58e
247
e2
ffffffce
0
0
0
0
0
0
0
fffff000
c7f
fffffbdc
fffffd6c
441
fffffe83
ffffff5a
fffff0c2
d6b
fffffa4c
fffffe31
50a
fffffcd9
fffff069
fffffd7e
818
fffff8ba
257
2cc
fffffd13
df
181
fffffee6
ffffffc4
fffff4a5
8c9
fffffc7e
ffffff22
234
ffffff04
39
fffff2dd
b29
0
0
0
fffff000
d10
fffffba6
fffffd9a
13fc
fffff14b
3fd
2e7
ffffed12
d2b
fffffc93
fffffe07
1138
fffff3e6
3b8
bb
ffffffd9
fffffee0
ffffffeb
293
fffffbc8
277
11a
fffffc71
fffff678
9d2
fffffa74
ef
e7f
fffff38d
535
9d
fffff13a
b86
fffffbd3
ffffff4e
dcb
0
0
0
fffff000
d9f
fffffb6a
fffffdc1
13bb
fffff094
48a
284
ffffed64
df5
fffffbcc
fffffe8a
10f0
fffff308
492
34
18
ffffff36
ffffff50
2f1
fffffbc6
251
15d
fffffc4b
fffff677
a4a
fffffa3f
11c
e34
fffff314
596
3c
fffff1a7
c00
fffffb42
ffffffcf
d61
0
0
0
0
0
0
0
1000
fffff1d8
4e1
210
fffffc8b
204
ffffff99
ffffffd9
ecc
fffff34a
4b3
e8
fffffe36
100
ffffff3d
129
dbd
fffff373
563
fffffffb
fffffea9
142
fffffe9a
1ae
da3
fffff324
5d3
ffffffb5
fffffea8
178
fffffe58
1d7
a56
0
1000
150
ffffe684
15c0
fffff984
fffffd2f
469
fffffcfa
ffffffa1
1011
fffff42d
250
23c
fffffeee
fffffef8
148
ad
fffffc41
392
ffffff73
fffffd8b
37a
fffffdeb
ffffff65
272
fffffdd9
93
10b
fffffe56
10e
19
ffffff1c
daa
95
ffffeb8f
11d5
fffffa56
fffffe00
392
0
0
0
fffff000
f53
fffffa43
fffffe86
12c2
ffffee29
786
11e
ffffeec0
104f
fffff83a
9a
f68
fffff0d3
814
fffffdc9
1e8
ffffff98
fffffd01
4b3
fffffaaf
2c3
1e4
fffffb12
fffff74e
b31
fffff953
267
cac
fffff17e
816
fffffeaf
fffff349
da6
fffff830
1dd
bcc
0
0
0
fffff000
ff4
fffff9b3
fffffeee
1251
ffffed4f
8f5
56
ffffef68
10fb
fffff69e
1d5
e89
fffff045
993
fffffc53
313
ffffff6a
fffffc0e
5d5
fffff9c1
34b
207
fffffa38
fffff81f
b40
fffff8e8
33d
ba0
fffff133
94c
fffffdb5
fffff452
dd4
fffff6dd
32c
ab1
0
0
0
0
0
0
0
fffff000
dfb
fffffadc
fffffe56
36e
fffffd81
105
56
166
fffffe98
2c
12f
fffffe36
13d
37
fffffe87
fffff126
db2
fffffa2c
ffffff59
2ec
fffffd32
1c0
ffffffcb
fffff17a
cfe
fffffa83
ffffffcb
11b7
fffff078
6ae
5f
fffff25e
0
0
0
0
0
0
0
fffff000
c01
fffffba7
fffffdb1
1468
fffff23b
406
35a
fffffca8
4f
14f
ffffff9d
d27
fffff6b2
363
75
fffffe6a
46
ffffff91
102
fffffda6
141
7f
fffffe20
1d1
ffffffd3
fffffec2
19b
f8a
fffff330
5c8
179
ffffee88
0
0
0
0
0
0
0
0
0
0
0
1000
fffff3c0
43e
270
ffffebae
de0
fffffc3d
fffffcae
1351
fffff3a6
2e6
1294
fffff22e
32e
3a4
fffffcbe
fffffdd3
35c
ffffff20
fffffc2e
49f
fffffe2e
fffffdaf
43a
fffffd9c
ffffff28
313
fffffd92
21
0
0
fffff000
fffffc7e
85b
fffff948
1aa
2c4
fffffdde
17
1b0
ffffff5d
ffffff30
194
ffffff1c
ffffef62
dd0
fffffae4
fffffd41
529
fffffda2
ffffff7f
14f
39
fffffec0
105
fffff046
b32
fffffcee
fffffd5c
363
ffffff64
ffffff27
30
fffff4f2
fffffb61
70d
fffffc18
ffffff43
325
0
1000
fffff2f0
fffff45d
f73
fffff7a8
ffffff47
451
fffffdd9
fffffea1
11fd
fffff372
1ec
49a
fffffbef
ffffffa8
29c
fffffec8
fffffddc
349
fffffe6b
fffffeb5
2ec
fffffdea
ffffffdb
e9e
fffff3b0
ffffe75e
1a3a
fffff38e
fffffdee
78b
fffffbcb
ffffff64
e7d
fffff6c9
8a
3ca
fffffdce
fffffe34
0
1000
262
ffffe6f8
1471
fffff9f2
fffffbd5
589
fffffe08
fffffe8b
94
254
fffffd12
f8
1cb
ce0
fffff456
52d
7
fffffe3e
166
fffffed9
160
fffffe0a
119
d74
ffffffe5
ffffee02
fb6
fffffa1f
fffffe6e
34f
fffffe48
fffffff1
ffffff46
254
fffffe11
ffffffe7
227
a08
0
0
0
fffff000
e28
fffffb1d
fffffdf2
1373
ffffefd1
551
22d
ffffedc4
ec0
fffffad6
ffffff04
108a
fffff247
588
ffffffa6
8e
ffffff5f
fffffeaf
359
fffffb82
271
181
fffffbff
fffff6b5
a84
fffffa0a
17a
db3
fffff2aa
632
ffffffc5
fffff239
c7a
fffffa72
63
cd7
0
0
0
fffff000
eaf
fffffacd
fffffe22
1323
ffffef23
61d
1c7
ffffee3d
f5a
fffff9e1
ffffffa5
ff4
fffff1c4
67b
fffffede
14a
ffffff47
fffffe0f
405
fffffaf5
2c1
1a8
fffffb7a
fffff72e
aa6
fffff9ca
1f4
d0d
fffff258
6d7
ffffff42
fffff2dc
cd0
fffff9a7
104
c3e
0
0
0
fffff000
f53
fffffa41
fffffe89
12bf
ffffee27
78e
111
ffffeeca
1051
fffff829
b5
f52
fffff0d3
82f
fffffd9e
20d
ffffff93
fffffce0
4eb
fffffa7e
2d2
200
fffffadb
fffff784
b18
fffff942
298
c75
fffff19f
81a
fffffe83
fffff383
d7b
fffff836
207
b8b
0
0
0
fffff000
ff3
fffff9b4
fffffeec
1252
ffffed4f
8f4
56
ffffef6a
10f8
fffff69f
1db
e7d
fffff051
991
fffffc44
330
ffffff4f
fffffc14
5f1
fffff98c
37d
1fa
fffffa11
fffff86a
af9
fffff8ff
366
b48
fffff187
92b
fffffd8e
fffff4ad
d7a
fffff703
350
a58
0
0
0
0
0
0
0
fffff000
dfb
fffffadb
fffffe57
136d
ffffef84
62f
1f9
ffffedfb
f18
fffff9f4
ffffff40
36
1e
126
fffffd95
fffff463
b12
fffffa0c
218
ffffffef
fffffeb6
2b5
fffffd40
fffff672
a27
fffffa20
1b5
d25
fffff31c
6ae
ffffff27
fffff2c3
0
0
0
1000
fffff400
458
251
ffffeb98
dc3
fffffbfb
fffffca9
1350
fffff3b7
30d
2a1
ffffee8a
b02
fffffce7
fffffea6
54
14c
ffffff82
fffffe18
46f
fffffd55
ffffff69
35f
97e
fffff71c
57d
ffffff0f
fffff0e5
bf5
fffffa92
fffffed9
f8d
fffff4b5
407
184
fffff17f
0
0
0
1000
fffff3c0
43f
26f
ffffebae
de1
fffffc3c
fffffcad
1355
fffff3a1
2e9
298
fffffe61
ffffff00
12b
109
fffffc4c
2c2
17
fffffd33
2f8
ffffff39
fffffe4b
27d
b9f
fffff55b
568
85
ffffefac
c7a
fffffb7b
fffffde8
1ffb
ffffe8b6
77a
456
fffff9de
0
0
fffff000
c7e
fffffbdd
fffffd6b
43f
fffffe86
ffffff57
c1
ef
e6c
fffff449
4ee
e6
fffffcd6
1b3
ffffff79
47
ffffeeef
d55
fffffbf7
fffffc4e
58b
fffffe26
fffffea9
fffff52a
a4a
fffffacb
ffffffa7
1372
fffff0a4
55b
29e
fffffbaa
e38
fffff69b
2f8
80
fffffe80
1000
fffff2f1
45b
fffff265
915
fffffd49
fffffdf9
378
fffffd51
12a
fffffff1
fffff020
d39
fffffb26
fffffe3e
381
fffffe5f
13
fffffffe
134
fffffeaf
2c
127
fffffe67
c0
8d
fffffebe
fffff0da
d2d
fffffac9
fffffe71
3cd
a8d
fffff602
38c
fffff616
638
fffffde6
ffffff7b
142
0
0
0
fffff000
d9f
fffffb69
fffffdc4
13b4
fffff09b
487
27d
ffffed76
de1
fffffbd6
fffffe96
10cf
fffff32d
480
23
48
ffffff01
ffffff6b
302
fffffb92
28b
13f
fffffc3d
35d
ffffff41
fffffe00
2ee
fffffe5e
ffffff85
1de
fffffe39
fffff3d9
b92
fffffb0f
ffffff31
f7c
0
0
0
0
0
0
0
0
0
0
0
fffff000
e27
fffffb1f
fffffdf2
136e
ffffefdb
548
22c
ffffedd3
ea8
fffffae9
ffffff04
73
92
8a
fffffd9c
fffff416
b5d
fffffa59
15e
1e
ffffff1b
1f5
fffffd60
2f8
fffffec0
fffffe91
2df
fffffda6
0
0
0
0
0
0
0
1000
fffff150
535
1db
fffffce0
22b
ffffff19
13
ea2
fffff2d7
52c
7d
fffffea6
10b
fffffecb
17e
d71
fffff31d
5c9
ffffff89
ffffff39
130
fffffe35
209
d3f
fffff2e6
631
ffffff3b
ffffff49
156
fffffdf8
239
9e7
0
0
0
fffff000
f53
fffffa41
fffffe8a
12bb
ffffee2d
78c
10b
ffffeeda
103e
fffff832
bf
f35
fffff0f6
81b
fffffd94
233
ffffff63
fffffcfe
4f1
fffffa57
304
1de
fffffadc
fffff7a1
aef
fffff961
290
c64
fffff1bd
803
fffffe8b
fffff38f
d64
fffff847
201
b81
0
0
0
fffff000
ff4
fffff9b2
fffffeef
124e
ffffed52
8f3
53
ffffef72
10ed
fffff6aa
1d6
fffffe75
5a
327
fffffb47
581
c76
ffffeef5
b58
fffffc68
ffffff8e
411
fffff9d6
fffff6f1
a73
fffffb25
1a9
af3
fffff33b
6fd
fffffed2
fffff563
bda
fffff863
2e8
fffffd23
0
0
0
1000
fffff205
525
11aa
ffffee97
7a5
a3
fffffc3f
117
63
ffffff81
fffffd64
fffff33b
c8b
fffff973
1a4
fd
fffffd99
333
fffffe22
23a
ffffff93
fffffe6e
23f
e6d
fffff221
668
ffffffda
fffffd39
306
fffffdb8
c0
b25
fffff589
4fc
c31
fffff3f3
0
0
0
1000
fffff3ff
459
250
fffffb97
1c5
53
fffffef6
eee
fffff576
35d
1a4
ffffed67
c81
fffffbf7
fffffdde
240
1
ffffff65
ffffff7d
334
fffffda5
43
248
d3f
fffff50a
580
24
fffffcb8
238
fffffeb4
32
bab
fffff6d1
3b8
b6
fffffdce
0
0
0
1000
fffff3c0
43e
272
ffffebab
de2
fffffc40
fffffca4
35c
ffffffe2
fffffe9f
38
fffff2ad
995
fffffc88
ffffff67
1a0
ffffffb2
55
fffffeef
23c
fffffebb
ffffff7a
fffff1e8
1728
fffff23c
22e
4a4
ffffeecf
b3f
fffffc8f
ffffff39
152
ffffffd1
a1
fffffe17
fffff62c
0
0
0
0
fffff000
c7f
bdb
fffff0ef
862
118
fffffb1c
23a
195
fffffdaf
ffffffd7
fffff25a
a10
c22
fffff2d4
624
1e1
fffffc2b
79
293
fffffe1d
fffffe93
35e
fffffd83
fffff2c8
cbd
6ca
fffff486
85c
fffffe9b
fffffd33
277
ffffff9e
ffffff6e
ffffffc5
fffff443
fffff000
d10
fffffba4
fffffd9c
3fa
fffffe5b
ffffffa5
7e
110
e74
fffff382
549
ad
fffffd1b
1e9
ffffff22
fffff094
bcf
fffffc81
fffffdef
2a6
ffffffcb
ffffff33
ffffffbe
fffff59c
81d
fffffcdf
fffffff0
9e
ffffffee
83
fffffe6b
25c
b66
fffff4e3
59f
ffffffe6
ffffed4b
f94
fffffa1f
0
1000
fffff261
497
23c
ffffec4c
f65
fffffb79
ffffed82
102c
fffffb23
fffffd58
12e7
fffff376
1ff
284
ffffffc3
fffffd83
1a2
1ce
fffffb01
403
9
fffffc6c
422
b00
fffff3a4
6c6
ffffff95
fffff055
dff
fffffa6c
fffff225
d70
fffffad7
fffffef1
ec8
fffff589
258
176
fffff000
e28
fffffb1e
ffffedf1
119b
fffff919
fffffe5b
394
ffffff35
fffffef4
4f
fffff267
afe
fffffc5a
ffffff74
6e
20
8b
fffffe29
33b
fffffddf
ffffff4b
2b4
fffffd55
fffff435
c80
fffff9e1
fffff319
e1b
fffff93a
1f
243
ffffeeea
e50
fffffa91
fffff359
c92
fffffa77
74
5c
fffff000
eb0
fffffacb
fffffe24
1323
ffffef21
620
1c6
fffffe3b
ae
ffffff14
17d
cd9
fffff3ec
58e
ffffff02
ffffffd9
d3
fffffe18
283
fffffcdc
198
143
fffffd0f
fffff5d8
af7
fffffa7a
db
dbf
fffff273
634
fe8
fffff09c
628
18
fffffefb
c08
fffff529
530
fffffd36
fffff000
f53
fffffa41
ffffee89
1211
fffff7be
54
125a
ffffefb6
5fb
d2
fffff090
e61
fffff961
fd
fffffda6
196
20d
fffffb8f
5d8
fffffc45
fffffeb1
514
fffffb72
fffff4e8
df2
fffff7bd
fffff4ce
e3c
fffff79d
27c
d4a
fffff2c7
617
ffffff52
fffff467
b9a
fffff9f7
1ac
fffffd99
0
0
0
fffff000
ff4
fffff9b2
fffffeef
124e
ffffed52
8f3
53
ffffff72
f9
fffffcf8
2e7
c27
fffff320
6d0
fffffd16
173
f1
fffffca7
39f
fffffbb0
24a
19b
fffffc24
fffff6a4
b56
fffff9da
209
c5c
fffff185
842
fffffe86
d6
10b3
ffffecba
9b2
9f9
0
0
0
1000
fffff205
fffff525
fa3
fffff770
d6
262
fffffd34
ffffff9b
1ba
145
fffffd5b
1ff
fffffff4
fffffdf2
2c6
ffffff08
fffffecd
1e2
fffffeaa
ffffffd3
157
fffffebd
3f
10ab
fffff107
5c3
1cf
ffffebf4
1115
fffff991
fffffde4
f17
fffff375
fffff86d
b88
fffffc45
0
0
fffff000
c01
fffffba7
fffffdb0
467
fffffe3f
ffffffa9
10d
fffff112
a87
fffffca8
fffffe58
298
ffffff86
ffffffaa
ffffffd6
228
e39
fffff448
5e4
30
fffffc79
280
fffffeb7
ffffffe1
ffffff32
49
fffffff9
ffffff53
fffff0fe
bb5
fffffb45
fffff1d0
da6
fffffa80
fffffe9f
40d
ffffff79
1000
3c0
fffff7fd
6b0
fffffe1d
fffffd4b
221
ffffef91
a5d
fffffc4f
fffffe2b
2c6
ffffff5d
e
ffffffaf
1f8
fffffead
b
190
e3d
fffff442
514
107
fffffc49
ecb
255
fffff976
485
ffffff1f
fffffddd
c2
fffff426
7ed
fffffc60
ffffffb6
1ac
ffffff11
121
fffffee9
182
0
0
0
0
0
0
1000
fffff381
424
294
ffffebc1
df8
fffffc86
fffffca8
351
1d
fffffe89
1
fffff297
9d5
fffffc75
ffffff57
1195
fffff33c
468
154
fffffdff
25
b
14e
9e1
fffff7e6
3da
ffffff7f
fffff25c
aab
fffffb95
ffffff9f
192
ffffff56
0
1000
fffff2f0
45b
265
ffffec05
eb4
fffffc03
fffffd16
12f2
fffff2d5
367
207
fffffeb9
ffffff0d
b2
18c
c49
fffff5ae
4b5
ffffff7b
ffffff0a
c2
fffffecb
1f2
a5a
fffff698
49b
ffffff8f
fffff1fa
ba0
fffffb49
ffffff89
e4b
fffff4da
42a
7a
ffffff12
17
ffffff76
fffff000
d9f
fffffb6a
fffffdc1
3b9
fffffe36
ff2
2a5
fffff81a
155a
fffff13e
3b8
266
fffffd13
bf
ffffff24
1e9
fffffd51
168
13c
fffffd2d
24d
ffffffda
fffffe42
fffff56e
9f3
fffffb8e
ffffffd8
1c7
fffffe90
daf
ec
fffffa46
1145
fffff36f
3b8
19e
fffffd66
129
fffffecb
fffff000
e28
fffffb1f
fffffdf0
1374
ffffefd6
547
237
fffffdc2
8b
ffffffcf
fffff0fc
b46
fffffda2
fffffe0b
10b
b8
ffffff27
ffffff37
35c
fffffd0b
2e
259
fffffcf9
fffff4dd
c15
fffff9db
26
f2e
fffff208
5bb
eb
ffffedfb
f80
fffffa14
fffff260
cab
fffffb86
ffffff5f
c2
fffff000
eb0
fffffacc
ffffee23
11d4
fffff89d
ffffff0e
130f
fffff07f
49d
1c8
ffffefa1
d93
fffffafd
fffffff7
fffffe87
1a5
101
fffffc68
55c
fffffc8a
fffffed7
47a
fffffbd7
fffff4b2
d86
fffff86a
fffff423
e3d
fffff843
168
e15
fffff32f
511
25
fffff37d
b30
fffffb23
c7
fffffe7f
0
0
0
fffff000
f53
fffffa42
fffffe88
2bf
fffffd7e
1c9
ffffffa2
fffff185
dc8
fffffa03
41
10e4
ffffef50
7d3
ffffff7e
16
b4
fffffd53
315
fffffbfb
28a
131
fffffc1c
fffff35e
e23
fffff8e2
177
b8
fffffd78
351
fffffddc
fffff5c1
b09
fffff9fa
1a1
ffffffe9
0
0
1000
fffff00c
64d
113
fffffdae
2bd
fffffd5a
ba
fffffe46
1bd
63
fffffdda
215
eb1
ffffefea
820
ffffff6d
fffffe1d
35b
fffffc45
1a1
e3d
fffff117
75f
fffffe95
ffffffa6
1e4
fffffcbf
2ba
cba
fffff1f5
79e
a5d
fffff3fd
68d
fffffd26
19a
fffffe5f
0
0
0
0
0
0
0
fffff000
dfb
fffffadb
fffffe58
36a
fffffd85
105
51
fffff16c
c90
fffffb05
ffffff8c
19c
fffffec2
140
fffffed4
fffff292
c4b
fffffa51
fffff08f
f1a
fffff948
57
1b4
25
ffffffc8
ffffff3c
3ea
fffffc62
bf
283
fffffc00
fffff5ae
0
0
0
1000
fffff3ff
458
1251
ffffef95
61b
2a8
fffffa88
b1
1d2
fffffdf1
fffffe44
fffff34e
9b7
fffffafb
bf
204
fffffe8a
1a0
ffffff07
1ba
ffffffa2
ffffff58
170
eb1
fffff3fd
542
119
fffffbe1
253
ffffff43
ffffff93
be7
fffff718
34e
da9
fffff45a
0
0
0
1000
fffff3c0
43d
1271
ffffdf6e
1219
fffffeb5
fffff856
4eb
73
fffffdb4
ffffff28
fffff454
89d
fffffbcc
143
4c
ffffffad
18c
fffffdbe
29e
ffffff57
fffffe94
25d
b20
fffff5de
514
cff
ffffe65d
f7a
fffffd6b
fffffab7
455
ffffff2a
ffffff45
ffffff07
fffff630
1000
381
fffff7a5
6b8
fffffe54
fffffd3a
225
ffffefe6
acc
fffffc86
fffffe35
2ae
ffffff70
ffffffe7
ffffff7b
1e8
fffffe89
ffffffef
fffff1a1
aaa
fffffc6d
fffffe4d
2c5
ffffff50
c67
274
fffffb29
3b6
fffffec4
ffffff67
ffffffa8
fffff408
966
fffffb8b
ffffffba
241
fffffe67
11c
ffffff30
fc
0
1000
fffff2f0
45b
264
ffffec06
eb4
fffffc00
fffffd20
2e7
ffffffe9
ffffff17
ffffff85
fffff2d4
a6b
fffffbe8
ffffffd9
111d
fffff295
504
a9
fffffea2
31
ffffff82
1f1
96a
fffff799
455
fffffee7
fffff2f6
b0a
fffffb18
46
e7
ffffff69
114
fffffdfb
fffff5ef
92a
fffffb62
0
0
0
0
0
fffff000
d9f
fffffb6a
fffffdc2
3b8
fffffe38
fffffff0
1044
fffff388
313
29c
fffffd58
f
11f
e
fffffd97
fffff297
d0c
fffff9b4
5d
23a
fffffdae
1c5
fffffeb9
fffff4b9
a3e
fffffb7a
ffffffeb
117d
fffff142
586
dbc
fffff328
479
12e
0
1000
fffff1d8
fffff4e1
1037
fffff7ad
fffffff2
130a
ffffefb7
40a
3a9
fffffda0
ffffff53
181
5
ca7
fffff5be
3f3
ffffffb0
1b
ffffffca
ffffff04
272
fffffc7f
1f9
dc3
fffff1bb
fffff9f6
c14
fffff7ed
261
d97
fffff2ed
49a
15a
fffffed2
ffffffdc
2c
f0
9b1
0
0
0
fffff000
eb0
fffffacc
fffffe24
1323
ffffef22
61e
1c7
ffffee3c
f59
fffff9e6
ffffff9d
fffffff9
78
138
fffffd16
460
d13
fffff063
901
fffffe46
fffffe20
3b5
fffffc23
fffff55b
a61
fffffbcb
4c
cfd
fffff3e6
4e9
1e
fffff39d
b63
fffffabb
dd
fffffed9
0
0
0
fffff000
f53
fffffa42
fffffe89
12bd
ffffee2e
787
112
ffffeed4
103e
fffff838
b6
f3e
fffff0f1
81b
fffffd9a
227
ffffff71
fffffcf3
4f2
fffffa63
2ed
1f7
fffffacd
fffff79c
b08
fffff941
2a9
c61
fffff1aa
820
fffffe72
fffff398
d6e
fffff831
21a
b72
0
0
0
fffff000
ff4
fffff9b3
fffffeee
1251
ffffed50
8f3
56
ffffef6c
10f1
fffff6a9
1d3
e7b
fffff061
978
fffffc58
32f
ffffff36
fffffc3e
5cb
fffff996
39a
1c1
fffffa47
fffff857
ade
fffff93c
32c
b62
fffff19c
8f4
fffffdc4
fffff494
d66
fffff736
320
a6a
0
0
0
1000
fffff205
524
1a9
fffffc95
27a
fffffefd
ffffffaf
e8e
fffff379
4f4
71
fffffe72
12b
fffffecc
131
fffffd56
fffff1cc
e77
89a
fffff2c7
785
fffffe45
ffffffab
e2c
fffff547
380
fffffeb9
79
72
fffffe43
28d
8a1
fffff690
5ca
fffffdff
31
0
0
0
1000
fffff3ff
458
251
ffffeb95
dc5
fffffbfd
fffffca2
135a
fffff3b3
305
2b3
ffffee77
b07
fffffcf6
fffffe89
6f
147
ffffff6e
fffffe3d
450
fffffd5d
ffffff7b
33d
99d
fffff70e
574
ffffff29
fffff0c5
c0c
fffffa92
fffffec2
fb4
fffff494
40b
1a1
fffff14f
0
0
0
1000
fffff3c0
43d
271
ffffebad
ddd
fffffc43
ffffeca8
f91
fffffbb2
fffffc2d
47c
129
fffffcc5
1a5
2fc
fffffb9a
245
1a4
fffffc15
29b
57
fffffd44
fffff275
1887
fffff05a
312
554
ffffed81
c26
fffffcbc
fffff1b4
bbc
fffffc63
fffffe40
1fc
17d
0
1000
fffff381
424
294
ffffebc0
df9
fffffc87
fffffca7
352
1e
fffffe86
2
29b
fffffd4d
a0
1ec
d4b
fffff4c4
509
8d
fffffd1c
1b0
ffffef45
d0a
762
fffff443
7e1
ffffff33
fffff0ab
b90
fffffd43
fffffd20
2b9
79
fffffe48
23
269
fffffd5d
91
0
0
0
0
0
fffff000
d10
fffffba5
fffffd9c
13fa
fffff14c
400
2e0
fffffd19
17
e9
7b
d2c
fffff595
418
27
ffffeee3
d6b
fffffafc
ffffff57
15e
ffffffcf
7e
fffffe0f
fffff696
867
fffffbab
119
d0a
fffff4f6
4e8
ffffffba
ffffff19
97
fffffeec
fffff000
d9f
b6a
fffff023
84e
76
fffffc38
20c
fffff137
bd8
fffffaa1
55
1a1
fffffe37
1fb
fffffdf3
fffff1e9
d29
fffffa0e
ffffffe9
236
fffffe2d
144
fffffec3
fffff505
9da
859
fffff543
4d8
d0
fffffe0e
ffffffff
fffff531
9ad
fffffaa1
157
fa
fffffe11
273
fffffdc0
0
0
0
fffff000
e28
fffffb1f
fffffdf1
1372
ffffefd7
549
22f
ffffedcd
eaf
fffffae4
ffffff05
77
88
99
fffffd8f
41a
d45
fffff0f5
868
fffffeb8
fffffd90
3b8
fffffcb9
fffff4e4
a5d
fffffbcc
0
da0
fffff421
487
54
fffff314
b2b
fffffb3b
92
ffffff47
0
0
0
0
0
fffff000
fffffeb0
97c
fffff8f0
147
f5
fffffebc
10d5
fffff29a
50e
5b
fffffe45
1c7
fffffe6c
188
fffffd82
14a
eb
db6
fffff374
476
d0
fffffebf
104
fffff24e
11
506
fffffc63
160
fffffe99
166
c1b
fffff4b6
5f1
fffffebd
fffff000
f53
fffffa42
fffffe89
12bd
ffffee2e
787
112
fffffed4
eb
fffffdf6
fffff22d
bd4
fffffd05
ffffff1d
ffffff45
d4
4f
fffffe98
456
fffffc4e
ffffffe9
32b
fffffc57
fffff578
cd5
fffff894
149
e34
fffff0d0
7d2
ffffff74
ffffef2e
10f2
fffff789
fffff44f
c11
fffffaa1
1c5
fffffe84
fffff000
ff4
fffff9b3
ffffeeee
1245
fffff6f7
194
1195
ffffef0d
734
fffffff2
fffff195
ed8
fffff7fb
1f4
fffffca6
1ff
2b6
fffffaaf
691
fffffb90
fffffef8
5b4
fffffaa9
fffff585
e16
fffff709
fffff5da
dd0
fffff729
3a8
c27
fffff2c7
6ea
fffffe68
fffff59f
b8e
fffff90a
2a2
fffffc69
0
0
0
0
0
0
0
0
0
0
0
1000
fffff205
524
1a8
ffffec97
1074
fffff9d8
fffffe07
11fa
fffff0fb
5fc
c3
ffffffda
ffffffc7
fffffef0
264
b90
fffff503
5e1
fffffdee
1b
138
fffffd59
2bd
985
fffff5e4
5da
fffffe46
fffff2e7
0
0
0
1000
fffff3ff
458
251
ffffeb96
dc5
fffffbfc
ffffeca2
f5c
fffffb59
fffffc60
4cc
117
cfa
fffff5fb
74e
fffffe00
fffffe0d
340
fffffc65
188
ffffff36
fffffea7
169
bb4
fffff665
470
fb
fffff00a
bc4
fffffbd4
fffff149
c7b
fffffb58
fffffe20
358
80
0
0
0
0
0
0
1000
fffff3c0
43d
272
ffffebac
ddf
fffffc42
fffffca3
135b
fffff3a6
2d9
2ad
fffffe58
fffffef1
14b
e9
fffffc53
2de
ffffffe6
fffffd5a
2f6
f12
fffff243
694
159
fffffae9
378
ffffff34
fffffee7
60
1e
ffffff91
cac
fffff6ca
0
0
0
0
0
0
1000
fffff381
425
292
ffffebc4
df7
fffffc83
ffffecaf
fc9
fffffbf9
fffffbff
42f
12b
fffffcac
14c
2f2
bac
fffff583
5ea
fffffec5
fffffe41
1ec
fffffdfe
1b2
fffffe98
7
153
fffffe27
12a
60
fffffe89
17e
c49
fffff546
1000
2f0
fffff74c
fffff6bf
b7b
fffff950
ffffff9b
3d5
fffffcd1
1e
179
ffffff92
ffffff3c
133
ffffff97
ffffff3c
13c
ffffff67
ffffffa2
df
ffffff53
fffffffb
8e
ffffff6f
ce0
29b
fffff8a6
fffff8e5
931
fffffa6a
ffffffee
2f9
fffffd5e
41
10f
ffffffab
ffffff72
fffff0e1
cc9
fffffb03
0
1000
fffff261
497
23c
ffffec4b
f66
fffffb78
fffffd80
1292
fffff216
42e
1174
fffff17c
3e1
24c
fffffe51
fffffdef
2b3
69
fffffbb2
497
fffffec2
fffffd51
445
a39
fffff466
693
ffffff2c
fffff0e7
db7
fffffa4a
ffffff36
f08
fffff3b1
489
d67
fffff419
3d8
12d
0
1000
fffff1d8
4e2
120e
ffffee68
6e3
1a4
fffffc72
c3
10e
ffffffb7
d8e
fffff50a
3a9
7e
ffffffa3
ffffffd6
ffffff6f
1e6
cb5
fffff401
59a
ffffff4e
ffffff49
dc4
fffff315
608
b9f
fffff365
694
fffffead
ffffff80
fffffff9
ffffff89
1e1
975
fffff725
420
ffffff0a
fffff000
eb0
fffffacb
fffffe25
320
fffffdd5
e8
ffffffec
fffff15e
d2d
fffffacd
ffffff89
115a
fffff03f
673
58
ffffef6d
f19
fffff941
94
ffffff6c
47
1d8
fffffc8c
fffff7cd
90b
fffffa7a
2a1
fffffee7
ffffff4e
290
fffffcc9
fffff662
ab2
fffffa0b
1a2
cdf
fffff2ed
685
ffffff0d
0
0
0
fffff000
f53
fffffa42
fffffe88
12be
ffffee2c
789
113
ffffeece
1046
fffff833
b3
f49
fffff0e6
81e
fffffda1
21b
ffffff77
fffffcf9
4e5
fffffa6d
2f2
1e3
fffffae2
fffff797
af6
fffff961
290
c61
fffff1c2
7fe
fffffe88
fffff398
d5b
fffff848
20c
b72
0
0
0
fffff000
ff4
fffff9b2
fffffeef
124e
ffffed52
8f3
56
ffffef6b
10f6
fffff6a4
1d1
fffffe87
42
338
fffffb4c
564
c9f
ffffeed8
b56
fffffc89
ffffff5d
436
fffff9d3
fffff6ce
aad
fffffaf3
1b6
b13
fffff2fd
738
fffffebc
fffff545
c1b
fffff822
300
fffffd44
0
0
0
0
0
0
0
fffff000
dfb
fffffadc
fffffe56
136c
ffffef89
629
1fd
ffffedfe
f0d
fffffa01
ffffff37
1033
fffff232
638
ffffff4c
f6
ffffff8a
fffffe3b
360
fffffb20
2a0
179
fffffbca
fffff6c9
a58
fffff9c6
1ea
de0
fffff21c
71d
ffffffb8
fffff1ff
0
0
0
1000
fffff3ff
459
250
ffffeb99
dc2
fffffbfe
fffffca3
1355
fffff3b7
304
2b3
ffffee78
b08
fffffcf4
fffffe87
76
13d
ffffff72
fffffe44
43d
fffffd71
ffffff74
330
9b9
fffff6f5
57a
ffffff3a
fffff0aa
c1e
fffffa94
fffffeae
fc8
fffff48e
402
1b3
fffff142
0
0
0
1000
fffff3c0
43d
1273
ffffef6b
5de
2ef
ffffeac4
ce5
fffffdc2
fffffbca
29e
19b
fffffd83
7
3e8
fffffc4e
e5
2ac
c5d
fffff55e
58b
ffffffa7
fffffd6b
eb6
fffff4c4
439
d66
fffff325
55f
d1
fffff079
a2e
fffffd24
fffffe1b
175
c8
0
1000
fffff381
425
292
ffffebc4
df7
fffffc83
fffffcae
34c
1c
fffffe91
fffffff6
fffff29d
9d8
fffffc69
ffffff66
189
ffffffbd
4c
fffffeb3
248
eaa
fffff2dd
640
d59
fffff219
61c
e8
ffffeffb
ac3
fffffd68
fffffdac
1c5
ed
fffffed3
ffffff36
fffff656
77b
fffffca3
0
0
0
0
0
fffff000
fffffd10
8b4
fffff941
195
255
fffffe03
22
18d
ffffff86
ffffff02
181
ffffff38
ffffff59
160
ffffff08
ffffffd6
e9
ffffff18
37
82
ffffff4a
62
27
fffff2d3
fffffe13
6d4
fffffa71
18f
1ab
fffffe6e
3c
fffff116
fffffcc8
7e6
0
0
0
0
0
fffff000
fffffd9f
908
fffff92d
1179
fffff44f
2c1
1271
fffff013
605
129
fffffd6d
3
df
bc
fffffcec
2f3
ffffff86
fffffdc6
31e
fffffe72
ffffff24
244
fffffe3a
fffff36c
ffffff6e
59c
fffffb46
e5c
fffff59d
311
e7f
fffff2db
57c
77
fffff000
e28
fffffb1f
fffffdf0
372
fffffdff
67
23
13a
fffffe89
2e
fffff12f
c72
fffffc2d
fffffe48
21e
ffffff18
1033
fffff152
fffff708
e48
fffff7a1
1be
d1
ffffff06
ffffffd1
ffffffd9
269
fffffd28
104
151
fffffd4f
fffff574
b3b
fffffa50
60
1d9
fffffdc0
1dd
fffffee3
fffff000
eb0
fffffacc
fffffe24
321
fffffdd4
e9
fec
fffff2ad
3b1
1df
fffffe41
67
32
67
fffffd38
fffff2b0
e6b
fffff8ce
d6
17c
fffffd59
2e4
fffffe41
fffff1c6
e02
fffff983
50
180
fffffe36
1f0
fffffe37
fffff59d
a5c
fffffae7
f1
4e
fffffefd
1d2
aa7
