0
0
0
0
0
0
0
0
0
0
0
0
0
0
0
0
0
0
0
0
0
0
0
0
0
0
0
0
0
0
0
0
0
0
0
0
0
0
0
0
0
0
0
0
0
0
0
0
0
0
0
0
0
0
0
0
0
0
0
0
0
0
0
0
0
0
0
0
0
0
0
0
0
0
0
0
0
0
0
0
3
fffffffa
ffffffef
b
3
fffffff7
2
3
fffffffd
fffffffe
5
fffffffb
fffffffe
4
fffffffe
fffffffe
2
1
fffffffa
5
0
fffffffc
2
0
ffffffff
fffffffe
fffffffe
0
0
0
ffffffff
ffffffff
4
fffffff8
fffffff2
9
5
fffffff7
1
4
0
0
ffffff48
a8
ffffffdf
ffffffc9
d7
ffffff84
ffffffea
4e
fffffffd
ffffffbb
1c
30
ffffff95
42
11
ffffffba
36
fffffffa
ffffffeb
f
9
ffffffe8
15
fffffff2
ffffff79
76
fffffffb
ffffffbd
a4
ffffffa5
fffffff9
23
ffffff60
62
fffffffb
fffffff0
83
ffffffbe
3e
279
fffffdc1
25
137
ffffff03
31
ffffffad
b4
1a7
fffffe7b
6
ba
ffffffaa
ffffffef
ffffff89
115
157
fffffdfc
9b
95
ffffff81
7b
ffffff4a
e2
11b
fffffe42
87
60
ffffffd4
60
ffffff7e
d8
194
fffffebb
ffffffa4
fb
ffffff90
ffffffc9
ffffffb7
4a
2de
fffffd3d
80
d7
fffffdba
1c0
fffffeef
c1
1f1
fffffdbb
dc
14
fffffec2
167
fffffed3
122
e8
fffffe81
8f
e
6b
29
ffffff0f
19a
150
fffffd64
f7
71
fffffe3a
133
ffffff45
ce
1ea
fffffe72
21
37
fffffef5
c6
ffffff36
37
265
fffffcc6
14b
88
fffffdf2
2a1
fffffe1c
ffffffe9
214
fffffdb5
dc
1b
fffffe91
13c
ffffff19
137
1e3
fffffde1
e7
ffffff90
fffffdee
220
fffffea0
cf
159
fffffde1
15e
ffffff99
ffffff5f
188
fffffe4b
96
14d
fffffe08
ef
ffffffcb
fffffec4
146
fffffeee
33
331
fffffcae
137
2e
fffffcb9
33d
fffffe4e
ffffffdc
22e
fffffd71
186
20
fffffea8
212
fffffe7d
4c
174
fffffdd0
13c
ffffff8e
fffffeba
199
fffffe73
199
1ee
fffffd71
181
ffffff2d
fffffe03
262
fffffe5d
68
18b
fffffdbf
194
ffffffda
fffffedd
20d
fffffe5f
ffffffc4
208
fffffdb5
d7
d5
fffffdc6
281
fffffee8
ffffff60
222
fffffdd1
af
72
fffffe23
196
ffffff75
fffffff5
229
fffffe5b
aa
ffffffc0
fffffdd5
20d
ffffff34
ffffffd4
1c6
fffffdf0
123
2e
fffffea0
208
fffffead
60
1af
fffffdd6
132
a
fffffe91
214
fffffeb6
ffffff71
1d9
fffffdfc
82
d3
fffffd8e
239
ffffff68
ffffff60
2ef
fffffe3e
4a
78
fffffd9d
1dc
ffffff95
ffffff72
225
fffffe29
8b
ad
fffffe44
1ee
ffffff30
ffffff9a
237
fffffdec
b9
9f
fffffe2e
20a
ffffff23
ffffff8b
1f5
fffffdeb
ae
68
fffffe0a
200
ffffff30
ffffffc5
1cd
fffffe14
b5
d7
fffffde3
221
ffffff47
ffffff4a
253
fffffe27
d6
94
fffffe49
1df
ffffff40
ffffff87
1b6
fffffe55
c9
35
fffffe58
1c5
ffffff42
ffffffcf
1e5
fffffe2f
b0
8b
fffffe5e
1d0
ffffff2a
ffffffc0
1e1
fffffe46
10e
40
fffffe71
1fd
fffffef9
ffffff8c
194
fffffe30
f0
6f
fffffdd8
235
ffffff2c
ffffff80
233
fffffdd5
f8
94
fffffe32
1da
ffffff0b
ffffffc8
1d2
fffffe5d
ef
53
fffffe8b
1c2
fffffee9
ffffffd9
196
fffffe38
fd
1c
fffffe59
1de
ffffff18
fffffff3
1ba
fffffe00
12a
3c
fffffe65
1ed
fffffecb
ffffff9e
1c8
fffffe41
10a
84
fffffe13
233
fffffed5
ffffff95
1ef
fffffdde
103
4b
fffffe5f
1ea
ffffff29
ffffffee
17a
fffffe44
f9
31
fffffe9b
1bd
fffffee6
2
1b4
fffffe4f
11c
26
fffffe9f
1d1
fffffecb
ffffffff
176
fffffe11
12b
fffffff6
fffffe9c
1ec
fffffef4
ffffffdd
16d
fffffe15
11e
65
fffffe18
23c
fffffecc
ffffffb1
209
fffffe09
11c
55
fffffe6a
1e5
fffffee6
ffffffda
18f
fffffe32
102
3
fffffeaa
1d8
fffffed8
47
15f
fffffe11
148
fffffff9
fffffea3
1e4
fffffeb8
1d
198
fffffe2f
14f
fffffffb
fffffea4
1ef
fffffeaa
ffffff84
1b2
fffffdff
110
54
fffffe0a
275
fffffed5
ffffffb9
1fb
fffffdc0
130
4a
fffffe5e
202
fffffedd
fffffff5
1ab
fffffe2e
12b
7
fffffeab
1ea
fffffe9c
31
16b
fffffe09
154
ffffffbc
fffffeb7
214
fffffeac
4a
169
fffffdf6
169
ffffffdb
fffffeae
201
fffffe9c
ffffff96
1c5
fffffe0b
127
b6
fffffde0
25f
fffffec0
ffffffa6
1ec
fffffdd4
130
51
fffffe4b
1d9
ffffff1e
fffffff8
167
fffffe1a
14e
25
fffffe8c
200
fffffeac
2c
194
fffffe00
183
a
fffffe94
201
fffffe91
37
164
fffffdfb
174
ffffffe1
fffffe94
1e3
fffffed5
ffffffbb
191
fffffddf
f4
db
fffffdd4
25e
fffffed1
ffffff61
213
fffffdef
140
5d
fffffe5a
20e
fffffee9
ffffffeb
17c
fffffe0d
156
fffffff3
fffffe92
1e4
fffffecd
4b
14b
fffffde2
15d
1a
fffffe9c
1fc
fffffe93
8
17b
fffffe1c
187
ffffffe5
fffffeab
212
fffffea2
ffffff80
1ba
fffffde5
d8
d0
fffffdc2
250
fffffef6
ffffff72
222
fffffdc0
107
8a
fffffe5c
1ff
fffffeb8
ffffffdc
197
fffffe09
150
19
fffffe95
20e
fffffeab
28
16f
fffffdda
159
fffffffa
fffffe8b
1f5
fffffeac
24
183
fffffdef
14e
d
fffffeb7
1f6
fffffe7f
ffffff4f
1ba
fffffe3f
b3
101
fffffdcf
249
ffffff75
ffffff17
220
fffffdf5
9c
c4
fffffe18
1cb
ffffff74
ffffff6d
1d0
fffffe31
cb
c9
fffffe4b
1e2
ffffff31
ffffff7f
1ad
fffffe31
105
60
fffffe68
20e
ffffff1d
ffffffba
1a8
fffffdfb
fc
55
fffffe46
1f8
ffffff1a
ffffff7b
1b9
fffffe44
8f
13c
fffffddc
1e2
ffffff75
fffffef6
207
fffffe55
74
f3
fffffe4c
19a
ffffff9b
ffffff6d
19b
fffffe70
a5
7d
fffffe5a
199
ffffff53
ffffff88
1d0
fffffe3d
ab
eb
fffffe4b
1a4
ffffff57
ffffff51
1bc
fffffe54
b7
a9
fffffe5c
1c9
ffffff55
ffffff83
198
fffffe42
bd
c5
fffffde5
1f1
ffffff69
ffffff34
213
fffffe45
da
d6
fffffe5f
180
fffffefc
ffffffa1
181
fffffe78
123
4b
fffffea0
1a9
fffffee9
ffffffe0
18e
fffffe32
df
71
fffffe4d
1b0
ffffff53
ffffff90
1b6
fffffe64
106
8e
fffffe87
193
fffffec5
ffffff47
1b7
fffffe5b
115
a8
fffffe13
208
fffffeed
ffffff85
1fb
fffffe02
105
80
fffffe34
205
fffffef3
ffffffac
1cb
fffffe4f
13c
7c
fffffe82
18e
fffffed8
ffffffbe
189
fffffe68
132
4c
fffffe8b
1bf
fffffed8
ffffffe5
19d
fffffe1b
13c
2a
fffffe69
211
fffffeba
ffffff82
1c0
fffffe37
152
8c
fffffdfc
21d
fffffea4
ffffff89
1f4
fffffe0c
13b
7e
fffffe53
1d0
fffffeee
ffffffce
19f
fffffe2e
125
2d
fffffe96
1eb
fffffec3
fffffffb
199
fffffe44
170
26
fffffe89
1bd
fffffe96
fffffff4
17f
fffffe3b
169
23
fffffe95
1d2
fffffeb6
ffffff7e
1bb
fffffe09
12d
74
fffffe10
261
fffffeac
ffffffad
20a
fffffdfe
14d
76
fffffe45
1d0
fffffec8
ffffffc2
198
fffffe24
154
3a
fffffe85
1da
fffffeb0
16
183
fffffe0e
164
fffffff6
fffffea3
20d
fffffe8f
1e
19b
fffffe1f
186
19
fffffe82
1d8
fffffe8b
ffffff4e
1bb
fffffe17
139
91
fffffe05
239
fffffeaa
ffffffa6
1fa
fffffdda
11d
58
fffffe72
200
fffffee1
ffffffdd
19e
fffffe3d
144
33
fffffe94
1b6
fffffe9b
12
15f
fffffe21
184
fffffff9
fffffeab
1e2
fffffe85
26
17a
fffffe0b
14d
fffffff7
fffffebd
1f7
fffffeae
ffffff87
1c0
fffffe20
12b
9a
fffffdfd
22f
fffffe91
ffffff8f
1f8
fffffdd4
143
6a
fffffe59
1f6
fffffec8
ffffffdf
19d
fffffe07
148
29
fffffe95
208
fffffea8
21
17e
fffffe22
184
fffffff1
fffffeac
1d4
fffffe5f
25
16c
fffffe02
17e
fffffffd
fffffea9
1f2
fffffe8e
ffffff60
1d9
fffffdea
121
a8
fffffdeb
28a
fffffe9b
ffffffbb
208
fffffdc2
157
57
fffffe5a
1f4
fffffe9c
ffffffdc
194
fffffdf2
152
22
fffffe97
209
fffffe9d
23
170
fffffdee
1a7
ffffffc6
fffffebb
232
fffffe46
78
16b
fffffde1
1b3
ffffffc9
fffffeba
1f8
fffffe4a
ffffff32
1db
fffffdfb
ec
d3
fffffde2
26d
fffffebd
ffffff9d
1f9
fffffdad
131
67
fffffe63
22b
fffffed4
ffffffe6
1a5
fffffdf4
13a
33
fffffe90
1f1
fffffea4
fffffffa
168
fffffdfb
18b
ffffffd5
fffffebc
21c
fffffe59
69
155
fffffdcb
190
ffffffd5
fffffec9
227
fffffe8a
ffffff8d
1aa
fffffe43
81
11a
fffffde6
202
ffffff5a
fffffefa
208
fffffe14
78
fc
fffffe3a
1c9
ffffff87
ffffff51
1c8
fffffe21
83
c4
fffffe60
1f2
ffffff78
ffffff75
1c4
fffffe2a
e3
85
fffffe5f
1e1
fffffeeb
ffffff9d
1aa
fffffdf6
ef
84
fffffe62
204
ffffff25
ffffff62
1b0
fffffe3e
2b
142
fffffdf4
1e6
ffffffcf
ffffff0c
206
fffffe2b
62
112
fffffe31
186
ffffffa4
ffffff14
1a5
fffffe85
78
c4
fffffe7f
194
ffffff6f
ffffff70
1c1
fffffe2e
58
df
fffffe5b
1ba
ffffff96
ffffff71
1c1
fffffe1f
ad
ce
fffffe39
1be
ffffff5a
ffffff35
1a5
fffffe57
89
10a
fffffe0c
1da
ffffff8b
ffffff18
1ff
fffffe40
9a
be
fffffe76
19b
ffffff1e
ffffffd3
181
fffffe3b
132
60
fffffe78
1a7
fffffed5
ffffff99
19d
fffffe3e
bb
b0
fffffe72
1a5
ffffff6a
ffffff7b
1a4
fffffe57
cf
6f
fffffe9f
1b1
fffffedf
ffffff94
1a6
fffffe14
132
bc
fffffdea
203
fffffee7
ffffff91
1d1
fffffe1e
113
9b
fffffe53
1c0
ffffff0b
ffffff9c
1b1
fffffe4c
11f
58
fffffe8e
1c8
fffffee8
fffffff0
194
fffffe14
14d
65
fffffe61
1b7
fffffed5
ffffffed
178
fffffe2e
152
42
fffffe83
1d7
fffffec4
ffffff6b
1b9
fffffe2d
131
8f
fffffe15
236
fffffed0
ffffffad
1ce
fffffdf8
13a
71
fffffe5a
1cf
fffffeef
ffffffd1
189
fffffe33
142
49
fffffe88
1cc
fffffec5
ffffffed
18c
fffffe35
15c
1c
fffffea3
1e2
fffffeb3
20
15e
fffffe17
179
b
fffffe9a
1dc
fffffea8
ffffff81
1a9
fffffe07
14c
99
fffffdf2
24b
fffffeae
ffffff9a
209
fffffde8
13b
73
fffffe59
1f7
fffffee8
ffffffe0
183
fffffe15
150
34
fffffe86
1de
fffffec2
8
175
fffffe12
180
18
fffffe8c
1f3
fffffe8c
15
18f
fffffe0f
174
10
fffffe9d
1fa
fffffead
ffffff68
1b1
fffffe03
130
9a
fffffdfc
244
fffffebe
ffffff93
1f1
fffffddc
139
7d
fffffe51
1f0
fffffed8
ffffffd9
198
fffffe29
156
16
fffffea6
1f3
fffffea2
e
16e
fffffe03
17c
6
fffffe96
1f8
fffffe8c
1a
178
fffffdfa
17e
11
fffffe98
1f8
fffffe93
ffffff40
1eb
fffffe05
12f
bd
fffffde3
269
fffffeb2
ffffff9e
1e6
fffffdc6
142
64
fffffe5a
1fb
fffffecf
ffffffdb
189
fffffe0f
162
1f
fffffe97
1f4
fffffe8d
5
190
fffffe0c
189
f
fffffe97
20a
fffffe89
27
163
fffffdf1
17d
fffffffa
fffffea7
1f7
fffffe96
ffffff67
1bb
fffffdf3
140
ca
fffffdd1
267
fffffe9e
ffffff97
20a
fffffdc5
14e
63
fffffe66
20f
fffffeca
ffffffed
170
fffffdf7
156
b
fffffeb1
1ee
fffffe7a
4a
150
fffffdec
1d1
ffffffe3
fffffea0
215
fffffe4d
4d
16e
fffffdea
1a1
ffffffde
fffffec5
20d
fffffe7f
ffffff6c
1af
fffffdef
100
b3
fffffe02
257
fffffe93
ffffff7e
217
fffffda4
14e
8a
fffffe3e
217
fffffed1
ffffffd3
199
fffffdf8
142
27
fffffeb8
1f5
fffffe80
52
138
fffffde7
1a9
ffffffae
fffffeda
20c
fffffe2a
51
168
fffffdce
1a4
fffffffe
fffffea6
20d
fffffe8a
ffffff4a
1c4
fffffe35
97
116
fffffdfb
212
ffffff2e
ffffff06
220
fffffde9
87
eb
fffffe3d
1d1
ffffff4a
ffffff42
1cf
fffffe18
b3
dc
fffffe55
1cd
ffffff18
ffffff9d
1b1
fffffe12
10d
66
fffffe85
1f8
fffffec1
ffffffa7
1ba
fffffdd9
f2
7b
fffffe65
202
fffffeed
ffffff26
1b5
fffffe4b
92
13f
fffffdef
1e2
ffffff97
fffffef2
202
fffffe21
70
114
fffffe45
19e
ffffff7b
ffffff1b
1b8
fffffe64
79
c0
fffffe7a
198
ffffff39
ffffff60
1b0
fffffe3f
c5
dd
fffffe54
1bc
ffffff5e
ffffff58
1ba
fffffe18
b7
cf
fffffe50
1d3
ffffff33
ffffff1d
1bc
fffffe42
7d
10c
fffffe0a
1de
ffffff55
ffffff07
1f5
fffffe4a
e0
db
fffffe5a
19d
ffffff1a
ffffff92
18a
fffffe3b
109
86
fffffe85
1b4
fffffedd
ffffff84
1b0
fffffe2b
b2
aa
fffffe74
1a8
ffffff2f
ffffff6d
19b
fffffe5b
11b
8c
fffffe7f
1ba
fffffed6
ffffff54
1a5
fffffe22
102
e1
fffffe05
205
fffffef1
ffffff63
1e9
fffffe14
da
b3
fffffe57
1ad
ffffff01
ffffff73
1a2
fffffe66
141
86
fffffe75
1b9
fffffeeb
ffffffad
192
fffffe20
123
85
fffffe79
1bf
fffffed9
ffffffc1
193
fffffe21
11b
5c
fffffe84
1c6
fffffebb
ffffff58
1af
fffffe21
131
95
fffffe07
232
fffffea8
ffffff66
1f4
fffffe21
149
75
fffffe64
1d5
fffffed3
ffffffc2
187
fffffe2c
156
2d
fffffea6
1cb
fffffea8
fffffff4
17b
fffffe21
15a
24
fffffe99
1d6
fffffe97
2
176
fffffe1b
174
13
fffffe98
1e7
fffffe7f
ffffff29
1c6
fffffe3f
14b
96
fffffdf8
255
fffffebd
ffffff7d
1f6
fffffdd9
137
81
fffffe59
1ee
fffffeac
ffffffd9
19d
fffffe0b
160
2d
fffffe82
1f1
fffffead
ffffffe9
189
fffffe11
178
16
fffffe86
203
fffffe84
ffffffdb
189
fffffe3a
193
9
fffffe92
206
fffffe91
ffffff58
1b4
fffffdff
fd
c8
fffffe00
23c
fffffece
ffffff7f
1f3
fffffde3
152
56
fffffe5a
201
fffffeb4
ffffffd8
196
fffffe08
141
3e
fffffe84
1ec
fffffe9b
ffffffd4
189
fffffe36
170
19
fffffe93
1fc
fffffe98
1
17e
fffffdec
156
2e
fffffe9c
1f2
fffffe9a
ffffff56
1c4
fffffdfa
10d
b8
fffffdea
25e
fffffed4
ffffff74
1f8
fffffdd5
141
64
fffffe55
20c
fffffec5
ffffffa4
1a2
fffffe2f
13d
39
fffffe95
1ef
fffffe94
16
16d
fffffde3
179
4
fffffeb3
1fb
fffffe76
29
16c
fffffdf5
17b
fffffffd
fffffe9f
208
fffffe9a
ffffff57
1cb
fffffde3
ff
cb
fffffddf
272
fffffea7
ffffff67
209
fffffde0
15a
4e
fffffe60
220
fffffeae
fffffff4
178
fffffde0
184
fffffff3
fffffebd
207
fffffe46
32
17e
fffffe01
181
ffffffd4
fffffebf
216
fffffe6a
43
151
fffffde0
194
ffffffd9
fffffec1
20b
fffffe56
ffffff3a
1c1
fffffe2b
104
b9
fffffde3
291
fffffeee
ffffff60
1e7
fffffdbe
167
3e
fffffe6a
22f
fffffe92
ffffffe4
198
fffffe10
16b
ffffffdf
fffffeb3
22e
fffffe9f
16
14f
fffffded
19b
ffffffcf
fffffeba
221
fffffe71
23
14a
fffffe26
1ab
ffffffb1
fffffec6
238
fffffe84
ffffff47
1a5
fffffe6c
aa
dd
fffffdfb
23a
ffffff51
ffffff1e
204
fffffdee
6a
105
fffffe3e
1bf
ffffff5f
ffffff44
1a7
fffffe63
b5
9a
fffffe7b
1e2
ffffff2c
ffffff84
197
fffffe52
10e
3a
fffffe8d
203
fffffefb
ffffffb7
196
fffffdee
cc
8d
fffffe7d
1d8
ffffff15
ffffff27
1b4
fffffe57
6b
135
fffffdf5
1f3
ffffff70
fffffef1
20e
fffffe62
83
e3
fffffe4d
1ae
ffffff6b
ffffff56
1b3
fffffe3b
80
c2
fffffe72
19b
ffffff53
ffffff46
1b8
fffffe56
8f
d5
fffffe6a
1b3
ffffff4c
ffffff4f
1c2
fffffe61
c6
9a
fffffe62
1d9
ffffff2a
ffffff51
1b6
fffffe1b
8c
10a
fffffdff
1eb
ffffff61
fffffef5
1ff
fffffe56
bf
c5
fffffe72
19c
fffffef6
ffffff92
195
fffffe7c
126
47
fffffe97
1c0
fffffec8
ffffffc0
1ae
fffffdfe
ba
b3
fffffe65
1ae
ffffff49
ffffff53
1a1
fffffe75
ec
79
fffffe9f
1ab
fffffebd
ffffff36
1b1
fffffe78
108
a0
fffffe22
20c
fffffed5
ffffff6b
206
fffffde4
dd
bc
fffffe5a
19e
fffffec5
ffffffab
186
fffffe23
126
7a
fffffe88
1ac
fffffee5
ffffff9c
195
fffffe80
121
49
fffffe97
1c1
fffffec0
ffffffcc
1a6
fffffdff
113
66
fffffe8f
1ab
fffffe8a
ffffff2c
1ba
fffffe01
120
c9
fffffdfc
226
fffffebb
ffffff68
1f5
fffffe13
145
6a
fffffe5b
1e5
fffffec3
ffffffba
183
fffffe29
12a
3e
fffffeac
1a8
fffffea0
ffffffe2
16d
fffffe0f
155
4e
fffffe8e
1cf
fffffea3
ffffffd8
17f
fffffe42
172
e
fffffea0
1e1
fffffe8d
ffffff4e
1a0
fffffe19
11d
93
fffffe20
259
fffffe95
ffffff74
1f6
fffffdc9
13f
96
fffffe4f
1da
fffffec1
ffffffb2
199
fffffe3f
136
3c
fffffe8f
1db
fffffeca
ffffffd6
166
fffffe27
150
10
fffffebe
1fd
fffffe73
fffffff2
178
fffffdf6
175
31
fffffe99
1d6
fffffe8a
ffffff36
1b4
fffffdff
12a
c0
fffffdf0
249
fffffebb
ffffff6a
1fe
fffffdf9
13e
62
fffffe58
201
fffffec2
ffffffc9
17a
fffffe15
15a
36
fffffe93
1f2
fffffea9
ffffffd6
174
fffffe04
176
22
fffffe9d
1eb
fffffe89
2
15b
fffffe04
183
13
fffffea3
1f0
fffffe87
ffffff2d
1db
fffffe0d
fc
c6
fffffde2
263
fffffee3
ffffff5e
1e6
fffffddb
15a
63
fffffe5b
210
fffffea5
ffffffc7
18e
fffffdec
14a
4d
fffffe8f
1e3
fffffe93
fffffffc
167
fffffdf1
171
23
fffffe9e
1f4
fffffe7d
4
17f
fffffe0a
167
7
fffffe9f
208
fffffeab
ffffff3d
1b0
fffffdf8
108
d0
fffffdf3
251
fffffec7
ffffff75
1de
fffffdc6
155
5e
fffffe67
209
fffffe77
ffffffd1
1ac
fffffdfe
162
fffffffe
fffffea9
210
fffffe8e
d
13f
fffffdfc
189
fffffff5
fffffec2
1f2
fffffe78
30
139
fffffdf9
19f
ffffffd7
fffffecd
1ff
fffffe31
ffffff03
1fd
fffffe05
fb
b4
fffffde9
286
fffffe9e
ffffff8e
1d4
fffffda4
13f
7d
fffffe60
207
fffffeda
ffffffc1
177
fffffdf4
14d
28
fffffea1
20c
fffffe67
3
181
fffffdfb
1a2
ffffffaf
fffffec7
233
fffffe41
53
12f
fffffdc7
199
ffffffee
fffffec7
201
fffffe8e
ffffff3f
19d
fffffe12
bb
175
fffffda6
22c
ffffff40
fffffed9
234
fffffe12
80
de
fffffe49
1d4
ffffff77
ffffff3b
19d
fffffe17
87
d9
fffffe74
1bf
ffffff2d
ffffff80
197
fffffdf6
131
c2
fffffe37
200
fffffee5
ffffff6e
1d1
fffffe06
df
78
fffffe6f
202
ffffff22
ffffff36
196
fffffe22
31
153
fffffe0c
226
ffffff90
fffffed7
203
fffffe1d
74
128
fffffe4b
186
ffffff8b
fffffefe
1b1
fffffe92
8b
b3
fffffe7f
1ab
ffffff4d
ffffff58
1a9
fffffe03
6a
eb
fffffe73
1fc
ffffff5a
ffffff36
1c4
fffffe0e
bd
e9
fffffe4d
1c5
ffffff3c
ffffff0e
1a9
fffffe7a
8a
f8
fffffe21
1da
ffffff71
ffffff09
1d2
fffffe2c
a2
c3
fffffea0
1c0
fffffef8
ffffff93
174
fffffe47
125
7f
fffffe9d
193
fffffed2
ffffff81
196
fffffe64
bb
9f
fffffe82
1a7
ffffff54
ffffff64
17e
fffffe41
d2
7c
fffffec5
1d7
fffffebd
ffffff37
191
fffffe34
11b
d5
fffffe22
1eb
fffffed6
ffffff6a
1d2
fffffe41
f4
9f
fffffe63
1ba
ffffff1a
ffffff6f
186
fffffe40
100
72
fffffebf
1e0
fffffec5
ffffffac
180
fffffe25
144
7c
fffffe8e
1a7
fffffec1
ffffffc3
17c
fffffe53
130
47
fffffe94
1cf
fffffed4
ffffff43
18e
fffffe20
115
ad
fffffe42
254
fffffea3
ffffff69
1e7
fffffdea
13a
99
fffffe6e
1c8
fffffeb8
ffffffbb
18b
fffffe38
139
31
fffffe9d
1d3
fffffec8
ffffffc4
163
fffffe26
13e
3f
fffffecc
201
fffffe89
ffffffd8
178
fffffe0b
173
3a
fffffeab
1d1
fffffe79
ffffff39
1b9
fffffe22
127
8b
fffffe0e
248
fffffeb2
ffffff76
1d5
fffffde0
13a
79
fffffe5b
215
fffffeb3
ffffff9c
19f
fffffe0a
164
48
fffffe6f
1fd
fffffe97
ffffffd6
18b
fffffe1b
165
c
fffffe9f
1f9
fffffe8f
ffffffed
162
fffffe01
177
15
fffffe9c
21c
fffffe74
ffffff30
1b1
fffffe06
14d
9d
fffffdea
266
fffffe8d
ffffff85
1f9
fffffddd
133
62
fffffe64
1fe
fffffed3
ffffffae
174
fffffe13
13f
36
fffffe9f
20b
fffffe99
ffffffd6
173
fffffe07
199
4
fffffe8e
20d
fffffe64
a
17a
fffffe03
171
fffffff7
fffffeae
200
fffffe95
ffffff43
1a0
fffffdfa
129
cf
fffffde7
271
fffffeb3
ffffff64
1ec
fffffdd2
14c
6a
fffffe54
206
fffffec1
ffffffbb
192
fffffe14
12a
27
fffffea9
1ef
fffffe9a
fffffff8
156
fffffdf1
195
1b
fffffe95
221
fffffe7a
fffffff5
16c
fffffdf4
18e
fffffffe
fffffe9c
20a
fffffe80
ffffff39
1c4
fffffe05
102
cc
fffffdef
256
fffffeb4
ffffff8a
1ca
fffffdb9
159
6c
fffffe6b
216
fffffec0
ffffffc1
174
fffffe0a
15a
11
fffffeaa
1f3
fffffe7a
21
15b
fffffdf7
18d
ffffffed
fffffeba
201
fffffe6b
33
135
fffffde2
1a2
fffffff1
fffffec3
212
fffffe7d
ffffff39
1af
fffffdf6
120
f9
fffffdbe
263
fffffeb1
ffffff8a
1f5
fffffdab
12b
6e
fffffe75
200
fffffed4
ffffffca
15d
fffffdf1
151
2e
fffffeb3
201
fffffe77
24
14e
fffffdde
1cc
fffffff0
fffffe99
212
fffffe54
4b
151
fffffdce
185
ffffffe4
fffffed7
1ff
fffffe85
ffffff36
1b5
fffffe1f
49
151
fffffdf0
1f5
ffffff76
fffffefe
1e8
fffffdf3
cf
11e
fffffe27
1de
ffffff2d
ffffff63
1a0
fffffe0d
f1
bb
fffffe5b
1cc
ffffff33
ffffff73
1aa
fffffe0b
b6
a8
fffffe7a
1d5
ffffff0c
ffffff8c
1ab
fffffdf2
cf
9f
fffffe76
1dc
ffffff08
ffffff3f
180
fffffe2a
8e
170
fffffdee
1eb
ffffffa1
fffffecd
1e5
fffffe45
4b
104
fffffe6d
16f
ffffffb2
ffffff28
18f
fffffe83
74
cd
fffffe87
194
ffffff76
ffffff44
1a5
fffffe45
87
c8
fffffe7e
1dd
ffffff50
ffffff4e
1a6
fffffe06
c2
10d
fffffe52
1bd
ffffff67
ffffff32
1a2
fffffe48
84
11a
fffffe12
1d6
ffffff9f
fffffedc
1f8
fffffe42
4a
103
fffffe85
192
fffffeea
ffffffa8
16e
fffffe19
161
95
fffffe8c
1b1
fffffed7
ffffff94
19c
fffffe33
a9
c8
fffffe72
19b
ffffff88
ffffff34
1a3
fffffe59
7e
b2
fffffeb9
199
fffffeb9
ffffff3f
181
fffffe2e
128
f0
fffffe29
1e1
fffffeef
ffffff4f
1d7
fffffe2d
ff
91
fffffe96
214
fffffeb8
ffffff9a
19e
fffffe3c
f9
69
fffffed7
183
fffffed3
ffffffcd
149
fffffe38
14e
90
fffffe9d
19e
fffffed5
ffffffb1
178
fffffe46
136
38
fffffed1
217
fffffe84
ffffff2e
1b8
fffffe25
108
9e
fffffe28
228
fffffe97
ffffff8e
1bf
fffffdeb
184
77
fffffe5b
1db
fffffebb
ffffffa6
194
fffffe3b
130
41
fffffed2
214
fffffe81
ffffffcf
195
fffffe11
145
29
fffffeb0
1d3
fffffe7f
ffffffff
148
fffffe18
1b7
16
fffffe9e
1e3
fffffe76
ffffff2d
1c0
fffffe1a
101
ae
fffffe4b
270
fffffe7d
ffffff7b
204
fffffdd5
139
5f
fffffe53
201
fffffebb
ffffffaf
174
fffffe1f
170
4a
fffffe95
1c8
fffffe8e
ffffffed
174
fffffe1d
148
1a
fffffeef
215
fffffe60
fffffff6
186
fffffe03
16d
fffffffb
fffffe9e
1fb
fffffe83
ffffff3d
190
fffffe1a
14f
a9
fffffe06
235
fffffec9
ffffff69
1e8
fffffdf9
11a
63
fffffe83
20d
fffffe9e
ffffffbc
19d
fffffe0c
15f
32
fffffe7a
1ff
fffffe91
ffffffeb
154
fffffe11
19f
14
fffffea3
1ea
fffffe95
fffffff5
167
fffffe1d
15e
fffffff4
fffffecd
213
fffffe5a
ffffff32
1c1
fffffe11
127
aa
fffffde2
22f
fffffec5
ffffff7f
1ba
fffffde1
15a
7a
fffffe63
1ec
fffffeba
ffffffc9
183
fffffe1a
124
22
fffffec4
205
fffffe96
ffffffe4
173
fffffe17
182
1
fffffe8c
1d7
fffffe92
13
130
fffffe0e
197
9
fffffeb9
1e3
fffffe82
ffffff37
1c0
fffffe08
f4
a6
fffffe20
27c
fffffe8c
ffffff84
1f3
fffffdc9
156
5d
fffffe3e
1f4
fffffecb
ffffffd2
154
fffffe00
173
2a
fffffea8
1f1
fffffe90
10
15a
fffffe04
177
ffffffc6
fffffee9
22c
fffffe38
38
15a
fffffdec
1ac
ffffffd6
fffffe9c
1f4
fffffe7f
ffffff46
18d
fffffe0e
114
cf
fffffdf7
24e
fffffeb9
ffffff8e
1df
fffffdc8
10d
57
fffffe9b
224
fffffeb2
ffffffbf
188
fffffe06
145
27
fffffe7e
1e9
fffffecd
fffffffa
122
fffffe0b
1aa
ffffffdd
fffffed1
1fc
fffffe51
5a
13b
fffffde7
16f
ffffffc1
ffffff02
222
fffffe63
ffffff3b
1a4
fffffe36
8e
122
fffffdc5
210
ffffff6d
fffffefa
1db
fffffe07
ac
103
fffffe3f
1d0
ffffff63
ffffff3c
1bf
fffffe1c
7a
b3
fffffe82
20c
ffffff42
ffffff4e
1b5
fffffe17
fc
86
fffffe3e
1ec
ffffff05
ffffff96
17d
fffffdee
11b
8e
fffffe6a
205
ffffff04
ffffff2f
1a4
fffffe3b
1f
136
fffffe1d
1fc
ffffffa2
fffffed9
1fb
fffffe48
53
119
fffffe33
169
ffffff88
ffffff39
169
fffffe67
be
c1
fffffe8a
1a5
ffffff52
ffffff4d
1b3
fffffe2b
45
d7
fffffe83
1c5
ffffff78
ffffff37
1b2
fffffe46
99
ce
fffffe4b
192
ffffff48
ffffff33
180
fffffe36
c4
112
fffffe0f
1eb
ffffff6b
fffffef7
1f0
fffffe3c
8e
b3
fffffe9b
1af
fffffef4
ffffff9a
17b
fffffe56
129
5d
fffffe85
182
fffffebd
ffffffba
165
fffffe1e
102
b0
fffffe75
1bd
ffffff47
ffffff59
198
fffffe51
c1
69
fffffec2
1c4
fffffeb8
ffffff33
1a3
fffffe44
113
be
fffffdfc
1dd
fffffec3
ffffff59
1d7
fffffde7
e5
ad
fffffe81
203
fffffed1
ffffff86
1a9
fffffe38
10a
53
fffffebc
1ce
fffffec3
ffffffb3
182
fffffe42
138
5f
fffffe75
190
fffffeaf
ffffffbc
173
fffffe04
11f
4e
fffffebf
20a
fffffe95
ffffff2e
1b4
fffffe2b
10d
93
fffffe3f
246
fffffe9f
ffffff72
1ee
fffffdfb
137
92
fffffe3d
1ba
fffffeae
ffffffa8
189
fffffdfe
138
3b
fffffea7
20c
fffffe93
ffffffc7
18e
fffffe23
142
1f
fffffec8
1f3
fffffe82
ffffffe7
17a
fffffe1f
175
29
fffffe84
1c2
fffffe69
ffffff1b
1bb
fffffdeb
11e
a1
fffffe0f
255
fffffe9f
ffffff70
1f5
fffffdef
12f
83
fffffe6d
1ed
fffffeb8
ffffffb1
192
fffffe2a
15e
39
fffffe7c
1c2
fffffe8d
ffffffe2
166
fffffdf5
15f
15
fffffeab
201
fffffe7c
ffffffea
17b
fffffe18
167
1e
fffffeb7
1e8
fffffe80
ffffff31
1bd
fffffe18
11f
af
fffffe0b
25b
fffffeb1
ffffff69
1f2
fffffdee
15a
6a
fffffe3b
1eb
fffffeb3
ffffffb5
17d
fffffdf7
152
1f
fffffea5
20d
fffffe8c
ffffffde
183
fffffe0d
17d
35
fffffe94
205
fffffe8c
ffffffed
172
fffffe13
17d
ffffffff
fffffebd
209
fffffe72
ffffff2e
1c8
fffffe0a
119
c7
fffffdca
24e
fffffec9
ffffff59
1de
fffffdc3
14a
56
fffffe64
201
fffffeab
ffffffcb
18a
fffffe0e
17c
30
fffffe95
20b
fffffe82
fffffff4
179
fffffe00
169
10
fffffeb8
209
fffffe6e
8
16d
fffffe01
18f
ffffffff
fffffe89
1f6
fffffe88
ffffff41
1ac
fffffe1b
130
bc
fffffdf0
27d
fffffec3
ffffff5f
1f6
fffffdd5
145
59
fffffe72
227
fffffeb0
ffffffc4
185
fffffe0d
17f
3
fffffe82
207
fffffea0
4
149
fffffe14
1ae
ffffffea
fffffeb6
22d
fffffe6c
18
15a
fffffdfc
199
ffffffd2
fffffecf
228
fffffe62
ffffff45
1a7
fffffe21
11a
a9
fffffdde
267
fffffec2
ffffff83
1cc
fffffdd8
156
69
fffffe6a
228
fffffed3
ffffffb6
17e
fffffe0e
145
12
fffffeba
21f
fffffe97
6
147
fffffe16
1c0
ffffffa7
fffffeb1
219
fffffe56
5b
11f
fffffdf4
1c1
ffffffc9
fffffedb
227
fffffe79
ffffff49
18b
fffffe45
67
14d
fffffdf3
218
ffffff79
fffffee6
208
fffffe11
cb
116
fffffe1a
1fd
ffffff54
ffffff46
1a1
fffffe42
cf
87
fffffe68
1cd
ffffff4a
ffffff70
187
fffffe2c
df
a1
fffffe7f
1f5
ffffff0f
ffffff89
19b
fffffe07
ec
9a
fffffe78
1f6
ffffff13
ffffff30
1a4
fffffe39
a6
167
fffffddf
20a
ffffff78
fffffeda
1ff
fffffe42
58
11b
fffffe24
193
ffffffdf
fffffefd
192
fffffe35
7f
fd
fffffe65
1ca
ffffff88
ffffff31
1a4
fffffe51
b4
c7
fffffe7a
1cc
ffffff2b
ffffff5f
1b7
fffffe0d
ee
f4
fffffe46
1e6
ffffff38
ffffff23
1b2
fffffe39
9a
109
fffffe06
1bc
ffffff34
ffffff3d
1b9
fffffdf1
a4
107
fffffe64
192
ffffff2d
ffffff6e
189
fffffe56
bb
b2
fffffeb4
174
fffffeca
ffffffbc
184
fffffe15
105
d1
fffffe79
1a3
fffffee1
ffffff86
1ab
fffffe18
da
a0
fffffe6d
18b
ffffff0d
ffffff46
180
fffffdfd
118
e7
fffffe14
208
fffffef2
ffffff39
1f2
fffffe0e
ac
fa
fffffe7b
178
fffffee9
ffffff98
190
fffffe2a
159
94
fffffe96
1a2
fffffecd
fffffff0
15f
fffffe33
13c
4f
fffffe86
19d
fffffeee
ffffffb4
155
fffffe10
134
85
fffffe92
1bf
fffffed4
ffffff1c
1d6
fffffe01
14e
f2
fffffe04
20d
fffffebe
ffffffa4
1d0
fffffde9
13f
7e
fffffe54
1f8
fffffec5
ffffffa5
17d
fffffded
13f
53
fffffe67
1f5
fffffea8
ffffffad
1a4
fffffe0f
176
7d
fffffe9b
1af
fffffea4
1e
154
fffffe10
17f
e
fffffea3
1fa
fffffe83
ffffff46
18a
fffffde8
133
9c
fffffdef
253
fffffe9f
ffffff66
200
fffffde6
157
82
fffffe61
201
fffffebf
ffffffdc
182
fffffe14
15a
2b
fffffea3
1df
fffffe9b
fffffff0
14b
fffffdee
171
17
fffffe87
1fe
fffffe7e
ffffffe0
186
fffffe10
18d
20
fffffea6
201
fffffe86
ffffff69
1a3
fffffe03
10d
b1
fffffe18
22f
fffffeac
ffffff68
1d5
fffffde6
12c
61
fffffe65
1ec
fffffeab
ffffffc4
189
fffffe1c
153
3e
fffffeaf
1e1
fffffe9f
16
162
fffffdff
15d
17
fffffeb9
1dd
fffffe80
ffffffee
155
fffffe10
166
fffffffa
fffffeb0
1e9
fffffe72
ffffff33
1b8
fffffe17
121
b9
fffffe0e
256
fffffecc
ffffff92
1dd
fffffdcf
13a
64
fffffe76
1f4
fffffeb6
ffffffb1
173
fffffe14
15d
32
fffffe81
1f8
fffffe9e
ffffffee
164
fffffe19
17f
2
fffffeca
1fc
fffffe91
31
148
fffffe00
17b
ffffffee
fffffecd
1ef
fffffe74
ffffff26
1ab
fffffe02
12c
b5
fffffddc
26e
fffffe9d
ffffff87
1ea
fffffdc6
154
63
fffffe7a
217
fffffec7
ffffffed
16e
fffffdf7
153
13
fffffeb9
1fa
fffffe82
fffffffe
142
fffffe05
1af
ffffffd6
fffffea9
213
fffffe55
3a
14b
fffffdf3
1a0
ffffffde
fffffede
20d
fffffe81
ffffff75
19b
fffffdf6
fe
be
fffffe07
26a
fffffe97
ffffff77
1d9
fffffdbc
14d
66
fffffe4a
21b
fffffece
ffffffc0
184
fffffdf7
143
35
fffffeb7
211
fffffebe
18
13f
fffffdfb
198
ffffffbb
fffffedf
212
fffffe30
51
128
fffffddb
1b4
ffffffca
fffffeba
219
fffffe79
ffffff40
193
fffffe43
8b
124
fffffe02
22b
ffffff78
ffffff1a
1ee
fffffe07
7a
ee
fffffe52
1cd
ffffff65
ffffff27
19c
fffffe24
a0
cd
fffffe4f
1e3
ffffff69
ffffff4a
1a1
fffffe2d
ec
86
fffffe88
206
ffffff0d
ffffffbb
18b
fffffded
ef
74
fffffe7e
203
ffffff04
ffffff22
183
fffffe35
42
151
fffffdef
1d9
ffffffa6
fffffee6
1d5
fffffe19
7d
111
fffffe5a
1b8
ffffffc7
ffffff3c
18c
fffffe7a
7e
a6
fffffe9e
198
ffffff41
ffffff50
184
fffffe22
7c
e4
fffffe60
1a7
ffffff72
ffffff51
183
fffffe1b
c1
c6
fffffe71
1e3
ffffff80
ffffff74
181
fffffe3f
9e
f6
fffffe17
1fe
ffffff5b
fffffee3
1e7
fffffe19
ae
e6
fffffe57
197
ffffff11
ffffff8c
161
fffffe29
12f
7d
fffffe91
1db
ffffff10
ffffffa9
18d
fffffe31
ba
a0
fffffe86
1b7
ffffff3b
ffffff4f
17f
fffffe35
e9
8d
fffffe88
1ad
fffffece
ffffff44
175
fffffe1a
10f
80
fffffe48
234
fffffef4
ffffff71
1e8
fffffe06
ed
b9
fffffe57
1cd
fffffef9
ffffff61
181
fffffe3c
125
73
fffffe8b
1ab
fffffeda
ffffffbe
146
fffffe2e
129
20
fffffec6
1e7
fffffed9
ffffffde
17b
fffffe27
126
5a
fffffe95
1d4
fffffebc
ffffff42
17f
fffffe19
147
a8
fffffe00
22c
fffffeb7
ffffff72
1bf
fffffde0
120
67
fffffe80
205
fffffee8
ffffffb9
173
fffffe1b
130
37
fffffeaa
1d8
fffffea7
ffffffdb
14d
fffffe1b
17a
31
fffffe91
1d3
fffffea0
ffffffe5
146
fffffe0c
155
3
fffffec8
206
fffffea9
ffffff70
182
fffffdfb
140
a3
fffffe09
24d
fffffea4
ffffff78
1c9
fffffdda
145
8f
fffffe4b
1db
fffffef0
ffffff9a
166
fffffe18
13d
36
fffffea8
20b
fffffeae
fffffff6
15f
fffffdf6
17b
21
fffffea0
1f5
fffffe85
fffffff1
153
fffffdfe
181
2a
fffffe8d
1e4
fffffeae
ffffff28
192
fffffe0a
11f
9a
fffffe20
266
fffffeae
ffffff88
1d4
fffffdc8
13c
7c
fffffe6a
1ea
fffffecb
ffffffbc
159
fffffe20
160
2e
fffffe9a
1d4
fffffeac
ffffffd8
145
fffffe13
165
4
fffffec3
212
fffffe85
a
158
fffffdef
178
15
fffffeb2
1ea
fffffe92
ffffff44
187
fffffe07
143
a4
fffffdf5
24c
fffffea5
ffffff77
1c5
fffffdc8
132
67
fffffe79
222
fffffec9
ffffffbe
17d
fffffdf2
143
41
fffffea3
1e8
fffffeb1
fffffff2
131
fffffe18
19c
ffffffeb
fffffeb2
1f0
fffffe6a
17
133
fffffdf0
17c
ffffffeb
fffffed3
21d
fffffe88
ffffff57
19a
fffffde6
113
bf
fffffe08
25a
fffffeac
ffffff5f
1d9
fffffdcf
14b
65
fffffe5c
1fe
fffffebf
ffffffca
152
fffffdf5
146
11
fffffed0
210
fffffe7a
29
143
fffffde3
197
ffffffe4
fffffec8
206
fffffe5f
15
136
fffffdfe
196
ffffffe1
fffffec2
1f2
fffffe7b
ffffff29
1a5
fffffddd
10f
f6
fffffdde
280
fffffeb0
ffffff94
1dd
fffffd98
13a
63
fffffe80
208
fffffec1
ffffffb2
15e
fffffe0c
149
1b
fffffeb1
1e6
fffffe77
31
126
fffffdcb
1bf
ffffffe5
fffffecb
227
fffffe51
5a
131
fffffdc6
18e
ffffffd7
fffffee6
200
fffffe76
ffffff25
17e
fffffe38
97
111
fffffdfe
206
ffffff19
fffffedd
212
fffffdcc
96
128
fffffe35
1e9
ffffff85
ffffff40
19f
fffffe0f
8a
bc
fffffe8b
1c7
ffffff0c
ffffff81
16c
fffffe18
117
5e
fffffe84
1ee
fffffeaa
ffffff81
1aa
fffffdbb
fe
b6
fffffe62
215
ffffff2c
ffffff56
171
fffffe35
7b
111
fffffe1e
1f1
ffffff91
fffffed3
1bd
fffffe0e
73
113
fffffe46
198
ffffff62
fffffeef
19b
fffffe49
87
f6
fffffe8d
1a8
ffffff77
ffffff6c
172
fffffe3d
9a
a6
fffffe91
1ba
ffffff50
ffffff4d
15f
fffffe0e
c5
bb
fffffe63
1c9
ffffff12
fffffecd
1b5
fffffe12
8a
153
fffffe04
203
ffffff8c
ffffff04
1ce
fffffe30
c9
ae
fffffe81
1b7
fffffef7
ffffff7e
148
fffffe16
129
7d
fffffe7b
1c2
fffffeac
ffffff55
1a4
fffffdfb
c3
f2
fffffe70
1c3
ffffff74
ffffff63
16f
fffffe4f
f6
62
fffffeae
1c8
fffffebb
ffffff2c
157
fffffe10
117
ce
fffffe0c
206
fffffec2
ffffff5f
1b6
fffffdef
11e
c9
fffffe6c
1ca
ffffff11
ffffff90
161
fffffe59
145
3f
fffffeb2
1cb
fffffecc
ffffffa0
13a
fffffe13
134
70
fffffe8d
1ac
fffffeb9
ffffffbe
14d
fffffe15
150
6d
fffffeac
1cd
fffffed6
ffffff58
179
fffffe2a
162
82
fffffe20
252
fffffea9
ffffff7b
1b8
fffffdb0
143
ad
fffffe43
1c7
fffffec8
ffffff9a
16b
fffffe0e
149
52
fffffe9c
1e6
fffffebc
ffffffdf
14a
fffffe35
18b
b
fffffeb4
1f7
fffffe8c
fffffff6
13b
fffffdda
180
41
fffffe8f
1c8
fffffe86
ffffff28
190
fffffdf3
141
aa
fffffe09
25b
fffffea7
ffffff90
1e1
fffffdd6
15b
77
fffffe5c
20b
fffffed5
ffffffac
157
fffffded
163
57
fffffe85
1c8
fffffea7
ffffffd6
147
fffffe03
17b
1f
fffffea8
204
fffffe85
b
16a
fffffdfb
195
15
fffffe9e
211
fffffe97
ffffff58
167
fffffddd
158
b3
fffffdf0
23b
fffffe9b
ffffff80
1c0
fffffdbf
149
7d
fffffe64
20b
fffffecc
ffffffc6
186
fffffe07
15c
3c
fffffe96
208
fffffeba
ffffffe2
12f
fffffde7
199
1d
fffffe98
1df
fffffe6f
c
13c
fffffde5
18c
c
fffffeb2
20c
fffffe8c
ffffff63
197
fffffe06
133
a8
fffffe0a
266
fffffec2
ffffff80
1a0
fffffdb6
155
83
fffffe59
1d7
fffffec7
ffffffc3
152
fffffe00
144
37
fffffeb4
1f3
fffffebc
2
14c
fffffe14
18a
fffffff5
fffffec2
20a
fffffe89
1d
110
fffffde0
19b
a
fffffeb0
1d2
fffffe87
ffffff30
194
fffffde0
11d
c4
fffffdfc
274
fffffeb3
ffffff9a
1dd
fffffdba
154
65
fffffe68
228
fffffed1
ffffffc3
142
fffffdd3
168
42
fffffe8e
1de
fffffea8
ffffffff
12f
fffffded
18f
ffffffe8
fffffecf
218
fffffe6c
49
13e
fffffde5
1a2
ffffffe4
fffffec6
221
fffffe8f
ffffff63
15d
fffffdda
118
e2
fffffde4
246
fffffec0
ffffff80
1c0
fffffdaa
131
73
fffffe79
21a
fffffed9
ffffffd9
16f
fffffdf1
14d
29
fffffeac
21b
fffffec4
fffffff4
110
fffffdde
1a9
ffffffec
fffffeb7
1ec
fffffe61
53
110
fffffdcf
190
ffffffda
fffffeea
213
fffffe89
ffffff72
173
fffffe32
99
111
fffffe05
236
ffffff78
fffffefe
1b6
fffffde9
9a
106
fffffe40
1aa
ffffff75
ffffff3f
177
fffffe1f
92
bd
fffffe8b
1df
ffffff6e
ffffff79
17e
fffffe29
f0
78
fffffe8a
204
ffffff19
ffffff9a
14d
fffffddc
101
93
fffffe70
1d6
ffffff1e
ffffff2a
170
fffffe0e
3d
14f
fffffe09
1fa
ffffffc7
fffffeee
1ec
fffffe3a
54
116
fffffe5b
1b0
ffffff9d
ffffff35
158
fffffe23
a2
d2
fffffe71
19f
ffffff60
ffffff3b
186
fffffe08
63
f4
fffffe70
1c6
ffffff97
ffffff4f
1a4
fffffe30
a0
c9
fffffe6e
1e0
ffffff57
ffffff55
14d
fffffe00
b5
119
fffffe02
1e9
ffffff79
fffffee7
1c2
fffffe19
9c
db
fffffe86
1a4
ffffff2e
ffffffa1
167
fffffe4f
114
66
fffffead
1c1
fffffee6
ffffffac
151
fffffde3
e1
c5
fffffe61
1b3
ffffff5b
ffffff44
16b
fffffe2f
cf
91
fffffeab
1be
fffffeee
ffffff70
16c
fffffe44
104
b9
fffffe3a
20d
fffffef7
ffffff55
1a8
fffffdcb
118
bc
fffffe63
212
fffffecc
ffffff7b
16f
fffffe1e
11d
6c
fffffeb8
1ac
ffffff0b
ffffffc0
155
fffffe53
115
63
fffffeb0
1c2
fffffedd
ffffffbb
146
fffffde3
154
61
fffffe9a
21d
fffffe94
ffffff2b
172
fffffe0e
12e
a0
fffffe1b
23f
fffffedd
ffffff7e
1c5
fffffdee
12a
90
fffffe60
1e7
fffffee9
ffffff9f
14f
fffffdf3
144
65
fffffeab
1e8
fffffeac
ffffffbc
146
fffffe15
158
2f
fffffea9
1e3
fffffec9
ffffffee
14e
fffffe1a
15d
2d
fffffea9
1e6
fffffeae
ffffff4f
168
fffffdf9
130
b6
fffffe2d
24b
fffffe9e
ffffff6b
1d9
fffffdd5
141
75
fffffe4b
209
fffffedf
ffffffbe
170
fffffe13
153
3a
fffffea3
1e3
fffffeb1
ffffffe2
136
fffffdfd
168
34
fffffec3
1f3
fffffe81
ffffffe2
162
fffffdfe
177
13
fffffe91
208
fffffea7
ffffff69
18b
fffffdf2
12e
ae
fffffe0a
250
fffffea8
ffffff6e
1be
fffffdbe
151
7c
fffffe83
205
fffffeae
ffffffb3
178
fffffe06
14b
2d
fffffe90
1fa
fffffead
4
151
fffffdf5
177
15
fffffeb3
1f3
fffffe7f
fffffff9
136
fffffdee
189
13
fffffecf
203
fffffe72
ffffff29
1a8
fffffdef
12f
a1
fffffdf0
274
fffffea3
ffffffa1
1d6
fffffda1
14b
7b
fffffe61
209
fffffebf
ffffffac
160
fffffded
153
46
fffffeb6
208
fffffe92
ffffffe4
15b
fffffdf9
186
ffffffee
fffffea5
215
fffffe76
32
14b
fffffdcc
18a
c
fffffeb4
204
fffffe84
ffffff39
180
fffffde8
120
c4
fffffe1a
271
fffffe92
ffffff86
1d4
fffffdb9
149
4d
fffffe66
219
fffffec3
ffffffec
15e
fffffddb
153
2d
fffffeb7
1f8
fffffea2
fffffff6
120
fffffdf9
196
ffffffe5
fffffeea
210
fffffe4b
3f
12e
fffffde7
198
ffffffc4
fffffece
20d
fffffe7f
ffffff70
189
fffffddf
fe
d1
fffffe06
262
fffffeb7
ffffff74
1b4
fffffdb6
13a
72
fffffe8d
213
fffffebc
ffffffcc
165
fffffdf2
13e
12
fffffeae
20b
fffffebd
18
12d
fffffde5
192
ffffffdd
fffffedd
206
fffffe5b
42
106
fffffdde
194
ffffffdc
fffffefd
20a
fffffe70
ffffff38
17e
fffffe1c
90
10e
fffffdea
23d
ffffff62
ffffff1c
1ef
fffffdd6
90
ff
fffffe46
1e0
ffffff6f
ffffff28
180
fffffe0a
9a
d0
fffffe8d
1f2
ffffff4b
ffffff59
185
fffffe12
ee
68
fffffe75
20a
ffffff02
ffffffbc
182
fffffdca
f9
89
fffffe79
20c
ffffff17
ffffff39
152
fffffe25
88
125
fffffe21
22e
ffffffc6
fffffeb8
1d9
fffffe4f
71
e8
fffffe50
1b7
ffffffa9
ffffff3d
18c
fffffe3f
83
c8
fffffe83
1b9
ffffff61
ffffff46
167
fffffe1d
a6
d2
fffffe82
1ff
ffffff90
ffffff20
188
fffffe4d
b8
9f
fffffe5f
1ed
ffffff5c
ffffff48
14c
fffffe5b
136
85
fffffe23
239
fffffeed
ffffff62
1e2
fffffddc
8c
10f
fffffe41
1bc
ffffffa0
ffffff09
168
fffffe55
d2
a0
fffffeb2
1e7
ffffff1c
ffffff84
14b
fffffe54
139
3b
fffffe8a
1f8
fffffedd
ffffff9b
15a
fffffe3c
162
2f
fffffe89
1fd
fffffece
ffffff6a
180
fffffe05
f5
88
fffffe42
22c
fffffee5
ffffff40
1b4
fffffde5
fb
d9
fffffe69
1fc
fffffefb
ffffff6d
16e
fffffe47
12d
59
fffffe7f
1ec
fffffefd
ffffff81
158
fffffe50
153
36
fffffe89
1fd
fffffecc
ffffffcd
178
fffffdfa
118
2d
fffffeb3
1ed
fffffebd
ffffff34
176
fffffe28
145
91
fffffdff
261
fffffeca
ffffff48
1c1
fffffe0d
14f
6d
fffffe53
201
fffffed6
ffffffb9
185
fffffdfd
10a
38
fffffea3
1f1
fffffec0
ffffffb1
153
fffffe30
16d
23
fffffe8f
204
fffffeb4
ffffffbc
14a
fffffe36
187
7
fffffe9b
204
fffffe97
ffffff64
196
fffffde0
11b
ac
fffffdfe
265
fffffebe
ffffff4c
1cf
fffffdec
12b
86
fffffe50
202
fffffedd
ffffff96
187
fffffe1a
15a
37
fffffe85
1fc
fffffea7
fffffff6
16b
fffffddb
158
29
fffffe96
20d
fffffe9f
ffffffc2
15b
fffffe10
166
22
fffffe95
204
fffffea0
ffffff39
1a7
fffffdfb
123
b7
fffffdec
260
fffffeac
ffffff70
1ff
fffffdb9
125
74
fffffe67
20f
fffffeba
ffffffa2
16f
fffffe08
146
3b
fffffe8f
1fd
fffffea3
ffffffdc
16d
fffffdf7
175
18
fffffe92
20c
fffffe7d
fffffffb
17c
fffffde1
164
9
fffffeb1
211
fffffe7c
ffffff35
185
fffffe0f
114
a8
fffffe09
252
fffffeb4
ffffff7a
1d8
fffffdcb
130
79
fffffe5a
200
fffffed2
ffffffb3
18c
fffffe00
144
43
fffffe93
206
fffffeb3
ffffffce
143
fffffe14
16d
fffffff9
fffffebc
1f7
fffffe7e
11
14d
fffffdf5
172
7
fffffeac
1fd
fffffe95
ffffff45
1b6
fffffdec
119
c2
fffffdf0
27d
fffffead
ffffff69
1c7
fffffdc6
145
53
fffffe72
20d
fffffeb4
ffffffd5
16d
fffffdf0
14e
24
fffffea1
206
fffffea2
fffffffc
15d
fffffdf2
18e
fffffff2
fffffeb5
220
fffffe6c
12
12e
fffffdf2
18c
ffffffd9
fffffecd
204
fffffe78
ffffff47
199
fffffdfa
f6
c6
fffffdfa
268
fffffeb8
ffffff86
1e1
fffffdb1
13b
6e
fffffe66
224
fffffece
ffffffaf
15c
fffffdf8
143
17
fffffeb1
209
fffffea4
9
140
fffffdee
198
ffffffcd
fffffec5
221
fffffe4d
52
141
fffffdc7
1a1
ffffffdb
fffffec8
22c
fffffe76
ffffff35
179
fffffe1c
aa
154
fffffdc4
22a
ffffff75
fffffeee
1f0
fffffe05
7a
e8
fffffe56
1c6
ffffff7a
ffffff44
19d
fffffe24
96
c1
fffffe7a
1da
ffffff25
ffffff6e
17e
fffffdf7
11c
ae
fffffe4a
1fe
ffffff20
ffffff7c
191
fffffdfa
d5
85
fffffe7d
1f1
ffffff29
ffffff4a
185
fffffe39
86
11d
fffffe04
20c
ffffffa6
fffffeb7
1ea
fffffe14
60
161
fffffe27
198
ffffff9d
ffffff1c
18a
fffffe58
8e
ae
fffffe87
1b2
ffffff5a
ffffff65
195
fffffe2e
ad
c3
fffffe62
1e4
ffffff6a
ffffff1e
1a2
fffffe06
b1
110
fffffe3b
1c9
ffffff58
ffffff3a
17e
fffffe38
95
f8
fffffe21
1e8
ffffff80
ffffff0e
1c4
fffffe57
d0
ae
fffffe81
1b1
ffffff11
ffffff73
15c
fffffe3b
118
a9
fffffe89
193
fffffef7
ffffff91
175
fffffe2d
bb
a2
fffffe85
1b0
ffffff63
ffffff6c
16c
fffffe6d
101
67
fffffea3
1cc
fffffed3
ffffff3c
159
fffffe3e
102
96
fffffe58
1e2
fffffed0
ffffff6a
1c3
fffffe02
f6
b1
fffffe5c
1c5
ffffff1b
ffffff84
16a
fffffe72
145
45
fffffea6
1d5
fffffed5
ffffffa0
14b
fffffe38
11c
47
fffffebf
1a3
fffffeb4
ffffffd0
162
fffffe19
135
52
fffffe94
1d7
fffffed4
ffffff55
17f
fffffe3b
129
ad
fffffe12
245
fffffecd
ffffff83
1ca
fffffdd5
12d
83
fffffe75
1c4
fffffebb
ffffffb1
177
fffffe1f
11c
30
fffffeb7
1c9
fffffecb
ffffffd8
154
fffffe43
154
3b
fffffea4
1e6
fffffebb
fffffff1
154
fffffe03
15b
25
fffffeba
1c2
fffffe82
ffffff29
1b2
fffffdf4
11d
81
fffffdfb
26c
fffffea1
ffffff81
1dc
fffffde9
15a
79
fffffe59
20d
fffffee3
ffffffb7
17b
fffffdf7
156
36
fffffe82
1f7
fffffe82
ffffffde
176
fffffdf0
165
fffffff5
fffffe95
218
fffffe7d
fffffffa
168
fffffe08
199
13
fffffe9b
218
fffffe9d
ffffff70
17f
fffffdef
14a
ab
fffffdec
251
fffffe97
ffffff7a
1e0
fffffdc8
11f
51
fffffe68
205
fffffed3
ffffffb6
171
fffffe2c
152
35
fffffea7
1f1
fffffeb3
6
147
fffffdee
196
10
fffffe90
1fb
fffffe6a
3
160
fffffdec
163
ffffffe1
fffffeb5
209
fffffe8f
ffffff55
18a
fffffe22
12c
9a
fffffe1e
251
fffffeb8
ffffff7e
1d5
fffffdba
13e
87
fffffe4e
1ef
fffffecd
ffffffb3
175
fffffe09
115
11
fffffeba
1e9
fffffea1
7
13c
fffffe27
18c
ffffffee
fffffec9
1fc
fffffe82
11
14c
fffffde7
178
1c
fffffe9e
1e7
fffffe98
ffffff47
1a6
fffffdd6
f8
ed
fffffdde
24e
fffffead
ffffff7f
1dd
fffffdb5
138
24
fffffe86
21c
fffffe81
ffffffe2
172
fffffe04
176
8
fffffeba
20c
fffffe92
e
148
fffffdd7
17c
b
fffffead
1ee
fffffe68
44
134
fffffdcc
190
fffffff3
fffffec3
1ee
fffffe5f
ffffff3f
19c
fffffdfd
e4
a1
fffffdf6
29b
fffffed8
ffffff30
1f9
fffffde0
158
59
fffffe54
24f
fffffeea
ffffffac
16b
fffffdde
174
1a
fffffe8b
21d
fffffea5
8
149
fffffdc8
1a5
ffffffe4
fffffeb0
220
fffffe78
2b
128
fffffdf1
195
ffffff91
fffffed4
252
fffffe5c
ffffff32
192
fffffea8
79
10a
fffffe03
24f
ffffff7b
fffffee8
1f0
fffffde1
d6
dc
fffffe21
1f8
ffffff4b
ffffff51
1a4
fffffdf2
a6
cf
fffffe5d
1d4
ffffff33
ffffff77
17d
fffffe13
c7
5f
fffffe69
1e0
ffffff2f
ffffff68
198
fffffe79
fe
5c
fffffe90
232
ffffff05
ffffff5c
15c
fffffe3c
97
11b
fffffdf0
205
ffffff5b
ffffff08
1e6
fffffe00
86
10b
fffffe3e
1a2
ffffffc2
fffffefe
18e
fffffe6a
1e
c9
fffffe69
16d
ffffff6d
ffffff51
17e
fffffe77
d6
a1
fffffe7a
20b
ffffff7b
ffffff39
1a1
fffffe11
b5
c7
fffffe48
1d5
ffffff21
ffffff28
199
fffffe12
64
e7
fffffe19
265
ffffff18
fffffefa
214
fffffe24
ae
e7
fffffe6a
1b6
ffffff20
ffffff8f
151
fffffe50
13c
57
fffffe8a
1cb
ffffff1d
ffffff5b
19e
fffffe0f
79
91
fffffe8e
217
ffffff03
ffffff57
1bd
fffffe2f
f5
8a
fffffe99
1d0
fffffedb
ffffff5d
15a
fffffe43
130
ac
fffffe0f
21e
ffffff2f
ffffff56
1b6
fffffe0c
b6
79
fffffe92
20c
fffffec6
ffffff6f
1b4
fffffe43
126
6f
fffffea4
1c4
fffffef4
ffffffb4
147
fffffe47
149
52
fffffe85
1d6
ffffff12
ffffffbe
154
fffffe1f
fb
17
fffffeca
21f
fffffe80
ffffff3e
199
fffffe44
134
9a
fffffe2e
23b
fffffed0
ffffff70
1b8
fffffdfa
14e
86
fffffe51
20a
fffffeed
ffffffb9
16c
fffffe0c
fb
1f
fffffed0
1ed
fffffea6
ffffffd1
171
fffffe43
163
2e
fffffeb5
1e5
fffffebb
ffffffdd
145
fffffe24
182
22
fffffe9c
205
fffffeb8
ffffff77
182
fffffdd7
118
97
fffffe12
256
fffffeb0
ffffff61
1f7
fffffdf9
136
8b
fffffe67
1fe
fffffed1
ffffffb1
16d
fffffe0b
16b
43
fffffe83
211
fffffeb3
fffffff4
162
fffffdd5
14f
16
fffffeab
1fe
fffffe8c
ffffffe4
176
fffffe23
173
1e
fffffeb4
1fe
fffffe93
ffffff49
193
fffffded
13b
be
fffffdee
273
fffffeb9
ffffff71
1f4
fffffdb2
11b
68
fffffe75
202
fffffea8
ffffffc0
18e
fffffe1e
14e
3b
fffffeac
1f7
fffffe99
fffffff6
154
fffffde8
18d
1f
fffffe94
21c
fffffe8d
fffffff9
172
fffffddd
156
0
fffffebf
201
fffffe6d
ffffff3a
1b3
fffffe1b
11b
ab
fffffe22
252
fffffea2
ffffff97
1c0
fffffdb6
14d
7f
fffffe57
1ef
fffffed7
ffffffcd
173
fffffdf8
141
2a
fffffea9
202
fffffe96
ffffffed
167
fffffe1e
17b
fffffff9
fffffed4
1f9
fffffe6e
2d
137
fffffdde
190
c
fffffea9
1ec
fffffe99
ffffff0b
1eb
fffffdc4
10e
c2
fffffdec
28a
fffffe8b
ffffff8a
1f0
fffffdc5
14b
5d
fffffe86
212
fffffeb3
ffffffdd
163
fffffe0f
164
13
fffffeab
1fa
fffffe6e
3
171
fffffdc8
18e
ffffffe4
fffffebc
22f
fffffe44
38
153
fffffdf3
197
ffffffd8
fffffeeb
205
fffffe71
ffffff4f
197
fffffe15
105
c0
fffffdfe
25f
fffffe8c
ffffff84
1f8
fffffd8b
12e
6e
fffffe66
233
fffffeb2
ffffffc5
18a
fffffdfa
142
23
fffffec7
208
fffffea9
b
134
fffffe12
1a7
ffffffbc
fffffed2
20f
fffffe21
5a
14b
fffffda9
193
ffffffd6
fffffed3
230
fffffe60
ffffff46
190
fffffe45
7e
11b
fffffe18
21f
ffffff64
ffffff0a
1dd
fffffe22
8c
ee
fffffe4f
1bf
ffffff56
ffffff31
1b9
fffffe04
75
d3
fffffe6b
1ef
ffffff68
ffffff4b
19e
fffffe39
dc
7f
fffffe9d
1f1
fffffeff
ffffffaa
176
fffffe0c
fe
73
fffffe7e
1f3
fffffef6
ffffff14
1a7
fffffe22
5e
134
fffffdec
226
ffffffdf
fffffeae
1fa
fffffe23
45
12b
fffffe58
1b1
ffffffb5
ffffff1e
185
fffffe7b
99
b5
fffffe8b
1a6
ffffff27
ffffff52
1a8
fffffe0a
95
d3
fffffe47
207
ffffffa3
ffffff17
1b2
fffffe1c
8b
e6
fffffe65
1e4
ffffff6c
ffffff47
17d
fffffe4d
ab
100
fffffe17
1f0
ffffff4b
fffffef3
1e9
fffffe24
d1
b8
fffffe5c
1e5
ffffff27
ffffff74
170
fffffe3f
110
7a
fffffea7
1c4
fffffeec
ffffff9c
17e
fffffe36
d8
a4
fffffe81
1b3
ffffff29
ffffff5b
189
fffffe3d
108
67
fffffe87
1ff
fffffee3
ffffff62
14e
fffffe4c
105
b9
fffffe43
209
fffffefe
ffffff47
1d0
fffffe24
ec
ae
fffffe80
1e7
fffffed9
ffffff7a
183
fffffe4c
129
51
fffffe9e
1da
ffffff09
ffffff9d
150
fffffe4c
116
68
fffffeb6
1c0
fffffee2
ffffffb1
16b
fffffe3a
130
4a
fffffebb
1f8
fffffe94
ffffff1f
19a
fffffe34
134
92
fffffe14
25e
fffffee5
ffffff86
1cd
fffffde2
130
9d
fffffe73
1da
fffffec5
ffffffab
180
fffffe2f
130
55
fffffeb2
1cd
fffffeb4
ffffffb6
164
fffffe3d
161
1f
fffffea0
208
fffffecd
fffffff5
15b
fffffe08
167
3c
fffffeb7
1db
fffffe8b
ffffff3d
1a1
fffffe18
12b
9f
fffffdfb
262
fffffe9b
ffffff56
1ea
fffffdee
12f
7c
fffffe62
208
fffffef5
ffffffcb
16e
fffffe08
164
3c
fffffe80
209
fffffea3
ffffffca
17a
fffffe13
169
19
fffffe97
207
fffffe7c
ffffffd2
16f
fffffe16
16a
12
fffffeae
207
fffffeb8
ffffff6c
187
fffffdff
146
9a
fffffe00
260
fffffead
ffffff71
1df
fffffde9
12b
6f
fffffe66
1fa
fffffecb
ffffff92
180
fffffe30
125
3b
fffffeae
1ef
fffffec6
fffffff8
14f
fffffe05
18d
5
fffffe9f
20e
fffffe7d
fffffff9
163
fffffe0a
16d
5
fffffeac
1fe
fffffe8d
ffffff23
1a2
fffffe26
100
a4
fffffe21
251
fffffec7
ffffff7e
1d2
fffffdcf
149
6a
fffffe60
20a
fffffec8
ffffffb9
175
fffffe1d
138
20
fffffeb3
1ea
fffffe90
ffffffe7
150
fffffe23
166
fffffff2
fffffecf
200
fffffe8e
13
149
fffffdfa
186
fffffffe
fffffeaf
204
fffffe90
ffffff3a
1b6
fffffdf0
124
d4
fffffdd8
272
fffffe9a
ffffff6c
1e9
fffffdc6
132
57
fffffe81
21f
fffffec7
ffffffcf
16d
fffffdef
163
1c
fffffea2
20c
fffffe71
1c
156
fffffde4
1b1
ffffffeb
fffffead
215
fffffe52
1f
147
fffffdf5
17f
ffffffd1
fffffee6
215
fffffe80
ffffff5d
190
fffffdf7
106
c1
fffffdfe
26a
fffffe95
ffffff95
1e2
fffffda7
15a
6c
fffffe5a
218
fffffeb8
ffffffb9
176
fffffdfd
130
16
fffffec9
217
fffffead
c
135
fffffdf6
1a9
ffffffc1
fffffecf
218
fffffe2d
6a
136
fffffdc4
1bd
ffffffd3
fffffec7
217
fffffe64
ffffff29
188
fffffe46
76
108
fffffe15
22c
ffffff67
ffffff15
1db
fffffe06
90
ea
fffffe51
1c9
ffffff5d
ffffff45
1a5
fffffe1b
a9
d0
fffffe61
1da
ffffff5a
ffffff42
18a
fffffe39
d1
6a
fffffe9d
1ff
ffffff04
ffffffb3
173
fffffdf5
fe
73
fffffe80
1f9
ffffff00
ffffff2f
19e
fffffe1e
52
162
fffffde7
1ed
ffffff99
fffffec7
1d8
fffffe0e
62
101
fffffe58
1c9
ffffffb6
ffffff2b
18c
fffffe5e
90
b7
fffffe88
1ac
ffffff3c
ffffff58
1aa
fffffe07
88
fb
fffffe50
1bd
ffffff66
ffffff2d
18e
fffffe09
aa
b8
fffffe66
1ff
ffffff68
ffffff58
173
fffffe34
a8
f9
fffffe16
1fc
ffffff5a
fffffefd
1f0
fffffe19
cb
de
fffffe65
19b
fffffeee
ffffff89
151
fffffe2a
12c
52
fffffea3
1e0
fffffee6
ffffffaa
180
fffffe1b
cd
a8
fffffe7b
1bc
ffffff3d
ffffff61
18c
fffffe36
100
89
fffffe95
1b0
fffffeab
ffffff32
15f
fffffe34
107
a6
fffffe3c
21b
fffffef9
ffffff58
1c9
fffffe0d
e8
a9
fffffe80
1f2
fffffee6
ffffff86
187
fffffe41
125
71
fffffea9
190
fffffed2
ffffffb4
134
fffffe36
132
44
fffffeae
1dc
fffffeda
ffffffbc
16e
fffffe1d
128
4d
fffffeb7
200
fffffea7
ffffff3d
18f
fffffe2f
130
88
fffffe20
21b
fffffea2
ffffff74
1a6
fffffded
12e
80
fffffe77
1e5
fffffed8
ffffffad
179
fffffe21
11e
56
fffffeb9
1da
fffffec1
ffffffc3
161
fffffe39
156
1b
fffffeac
1c2
fffffe8d
ffffffe3
134
fffffe13
164
1d
fffffebc
1e7
fffffe9d
ffffff4c
19b
fffffdf8
128
a7
fffffe23
261
fffffe9c
ffffff72
1e3
fffffde2
13d
71
fffffe58
1e2
fffffeb9
ffffffa3
161
fffffe05
145
43
fffffea2
1f6
fffffeab
ffffffe2
169
fffffdfb
163
22
fffffebc
20a
fffffe79
ffffffef
168
fffffe0b
177
b
fffffea1
1e2
fffffe7e
ffffff35
1aa
fffffe08
114
b1
fffffdf7
246
fffffeb5
ffffff5c
1c3
fffffdc3
14d
6c
fffffe6b
214
fffffea9
ffffffd0
183
fffffdea
14e
3a
fffffeae
20d
fffffe91
ffffffdc
172
fffffe04
168
13
fffffe9a
1ed
fffffe86
fffffffb
15f
fffffdfe
174
9
fffffe9f
1f9
fffffe7c
ffffff2b
17f
fffffe02
126
aa
fffffe03
27b
fffffed0
ffffff67
1e2
fffffdc5
139
74
fffffe73
22d
fffffed4
ffffff99
185
fffffe1d
14d
1f
fffffe91
1fa
fffffebc
ffffffda
15b
fffffe0f
170
0
fffffea2
208
fffffe99
ffffffe2
130
fffffdfe
18e
fffffff3
fffffeb3
22e
fffffe8a
ffffff40
1a1
fffffe08
125
9f
fffffdec
27a
fffffeb2
ffffff75
1d9
fffffdc9
165
40
fffffe5f
222
fffffea4
ffffffc8
186
fffffdf0
13f
33
fffffea8
224
fffffe89
fffffffa
156
fffffdfd
1aa
ffffffc5
fffffeaa
22a
fffffe61
2c
13e
fffffded
1b6
ffffffbf
fffffeb7
226
fffffe58
ffffff37
1b4
fffffdfc
e9
cc
fffffe07
282
fffffea2
ffffff81
1da
fffffdbf
14d
47
fffffe5c
228
fffffed1
ffffffc1
163
fffffe03
15a
7
fffffea4
21a
fffffe97
fffffffd
154
fffffdf1
18d
ffffffcf
fffffedd
22e
fffffe3e
4f
132
fffffdde
1af
ffffffb1
fffffec5
229
fffffe7c
ffffff43
187
fffffe30
44
14a
fffffdd2
22c
ffffffd1
fffffea5
1fa
fffffe32
a6
c7
fffffe47
1e3
ffffff2d
ffffff66
198
fffffe1a
ab
a4
fffffe8b
1f3
ffffff3e
ffffff5e
199
fffffe10
c0
a0
fffffe53
203
ffffff5b
ffffff40
1aa
fffffe07
b0
b0
fffffe4d
212
ffffff59
ffffff47
168
fffffe5a
82
108
fffffdff
1fe
ffffffa4
fffffec3
202
fffffe32
16
12a
fffffe70
188
ffffff73
ffffff40
18e
fffffe42
5d
db
fffffe68
1a5
ffffff6a
ffffff49
18f
fffffe45
ce
9a
fffffe61
1e6
ffffff59
ffffff3f
1a0
fffffe38
a0
c1
fffffe51
1d6
ffffff71
ffffff32
18a
fffffe47
fa
ac
fffffe47
215
ffffff14
ffffff34
1cd
fffffe29
e3
aa
fffffe58
1bf
ffffff66
ffffff37
188
fffffe6e
90
b9
fffffe71
1bb
ffffff76
ffffff50
163
fffffe80
13f
29
fffffea0
1df
fffffe9c
ffffffc0
17c
fffffe20
135
56
fffffe9c
1ee
fffffef0
ffffff45
172
fffffe54
158
75
fffffe17
23e
fffffeb7
ffffff58
1dc
fffffe0a
115
9f
fffffe48
24d
ffffff38
ffffff2f
199
fffffe73
11a
56
fffffe92
1c4
fffffec3
ffffffab
173
fffffe3a
128
54
fffffea9
1eb
fffffee0
ffffffab
15e
fffffe4e
17f
f
fffffe8f
1fe
fffffe8c
ffffff4f
161
fffffe65
142
74
fffffe24
232
fffffeaf
ffffff6d
1c9
fffffdd0
135
8e
fffffe68
1f5
ffffff01
ffffff89
159
fffffe40
142
38
fffffe96
1cf
fffffeba
ffffffd6
13d
fffffe60
176
fffffffe
fffffeaf
1e1
fffffe8f
ffffffe4
152
fffffdf9
16b
2d
fffffea9
1fe
fffffebe
ffffff4e
16b
fffffe14
15b
81
fffffdfd
253
fffffea4
ffffff76
1ef
fffffde8
127
8b
fffffe50
1e6
fffffec5
ffffffa9
171
fffffe1d
149
39
fffffeae
1fa
fffffeb4
ffffffdc
138
fffffe1a
194
fffffffb
fffffe9a
1fa
fffffe80
fffffff8
170
fffffe0f
168
1b
fffffea1
1e2
fffffe88
ffffff33
19b
fffffe08
131
a1
fffffe14
26e
fffffeac
ffffff7d
1e1
fffffdd7
149
6f
fffffe4b
1ff
fffffeab
ffffffc8
18c
fffffe0b
15e
25
fffffe95
1f0
fffffea5
ffffffdd
151
fffffe11
179
7
fffffebe
213
fffffe80
7
15c
fffffe00
18a
fffffffb
fffffea1
1f8
fffffe6f
ffffff3d
1ba
fffffe01
134
9d
fffffdf7
260
fffffea2
ffffff7c
1cc
fffffdce
143
6b
fffffe76
21e
fffffec7
ffffffbc
17e
fffffe08
150
27
fffffe95
1ef
fffffe98
1
15b
fffffe0d
191
ffffffe4
fffffeb6
202
fffffe6a
1a
139
fffffdfb
18a
ffffffee
fffffed1
216
fffffe86
ffffff50
1a4
fffffdf4
126
ac
fffffdeb
270
fffffe92
ffffff95
1e8
fffffdb8
165
49
fffffe62
220
fffffea3
ffffffd2
163
fffffdf0
163
14
fffffeba
226
fffffe93
9
151
fffffdf6
1a4
ffffffcf
fffffeb3
214
fffffe44
50
145
fffffde0
1b8
ffffffbf
fffffec6
21c
fffffe59
ffffff43
18d
fffffe0a
fb
bb
fffffe15
27b
fffffeb8
ffffff87
1d5
fffffdc0
12d
68
fffffe61
205
fffffed7
ffffffc7
174
fffffdff
13c
21
fffffeab
208
fffffeb2
fffffff6
12b
fffffe0a
199
ffffffbc
fffffeef
223
fffffe52
5e
124
fffffde3
191
ffffffc9
fffffed6
1fc
fffffe85
ffffff4d
190
fffffe33
8d
113
fffffdeb
22d
ffffff63
fffffef4
1de
fffffe09
98
e1
fffffe61
1f1
ffffff63
ffffff4c
1a4
fffffe16
a0
b7
fffffe60
1dd
ffffff58
ffffff61
196
fffffe22
ec
79
fffffe72
203
ffffff01
ffffff90
179
fffffdf9
101
70
fffffe8b
221
ffffff0c
ffffff48
190
fffffe1f
46
144
fffffde6
1ed
ffffffad
fffffed6
1fa
fffffe3d
4e
114
fffffe4b
19d
ffffff85
ffffff30
175
fffffe56
a9
a5
fffffe9c
1da
ffffff54
ffffff5c
1ab
fffffe0c
6c
e4
fffffe53
1ad
ffffff80
ffffff3e
1a4
fffffe40
99
bc
fffffe6f
1c2
ffffff3f
ffffff30
180
fffffe2e
ae
f8
fffffe21
226
ffffff6f
fffffefd
1f2
fffffe16
a8
d3
fffffe5c
19b
ffffff12
ffffff8c
17a
fffffe4f
115
62
fffffe99
1b5
fffffec6
ffffffa6
177
fffffe0b
e9
9c
fffffe80
1f9
ffffff4a
ffffff5c
19f
fffffe26
df
88
fffffe80
1b7
fffffed0
ffffff4a
188
fffffe46
fb
b9
fffffe24
1fb
fffffed9
ffffff50
1c6
fffffe04
104
a9
fffffe71
1f0
ffffff0a
ffffff8b
16f
fffffe5c
16b
1e
fffffea6
1c2
fffffec2
ffffffc4
16b
fffffe46
118
63
fffffe98
1ad
fffffeca
ffffffae
163
fffffe23
139
4f
fffffeab
1fb
fffffec8
ffffff2c
18f
fffffe1c
13a
98
fffffe2b
25f
fffffec2
ffffff78
1bf
fffffe14
159
5e
fffffe65
1dc
fffffecd
ffffffb0
17b
fffffe25
132
55
fffffe9c
1d7
fffffe9f
ffffffc7
162
fffffe19
165
2d
fffffeb2
20c
fffffea7
ffffffb8
168
fffffe1c
168
26
fffffeb5
20a
fffffea4
ffffff55
188
fffffe1e
154
88
fffffdff
250
fffffe96
ffffff88
1e2
fffffdc6
154
75
fffffe60
200
fffffe96
ffffffaf
186
fffffdfd
14d
48
fffffea7
20b
fffffea8
ffffffd7
154
fffffe12
16e
1a
fffffebb
213
fffffe90
fffffff9
152
fffffe1e
196
fffffff7
fffffea8
1eb
fffffe77
ffffff48
1a2
fffffdf8
118
b9
fffffe07
253
fffffea4
ffffff66
1df
fffffdca
150
69
fffffe7a
220
fffffea7
ffffffcb
165
fffffe0c
171
14
fffffebf
20c
fffffe8f
ffffffff
14f
fffffe1b
17b
5
fffffea6
1e8
fffffe9a
ffffffff
154
fffffdff
164
19
fffffeb8
1f3
fffffe7b
ffffff20
1b7
fffffde4
10d
ca
fffffe0a
27d
fffffec4
ffffff61
1d8
fffffdc9
146
63
fffffe81
21a
fffffe9a
ffffffe6
16e
fffffdff
15d
21
fffffe9c
1e9
fffffe93
b
153
fffffdf0
182
fffffffe
fffffebf
202
fffffe5c
d
153
fffffde4
178
9
fffffeca
21c
fffffe93
ffffff50
1a0
fffffdf4
127
ad
fffffdec
270
fffffeb5
ffffff84
1d9
fffffdb1
172
42
fffffe74
22d
fffffe84
ffffffda
16d
fffffde2
17b
3
fffffec4
234
fffffe92
9
144
fffffe03
19a
ffffffd3
fffffebb
20a
fffffe6b
44
129
fffffde8
1bb
ffffffbb
fffffedb
226
fffffe3b
ffffff38
196
fffffdff
110
b0
fffffe19
290
fffffeaf
ffffff88
1d1
fffffdc2
125
70
fffffe60
204
fffffefc
ffffffb6
161
fffffe02
13b
27
fffffeb5
213
fffffe9e
fffffff6
138
fffffe03
1a5
ffffffb7
fffffeed
235
fffffe57
4f
126
fffffde9
17c
ffffffe1
fffffecd
1f8
fffffeb6
ffffff59
17c
fffffe25
30
159
fffffdeb
1fd
ffffff9b
fffffee6
1f5
fffffdfc
c7
12b
fffffe0a
1ff
ffffff54
ffffff36
195
fffffe1e
b9
92
fffffe9d
200
ffffff49
ffffff6c
192
fffffe06
ac
ad
fffffe6a
1db
ffffff2d
ffffff86
193
fffffded
b7
a7
fffffe70
1e5
ffffff29
ffffff4d
17e
fffffe28
99
166
fffffde6
1f7
ffffff78
fffffed9
1d9
fffffe2e
3a
118
fffffe72
1b9
fffffff4
ffffff05
189
fffffe7f
5b
c7
fffffe88
190
ffffff9c
ffffff45
181
fffffe46
78
bf
fffffe81
1f4
ffffff68
ffffff42
1b6
fffffe06
c2
10f
fffffe48
1be
ffffff4c
ffffff60
15a
fffffe5c
7c
fd
fffffe23
1db
ffffffb4
fffffefc
1ac
fffffe75
cd
93
fffffe8f
1ee
ffffff60
ffffff4e
182
fffffe58
108
be
fffffe81
19f
ffffff55
ffffff6d
166
fffffe5f
88
b0
fffffe89
1a0
ffffff90
ffffff62
151
fffffe88
103
4f
fffffea7
216
ffffff1a
ffffff55
177
fffffe2f
132
105
fffffdf2
222
ffffff3e
ffffff25
1bd
fffffdbd
11b
a8
fffffe44
1df
ffffff2e
ffffff7c
15e
fffffe78
106
5a
fffffeaa
205
fffffeda
ffffffa2
187
fffffe11
159
af
fffffe5c
1e3
ffffff1b
ffffff96
14d
fffffde3
14d
54
fffffe75
1f3
fffffeea
ffffff6e
1a9
fffffe18
12d
9a
fffffe28
263
fffffed7
ffffff5a
1ce
fffffe07
12c
96
fffffe87
1f6
ffffff01
ffffffa9
13d
fffffdfe
13a
56
fffffe8f
1c3
fffffec0
fffffff8
179
fffffe25
156
28
fffffeb7
20a
fffffec0
ffffffcb
157
fffffe31
160
35
fffffecc
1f8
fffffec4
ffffff47
15d
fffffdf1
12c
ad
fffffe0d
226
fffffeb4
ffffff8c
1ef
fffffdf4
12f
70
fffffe84
20b
fffffedb
ffffffb4
181
fffffe25
156
3d
fffffe97
214
fffffebf
ffffffbb
13d
fffffdf7
157
33
fffffea7
1c6
fffffe98
b
16d
fffffe24
163
b
fffffecc
20b
fffffe9f
ffffff66
188
fffffe21
141
8c
fffffe1d
273
fffffeb8
ffffff6f
1bf
fffffdb1
149
75
fffffe4a
1e8
fffffeb0
ffffffc3
19c
fffffe28
146
38
fffffebd
1fb
fffffeaf
fffffffd
14d
fffffe23
189
fffffff7
fffffebd
21c
fffffe8c
fffffff8
13d
fffffddb
184
c
fffffe94
1e8
fffffe74
ffffff35
1c8
fffffe1d
11d
a4
fffffe2e
25d
fffffeac
ffffff77
1df
fffffde5
136
6b
fffffe77
219
fffffeb1
ffffff9c
176
fffffddf
13c
3d
fffffe93
1cd
fffffe84
1b
160
fffffe23
183
ffffffe8
fffffee8
208
fffffe72
e
151
fffffe11
176
fffffff9
fffffecc
211
fffffe74
ffffff1c
1a0
fffffddb
10a
b9
fffffdf9
23d
fffffe7e
ffffff8b
205
fffffdd6
16a
68
fffffe70
236
fffffece
ffffffb1
173
fffffe16
171
22
fffffea9
218
fffffe63
8
13d
fffffdcc
192
ffffffd9
fffffec4
1e7
fffffe34
3d
162
fffffe0a
1b0
ffffffea
fffffed0
22c
fffffe8c
ffffff45
1a2
fffffe14
126
bb
fffffe03
284
fffffe78
ffffff50
1fa
fffffd83
126
70
fffffe63
1f1
fffffe9f
ffffffdd
187
fffffe17
163
1c
fffffecc
21a
fffffe83
21
12e
fffffe0e
1c5
ffffffb6
fffffee2
222
fffffe1d
21
141
fffffdbd
172
ffffffe4
fffffed5
1de
fffffe5e
fffffeef
199
fffffe1a
70
128
fffffde2
219
ffffff7b
fffffecd
219
fffffe3a
bf
e3
fffffe68
1e6
ffffff1f
ffffff80
180
fffffe2a
e5
98
fffffe85
1fb
ffffff0c
ffffff2f
1a9
fffffddf
f4
ed
fffffe10
1fe
ffffff2a
ffffff2e
19a
fffffdf8
df
76
fffffe72
201
fffffef9
ffffff24
185
fffffe93
79
131
fffffe3b
1df
ffffff9b
fffffeef
1cf
fffffe59
4c
124
fffffe65
1a3
ffffffad
fffffeca
189
fffffe5b
a2
106
fffffe53
190
ffffff50
ffffff1e
16a
fffffe4f
aa
95
fffffe3c
1e2
ffffff77
ffffff10
1c1
fffffe7e
95
e3
fffffe9e
1ab
ffffff68
ffffff19
137
fffffe85
132
d3
fffffe15
1ef
ffffff3b
fffffedc
1b8
fffffe42
6c
d8
fffffe3c
193
ffffff25
ffffff64
175
fffffe22
e9
c3
fffffe96
1b5
ffffff71
ffffff22
139
fffffe9d
12b
8f
fffffe73
1b9
ffffff0e
ffffff3f
170
fffffe35
c4
7c
fffffe5d
1bc
fffffede
ffffff2e
170
fffffe26
152
bd
fffffe2d
22b
ffffff4b
ffffff53
1a7
fffffe4a
12c
cf
fffffe41
19b
fffffef3
ffffff42
165
fffffe4d
af
83
fffffe7c
188
ffffff0a
ffffff91
14b
fffffe3b
16b
67
fffffe99
1f3
ffffff22
ffffffbc
14c
fffffe56
16f
74
fffffe73
1ad
fffffeb6
ffffff01
16f
fffffdf5
f0
a3
fffffe12
237
fffffebd
ffffff62
1ad
fffffe06
155
96
fffffe7e
215
ffffff1f
ffffffb2
142
fffffe36
180
69
fffffe79
19d
fffffec2
ffffff93
136
fffffe04
118
34
fffffe9b
1e4
fffffeac
ffffffc3
14a
fffffe24
188
40
fffffeb6
21c
fffffee6
ffffffad
147
fffffe15
18e
ac
fffffdf6
208
fffffeb5
ffffff55
1af
fffffdc7
106
6e
fffffe52
1f4
fffffec8
ffffffa7
16b
fffffe29
171
45
fffffec2
201
fffffee9
8
129
fffffe22
1b1
37
fffffe87
1b5
fffffe8c
ffffffd9
133
fffffde9
14b
ffffffff
fffffe9b
1fb
fffffe84
ffffff3f
17d
fffffe27
150
a1
fffffe3a
263
fffffede
ffffff8c
1af
fffffdf0
185
86
fffffe48
1ee
fffffeb5
ffffffa6
17b
fffffdd8
12f
1f
fffffe98
1e5
fffffe99
fffffff2
136
fffffe30
197
11
fffffed9
20d
fffffeb8
d
131
fffffe1b
1ba
22
fffffe90
1ee
fffffe79
ffffff25
19b
fffffddb
10c
87
fffffe0e
247
fffffe90
ffffff74
1c7
fffffdf1
17d
84
fffffe74
222
fffffed5
ffffffae
170
fffffe16
170
4d
fffffe95
1ce
fffffe85
b
12f
fffffde2
16b
ffffffcd
fffffeca
1f2
fffffe58
b
138
fffffe1f
1be
11
fffffec9
21a
fffffe98
ffffff16
1a4
fffffe19
10f
fa
fffffe05
26c
fffffec4
ffffff7b
1cd
fffffdcf
18a
5a
fffffe65
1f5
fffffe71
ffffffd7
170
fffffdc1
132
7
fffffeb4
1fa
fffffe8b
ffffffe6
143
fffffe1f
19d
1f
fffffec4
21d
fffffe77
fffffff1
151
fffffdfc
19c
12
fffffece
218
fffffe75
ffffff45
19d
fffffdf8
f9
10e
fffffddd
245
fffffed6
ffffff35
1ec
fffffda3
122
31
fffffe83
20f
fffffe81
ffffffeb
151
fffffe02
162
4a
fffffecc
1fc
fffffe7f
fffffffe
14f
fffffdef
17c
17
fffffede
208
fffffe62
4a
12d
fffffddb
1b2
fffffff2
fffffec1
1f8
fffffe64
fffffefa
19b
fffffe0b
87
eb
fffffde8
243
ffffff69
fffffec8
1f9
fffffe14
ac
12a
fffffe52
1f8
ffffff78
ffffff01
1a8
fffffe30
d4
c9
fffffe87
1fd
ffffff4b
ffffff57
1aa
fffffe4c
e3
a8
fffffe71
1e3
fffffecd
ffffff83
183
fffffdc9
113
3a
fffffe5f
240
fffffef3
ffffff17
173
fffffe50
78
15a
fffffe36
1f5
ffffff83
fffffecc
1d2
fffffe40
61
140
fffffe80
19c
ffffff8d
ffffff38
17d
fffffe43
af
e6
fffffe7a
192
ffffff5f
ffffff1a
172
fffffe40
6b
9b
fffffe72
1be
ffffff3c
ffffff43
191
fffffe34
b6
f7
fffffe9e
1c8
ffffff4d
ffffff3b
17e
fffffe26
b5
134
fffffe0f
1d8
ffffff78
fffffecf
1a5
fffffe5e
a0
8a
fffffe78
1b4
ffffff48
ffffff3b
174
fffffe6b
e8
b7
fffffed3
20d
ffffff0b
ffffff6e
194
fffffe09
d0
e3
fffffe6d
197
ffffff57
ffffff34
145
fffffe7a
d3
40
fffffe9c
1d3
ffffff02
ffffff20
16a
fffffe5f
e8
ee
fffffe75
245
ffffff1e
ffffff1e
1d9
fffffe06
f6
dc
fffffe7a
1cc
fffffef3
ffffff5a
14f
fffffe6b
ce
4c
fffffead
19d
fffffee9
ffffff8b
15b
fffffe53
115
93
fffffee0
209
fffffeff
ffffff80
17c
fffffe1f
12a
8b
fffffeab
1d8
fffffebc
ffffff14
157
fffffe05
115
78
fffffe25
21d
fffffec9
ffffff95
1c9
fffffdfb
124
b7
fffffeba
1fd
fffffed6
ffffff9a
16b
fffffe2f
12a
7d
fffffec3
1bd
fffffec3
ffffffa8
11a
fffffe16
13e
3
fffffeb2
1c9
fffffeac
a
154
fffffe20
15e
52
ffffff00
1ff
fffffe9b
ffffff49
1b5
fffffdfa
12a
d5
fffffe36
228
fffffeb1
ffffff68
1a9
fffffdc8
131
45
fffffe48
1f2
fffffecd
ffffffd3
16d
fffffe2d
146
53
fffffede
204
fffffe9d
ffffffe0
184
fffffe00
159
5d
fffffec6
1cc
fffffe99
ffffffe0
12a
fffffdfe
15d
ffffffe6
fffffe94
1e6
fffffe9f
ffffff66
18c
fffffe16
13e
95
fffffe2f
28a
fffffe8e
ffffff84
1f8
fffffdc6
14a
8d
fffffe6e
1f3
fffffea5
ffffffc9
172
fffffdd8
160
1b
fffffe74
1e6
fffffea9
f
143
fffffe1f
18d
fffffff1
fffffee5
229
fffffe61
15
16d
fffffdf1
18d
16
fffffec2
1f2
fffffe60
ffffff3e
194
fffffde2
128
96
fffffde0
24a
fffffeac
ffffffb5
1eb
fffffdb6
144
77
fffffe8c
22f
fffffec5
ffffffb7
181
fffffe1f
15c
29
fffffec4
1e2
fffffe9e
4
132
fffffdf4
17b
ffffffe6
fffffe98
1ea
fffffe7f
46
15e
fffffde8
17d
b
fffffedf
225
fffffe8d
ffffff51
1b0
fffffdf2
149
e0
fffffde9
272
fffffea0
ffffff8b
1c9
fffffd96
14a
47
fffffe4d
202
fffffebc
3
181
fffffdd9
15c
28
fffffed9
22e
fffffe65
22
158
fffffdef
1d4
fffffff1
fffffeb8
212
fffffe57
48
120
fffffdc3
19a
ffffffbd
fffffeb7
1fb
fffffe70
ffffff75
1b4
fffffddb
ff
d0
fffffe28
28c
fffffe85
ffffff99
1e9
fffffdb1
169
81
fffffe5f
20f
fffffed8
ffffffcb
151
fffffdd8
130
17
fffffe9a
1ee
fffffebd
30
147
fffffdee
196
ffffffd4
ffffff0c
22c
fffffe27
6a
136
fffffddb
1c3
ffffffe8
fffffed2
201
fffffe8e
ffffff50
163
fffffe1a
7d
104
fffffde0
20b
ffffff6d
ffffff30
1fa
fffffdfb
7c
ff
fffffe7f
1ed
ffffff66
ffffff42
1aa
fffffe21
b0
f1
fffffe69
1d0
ffffff7b
ffffff51
168
fffffe16
ce
61
fffffe70
1d9
ffffff09
ffffffd6
18b
fffffded
ed
83
fffffeb3
21b
ffffff08
ffffff54
185
fffffe3d
46
12b
fffffe3b
24f
ffffffb4
fffffeca
1d7
fffffe21
69
e4
fffffe2b
197
ffffffad
ffffff4a
1a7
fffffe62
7d
cf
fffffeac
1e1
ffffff9a
ffffff37
1a4
fffffe39
52
d4
fffffea4
20c
ffffff7f
ffffff38
17f
fffffe23
b7
93
fffffe41
1cd
ffffff5d
ffffff7b
184
fffffe41
8e
106
fffffe41
21f
ffffffae
fffffee9
1d9
fffffe57
85
bc
fffffec2
1dc
ffffff22
ffffff89
13e
fffffe53
11d
35
fffffe89
1a5
fffffef5
ffffffcb
18a
fffffe2f
b5
b6
fffffea8
1e4
ffffff91
ffffff4b
179
fffffe72
b6
6c
fffffef0
1ed
fffffee7
ffffff64
129
fffffe69
103
81
fffffe23
1f2
fffffefa
ffffff91
1b5
fffffdb4
140
9c
fffffe78
20b
ffffff22
ffffff85
159
fffffe29
dd
78
fffffee5
1d6
ffffff1f
ffffff9a
126
fffffe6f
111
2f
fffffe9a
1a3
fffffedf
ffffffff
145
fffffddb
171
49
fffffea8
220
fffffedc
ffffff8b
173
fffffdee
10a
a7
fffffe6d
23d
fffffeb9
ffffff94
1ac
fffffe05
128
57
fffffe38
1c6
ffffff02
ffffffd4
145
fffffe08
144
4f
fffffecd
1ed
fffffee7
ffffffec
151
fffffe05
11f
3f
fffffeff
1d8
fffffea7
8
133
fffffe2d
166
ffffffea
fffffe85
1c7
fffffec3
ffffff9d
17e
fffffdc8
154
99
fffffe0a
27d
fffffed3
ffffff8c
1c3
fffffdd4
108
79
fffffead
1ed
fffffec2
ffffffe2
16d
fffffe22
14e
2
fffffe85
1b8
fffffed1
2a
13b
fffffde5
179
20
fffffea9
21a
fffffec0
fffffffd
14b
fffffe01
139
18
fffffef5
1e5
fffffe91
ffffff28
1c0
fffffe11
118
7c
fffffdf4
226
fffffec4
ffffffa5
1cb
fffffddf
12f
72
fffffe7e
217
fffffed0
ffffffb2
17c
fffffdfd
129
2b
fffffee7
1ee
fffffe79
fffffff8
16c
fffffe19
167
ffffffe2
fffffe90
1d5
fffffe99
2a
14c
fffffe05
16d
5
fffffecf
212
fffffe92
ffffff54
19c
fffffddf
11a
cd
fffffe24
265
fffffe86
ffffff81
1f5
fffffdd6
11f
4e
fffffe49
1dd
fffffef4
ffffffd2
16e
fffffe0c
129
3c
fffffec5
202
fffffe98
fffffffe
159
fffffde3
179
19
fffffed6
206
fffffe5a
12
16b
fffffe04
158
ffffffe1
fffffe9b
1d6
fffffeb9
ffffff69
1a5
fffffdf4
fc
b9
fffffe1f
277
fffffedd
ffffff60
1d7
fffffdc0
157
59
fffffe5e
208
fffffe89
ffffffef
17a
fffffdf9
16b
2
fffffe80
1ed
fffffea2
34
138
fffffdf3
180
ffffffe0
fffffef0
222
fffffe83
21
12f
fffffdf1
1a7
ffffffcf
fffffec3
200
fffffe43
ffffff38
1b0
fffffe13
104
a2
fffffdeb
23b
fffffec1
ffffff78
1e7
fffffdbf
14a
86
fffffe68
237
fffffeae
ffffff9a
191
fffffdea
131
1c
fffffec6
1d3
fffffe62
5b
11d
fffffe10
1af
ffffff94
fffffed4
1e8
fffffe60
45
130
fffffdf8
197
fffffff8
fffffeda
21d
fffffe6f
ffffff0e
1a1
fffffe2b
7d
110
fffffe15
1f5
ffffff05
fffffefc
215
fffffe06
8a
e6
fffffe24
1b1
ffffff86
ffffff2d
1a7
fffffe3a
96
df
fffffe84
1e4
ffffff05
ffffff65
196
fffffe06
f3
63
fffffe96
1d5
fffffea0
ffffff98
1b0
fffffdfa
ec
7d
fffffe4d
1e1
ffffff2d
ffffff27
19c
fffffe4d
99
139
fffffe0b
21b
ffffff7f
fffffeb2
1f0
fffffe3f
7d
ea
fffffe68
191
ffffff35
ffffff0c
1b4
fffffe64
90
c7
fffffe4c
18b
ffffff5a
ffffff4b
19d
fffffe4d
c0
d5
fffffe7a
1ef
ffffff43
ffffff22
19e
fffffe39
c9
a0
fffffe73
1cd
fffffee3
ffffff19
16d
fffffdef
f4
d9
fffffe16
1fc
ffffff2c
ffffff3f
1b9
fffffe5e
82
df
fffffe42
16c
ffffff89
ffffff27
18c
fffffe88
e6
a5
fffffea6
1cd
fffffee7
ffffff77
166
fffffdf0
107
90
fffffe6a
1d2
fffffef8
ffffff6a
16d
fffffde9
110
8f
fffffe73
1c7
ffffff0f
ffffff55
165
fffffe11
e7
c5
fffffe01
228
ffffff25
ffffff10
1e3
fffffe54
cf
d9
fffffe88
1ad
ffffff1a
ffffff62
145
fffffe3e
12b
58
fffffe9d
1bb
fffffeed
ffffff8c
141
fffffe0e
105
7a
fffffe9d
1e7
fffffee7
ffffffae
162
fffffe00
117
5c
fffffe7d
1e2
fffffefe
ffffff2d
150
fffffe35
12a
90
fffffe3f
246
fffffebc
ffffff55
1a0
fffffde0
f4
aa
fffffe83
1c9
ffffff17
ffffff8e
15c
fffffe25
fe
58
fffffe9e
1f9
fffffedc
ffffff8e
13e
fffffe33
154
21
fffffec9
1f3
fffffe9d
ffffffca
12f
fffffdff
135
42
fffffec7
1d2
fffffed3
ffffff4f
17a
fffffdef
112
a7
fffffe0d
274
fffffecc
ffffff5a
1c7
fffffdce
133
87
fffffe72
207
fffffec0
ffffff8f
15a
fffffdf0
135
4c
fffffe85
205
fffffec2
ffffffc8
15b
fffffdef
14a
22
fffffea9
219
fffffeaa
ffffffd9
14a
fffffdf6
16f
20
fffffeb9
20a
fffffe83
ffffff2b
166
fffffdf8
11a
9d
fffffe14
253
fffffec3
ffffff7f
1c9
fffffdbd
133
5e
fffffe69
220
fffffec9
ffffffba
163
fffffe02
15a
3a
fffffeb8
1eb
fffffe99
ffffffdd
123
fffffdfc
164
3
fffffeb8
1fb
fffffe9c
6
144
fffffdeb
16a
fffffff7
fffffeb7
219
fffffe93
ffffff5a
179
fffffdf4
143
cc
fffffe06
256
fffffea7
ffffff76
1c3
fffffda6
156
6e
fffffe5f
206
fffffec4
ffffffdc
151
fffffdfb
15e
18
fffffead
20a
fffffe9e
0
137
fffffdf8
19c
1d
fffffebc
1f5
fffffe76
11
12e
fffffdd9
194
fffffff9
fffffeb9
1fc
fffffe88
ffffff11
1b2
fffffdf9
10a
a8
fffffe15
265
fffffea1
ffffff77
1c1
fffffdd2
16e
58
fffffe8e
1f6
fffffe87
ffffffd2
159
fffffde6
17e
35
fffffe91
1fd
fffffe8b
fffffff3
145
fffffe00
17e
ffffffd0
fffffee4
20a
fffffe56
2b
11b
fffffe08
1b6
ffffffd6
fffffef0
1ed
fffffe41
ffffff00
1b1
fffffddf
12f
e6
fffffdc9
27b
fffffe92
ffffff7b
1e5
fffffd98
12b
62
fffffe79
22e
fffffebb
ffffffaa
168
fffffdfb
162
32
fffffeb2
207
fffffe7b
fffffff8
13d
fffffdd4
1cf
ffffffde
fffffea7
22a
fffffe32
41
13e
fffffdbc
189
ffffffd2
fffffee0
228
fffffe6f
ffffff2d
174
fffffe36
b5
16e
fffffde1
20d
ffffff5b
fffffee0
1d1
fffffe07
9f
fb
fffffe51
1b5
ffffff6c
ffffff2f
18b
fffffe2e
76
b1
fffffe9a
1c8
ffffff21
ffffff76
173
fffffe0e
131
c6
fffffe61
1e9
ffffff01
ffffff6b
17a
fffffdf5
fb
9b
fffffe71
1e5
ffffff1c
ffffff15
176
fffffe44
64
10e
fffffe27
1f5
ffffffa0
fffffec5
1da
fffffe30
79
17a
fffffe4b
182
ffffff78
ffffff06
164
fffffe54
b5
cc
fffffe8a
19d
ffffff4b
ffffff43
17a
fffffe40
87
b3
fffffe87
1c9
ffffff6c
ffffff28
192
fffffe27
c4
12b
fffffe63
1ac
ffffff37
ffffff05
16c
fffffe3d
b3
11a
fffffe27
1d1
ffffff6b
fffffef5
1a7
fffffe60
ae
9d
fffffea0
1a0
ffffff13
ffffff78
154
fffffe52
126
c8
fffffea8
180
fffffedc
ffffff7a
151
fffffe2b
e6
b9
fffffe88
19f
ffffff4c
ffffff4f
156
fffffe73
dc
5c
fffffec0
1b9
fffffed9
ffffff38
152
fffffe59
117
f6
fffffe65
21c
fffffea0
ffffff47
1af
fffffe01
128
b0
fffffe82
1f2
ffffff1e
ffffff51
14e
fffffe36
eb
6b
fffffebc
19d
ffffff03
ffffff98
135
fffffe61
13b
90
fffffee6
1cc
fffffe8c
ffffffa6
152
fffffe17
160
5d
fffffeb0
206
fffffedd
ffffff3b
13b
fffffe2b
105
91
fffffe5b
23a
fffffebd
ffffff6a
1d0
fffffdf9
13d
c3
fffffe83
1dd
fffffeb8
ffffff79
15f
fffffe3c
141
50
fffffea6
1fb
fffffee0
ffffff9a
128
fffffe30
126
23
fffffeec
1dc
fffffea3
ffffffe5
151
fffffe25
178
56
fffffed2
1da
fffffe7a
fffffef0
19b
fffffe14
147
a5
fffffe0d
282
fffffebf
ffffff43
1a9
fffffdda
129
67
fffffe68
1fc
fffffec8
ffffffa4
183
fffffe18
170
6d
fffffe78
1e0
fffffe91
ffffffa4
157
fffffe18
185
1c
fffffea7
22d
fffffe9f
ffffffbb
132
fffffe01
161
6
fffffeac
1fe
fffffe8d
ffffff39
17a
fffffdee
133
b3
fffffdf0
25d
fffffeb2
ffffff6f
1d4
fffffde6
16e
86
fffffe5c
1e2
fffffea0
ffffffa0
155
fffffe28
178
13
fffffe8f
219
fffffeb4
ffffffc1
143
fffffdf6
171
19
fffffe9c
200
fffffe86
fffffff5
139
fffffde5
190
9
fffffe9d
207
fffffe80
ffffff3f
194
fffffe11
12d
d2
fffffe04
226
fffffe96
ffffff74
1d6
fffffdc7
158
60
fffffe54
223
fffffec7
ffffffaf
143
fffffe08
16a
10
fffffeac
1f0
fffffe80
ffffffea
140
fffffdf0
189
fffffffe
fffffeae
1f9
fffffe80
11
13e
fffffe0f
18f
1c
fffffebc
1c9
fffffe66
