c
c
9
7
5
6
8
8
8
8
8
8
8
9
9
8
8
8
8
8
7
8
9
9
9
8
8
8
8
8
7
7
9
9
9
9
8
8
8
8
8
8
8
9
8
8
8
8
8
8
8
8
8
9
8
8
9
8
8
8
7
8
9
9
9
8
8
8
8
8
7
7
9
9
8
8
8
8
8
8
7
8
9
9
9
8
8
8
8
8
7
8
8
8
8
9
8
8
8
8
7
8
9
9
9
8
8
8
8
8
8
8
9
9
9
9
8
8
8
8
7
8
9
9
9
8
8
8
8
8
7
8
9
9
9
9
8
8
8
8
7
8
8
9
9
8
8
8
8
8
7
8
9
9
9
8
8
8
8
8
7
8
8
8
9
9
8
8
8
8
7
8
9
9
9
8
8
8
8
8
7
8
9
9
9
9
9
8
8
8
8
8
9
9
8
8
8
8
8
8
7
8
8
9
9
8
8
8
8
8
8
7
8
9
8
8
8
8
8
8
8
8
8
8
9
8
8
8
8
8
7
7
8
9
8
8
8
8
8
8
8
8
8
9
9
9
8
8
8
8
8
8
8
9
9
9
