ffffffff
0
fffff59a
2995
2445
cd6
59d
af4
271
696
213
4ac
1f9
267
1b9
288
1ef
1b7
1cc
266
1f3
179
20e
e7
21e
b3
214
dd
1f5
160
20c
171
200
165
205
132
200
134
204
24b
20e
14e
20e
b2
208
ab
1ff
c5
208
ec
20e
11f
1f2
1b9
1fc
1a4
209
1c2
20c
2e6
230
1f3
216
be
21c
88
1fe
c2
202
c9
1ff
102
1eb
181
1eb
1e4
208
158
206
265
21c
1ac
218
da
211
aa
1ff
e2
204
d8
202
f9
1f7
1e5
1fb
1ff
224
17f
209
228
1ff
190
218
f0
20b
a6
207
b3
201
c7
1fe
ed
1fe
16c
1ed
1ce
209
192
1fc
2b9
234
1bc
21e
9c
210
e1
203
a7
1f9
f1
1fd
ea
1fe
16a
1f7
1a2
20f
184
203
2bf
20b
25c
213
11f
203
e4
1fa
13d
212
102
211
f9
203
173
20a
1ba
20e
175
213
2e2
224
1a6
208
b6
20f
d2
204
c1
201
e0
200
122
1fe
15d
1fa
1ea
215
196
1ea
343
21d
1b3
20f
160
1ee
132
1fe
da
210
f8
20e
fa
1fe
189
1fb
1c6
20b
192
212
2ca
216
1de
221
97
20e
95
1fe
a1
20f
c9
200
10f
1fd
167
1ed
1b2
203
18f
20f
239
212
1ff
210
107
202
da
201
bc
1ff
e8
20f
10a
1f9
17b
204
1ac
223
185
20c
2d8
20a
1c7
20a
c7
20c
99
206
c9
205
dd
1fd
120
200
1a0
20a
1b9
20e
185
20e
293
20e
179
206
ab
1fe
d5
201
a0
1f7
b5
210
e0
1fe
16d
1f8
1b6
215
18c
201
2c5
22c
1bd
232
c5
214
b4
1fb
bd
1fc
e2
20e
105
205
1eb
20d
189
20c
1a4
1fa
306
203
1aa
223
f1
217
bc
205
b0
1fb
cc
213
118
1f3
181
1fa
1c9
215
175
200
31f
207
151
22a
ce
20a
9f
202
8a
202
c6
213
ef
1f7
15d
1fc
1e1
217
178
202
2ca
206
184
228
a9
21f
95
209
a6
205
109
207
e0
1fb
1b1
1fe
1be
20e
26d
20b
301
20d
17f
1f6
12d
21f
bc
206
e2
206
e3
207
111
1f8
1b9
209
1a5
21b
15b
208
2e3
209
17d
214
b7
215
af
201
ef
205
10e
205
148
1e1
1b9
200
1c9
208
1e5
1e1
366
222
241
1e1
157
1e1
ab
1e1
ab
1e1
f9
1e1
140
1e1
182
1e1
1fe
1e1
19f
1e1
32f
20e
26e
1e1
11a
1e1
e9
1e1
104
1e1
124
203
12e
201
194
219
1d7
1e1
1ee
1e1
27d
1e1
1d8
210
16d
1e1
107
1e1
119
1f3
12f
200
131
1e1
196
1f7
1e7
221
1cf
1e1
295
1e1
1fb
1e1
121
1e1
fc
204
130
20b
dd
1e1
169
1e1
182
1f6
1e1
218
1b4
1e1
21b
1e1
1a1
1e1
fe
21c
fd
1e1
8a
1e1
101
1e1
154
208
1b4
1e1
1d0
21e
18f
1e1
2b3
1e1
1ca
1e1
132
21a
13e
1e1
cd
1e1
100
1e1
143
