4000
0
6673
ffffc000
4000
4000
0
60d6
ffff822b
4000
4ca8
ffffa195
5e6a
ffffab40
7f13
48d0
ffff8386
5348
ffffbb93
40fa
521a
ffff922c
4fc5
ffffb03a
5c4d
4990
ffffb735
6f6c
ffffb085
ffff9e66
5e95
ffffa339
505d
ffffad61
ffff8eca
4145
ffff92ae
4e48
ffff8bbd
ffffaebb
5afb
ffffa62b
714d
ffff90de
408f
5e2a
ffffac47
7e57
ffff9654
ffff99aa
4d9f
ffffb300
5fc6
ffff85dd
6974
4f35
ffffaf8e
4338
5bec
ffffb5d8
4a35
ffffb288
6c18
5ad1
ffff9856
4c8f
ffffb06c
6435
ffffb0d4
ffff8ae2
5465
ffffabde
4cba
ffff85b3
4703
5505
ffffaa02
75d9
7c76
ffff9de5
561c
ffffa9e6
4f8a
ffff9892
ffff84a2
587d
ffffa5f8
4cf1
ffffb0da
419e
51eb
ffffaedc
58e4
ffffbbb5
ffffa619
466a
ffffba62
6ab3
ffffac22
ffffb39e
44cf
ffffb86f
771b
ffff880b
51f9
4daa
ffffb04a
477e
ffffb033
ffff8be0
4f77
ffffaeea
47bd
ffff9e5f
615d
5569
ffffaa87
7683
ffff9783
6868
51a8
ffffabf8
6db1
ffff8506
470c
55d3
ffffa885
6ec9
ffffbeef
ffffa6c9
5f64
ffffa397
74e2
ffffade1
ffffb3aa
5c43
ffffa361
7942
ffffba42
5065
4e74
ffffafe8
5628
ffffaeaf
5608
46d5
ffffba66
686a
ffffacef
ffffbd6c
43c5
ffffb8cb
7692
ffff8fec
ffff9ce1
4ca0
ffffb0a0
6745
5441
ffff8a8e
4e58
ffffae11
686d
7fbe
ffffa92a
5554
ffffaa24
6416
ffff96b5
437f
55b7
ffffa943
58e8
ffffa6eb
6bc0
598d
ffffa636
65b0
ffffbbda
436c
5d10
ffffa449
7d36
ffffa16f
62d2
5cf7
ffffa2ce
7fa1
ffff823c
442e
5309
ffffab4a
5b30
ffffb5b9
6527
49c5
ffffb6f3
686a
ffffae78
ffffa9f5
4795
ffffb6c5
7692
ffffbd2b
ffffa612
4ba6
ffffb1ca
4e96
67ab
ffffae86
50df
ffffacfa
77b6
5b93
ffff8117
57ce
ffffa8e6
4185
431e
ffffa47c
55ae
ffffaa07
410d
582c
ffffbe80
5831
ffffa772
473b
ffff9a8e
ffffb52e
5ddd
ffffa47e
7715
ffff885e
ffff9418
5bc2
ffffa3f2
4d38
ffff8fec
4671
4ad6
ffffb144
57e9
ffff92c0
ffff8b53
471f
ffffb884
678e
ffffac5c
ffff91ea
471e
ffffb7d0
4777
ffffb06e
5eed
4aee
ffffb261
4d1f
6c95
ffff871e
50b2
ffffadaf
78db
594e
ffffa866
5361
ffffac28
7931
41eb
ffffb599
562b
ffffa9da
433c
ffff8cc7
ffffa603
58a8
ffffa73e
41ec
ffff85da
7ab6
5997
ffffa6d1
736f
ffffb131
ffff9693
5dbf
ffffa316
7039
ffffa31e
576b
54e2
ffffac72
54a7
69c9
ffff8ac2
4ba2
ffffb770
68fc
ffffadab
ffff85df
425c
ffffb940
7691
ffffadad
ffffa757
47dc
ffffb389
64d0
ffffbacc
4856
4ff6
ffffadd4
6ac1
ffffa0e5
ffffaac1
57ac
ffffa894
6ae7
544f
ffffb35a
58e6
ffffa844
630d
ffffb1de
ffff84aa
59eb
ffffa63c
6698
ffffba81
5a76
58c4
ffffa66d
6b47
ffffbfff
6866
5c1a
ffffa31b
70b7
ffffa375
5eab
4fd7
ffffae69
56e9
ffffb720
ffff8dc5
45ea
ffffbb67
4e8c
ffffbd06
ffffae80
4556
ffffb9ad
74d7
ffff84cf
ffff8d34
4866
ffffb36b
7366
ffff873c
5539
52de
ffffabfa
595a
ffffaf56
510f
5605
ffffa9d5
69a6
ffffa466
7723
551e
ffffa95c
50e7
779b
ffff9ee8
5348
ffffaa69
6e54
ffffbbf1
ffffb8c2
5989
ffffa60a
74e2
ffffb1f9
ffff9277
555d
ffffa80d
793c
ffffbbf5
7af4
50eb
ffffae2e
5a5d
ffffbb74
ffff8420
44a5
ffffbb8c
6756
ffffac0b
ffff82bc
44b2
ffffb7bf
770a
ffffadd7
ffff9548
4cc4
ffffb12d
7b0a
ffffa090
4855
5311
ffffabc6
4348
5714
ffff90ba
5598
ffffa9fd
43c8
4f44
ffff8699
5823
ffffa85d
43a4
6edc
ffff8db5
5a1b
ffffa66d
7269
70ad
ffffb824
5b2c
ffffa52c
74fe
ffffb040
ffffba30
590c
ffffa584
7130
ffffa10e
525c
4e02
ffffaf5f
49c2
ffff896c
ffff913c
4d0d
ffffb74c
633b
ffff88fa
ffffa650
4604
ffffb832
51db
494b
ffffacda
49b4
ffffb3c2
64b3
ffff9e4b
6e49
560a
ffffab15
6ff0
ffff81e3
5fe2
57d9
ffffa91e
4ada
4e65
ffff9878
51d0
ffffabe0
4664
ffffb357
ffffa099
5434
ffffa9e9
6e5d
ffffb45b
ffffbbdf
59f9
ffffa69b
73cb
ffffb0e2
ffffafe3
59d2
ffffa611
78c2
ffffbaca
7db3
4d01
ffffb107
55bb
ffffb27f
4ef3
44d3
ffffbb66
66a6
ffffaf7f
ffff86af
4644
ffffb80d
5c4b
ffffb83e
ffff9f9f
492a
ffffb328
4b37
7070
ffff81a5
4f47
ffffae25
466e
ffffbef6
567f
53d6
ffffabaa
6412
ffff9a43
4646
52df
ffffab53
6c5b
4143
ffff8d7d
553f
ffffa9c8
78bc
ffff8820
6f6d
5712
ffffa825
6aea
ffffbfd7
6af4
5b6a
ffffa400
7f67
ffff83ac
48d2
51f8
ffffad67
5ac9
ffffb96d
ffffa6bc
44c9
ffffba54
66a6
ffffb1a8
ffffba67
4ae2
ffffb5e0
7564
ffff8b3a
ffff8fcb
49a0
ffffb312
4899
ffffb190
73c2
52c6
ffffac8c
5c45
ffff8644
5535
5759
ffffa950
69fd
549c
ffffaef5
5782
ffffa96a
6c5b
6c10
ffff826a
5329
ffffab01
6e5d
ffffb8c7
ffffb2ff
59a8
ffffa79e
733d
ffffb26a
ffff808f
56c5
ffffa78f
7885
ffffba9f
4b41
4986
ffffb2c6
589e
ffffbffc
ffff85d7
4704
ffffba17
686d
ffffab8c
ffff8291
4503
ffffb91a
758e
ffff84f2
4817
4aad
ffffb237
6ab4
ffffa805
41e8
4e71
ffffaee4
73de
ffff9ea7
4e02
538b
ffffab2a
5464
ffff986d
490e
55a9
ffffaa30
6c1c
75ba
ffff8695
5ab1
ffffa671
6e93
ffffb55b
ffffa871
57f2
ffffa865
732e
ffffb0bc
ffff8c47
55b3
ffffa7c0
7885
ffffbb9d
409b
4ff7
ffffaee5
4cde
ffffb220
ffffa11b
463c
ffffb9c7
686d
ffffac3c
ffff9d2b
4953
ffffb657
4ea6
4462
ffffb6e4
4c59
ffffb1c0
7b1a
ffff8f6c
5ad5
51ba
ffffad4b
7e6e
ffff8bee
59f2
5661
ffffa9d0
4ad4
52e6
ffffa7fe
59bf
ffffa7cc
5a98
ffff9cd4
ffff89b1
5444
ffffa969
6e7e
ffffb9ed
ffff888e
592f
ffffa72d
7372
ffffb453
ffff93c0
5a2e
ffffa4b5
71a2
ffffa2d6
5a5f
4f2e
ffffaf4b
6311
71fd
ffffb4c1
4a7e
ffffb7e0
6868
ffffac69
ffff8612
4197
ffffb9c9
5d06
ffffb200
ffffb2d4
4501
ffffb4b7
6eb6
7bab
ffffa0eb
4c5d
ffffaf95
4502
ffff84bf
5f3b
59a3
ffffa77a
6135
ffff94d3
ffffa51c
5639
ffffa9fb
782b
ffffab21
7ff8
5262
ffffaa58
78c6
ffff88fb
6f52
59fb
ffffa5f9
7790
ffff8c29
ffff8f30
5dcf
ffffa289
6670
4c9f
ffff8ddc
4d81
ffffb012
4ca0
ffffae0f
4a38
46f6
ffffb9b9
7d09
ffffa0f7
70fc
4c4a
ffffb575
764c
ffff9cdd
ffffaa5c
48e9
ffffb300
5525
4269
ffffbb7a
4df5
ffffaf28
401e
531c
ffff8374
5588
ffffaa1f
4ae9
5b88
ffff9fa9
5955
ffffa831
6610
4e88
ffff865b
54d1
ffffa911
6ab7
6e3e
ffffba82
5de8
ffffa481
73b1
ffffb0ff
ffffbcbd
5c1a
ffffa3f0
7a03
ffffb9dd
7e22
4abb
ffffb207
5a3f
ffffb85a
5861
4bce
ffffb818
6826
ffffad67
ffffb007
4749
ffffb6d4
753e
ffff8735
55a2
4605
ffffb49e
465f
72a3
ffffb10f
4f32
ffffae9e
41af
ffffb044
740f
55f4
ffffa9c2
53f1
ffff9d54
ffffbe58
53e0
ffffab64
77f1
ffffb068
420d
5261
ffffaa33
661f
ffffbb7a
5027
5bbf
ffffa5b8
73b1
ffffaf62
6483
5b6d
ffffa47a
7a03
ffffb9f1
6649
4ab7
ffffb181
5523
ffffb0cb
7f69
4a75
ffffb7d4
6826
ffffad0c
ffff8409
4770
ffffb6cd
753e
ffff84a1
4411
47d3
ffffb317
7410
47d0
ffff99c4
4bf0
ffffb044
677c
7f58
ffffa781
54eb
ffffaa56
69f2
5308
ffffb54f
5753
ffffa88a
7029
5c3f
ffff98c8
56ad
ffffa871
5afe
ffffa0d2
ffff91ef
5cfd
ffffa43a
754e
ffffae9a
ffffb791
5b6f
ffffa3ed
7a4e
ffffba89
40bd
4f30
ffffb055
43c9
ffffbd5e
ffffa0df
45da
ffffba9d
41ef
ffff919e
ffffaa1d
45da
ffffb81a
46da
ffffbf89
5934
4e58
ffffb151
61c6
ffffbfeb
6555
4cba
ffffaf40
72b8
4d0f
ffff8c16
537c
ffffabce
5391
ffffbfbd
ffff8e10
573a
ffffa872
6c55
6f80
ffff8554
574b
ffffa81d
6e2b
ffffb751
ffffafa9
5d73
ffffa468
74c0
ffffaf70
ffffae84
5592
ffffa7f4
78b5
ffffbbbe
48ca
4ddc
ffffaf27
59cc
ffff8215
ffff9026
4729
ffffba7f
6680
ffffac88
ffff8114
48c8
ffffb5fe
7edb
ffffa775
ffffa195
4881
ffffb32c
5129
ffffb08c
7cc1
5095
ffffad5a
7f5a
6555
ffff89b1
564f
ffffaa36
56af
505b
ffff9b07
5592
ffffaa04
40de
ffff9fc5
ffffbf2a
58f7
ffffa6f9
71f6
7036
ffffa9c5
5cfc
ffffa542
73be
ffffb080
ffffad1f
55ce
ffffa7d9
6efa
ffffa4cc
532f
4e9b
ffffb047
50f1
ffffba0c
ffff93d9
4743
ffffbb13
789e
ffff9da1
ffff961c
7be9
ffffbd53
5942
ffff8a29
4013
4f45
ffffb134
4889
ffff9546
76c1
4deb
ffffaf15
4a79
ffffb9e3
7f3a
50ef
ffffad02
795d
ffffa134
564d
553e
ffffaa79
62c1
ffff888b
481d
5503
ffffa919
5fdc
ffffbc4a
6c6a
5bd0
ffffa579
7c3d
ffffa19c
62c8
5bd4
ffffa3f6
6744
ffffb413
6321
533b
ffffad15
57c2
ffffb9bb
4729
42de
ffffbd40
7e79
ffffab57
48b8
437a
ffffb9ed
6a87
ffffae01
4334
46df
ffffb580
49fe
ffffba4c
77dd
4e1b
ffffaeed
5910
ffff9bc7
5cd3
50bb
ffffad78
4d83
ffffba2f
7b1e
532d
ffffab0c
6700
ffff9744
4c2f
561b
ffffa864
78ca
ffff823b
6c1c
5923
ffffa65b
49c7
ffffbc69
4a3d
58d7
ffffa52d
4aa0
5a3b
ffffa923
536e
ffffacc5
7944
ffffaf4e
ffffb746
43be
ffffbbbc
4a28
ffffbe39
4fb7
430b
ffffbbc6
7bfb
ffffaf9f
5d26
45ed
ffffb64f
647e
ffff9846
41b9
4a0c
ffffb1ca
51a5
ffffa140
55d1
50fa
ffffad72
4eb7
ffffb19c
466b
5875
ffffa8ce
5dd8
ffff955c
68ac
56ef
ffffa8c5
6514
ffffbbcd
7d59
5e39
ffffa4bb
7408
ffffaf1e
ffffa319
5aa2
ffffa60e
77cd
ffffbac2
630b
4b55
ffffb1d7
43b8
7ac9
ffffb80b
46c2
ffffbab3
675c
ffffae65
ffff991f
406d
ffffbbda
7497
ffffa228
467a
462c
ffffb55f
4fb1
ffffb9d6
7549
4941
ffffb21d
4b12
ffffaa08
4cd4
50c4
ffffad47
4b98
ffff8ff2
4281
5233
ffffabfa
631a
ffffb6cb
ffff9c93
5494
ffffaa74
71c4
ffff84c8
53f6
5853
ffffa776
6b9a
ffffb8cb
6bc2
5791
ffffa615
7e27
ffff81ec
440a
4e6e
ffffaf2e
4d54
ffffa77c
ffff976c
4916
ffffb776
6259
ffff9ad9
ffffb18c
47af
ffffb72f
4ac9
ffff9e6b
456b
47ab
ffffb534
489f
ffff8aec
62ed
4927
ffffb1da
5b8d
ffffad43
71af
5556
ffffaaba
757c
ffff962d
6616
539a
ffffaaeb
5636
ffffb077
473e
5722
ffffa827
5b3c
ffffaf61
4579
57b4
ffffa76d
73c6
ffffb33a
ffffa9f1
6098
ffffa185
7052
ffffa2d1
58b8
4cc6
ffffb07b
6380
ffffab8d
ffffb7f9
4597
ffffba9c
67a5
ffffab33
ffff94f7
7e17
ffffbbaf
6315
ffff8078
524a
46e7
ffffb4e6
565f
ffffa5ed
4f0f
4a69
ffffb18d
7901
ffff8701
5725
5642
ffffa9e5
4d46
ffff90b9
62c5
575e
ffffa939
7fe7
ffffb2fc
7db8
5555
ffffa8aa
4647
ffffa2cd
47ad
