56
2c
2d
d
41
71
73
8
4b
a
4b
19
47
71
67
19
19
19
73
63
47
17
19
3b
19
49
3b
73
19
63
43
17
47
3b
19
73
3b
73
19
f
71
47
47
73
19
19
3b
3b
71
f
19
47
19
19
19
4b
f
3b
19
67
13
51
49
19
73
4b
3b
73
19
63
73
51
19
3b
19
19
3b
49
19
63
13
17
49
19
19
73
73
3b
71
67
71
47
73
4b
19
19
f
3b
19
39
71
51
19
4b
49
73
73
3b
19
39
49
51
19
19
73
49
73
73
71
63
19
17
19
19
49
73
73
49
19
39
47
17
f
19
4b
19
3b
3b
71
67
71
13
47
4b
3b
19
f
19
19
63
19
51
71
19
73
49
73
3b
71
63
53
13
19
53
73
49
73
3b
71
63
53
51
71
19
f
19
73
3b
49
f
47
4b
71
19
19
19
67
19
71
63
19
17
71
73
19
19
67
73
19
67
43
4b
53
4b
3b
73
73
3b
4b
67
49
53
53
3b
73
73
73
49
73
3b
73
19
4b
4b
3b
19
3b
3b
71
67
73
53
4b
3b
19
73
79
3b
71
3b
4b
4b
71
1b
3b
3f
49
4f
71
67
73
53
71
4b
4b
3b
