0
1fff
3
15e6
e1a
7f4
1fb6
950
329
19b6
649
1d79
1bc8
1983
c0b
e68
1124
cb5
14be
1c38
1075
83
1332
605
e69
67f
1671
196e
d0c
71
1f51
1b10
116d
200
1678
2e9
a00
6
5e5
1205
183b
c52
138a
2ed
1d1d
37
be7
797
6c5
10af
1450
437
1fb0
d02
d01
1950
15e2
6e
3db
227
1422
1fe7
258
1b86
106
308
281
cb8
199
5c2
1c0a
4
44a
522
417
91
156c
1b
1b
403
1ba3
1b
c98
33
14e2
1d23
aa1
88e
a8b
1bdb
1483
5ba
1bb0
9d1
6d9
881
1912
11f6
81c
1c86
bf
d9a
2ea
1cf0
987
1191
148
16fc
581
1002
4aa
3f9
64a
c4
848
ac0
7cf
bdc
950
218
125e
1793
975
16e0
ec2
1a42
176e
132c
c
d1b
6d1
656
510
1f49
808
458
30
c50
13d7
146
1be2
ca4
13f5
813
1965
bb3
1ff9
1f2c
1d69
450
1c51
1919
1f37
1812
adb
142
be0
1da
139a
1c6a
bfe
210
157b
efb
7e2
1df8
16f0
fc0
a81
1c88
341
33a
54e
663
1f86
748
14e0
87a
308
7d
102
118a
12f7
1739
6c5
560
200
f0b
3e8
f80
648
1258
655
e7f
490
a40
1fc5
403
39f
1049
135b
2c0
9
1028
1ed3
1e4b
452
301
b06
a5b
241
b11
c14
64f
12b8
1bfa
fed
c3e
aa0
1617
4a
1bfe
1bb9
120b
d8c
1210
d47
b4a
af7
1ec5
1b32
659
896
1f9b
766
c8d
a28
bc1
1fdf
1832
1759
83c
d83
c33
7c8
125e
166f
63
196f
c47
5c8
1783
7d0
1ddd
12e2
1dee
19bf
2cb
92d
1723
9b8
c92
1493
1317
409
1d1
b5d
340
d07
2b0
17fb
218
84
13d7
1263
7a9
1513
9c
1419
285
6db
1b04
1938
6dd
5bd
1a0b
1d2
c22
dbf
247
688
1860
d8
2ff
191c
53a
1bd5
1612
18c6
1712
18fe
1c49
150a
1bad
8ac
1ac5
12bd
1057
1103
1f69
15f0
1ba2
94b
93e
16
c3a
221
1e01
1a6
1070
149d
148e
18f0
19d
699
a47
74a
91
1dc6
db0
e6e
7a2
c1
ad9
2fd
a88
1124
1e4a
1dfc
136d
1012
522
550
1896
1275
7bc
1bb9
10d6
164e
12fe
1ff3
1217
1d00
80
654
cfc
a9a
12b9
1226
19ce
3bc
19b7
1a40
1e12
64f
557
6da
ad3
79a
12a2
fc0
1dd0
1490
619
d9f
75c
1c71
140
1080
284
a0c
16e4
22a
299
e64
b1f
1603
c23
12a2
500
6ec
1f6b
cfa
1b2c
1566
cd2
bb6
16f8
1e7c
e54
1bfc
17df
1671
1096
126c
8ec
f1e
1b7d
280
efb
10b4
48c
1216
19b1
6bc
afe
19f2
13e7
1282
19f2
75a
10e9
86d
9c4
65c
a92
1fd1
12f4
1157
1348
b8d
204
1b81
bf8
866
1eec
357
12d5
a6a
e17
291
0
ff6
308
fff
1fe8
1758
600
afe
167
203
1f7b
1770
33c
456
1a6f
1125
17ec
13bf
1927
1f1e
91b
1ca6
193f
11fe
400
190
1f39
41
150
33
127f
1398
18b7
6b2
1566
1585
1e93
adb
10c5
e98
0
1b7e
176d
c49
182d
11f8
577
5ca
0
d9e
12d3
cdb
1175
9fb
696
b01
1dbf
993
b72
1bfb
753
155a
ecc
11c1
731
ca5
170f
d30
1c84
cd
8c2
12c6
8e
1731
135f
65c
872
350
121a
15a4
9f3
139
1051
a98
1894
cf4
905
ace
1208
1ffa
1648
1775
a18
27a
823
12c2
755
b10
569
fcb
1b7e
1a36
e4e
14c7
674
10ce
224
1a57
b29
248
19bf
d39
8b7
160f
b39
1f00
1cfe
1f7e
a52
ac6
8d3
1c8
782
1695
8a4
4cc
19e
b5d
28b
188
407
cc3
10a
bd1
aa9
14e2
692
1aa0
ff6
b3d
d6c
13c1
1c39
f
510
472
628
348
0
885
dd3
1749
1105
162d
4fb
1166
1ae
315
ec1
58e
422
19ad
12c3
11fc
d6b
1d80
3b6
11a7
1e66
124a
41e
1cf9
1490
14af
10d7
a13
1336
1f86
1186
504
143e
625
a06
491
78b
8a6
752
829
b81
10b4
b17
c1
62b
1306
7d0
19da
1761
1b0c
13a7
1018
1ef8
140f
1866
13c2
12c
c12
c0b
ae2
89e
1165
7e9
398
1e37
1617
c8d
14f2
6b4
4c1
15c1
851
ac6
d0
b1a
d01
a84
1fc
631
1b4f
6e6
a99
1d57
a08
ccb
529
ea8
29e
650
12a
28a
c32
14
55
18fc
1940
7b0
60
10c1
1787
b30
ea
65
1fc6
4cb
14b6
c8
c02
afb
5dd
4b3
833
15d7
6eb
405
e44
6a5
2a2
cad
1a1b
19ff
1670
98
eec
4c8
cb4
d8
618
e3f
12fc
ad8
e2f
83d
13b3
1ed6
198d
18fd
f3
1f69
390
1577
1593
1907
157e
1cad
1325
196f
1b6a
356
148
13f4
cf8
e70
480
df7
12f9
1439
d86
17c8
1351
1bfe
1aa5
7fd
156d
1127
1c5
0
193f
1313
b7a
24a
3e0
b18
ea2
11f9
a43
191
675
bbc
200
18d5
a70
8aa
808
b5c
10aa
2f3
234
1760
d31
5da
c
1040
1755
a20
1698
e1a
b4e
10d4
273
eda
373
12c
244
1e5d
14af
1a3
1ea3
7f5
4f3
2ce
17b6
107e
1f8f
47d
1510
b88
1bc1
1200
1580
1d0f
9a
258
1e4f
646
1688
283
394
1307
d71
16af
edf
1af7
14bc
1991
4fe
620
e3b
a07
1dec
1474
1ab0
19c5
1353
1260
1586
6a1
d83
ec6
1d8a
4a3
1331
542
cbd
260
1639
15ea
b42
1d98
108b
ea9
ed4
ce4
1ab8
367
b80
908
518
dd3
b41
ea9
1b28
1d43
13f3
1e8
1822
7c8
1aa3
e20
d45
15e9
1e05
1c28
5f8
16c2
1042
3ae
96b
8b4
ea3
15a0
1cfb
ec7
1114
197c
d7a
121f
1390
dec
41e
d38
f5
fd3
1e6
1ccd
1a72
1b42
401
1094
420
1e98
ac
15b6
131f
d9f
14ca
118
15df
15b9
e4a
14c1
11ca
842
127f
19fb
1d53
15ee
1dcf
1c63
15f7
1c43
428
16c1
535
165f
1d47
1f6b
1908
9bd
8e
27a
1133
129d
6a1
a46
6a1
1eb
1c2f
bde
6d5
115f
abd
1255
8a0
1de0
4d1
c22
1be0
75c
c10
1159
caa
29f
19cd
1a79
ce8
1925
12d2
1817
cb0
127a
19e9
1bf8
202
87
a1f
7dc
dd9
424
18f9
a9f
79
1c36
1c10
9b4
1bd4
1439
12bc
19f2
6b7
1007
106d
15d9
e18
18ec
278
cf3
17ae
14eb
103d
1778
caa
1db6
b73
294
9de
12e5
12e4
10c0
a9e
1820
926
d06
17e4
13eb
1a79
1315
10e5
1ee9
88d
1169
13ba
ad3
179e
687
12eb
1e1c
19c
195
f23
1413
193e
1967
1fb4
cc0
1baa
8
38f
1d7f
1bb6
2f5
603
324
a89
110b
100
38f
1898
1a0f
95e
760
1450
12ab
e17
1791
1eec
1c00
8db
149b
1975
1ab7
45b
1637
f56
1c9
2f7
100d
49b
993
4ff
36d
59
e2
24a
822
71a
1646
1113
640
49
d01
546
e4c
1fb7
1105
c1b
c4b
13
1c7a
1f44
87e
1bd1
293
1bba
353
12ab
6ad
1dc7
627
691
130f
1d7b
1408
100f
1544
844
ba4
1418
187
a14
255
1559
1b6
2b7
318
1717
ad6
5dc
2d0
17d0
e4b
12f0
1418
122c
1f5c
ba0
80e
1b65
1b0b
1f56
48b
a5a
9b9
1008
948
185d
1993
106f
1870
32
1744
770
1816
1a45
559
1052
e87
1adf
1571
c30
1832
e4a
708
1354
18b2
37a
a1
1531
c59
1801
1450
781
f9
1a7c
17ea
0
29
1d88
10c3
2c6
539
1efb
1fc0
42e
c78
c09
78b
1c98
fb8
ae6
1b46
873
123c
968
1a30
103d
1f18
649
1b82
261
feb
18fa
c07
1cd8
1f6d
e80
582
176d
11f9
191b
196e
1b70
1068
683
1331
20b
146c
afc
1f5b
810
933
aa5
a18
1226
2cf
dc2
1e55
1578
1d08
49f
d7b
1cd5
86f
1c79
1b90
1761
340
15d9
15c0
a3a
81b
186
40
1acb
104
828
ef0
6b2
47
977
915
85b
1870
d45
702
1030
b6b
753
836
478
d44
1548
1001
889
1f90
880
111
12da
1db9
635
964
1203
1c8
785
1131
1083
cc0
1294
8
75
1987
122d
61d
1ec4
12d2
a0a
d19
1e11
1df7
1a4e
117c
103f
9e1
8f7
1b56
1079
195e
fbd
d4d
1a88
1318
66c
194e
d2e
730
844
747
f0e
950
517
8f4
9b3
457
794
129
457
b60
f5d
178
add
18f0
1344
8fc
1f01
1ea5
131e
2eb
13a1
1b44
1370
136c
1220
8c3
a99
1979
5cc
af1
27
15ee
70a
abb
1e60
1790
2ac
cc4
18
3c9
1080
525
63
a29
690
1022
1356
32d
1bbd
1675
408
851
1e80
2b8
1988
1a81
699
155c
5a
1aa5
1cf4
2dd
1267
f9d
1737
1a7c
468
b2
211
ef8
1c61
b93
1063
171a
1778
73a
1331
1491
6b3
adb
96f
a00
69c
1038
1690
15a6
568
bc8
1e09
b7f
1b5f
dd0
156b
4dd
0
15dc
1e91
ce3
19f8
a12
640
1a29
1ba7
8d5
143f
b85
1b5a
1789
c36
1007
c21
1c4d
68
12a0
11a7
10bc
28f
222
140
939
1bbd
1ae6
250
14c2
1aec
1a5e
158f
6cd
1577
2b7
5af
f94
1889
1538
c32
1b1b
b1a
d0a
5a4
85b
1dff
1bb9
13ee
78
208
761
1023
6ee
2c
16d3
29
30
459
1478
ed
14c1
135a
2ac
3f3
d8a
1873
7b8
e93
1a50
942
1c57
3c9
861
1962
e58
1033
1614
84e
1141
826
5ab
d5d
1caf
1798
4ee
e42
542
120e
68
1633
1238
e65
1e31
760
10e8
54f
978
1284
186
18a5
1234
1a83
423
1b99
d21
1adb
d16
fbb
351
1275
942
d08
a14
19d2
1f0a
d47
735
f79
196d
4dd
9c1
1685
1ecb
3c9
1a4f
59a
13c0
23f
1617
fa
1687
9c7
1e6e
238
107
669
af4
1650
c98
c9b
368
bf4
c
602
5cb
d31
eb9
1160
1660
1148
21e
1284
3a0
824
ee3
1861
19dd
2d9
161c
3d0
18
181a
b0f
a56
1312
1012
2bf
59f
c52
74a
155e
3c9
65d
dd1
13ad
409
13b1
495
1884
b1c
699
b23
5ef
1335
1578
95e
97d
bde
c4a
1ec5
94e
1ff8
a8
345
1d25
987
61d
d7a
244
ccd
12ec
7e
1300
748
b
2c1
6c
13d
166d
1029
1d77
10f8
692
1e1e
47b
fbf
2b4
1e0d
c87
1a7d
1385
139d
821
11b7
b1e
18cf
248
1a42
37b
125e
702
740
a0f
ae6
80b
701
237
616
94a
1697
1545
579
62
90d
1f4d
1346
1832
198c
1838
5b0
1ca8
a83
1e05
1806
64a
1322
19c0
1fe5
16c7
19dc
1dfc
1dc6
80f
1f2
19b8
6a7
1a3b
12ab
1042
10a0
990
668
1eae
1d9c
c1
a23
1864
1818
1d68
7c0
183f
799
647
d84
1705
c92
1587
95d
1797
10ec
17af
1123
1c3c
4d4
245
943
aa0
18fc
e18
d60
408
aa5
1df3
1af9
25a
185
4ec
95e
8d1
350
842
1829
4f1
95c
1c3b
1e4a
e5
11d3
b35
45c
fae
d08
1560
523
2e9
505
17fd
1647
1263
1bb7
12c7
2b0
c7
b95
1577
1f6d
c12
ff7
d1c
1a69
104
681
810
291
6aa
1310
1f7f
e14
bf
125a
12f3
bc8
197e
17a8
14cb
13d9
154
1e38
829
132c
13e2
6e9
f1b
1f38
627
124c
11b
230
1e38
1900
7b8
1430
c53
1bab
1dc5
14ec
1434
1b88
84b
1aca
36
4a3
1583
c2b
acd
601
11e7
1942
161
1147
1b9b
bb2
15c9
397
8e2
874
7c8
1934
1ab6
1128
54c
14a8
449
1611
101a
12e6
650
f8d
1516
1d98
c68
914
1a30
1ee1
1bfa
1878
632
a51
1d85
18d5
1b02
8ee
1a50
12f
190e
ee0
5a5
f58
1218
1bb0
1a22
f3e
1c09
12f3
16f5
fe8
16e8
fa8
9e8
f29
1e10
141
1158
1798
f05
350
faf
12ea
149f
1a40
45f
288
185a
1a2a
1696
a81
a9e
15b9
489
1cef
fc5
490
a4b
1aa8
8bc
1fd2
fe4
16cd
54
1cb8
1c42
a85
15bd
979
78e
4b0
b0d
d69
12cc
1715
678
f9c
ce0
1977
10a6
867
19a1
e68
1481
40a
1972
1274
d80
e35
1f71
9d
a6b
1edd
1fdf
182
f88
691
45e
177a
1908
1fdf
2e0
19c3
15fa
889
5d2
10e1
3ca
2e4
0
e4
16ec
d2f
172f
f1a
552
1171
a51
12fb
a0a
1ba6
1fd7
1c01
6e8
ca2
1f52
1df9
218
1ab2
826
1224
7ee
802
1f74
a3e
ad
c85
225
15c8
1456
1253
63f
67d
4e2
13ba
1d56
8b9
1a7a
1e76
1ab9
12f7
422
de
1c30
1a5e
915
1c70
2d0
1497
3b4
1485
997
12f
137a
1ad9
e85
14fc
144
fa
cae
ac2
b9c
a61
17d3
11e
b89
1e32
168f
744
aa7
1812
74b
bbd
1a38
1070
1810
1c0b
1e45
1d51
15c9
14ac
128d
129f
1a8a
175b
c9b
8e6
12dd
1a96
1d9b
18b3
1602
a46
292
16ef
5d5
13d5
11d3
1f18
c17
b83
1527
1fd7
19b0
c02
14d6
1d6b
1098
4af
130d
32d
1e32
c58
1ed9
12bf
ab4
162
13de
185b
1889
1414
de3
1dd
5c2
ad5
fa7
8f6
1c5d
1efb
acd
197d
1358
1d5d
1782
714
598
1570
1aed
db2
1ed0
659
c89
d40
1477
1fca
1d67
1d87
6da
9f4
d66
ef
7a3
d26
11dd
1de9
192a
a97
1041
0
0
9b6
1bb8
748
1dbf
648
7d9
802
48a
ff4
190d
81c
64a
15fd
a68
790
172
40
1d70
1401
18dd
f4d
1a50
1eba
126e
1329
1a44
1ea9
1a91
119d
112d
d5d
42a
1444
d93
1f6f
1d49
10bc
163b
101f
193
ffa
94e
1ef0
17e5
1343
f0e
914
c8b
f5e
c7b
c11
1c0b
244
63
1c2b
663
270
945
1931
1378
1815
65e
214
be8
a50
1905
1230
751
7cd
916
15ef
17c1
c9a
a54
3
6d9
1bbf
863
ee4
10
1f86
170
1293
161
111
170a
1e58
82
484
518
20d
858
1085
879
444
1875
d0
48
308
4c1
9c2
1305
59a
1478
14f2
1153
270
f66
45e
1ac8
fb1
289
1fb2
a18
854
1ee4
eac
23f
8a0
1c0
1a09
1d78
d09
1c9c
7b9
198
bb9
816
10a2
1319
1ab2
157f
1df9
1b8
17a8
1224
de0
db
571
1902
251
1782
214
c06
7d0
1998
bb0
1851
48b
9bc
951
b41
1fac
70f
b69
188f
7d1
440
8d
665
f85
926
b15
1ddf
4f
1377
1412
448
0
b80
107f
1126
a55
a6b
a4f
c63
a32
1d3a
1365
1fdf
655
530
e00
11ae
973
304
e60
bcd
b29
693
651
2cc
419
a2e
1431
159
ee0
26
430
df3
1aba
1571
1353
1ddd
40
4ce
1519
1852
119
41c
1afb
d8
8ca
74
a48
14b0
731
71d
508
b28
16e0
213
1044
10ac
31d
13ef
10e7
8dc
191d
1cee
995
96
1c15
1167
483
361
200
7c3
89a
28a
1f80
259
1e1
1508
936
1afe
10
d08
de0
16e3
1174
1fe3
196e
65d
108
856
393
1242
1ba6
12ed
253
6e0
2cb
814
1c6
1b42
7b3
650
8b0
d6c
cdb
1b81
1d99
723
1deb
1509
af
cc9
1b07
1c7c
14b2
15c4
173
1e2a
3de
c3e
ef8
117d
1d7a
9d7
4d1
10ff
18f
300
85
73e
694
30
158a
59f
cf3
f35
86c
ab4
1dd2
c68
ae2
372
771
18d3
34b
738
582
d14
65a
232
101
151
7d0
449
1e6d
301
40b
1fb0
799
e76
400
81
1c74
2b0
1d02
23d
6c2
1e83
1c02
1a79
a06
402
952
a33
1d8b
1235
ac0
1b7f
925
1
d5d
9c2
6b7
14ce
198c
b32
12f0
a2f
1441
a91
663
15cd
1d3b
20f
14cd
172b
1031
1b39
15aa
9fc
aa
186c
1c6
34
1105
1244
880
410
665
36
14e0
1e21
dd4
e6
1d8
a79
e09
1430
1086
1320
7e2
1b6b
a9
ccd
a20
1634
e05
314
1105
12b
1b1
965
c49
171
1ab3
2c6
1bc3
18fe
f63
1111
2cb
66c
1c1f
1d6b
b18
f37
608
1467
225
d
166b
fcf
1767
f0e
14ed
163
7f3
1c51
14e
c99
1c9
618
ed9
1e4e
1228
368
13c9
152b
eeb
250
120a
155
1d94
2b8
1435
1811
99e
1d55
a07
1819
1160
16cc
a8e
9f1
85
160
1390
1300
152a
e9e
119e
678
134d
1030
16ea
7c0
1411
1190
10a8
30a
d54
1086
19ec
45a
306
10
136b
18bb
1576
17ff
624
1ffb
172b
1994
447
1817
3e0
122f
1c80
9cc
656
1e62
b0a
5ba
328
1b90
18d8
c16
1836
aa8
1ecb
3dd
5e2
1793
39
eb
10c9
829
788
c19
1788
228
409
c0b
149c
1450
1788
1bd8
543
166a
38f
fdc
13d8
a18
1dca
260
10da
50
129
d5a
86a
44c
118a
6c1
5d9
18a1
1458
7dd
e61
1745
ef
147
e65
1ddc
1
908
f84
1e0a
19b8
c75
10b
889
19f0
170c
b8b
8e7
26
322
e94
f24
1807
982
d02
ac3
e49
3f
1545
12c4
a43
17ab
6d0
8b
1e24
2f
1492
1699
199e
155e
fbc
17ed
bb1
1d58
4f5
4
11da
1b02
1ac7
f08
210
e1
f22
b23
16b9
a1a
1da7
262
12a5
1983
166a
1ef9
a76
4c
1b81
295
9a2
1a90
1a4b
1809
16f
2bf
16a8
15d1
41b
1189
175a
1b8a
1c39
1e38
1b30
1d95
1d75
bb4
8e0
240
3f7
1d74
b5
152e
1888
1739
f8d
828
1db5
1e71
508
11bb
1cd9
492
10ee
551
988
18d1
1dd8
c0b
2f0
93a
1410
160
626
1b39
f53
3c2
21b
1456
a60
1a6e
d48
1388
13a1
192a
183b
108e
2f3
2f1
1b0e
130a
1bbc
bb
48
7ff
f98
ab2
177e
19b6
642
1402
442
1678
1fff
c92
1364
34a
654
14eb
e94
1c81
176d
588
601
1450
1c25
a38
248
bd7
1ec0
6df
668
b95
1684
d24
1f8a
162f
89d
f23
1a61
30c
1dc3
17c5
7fa
bf
170c
1f84
15d
18ae
1b13
c7b
17f4
a37
1f2c
b80
11a0
ac1
1af0
172c
122f
1c6c
54e
14cc
c11
f3a
610
1871
129d
18ea
284
b61
ae9
62b
12a0
55e
ca1
d33
e98
6b4
8dc
1533
105f
180b
b84
3e8
5a5
26e
620
100c
38a
13d4
2a6
c5
1040
178b
16d7
1f4
fe8
a88
921
127c
645
2b9
1f12
3c5
1973
11de
704
1ccf
1620
abb
1d67
1652
1a02
dfa
15f8
1fe5
1fb5
d3
ef
1225
c94
e09
7b7
1f19
1df5
1dfa
980
412
1713
b56
1201
1302
14ac
1512
1856
220
803
1ea2
13c3
140f
e30
488
115
195
138
8c5
1f92
ee8
68b
2a0
1970
fab
33
1f8
18b9
b77
64c
1a18
412
802
3d3
88
19c8
2d0
151e
1009
84b
b73
30f
1151
14dd
d1e
5bf
b4
1a50
0
1292
1137
d84
152f
bc8
217
ffc
490
149b
bb6
1ff9
16da
1b9f
1c48
1c53
19d8
60e
ba4
491
b35
1b31
309
1cbf
93
153d
15e8
108
e7a
b19
1020
1655
5b7
1cca
4ea
68a
3bd
262
11a6
15c9
730
644
305
1a23
15c5
1f89
1a41
1da7
fa8
14ac
1dcd
1510
102c
40a
200
22b
a0a
1e4b
c30
a49
90e
1848
1d42
1271
14d2
492
62e
8e5
161b
7ca
3d1
19a7
b01
1075
e67
1104
145b
a83
1e8b
4d9
d19
43b
1068
979
e47
fb2
ea0
1536
110d
1700
19a5
984
3fe
ee9
1f57
e74
1fc8
1b45
f8
16c5
11cb
9c0
18bf
247
3dd
14b8
1a0d
248
1c83
11b
718
189d
1b72
1c26
5c3
7a0
1bc1
910
1b8d
661
142e
19f0
1870
6f3
350
431
1753
12ba
10c7
1c7e
11a6
15d6
4e7
1e38
5d5
5c5
35d
12c9
6b2
c7a
9ba
a62
11dc
1095
1a53
1932
962
1fc7
19b0
985
1a0
13e8
c79
138c
1a18
b7
f6b
7cf
1620
599
2a5
903
9c1
78a
1cb7
168
145e
33d
1035
192
12af
638
b61
1a0a
11ae
1ff
1106
528
ab3
15da
16fa
1cc3
877
1f70
92a
505
b88
101e
1318
1770
108b
1bd9
1964
10ef
3ed
c91
1261
63e
1061
7c2
f66
732
f41
d13
1bf1
674
dbc
1e6
14f7
16c6
355
575
1a5
a7a
86e
1cd
17cb
1a0c
101b
84b
1515
d16
156
188
3ed
1a5e
17de
e22
468
19a4
1820
1823
b9b
10f
b47
1702
10d7
8e7
10e7
a2c
1ac6
11cd
5d1
1070
d32
8b2
48e
1d29
37b
2f7
1a0b
16d5
108
f7b
11d8
1801
4f1
1144
14ed
65a
50d
3c8
1aeb
3c0
b12
1bd3
3b5
1332
6e6
922
c52
16db
1b4e
199d
1d61
1088
1461
71d
18c0
18e1
1de
1c41
75d
14e7
f4a
aec
1f8b
1665
a47
e9a
244
1e8e
9d5
19ab
1b5c
1dc4
bc0
1596
15d2
136c
e15
5f2
1039
9ab
16bc
5c2
1d8
b5
1288
1504
541
1a88
d1a
613
e78
622
17f1
fea
174e
8e3
671
1870
416
d50
225
60
e21
1e94
1228
b19
10e1
87e
1881
fd0
9d1
1d80
1235
105b
1b59
1408
89b
fa7
f11
15c7
7f0
558
f53
d34
14e0
129
c3b
841
481
828
1c57
17
1341
0
1c1f
4b0
c7d
b8f
1479
f4b
3de
588
18b4
423
5a5
11a2
1e4a
134d
1a36
830
b45
206
1747
7da
4f
12f8
10c3
408
7f8
8ad
112a
1989
192e
14ea
e4b
c2b
4d7
202
323
13e3
fe8
60b
be3
dc3
e00
1fb7
fc
8de
459
748
38f
1dc7
1884
1061
d2f
122b
19c2
839
181f
4f9
1bf7
1cf9
10a6
c7d
f56
1f2c
904
e69
74b
1450
736
1596
19b6
179f
112e
1758
14d5
e04
ce1
a6f
1e95
a1a
c50
13
11
1080
1003
1e81
801
176d
d07
5b1
f76
131c
14ed
1d80
71
181a
740
10
822
4d9
274
fbd
1d3a
2a
23a
1c76
1478
d24
1a40
1125
59
f5a
1ab6
766
7bf
1bf9
1d88
1bc6
1830
18a7
1390
df0
391
18d0
13b9
4bc
a68
788
10c8
24e
15cc
ff0
9a8
ab5
11ec
1b7e
a25
fe0
17af
1246
5c6
68f
13a0
192c
18e5
766
f24
850
6b
1a60
348
376
1318
108
1058
1af8
196
758
1fa1
6a0
1372
92b
14bc
1fe4
1f32
19c0
1f7a
1c8f
56c
af1
1916
16dc
1150
1324
1bce
1bd
1af0
c36
1af
81
11b9
1ae9
11da
42f
1526
7e8
19dc
968
13b6
1b59
1ec6
10d7
d13
d4d
1bf4
75e
4bf
494
1932
db8
17f4
976
5f7
af
160b
d5a
2bc
18e3
1029
187a
1a28
4cc
1bc0
1153
121a
f13
119
1df7
1c0
1878
108
5d5
15dd
c6a
911
13e8
40e
690
1986
1071
d5e
ab8
df1
931
1c2a
23e
916
1700
140f
da3
102b
3fc
5d
f2d
eb7
938
1c41
8d1
28
e50
10ea
5c2
b98
1eba
370
1ac0
145d
dba
1944
681
15ef
490
1228
1f01
1025
1494
1307
88c
1bae
136b
1a69
752
416
1ac2
1cc1
1480
11cf
b51
130a
660
718
e78
1599
480
141d
5f1
41f
12c4
1366
1192
1982
49b
45e
15a1
1953
f8e
1a94
19fb
10
17b6
303
1921
1b97
1951
ea7
1351
174d
0
867
e71
61
d6b
229
1692
f
74
113
15e2
15fa
6ce
195b
43d
1c4
17db
98b
132a
1e36
5b
16d8
1db5
186c
ba2
d3b
1802
a65
1365
17cc
931
13c8
10bc
19f5
1420
12fa
1429
37c
b50
15ca
847
300
1397
600
16fd
27
93
1628
d6a
103b
fd5
10e1
12d4
19b3
610
68a
717
8ac
1742
19a5
1b19
5a3
8c2
a0f
589
8f4
182f
1e7
167f
2a6
647
15c8
176d
761
1ccb
8e4
9d5
1a18
1daf
1cbb
1ab6
1836
c55
8aa
823
15a1
55a
4bc
bba
1bd
87e
16cf
1639
66a
a69
1b2a
117e
924
19d3
a36
147c
1c5e
1d24
14c3
1b39
ee5
492
d1c
34d
15ab
fbf
10a5
49
a5b
132c
115d
234
188e
13f7
0
81d
1def
d9b
aa2
850
33b
11a8
a0b
d76
a8
1213
ea8
b00
fbe
ff0
1681
13d
169d
aa8
1683
a8a
1410
15bd
170f
669
279
80
b01
1220
2e5
b1e
a99
1d79
3c7
3a0
1802
1175
11ac
1173
504
1ba6
e0a
1a10
b05
1c2f
1a31
1462
17e1
e38
23e
1b05
130b
942
1a8d
170c
66a
415
1cc
16e5
10a5
10
12b
1340
b81
1a61
630
11cb
1eab
b9d
4d1
d59
1428
a10
130
420
dda
362
1004
12d
9d7
ae8
482
285
347
69e
e30
900
eb0
14
a
1ba1
a48
1699
1b06
c6b
13ee
130
1408
1830
15be
669
420
1c0a
f55
b44
7d3
1ce7
548
f70
a59
1eb2
1a44
e2d
1bac
95b
550
1c82
1300
235
83d
189
b9f
5f7
a4
1ea0
232
9c2
142
1385
129
c43
188
40d
801
14d5
8d0
194e
17e3
4fa
117a
1f11
12c8
77c
19e9
14b0
8d8
6e
15ae
b54
dd9
e58
21b
13a8
c41
1ed2
13e9
bda
68e
e22
e0e
e09
120f
48c
198a
c6e
38a
1144
257
2a8
1c79
d03
259
260
1c42
1f32
7c6
18de
1a99
7cf
a47
20b
a85
1a31
c87
1093
14a1
a3d
f90
a8c
18f
1bed
96b
1301
b68
285
bdb
77c
1620
14cd
1b4d
23b
1000
4f5
4cc
1ecf
1640
1196
1a67
3dd
d28
ab3
15c
1ea1
1e80
120
192
1a7
a25
548
4c
170a
89f
151e
60
7b8
b5d
1430
1c10
e20
cbe
1847
10c8
138
84
1ab0
1734
1328
e83
1c5
460
16a1
e
22
10b
562
a05
1258
e04
401
64a
544
15
a9f
14d8
1c3c
2d1
27
802
7e6
645
40a
1bf0
1101
185
a28
1bf8
768
423
cbb
8fa
c0
6ce
17a5
90b
251
1e89
7e8
b70
1368
1145
aee
88c
eee
b9c
178e
1181
45d
257
a79
1345
1357
1a5d
17a2
156d
1774
355
190f
845
bb0
1a6
171a
101f
d05
bd
14a
9f8
1e78
34f
bcb
594
3ec
d0a
1130
1d65
bb3
c54
1904
865
1818
4bd
b43
1a2e
362
168d
5f5
1e68
a2c
10d2
1791
1754
1cb8
5a
c1c
655
1b96
a29
95b
1d46
115a
3fb
b34
188f
92e
eac
2ae
ac1
c80
1083
64d
19bd
1427
680
2ed
1969
83
165e
5ab
12f3
118
92a
510
f47
69b
b2
b69
120f
1e98
3ee
16d2
1b94
1b33
5b
491
f93
19a7
117e
62e
8f8
6a8
501
f54
35a
db3
1dff
50a
56a
1db
89a
1468
10bf
42d
1e01
6be
e1b
1446
c4d
289
1a48
47a
b88
e0f
6c8
16b7
399
1e8a
1c3a
14b4
12c6
1fff
1bc7
1f71
1cf0
18c8
1a7d
1204
1b7b
1c7c
1da
15dd
1a10
130f
1372
1a82
1a7c
7c4
e22
1f91
18f7
423
1e6c
165d
8ce
1b5b
596
219
c8c
1bf9
113d
280
11f0
13c3
22f
1435
c68
7f9
242
941
1208
b8b
1569
1e27
c05
b29
45c
1870
844
d03
64b
1631
6fc
ef
113c
1fc6
409
1422
d4e
162c
fe4
17ad
1685
1443
10f8
82b
124f
17dc
6ec
18fc
1622
143e
825
1d67
817
8
9ff
14a5
a2c
314
1038
1042
15a8
1826
1f20
12e8
359
1a98
1d97
225
efa
82a
1493
3c2
4c9
1068
1361
f9a
1fb4
c11
1776
714
c03
107b
1786
e6f
19fe
1927
624
722
1053
149
1250
763
13af
14f5
1224
38d
804
78a
1fc7
1dc0
1e30
2
aa
b2a
91a
85e
a20
10c7
8e8
178b
12fc
f44
e18
886
823
15e0
9f3
1a60
1248
1433
1dbc
15f5
1a20
fe8
184a
6b3
172f
1cb2
58
1209
1e3a
1d0d
1b90
1d7c
1ac8
db0
1d94
1fea
dc0
fa2
cad
4b2
103b
11dd
16c
f53
11c6
d10
1c0b
87b
ae1
149c
1935
772
194b
14c9
ff8
7b
168b
84e
1216
1d1
f64
907
3ae
367
85a
292
a7b
1752
5bb
e4f
39a
79c
b28
1081
1ae7
1a09
20f
1026
7fe
130f
1af7
838
1f8d
67
db6
43c
e2c
1f94
137b
10e1
1e8f
1a2
fd0
1b07
18c
5c9
ed2
13d5
12be
14b
c08
1b8d
12f2
38c
105a
1fba
ec1
972
125c
1402
b31
c89
156f
19cc
52c
1724
12c5
1a22
ec3
581
c5f
1757
1039
1829
801
12b1
1a03
d06
ed
285
1796
1e22
f04
b70
cc6
1294
314
202
bf
129a
1580
1450
14a9
1595
11ee
1bbf
15b6
a6
fe7
21a
1dbe
201
38
508
136c
cf4
c9d
1011
798
1150
339
531
1259
107f
cd
100b
aa9
716
edc
19b1
cea
9fd
1576
3ff
1439
1b23
1408
1b97
bfd
1bfb
41b
1f3d
17b6
13ca
1c69
cc8
d6
4a0
16b1
1a97
5c2
5be
1d78
2e8
1aca
a9a
8b
25f
6b7
afe
7cb
13ce
1733
4dc
73
3df
834
4d6
1ed8
1163
2ab
bb3
a9a
678
a91
48e
a18
4c0
1656
231
a6f
e8f
3a1
40a
1137
453
e00
54b
21b
42e
22d
19
1dfb
1258
149
1c52
1b84
b6a
1a33
50
12f1
b34
4a4
cb2
747
14bc
16cf
7bf
1535
179a
fba
43e
155b
1dec
753
12af
e60
32f
c46
1980
d04
9dd
2c4
3e6
1bb8
1a29
f49
17f5
1350
1ec
f28
1c23
19c7
b3a
c3f
cf
5a8
1fef
b5a
1080
d07
ffc
14ec
144e
ddf
1116
3cc
c64
be1
159b
e0b
eee
1102
197e
23a
12
f28
76a
1654
176a
1f74
149a
75
bde
367
5d3
1012
2e2
3b8
1599
3ca
aea
16b3
163
1a39
150
62c
1720
1cc3
120b
1293
1495
1029
1000
867
1bbe
1345
164
1cbc
c04
d29
1992
106
1ac0
1680
400
cfc
850
230
1719
6c9
1e69
1618
1063
449
1871
1ab8
f01
4b6
47d
170c
1013
14ff
390
67f
1d6
579
442
adc
aa
47
51c
efb
1011
1f87
1e2b
d9f
10f6
ecb
11b2
ba0
3a3
116d
1a73
1e26
1c22
11c3
f45
28
1dcd
3ee
1ae7
1d96
115
c51
f89
190e
985
c8c
1419
18a5
1b41
4f1
1303
9c4
1a24
14c
10df
f2f
1bf5
549
1421
b11
925
f
bd8
9d6
1357
f0b
1de1
1d34
406
1753
bb7
26a
175e
1aae
105
138d
434
579
141
d63
12e4
17b3
665
19b1
1424
f0c
ed5
d35
cf2
5ea
176
1cec
1999
e92
1106
374
69f
40d
1e8a
170f
11da
1851
12e0
0
1
2b3
1347
499
e74
241
ea4
3c0
92c
f3
da7
6df
15b6
401
1f75
1957
9fe
1801
533
9bf
1a
1c1f
128a
457
203
1235
192
14eb
514
91
5
137a
843
191
590
2cf
818
1108
c81
1049
415
81a
f10
1f02
c18
1429
e9a
54
fc0
64b
20a
251
108
ac2
1bed
288
37c
1824
a39
1619
aa0
45
289
1bba
15e7
10ee
28c
2d1
18bb
1e70
f37
739
26e
1570
43f
10a2
95c
1481
41
1947
9f7
f8a
13cc
4c8
29d
9de
1119
890
142
14da
cd2
1e38
12b0
532
1649
ee1
7fa
2c0
ef3
11e8
546
e88
129b
491
2a0
908
1993
80b
1c27
207
52c
19cb
1989
408
1201
b7
b18
1f16
640
9a9
b47
1fd5
1cb2
1861
25b
10a2
1049
1429
e85
1f85
e68
11cb
70e
17b8
2a3
9ba
8a7
412
613
2bf
1311
1882
1dc2
654
a02
6b6
613
6fa
301
282
9b6
435
135
30a
1c89
1298
78f
610
79
1061
a9
1dc0
1d48
13d2
8c6
1b4b
18e5
1ee5
1388
6ac
cd0
1508
381
869
5e0
12e
8be
1bf7
fe1
16f4
1d4a
1d40
11e6
1cd4
134
1d16
1abe
c4f
123a
b3c
190e
1e32
4fd
1a41
92c
810
21c
1e0b
1e87
6c8
e20
1cd2
1a5f
ccc
60b
d6f
19b
449
1424
182a
18dd
dd8
87a
8a3
3aa
1a0f
622
84f
1c0f
e45
c9a
1103
e1d
609
69c
108e
6e4
500
1dc2
a10
694
1a14
1947
5e2
1331
1a82
aea
b68
187
1a8d
7d4
1417
a5c
e77
186a
11c9
11e9
eef
1a62
1a8
18f
1879
1a0c
58c
1956
7a0
1df7
5f9
220
303
60b
a0d
11a9
88a
1037
19d7
fdd
b5c
5a2
b4b
2d4
19c1
18b8
55
4c4
10d0
dd8
826
4d1
b8
1c72
fe8
1c42
df9
e82
3a2
a88
191b
130e
179d
ce
167a
165d
14d0
1858
a5
150f
1899
1850
d13
bab
12ba
1598
1ca9
6be
ca8
1657
388
1a18
a7e
f08
1686
caa
be
669
6e7
64b
11d2
ee6
1853
75a
19b6
1125
249
1fe0
4bf
f01
67
245
d80
dc9
1028
2aa
1dd0
1808
199
6c5
1cfb
842
b11
283
1e45
19e
10f
cad
e08
28e
14a
1701
ab4
1718
d10
fa2
12c8
821
1b1
848
793
1223
146a
504
bb3
11ec
e0c
0
1466
909
1dbf
11ac
590
e46
8c6
b14
18f1
1591
c5e
15f
1345
208
3c0
658
443
18f2
41d
7ac
d76
1fa
119f
1edd
480
11e4
1bfe
ab
19bd
f5a
1b0d
e45
c41
1dab
1cb4
886
a25
222
15
123a
1617
1bda
1930
1b8d
2a5
762
5aa
1c39
547
1348
1c7
da
f1a
5c6
19ac
a33
49f
122
16ba
10f4
15f3
19ef
1997
b1
25e
932
933
833
f62
b2f
ab3
c1c
a13
1d4c
1e46
e09
1220
1ba2
1954
197d
3c7
7d6
1e2d
1ce1
107
de7
65e
1be6
1490
7ec
1206
21
e70
1659
1f2a
848
16d6
8c3
1360
10c9
a62
0
1968
1074
1c14
1f8
1988
182
15d
a03
1020
485
1655
1
1606
1e09
ec0
401
1209
a54
1e17
690
23e
1e00
1101
400
62f
e25
302
410
483
4c6
ced
1996
1c3b
1210
2a
1701
125a
1124
200
2b1
1fc0
17c2
b28
1ff6
18df
299
907
12b6
17a0
175f
7b7
10b6
1f85
362
17a8
a15
dc8
17fa
2c
1fb
851
376
1c15
3c9
1358
1bae
1041
20e
48
4b6
776
56
595
163
14c9
17f5
2a8
769
e5
806
858
32d
7b0
cd9
164e
19f
c5
28c
e9f
5a3
1018
13b7
1b83
1c8c
e3c
956
140d
c8
1b5b
250
1d4c
239
1853
101d
11cb
c97
1594
56e
ad2
0
41
163c
1126
cfd
5ee
1ebc
1dfa
19
184
359
17b6
1223
1cc8
c06
1e6d
155d
9d4
a40
12d0
645
83e
e66
292
94b
c14
63b
756
779
11ec
11dd
1010
903
a0b
bfa
b40
e20
1fd7
620
128
19c1
a55
ac
2a1
10bd
18
d1
19e9
187c
1fd7
373
a0
ca0
ac9
848
825
1011
1500
1144
d1d
fd1
203
871
1339
1fae
1de
4d6
2a7
1f9a
312
6b0
893
553
4de
11f0
ff6
1379
998
401
66
4e2
199c
17d5
ffa
834
f85
393
17c4
7a8
1596
c24
b22
f45
cfd
222
485
1880
714
1afb
557
17dc
182
4e3
ba1
1210
898
65a
1168
21e
ece
1f83
1830
1111
12fc
12c5
c18
1e6b
1e40
731
214
a04
29
422
1c46
194d
260
1210
1b50
1e66
15d
7c8
b39
704
23d
e68
ab5
8d4
195e
731
af9
1a39
113
1588
1154
cd2
1cf1
677
67e
38c
ce7
16fe
1a47
def
41b
4ac
1698
a08
be5
19d
186a
18c9
1954
1460
3e8
d3f
16ff
1fc3
10c1
1c38
300
12ca
1316
14c2
1985
1ce3
457
1278
1664
18b3
576
12c4
204
178b
396
69e
1aa7
1563
116f
1ba3
401
80d
14b4
f5
141e
151
bfc
ad7
9d7
8e6
11f5
1282
1fbc
ab0
cd2
c90
804
f5e
5ee
c64
13d0
15b4
fa9
137
1cfd
10fc
160c
16d0
8e7
221
1b81
1536
119e
12ea
1355
1b5e
252
1e10
13c4
1ac5
182
161
49c
c4e
b82
469
d8d
1f48
a3f
c29
9b8
15ce
e27
188e
761
13a9
1868
c70
14ec
125c
15ef
12c6
1e7b
6b0
1a27
1c79
1806
c88
1e41
38c
1043
5cc
1294
9
3f8
1326
43a
20c
323
1d2c
1140
609
181
120
1a4c
bf4
a8f
1cdc
2
109a
26
b5b
7a7
8b
c6c
1a97
54d
8b5
5be
11a9
109d
7b5
558
41e
199
568
62e
900
84b
1fe7
237
1540
14e1
1a29
be0
346
e3d
ce3
63b
1c4d
43b
c6
bd0
1b10
19a5
18bd
1044
1891
24e
1838
1481
147b
a3f
ad3
991
19b
5b4
4a0
870
b27
e32
1817
1588
965
471
1588
6bb
1b34
719
a98
1394
56e
181
1158
dde
100d
1bf3
17f8
410
e50
6c1
304
251
1a0b
e18
8c0
729
22e
2e8
1a10
1fc2
c45
611
c4c
47a
42a
1ea7
3bc
1c41
1f8f
40b
703
449
1469
68
1a56
10e1
222
843
14a8
122a
f0e
6ac
c2
11df
13ac
27a
29
216
1b50
51f
1ce7
1c60
1f0
125b
2ab
3f0
158a
9ee
1800
1759
263
40f
1776
1383
d9a
10d2
1c79
1982
d94
d59
93c
dd9
705
ac7
245
7ef
189a
3ab
41d
790
14d5
627
1d2e
1290
1100
1ab3
30b
136b
dac
52f
19c5
59e
1283
1350
1c4f
1900
f38
c95
4de
19bd
70c
1ede
1925
4bc
111c
138b
31
343
88c
244
e4c
459
600
616
3
727
64a
2e
cf0
13df
6c0
698
1858
153
16cb
a13
183f
1640
3c7
324
751
1ffb
45
1f53
780
460
17d9
142f
5a6
278
1672
168c
83d
18f5
17b6
eb3
1611
bb9
1bec
bbe
1ca7
1aeb
7a7
1a46
63d
b33
93b
1d30
1687
fb1
19f2
1ba0
ad7
1c77
af8
18fc
7b8
c7
40a
1217
a5c
6d4
8d9
dc3
1dff
1fcb
997
298
863
947
192b
d2c
228
19c0
676
1607
19e5
18ae
1db0
c7d
b43
995
1e2f
1ce7
13a3
1ec7
1a5f
4f7
c9b
588
153f
f1c
d08
1148
b44
4b0
1aca
c95
18a9
249
49
704
8c6
93f
1dff
175e
2ca
93e
449
1a2e
1615
c16
163a
1c4b
17b0
728
1300
d04
e56
18c3
1db7
1750
948
e10
c1c
4e0
8b
152d
e9d
a4a
710
8c0
fee
b9b
21e
d1e
1158
1ae5
69c
5c8
120f
a78
d4
14bd
318
1c78
49d
2ae
1c86
37e
150e
1e54
1b4e
1f02
16c8
c5a
1c85
cb8
6b2
1cd2
14e9
13d3
7e9
1054
2c9
0
1db5
5de
14ea
49
258
d5d
276
19ff
add
199f
545
281
15ab
240
130d
17ee
5a
1bf3
5d
369
1860
adb
1b96
330
540
9b6
1606
d53
1001
8d4
21b
1290
163e
12bf
51
26
1b
2a2
1610
b73
407
1cb0
c5f
381
169f
168
ebd
da8
18c7
853
99
12e4
16dd
ec1
f5a
5bc
ce2
d4
19d1
157f
1c9
15bd
d80
11c3
1f20
b0c
c68
f01
5a3
844
16ff
81
c61
19e8
e5d
1d9a
1443
991
17a5
1c3b
4ec
3e5
5f1
1a0b
92c
17a1
1b4a
b0
17cf
933
1f2f
5b4
1883
1c43
1228
1518
1b57
1c38
169c
910
458
e22
1611
8f5
102b
13d6
698
1e82
6e2
dab
1c61
1c38
1ef0
9e0
95a
398
e1f
1ea
a1c
1f0
c98
a0
17bd
cc0
7f0
624
16f0
1a01
c6
1dbf
1610
1664
42e
1e08
10a0
1007
1ba0
1e21
1242
11ca
2d7
10ba
950
cb9
819
3cb
16b
3e0
228
1ba5
1860
12d6
1019
635
118
498
2b0
f29
70b
554
1008
e5d
1638
ece
918
4eb
68d
1a1
83a
318
171c
1f96
12ec
1748
2d4
147
4e1
12bd
188
fe9
120f
f46
1499
167b
1b54
1c28
218
1ca5
1866
b2d
e3d
1b81
1974
1a29
197e
142a
18a6
218
41
45d
e39
22d
1631
b59
1dc9
684
1806
9e8
1543
b99
332
18e0
17c4
1687
1ae1
8ea
1bcb
1a7b
358
408
28
938
1539
216
16d0
fe
cb0
8f5
1819
8a3
17fe
17cc
982
859
8
1970
1305
15
171a
33
818
69d
1d4e
5c8
3c1
1b61
610
5d4
109c
661
13b1
2ce
42f
70e
1a60
1e9b
a8
ee1
41c
1624
970
1be1
101c
92
9c5
528
18a4
134f
922
1db1
deb
1575
167b
1b9b
1925
cc3
1d8f
1882
4bd
14b9
1649
13fc
16d6
f5a
14b7
18e5
12bc
ac0
117a
1d64
135c
1ae
442
1188
1c88
b74
452
9b8
87f
1bac
61f
b98
1026
4b
17e3
1dac
169b
a6
1097
98c
997
1fa5
8e
1037
1d03
cb7
1d72
1374
1360
d28
1990
117
14be
a68
34a
9ec
1e9
a11
730
187f
1140
1670
149f
1cbe
1dcb
5c8
146f
c88
1919
d08
51c
3ba
12c6
1b9e
16ee
7d1
a66
133a
8bd
b9d
59
d34
19f7
f98
8c2
a48
aa0
e50
14a1
548
1cc7
610
856
dd2
1ba0
200
1082
1448
6e0
320
750
1c75
359
b70
34d
208
a81
1103
ac
17d8
c18
1452
4f0
42f
b7c
63
838
490
1d59
14f0
fb2
669
258
d03
485
1785
ac1
1fba
e1e
1872
1c31
728
1056
d2e
29e
16f9
141d
1e3c
6f0
68d
96b
86a
334
214
14b0
10ca
138e
10e8
1a
8fb
84d
14f0
ca2
208
162a
d50
169e
20e
448
1a41
41
1e10
240
1719
1950
104e
f70
81d
e1e
5d6
1d08
c5
1b9e
3c5
214
1ae1
1e5
b60
185
9d7
1242
c10
186
190f
314
a44
648
16fc
127a
1782
358
1bcc
21d
1b44
1947
21d
383
afe
1c13
18c8
1bb2
155c
756
11e0
638
14c8
17f5
1171
451
1708
802
1dfc
1c6f
1688
a44
960
185
13b0
b45
1905
349
1442
1478
118c
13cb
1cc
b40
738
1830
1863
1188
a6
1124
40d
f07
b5d
1316
1fc7
1175
11c7
386
1675
10a2
4d6
17ee
3b0
cfe
191a
1aa9
c97
12cf
1995
1bb4
816
30
168
505
1c6
1e21
183d
154a
402
356
1033
8c0
6a8
19d
cd3
b39
1520
15d5
699
1daf
1fca
e77
ff7
3be
16a0
764
227
458
1c95
d55
2bb
688
ee3
75d
cb7
fe6
957
118
1399
519
e0c
148d
126f
f11
38d
50e
1ba8
9bb
8c5
1644
1f9
f20
1041
d9c
292
12b7
1a90
e36
b24
7f
328
121b
1bd4
155a
175b
117f
5ad
c8a
fa4
f6e
840
399
10ab
1acc
250
453
4eb
eef
94d
138a
c29
8d6
d3c
17fa
1380
1222
10ef
675
1b09
10eb
399
bcf
1207
c9d
14f
0
1e70
80
0
0
0
0
0
0
0
0
0
0
0
0
0
0
0
0
0
0
0
0
0
0
0
0
0
0
0
0
0
0
0
0
0
0
0
0
0
0
0
0
0
0
0
0
0
0
0
0
0
0
0
0
0
0
0
0
0
0
0
0
0
0
0
0
0
0
0
0
0
0
0
0
0
0
0
0
0
0
0
0
0
0
0
0
0
0
0
0
0
0
0
0
0
0
0
0
0
0
0
0
0
0
0
0
0
0
0
0
0
172c
0
0
0
0
0
0
0
0
0
0
0
0
0
0
0
0
0
0
0
0
0
0
0
0
0
0
0
0
0
0
0
0
0
0
0
0
0
0
0
0
0
0
0
0
0
0
0
0
0
0
0
0
0
0
0
0
0
0
0
0
0
0
0
0
0
0
0
0
0
0
0
0
0
0
0
0
8a3
0
0
0
0
0
0
0
0
0
0
0
0
0
0
0
0
0
0
0
0
0
0
0
0
1b75
0
0
0
0
0
0
0
0
0
0
0
0
0
0
0
0
0
1be4
44a
3e7
10a3
1ca8
12b7
b26
129b
9b1
7ec
813
172d
1adc
173c
15f7
2c8
164e
276
155
c1
c3
a7c
79
228
1812
1b58
12db
48d
264
7cf
4d1
1c79
304
c5
107
ef7
277
1608
698
a6f
81a
188f
1834
f14
7e9
1a11
107d
218
8e1
ec1
1689
42
b4a
12bb
1f03
10de
4c6
1310
ea8
9aa
11bc
181
1379
4ab
1635
280
172
1d03
82e
17d9
1e70
446
1ca2
505
148b
6b1
1bda
f74
197f
1fdf
124a
fa4
dbe
1db7
15be
2c2
15b6
af9
1480
1512
197d
1918
178d
822
a15
2b0
1347
18f8
17e2
348
d66
1379
149c
1b50
1a75
a8f
11a8
b65
1428
b3d
956
17f7
121a
313
1cbb
1734
a11
1775
654
1d9
1a1
a06
1ce0
cba
7f9
17c8
6e1
1abe
1c8c
1203
1fca
1bf8
1208
593
c2d
50a
2d8
1501
112c
caa
e10
1008
16a1
246
13d2
a94
428
1e26
72c
b75
6f
d20
f77
1e3b
10d2
15d6
80b
2c4
1d15
11fa
195
50d
f55
8e3
8d2
ee6
d92
1423
4ad
1ac9
1e1d
9ee
2d9
1261
c59
409
a95
167a
f19
caa
9f6
280
1724
5b8
1600
159e
1df8
1ffd
a61
db8
174f
1c6d
2b5
26b
1014
14d2
1ebb
d35
c3b
7e
16c0
1b84
e2f
a0
1baa
1a90
15c8
10d
18bb
199a
f73
dec
c0c
aec
997
1588
1b2a
1ddc
1105
1004
112f
7a8
1a98
1375
74e
1
fe4
1293
ca0
28f
1774
55f
1d4f
a87
164
17b2
1e6e
17f
659
1cc4
60b
cd1
61e
1624
18ae
1be5
93
a61
16be
1002
1ce
11a7
d55
1b48
119d
18e1
122
876
54
18ce
1650
448
ba3
25
1c6f
1a2f
126e
de0
678
13ba
1448
12ce
9c5
6a5
371
467
5de
1882
2fd
1739
f73
125c
e86
b9
12e3
729
1163
11dc
4b4
1d7c
a15
3ff
1e0c
15af
fd0
4a0
f1e
1f83
1591
a27
110
a16
318
fc1
9ce
a55
16a0
1610
217
ba0
1dc1
1c88
a74
2f5
50a
71d
86d
1258
1668
1508
ac6
8e8
13b1
d50
6d0
c3a
c65
1ce0
860
1814
1725
53
d2e
f23
a3a
199d
180f
92d
1ca1
1a7a
10b
1f60
1209
2c2
e12
e68
4e2
1c60
88
78
4d6
a87
10b0
af8
e16
1689
1cba
a26
1333
e5d
be8
dc2
1630
1e67
d5a
28b
231
1ce
19dc
1c0a
b0
1300
1379
5ee
e34
7d8
41
e05
18a
a0e
c6a
115c
ae3
17f2
2b7
a51
c72
128
541
9
4f
146b
a89
26c
cd5
5ca
1e8e
55a
509
b30
e30
5d8
541
1ee4
1ee8
e0
d97
350
17e8
f10
40b
1f8a
ef
2ef
9e2
99
17a0
510
451
1cc8
10f
d71
2de
1951
1cc5
1e7a
1066
707
34f
f9a
1e3d
880
1a24
2e8
1fc8
1558
1b9e
17ac
16d0
14fb
1036
199
611
baf
1d
4d8
f89
70c
2a2
1ec2
1d0
13e0
c0
fc8
14d7
1641
1311
1357
30e
19d3
15ab
25c
18d2
12d0
1d18
906
1c5
c0c
e27
c2d
365
a60
579
1801
1b18
1cbf
1290
b00
1834
62b
547
3b
1b55
16bb
1150
788
1cb0
10e7
1fff
7db
80
5a2
d9a
1fcf
142f
e0
1e1e
e3a
cf
19c5
809
1c03
112c
9a
11a
9f3
16b6
156f
e78
1bfd
1875
1ad0
1df3
111f
1370
e52
1140
ea3
40b
1bc
1bf1
600
19f1
12e7
1766
1bce
10ca
18d2
13aa
1abc
1ce5
1d25
142f
19ae
1a38
ef9
e68
1583
1d9e
105c
748
3c4
e01
8f0
bd4
1410
f66
fe4
aaa
10b
42a
1ff5
b18
15dd
387
1f39
1671
1a60
17f6
16a5
101d
f7e
246
e3e
16de
728
19e4
44d
10a3
13f8
1b48
2ca
8a0
f08
1072
4e1
22a
cab
1877
2b
13e6
1437
1cee
e1a
118b
a08
1a0b
9e
dd
16b7
1598
b5f
9a2
48d
c88
9c4
6bb
101b
208
1a9d
121c
f3e
f7b
1683
652
9e
128c
7eb
e00
1d61
b80
b1
792
1838
ae6
1840
126e
1448
9c0
1c33
61
78b
45f
15eb
653
1a3b
19b6
145
1fae
205
1cec
66
17
1c02
92c
290
c58
1cb9
1289
15f1
1c39
143f
1274
226
1bbe
78
545
1235
1cb2
b5c
430
8ed
10ce
16c4
1f69
5c4
16b9
a7a
b7b
18c1
1d5c
1767
f85
c0a
cc
1067
69a
1940
f1
dcf
b1
1dac
176f
462
1f08
ba5
10a
21d
1cd7
134
1312
12c1
1034
1b4
f26
1532
1771
1bd
e55
1f35
1a67
347
60
a5c
0
0
0
0
0
0
0
0
0
0
0
0
0
0
0
0
0
0
0
0
0
0
0
0
0
0
0
0
0
0
0
0
0
0
0
0
0
0
0
0
0
0
0
0
0
0
0
0
0
0
0
0
0
0
0
0
0
0
0
0
0
0
0
0
0
0
0
0
0
0
0
0
0
0
0
0
0
0
0
0
0
0
0
0
0
0
0
0
0
0
0
0
0
0
0
0
0
0
0
0
0
0
0
0
0
0
0
0
0
0
