0
2
a0a
6c5
821
13e5
240
1040
b20
153
6b
609
1e02
1050
28c
e40
e10
107b
1053
53
56
824
52
50
78
53
53
53
1013
53
50
24d
53
58
5c
54
50
50
e13
53
50
354
e73
153
1153
1010
1073
153
1053
53
72
613
1113
24b
153
1193
53
54
313
53
50
28a
17cb
53
54
54
54
54
14c
73
56
361
e51
1089
113
53
53
53
1053
53
256
bcf
30b
107b
113
1073
53
54
6b
1073
150
3d6
249
e10
107b
53
53
53
1013
53
54
69a
b4
58
53
50
54
50
e13
53
50
880
43
53
53
53
53
53
1053
53
56
a21
c01
e50
53
53
53
53
f53
53
1093
10b1
754
e10
7b
53
53
54
e53
53
54
e80
863
54
50
50
1073
14a
e33
133
50
a5e
114
e10
8b
5a
53
53
e13
53
56
a40
1e3
5f
50
54
53
53
1013
53
56
a64
53
53
1073
2
53
53
1077
e57
f13
2b
142
3
53
53
53
53
1053
53
57
e16
150
53
f53
1073
53
54
14b
153
6b
2cb
7d8
481
190
2b0
50
7b
171
e32
e40
d0a
6c1
648
390
50
153
1033
106b
14b
4b
c40
8c1
18a1
43
54
53
53
114
53
6a
10c1
6e1
418
54
1089
390
50
f53
5a
b4a
90a
1c0
681
284
498
53
54
e53
53
10a
901
1dc9
689
ed0
1258
