0
0
0
0
0
0
0
0
0
0
0
0
0
0
0
0
0
0
0
0
0
0
0
0
0
0
0
0
0
0
0
0
0
0
0
0
0
0
0
0
fffffc28
1bdd
ffffe871
8cc
33
fffffca8
1ab
fffffef6
b
9a
fffffd52
1b1
73
fffffc54
403
fffffd7d
ffffff45
27c
fffffcad
1b0
8a
fffffd2d
2fc
fffffe61
ffffff1a
287
fffffd2b
159
b5
fffffd5c
36f
fffffd7a
ffffff66
47b
fffff9cb
419
138
fffffa01
685
fffffd26
fffff8bc
1a88
ffffe23a
fd4
8fb
ffffe48c
1c47
fffff344
fffffc4c
c33
fffff2e6
6ad
413
fffff419
d04
fffff9f0
fffffc05
bde
fffff3c9
594
495
fffff493
b7d
fffffb7e
fffffb7d
aeb
fffff4f0
588
3b8
fffff391
1007
fffff5fd
fffffb3c
1472
ffffe6fd
dde
7bd
ffffe834
16d8
fffff684
fffff1f8
1abf
ffffebc9
397
ef3
ffffe972
1068
fffff966
fffffc6c
a67
fffff307
6b3
581
fffff0c4
fbe
fffff9c9
fffff907
f7d
fffff194
4bf
725
fffff1ed
bc3
fffffd9e
fffff8e2
adf
fffff7d3
2d7
4c2
fffff404
d3d
fffff9b1
fffff83e
1361
ffffed30
6ee
a4c
ffffec89
f1a
fffffa14
ffffff0d
52
ffffee40
134a
46b
ffffe6d1
154e
fffffbef
fffffe16
b9
fffff7fc
7fe
3ee
fffff2eb
80e
296
fffffc6a
fffffe31
fffffe13
3bb
3e3
fffff618
40b
558
fffff96b
157
fffffecd
46
748
fffff4d4
589
92
fffffde3
3d8
fffff10d
dec
302
ffffee6a
1021
fffffad8
fffffd77
40
ffffeb08
1372
48d
ffffee2c
da4
361
fffffc50
fffff6ed
57e
1ea
fffffcfa
2ce
fffffd23
74f
fffff78a
61f
fffff614
2eb
1340
ffffe258
980
df0
fffff28b
fffff93b
7a4
379
fffffcc2
fffffe71
32d
2b4
fffffcb6
ee
fffff344
aa6
48e
fffff20a
de6
fffffb98
fffff670
fffffb28
86d
fffff392
123b
fffff4a7
fffff98d
fa7
fffff532
419
fffffaf8
329
a47
fffff092
adf
22a
fffffcf1
fffff90d
199
2cf
fffffaa9
9a9
fffffaa4
6bc
fffffa5f
fffffe19
3d0
fffff928
b95
fffff7c1
fffffd43
952
fffff8c6
32a
fffffcc5
dc
648
fffff729
860
fffffd90
ffffe11d
ffffeed2
185c
ffffe51d
fc6
fc2
ffffecd8
19e1
ffffeab9
42f
561
fffff065
172e
ffffedc9
1b3
7e7
fffff5e6
64a
ffffff6f
fffff9e6
1233
fffff098
fffffdbd
1720
ffffec9d
fffff9a8
9ca
fffff303
ad4
2ff
fffffb8f
c08
fffff102
878
fffffdd6
fffff844
1067
fffff12c
4cd
70
ffffed1f
fffffedf
fffffed3
211
455
fffffcbb
1ef
fffffca1
ffffff53
420
fffff795
87e
2aa
fffff6d3
d66
fffff78e
178
fffffda4
fffff70f
618
fffffc82
9e6
531
fffff683
429
fffffd04
fffffe9c
11e
377
fffffcca
fffffcbf
738
fffff99e
fffffda8
68
ffffffd9
362
fffffe4f
3c
ffffff30
913
219
ffffe9ce
1eb3
fffff462
fffffc2f
16a8
ffffe7f3
6ce
ffffff55
ffffed9b
f1a
fffffd2d
2d
d32
fffff1c4
4d8
98
fffff42d
cf9
fffffafe
fffffef0
66f
fffff497
9dc
fffff9c6
fffff728
fa0
fffff630
cc
942
fffff05c
a6c
ffffff36
fffff336
1207
fffff8e0
fffffe88
ab3
fffff6b0
eb0
fffff8bd
ffffec34
1d5c
fffff070
fffffeaf
fd9
ffffeb58
a72
fffffc99
fffff399
8c2
fffffd66
fffffdb5
6db
fffff6d4
1b8
ad
fffffb3d
4e7
fffffe1f
1c8
5b7
fffff4e4
816
fffffb78
fffff56d
105e
fffff6c9
ffffffdc
8c6
fffff3e5
65f
fffffe7d
fffff78c
6dd
fffffd49
fffffec5
419
fffffb80
ec
4ae
ffffec73
151b
fffff91c
2af
10d6
ffffe808
cd8
ffffec92
fffffe69
ce0
fffff6dc
418
4da
fffff9fe
15a
fffffead
fffff3cc
725
ffffffff
fffffc26
540
fffffb0f
10d
1ce
fffff611
b03
fffffc91
19b
8ce
fffff378
604
fffff6ed
fffffd25
888
fffffa58
137
3c7
fffffd60
5c6
ffffee29
ffffe97e
2a5
a58
fffffbeb
fffff50e
124f
fffff2dd
fffff4e5
10d8
fffff0e0
1945
fffff7f2
3db
fffffb98
ffffea5e
58f
fffffae2
1ba
64d
fffffe55
b2
fffffde3
d7
fffff85a
fffff0e1
2c7
7f8
fffff84b
ffffff1c
8a0
fffff57d
fffffff7
37e
fffffb22
c8f
fffffa0c
858
fffff3c0
ffffee5e
157
6e7
fffff59a
a21
fffffeae
fffff9bf
92d
fffff85b
fffffd63
27a
fffff745
78e
ffffff2e
fffffbdf
4dd
fffffca0
7e
68
fffffc43
78d
fffffd26
fffffca1
7d7
fffff637
113
311
fffffab5
640
fffffd89
fffffe3b
49a
fffffaa0
70
6
fffffb25
53c
fffffe39
ffffff0c
150
fffff2c1
c4
9fa
ffffed45
136d
fffffd78
fffff389
10bd
fffff013
fffffeba
ae4
fffff185
c59
fffffe20
fffff9be
74b
ffffface
ffffff71
199
fffff9e6
76c
fffffdb0
fffffaf6
9c2
fffff6b5
294
3b8
fffff62d
c16
fffffc04
fffffb30
948
fffff4b8
2a7
3b4
fffff818
865
fffffceb
fffffec7
180
fffff755
fffff88d
c79
fffff0cc
7af
175
fffff306
133f
fffff052
1df
756
fffff415
be4
fffff85e
4a6
2b7
fffff70c
1cd
469
fffff9ab
38f
12a
fffff96e
874
fffff9e5
fffffd49
627
fffff6ed
65c
fffffe36
fffffa5b
b14
fffff55b
2f8
32c
fffff92e
713
fffffb5a
413
fffffdd0
ffffef94
fffffe91
ac0
fffff8a0
430
201
fffff521
db6
fffff750
fffffeff
9b5
ffffee55
b9a
fffffee0
fffff80e
906
fffff84c
21
6e2
fffff551
8df
fffffd39
fffffcc3
9a6
fffff4e9
123
4dd
fffffb35
51c
fffffd5d
fffffc7e
7e3
fffff859
2e7
336
fffff639
7e1
fffffd66
fffffe62
100
ffffe9ce
fffff461
1e4e
ffffe565
11e4
1d7
ffffee7c
1bfb
ffffeb96
fffff9fe
e84
ffffed1d
1666
fffff8bc
ffffecda
1a66
fffff42e
fffffc5b
e42
ffffecd1
c44
1a5
ffffef30
15a9
ffffef47
fffffe7c
d32
fffff141
e4e
fffffa38
fffffb7b
f42
ffffefc9
39d
2ac
fffff692
f85
fffff651
fffffcdd
620
69a
876
ffffe980
14ed
fffff62d
fffff7c7
1689
ffffe0a3
86d
58c
ffffea28
1d2b
fffff498
fffffb6e
190d
ffffe3b6
9dd
fffffc73
fffff37f
1685
ffffed08
205
af9
ffffeecf
9a8
b3
fffff6c4
a24
fffff889
7b
793
fffff018
79e
fffffe8b
fffff648
1126
fffff6cd
0
b80
fffff400
7df
fffffc40
fffff5b3
12ee
fffff131
fffffedb
e94
ffffee1d
a5a
377
fffff180
f23
fffff9bf
fffffb38
9e3
fffff721
7e
17e
fffffcaf
3b6
fffffdcf
ec
330
fffffa30
586
fffffd2c
fffffb01
9e8
fffff7a8
3e
71a
fffff642
69e
ca
fffff879
8f4
fffffb8e
fffffe32
526
fffffb48
368
fffff9e8
fffff83c
15f5
ffffece1
486
146e
ffffe281
117c
fffffdfc
ffffeea3
f4e
fffff7db
fffff88c
942
24c
fffffce2
2ff
ffffff17
fffffaf6
2c9
ffffff1f
fffffea3
140
241
fffffc1e
fffffc5c
b9b
fffff5ba
2bf
aa3
fffff080
916
fffffefd
fffff670
88a
fffffacd
fffffcab
4c6
60
c6
b59
ffffea7d
504
ffffffd5
fffff4c1
b62
fffffec5
ffffffc8
fffff86e
247
ffffff07
fffff90e
105f
fffff35d
1c1
51d
fffff7e1
fffffd8e
115
fffffab4
fffff992
b2d
fffffd2b
d6
645
fffff3b0
35b
ffffff6e
fffff9c5
6fb
fffffe81
a
fffffcc4
ffffff68
7e
fffffd20
5cd
fffffc15
60
fffffac1
fffffa59
390
ffffee6b
76f
fffffb5d
fffffdca
11fe
fffff6d5
328
fffffeaa
fffff505
588
fffff8c6
32a
622
fffffadb
fffffe75
243
fffffa02
571
34
fffffa29
67b
fffffb81
fffffe4c
56
fffff784
43a
fffffbba
ef
916
fffff9d1
3ef
fffffd64
fffffa87
379
fffffacd
39d
a0
ffffeb6f
165
c63
ffffe490
188f
fffffd44
ffffeb96
1a56
ffffee89
fffffde1
52c
ffffef09
816
fffff9cf
54
c26
fffffb0b
55
30d
fffff7ed
597
fffffb63
fffffd82
c9a
fffff32a
222
525
fffff204
e1d
fffffc3c
fffff75c
d98
fffff4d6
18d
c7
fffff6e0
58e
fffffae5
1eb
480
fffff58b
6d
a7e
ffffeea1
a94
fffffec7
fffff5e0
fd5
fffff7d9
fffffd89
4dc
fffff875
8a0
fffffd33
fffffc34
38e
fffffd28
fffffff8
fffffff8
fffffc81
3ca
fffffca7
fffffea2
85e
fffff8b2
1fa
443
fffff6c4
72a
fffffcd7
fffffc80
876
fffff9a4
18e
6a
fffffc1d
642
fffffc4f
ffffffbb
60
fffff4f1
3b
85b
ffffed83
ef9
fffffb7e
fffff4f4
15b8
fffff403
ffffff8f
913
fffff2d8
955
fffffd08
fffffa8a
87c
fffffc6a
fffffd9c
4ae
fffffa80
3d7
8
fffffa79
7d7
fffff831
1d9
343
fffff5f6
9aa
fffffb15
fffffbee
bcb
fffff797
267
2db
fffff93f
65d
fffffc3b
ffffff78
1f0
fffffbdb
fffffd87
9fa
fffff1af
a23
c9
fffff306
1155
fffff39b
ffffffef
7d5
fffff44e
937
fffffcfc
fffffbc6
703
fffffd7b
ffffff6b
256
fffffd2f
284
ffffff19
fffffdca
45d
fffffb89
cf
3d3
fffff892
6b8
fffffe20
fffffb12
8c2
fffff816
205
287
fffffa00
61b
fffffca6
ffffff67
228
fffffe2e
fffffce1
a6e
fffff217
948
180
fffff246
127f
fffff3f0
fffffe6b
a37
fffff44f
880
ffffff44
fffff9aa
579
fffffd93
fffffe47
28e
fffffdac
20d
ffffff6e
fffffde9
3f8
fffffc3a
f1
3fe
fffff870
6d1
fffffe0f
fffffab8
9b7
fffff7e3
182
387
fffffa10
604
fffffd6b
fffffee0
c0
423
526
ffffee4f
1229
fffff96a
fffff831
ff0
fffff0b8
7c2
5e4
ffffeddf
16ea
fffff5e0
fffff976
1074
ffffeceb
6b7
e1
fffff4f2
10f1
fffff6d4
fffffe9e
9f5
ffffefe6
79d
ffffff7e
fffff7fa
a54
fffff98a
ffffffb4
5f2
fffff766
7b8
ffffff20
fffff83a
d47
fffff831
fffffeec
6a9
fffff860
72f
f3
fffff146
16e6
fffff400
fffffc01
fbb
ffffebdc
979
147
fffff2c6
1250
fffff630
fffffbf9
d45
fffff32d
3c8
2dd
fffff8e9
734
fffffc8c
fffffe25
5bf
fffff80b
5b1
ffffff47
fffff8c9
c5c
fffff8a4
ffffff31
7b4
fffff4a0
6a3
ffffff77
fffff8e5
af5
fffff992
fffffe9a
63e
fffffab8
83e
fffffd4a
fffff6df
118e
fffff2d1
fffffecd
e55
ffffeccd
a19
1cb
fffff44a
a9d
fffffe40
fffffadc
411
99
fffffd51
ffffff81
1f2
fffffe09
ffffff0d
172
fffffff7
fffffe57
4b6
fffffe27
fffffb7d
929
fffff8fd
ffffff8e
753
fffff5f0
56f
b8
fffff9a3
649
fffffe20
fffffdad
2dd
fffffec0
467
ffffe11f
77f
fb1
ffffe00a
fffffd75
1a65
143
fffff0bb
c8f
ffffee1b
7eb
fffff4f8
fffff56a
12d5
fffff6ab
5e2
fffffb5f
fffffb3c
fffffc0b
112
fffffd79
fffffd8e
417
f4
fffff0dd
292
90f
ffffefb5
fffffc04
10f7
ffffff26
fffff857
690
fffff676
39c
fffffafd
fffff8a9
a89
fffffcc0
12a
fffffb4a
166
fffff39e
9dc
fffff965
fffff937
1308
ffffeb3d
2ff
882
fffff0e1
80d
fffffa64
7d
72d
fffffb09
fffffdf6
319
fffffc9a
fffffe3e
32
ffffff8f
30f
fffffe38
ffffff9e
fffffeb0
fffffa0f
67b
fffff9c5
fffffebf
997
fffff373
3b2
319
fffff7e7
52e
fffffb90
23a
140
ffffef79
ffffff75
eab
ffffe8ab
b0b
ffffffcc
fffff138
180b
fffff257
fffffcb9
711
fffff042
be8
fffff868
fffffd15
925
fffff51a
1a1
4b0
fffff7e6
679
fffffaad
ffffff60
959
fffff418
2bc
567
fffff3f7
822
fffffbbe
fffffb71
ca7
fffff5c3
24f
d4
fffff818
7b4
fffff967
211
ffffffa0
fffff0e6
fffffd7d
11a4
ffffe795
f45
fffffdc5
fffff1f0
1716
fffff181
fffffcbf
ab8
fffff395
70a
fffffaae
fffffcd8
a4a
fffff71b
204
3b8
fffff29f
c9b
fffffa4a
fffff989
d1b
fffff459
1e7
6f0
fffff384
a30
fffffb2b
fffffb57
c69
fffff57b
189
3ef
fffff8a5
5c0
fffffb24
3e
220
fffffc22
fffffad1
ab9
fffff09a
81f
5a
fffff3e1
1214
fffff170
1e7
81a
fffff3e5
ab1
fffffaa4
fffffd2a
75e
fffff9e0
bb
458
fffff8a3
58a
fffffe87
fffffb59
774
fffffb75
ffffffb2
3cb
fffff831
5cb
fffffd52
fffffc1f
8f8
fffff6ab
35d
296
fffff9ca
6cc
fffffb76
76
110
ffffef64
fffffbb3
17e4
ffffe405
cb3
412
ffffea56
1c36
ffffef75
fffffdfc
d5d
ffffed30
e5c
fffffaa8
fffff968
a39
fffff7cb
16e
54d
fffff719
9c8
fffffbd3
fffff971
eab
fffff2c9
1b4
a36
fffff0db
a03
fffffd11
fffff87d
eae
fffff3bc
3a9
3c3
fffff638
a4a
fffff9b0
ffffffbf
170
fffff495
fffffeff
de0
ffffed05
e22
ffffffd0
fffff1a7
1211
fffff7ce
fffffbe1
a4b
fffff70d
3d8
5e
fffffbab
43d
fffffe43
fffffeaf
301
fffffbfd
43d
fffffe37
fffffbab
8f8
fffff75f
1ee
5df
fffff5b8
970
fffffd40
fffffa23
9ed
fffff955
ce
354
fffffb59
3eb
fffffd97
ffffffe0
a0
fffffc18
5c7
fffff581
8bb
ffffff54
fffff81b
8f1
fffff533
a29
ffffffa4
fffff2d5
1550
fffff688
fffffc14
b86
fffff11a
8c8
ffffff23
fffff737
eab
fffff6f9
fffffe0d
6ad
fffff983
2ce
12
fffffbfb
4bc
fffffd7c
ffffff53
1ca
fffffa89
819
fffffc7a
fffffab7
c0e
fffff936
ffffffad
3d8
fffffbd0
651
3a
fffff5c1
1009
fffff40a
fffffd42
e20
ffffedc8
ab9
12f
fffff3eb
10eb
fffff6b1
fffffc81
a50
fffff51e
45d
19c
fffff9f4
6ea
fffffce1
fffffead
444
fffffa4a
523
ffffff1b
fffffb06
8b2
fffff897
fffffffb
694
fffff605
70d
ffffff7b
fffff9b7
9e4
fffffa23
fffffebd
49e
fffffbf8
962
fffffd95
fffff6a3
109f
fffff593
fffffde7
be4
fffff19a
8ce
1d5
fffff6e4
7bb
fffffb4e
fffffcb0
4b3
fffffe83
b
ffffffe0
ffffffed
d4
fffffdd7
ba
cb
fffffce3
56b
fffffe3e
fffffb4c
8e5
fffffa33
ffffff2c
640
fffff81d
523
ba
fffffadf
4cf
fffffcb2
fffffe79
2d0
fffffed0
1104
fffff654
fffff7fc
15ea
ffffe90f
fffffdd6
ec6
fffff1f9
b77
10b
ffffedbb
1525
fffff660
fffff784
c9d
fffffbb2
5b5
ffffff86
fffffcc0
ffffff76
fffff72d
11c
3ec
fffffa27
949
fffffa89
fffffbd0
c0d
fffff31b
fffffeed
893
fffff72b
7b4
ffffffa8
fffff60e
bcc
fffffad3
fffffad6
683
ffffff80
fffff2c6
fffffeda
ac1
ffffe642
a48
ffffff38
fffff29e
1562
18f
199
ffffffd6
ffffed2b
938
fffff8d3
fffffaa9
11c3
fffff369
1d0
9cf
ffffe9d6
fcf
fffff488
fffffc7c
f44
fffff712
259
ffffff55
fffff7ac
98a
fffff4cb
ffffffe0
108d
fffff220
4dc
30d
fffff0d8
982
fffffb3c
fffffa4b
c80
fffffae4
742
1d3
ffffe832
c9d
fffffc4b
fffff90f
a0f
fffffad5
10
450
fffff7ca
74c
fffffc28
fffff7f9
1026
fffff689
fffffecf
752
fffff508
620
fffffe0c
fffffc78
761
fffffa45
b1
3d2
fffff6d8
5c0
fffffdc0
fffffcf8
725
fffff9c0
746
fffffec8
fffff362
7ef
fffffc14
fffffe6d
2e0
fffff608
fffffe6c
5f9
fffffb00
803
fffff800
fffffa43
d2d
fffff835
fffffe48
b7b
ffffed9a
b9c
ffffff7d
fffff4e9
f5b
fffff7a1
fffffddb
670
fffff912
4b3
fffffedf
fffffaa8
8df
fffffa68
4a9
cd
fffff3f4
8f1
fffffc4f
fffffa9a
af7
fffff78b
106
2b5
fffffc69
5d9
fffff9fc
ffffff3f
340
ffffeaa3
fffffeaf
114d
ffffe871
1027
fffffeba
fffff2ef
e6f
fffff8b6
fffffb73
c49
fffff285
690
1f9
fffff8aa
4bf
fffffef2
1c3
6
fffff89d
754
fffffd29
fffff6ce
1197
fffff28a
ffffffc5
bab
ffffef61
10ca
fffff75a
fffff68e
148e
ffffef4f
3aa
695
fffff398
af5
fffffb29
fffffe4a
200
fffff25e
fffffdf9
f29
ffffed7a
dbe
fffffff8
fffff167
fac
fffffac7
fffffdd5
8e8
fffff2e8
7a6
163
fffff62f
c7a
fffff715
fffffe1a
b7d
fffff1d6
afb
fffffe0c
fffff59a
ed5
fffff704
1b3
4a7
fffff433
c53
fffffb11
fffff9da
d4b
fffff30e
40c
523
fffff59f
ac1
fffffb46
fffffcce
450
fffff41a
1de
f89
ffffe355
10f8
479
ffffee24
ec6
fffff7b1
fffffb74
107d
ffffede7
9f5
378
fffff104
e9f
fffff973
fffffddf
969
fffff10c
a32
136
fffff603
b51
fffff646
95
a1d
fffff0ba
d09
fffffc82
fffff7e6
e16
fffff1c2
754
53f
ffffefb5
d4f
fffffd31
fffffb81
240
fffffdeb
6a7
fffff7a6
20f
ffffffbf
fffffee0
5e8
fffff211
96e
ffffffd9
fffff05e
1bb2
fffff317
fffffa9e
e9e
fffff02e
593
36b
fffff621
a1d
fffffb02
fffffeee
45c
fffff8cc
305
1de
fffffc23
f4
ffffff01
13e
15b
fffff8f0
67b
fffffdd0
fffff935
e7f
fffff8a9
fffffe01
5fe
fffffa80
916
55
fffff30c
1313
fffff3da
fffffd7e
d4b
ffffef34
9a0
306
fffff2d8
c41
fffffa4e
fffffdbb
686
fffff87b
315
ffffff8a
fffffc5e
6d6
fffffb9f
ffffffe4
485
fffff865
6ab
ffffff0a
fffff9c2
a16
fffff8cf
ffffffe0
640
fffff6a1
6ae
30
fffff936
790
fffffbc7
ffffff4d
368
fffffca0
683
fffffa09
fffffb09
107d
fffff34d
ffffffaf
ce5
ffffee68
a59
33f
fffff40f
8ac
fffffe1e
fffffab2
479
94
fffffe68
1d6
ffffff5c
fffffcf7
169
ab
fffffe3b
5
3da
fffffc62
fffffd8e
8ee
fffff901
1
6d8
fffff68c
59f
1b5
fffff96d
4ed
fffffe7d
fffffd94
242
ffffffe8
b03
9c8
ffffe755
5ba
fffffd43
fffffc06
55f
fffff91d
1050
fffff3ba
fffff884
10e6
fffffaf8
fffff7a4
74
1129
ffffff68
fffffbf2
376
2a5
fffff941
fffffd34
87f
fffff88e
5be
560
fffff297
2fc
fffffe51
fffffe2c
298
fffffc41
93f
fffff936
fffffb0c
a85
fffffc9d
fffffa55
2b6
740
52
fffffa83
5e0
d9
fffff921
fffffd78
f5
635
fffffe98
2b4
db
ffffee63
9b4
fffffcb8
fffff9e4
c83
fffffaa5
3c6
ffffff3b
fffffb3a
8a7
fffff6e0
7b
888
fffffe1f
ffffff03
12d
1a9
fffffce5
fffffc1b
336
29d
fffffd59
4fc
fffffd51
fffff74d
65b
fffffc49
fffffe85
4e0
fffff677
a93
345
ffffeb84
156e
fffffbca
ffffe815
1a88
fffff98b
fffff889
ef5
fffff418
3f2
fffffa22
fffffc8f
c32
fffffcfa
23d
fffffd8d
fffffca6
3bb
fffffacc
2d1
2c5
fffff81b
86b
ffffff7f
fffff5c8
d29
fffffa24
fffff660
d8b
fffffa30
52
484
fffffa04
47c
fffff93b
c3
520
fffff32d
254
d1b
ffffee67
940
fffffc93
fffff6ee
d23
fffffbda
ffffff87
57c
fffff314
8b1
ffffff52
fffff7af
c93
fffff654
1f7
677
fffff68e
4cc
fffffea0
fffffb6b
60b
fffffc98
a0
556
fffff6e4
7be
fffff9a3
fffffcc3
c63
fffff418
5c1
481
fffff61f
7b9
fffffa5b
fffffe81
460
fffff5f2
ffffff8f
78e
fffff039
c8c
fffffdf2
fffff72f
99a
fffff758
ffffffd3
dea
ffffec9e
a06
1ad
fffff258
f38
fffff9ae
fffffd3a
873
fffff90f
5d7
fffffba1
fffff990
f54
fffff479
1d6
825
fffff579
976
fffffa03
fffff984
eb0
fffff550
438
1bb
fffff74c
904
fffffb61
ffffff2a
80
fffff6d1
16
dc6
ffffed80
e1f
fffffbf8
fffff3a2
1688
ffffed40
1b9
10a8
ffffe96d
fd1
ffffff6e
ffffeeea
1274
fffffd51
fffffb76
83b
fffff552
77b
18
fffff8be
9a7
fffff734
35b
56d
fffff5d9
a35
fffff9eb
fffffc33
c5a
fffff2a9
528
61d
fffff39c
b61
fffffc0e
fffffa0d
730
fffffe27
fffffae0
d01
ffffed93
c35
25c
fffff09a
1300
fffff328
d6
8f3
fffff650
774
fffffca9
fffffdaa
3f0
fffffd64
ffffff65
367
fffffc99
27d
a8
fffffaaa
651
fffffc98
ffffff96
583
fffff5ff
828
fffffeed
fffff981
a27
fffff77a
278
38b
fffffaab
58f
fffffc5a
20
a8
fffffc79
23d
fffffbd4
ede
ffffedf5
ff
b11
ffffef74
c76
4a6
ffffecf1
12fc
fffffc68
fffff59c
112a
ffffee65
35c
5de
fffff451
e5f
fffffc2b
fffff9fa
7ed
fffff922
33a
fffffe89
ffffff15
7cf
fffff4f5
29c
478
fffff6d6
8f0
12
fffff6f6
af9
fffffc72
fffffc77
6b3
fffff930
64f
177
fffff44e
1527
fffff3bb
fffffdc8
b47
ffffeceb
bef
1f7
fffff2bc
1209
fffff6a8
fffff9f3
d5e
fffff3e9
3cf
37a
fffff898
5f5
fffffda4
fffffe15
4d3
fffff92d
55e
ffffff73
fffffa94
b4c
fffff893
25
534
fffff541
801
ffffffb7
fffff926
a81
fffff9e3
fffffdc2
5c2
fffffb88
85c
ffffff5e
fffff55f
fbf
fffff4d6
fffffe82
c9d
ffffef06
998
225
fffff79d
8c7
fffffe24
fffffc55
ffffffd2
14b
ffffffb1
ffffffd4
102
ffffff51
fffffe7e
10
fc
fffffdc1
4e5
ffffff41
fffffa90
868
fffff9e1
ffffff71
693
fffff6e5
54c
112
fffffb4e
537
fffffe7c
fffffe23
2d
38
1020
fffff497
116
ac2
ffffed4f
fffffa0e
dbf
fffffa97
675
797
ffffebde
cf5
fffff760
fffff9bf
c5e
fffff526
684
125
fffffe06
16e
fffffed3
ffffff71
fffff844
138
836
fffffa27
50
5b2
fffff683
fffffb97
85f
fffffd02
302
4b1
fffff546
5ae
fffffcff
fffffbf0
533
fffffd80
79
7ec
fffffd03
fffffc24
6d9
fffff9e6
ffffef92
d07
91
fffffda0
6bc
fffff601
543
fffff56c
fffffb81
1121
fffffb58
144
eb
fffffa64
482
fffffb6b
2cd
ffffff93
fffffe6e
5de
fffffcf1
fffffea8
496
fffffa52
fffff966
626
ffffff2c
142
16c
fffffb35
3b5
fffff86e
ffffff8e
720
fffffa63
4c8
273
ffffecfd
14f6
fffff394
fffffaa0
1232
ffffee54
a35
83b
ffffee61
ba4
ffffffaa
ffffef6d
e1f
ffffff95
fffffc08
8e9
fffff75d
ffffffe2
2e5
fffff9f8
754
fffffc23
378
ffffffe8
fffff70a
b22
fffff80d
fffffec6
907
fffff59d
75c
30b
fffff6ad
72f
fffffe50
fffff877
680
fffffd57
fffffe18
c1b
ffffeedd
834
1cb
fffff3b7
1028
fffff6b9
2a0
341
fffff660
a8c
fffff9e6
fffffee7
408
fffffbf6
30d
f5
fffffcba
3b5
fffffe89
fffffc59
482
fffffc8e
129
4bc
fffff769
54b
fffffeea
fffffb5d
80d
fffff9fc
33b
72
fffffae0
69c
fffffba1
39
e0
ffffecc9
166
17b1
ffffe4f3
a5f
560
ffffe665
1b86
ffffef54
cd
135c
ffffe5d1
1027
fffffbeb
fffff67a
c91
fffff93a
4a7
ffffff23
fffff93a
d2d
fffff7b1
fffffae4
e1e
fffff2e5
33f
af5
fffff199
7d6
fffffea1
fffff60b
ddd
fffff455
4de
737
fffff1fc
b1b
fffffb29
fffffcbe
480
fffff5ff
fffffc95
1059
ffffea77
ea0
ffffffff
ffffedc7
1afa
ffffecca
38
1192
ffffeca2
bb5
fffffe1e
fffff674
97f
fffffae1
4e
62c
fffff6fb
770
fffffe59
fffff8e5
c01
fffff6df
1ac
66b
fffff450
aef
fffffb42
fffff9e2
e2f
fffff27b
47e
6a1
fffff58b
8d8
fffffba9
fffffda9
260
fffffa4a
fffffb36
f0a
fffff11b
53d
3c0
fffff331
10b5
fffff59f
ffffff45
810
fffff66a
8fb
fffffbc2
fffffd38
4ff
fffffc61
58
35d
fffffbea
397
ffffff97
fffffaf7
762
fffffa78
ffffffa3
6ec
fffff784
4e0
ffffff29
fffffb3d
8f0
fffff88e
1fb
2c7
fffffad2
661
fffffbe0
fffffff8
e0
32f
609
ffffec34
1b18
fffff6f9
fffff429
12db
fffff0dc
2bc
362
fffffa4b
93f
fffff8c6
fffffed3
32e
fffffca0
1c6
43
fffffdb0
6f3
fffff990
fffffe3e
79d
fffff60a
639
85
fffff788
d54
fffff99e
fffffd39
7a0
fffff5ad
7ce
ffffff63
fffff78f
e4b
fffff995
fffffc86
644
fffffb30
8ec
ffffff50
fffff604
13c2
fffff167
fffffc0e
e51
fffff082
4f0
439
fffff6a9
9a2
fffffd6f
fffffa83
92b
fffff770
2f2
355
fffff8a3
7ea
fffffc28
fffffdc9
635
fffff7b2
586
7
fffffa50
928
fffff9cc
4f
4a0
fffff66c
7fa
fffffeda
fffffa06
b6c
fffff7ff
fffffe1f
62a
fffffa88
6b2
fffffe29
fffff679
12bf
fffff26a
fffffce3
1250
ffffe7a3
d22
4f9
ffffeefc
1071
fffffd3e
fffff8ae
36e
331
fffffdc1
ffffffa4
384
fffffcfb
fffffecf
74
ffffff79
ffffff05
406
fffffe7e
fffffb50
9eb
fffff887
fffffec2
955
fffff326
727
275
fffff6d5
940
fffffe03
fffffbf6
2cf
20
10e
3ca
fffff970
fdc
ffffe8ea
fffff2ca
16f5
fffff2c4
976
4f5
fffff995
fffffb50
1ef
47b
ffffe4f9
c9b
52f
fffffeb6
fffffa63
352
5ff
fffff068
6d3
2de
ffffff67
30f
fffffb91
933
fffff3a7
fffff771
dee
fffff87e
3c3
55c
fffffa4e
fffffd53
3de
fffffe6d
fffff360
800
81a
fffffceb
fffffc2c
fffffcb6
e20
ffffef7f
fffffb5d
1ad5
ffffea51
94d
ff9
ffffe367
9bf
fffff7e6
fffffd8e
c67
fffffcd4
38e
ffffffb3
fffff8b3
64a
fffffec7
fffff319
633
358
ffffff8f
fffffc6a
ffffff0c
897
fffff449
61
d77
fffff2ca
813
646
fffff0e2
61c
fffffa7e
fffffeeb
660
fffff3b2
aa6
fffffea9
ffffefb7
18b7
fffff489
ffffe3b3
1bb0
fffff926
fffffbd3
b3b
ffffed85
e54
fffffdf4
fffff5fa
db7
fffff9df
34e
54e
fffff6a9
44b
fffff8bb
8b
9b6
fffff7a4
7f5
fffffd2a
fffff7ad
faf
fffff58e
fffff419
e64
fffff98e
221
302
fffff605
a2c
fffffbc3
fffffd1e
500
ffffeff4
41b
1309
ffffe4af
c91
fffff60b
fffffec3
c22
fffff273
ba7
61
ffffed6c
171b
fffffa58
ffffe958
15c6
fffffd52
fffffacf
9ff
fffff4ce
37b
36a
fffff5ad
de2
fffff581
447
857
fffff21a
7bb
fffff80b
159
6e1
fffff614
979
fffffe6d
fffff568
e8f
fffffa9c
fffff5bb
9a0
3
fffffb82
a87
fffff1c8
798
fffffeec
fffffa29
1007
fffff0ba
4f4
a5d
fffff1cf
7d8
fffffbd9
fffffb11
92e
fffffbdd
fd
1be
fffffb92
5ca
fffffef6
fffff9a2
5a0
fffffd84
ffffffe8
40d
fffff888
589
fffffcf6
fffffec9
8d2
fffff57f
581
3e4
fffff80d
608
fffffbbd
fffffeef
300
fffff6fe
ffffff20
ec9
ffffe687
16ab
78
ffffe4b1
1dd0
fffff04c
fffffe18
ffe
ffffec5b
b2b
fffffe8b
fffffaec
a07
fffff891
118
714
fffff811
505
fffffd2c
fffffbff
95f
fffff6e9
39d
518
fffff25e
f55
fffffb92
fffff4df
fcc
fffff43f
37f
594
fffff5a8
869
fffffba9
92
1c0
fffffb34
fffffeef
c68
fffff0d0
8a6
66
fffff36a
1277
fffff416
ffffffe3
89e
fffff41c
b29
fffffee9
fffff6a9
6b6
ffffff2a
fffffe0d
33f
fffffd48
f3
c4
fffffe74
383
fffffae6
1a8
572
fffff792
666
fffffdcc
fffffae1
a10
fffff7cd
24c
30c
fffff96b
7da
fffffd1b
fffffcd9
258
7da
3a0
fffff258
113f
fffff62c
fffffb1d
11ba
ffffefac
378
901
fffff293
1229
fffff5dd
fffff913
e76
ffffefe6
64b
23a
fffff52a
f22
fffff9b3
fffffeb6
611
fffff1e8
9b1
ffffff04
fffff9c8
9d5
fffff834
cb
73d
fffff6d3
519
11a
fffffadf
a63
fffff891
fffffe93
538
fffffa50
90b
52
fffff276
16e7
fffff3e5
fffffc6c
eba
ffffea2c
ca8
383
ffffef70
1382
fffff741
fffffa40
d4a
fffff6f5
10d
30d
fffffc43
438
fffffc8a
ffffff21
420
fffff8a9
68c
ffffff25
fffff94c
c56
fffff8d2
ffffff38
71c
fffff3f1
834
99
fffff76e
b5e
fffffa00
fffffdd0
6b6
fffffb78
352
fffffdd7
fffffca1
cc9
fffff237
a5
bcc
ffffed93
bb2
211
fffff4eb
a47
ffffff04
fffffae1
23e
a3
ffffff15
117
ffffffdc
fffffe5f
8e
ffffff80
46
131
217
fffffe71
fffffe8b
6b5
fffff88f
76
625
fffff643
620
146
fffff9ce
5cf
ffffff27
fffffd77
133
10
a59
ae
fffff28d
c35
fffff3ee
fffff7c1
1366
fffffd2f
8a7
18d
fffffba2
9d7
fffffdb7
fffffd56
fffff23a
67b
4bc
fffffe53
fffffeb4
fffffe70
3f3
fffffac6
fffffef0
ffffff34
52f
cf
fffff838
6d3
fffff9b5
fffffa96
bb5
fffffe26
403
268
fffffc69
524
c3
fffffbd8
fffff9a3
4a0
4cc
226
fffffbdf
fffff7af
1080
fffff299
fffff7b8
cbe
fffffbe8
465
fffffdaa
fffff965
2b3
fffff905
b4
116e
fffffd87
fffffd9e
89a
fffff8c5
3cd
147
fffff6c3
4d0
113
27d
fffffc7a
fffffc2a
994
fffff70c
fffffd1c
66f
fffffcf2
40a
fffffd7d
fffffc4a
29b
fffffa8c
22c
7c0
fffff89e
fffffe20
10cf
ffffed58
e47
fffffd4d
fffff08e
1152
fffff997
3fe
70
fffff5a0
bd0
fffff4ce
fffffa64
ccc
fffffc0a
19f
303
fffff6f9
4e6
fffffc4a
fffffe32
be8
fffff984
1c4
68f
fffff70f
900
fffffb73
fffffa5b
90c
fffffa17
5ee
fffffde4
fffff9cf
908
fffff6d4
ffffff0c
560
fffff84a
616
5c8
ffffeb4a
12dd
fffff8b3
fffff1aa
10b4
fffff99e
52
85f
fffff1ab
60d
ffffffd8
fffffa33
d18
fffff809
c3
a51
fffff2f5
a0c
ffffff0f
fffff5ff
90a
fffffd3c
ffffffe1
33b
fffffa04
2be
fffffbb2
fffffdaa
77a
fffff70d
7af
cb
fffff444
ca9
fffff8ba
fffffb4d
5e0
fffff0ea
4c
fcd
ffffe975
a29
65
fffff72b
f21
fffff7f4
46
d56
ffffee19
e45
fffffcb5
fffff598
1057
fffff5af
ffffff8d
bf4
ffffef66
7ae
ffffffd6
fffff484
ef8
fffff64a
316
50c
fffff2fb
f29
fffff851
fffff5d4
1209
fffff1f9
50b
6b0
fffff24a
967
fffffbe6
fffffebb
460
fffff4ec
13e
102e
ffffe76e
d69
1e7
ffffedd8
14a7
fffff1dd
150
d65
ffffea25
10d2
fffffe54
fffff1f6
c9e
fffffae1
ffffff05
80a
fffff4d6
662
ffffffe5
fffffb51
8b1
fffff63e
449
648
fffff2d2
9ce
fffffd02
fffff92b
b39
fffff510
51b
45d
fffff418
ba2
fffffbb4
fffffb79
3d0
fffffc2a
fffffd99
d2b
ffffed67
a92
27b
fffff315
11cc
fffff297
160
a56
fffff28b
7fb
ffffff79
fffff9dc
484
fffffe86
ffffff14
315
fffffbe8
342
80
fffffb3d
51e
fffffb49
138
594
fffff5bb
7a6
fffffeaa
fffffae2
9cc
fffff6aa
34a
41d
fffff83c
664
fffffd72
fffffe40
138
95
79e
ffffee42
1804
fffff444
fffff8d9
f91
ffffee17
64b
1c5
fffff8fb
a4a
fffff6a9
46
508
fffff79c
2bd
434
fffff8a1
712
fffffd43
fffffcb0
970
fffff4be
4a9
2cb
fffff7fe
b00
fffff8d9
fffffeff
5e6
fffff53c
7d5
ffffffd8
fffff842
ce1
fffff86d
fffffe2c
536
fffffa40
cf0
23c
ffffebb0
1fe0
ffffe882
fffff900
16ef
ffffe6f9
84f
727
ffffeda7
1411
fffff655
fffffa1b
1200
ffffeb13
a47
298
fffff55d
125e
fffff3b2
fffffdbf
c48
ffffed55
a3d
2c4
fffff370
fd5
fffff602
fffffdc9
a6a
fffff00b
d03
fffffebd
fffff4e6
128a
fffff216
fffffdb4
944
fffff750
1080
fffffcaf
fffff082
197c
fffff1a2
fffff947
1241
fffff2e4
68e
a
fffff9bf
e5e
fffff6ca
fffffc6a
82e
fffff8a5
3f1
371
fffff7a5
7df
fffffe8c
fffffa48
2d0
125
3dd
fffffc6d
fffffd97
aaa
fffff3b5
ca
5b4
fffff6e9
b95
fffffd2b
fffff6fe
f26
fffff7de
fffffba3
a14
fffffb00
e3b
fffffca6
fffffd44
157e
ffffe74d
fffffbcd
f88
ffffede7
1062
9
ffffedcb
1802
fffff6b9
fffff431
893
2fc
3bc
fffffa3a
59d
fffffc91
fffffaf2
fffffa43
1bd
6f3
fffffa89
1f1
fffffc98
524
fffffa87
fffffa70
e63
fffff4fd
75b
1ce
fffff9ac
e6f
fffff41a
fffffa19
8b4
fffffc60
1715
fffff50b
fffffcc6
3b4
fffffde0
ffffe549
d7e
1490
ffffe27d
fc4
37a
ffffee72
dbd
fffff8bc
fffff7d2
e1b
fffffbfd
fffffca8
a9e
fffffcfb
fffffa84
7f0
fffffb54
fffffdee
a22
fffffb6e
fffffd2f
2c7
fffffeb6
fffff069
891
ac6
ffffef71
974
14e
fffff69a
7f5
fffffaab
fffffe13
480
ffffedf1
513
1110
ffffef16
83c
1c2
fffff493
e0c
fffffd6d
ffffff20
79d
ffffeea4
9bb
fffff83c
fffff7e6
f86
fffff40d
4b7
340
fffff52f
b7f
fffff6be
fffffdda
bdb
fffff50d
47d
736
fffff852
4a2
fffffefc
fffffc2b
6b1
fffffd4c
248
198
fffff7bd
53e
fffffacf
fffffde9
3a0
ffffef25
fffffdb6
d3b
fffff0fd
ed4
fffff712
fffff576
14a4
fffff4bc
493
b5e
ffffebff
116e
fffffc7f
fffff19a
1421
fffffac7
fffffed8
70f
fffff4d9
81a
fffffb3d
fffff797
faf
fffff40b
106
5ab
fffff779
ad1
fffff738
fffffcf4
bb4
fffff657
6e4
3a3
fffff4b4
bde
fffffb45
fffffa77
860
fffffc66
ffffff83
87b
fffff131
b02
fffffc1a
fffff5cd
1072
fffff17d
1d4
927
fffff253
c1f
fffffb6c
fffff90d
8d8
fffffd90
ffffff52
4fa
fffffb45
71
23f
fffffb88
55c
fffffbfc
19e
373
fffff7bd
7ae
fffffb8f
fffffbf2
940
fffff60e
371
39a
fffff851
809
fffffbdd
fffffd6c
3a0
fffff7b5
fffffdf6
149a
ffffe4c1
e8a
473
ffffe9f4
1c8b
ffffed86
e1
f36
ffffea64
1079
fffffa56
fffff6c1
bb0
fffff810
23
5ef
fffff7c1
822
fffffd52
fffff9d2
a3a
fffff6f8
326
870
fffff139
aee
fffffd87
fffff7f0
f1e
fffff2b0
504
4f4
fffff492
b87
fffff971
fffffe66
210
fffffac7
fffffe06
b90
ffffefb8
c34
8e
fffff101
13a4
fffff3c2
ffffffd6
b56
fffff35f
6eb
c5
fffffa19
4ed
fffffe98
fffffeb5
2e5
fffffd4c
214
ffffff4e
fffffd68
442
fffffaa8
161
4a0
fffff745
83e
fffffdbe
fffff9e7
a66
fffff7c3
242
46c
fffff939
55e
fffffe2f
fffffeb0
130
895
6e9
fffff01a
ff6
fffffa8c
fffff77c
c62
fffff222
1bf
675
fffff1be
12dc
fffff9cf
fffff989
be5
fffff02b
7a7
15a
fffff734
1022
fffff465
78
a6c
ffffef4c
97c
84
fffff957
868
fffffad6
ffffff27
395
fffff8ae
411
ffffff4f
fffffb29
a3b
fffffae8
fffffedf
394
fffffb30
6f2
19c
fffff438
153b
fffff2bc
fffffd28
f09
ffffed58
a7e
283
fffff4e5
10ed
fffff69f
fffffb53
b9f
fffff24e
1f6
344
fffff9ca
5dc
fffffdf8
fffffdf5
463
fffff95a
5cf
ffffffc1
fffffa38
b76
fffff825
ffffff8f
766
fffff5a3
6de
52
fffffa24
a15
fffff9c5
fffffe56
570
fffff9a0
529
fffffee9
fffff800
eee
fffff5d6
fffffe93
afd
ffffefd3
ab0
1af
fffff79c
9e8
fffffbcd
fffffc7a
3db
7a
ffffff09
25
21a
fffffef5
fffffe67
d5
fffffff9
fffffd25
319
fffffefd
fffffc17
7d4
fffffa84
ffffff6b
59f
fffff77b
5ce
d4
fffffb6f
5ba
fffffd33
fffffe4b
276
ffffff70
fffffbc7
99a
275
fffff92a
a83
fffff86d
fffffeb5
fffff848
8a6
fffff9e3
fffff86f
1065
ffffeff5
206
200
fffffac5
abc
fffffd78
ffffffc0
2c4
fffffa1d
fffffd15
4a7
fd
fffffd13
698
ffffff99
fffffdbe
52b
fffffb4b
83
fffffacb
44f
fffffea7
fffff987
98f
fffff931
fffffe0e
20e
40
fffff3a9
4d0
164c
ffffe6fd
fffffe7f
fffffa92
fffffc69
194f
ffffeb34
10b8
f2c
ffffe607
1d15
fffff266
ffffed97
c49
fffff5df
331
874
fffff33c
d4a
fffff85c
fffff59c
12f8
fffff4bc
564
b02
fffff169
302
fffff6f3
2a9
e45
ffffef1a
fec
527
fffff043
13ef
fffff4f7
fffff858
340
fffff137
ffffffa0
1264
ffffeb61
b3b
fffffca7
fffff1a0
1606
fffff341
458
8fd
fffff876
27
fffff809
7d8
f
fffffb6a
628
2ba
fffff91b
6c9
fffffd92
fffff797
9ef
fffff714
130
81b
fffff626
698
fffffbac
fffffb23
a4b
fffff8ce
3e6
3d2
fffffbf5
5a
fffffbc4
3b1
ffffffa0
fffff6c8
740
e7e
ffffe659
148b
fffffed6
ffffe587
1c01
ffffefd4
fffffde8
119c
ffffef1d
c82
fffff70d
fffff9c9
dd7
fffff5ed
533
683
fffff577
6a6
fffffa64
ffffff96
80b
fffff68d
7d0
572
fffff222
dda
fffffb56
fffff46b
f5b
fffff406
2d4
767
fffff683
896
fffff8f1
fffffed2
3e0
fffff68b
41a
c51
ffffebdb
ce2
fffffda1
fffff4ad
13db
fffff1ad
3a6
ac2
fffff1fa
ab2
ffffff22
fffff5df
665
fffffeb4
fffffdaf
40e
fffffdc9
244
fffffd8b
fffffe67
55c
fffff84f
49b
52c
fffff514
89f
fffffc2c
fffffbcc
abb
fffff659
486
433
fffff835
7cd
fffffd06
fffffc5b
210
fffff3a7
fffffabf
15ca
ffffe7bc
fd0
51
ffffed9d
16c1
fffff1c9
1cc
ddb
ffffeda0
ca7
fffffc88
fffff8d8
b19
fffff922
170
6ab
fffff6c3
914
fffffe36
fffff5f6
df2
fffff544
100
932
fffff2c5
ba2
fffffb9d
fffff94e
cc6
fffff424
622
468
fffff5c9
9ee
fffffa78
ffffff0d
2b0
fffff89c
fffffc20
f92
fffff0c4
6f3
325
fffff139
11f1
fffff489
fffffedd
9db
fffff580
92d
fffffc88
fffffc31
47c
fffffd84
e7
25b
fffffc14
3c4
ffffff0a
fffffbf0
7b7
fffff9d4
22
702
fffff787
5d6
fffffea0
fffffa69
95e
fffff7f0
20e
380
fffffa74
674
fffffc3c
ffffff40
150
fffff545
eaf
fffff6c5
50d
15a
fffff96d
78a
fffff4f7
1097
fffffba3
fffff61a
1a53
ffffeda4
fffffc91
f58
ffffeb29
5f1
396
fffff501
e8b
fffffcd8
fffff916
7bb
fffffa7f
ffffffc2
4b6
fffffca7
2ae
fffffea6
ffffffe8
ff
fffffb07
aab
fffffb01
fffffc9c
e34
fffff52c
ffffffd5
579
fffff860
3d4
370
fffff54d
f9c
fffff86b
fffffadf
cda
ffffef80
919
335
fffff730
f04
fffff682
fffffeb2
7cd
fffff65f
6f3
ffffffe8
fffffb5b
85c
fffffa18
fffffecd
4e6
fffff891
40f
ba
fffffab6
8ac
fffffac5
fffffed3
5e5
fffff6d7
64f
b3
fffffb5f
8eb
fffffa3d
ffffff7c
36a
fffffd28
c92
fffffb7e
fffff8a1
1372
fffff130
fffffca8
eba
ffffee1e
5b6
6a8
fffff5e5
620
17c
fffff944
331
162
fffffdba
1b7
227
fffffe85
fffffea2
1e5
fffffeec
fffffe01
72f
fffffd21
fffffc6f
a59
fffff7e0
fffffe71
7b0
fffff660
340
36f
fffffa73
3e7
ffffffe8
fffffcfc
1ef
ffffffb8
7d0
228
355
c4f
ffffee03
ffffff57
65a
ffffff62
865
145
fffffe19
c6d
fffff1a1
fffff462
ae3
fffffbcc
fffffae7
7ba
14a
fffff561
556
fffffbb0
ffffff23
ffffff8f
3db
293
48
734
fffff7ab
fffffc98
630
fffffee9
35f
2ce
fffffdc4
693
fffff916
fffff8bb
674
fffffc60
ffffef2c
fb6
7e8
ffffe1ac
14c3
fffff6ff
fffff1a8
1675
fffff28e
db
1187
fffffa1f
fffffc4f
fffff9ab
224
a59
fffffe71
128
4fe
fffffc72
1b7
fffffa67
fffffffa
66f
fffff4ea
9fa
349
ffffefd8
c18
fffff914
fffffa16
bff
fffff6ab
3a2
7ac
fffffc5c
4a
fffff9bc
305
4e0
fffff3c9
a8b
c06
ffffeb9b
f07
fffff90c
fffff034
19e8
ffffed9c
12f
f69
ffffead2
92a
fffffcd3
fffff7a6
8b8
fffff987
258
806
fffffbc2
fd
fffff907
3a3
643
fffff7f6
786
466
fffff680
83f
fffffa2e
fffffa0f
c5b
fffff5c5
25e
66e
fffff5c4
4aa
fffffd79
fffffd27
1e0
fffff84d
289
ca0
fffff294
7da
fffffb3e
fffff9f0
1150
fffff295
43f
99b
fffff4b4
7c6
fffffc67
fffffa9a
69b
fffffc6c
ffffffab
399
fffffb87
27c
fffffea4
fffffdc3
41a
fffff9b0
36a
575
fffff91e
51f
fffffbaf
fffffe3f
924
fffff79e
3f2
423
fffff9ea
524
fffffcae
fffffe8f
1a0
fffff894
16
b80
ffffedf9
bbd
ffffff3c
fffff2c0
1264
ffffef84
329
ebf
fffff350
670
fffffb69
fffffdd6
80f
fffffb6c
117
430
fffffc58
363
fffffd86
fffffd3c
584
fffff948
27e
4aa
fffff615
848
fffffccf
fffffaca
a0a
fffff4df
486
651
fffff92f
4e5
fffffb97
80
250
fffff639
ffffffd8
12d2
ffffe7cf
11cd
fffffed2
ffffea96
1da4
ffffea34
a2
1184
ffffe9e9
e13
fffffe8d
fffff5a9
974
fffff961
ffffffa3
89d
fffffa35
307
fffffd8c
fffffdef
837
fffff666
411
73e
fffff36d
c01
fffffb1f
fffff82d
f18
fffff1bc
428
6a1
fffff4e2
969
fffffbf3
fffffdae
160
fffffbe4
fffffd81
e1f
fffff20d
731
c1
fffff4fb
122c
fffff28c
c5
adb
fffff433
92a
fffffded
fffff995
641
fffffd1a
fffffe98
431
fffffbd6
24f
b0
fffffc85
41c
fffffab5
15a
63f
fffff801
61b
fffffd66
fffffc1b
a00
fffff692
320
406
fffff996
6ca
fffffc7b
fffffed0
110
fffffff3
6f4
fffff4a2
d1a
fffff9b5
fffffbe2
a21
fffff01b
434
5e7
fffff73f
1502
fffff385
fffff96e
10b8
ffffefb5
4e5
39a
fffff75d
ea5
fffff8ed
fffffcaf
8fc
fffff300
4ed
141
fffffac6
73e
fffffb0b
3b
367
fffff79d
453
84
fffffd26
bd9
fffff7a6
fffffe56
6ca
fffff9e0
899
1b6
fffff3d7
1760
fffff2a7
fffffb58
10af
ffffea2a
9cb
485
fffff10f
11bb
fffff886
fffffa8b
9d1
fffff5ed
183
23e
fffffd23
5ff
fffffba5
ffffff2c
4f9
fffff82f
676
ffffffb0
fffffa50
c76
fffff7f0
ffffff03
7d0
fffff40d
6d9
d7
fffff88b
a7c
fffffa95
fffffe03
4ea
fffffae8
3cb
fffffd34
fffffe0c
f35
fffff1b0
3
d13
ffffed72
ae9
34e
fffff660
bcb
fffffc84
fffffa15
565
fffffe27
fffffddd
223
ffffffc3
fffffe84
de
ffffff65
fffffef7
ffffffd2
28a
fffffdf7
ffffff64
815
fffff821
4f
6bd
fffff623
5f8
19b
fffffae8
6ab
fffffd71
fffffd74
2b0
fffffe68
fffffeae
12a8
ffffe75e
1101
fffffcad
ffffee14
c3e
fffffbc3
1de
fffffd28
12f2
fffffdfc
fffff2cb
c5c
ffffe7f3
a99
491
fffffeaf
2bd
27c
fffffef3
fffff51c
bf1
fffff6dc
ffffff19
a93
fffff201
9b1
fffffe1d
fffff5c9
745
fffffd60
a5
ffffffc2
8e9
ffffff9a
fffffa02
3de
fffff542
5c0
ffffff7a
a6c
10cc
ffffeeb1
a50
ffffef6c
da
a48
ffffea3a
e28
688
fffff4b8
43b
fffff59d
fffff978
d63
fffff88b
ffffff08
1706
fffff6a7
fffffdef
fffffd1a
fffff43a
b57
fffffb90
94e
619
fffff7b6
7a0
fffff285
43b
529
fffff0c0
c9b
5b
fffffa57
461
fffff6e3
75
280
ffffed72
cca
bf2
fffff016
d99
fffff58c
fffff074
15e8
fffff719
ffffffd5
f6f
ffffef7d
5ff
198
fffff746
8ee
fffff7ce
2db
60d
fffff688
7b7
fffff906
fffffe42
949
fffff3f6
92a
48d
fffff7db
964
fffff689
fffffa9a
b93
fffff898
397
624
fffff6c0
531
fffffe7a
fffffdb4
160
ffffed7a
26d
10de
ffffeb0e
10b1
fffff77a
fffff20c
1b6d
ffffe9a3
83a
14a4
ffffe68d
134e
fffff5bf
ffffefde
121b
fffffac1
22
80d
fffff6c8
607
fffffef8
fffff927
bf3
fffff3b0
3b6
718
fffff509
b34
fffff766
fffffbc9
e84
fffff0d2
905
803
fffff2a6
c5e
fffff78f
fffff9d2
720
fffff9d2
ad
ce7
ffffec65
e44
ffffff46
fffff102
1683
ffffee9e
cf
c9c
fffff379
989
fffffb2e
fffffb2e
766
fffffb7b
19f
431
fffffbd0
41e
fffffcf5
fffffbf4
626
fffffa6a
2de
4fd
fffff5ef
919
fffffcdd
fffffa62
b88
fffff50e
2e2
514
fffff99a
655
fffffb8c
fffffeeb
210
fffff708
de
12af
ffffe6b6
131c
fffffe07
ffffe80f
1f9e
ffffeb02
1c6
1245
ffffe85d
110c
fffffe1f
fffff461
d1c
fffff8b6
fffffe28
7eb
fffff972
551
fffffd8c
fffffbec
85e
fffff606
502
769
fffff215
daa
fffff9e9
fffff6dd
10f0
fffff11d
5ba
668
fffff3bf
be3
fffffaf5
fffffde9
250
fffffb6c
fffffc20
d52
fffff19f
913
e0
fffff33c
11cb
fffff303
142
abb
fffff3a4
9b9
fffffda6
fffff87a
735
fffffd6a
fffffee3
457
fffffbbb
2d4
88
fffffc2a
537
fffffaa0
8d
5c4
fffff7c3
733
fffffd75
fffffb1d
9d1
fffff6bf
37b
409
fffff923
737
fffffc53
fffffe01
1f0
202
7eb
fffff61a
b3f
fffffcc1
fffffbb4
8a0
fffff4de
2fb
25d
fffff6a9
13d5
fffff656
fffffa97
cc5
ffffef1f
59e
35f
fffff7bc
e92
fffff8ce
fffffc7b
7bf
fffff37b
606
200
fffffb4f
675
fffffc7c
5c
299
fffffa0d
3e2
fffffe5b
fffffce0
b31
fffff954
fffffec6
488
fffff9d0
596
251
fffff78b
1182
fffff3be
fffffcfa
df7
ffffe947
b0d
5a3
fffff25c
ede
fffff930
fffffcaf
967
fffff484
2c5
15e
fffffbbb
6b8
fffffc37
ffffff1e
3ed
fffff952
4f6
1c
fffffc14
97d
fffff872
ffffffe1
64b
fffff3b9
728
1d6
fffff90b
8d3
fffffb28
ffffff27
448
fffffae0
ffffff00
789
ffffffcd
fffff965
125
f8
fffffe73
fffffc70
5af
fffffcc9
fffffa06
11e8
fffff25f
ffffff72
bf7
ffffee09
9cd
2ed
fffff9da
8a8
fffffa48
fffffddc
34b
fffff918
242
411
fffffcee
15e
fffffdf2
ffffffc4
25c
fffffc05
140
3d3
fffffe60
fffffeb1
ffffff94
ffffff8c
91
fffffeb0
c2a
fffffeb2
fffff901
1134
d24
ffffe6d9
a76
fffff43a
9b1
4b2
ffffff2c
1109
ffffeb4c
d2
fffff9b9
fffffc3d
615
5aa
11
10a
fffff2bb
45c
965
ffffea13
ab8
c6a
fffffae6
fffffbd3
fffff7c0
66a
fffffecb
fffff5ec
7f8
12d
fffff83b
d6c
54d
fffff31b
3c1
fffffdc0
ffffff65
8b8
437
fffff3ff
200
ffffff73
fffffdcf
308
fffff6b9
1054
57e
ffffe8b8
a12
d9
fffff4f6
aa4
fffffc03
fffffedc
3a9
ffffff6d
495
fffffd4a
fffffdd5
195
fffffe05
5f7
12a
fffffa2b
15b
fffffe0b
e1
97
fffffa14
b07
121
fffff3e9
63f
fffffeb6
fffffc1e
360
fffff3a4
fffffb6b
10a4
fffff61d
651
fffffde1
fffff90e
649
fffff971
c62
19
fffff975
498
fffffbd1
fffffd8b
403
fffffca6
2a4
594
fffff51a
5c7
ffffff57
fffff88c
b92
fffff7d6
ffffff35
739
fffffbaf
45e
fffffc24
ffffff0e
22e
fffffb7b
8e9
fffffea8
fffffc1c
3ec
fffffc2a
ffffffaa
120
fffff814
135
e09
ffffed5f
ae8
30
ffffef5e
15ee
fffff542
fffffe2e
b10
fffff18d
1163
fffff7c5
fffff5b2
cea
fffff8de
59e
3b4
fffff960
62b
fffffc8c
fffffbe9
7b5
fffff91e
349
586
fffff65a
7e3
fffffc39
fffffa94
ada
fffff7d9
31a
2d4
fffff8f6
ae3
fffff966
fffffc44
480
fffffac9
4ca
7ec
fffff0ca
d1e
fffffcd9
fffff4a6
115a
fffff427
159
92d
fffff5f4
67f
fffffef8
fffffa2c
5a9
ffffff1f
fffffd2b
48c
fffffd0b
c8
81
fffffce7
390
fffffaf2
4b3
2e4
fffff7d3
8b5
fffffb9e
fffffc28
8d3
fffff82d
325
2fe
fffffafa
4e9
fffffd0f
ffffff0e
170
fffffbb7
fffffa3a
1232
ffffea17
d19
2c0
ffffebd5
191f
ffffec9e
54d
ed8
ffffe9bc
1282
fffffad7
fffff5f0
d19
fffff90c
fffffffa
684
fffff8f1
558
ffffff3c
fffffa6f
805
fffff945
b0
750
fffff452
9b3
fffffd14
fffff8ea
cae
fffff2f0
70a
4c4
fffff4d7
bc4
fffffa1c
fffffe00
300
fffffb65
fffffe10
bc9
fffff111
9b8
1b1
fffff222
11c0
fffff4fe
fffffe61
ac0
fffff49f
757
ffffffcf
fffff9cc
525
fffffd60
53
31b
fffffc2c
363
ffffff61
fffffce2
4e1
fffffafb
13b
502
fffff7cd
6f0
fffffe76
fffffa51
991
fffff859
158
45f
fffff9cb
56d
fffffe1e
fffffe09
158
ffffff62
2ba
fffffb38
1046
ffffeee0
fffffeff
fdd
ffffea53
923
81a
ffffed43
16e8
fffff9bd
fffff51f
11e8
ffffee1c
3c0
45c
fffff620
c63
fffffb8a
fffffd25
4fd
fffff8c6
519
fffffe92
fffffeda
8bc
fffff51c
1f2
6d0
fffff3f0
783
16a
fffff77a
d2b
fffffa9d
fffffc87
70b
fffff8f0
390
27a
fffff60a
fda
fffff583
fffffd7d
ddc
ffffea6c
e24
215
fffff219
15ab
fffff23a
fffffbff
cd2
fffff3d8
2c2
332
fffffa86
5c6
fffffe16
fffffda6
4a9
fffff9ed
3a3
61
fffffb15
8b8
fffff94e
26
675
fffff420
8ff
ffffffe8
fffff8e2
c69
fffff7ab
fffffe7e
62a
fffffaa8
e6e
fffffc98
fffff249
1f0b
ffffea8d
fffffbe4
1899
ffffe06c
d66
7b6
fffff079
a85
fffffbc4
fffffbca
26a
fffffefa
1f0
ffffff6f
1ea
1fe
fffff8e9
172
21e
fffffb2d
89d
fffffd23
fffff95b
108f
fffff41d
fffffe59
cc5
ffffef02
784
3f5
fffff764
688
fffffc99
fffffe4a
145
ffffff90
8d4
800
fffffa41
45f
30b
fffff237
626
15a
a7e
fffff9ac
ffffff17
e95
ffffefdc
2
60d
fffffa9f
47
327
205
fffff704
fffffeab
1d3
fffffdd9
fffffd5a
3a7
608
fffffb62
2bb
2bc
fffff72c
34d
2b7
2ff
fffffe50
ffffffed
5df
fffff928
ffffff54
256
fffffe20
fffffa1e
868
fffffe8e
fffffa8a
fffffd5a
147
fffff638
bb3
fffff76a
fffffea2
d3e
fffff371
a19
fffff68b
fffff978
11b3
fffffcec
5e
36d
fffffb47
810
fffff8ad
ba
3bf
fffffa9f
65d
fffffdfb
fffffca5
115
fffffc8a
fffffe15
5d8
fffff8a5
340
47a
fffff931
7d3
fffff7d2
fffffebd
820
fffff7ae
112
e13
ffffe9a8
14fb
fffffdd0
ffffef49
17d6
ffffece8
92c
882
ffffebd3
aad
fffff94d
fffffbc3
628
fffff8a0
18e
7ce
fffff73e
533
fffffee5
fffff947
b9d
fffff998
2a0
5c2
fffff478
cdd
fffffbe0
fffff98c
c44
fffff436
73a
35e
fffff4e0
69c
fffffb6c
fffffef3
80
fffff4c5
1f
e03
fffff127
600
134
fffff532
1015
fffff6f3
1ac
71d
fffff52a
c08
fffffc19
fffffc0a
53e
fffffb9d
388
bb
fffffb0f
4e5
fffffc7f
fffffd6c
6ec
fffff837
1ab
69d
fffff7d1
4b6
fffffe6a
fffffbd9
8d2
fffff946
325
2d3
fffff96b
827
fffffc9d
fffffe65
1d0
fffff144
5f2
af8
ffffea63
eec
fffffe10
fffff243
10d1
fffff747
fffffc32
cb4
fffff823
1a8
fffffffe
fffffc44
555
fffffe04
cb
1c8
fffffc3d
785
fffffc37
fffffc79
8a5
fffff616
595
3ff
fffff49a
9de
fffffbde
fffffb0b
8e7
fffff902
13e
481
fffffbf5
2c9
fffffd88
ffffffc3
1b0
fffff1d0
fffffdbf
108a
fffff11c
9dc
ffffff11
fffff295
1255
fffff7ee
fffffd62
c5d
fffff0b6
c69
8d
fffff34c
ece
fffff7b4
52
80e
fffff410
882
fffffe45
fffff939
986
fffff7e7
17f
68b
fffff779
89b
fffffad9
fffffb1b
e99
fffff20d
3ff
63d
fffff72f
97e
fffffa09
fffffe4d
430
fffff078
313
1202
ffffe2ee
16b0
3b6
ffffeae5
f29
fffffa98
fffffda3
beb
fffff0ec
623
4b7
fffff608
65e
fffffbae
fffffd97
acf
fffff5a9
462
23d
fffff88f
92e
fffff7e9
ffffffb4
aad
fffff2ca
af0
fffffb28
fffffa54
daf
fffff074
7ec
640
fffff022
f67
fffffd8e
fffff922
3d0
119
1327
ffffe443
fb8
fffffb6b
fffffb4e
802
fffff111
3ad
19d
fffffe5a
46d
fffffb99
e3
353
fffff885
59e
fffffe44
fffffbce
cca
fffff75b
ffffff63
5fb
fffff74f
475
1f3
fffff926
b71
fffffb43
fffffd8d
b7d
fffff134
6c8
61a
fffff3d1
786
fffffc41
81
90
fffffb10
964
17f
fffff586
10a6
fffff620
fffffe06
8e2
fffff6eb
36d
122
fffffb3f
7ea
fffffaf3
fffffda0
829
fffff4ff
55b
32f
fffff719
b39
fffffc13
fffffd54
7bd
fffff8a8
3dd
19b
fffffa85
6f2
fffff9bd
b3
537
fffff41b
81c
ffffffab
fffff9fd
a29
fffff9be
ffffff67
436
fffffc58
a0f
ffffff35
fffff7a0
1003
fffff756
1c3
3dc
fffff378
a2d
12a
fffff64b
969
fffffd8c
fffffa47
496
ffffff63
fffffd59
2a7
e
fffffebc
ffffff59
ffffff96
2bb
fffffa47
559
ffffff78
fffffbad
88f
fffffb5c
100
219
fffff8e0
620
28
fffffad1
57e
fffffe00
fffffd49
2c1
fffffe90
2ca
794
fffff919
a39
ffffef23
fffffa05
188b
ffffe545
b8
efc
fffff5d3
5cf
8f9
49c
ffffe68c
8bc
c3e
fffff7fc
b1
23
fffffc36
fffffc84
360
fffffbd4
1c6
416
fffffbe1
644
fffff5f8
fffffd26
dd2
fffff07b
105
87f
fffff9b3
31c
6a4
ffffffd9
fffff2f2
7c0
ffffff1a
8ce
fffffd15
ffffe853
f5d
ffffeb82
fffffb80
1087
ffffec92
cae
1631
ffffe13e
fffffca4
8c4
ffffedaf
99b
fffff3fe
66b
5ac
fffff7b7
17a0
fffff559
fffff1ff
c80
fffffb82
815
fffffb2f
fffff4c6
9b8
fffff033
1fe
81e
fffff197
cb7
899
ffffee73
22d
fffffffd
fffffa80
0
fffff548
fffffc6c
10a7
fffff53a
d23
fffff9a4
fffff7e0
abf
fffff9dd
766
fffffe7d
fffff40e
b77
fffff502
fffffa72
af8
fffff837
1cc
a20
fffff461
241
21f
fffff749
90f
fffff849
2a
708
fffffb21
840
fffff9b1
fffffe3c
53e
fffffaa7
750
fffffcc8
fffff9d7
753
fffff834
ffffff55
240
ffffeecd
b5
167b
ffffe9c3
6d7
327
ffffee78
11ec
fffff46a
78
a75
fffff18e
1688
fffff448
fffff42e
1215
fffff776
519
ef
fffff6c1
aa0
fffff865
fffff993
db0
fffff460
275
a90
fffff44d
57c
fffffe26
fffff9cb
8d5
fffff780
40d
2b2
fffff8c8
dc2
fffff77a
fffffb87
6c0
fffffb89
145
7bd
ffffee30
1002
fffffacc
fffff199
1669
fffff069
6e
d3f
fffff4be
59f
fffffcd3
fffffd17
65b
fffffbfe
ffffff15
4d9
fffffba6
3a8
ffffff5b
fffffb75
5a7
fffffb28
307
299
fffff656
a7d
fffffa6d
fffffa41
c0d
fffff5b1
2b6
572
fffffa2d
45b
fffffc41
85
100
fffffe22
fffff46e
178c
ffffe7f4
f9d
3a2
ffffe71b
1da5
ffffecbb
336
be6
ffffeac0
14cb
fffff5d4
fffff891
c42
fffff68c
39c
496
fffff71d
778
fffffe0a
fffff93b
a8c
fffffa47
fffffe6c
945
fffff3a3
b36
fffffd36
fffff682
f67
fffff26a
65e
320
fffff4e7
d7d
fffff74b
ffffff0b
290
fffff95b
f6
a7f
ffffef36
b95
c7
fffff10f
13d6
fffff614
fffffc3a
c04
fffff4ef
7ca
5e
fffff7c1
6b7
fffffdfb
ffffff19
2a4
fffffc59
414
fffffe0d
fffffd9f
4a5
fffff9c8
30d
415
fffff6e9
7fe
fffffdb1
fffffa11
a84
fffff8e3
9b
467
fffffa48
5ee
fffffdc3
fffffdb1
1c8
7a3
74c
ffffef21
fdb
fffffd72
fffff51f
c80
fffff339
143
97d
fffff199
1081
fffff8a8
fffffb94
9d3
fffff210
a64
fffffd4e
fffff7d6
127e
fffff459
94
8ca
ffffef8c
952
107
fffff835
8c4
fffffc54
fffffdb0
3f1
fffff930
3b0
152
fffffa91
936
fffffaa9
ffffff50
2fa
fffffc60
621
ffffffd3
fffff6ec
12c3
fffff2b2
fffffece
fb1
ffffe653
df1
43f
ffffef65
1548
fffff6fc
fffff8aa
db6
fffff28d
162
4f2
fffff972
4c6
fffffeb4
fffffda0
3be
fffffaf9
53f
fffffeda
fffffb8d
a79
fffff795
ff
770
fffff1d9
8d7
12e
fffff738
c62
fffff9f2
fffffd1f
640
fffff9e0
95a
a2
fffff08d
1ac8
ffffec7d
fffffc75
1480
ffffe4d7
12b0
173
fffff4d1
c64
fffff855
ffffffb5
1d4
fffffb6d
9c
15f
92
ffffffae
fffffe59
ffffff7e
4d
fffffc2c
615
ffffff24
fffff890
e24
fffff534
fffffe93
aa7
fffff171
a50
b8
fffff9b3
749
fffffb28
47
bd
fffffd90
c2e
94e
ffffef15
149a
fffff1dc
fffff4a8
10d4
ffffecde
ce9
441
fffff6ca
5e0
fffffa62
19f
fffff033
948
588
fffffc6b
404
fffffd09
fffffb74
200
2a6
fffff499
6f2
4ea
fffff6eb
b0e
fffff87e
fffff9a8
8fc
fffff5f3
686
2fb
fffffab8
2a8
fffffe6b
fffffef6
fffff849
5e0
5f2
b67
65b
ffffe33f
aea
1c5
ffffede5
b34
ffffec77
37e
e66
fffff1d4
67d
ffffedff
fffff588
172d
fffffb82
456
ffffff16
fffffbd6
58a
fffff219
1c8
47d
ffffff1a
9e5
ffffffdd
fffff246
71b
fffffcac
fffffb16
3a0
fffff363
695
404
fffff8b1
665
fffff1e3
fffffd45
b00
fffffe05
58
1131
ffffe14c
edd
3be
ffffe4f5
1a96
fffff78c
1149
fffffed8
ffffea6c
1908
ffffe956
fffffe04
adf
ffffe926
45a
128a
ffffebab
419
421
fffff33c
a96
fffffafe
476
5ae
fffff046
b50
fffffb93
fffff73e
cab
fffff86e
eca
fffffb2c
fffff5a1
e8a
fffff108
454
fffffb80
ffffedf9
1c7
1891
ffffe009
f5e
35a
ffffe934
1953
fffff157
3d9
9ca
ffffef27
cf3
fffffb9e
fffff911
5e8
ffffff38
5e5
fffffc2f
fffffda3
799
fffff890
fffffd9d
8c4
fffff368
3bc
add
ffffefb9
9a7
fffffe56
fffff729
c8d
fffff619
5e2
27d
fffff6d7
96f
fffffaf9
fffffcf2
3e0
fffff4c2
853
b38
ffffe356
1abd
fffff9de
ffffe8dc
1d83
ffffec6d
fffffc71
1a13
ffffe55b
c35
1e5
fffff0d3
ce3
fffffa08
1a7
501
fffff69c
a6f
fffffb8a
fffff8c5
c3b
fffff5ae
85e
38f
fffff020
121f
fffff745
fffff78f
fc9
fffff143
3d2
a45
fffff1c8
98d
fffffd05
fffffb11
3e0
fffff697
fffff98b
1647
ffffe7aa
c2d
316
ffffec09
19b2
ffffef37
46f
a6f
ffffece0
1326
fffff90f
fffff753
9f1
fffff99e
ffffff9f
7dd
fffff689
6d3
ffffffe7
fffff6c4
d2d
fffff676
47
9f6
fffff22b
a22
fffffca6
fffff8f1
db2
fffff377
719
286
fffff5b6
d1f
fffff8ae
fffffe74
1e0
fffffa97
fffffea3
c84
ffffef10
b5e
166
fffff056
14f8
fffff325
fffffdf8
ccf
fffff2d0
7ce
ffffff63
fffff9b6
62c
fffffded
ffffffdf
257
fffffc7c
3ff
fffffed1
fffffcec
49f
fffffa7b
1bf
528
fffff6da
7ed
fffffdf1
fffff9d0
b02
fffff74a
19b
4d9
fffff91c
5e1
fffffd6d
fffffe81
1b8
7c5
99a
ffffeedc
f7d
fffffe2a
fffff79b
a39
fffff34d
240
5f8
fffff54d
1051
fffff8a3
fffffc15
90e
fffff2c4
776
fffffe99
fffff913
f7d
fffff46b
ffffffd3
9f9
fffff043
8bc
2a4
fffff81d
829
fffffd49
fffffeb1
2b1
fffff991
3b6
ffffffc6
fffffc79
919
fffffa7c
ffffff77
314
fffffbb0
78c
ffffff9b
fffff4b6
159b
fffff198
fffffcdc
fd4
ffffec1f
b1f
457
fffff37a
1146
fffff8aa
fffffac0
af3
fffff339
1ee
34f
fffffaab
584
fffffd93
fffffe87
3e8
fffff978
626
fffffe88
fffffa97
bb2
fffff75a
ffffff9e
7b3
fffff4ec
77b
109
fffff98f
a52
fffffaac
fffffe55
4ee
fffffa18
9c1
fffffcc2
fffff3d1
1d22
ffffe9bb
fffffe4e
15d2
ffffe029
144b
20b
fffff059
107e
fffff98b
fffff766
5fc
4a8
fffffc2f
2e5
456
fffffae1
130
102
fffffd6f
fffffd82
60e
fffffd6f
fffffa10
f66
fffff402
ffffff5f
b18
ffffef7c
aa5
105
fffff7ce
93b
fffffb88
fffffc4b
33f
110
fffffa36
1af7
fffff9ec
80f
fffff5bf
fffff68e
b91
ffffe4e8
1923
fffffc5b
fffff826
1459
ffffed6e
705
ffffe639
3b1
e58
fffffb4c
fffffcc8
355
fffffca0
ffffed68
f72
240
fffffcbe
f2b
fffffc14
4f4
fffffa6a
fffff9f0
750
fffff139
c2a
80
fffffa5e
99f
fffffa79
fffffe6b
fffff35e
640
346
38b
298
fffff1c1
c20
fffff72b
fffffa4f
1564
fffff2d6
992
a86
fffff25b
79b
fffffb8c
fffff6e8
95f
ffffff4c
fffffe9f
2d8
ffffff7f
a0
fffffc7e
fffffd85
1db
ffffff28
412
ffffffa0
fffff904
780
fffff8a7
ffffff6a
ad5
fffff767
800
3aa
fffff8cd
5ff
fffffae8
fffffd1c
400
fffffa8f
ffffff4e
c93
ffffeffe
dae
fffffa9c
ffffed71
1534
fffff508
4a4
7af
ffffef58
daf
fffff721
fffffc70
dc9
fffffa38
41b
58e
fffff9f7
4a9
fffffc7c
fffffb7b
6bb
fffffa8c
243
454
fffff866
8e4
fffff96f
fffff944
a8d
fffff7e4
66d
135
fffff779
8f2
fffff8ec
7
540
fffff1e1
70c
81f
ffffefaa
e11
fffffab4
fffff601
107f
fffff8e4
ad
e4a
ffffefe2
97b
53
fffff15a
1144
fffff6cf
fffffdc1
b42
fffff503
882
fffffd6f
fffff59d
aaa
fffff98c
382
3b2
fffff652
b05
fffff830
fffffd60
cc9
fffff34d
755
3b1
fffff568
ac3
fffffa03
fffffd29
5c0
fffff781
5c9
a8f
ffffefe7
9be
12b
fffff48e
8a2
fffffc09
fffffe10
747
fffff8c7
3fe
d8
fffff9fe
32a
fffffe24
f1
2f1
fffffa8b
3e3
fffffedb
fffffea4
289
fffffc3a
2ca
1fc
fffffa2b
5e5
fffffcc7
fffffebb
4fa
fffff899
582
459
fffff778
645
fffffee6
fffffc06
1d0
fffff691
ffffff24
135f
ffffe267
1412
bf
ffffebdf
1bf0
ffffe957
460
12bd
ffffe3a8
1344
fffffed9
fffff2b0
d7f
fffffb60
fffffed8
505
fffffa8b
514
ffffff95
fffff84c
9bc
fffff721
34f
7ac
fffff07e
d2a
fffffc4e
fffff8a9
e78
fffff0fa
69f
6cf
fffff13d
cb7
fffffc24
fffffbbd
440
fffffdb2
fffffc9b
b11
fffff19d
a74
181
fffff062
12fa
fffff39d
68
ae2
fffff1ba
9c4
ffffff93
fffff9eb
58a
fffffca8
16
3e8
fffffb15
31f
87
fffffc38
48d
fffffc34
8a
489
fffff800
792
fffffe23
fffff971
a4f
fffff763
2b7
43e
fffff842
6ce
fffffdca
fffffe88
110
698
400
fffff2b5
124c
fffff6f2
fffffc4d
cab
fffff14d
253
4a5
fffffabc
264
11c
fffffd34
25a
fffffe9b
ffffff61
2aa
fffffc3c
445
ffffff4e
fffffd87
382
fffffaa2
2d0
139
fffffb35
785
fffffb0a
ffffffbb
646
fffff57b
6b5
bd
fffff95c
a01
fffffa45
ffffffa2
471
fffffa98
842
29f
fffff338
1294
fffff507
fffffcf2
e0b
ffffee66
6e7
31c
fffff5f2
b7c
fffffc4b
fffffbde
64e
fffff9aa
36e
176
fffffa54
91a
fffffb03
ffffff3d
4e3
fffff920
49f
ffffffa3
fffffc9d
67a
fffffa0b
124
532
fffff5b1
76f
a2
fffff89d
abc
fffff9f0
fffffed3
580
fffffa40
34f
ffffffda
fffffdd7
3b8
fffffc80
fffffcc5
472
fffff7a4
4e8
ffffffa4
fffffd03
5d3
fffff91b
11a
7c7
fffff0b5
bab
f7
fffff362
1359
fffff2f3
ffffff0f
c81
ffffef76
5d2
496
fffffbae
fffffe3b
49
d0
fffffe5e
5b
3b9
ffffff1f
fffffdac
44e
fffffc6f
fffffe82
28a
fffffc70
3c
1126
fffffb57
ffffec94
a32
fffffdff
fffff900
99d
1b
ffffff39
2be
12e
fffff427
b8d
fffffc7e
ffffed4d
c5f
481
fffff7e1
69
fffffe36
fffffebc
2dd
fffffc49
64c
381
fffff61d
a1f
fffffaf5
fffff8ac
981
fffff6ad
ffffffcf
9a6
fffffc96
fffff750
332
3b
fffffc67
420
ffffecb5
1799
15
ffffe3e3
1187
fffffdd8
fffff1f1
11a7
fffffe29
fffff94c
1109
fffff937
fffffc56
ffffff4f
fffffe4d
fffffc25
ffffff75
54f
187
fffffab3
2ef
fffffbac
180
635
fffff45e
e64
fffffe69
fffff116
b40
fffffb78
fffffb63
958
fffffc07
f6
648
fffffc0e
85
fffffd56
ffffff45
fffffec0
fffff723
575
9f6
ffffefce
79f
101
fffff823
94b
fffffc82
46
1b2
fffffccf
204
fffffda0
fffffe6e
523
fffffdb7
20c
135
fffffccc
35c
fffffce2
fffffe3f
428
fffff9fa
453
43c
fffff7b9
4b1
ffffff04
fffffd4d
486
fffffd37
1c7
ffffffd6
fffffe13
247
fffffd5a
fffffffe
210
fffff49f
7ee
d75
ffffe5d7
1463
fffffb0b
ffffea9f
1a39
ffffecad
417
f62
ffffe8c1
e58
fffffe3f
fffff210
13d9
fffff8e7
fffffec9
80a
fffff4e3
7a5
fffffbe4
fffffd87
818
fffff614
831
443
fffff271
dc4
fffff86a
fffff87c
da2
fffff235
717
508
fffff327
b1a
fffffa7c
fffffcdc
660
fffff88d
ffffff8a
c5b
ffffec53
dce
fffffe48
fffff387
1336
fffff19e
436
972
fffff235
a43
fffffdaa
fffff7e3
606
fffffd77
ffffff7d
3e2
fffffb8a
334
ffffff28
fffffc70
6d4
fffff9d2
1f7
4ed
fffff5c4
8dd
fffffc88
fffffb6d
a13
fffff672
4d7
385
fffff855
740
fffffcaf
fffffd36
1d0
fffffc0d
fffffed0
97a
fffff2b5
924
5f
fffff4d4
105c
fffff477
aa
97d
fffff2ae
994
fffffe6e
fffff9e4
755
fffffc26
70
377
fffffb84
39e
ffffff4e
fffffc9e
447
fffffb96
18d
39c
fffff8f1
66c
fffffdc7
fffffbf8
88c
fffff836
2aa
365
fffff923
64f
fffffd5e
fffffe8b
1c8
fffffc8e
fffffe98
bce
ffffefb9
ae9
1a9
fffff0e5
11d9
fffff431
ffffffbf
9ad
fffff55b
774
ffffff05
fffffb45
4b5
fffffe54
fffffea9
32b
fffffd17
1ef
69
fffffcfc
40e
fffffb66
1b6
4fa
fffff6e4
7f0
fffffe14
fffff9c8
9bb
fffff7a4
268
391
fffffa0e
5f1
fffffd25
ffffff58
100
55d
5c3
fffff21d
10aa
fffff814
fffffba4
cae
fffff011
54c
7d5
fffff3b6
f8b
fffffa23
fffffb6b
7d6
fffff187
57a
ee
fffff815
e46
fffff79a
fffffe9e
98e
fffff1f6
742
cc
fffff9a3
913
fffff9e9
82
4ab
fffff733
593
123
fffffade
977
fffffab7
ffffff64
2b4
fffffa30
8c5
fffffe80
fffff4ad
1711
fffff184
fffffd28
1176
ffffe9c0
b6b
4d9
ffffefaf
1261
fffff8f7
fffff9eb
afa
fffff70b
f4
316
fffffcad
3b2
fffffdc2
ffffff9c
23f
fffff8ef
694
fffffe1a
fffffa7b
c7a
fffff76d
ffffffb2
892
fffff3b7
798
13f
fffff79d
ad4
fffffae3
fffffdaa
56c
fffffb70
37a
fffffee1
fffffc3c
bd9
fffff558
da
857
ffffee9f
b6c
2c
fffff6fc
b9f
fffffb42
fffffc2f
5ae
fffffe44
ffffff44
1b9
ffffff2a
ffffff26
a5
ffffff4a
ffffffd7
25
256
fffffecc
fffffe77
64d
fffffa03
d6
426
fffff6b0
648
fffffff3
fffffb24
67b
fffffd08
fffffe62
2bf
ffffff10
76e
1d6
fffff169
135c
ffffefe1
fffffbaa
d9a
fffff452
f16
14
fffffaea
af9
fffff56d
fffffe20
fffffce5
ffffffe7
fffffb75
402
7ad
ffffecd0
84e
fffffdff
fffffe9e
14a
2ca
278
fffff6da
a96
fffff88f
fffffb98
8b0
fffffa1e
6c4
165
fffffd26
51d
fffffadf
ffffff1c
fffffe12
fffffea0
129c
587
691
ffffebb2
d4d
fffff407
ffffeea4
121c
ffffeb9d
fdc
82c
ffffe161
11c3
fffff881
fffffa7e
ecc
fffff735
528
254
fffffaa5
355
fffffa13
fffff909
e68
fffffbaf
49b
677
fffff57b
36c
fffffa99
fffffbfd
fffffd14
2b4
a28
fffffebc
fffff6f5
70a
fffff7e0
fffffa29
240
ffffee58
c7e
9d9
ffffe3c0
1365
fffff92e
fffff47f
15c7
fffff631
fffffefb
c63
fffff0f9
814
ffffffab
fffff400
ef5
fffffbe3
fffffec1
77b
fffff8f0
41b
fffffd3d
fffff9e9
6b4
fffff89f
705
277
fffff724
980
fffff891
fffffb08
a94
fffff1f2
abd
321
fffff0d1
bf8
fffff966
fffffded
640
fffff3a8
4d3
8a6
fffff3da
b07
fffffb41
fffff231
110b
fffffc6a
fffffcdf
d3f
fffff044
9b6
fffffff7
fffff01c
127a
fffff2da
2d2
d80
ffffeb7f
f1e
fffffb7f
fffff3a0
1057
fffff168
835
43a
fffff2ca
c34
fffff745
ffffff73
a23
fffff3aa
78d
24b
fffff87d
9e4
fffff863
fffffc78
640
ffffefeb
fffffef7
1394
ffffeb3d
f93
fffffc66
ffffeec2
d3d
fffff860
69
c59
ffffef04
d99
fffffdba
ffffef64
14c9
fffff21b
223
982
fffff2f8
aa5
fffffb37
fffff8a8
115c
fffff07c
3cd
b55
ffffeda1
111c
fffff88e
fffff483
1518
fffff12c
51a
795
fffff43d
c26
fffff938
fffffabc
2e0
fffff55e
304
d8d
ffffe7fc
13ff
fffffa52
fffff243
1b6e
ffffe627
670
11f9
ffffe300
1709
fffffb25
fffff05c
12b2
fffff74f
e
93c
fffff3d5
990
fffffd90
fffff94e
898
fffff5e6
62c
3ce
fffff411
d09
fffff86b
fffffcaa
dea
ffffef10
855
5a8
fffff1af
e37
fffff9f5
fffffb86
510
fffffca4
fffffcb9
e8b
ffffecdc
c23
24f
ffffef9e
1221
fffff3d0
141
7ac
fffff72c
6c7
fffffd9f
fffffe43
22d
fffffe02
ffffff89
317
fffffcce
253
9e
fffffb7f
56f
fffffb3d
f7
636
fffff569
8b0
fffffe44
fffff953
9ac
fffff77a
34f
262
fffffb31
579
fffffc68
df
ffffffb0
45
5b2
fffff40d
101a
fffffa80
fffff9fd
ac5
fffff603
247
156
fffffcbe
591
fffffac3
4b
2c1
fffffc07
14b
21b
fffffd1f
33f
ffffff94
fffffdf1
2f7
fffffa46
2f2
de
fffffb73
789
fffffbf5
fffffeca
4e0
fffff988
3d1
a7
fffffacb
8ae
fffffc14
fffffe34
403
fffffc68
89e
17
fffff57b
1270
fffff329
fffffbc7
d0d
fffff369
3e5
45c
fffff731
a56
fffffc4e
fffffb45
8e8
fffff4c7
39e
42a
fffff79d
8bc
fffffcee
fffffc30
821
fffff6c8
40d
254
fffff92c
9ba
fffffa54
ffffff8f
57f
fffff52d
7e5
ffffff8f
fffff922
b79
fffff876
fffffdc6
63e
fffffb18
942
26b
fffff276
1436
fffff4f8
fffffb42
fd2
ffffee94
4b3
621
fffff8f7
349
fffffdfb
96
ffffffa5
fffffa28
3c0
fffffdec
15
30f
fffff9ef
12f
3aa
fffff8a9
5ae
6c
fffff932
b1b
fffff962
fffffe1b
862
fffff611
356
307
fffffbaf
2cf
fffffe08
72
ffffffe4
fffffd68
48f
16
fffffa0b
c7d
fffff0eb
fffff9fd
105a
fffff02a
33f
5f9
fffffe0b
609
fffffded
fffff725
ca8
fffff834
fffffb0d
b03
fffff8ae
ffffffee
28f
fffffd52
ffffff69
fffffdbc
33b
ffffffa4
fffffcd5
729
fffff728
fffffcfa
905
fffff759
12a
46c
fffffdc9
42b
fffffe1c
fffffc33
5ca
fffffba0
ffffed03
cf2
fffffa4b
fffff65f
10c2
ffffeac1
89f
fffffd64
fffff163
1cc1
ffffee56
fffffc21
109a
ffffe306
b00
ffffff6b
fffff342
c91
136
fffffd61
655
fffff459
612
5cf
fffff559
8db
fffff9ea
fffffd63
887
fffff258
81c
fffffc19
fffff78a
12e2
fffff2f5
ffffffde
8ef
ffffeef0
846
fffffb60
fffff46f
1350
ffffffba
fffff91c
1358
ffffe321
b58
11d9
ffffe4b8
177a
fffff617
fffff0cd
1b03
ffffe814
45
7b9
fffff4d2
78b
16d
fffff725
682
fffffafb
ffffff47
107
fffff88e
ce2
fffffcb3
fffffef8
a20
ffffedb1
a1e
704
fffff0b5
100e
fffff66c
fffffaa6
e18
fffff16c
343
ffffff40
fffff012
bd1
2ca
ffffef06
10b2
fffff77a
fffff9e4
c09
fffff237
779
701
fffff668
913
fffff92e
ffffff97
797
fffffb84
351
fffffe9d
fffffc18
6d5
fffff8f5
ffffffd9
591
fffff686
7a8
0
fffff7d7
939
fffff9c5
fffffeb5
581
fffff7a9
651
196
fffffba9
5b0
fffffaaa
164
250
ffffed42
a90
38b
ffffeb5b
1850
fffff104
fffffa01
1036
ffffeef6
b80
aa
fffff405
e38
fffff84c
fffffb0c
64d
fffffd51
17e
2c4
fffffd0e
5d2
fffff9e0
ffffff97
98c
fffff509
764
ffffffd5
fffff636
d72
fffff5e9
ffffff1b
7b1
fffff596
906
fffffded
fffffa22
963
fffff907
ffffff6b
210
fffff0b5
18d
1366
ffffe5c0
1941
fffff6b2
fffff03d
1fb4
ffffea60
58d
a0c
ffffea81
10c3
fffff8ee
fffff9ce
6a9
fffff962
32e
493
fffff61e
77e
fffffe53
fffff7ef
cb7
fffff4da
45d
751
fffff315
f71
fffff6de
fffffb6e
1005
fffff1b5
79f
1af
fffff53d
aef
fffff903
ffffff76
90
fffff481
253
c03
ffffebb6
e62
fffffee3
fffff2ad
1117
fffff60a
134
750
fffff6fb
ae5
fffff9c8
fffffd22
7cc
fffffb61
14b
246
fffffa5a
5cd
fffffd6a
fffffc26
785
fffff788
402
452
fffff587
960
fffffc60
fffffb7c
896
fffff8c1
3f9
fc
fffffc1e
73b
fffffa12
129
170
857
cc3
ffffeb16
15a8
fffffe56
ffffeff6
15eb
ffffeec5
ffffffab
c6b
fffff2b9
37b
632
fffff401
610
e9
fffff827
9b4
fffff904
407
4e
fffffbb5
5db
fffff4ba
a8e
fffffe8e
fffff8ee
11ab
ffffef7f
184
c67
ffffee64
a1e
472
fffff565
c58
fffffca7
fffffb8d
6a0
fffffa90
a2e
6aa
ffffec26
12e2
fffff9bc
fffff457
108e
fffff1ee
1d4
666
fffff5ec
973
fffffcb3
fffffb9e
7be
fffff692
55b
229
fffffab6
727
fffffa6c
fffffebf
571
fffff989
4b4
168
fffffb4a
847
fffff960
123
7cc
fffff2fb
817
33e
fffff47d
b20
fffffbfb
fffffa84
748
fffffa60
f17
c64
fffff01b
c04
ffffefce
fffffd54
1344
ffffe5b8
12ce
7c9
ffffed03
17b1
fffff418
f7
6ef
fffffab9
65c
fffffd18
fffffe4c
add
fffff596
fffffce0
bf5
ffffef11
7ee
6b5
fffff74a
738
fffff58c
4d
9b8
fffff0ed
c17
2f7
fffff5b2
dcb
fffff94c
ffffff7f
4d8
fffffe00
fffffeb9
a2f
fffffafc
21
7c
fffff1c5
1032
fffff32c
fffff9d4
fac
fffff2fe
4fd
fffffa47
fffff719
e23
fffff937
393
798
fffff4de
aff
fffffe1f
fffff915
ab8
fffffa7b
4c
5aa
fffffbd7
2aa
fffffd81
fffff978
9cc
fffff6c9
fffffe13
93b
fffff6cb
450
fffffd24
fffff9d7
7e4
fffffe60
fffffafe
1c8f
fffff16e
707
106c
ffffe779
c86
6f0
ffffec66
1cd0
fffff865
fffff4c0
c51
ffffe845
9a5
fffffa78
fffff033
e94
ffffff8d
fffff985
164
fffff2bd
f9e
fffffc56
fffffc97
10df
fffff5f1
65e
7c5
fffff132
a42
59
fffff6a2
1124
fffff902
fffffc9d
4fe
fffff2b8
7fe
fffff720
ffffee9a
c8a
274
fffff521
6e0
fffff290
8fa
64f
fffff59c
cba
fffffea6
fffffd11
9ac
fffff8d6
82
556
fffffa7a
56d
59
fffffa6d
611
fffff817
1d3
2ce
fffff5a0
821
ffffffb3
fffffb96
31f
fffff7d8
690
250
fffffa07
888
fffffdae
ffffff1e
5a4
fffffb21
176
100
ffffed4b
102f
11b
ffffee7c
13b8
ffffeecf
30
ab2
ffffeb52
d88
4a9
fffff1ce
725
fffff991
ffffff35
6e1
fffffca8
168
313
fffffbfb
7a0
fffffa10
32
703
fffff55f
a35
fffffea4
fffff7f4
aa4
fffff507
24b
491
fffff3f3
999
57
fffff93f
4a0
fffffaba
16b
200
fffff35e
1f0
ec0
ffffebfe
14b7
fffffad9
fffff316
1528
fffff207
48a
b02
ffffef1b
5cc
fffffea2
fffff8c9
39a
fffffdfd
1e
41e
fffffb21
1e2
fffffd6d
fffffcdb
a30
fffff6e7
35b
65b
fffff562
cd5
fffffa9f
fffffafd
b7f
fffff626
58d
42b
fffff66e
533
fffffca6
fffffdb5
100
fffffa8f
b9
ac4
fffff0cb
95a
ffffff37
fffff0b3
1058
fffff65b
fffffdf4
ee1
ffffee90
830
ad
fffff46e
fc1
fffff94d
fffffe33
83e
fffff7e5
a09
fffffc5d
fffffb5e
8e6
fffff72e
5b8
385
fffff62d
7ce
fffffb89
fffffb4d
85c
fffff789
514
359
fffff7a5
7b9
fffffafb
fffffcef
2f0
ffffeffb
fffffba0
1527
ffffec8e
858
1c7
fffff195
ef3
fffffcd3
fffffa2f
f17
ffffefc5
cc3
120
fffff247
1105
fffff5bb
e1
719
fffff82a
567
fffffde1
fffff878
a5f
fffff8f7
14d
69b
fffff577
aa0
fffffad1
fffff6b3
11b0
fffff039
358
908
fffff3eb
98b
fffffb3a
fffffcf3
460
fffff1d1
156d
fffff3a4
c03
9b2
ffffee3b
1a75
ffffe0fc
3b5
1297
ffffe685
1722
fffff756
fffff0d2
162c
ffffe498
af4
b69
ffffed46
141c
fffff7d0
fffff35a
15b3
ffffe2b2
9cf
d3a
ffffe4a8
16c4
fffff769
fffff5a1
d82
fffff595
6ac
4dd
fffff9e7
b0e
fffffdb0
fffffeeb
5b4
fffff5c0
617
555
fffff1d5
11c3
fffff762
fffff6f3
dfb
fffff214
3ec
56d
fffff6a9
91c
fffffd1a
fffffab6
648
fffffa2b
1ef
218
fffffb9c
660
fffffb87
fffffd8b
690
fffff7d2
512
261
fffff97e
94d
fffffba8
fffffeeb
699
fffff6d2
61d
272
fffff7ae
a46
fffffb1f
fffffb91
5bc
fffffb30
911
fffffe2c
fffff7ac
1134
fffff491
fffff90a
120b
ffffeee2
477
c0c
fffff231
7d1
1f8
fffff8f8
805
fffffa27
9b
33c
fffffd32
1b9
fffffe39
ffffff8f
ffffff4d
fffffb91
594
fffffe5a
fffffbac
9e3
fffff8c8
fffffcf7
9cd
fffff5ff
34e
653
fffff7f2
54b
1d
fffffcc6
3db
fffffd40
547
63d
fffff730
9ce
fffff65b
fffffcdd
cc
ffffefd9
fc5
fffffbde
fffffc8a
a1f
fffff57d
fffffd0f
20b
fffffd73
1ae
703
fffff931
406
149
fffffc4c
464
fffffc7a
397
2c9
fffffb58
5a3
fffffa68
fffffe2d
c2
fffff6dd
851
fffffeb2
fffffd41
5a1
fffffae1
fffffe14
1f
90
fffff92a
1009
fffffc92
fffffaa9
f37
fffff088
777
5c6
fffff32d
cbe
fffff8b7
fffffeb2
840
ffffefe7
12b
157
fffffd6d
54d
fffffbd0
21f
188
fffff702
5b5
ffffff42
fffffbed
9d9
fffffc61
ffffff0c
737
fffff708
5f0
144
fffff964
86e
fffff9c7
b9
4b5
fffff5c0
1f4
ffffffc0
fffffddc
1b8
fffffe1e
fffffeec
7c3
ffffeec1
54e
80e
fffff2a8
d89
126
fffff724
d6d
fffff79f
29d
5fd
fffff72e
6bc
fffffea8
fffffbce
5ec
fffffa1d
fffffd9b
2e5
fffffe14
264
fffffd07
108
3e7
fffff556
4c2
35e
fffff81e
962
fffffe6b
fffffc9f
711
fffffaa0
34b
ffffffe0
fffff065
8c0
690
ffffed27
fe3
fffffc6f
fffff028
1021
fffff789
ffffff8a
770
fffff58e
82a
fffffa93
fffff8e6
b57
fffffc92
fffffdf5
71b
fffffac2
35d
fffffe77
ffffff51
6da
fffff639
5fd
2c8
fffff58d
a04
fffffbf8
fffff8e2
8b9
fffff9ea
1b1
2db
fffffa35
5be
fffffb3d
fffffe07
410
fffff45e
2b6
df0
ffffedfb
d0e
fffffefc
fffff479
164e
fffff035
fffffdf8
b84
fffff30b
9f7
fffffd19
fffff5da
663
fffffcb4
14a
29f
fffff93f
705
fffffad0
fffffd1e
7ff
fffff769
3d5
5b2
fffff6cb
85b
fffffcd7
fffffc23
bb0
fffff590
1b2
43c
fffff908
711
fffffc4d
fffffbeb
210
fffff3e1
fffffd0e
14bd
ffffe3f2
1097
fffffc9a
ffffee8e
1d84
ffffe6c2
673
fd3
ffffeae8
1341
fffff854
fffffb18
d31
fffff6a9
ffffffab
694
fffff723
943
fffffd2c
fffff609
cf8
fffff585
253
866
fffff146
b65
fffff9ba
fffffa6a
f42
ffffef96
798
545
fffff561
c75
fffff8ba
104
1e0
fffffa07
fffffc7f
cdf
ffffef00
d2c
54
ffffedbb
15f5
fffff2bd
fffffed6
baf
fffff30d
76f
fffffdc8
fffffbc9
50d
fffffcd2
ffffffd7
3ac
fffffd1c
2b2
ffffff33
fffffdf7
574
fffff9eb
e5
524
fffff6c3
920
fffffd28
fffff86d
baf
fffff6c9
248
437
fffff945
5cd
fffffc37
10
a0
3f7
a80
fffff28d
10bc
fffffc5a
fffff8c5
e53
fffff5ae
80
3d0
fffff3e9
11d5
fffffacb
fffff932
67d
fffff15f
7be
ffffff16
fffff76d
10e7
fffff351
fffffd86
c22
ffffef24
6f5
32d
fffff9d0
95b
fffffc01
ffffff31
5a3
fffffa11
332
fffffebc
fffffaf7
a9d
fffffb5f
fffffda5
1da
fffffae0
7d0
3b7
fffff11b
14a2
fffff6ec
fffffa06
c5c
ffffec96
7ff
64a
fffff3a7
e5b
fffffade
fffffb81
bc5
fffff52e
1ce
207
fffffa65
6e5
fffffc5f
fffffe07
54c
fffff5de
61b
f0
fffff877
b5c
fffffa1a
fffffe37
5c4
fffff50a
5db
226
fffff95c
905
fffffbce
fffffe54
602
fffffaa8
18e
1c2
fffff555
10b9
fffff6d7
fffff95c
108a
ffffea34
6ab
a13
ffffefeb
a14
2d6
fffff573
4cb
fffffe3a
fffffc5a
4b7
ffffff25
fffffdfe
24f
fffffe62
1f9
fffffe6f
194
80
fffffa3a
975
fffffa8b
fffffca7
909
fffff3ce
3e2
59c
fffff6bd
64a
cd
fffffabb
2ce
fffffdd8
fffff928
195f
ffffeac6
5a9
a3f
ffffee04
d66
343
fffff471
553
590
fffffc34
209
fffff94e
2cb
fffffa21
fffffeb4
617
fffff9fc
666
15c
fffff582
946
fffff7c0
fffffd00
d89
fffff426
405
492
fffff65f
839
94
fffffa03
43c
b3
7
78
fffffbac
23b
fffffc80
fffffa06
96a
fffff8db
1e7
e55
ffffe971
55b
7dc
ffffef2e
10f3
fffff9c1
fffffab0
aa4
fffff5c7
934
246
fffff70d
59c
145
fffffd47
416
fffff924
2da
fffffeb3
fffffbbd
692
fffffa61
272
78f
fffff27c
4d1
2b8
fffff720
a3d
fffffb04
fffffe7d
52a
fffff9e4
724
fffffd60
ffffe56b
fffff986
1fce
ffffe9f9
3c5
596
ffffefd6
ab4
ffffefda
a28
19a
fffff7dc
1861
ffffe988
fffff64b
12d8
fffff28f
4c1
5a9
fffff224
db7
fffff8e5
1b
f6a
ffffee31
e
e63
fffff4d5
469
fffffe82
fffffaf0
518
fffff472
99a
fffffe28
fffffbb0
f23
fffff12d
fffffe14
4c0
fffff9f2
fffffdd8
e2f
ffffe5db
15ee
fffffb02
fffff857
1b60
ffffe76b
3ed
c3b
ffffeef4
d08
fffffcc5
fffff173
904
fffffc6f
16
5fb
fffff6eb
f3f
fffff6f9
fffff3e6
fc1
fffff82a
286
4ff
fffff280
db9
fffffa0a
fffffe7c
f30
ffffef57
5e2
4fc
fffff560
aac
fffffadb
fffff98a
3a0
fffff401
29e
a68
fffff035
10a8
fffff6c4
fffff3e2
13c7
fffff175
879
ffffffad
fffff739
eca
fffff3ff
79d
27c
fffff7cd
5e1
fffffec6
fffffcb1
779
fffffa11
fffffd47
73b
fffff827
355
3a5
fffff88a
9bc
fffff884
fffffc43
944
fffff732
73d
fffffd04
fffffc98
894
fffff801
628
fffffe20
ffffec15
704
a34
ffffea71
177b
fffff554
fffff4e0
1347
ffffeb3e
752
d5f
ffffe941
1349
fffffa53
fffff445
11e2
fffff6e8
dc
6f3
fffff620
7b2
fffffcb5
fffffda7
ad6
fffff29b
6e6
2b5
fffff561
e5b
fffff693
fffffd61
9a0
fffff1fd
89f
33d
fffff524
bea
fffff977
fffffe20
480
fffff344
105
cc8
ffffeccd
d9d
ffffff04
fffff631
efb
fffff705
fffffe2f
96d
fffff6cb
384
2c6
fffff793
44b
130
fffffd11
40e
fffffbfd
4b5
fffffe81
fffffa4b
abf
fffff6c2
2a5
5c9
fffff526
955
fffffce6
fffffc5f
89f
fffff87f
236
33a
fffffa75
4b1
fffffe59
fffffd39
200
ffffff6d
5b9
fffff909
763
2ea
fffff6e3
656
fffff932
b9c
fc
fffff04a
174d
fffff3f5
fffffa82
1534
ffffea06
7b5
30e
fffff45a
f6d
fffff798
fffffe70
3ea
fffff8cb
54f
7
fffffd91
441
ffffff7f
fffffe5a
a1
fffffcf6
87a
fffffd81
fffff98f
c97
fffff809
ffffff5c
7ff
fffff890
5e9
331
fffff3ba
1017
fffff5ac
fffffb54
d64
ffffedb6
92d
684
fffff2c8
bda
fffffcde
fffffa2a
808
fffff988
427
191
fffffa36
705
fffffbf0
fffffee3
645
fffff8d2
4ce
a6
fffffa17
8ae
fffff95b
ffffff15
630
fffff5bd
66f
265
fffff8e4
769
fffffd4e
fffffd80
386
fffffe38
a16
3b0
fffff90e
eb6
fffff994
fffff492
126b
fffff1c9
f5
a5a
ffffee95
108d
fffffa48
fffff797
127e
fffff0b6
4c3
723
fffff54e
60c
fffffd67
fffffbd1
342
fffffba5
4c1
9b
fffffd46
8f3
fffff8ee
fffffe59
7da
fffff60d
70f
2bc
fffff9d6
abb
fffffb10
fffffa42
940
fffff9e0
423
c40
ffffee24
1c22
fffff3c3
fffff171
1fad
ffffe093
713
11bc
ffffe4a5
fa1
88
ffffeb6d
1060
fffffa66
fffffa5b
1048
fffffa1f
ffffff25
426
fffff3d0
cc3
fffff6fc
1f9
c03
fffff4ab
f74
fffffa80
fffff5d6
c89
fffff335
388
967
fffff265
1120
fffffac9
fffff633
f42
fffff4a0
621
a3c
832
ffffeeac
a29
fffffd40
fffff0c6
b08
fffffda1
8ce
152
8c7
ffffff54
fffff123
87f
fffff934
19d
162
7c
5fa
fffffa45
2db
fffffde9
fffffb6c
1c8
704
351
fffff6c0
6e4
fffffbf1
fffff9f0
53d
fffffd75
738
ffffff29
4ae
18b
fffff593
58d
fffffce0
fffff56f
e20
ffffffab
fffffa22
1039
fffff067
ffffffbb
810
ffffebc4
15dc
10
fffff379
1327
ffffed75
fffffd53
9de
fffff85e
7f2
312
fffffdf1
363
fffffb03
1af
a9
fffffa06
8df
fffffdb4
ffffff08
864
fffff55e
38d
13b
fffff550
e9a
fffffc71
fffffba6
a4b
fffff40e
130
220
ffffe51d
1a87
49b
ffffeb8b
1de7
ffffe8a4
ffffff2a
1493
ffffe2d6
1277
69b
ffffed31
1917
fffff21a
fffffa24
af3
fffff2ad
8eb
39f
fffff5d1
d6c
fffff1ea
af
a86
ffffef79
117c
ffffff0f
fffff74c
10ad
ffffefc8
430
897
ffffee91
eb3
fffffece
fffff87e
e1a
fffff591
c7
40
fffff049
841
7e5
fffff0cb
dd4
fffff51f
fffffae9
1168
ffffedfd
8ca
892
fffff243
e25
fffff5ae
fffffec4
957
fffff57b
576
385
fffff83f
879
fffffb07
fffffdd6
725
fffff5ec
6bf
22f
fffff899
8a7
fffff73a
6
8b0
fffff45e
803
1d9
fffff9d2
84d
fffff885
21b
90
fffffb18
fffffd85
10cd
ffffe766
1533
fffffd1d
ffffec47
1c1b
ffffe9a5
635
1105
ffffe498
1551
fffff8b5
fffff262
127c
fffff9d2
fffffd50
acc
fffff7dd
1c0
1bb
fffff958
8de
fffff924
2a9
64c
fffff2e0
e39
fffffa21
fffff8ab
f2a
fffff06c
7fa
602
fffff1ba
da6
fffff893
fffffc03
640
fffffa50
fffffdc5
ea6
ffffeeb7
9a5
f6
fffff2f2
129a
fffff329
250
794
fffff519
b36
fffffb9a
fffffbd6
529
fffffc3a
1af
234
fffffbca
432
fffffe1e
fffffcf4
5b8
fffffa90
17f
5bb
fffff76f
65c
fffffdea
fffffb86
91a
fffff7dd
3a7
1fd
fffffac5
72f
fffffba5
ffffff98
d8
fffffdad
5fe
fffff826
10d0
ffffede2
fffffce3
f28
ffffec07
b41
6b1
fffff0f7
16d8
fffff435
fffff6b7
132a
ffffed15
507
6b7
fffff33b
e24
fffffde3
fffffa41
6b1
fffff87f
43e
ffffffd6
fffffd7e
91d
fffff42b
11d
65a
fffff4a7
917
5f
fffff9b6
d27
fffff774
fffffddf
6dd
fffff980
400
5fa
fffff338
10ad
fffff90c
fffff97a
100f
ffffeb18
b81
532
fffff021
1455
fffff3d7
fffff8d6
ce7
fffff610
25d
3d0
fffffb3d
539
fffffd4c
fffffd0f
5a4
fffff97a
3cc
258
fffff970
964
fffffb02
fffffe0a
7d1
fffff437
7b9
1bc
fffff781
bf2
fffff873
fffffc9d
67c
fffffb90
367
49b
fffff68c
e0b
fffff817
fffff7d2
1143
ffffefe1
39d
be1
fffff181
7dd
2ee
fffff632
751
fffffd8d
fffffec2
393
fffffd70
18e
fffffe72
fffffc96
397
fffffda7
2a9
1e4
fffffb00
824
fffffadc
fffffc15
989
fffff67e
2ac
682
fffff750
56c
b6
fffffaea
427
fffffe40
fffffb61
14e2
ffffee9f
5bf
2aa
ffffee05
54e
38a
fffffd0d
ae7
fffffabd
1c4
ffffffcd
fffff627
77f
fffff719
101
79c
fffff93b
5a9
1f5
fffff57c
b21
fffff9c6
fffffdda
b77
fffff5f6
410
dc
fffff55a
50e
ffffff6c
ffffffa5
70c
fffffac4
2cf
ffffffd7
fffff997
473
fffffc10
256
156d
fffff9d1
fffffc25
119b
ffffeed5
fffff847
b7d
fffffb9a
1a1
70b
fffff76d
fffffd2e
fffff87c
fffff383
f0c
245
ad
579
fffffbc1
fffffbf4
15c
ffffff7d
fffff9e7
ffffff73
d28
fffffb5d
fffffe5a
ae6
fffff3e2
fffffe50
595
fffffbb6
44e
15e
fffffb2b
103
fffff889
fffffaef
880
fffff6e2
1110
59d
ffffe9cc
1158
fffff348
fffffcf7
643
ffffec31
1ed5
fffffbf8
fffff371
1753
ffffed27
1d2
7c2
fffff8b3
5a0
183
fffffb3e
27
fffff9a9
2ad
501
fffffaa4
b11
1d
fffff6e1
837
fffff758
1f8
ffffffff
fffff5db
136b
fffffa0e
fffffbe6
c46
fffff3eb
3c1
e0
ffffe772
10bf
c36
ffffeb14
1209
fffff54c
fffff9f3
fe3
fffff218
7fb
5e1
fffff151
b3b
fffff521
fffffe17
f3a
fffff137
d30
501
ffffef7c
b3b
fffffb7d
fffffe70
395
fffff675
be2
11a
fffff7d5
c1e
fffff479
52
c02
ffffeec4
d74
3bd
fffff59f
aa9
fffff7a2
58
300
ffffed4a
d77
119
fffff422
ebd
fffff142
ffffffc6
d0e
fffff7ff
2ca
54d
fffff721
6c1
fffffd82
fffffcf7
6a4
fffff669
746
395
fffff686
9c9
fffffa62
fffffd4d
8b6
fffff712
61e
2f7
fffff7dd
9ca
fffff824
a0
75b
fffff43c
a1a
fffffdc1
fffffb5b
80a
fffff5fd
339
2c0
