69
72
35
4b
3b
58
32
34
2e
30
14
14
20
32
1e
22
39
2e
2d
3f
3d
4f
30
4c
35
49
26
3e
25
2d
32
26
2b
3c
1e
20
23
2f
31
3e
2b
37
1b
19
2c
36
0
0
38
3e
37
56
3d
57
8
6
2e
41
34
47
26
29
46
5c
1f
1d
33
34
30
3e
3a
4c
2e
40
32
46
33
31
20
37
38
4f
2e
38
20
0
17
1e
28
22
27
3e
2c
39
31
34
1e
32
29
32
2b
42
1c
2a
37
3d
8
11
3a
40
38
50
21
3a
28
3c
2c
37
36
45
35
43
20
35
2d
44
28
31
33
47
49
62
32
42
28
40
21
37
33
48
2e
52
29
38
15
2b
9
4
2f
2b
2a
46
30
3d
17
38
1b
34
22
35
25
29
28
18
2d
4e
0
16
28
30
33
3f
32
45
23
2a
2a
3a
27
30
36
48
31
41
31
32
29
39
27
3a
3b
36
33
3c
1b
13
2e
3e
2f
24
2c
41
8
20
32
37
30
44
27
2e
30
41
2c
38
21
2f
2c
20
21
24
38
43
33
49
36
3d
22
37
20
26
3c
59
2b
31
2d
39
2a
2e
37
4e
24
46
15
22
29
37
29
2b
35
48
3e
5d
39
4c
24
2c
