0
0
0
0
0
0
0
0
0
0
0
0
0
0
0
44c
fffffccb
fffffeca
3c6
fffffabe
2a6
a2
fffffba7
4d3
ffffd098
ffffbfda
ffffc9f3
804
0
0
3
0
0
0
42e
fffffb08
2f6
ed
28
28
fffff97a
46
5ba
fffff7c0
5d4
ffffffa2
fffffada
744
fffffac0
4e
474
fffff998
48e
ffffffb6
fffffc06
5c0
fffffbce
58
8
0
fffffffc
fffffffb
9
0
ffffd098
ffffbfda
ffffc9f3
804
26d0
11
3
0
ffffea6d
ffffffff
ffffed85
804
23e4
0
28
28
fffffa22
c4
484
fffff918
542
ffffff1c
fffffc30
5c2
fffffb98
110
2c0
fffffbe6
34c
fffffdc6
102
309
fffffe33
ffffff7c
282
fffffcf2
1c9
80
fffffd7d
309
ffffd098
ffffbfda
ffffc9f3
804
ffffa610
fffffff3
3
0
ffffea77
ffffffff
282
fffffcf3
1cb
80
28
28
fffffbfa
63a
fffffb1e
ca
39a
fffffa52
468
ffffff38
fffffcc4
4f0
fffffc42
b0
2e8
fffffbda
2f4
ffffff64
fffffc58
4ba
8
0
ffffffe7
ffffffe5
da
ffffff2b
ffffd098
ffffbfda
ffffc9f3
804
ffff9c00
fffffff3
3
0
ffffea6d
ffffffff
ffffed85
804
6ad6
0
28
28
fffffa9a
100
3d2
fffff9da
4e2
ffffff00
fffffc42
612
fffffb1a
ec
38e
fffffa7a
43e
ffffff54
fffffc5c
1f9
fffffea5
fffffff0
171
fffffe07
15b
10
fffffe8f
1f9
ffffd098
ffffbfda
ffffc9f3
804
ffffe930
ffffffdb
3
0
ffffea59
ffffffff
171
fffffe07
15b
10
28
28
fffffba4
640
fffffb9c
fffffff6
482
fffff9ca
45a
ffffffb8
fffffbce
610
fffffbaa
14
458
fffff9f2
43c
1e
fffffba0
5e2
8
0
fffffff8
ffffffa3
8b
fffffff3
ffffd098
ffffbfda
ffffc9f3
804
ffffbc80
ffffffd2
3
0
ffffe9fa
ffffffff
ffffed85
804
49ce
0
28
28
fffffb32
ffffffc0
52e
fffff924
4a6
32
ffffface
6d2
fffffb82
ffffff74
550
fffff93c
45c
7c
fffffaba
201
fffffea9
ffffffe3
17f
fffffdff
157
1d
fffffe81
201
ffffd098
ffffbfda
ffffc9f3
804
fffff680
ffffffd0
3
0
ffffe923
ffffffff
17f
fffffdff
157
1d
28
28
6fa
fffffb60
ffffffb6
584
fffff916
46c
64
fffffa6c
6d6
fffffbd0
ffffff28
5a0
fffff934
430
f4
fffffa44
6ce
fffffbda
8
0
d1
ffffffcf
ffffffaf
7e
ffffd098
ffffbfda
ffffc9f3
804
ffff9650
ffffffd6
3
0
ffffe799
ffffffff
ffffed85
804
2eec
0
28
28
fffffae2
70
486
fffff952
512
ffffff7a
fffffb6c
6aa
fffffae4
b6
476
fffff960
510
ffffff42
fffffb94
1fd
fffffea6
ffffffed
175
fffffe04
159
14
fffffe8a
1fd
ffffd098
ffffbfda
ffffc9f3
804
70
ffffffd8
3
0
ffffe870
ffffffff
175
fffffe04
159
14
28
28
fffffc34
62a
fffffae2
10c
3ac
fffff9d6
52e
fffffec6
fffffc72
61e
fffffaae
156
370
fffff9de
55e
fffffe74
fffffcaa
618
8
0
cf
2e
ffffff90
44
ffffd098
ffffbfda
ffffc9f3
804
ffff9990
ffffffd8
3
0
ffffea88
ffffffff
ffffed85
804
2098
0
28
28
fffffb32
80
41a
fffff9c0
4d8
ffffff52
fffffc08
634
fffffb1a
b0
3ee
fffff9c8
4c8
ffffff5c
fffffc0a
202
fffffea9
ffffffe4
180
fffffdfe
157
1c
fffffe80
202
ffffd098
ffffbfda
ffffc9f3
804
fffff680
ffffffd9
3
0
ffffeb1a
ffffffff
180
fffffdfe
157
1c
28
28
668
fffffb48
38
46c
fffff996
4b8
ffffffb8
fffffb98
664
fffffb3c
3e
468
fffff998
4b8
ffffffb0
fffffb9e
662
fffffb36
8
0
142
ffffff73
ffffffe0
3b
ffffd098
ffffbfda
ffffc9f3
804
3420
ffffffd9
3
0
ffffea90
ffffffff
ffffed85
804
328c
0
28
28
fffffb70
fffffffa
494
fffff99e
482
fffffff8
fffffb6c
65c
fffffb72
fffffff8
494
fffff9a0
486
2
fffffb68
202
fffffea9
ffffffe4
180
fffffdfe
157
1c
fffffe80
202
ffffd098
ffffbfda
ffffc9f3
804
ffffa3c0
ffffffda
3
0
ffffea41
ffffffff
180
fffffdfe
157
1c
28
28
674
fffffb72
ffffffda
4c0
fffff988
480
26
fffffb36
672
fffffb84
ffffffc4
4d0
fffff98a
468
42
fffffb24
672
fffffb9a
8
0
ffffffee
ffffffe5
3
1e
ffffd098
ffffbfda
ffffc9f3
804
7740
ffffffda
3
0
ffffe9c2
ffffffff
ffffed85
804
602c
0
28
28
fffffb8e
ffffff9c
4fc
fffff97a
456
74
fffffaf0
680
fffffbb8
ffffff64
51e
fffff97c
42c
9e
fffffad2
202
fffffea9
ffffffe4
180
fffffdfe
157
1c
fffffe80
202
ffffd098
ffffbfda
ffffc9f3
804
ffffea50
ffffffda
3
0
ffffe8e3
ffffffff
180
fffffdfe
157
1c
28
28
6a0
fffffb66
ffffffb8
500
fffff95e
480
44
fffffaf4
69a
fffffb82
ffffff94
514
fffff962
468
72
fffffadc
696
fffffba4
8
0
ffffffce
41
ffffffaf
50
ffffd098
ffffbfda
ffffc9f3
804
ffff8bd0
ffffffda
3
0
ffffe8a9
ffffffff
ffffed85
804
4910
0
28
28
fffffb6c
ffffffba
4fe
fffff966
484
42
fffffaf8
692
fffffb88
ffffffa6
50a
fffff96a
460
74
fffffada
202
fffffea9
ffffffe4
180
fffffdfe
157
1c
fffffe80
202
ffffd098
ffffbfda
ffffc9f3
804
ffffef60
ffffffda
3
0
ffffe857
ffffffff
180
fffffdfe
157
1c
28
28
6ca
fffffb44
ffffffd2
51a
fffff932
4ac
36
fffffad6
6c6
fffffb5e
ffffff9e
534
fffff936
482
68
fffffab8
6c4
fffffb86
8
0
ffffffd4
4c
ffffffb5
fffffe5e
ffffd098
ffffbfda
ffffc9f3
804
fffff260
ffffffd9
3
0
ffffe795
ffffffff
ffffed85
804
60d6
0
28
28
fffffb18
88
436
fffff9a4
4e8
ffffff66
fffffbcc
658
fffffb04
aa
41c
fffff9a4
508
ffffff30
fffffbee
202
fffffea9
ffffffe4
180
fffffdfe
157
1c
fffffe80
202
ffffd098
ffffbfda
ffffc9f3
804
fffffd80
ffffffdd
3
0
ffffe977
ffffffff
180
fffffdfe
157
1c
28
28
606
fffffb28
c8
3c0
fffff9fa
4ee
fffffef6
fffffc6c
5f8
fffffaf8
124
37a
fffffa08
514
fffffec0
fffffc96
5f2
fffffad4
8
0
1d0
ffffff4b
ffffffda
12
ffffd098
ffffbfda
ffffc9f3
804
ffffe6e0
ffffffdd
3
0
ffffeb89
ffffffff
ffffed85
804
1044
0
28
28
fffffb64
52
430
fffff9d6
4b0
ffffff82
fffffbea
622
fffffb52
68
418
fffff9da
498
ffffffa0
fffffbd6
202
fffffea9
ffffffe4
180
fffffdfe
157
1c
fffffe80
202
ffffd098
ffffbfda
ffffc9f3
804
7a40
ffffffdc
3
0
ffffeb03
ffffffff
180
fffffdfe
157
1c
28
28
666
fffffb6a
4
490
fffff998
490
fffffff0
fffffb70
664
fffffb68
c
488
fffff99a
492
fffffff0
fffffb70
662
fffffb66
8
0
ffffffd7
2a
1f
ffffff7f
ffffd098
ffffbfda
ffffc9f3
804
ffff8290
ffffffda
3
0
ffffea41
ffffffff
ffffed85
804
5790
0
28
28
fffffb76
ffffffe4
4b2
fffff98c
47c
1c
fffffb44
670
fffffb7c
ffffffce
4c0
fffff98a
474
32
fffffb36
202
fffffea9
ffffffe4
180
fffffdfe
157
1c
fffffe80
202
ffffd098
ffffbfda
ffffc9f3
804
fffffae0
ffffffd9
3
0
ffffe9d2
ffffffff
180
fffffdfe
157
1c
28
28
68e
fffffb68
ffffffc8
4dc
fffff96c
47e
3e
fffffb12
68c
fffffb8a
ffffffa6
4f2
fffff96e
46a
60
fffffb00
68c
fffffb9c
8
0
15
fffffff9
ffffffed
4a
ffffd098
ffffbfda
ffffc9f3
804
79f0
ffffffd9
3
0
ffffe952
ffffffff
ffffed85
804
41fe
0
28
28
fffffb6a
ffffffc6
4e8
fffff964
480
4a
fffffb04
694
fffffb92
ffffff98
508
fffff968
462
62
fffffaec
206
fffffea1
ffffffeb
17e
fffffdf9
15f
16
fffffe80
206
ffffd098
ffffbfda
ffffc9f3
804
ffff8ba0
ffffffd5
3
0
ffffe8f5
ffffffff
17e
fffffdf9
15f
16
28
28
6b4
fffffb5c
ffffffbc
508
fffff946
48a
4c
fffffae2
6b2
fffffb76
ffffff8a
528
fffff94c
46a
84
fffffac0
6ae
fffffb9e
8
0
75
fffffffc
ffffff9c
77
ffffd098
ffffbfda
ffffc9f3
804
ffff8440
ffffffd5
3
0
ffffe894
ffffffff
ffffed85
804
47d2
0
28
28
fffffb60
ffffff8e
53a
fffff93a
470
90
fffffaa2
6ba
fffffba0
ffffff4c
560
fffff942
450
b2
fffffa92
206
fffffea1
ffffffeb
17e
fffffdf9
15f
16
fffffe80
206
ffffd098
ffffbfda
ffffc9f3
804
ffffb220
ffffffd2
3
0
ffffe7e6
ffffffff
17e
fffffdf9
15f
16
28
28
6e6
fffffb42
ffffffaa
544
fffff91c
498
78
fffffa98
6d8
fffffb7c
ffffff6e
568
fffff920
47a
84
fffffa8c
6d8
fffffb88
8
0
fffffe1b
105
ffffffb3
42
ffffd098
ffffbfda
ffffc9f3
804
ffffaa80
ffffffd5
3
0
ffffe70b
ffffffff
ffffed85
804
5c26
0
28
28
fffffad4
dc
404
fffff992
530
ffffff02
fffffbfe
668
fffffab6
118
3d4
fffff99a
562
fffffea0
fffffc54
206
fffffea1
ffffffeb
17e
fffffdf9
15f
16
fffffe80
206
ffffd098
ffffbfda
ffffc9f3
804
3bf0
ffffffd6
3
0
ffffe93f
ffffffff
17e
fffffdf9
15f
16
28
28
614
fffffaf8
100
3a2
fffff9f0
51e
fffffeb8
fffffc94
5fc
fffffac4
168
34a
fffffa06
54e
fffffe6a
fffffcd0
5f2
fffffa8c
8
0
217
ffffff0a
ffffffe4
39
ffffd098
ffffbfda
ffffc9f3
804
6fd0
ffffffd9
3
0
ffffeb4e
ffffffff
ffffed85
804
2a0e
0
28
28
fffffb46
66
42c
fffff9c4
4d4
ffffff5c
fffffbfe
62e
fffffb26
9c
3fe
fffff9d0
4ce
ffffff6c
fffffbf0
206
fffffea1
ffffffeb
17e
fffffdf9
15f
16
fffffe80
206
ffffd098
ffffbfda
ffffc9f3
804
67f0
ffffffd4
3
0
ffffeb0c
ffffffff
17e
fffffdf9
15f
16
28
28
66a
fffffb5c
14
48a
fffff992
4aa
ffffffde
fffffb7a
66a
fffffb52
1c
484
fffff992
49c
ffffffec
fffffb6e
668
fffffb5e
8
0
ffffffbd
2a
3b
ffffff6a
ffffd098
ffffbfda
ffffc9f3
804
430
ffffffd7
3
0
ffffea50
ffffffff
ffffed85
804
5cba
0
28
28
fffffb5e
ffffffe2
4c8
fffff970
492
1e
fffffb2c
68a
fffffb6a
ffffffd4
4d4
fffff970
490
28
fffffb28
206
fffffea1
ffffffeb
17e
fffffdf9
15f
16
fffffe80
206
ffffd098
ffffbfda
ffffc9f3
804
ffffa460
ffffffd2
3
0
ffffe9bf
ffffffff
17e
fffffdf9
15f
16
28
28
694
fffffb64
ffffffce
4dc
fffff966
48c
3a
fffffb12
692
fffffb78
ffffffb4
4f0
fffff968
480
4c
fffffb08
692
fffffb86
8
0
fffffe7a
7a
15
fffffff9
ffffd098
ffffbfda
ffffc9f3
804
3310
ffffffd6
3
0
ffffe96a
ffffffff
ffffed85
804
1ba
0
28
28
fffffb54
ffffffd6
4e6
fffff95a
49a
38
fffffb04
6a0
fffffb6e
ffffffb0
500
fffff95c
478
5a
fffffaee
206
fffffea1
ffffffeb
17e
fffffdf9
15f
16
fffffe80
206
ffffd098
ffffbfda
ffffc9f3
804
52e0
ffffffd2
3
0
ffffe910
ffffffff
17e
fffffdf9
15f
16
28
28
6b8
fffffb58
ffffffb0
512
fffff944
488
5a
fffffad8
6b4
fffffb7c
ffffff88
52e
fffff944
470
82
fffffabe
6b4
fffffb96
8
0
fffffe4e
1cb
ffffff13
16
ffffd098
ffffbfda
ffffc9f3
804
fffffbb0
ffffffd5
3
0
ffffe87a
ffffffff
ffffed85
804
28f0
0
28
28
fffffb5e
ffffff92
53e
fffff934
47c
8a
fffffaa4
6c0
fffffb9c
ffffff46
56c
fffff93e
44c
c4
fffffa80
206
fffffea1
ffffffeb
17e
fffffdf9
15f
16
fffffe80
206
ffffd098
ffffbfda
ffffc9f3
804
ffffbce0
ffffffd1
3
0
ffffe7c4
ffffffff
17e
fffffdf9
15f
16
28
28
6f4
fffffb4c
ffffff8e
55e
fffff90e
490
90
fffffa7e
6e4
fffffb8e
ffffff32
594
fffff91c
452
ca
fffffa5a
6e0
fffffbb0
8
0
31
44
ffffff6e
bc
ffffd098
ffffbfda
ffffc9f3
804
fffffbe0
ffffffd4
3
0
ffffe6c6
ffffffff
ffffed85
804
5a66
0
28
28
fffffade
96
454
fffff966
522
ffffff4c
fffffbae
694
ffffface
b2
440
fffff968
542
ffffff12
fffffbda
206
fffffea1
ffffffeb
17e
fffffdf9
15f
16
fffffe80
206
ffffd098
ffffbfda
ffffc9f3
804
3170
ffffffd5
3
0
ffffe8a1
ffffffff
17e
fffffdf9
15f
16
28
28
62a
fffffb06
d8
3cc
fffff9da
50e
fffffef4
fffffc50
61c
fffffada
120
392
fffff9e2
532
fffffeb4
fffffc82
614
fffffaa6
8
0
217
ffffff0a
ffffffe4
239
ffffd098
ffffbfda
ffffc9f3
804
ffffd110
ffffffd9
3
0
ffffeafd
ffffffff
ffffed85
804
2e30
0
28
28
fffffb42
6c
428
fffff9c6
4d2
ffffff5e
fffffbfc
62c
fffffb1e
a4
3f8
fffff9d0
4dc
ffffff56
fffffc04
206
fffffea1
ffffffeb
17e
fffffdf9
15f
16
fffffe80
206
ffffd098
ffffbfda
ffffc9f3
804
76b0
ffffffd4
3
0
ffffeb34
ffffffff
17e
fffffdf9
15f
16
28
28
65e
fffffb46
36
468
fffff9a0
4c0
ffffffb2
fffffba2
65c
fffffb36
54
452
fffff9a2
4c0
ffffffaa
fffffba8
65a
fffffb36
8
0
ffffffbd
2a
3b
ffffff6a
ffffd098
ffffbfda
ffffc9f3
804
4520
ffffffd7
3
0
ffffea8f
ffffffff
ffffed85
804
2ef0
0
28
28
fffffb7a
ffffffc4
4da
fffff974
47a
40
fffffb1c
684
fffffb88
ffffffae
4e6
fffff978
470
52
fffffb12
201
fffffea4
ffffffec
179
fffffdfe
15c
15
fffffe85
201
ffffd098
ffffbfda
ffffc9f3
804
1540
ffffffd4
3
0
ffffe9aa
ffffffff
179
fffffdfe
15c
15
28
28
fffffb08
692
fffffb7e
ffffffac
4f2
fffff968
46c
5c
fffffafe
68e
fffffb8c
ffffff96
500
fffff968
462
70
fffffaf0
692
8
0
fffffe8e
7a
2d
fffffdb7
ffffd098
ffffbfda
ffffc9f3
804
ffffae00
ffffffd6
3
0
ffffe955
ffffffff
ffffed85
804
761e
0
28
28
fffffb84
ffffffa4
4f8
fffff96c
474
52
fffffb02
68e
fffffb8e
ffffff96
504
fffff96c
45c
68
fffffaf4
201
fffffea6
ffffffe8
17b
fffffdfe
15a
19
fffffe83
201
ffffd098
ffffbfda
ffffc9f3
804
72e0
ffffffd9
3
0
ffffe916
ffffffff
17b
fffffdfe
15a
19
28
28
fffffaf0
6aa
fffffb70
ffffffa2
512
fffff950
47c
64
fffffadc
6aa
fffffb90
ffffff74
530
fffff954
45c
94
fffffabe
6a6
8
0
fffffdfa
a8
47
ffffffb8
ffffd098
ffffbfda
ffffc9f3
804
4660
ffffffd6
3
0
ffffe88e
ffffffff
ffffed85
804
29a6
0
28
28
fffffbae
ffffff38
56a
fffff94a
438
d4
fffffa82
6b0
fffffbda
fffffefe
58c
fffff94e
404
10a
fffffa62
1fc
fffffeac
ffffffe5
179
fffffe04
154
1c
fffffe85
1fc
ffffd098
ffffbfda
ffffc9f3
804
5d00
ffffffd5
3
0
ffffe79e
ffffffff
179
fffffe04
154
1c
28
28
fffffa82
6d2
fffffb98
ffffff3e
582
fffff92a
43e
e4
fffffa5c
6cc
fffffbc8
fffffefc
5ac
fffff92e
416
122
fffffa32
6c6
8
0
fffffe48
bf
fffffff6
ffffffe6
ffffd098
ffffbfda
ffffc9f3
804
ffff9610
ffffffd6
3
0
ffffe6a8
ffffffff
ffffed85
804
1772
0
28
28
fffffaec
a6
434
fffff98a
506
ffffff52
fffffbc6
672
fffffade
cc
414
fffff990
534
ffffff00
fffffc0e
1fc
fffffeac
ffffffe5
179
fffffe04
154
1c
fffffe85
1fc
ffffd098
ffffbfda
ffffc9f3
804
3db0
ffffffd8
3
0
ffffe8c6
ffffffff
179
fffffe04
154
1c
28
28
624
fffffb10
c4
3d8
fffff9da
502
fffffefa
fffffc54
614
fffffae0
120
38e
fffff9ec
534
fffffeae
fffffc8e
60c
fffffab0
8
0
1e0
ffffff41
ffffffe7
3
ffffd098
ffffbfda
ffffc9f3
804
ffffce10
ffffffdb
3
0
ffffeaed
ffffffff
ffffed85
804
6c10
0
28
28
fffffb5a
5a
428
fffff9d6
4be
ffffff6c
fffffbfe
61c
fffffb3e
86
402
fffff9e0
4a4
ffffff84
fffffbf0
1fc
fffffeac
ffffffe5
179
fffffe04
154
1c
fffffe85
1fc
ffffd098
ffffbfda
ffffc9f3
804
ffffef30
ffffffd7
3
0
ffffeafe
ffffffff
179
fffffe04
154
1c
28
28
65c
fffffb62
16
47c
fffff9a0
496
ffffffde
fffffb86
658
fffffb5a
22
472
fffff9a2
4aa
ffffffd2
fffffb8c
658
fffffb50
8
0
ffffff98
35
5e
ffffff73
ffffd098
ffffbfda
ffffc9f3
804
ffff9400
ffffffd9
3
0
ffffea56
ffffffff
ffffed85
804
7818
0
28
28
fffffb7c
ffffffd0
4c6
fffff982
486
2c
fffffb34
67a
fffffb80
ffffffca
4c8
fffff982
474
3c
fffffb2a
1fc
fffffeac
ffffffe5
179
fffffe04
154
1c
fffffe85
1fc
ffffd098
ffffbfda
ffffc9f3
804
ffffb220
ffffffd4
3
0
ffffe9aa
ffffffff
179
fffffe04
154
1c
28
28
67e
fffffb68
ffffffd6
4c8
fffff97c
484
32
fffffb2a
67e
fffffb7a
ffffffc8
4d4
fffff97e
47c
30
fffffb2a
67e
fffffb80
8
0
fffffe29
80
5c
ffffffa3
ffffd098
ffffbfda
ffffc9f3
804
2f00
ffffffd8
3
0
ffffe987
ffffffff
ffffed85
804
83c
0
28
28
fffffb7e
ffffffae
4f2
fffff96c
476
5e
fffffafe
68e
fffffb8c
ffffff9c
4fe
fffff96c
46a
66
fffffafa
1fb
fffffeac
ffffffe5
17a
fffffe05
154
1b
fffffe86
1fb
ffffd098
ffffbfda
ffffc9f3
804
ffffad10
ffffffd4
3
0
ffffe91d
ffffffff
17a
fffffe05
154
1b
28
28
fffffae6
6a6
fffffb7c
ffffff96
518
fffff952
474
66
fffffade
6a6
fffffb90
ffffff76
52a
fffff954
466
88
fffffacc
6a6
8
0
fffffe1d
b4
1a
ffffffde
ffffd098
ffffbfda
ffffc9f3
804
ffffd6d0
ffffffd7
3
0
ffffe890
ffffffff
ffffed85
804
2c92
0
28
28
fffffb76
ffffff8e
52c
fffff946
476
86
fffffaba
6b0
fffffb98
ffffff5c
54c
fffff94c
452
b2
fffffa9e
1fc
fffffeab
ffffffe5
17a
fffffe05
154
1b
fffffe86
1fb
ffffd098
ffffbfda
ffffc9f3
804
3db0
ffffffd5
3
0
ffffe7cf
ffffffff
17a
fffffe05
154
1b
28
28
6e2
fffffb4e
ffffff94
552
fffff920
47a
98
fffffa8a
6d2
fffffb98
ffffff36
582
fffff92c
454
d0
fffffa6c
6ce
fffffbb4
8
0
fffffe1e
102
ffffffb4
45
ffffd098
ffffbfda
ffffc9f3
804
ffff9080
ffffffd7
3
0
ffffe6c6
ffffffff
ffffed85
804
2ab8
0
28
28
fffffaf4
9a
438
fffff98a
514
ffffff46
fffffbd4
66e
fffffade
c2
414
fffff98e
536
fffffefe
fffffc10
206
fffffea1
ffffffe9
17f
fffffdfa
15f
17
fffffe81
206
ffffd098
ffffbfda
ffffc9f3
804
7170
ffffffdd
3
0
ffffe8e2
ffffffff
17f
fffffdfa
15f
17
28
28
61a
fffffafe
de
3bc
fffff9e8
514
fffffed8
fffffc78
604
fffffad2
146
366
fffff9fc
536
fffffe96
fffffcac
5fa
fffffaa0
8
0
1d5
ffffff64
ffffffc5
12
ffffd098
ffffbfda
ffffc9f3
804
fffff4b0
ffffffd8
3
0
ffffeb37
ffffffff
ffffed85
804
61e8
0
28
28
fffffb48
62
430
fffff9c2
4ca
ffffff6a
fffffbf2
630
fffffb2e
8e
406
fffff9cc
4c6
ffffff7c
fffffbe8
206
fffffea1
ffffffe9
17f
fffffdfa
15f
17
fffffe81
206
ffffd098
ffffbfda
ffffc9f3
804
4c20
ffffffd7
3
0
ffffeae7
ffffffff
17f
fffffdfa
15f
17
28
28
664
fffffb54
20
47a
fffff99c
4b0
ffffffd0
fffffb88
660
fffffb44
28
470
fffff99c
4aa
ffffffd8
fffffb84
660
fffffb4e
8
0
ffffffbc
2e
36
ffffff6c
ffffd098
ffffbfda
ffffc9f3
804
ffffabd0
ffffffd6
3
0
ffffea68
ffffffff
ffffed85
804
dc8
0
28
28
fffffb5c
ffffffde
4be
fffff97c
494
1e
fffffb3c
67e
fffffb68
ffffffe2
4be
fffff97a
48c
22
fffffb34
206
fffffea1
ffffffe9
17f
fffffdfa
15f
17
fffffe81
206
ffffd098
ffffbfda
ffffc9f3
804
5ef0
ffffffd5
3
0
ffffe9d3
ffffffff
17f
fffffdfa
15f
17
28
28
69a
fffffb60
ffffffca
4e4
fffff960
48a
3c
fffffb0e
698
fffffb74
ffffffb2
4ee
fffff962
47e
52
fffffb02
698
fffffb80
8
0
fffffe6f
a9
16
ffffffa2
ffffd098
ffffbfda
ffffc9f3
804
ffff8aa0
ffffffd6
3
0
ffffe95c
ffffffff
ffffed85
804
5e94
0
28
28
fffffb64
ffffffc2
4ea
fffff964
482
52
fffffb00
694
fffffb7e
ffffff9c
502
fffff968
472
64
fffffaf4
206
fffffea1
ffffffe9
17f
fffffdfa
15f
17
fffffe81
206
ffffd098
ffffbfda
ffffc9f3
804
ffff96f0
ffffffd4
3
0
ffffe915
ffffffff
17f
fffffdfa
15f
17
28
28
6b6
fffffb4c
ffffffbe
504
fffff948
49c
48
fffffaee
6b2
fffffb6a
ffffff9e
51a
fffff94a
484
5e
fffffade
6b0
fffffb7a
8
0
10
12
ffffffb3
81
ffffd098
ffffbfda
ffffc9f3
804
ffffba20
ffffffd5
3
0
ffffe8a5
ffffffff
ffffed85
804
2ce
0
28
28
fffffb60
ffffff98
532
fffff93a
480
7a
fffffab8
6c0
fffffb8e
ffffff5c
558
fffff940
458
b8
fffffa90
206
fffffea1
ffffffe9
17f
fffffdfa
15f
17
fffffe81
206
ffffd098
ffffbfda
ffffc9f3
804
ffffbfa0
ffffffd3
3
0
ffffe7c8
ffffffff
17f
fffffdfa
15f
17
28
28
6ee
fffffb3e
ffffffa2
54c
fffff914
498
84
fffffa92
6e2
fffffb7c
ffffff4a
57c
fffff91e
46a
c2
fffffa6e
6dc
fffffba4
8
0
7
4b
ffffff86
99
ffffd098
ffffbfda
ffffc9f3
804
3770
ffffffd5
3
0
ffffe6db
ffffffff
ffffed85
804
1cf8
0
28
28
fffffae2
b2
42e
fffff980
532
ffffff18
fffffbec
676
fffffab2
106
3ec
fffff988
564
fffffed4
fffffc26
1f9
fffffeab
ffffffe9
176
fffffe07
155
17
fffffe8a
1f9
ffffd098
ffffbfda
ffffc9f3
804
ffffc340
ffffffdb
3
0
ffffe8b0
ffffffff
176
fffffe07
154
17
28
28
fffffc8c
5f2
fffffad8
150
34c
fffffa14
546
fffffe68
fffffce4
5dc
fffffa94
1c0
2f4
fffffa24
57a
fffffe0a
fffffd2a
5d4
8
0
ffffffd2
ffffffd4
67
ffffffb3
ffffd098
ffffbfda
ffffc9f3
804
1aa0
ffffffdb
3
0
ffffeb52
ffffffff
ffffed85
804
21e0
0
28
28
fffffb48
7e
408
fffff9de
4d2
ffffff42
fffffc24
612
fffffb28
b0
3da
fffff9ea
4e2
ffffff28
fffffc3c
200
fffffea6
ffffffec
179
fffffe00
15a
15
fffffe87
200
ffffd098
ffffbfda
ffffc9f3
804
7490
ffffffdb
3
0
ffffeb49
ffffffff
179
fffffe00
15a
15
28
28
662
fffffb6e
0
488
fffff99c
49c
ffffffee
fffffb76
65e
fffffb62
8
486
fffff9a0
48c
fffffff6
fffffb70
65e
fffffb6e
8
0
ffffffdc
2a
1d
ffffff88
ffffd098
ffffbfda
ffffc9f3
804
12a0
ffffffd8
3
0
ffffea23
ffffffff
ffffed85
804
77e0
0
28
28
fffffb7a
ffffffb8
4de
fffff974
47a
42
fffffb1a
686
fffffb78
ffffffa2
4e8
fffff976
468
58
fffffb0a
200
fffffea6
ffffffec
179
fffffe00
15a
15
fffffe87
200
ffffd098
ffffbfda
ffffc9f3
804
cb0
ffffffd4
3
0
ffffe9a2
ffffffff
179
fffffe00
15a
15
28
28
696
fffffb6e
ffffffa0
4f2
fffff96a
472
54
fffffb04
692
fffffb8e
ffffff96
4fe
fffff96a
468
70
fffffaf6
690
fffffb9a
8
0
19
ffffffae
12
fffffe61
ffffd098
ffffbfda
ffffc9f3
804
35d0
ffffffd7
3
0
ffffe92f
ffffffff
ffffed85
804
7e94
0
28
28
fffffb5a
ffffffca
4ea
fffff952
49c
42
fffffb00
6a4
fffffb70
ffffffa4
50a
fffff958
47c
62
fffffaea
200
fffffea6
ffffffec
179
fffffe00
15a
15
fffffe87
200
ffffd098
ffffbfda
ffffc9f3
804
ffffb0f0
ffffffd2
3
0
ffffe90b
ffffffff
179
fffffe00
15a
15
28
28
6a8
fffffb5e
ffffffce
4f6
fffff954
490
48
fffffaf4
6a4
fffffb6e
ffffff9c
512
fffff95a
478
60
fffffae6
6a4
fffffb8c
8
0
fffffe1b
b5
1b
ffffffdb
ffffd098
ffffbfda
ffffc9f3
804
14d0
ffffffd7
3
0
ffffe897
ffffffff
ffffed85
804
2640
0
28
28
fffffb50
ffffff98
532
fffff936
482
7e
fffffab2
6c2
fffffb8a
ffffff62
554
fffff93a
464
ae
fffffa98
200
fffffea6
ffffffec
179
fffffe00
15a
15
fffffe87
200
ffffd098
ffffbfda
ffffc9f3
804
fffff170
ffffffd2
3
0
ffffe7dc
ffffffff
179
fffffe00
15a
15
28
28
6d4
fffffb40
ffffffb8
528
fffff92a
49c
74
fffffab0
6ca
fffffb7e
ffffff82
554
fffff934
476
8a
fffffaa0
6c8
fffffb8e
8
0
fffffe1b
105
ffffffb3
42
ffffd098
ffffbfda
ffffc9f3
804
fffff880
ffffffd5
3
0
ffffe722
ffffffff
ffffed85
804
3102
0
28
28
fffffae0
c0
422
fffff986
524
ffffff2e
fffffbe2
672
fffffac0
ec
3fa
fffff98e
550
fffffed2
fffffc2a
200
fffffea6
ffffffec
179
fffffe00
15a
15
fffffe87
200
ffffd098
ffffbfda
ffffc9f3
804
5610
ffffffd6
3
0
ffffe90b
ffffffff
179
fffffe00
15a
15
28
28
616
fffffb00
ec
3ae
fffff9ee
512
fffffece
fffffc84
5fe
fffffad0
152
358
fffffa04
540
fffffe8a
fffffcba
5f4
fffffaac
8
0
1e3
ffffff3e
ffffffe6
8
ffffd098
ffffbfda
ffffc9f3
804
ffffaad0
ffffffda
3
0
ffffeb11
ffffffff
ffffed85
804
67de
0
28
28
fffffb4c
54
43a
fffff9c0
4cc
ffffff7a
fffffbe6
636
fffffb48
70
420
fffff9ca
4ac
ffffff9c
fffffbce
200
fffffea6
ffffffec
179
fffffe00
15a
15
fffffe87
200
ffffd098
ffffbfda
ffffc9f3
804
ffffd510
ffffffd5
3
0
ffffeae9
ffffffff
179
fffffe00
15a
15
28
28
65e
fffffb70
8
48c
fffff99e
494
ffffffec
fffffb76
65e
fffffb5a
10
482
fffff9a0
490
fffffff4
fffffb72
65c
fffffb68
8
0
ffffffcc
4e
0
ffffff82
ffffd098
ffffbfda
ffffc9f3
804
ffff8f20
ffffffd8
3
0
ffffea46
ffffffff
ffffed85
804
3664
0
28
28
fffffb62
ffffffd2
4ce
fffff974
48a
2c
fffffb26
68a
fffffb6a
ffffffc4
4d4
fffff974
48c
34
fffffb28
200
fffffea6
ffffffec
179
fffffe00
15a
15
fffffe87
200
ffffd098
ffffbfda
ffffc9f3
804
5da0
ffffffd4
3
0
ffffe9c7
ffffffff
179
fffffe00
15a
15
28
28
692
fffffb68
ffffffc2
4e4
fffff96a
486
4c
fffffb0c
690
fffffb88
ffffffaa
4f2
fffff96a
46e
5c
fffffb00
68e
fffffb8e
8
0
fffffea5
89
b
ffffffc9
ffffd098
ffffbfda
ffffc9f3
804
4070
ffffffd7
3
0
ffffe942
ffffffff
ffffed85
804
24fc
0
28
28
fffffb78
ffffffa2
500
fffff962
476
5e
fffffaf4
696
fffffb84
ffffff8c
50e
fffff964
468
80
fffffae0
1ff
fffffea9
ffffffe7
17c
fffffe01
157
19
fffffe84
1ff
ffffd098
ffffbfda
ffffc9f3
804
1e80
ffffffd4
3
0
ffffe924
ffffffff
17c
fffffe01
157
19
28
28
fffffad4
6ac
fffffb8e
ffffff82
52c
fffff950
468
84
fffffac8
6aa
fffffb9e
ffffff54
540
fffff954
44e
a6
fffffab4
6a6
8
0
fffffe1c
b5
1a
ffffffdd
ffffd098
ffffbfda
ffffc9f3
804
27a0
ffffffd9
3
0
ffffe873
ffffffff
ffffed85
804
2a06
0
28
28
fffffb56
ffffffa0
52a
fffff936
486
7a
fffffab6
6be
fffffb86
ffffff6c
552
fffff93a
45c
be
fffffa8e
204
fffffe9e
fffffff3
177
fffffdfc
162
e
fffffe87
204
ffffd098
ffffbfda
ffffc9f3
804
6750
ffffffd5
3
0
ffffe7dd
ffffffff
177
fffffdfc
162
e
28
28
6e4
fffffb46
ffffffaa
548
fffff91c
48e
8c
fffffa90
6d6
fffffb82
ffffff4e
57a
fffff926
45e
ba
fffffa76
6d2
fffffba2
8
0
fffffe19
104
ffffffb6
3e
ffffd098
ffffbfda
ffffc9f3
804
40
ffffffd3
3
0
ffffe6fc
ffffffff
ffffed85
804
1a74
0
28
28
fffffacc
cc
41a
fffff980
53e
ffffff06
fffffbfe
676
fffffaa0
126
3da
fffff98a
56c
fffffeb6
fffffc3c
1fc
fffffea7
ffffffec
175
fffffe03
159
15
fffffe89
1fc
ffffd098
ffffbfda
ffffc9f3
804
1e90
ffffffd9
3
0
ffffe8ca
ffffffff
175
fffffe03
159
15
28
28
fffffc8e
5f2
fffffade
144
35c
fffffa10
53a
fffffe7c
fffffcd0
5e4
fffffaa4
1a4
30a
fffffa1c
572
fffffe24
fffffd16
5da
8
0
16a
ffffff5a
20
e
ffffd098
ffffbfda
ffffc9f3
804
ffffcc40
ffffffd8
3
0
ffffeb5f
ffffffff
ffffed85
804
a68
0
28
28
fffffb3e
90
3f8
fffff9e4
4d6
ffffff38
fffffc2a
612
fffffb24
b4
3d4
fffff9ec
4f0
ffffff0e
fffffc4e
1fb
fffffea3
fffffff2
170
fffffe05
15d
e
fffffe8f
1fb
ffffd098
ffffbfda
ffffc9f3
804
58a0
ffffffd9
3
0
ffffeb49
ffffffff
170
fffffe05
15d
e
28
28
fffffba6
64a
fffffb44
4e
448
fffff9b4
4c2
ffffffa6
fffffbb8
646
fffffb3e
66
438
fffff9b6
4c4
ffffff94
fffffbc8
646
8
0
ffffffec
12
1f
ffffffa3
ffffd098
ffffbfda
ffffc9f3
804
fffff7e0
ffffffd4
3
0
ffffea78
ffffffff
ffffed85
804
6c1a
0
28
28
fffffb76
ffffffca
4c8
fffff980
482
2e
fffffb30
67a
fffffb80
ffffffc0
4ca
fffff980
47a
36
fffffb2c
1fb
fffffea3
fffffff2
170
fffffe05
15d
e
fffffe8f
1fb
ffffd098
ffffbfda
ffffc9f3
804
1d50
ffffffd6
3
0
ffffe9db
ffffffff
170
fffffe05
15d
e
28
28
68e
fffffb70
ffffffc2
4e0
fffff96c
48a
46
fffffb12
68e
fffffb86
ffffffa2
4f6
fffff96e
468
62
fffffafc
68c
fffffb9a
8
0
6
ffffffbb
44
fffffff6
ffffd098
ffffbfda
ffffc9f3
804
2ce0
ffffffd4
3
0
ffffe92e
ffffffff
ffffed85
804
46a6
0
28
28
fffffb68
ffffffc2
4e8
fffff966
48c
3a
fffffb0e
692
fffffb7c
ffffffa0
4fe
fffff968
470
62
fffffaf6
1fb
fffffea3
fffffff2
170
fffffe05
15d
e
fffffe8f
1fb
ffffd098
ffffbfda
ffffc9f3
804
ffff9960
ffffffd4
3
0
ffffe8fb
ffffffff
170
fffffe05
15d
e
28
28
6a6
fffffb5e
ffffffb8
4fe
fffff954
48a
54
fffffaee
6a4
fffffb7c
ffffff9a
516
fffff958
470
7e
fffffad6
6a2
fffffb98
8
0
fffffe6a
96
1b
ffffffc8
ffffd098
ffffbfda
ffffc9f3
804
ffffca10
ffffffd2
3
0
ffffe89d
ffffffff
ffffed85
804
6e12
0
28
28
fffffb6a
ffffff92
532
fffff944
46e
98
fffffab2
6b2
fffffba0
ffffff4e
556
fffff94c
44a
bc
fffffa94
1fb
fffffea3
fffffff2
170
fffffe05
15d
e
fffffe8f
1fb
ffffd098
ffffbfda
ffffc9f3
804
1870
ffffffd5
3
0
ffffe7cb
ffffffff
170
fffffe05
15d
e
28
28
6d2
fffffb4c
ffffffa6
536
fffff930
488
7e
fffffaa4
6c2
fffffb8c
ffffff60
55c
fffff93a
462
9e
fffffa9a
6c0
fffffba2
8
0
fffffe1d
103
ffffffb4
43
ffffd098
ffffbfda
ffffc9f3
804
d20
ffffffd3
3
0
ffffe717
ffffffff
ffffed85
804
3fa8
0
28
28
fffffaea
bc
414
fffff99a
516
ffffff2c
fffffbf0
65e
fffffad2
fc
3e4
fffff9a4
548
fffffecc
fffffc44
1fb
fffffea3
fffffff2
170
fffffe05
15d
e
fffffe8f
1fb
ffffd098
ffffbfda
ffffc9f3
804
ffffe130
ffffffd8
3
0
ffffe92d
ffffffff
170
fffffe05
15d
e
28
28
60e
fffffb14
dc
3ba
fffff9f2
508
fffffee0
fffffc7a
5fa
fffffadc
13c
364
fffffa08
52e
fffffe9e
fffffcaa
5f2
fffffaac
8
0
217
ffffff09
ffffffe6
37
ffffd098
ffffbfda
ffffc9f3
804
64e0
ffffffd7
3
0
ffffeb19
ffffffff
ffffed85
804
7f2c
0
28
28
fffffb4e
6e
416
fffff9da
4c6
ffffff5c
fffffc0a
61e
fffffb2a
a0
3ee
fffff9e0
4d0
ffffff64
fffffc06
1fb
fffffea3
fffffff2
170
fffffe05
15d
e
fffffe8f
1fb
ffffd098
ffffbfda
ffffc9f3
804
7ee0
ffffffd7
3
0
ffffeb4d
ffffffff
170
fffffe05
15d
e
28
28
65a
fffffb54
24
470
fffff9a4
4a2
ffffffe8
fffffb80
658
fffffb64
18
47a
fffff9a4
49a
ffffffee
fffffb7e
656
fffffb60
8
0
ffffffdc
27
22
ffffff84
ffffd098
ffffbfda
ffffc9f3
804
ffffdac0
ffffffd4
3
0
ffffea61
ffffffff
ffffed85
804
3fd4
0
28
28
fffffb76
ffffffce
4ce
fffff97a
486
36
fffffb2c
680
fffffb7c
ffffffbc
4d8
fffff97c
474
52
fffffb18
1fb
fffffea3
fffffff2
170
fffffe05
15d
e
fffffe8f
1fb
ffffd098
ffffbfda
ffffc9f3
804
62c0
ffffffd5
3
0
ffffe9a8
ffffffff
170
fffffe05
15d
e
28
28
686
fffffb5e
ffffffe2
4c2
fffff976
496
24
fffffb32
682
fffffb6c
ffffffc4
4d8
fffff978
480
44
fffffb1c
682
fffffb8c
8
0
ffffffa2
3e
ffffffe3
12
ffffd098
ffffbfda
ffffc9f3
804
ffffcd20
ffffffd3
3
0
ffffe96e
ffffffff
ffffed85
804
6b1a
0
28
28
fffffb5c
ffffffc4
4e6
fffff962
48c
4e
fffffb06
696
fffffb7e
ffffffaa
4f8
fffff966
476
64
fffffaf8
1fb
fffffea3
fffffff2
170
fffffe05
15d
e
fffffe8f
1fb
ffffd098
ffffbfda
ffffc9f3
804
ffffdca0
ffffffd4
3
0
ffffe8fd
ffffffff
170
fffffe05
15d
e
28
28
6a2
fffffb62
ffffffbe
4fa
fffff958
48c
5e
fffffaf0
69e
fffffb7c
ffffff94
514
fffff95c
47a
6e
fffffae0
69e
fffffb88
8
0
fffffe4b
af
fffffff4
13
ffffd098
ffffbfda
ffffc9f3
804
ffffa1e0
ffffffd2
3
0
ffffe8ab
ffffffff
ffffed85
804
4550
0
28
28
fffffb66
ffffff9c
524
fffff946
482
7c
fffffac0
6b0
fffffb94
ffffff50
552
fffff950
44c
c4
fffffa9c
1fb
fffffea3
fffffff2
170
fffffe05
15d
e
fffffe8f
1fb
ffffd098
ffffbfda
ffffc9f3
804
4800
ffffffd4
3
0
ffffe7d4
ffffffff
170
fffffe05
15d
e
28
28
6e6
fffffb40
ffffff90
54e
fffff91e
490
9c
fffffa92
6da
fffffb92
ffffff40
584
fffff926
458
d6
fffffa6c
6d4
fffffbae
8
0
7
4b
ffffff86
9a
ffffd098
ffffbfda
ffffc9f3
804
ffff9550
ffffffd2
3
0
ffffe6ba
ffffffff
ffffed85
804
121e
0
28
28
fffffaf4
94
442
fffff980
510
ffffff5c
fffffbc4
678
fffffae0
ac
42e
fffff984
532
ffffff1e
fffffbf0
1fb
fffffea3
fffffff2
170
fffffe05
15d
e
fffffe8f
1fb
ffffd098
ffffbfda
ffffc9f3
804
ffffc4a0
ffffffd8
3
0
ffffe8b6
ffffffff
170
fffffe05
15d
e
28
28
612
fffffb0e
e4
3b2
fffff9f2
504
fffffef0
fffffc66
604
fffffae4
128
37a
fffff9fe
532
fffffea6
fffffca6
5f6
fffffaaa
8
0
217
ffffff09
ffffffe6
237
ffffd098
ffffbfda
ffffc9f3
804
ffffb6c0
ffffffd6
3
0
ffffeb2e
ffffffff
ffffed85
804
2e42
0
28
28
fffffb62
3c
440
fffff9cc
4b8
ffffff86
fffffbea
620
fffffb42
7c
408
fffff9dc
4ba
ffffff90
fffffbee
1fb
fffffea3
fffffff2
170
fffffe05
15d
e
fffffe8f
1fb
ffffd098
ffffbfda
ffffc9f3
804
630
ffffffd8
3
0
ffffeb03
ffffffff
170
fffffe05
15d
e
28
28
65c
fffffb6c
8
486
fffff9a2
49e
fffffff0
fffffb7e
65a
fffffb5c
18
478
fffff9a4
48a
fffffffc
fffffb74
656
fffffb7a
8
0
ffffffb9
2e
39
ffffff68
ffffd098
ffffbfda
ffffc9f3
804
6df0
ffffffd4
3
0
ffffea34
ffffffff
ffffed85
804
7bd0
0
28
28
fffffb6e
ffffffce
4cc
fffff97a
47c
40
fffffb24
67e
fffffb86
ffffffae
4e0
fffff97c
472
56
fffffb16
1fb
fffffea3
fffffff2
170
fffffe05
15d
e
fffffe8f
1fb
ffffd098
ffffbfda
ffffc9f3
804
6070
ffffffd5
3
0
ffffe9bb
ffffffff
170
fffffe05
15d
e
28
28
690
fffffb6a
ffffffc0
4de
fffff96a
486
50
fffffb10
690
fffffb84
ffffffaa
4ee
fffff96e
47c
5e
fffffb06
68c
fffffb8c
8
0
fffffed9
60
c
fffffff1
ffffd098
ffffbfda
ffffc9f3
804
2910
ffffffd4
3
0
ffffe93c
ffffffff
ffffed85
804
4e4
0
28
28
fffffb70
ffffffc0
4e6
fffff96c
48a
52
fffffb08
68c
fffffb82
ffffffa0
4fa
fffff96e
470
5e
fffffafc
1fb
fffffea3
fffffff2
170
fffffe05
15d
e
fffffe8f
1fb
ffffd098
ffffbfda
ffffc9f3
804
ffff96d0
ffffffd4
3
0
ffffe916
ffffffff
170
fffffe05
15d
e
28
28
6a0
fffffb5a
ffffffc4
4f2
fffff95c
48a
50
fffffaf6
69a
fffffb7c
ffffff9a
50c
fffff962
47a
6a
fffffaec
698
fffffb92
8
0
fffffe4b
af
fffffff4
13
ffffd098
ffffbfda
ffffc9f3
804
2940
ffffffd2
3
0
ffffe8aa
ffffffff
ffffed85
804
3db4
0
28
28
fffffb6c
ffffff96
51c
fffff956
474
8e
fffffac8
6a2
fffffba4
ffffff62
53a
fffff958
458
b0
fffffab6
201
fffffea7
ffffffe7
17d
fffffdff
159
19
fffffe83
201
ffffd098
ffffbfda
ffffc9f3
804
ffffb820
ffffffd6
3
0
ffffe7ec
ffffffff
17d
fffffdff
159
19
28
28
6d0
fffffb50
ffffffac
530
fffff930
498
84
fffffaac
6c4
fffffb86
ffffff6a
556
fffff93a
466
9c
fffffa9a
6c2
fffffba2
8
0
fffffe1f
ff
ffffffb6
44
ffffd098
ffffbfda
ffffc9f3
804
560
ffffffd7
3
0
ffffe720
ffffffff
ffffed85
804
2ad6
0
28
28
fffffae6
be
412
fffff998
51a
ffffff2e
fffffbee
660
fffffad2
ec
3ee
fffff9a2
542
fffffee2
fffffc36
201
fffffea7
ffffffe7
17d
fffffdff
159
19
fffffe83
201
ffffd098
ffffbfda
ffffc9f3
804
ffffa920
ffffffd8
3
0
ffffe8f8
ffffffff
17d
fffffdff
159
19
28
28
61a
fffffb02
e8
3b4
fffff9ea
516
fffffed6
fffffc7e
602
ffffface
14e
35e
fffffa00
54a
fffffe8c
fffffcba
5f8
fffffaa0
8
0
1e0
ffffff40
ffffffe7
4
ffffd098
ffffbfda
ffffc9f3
804
fffffca0
ffffffd9
3
0
ffffeb2e
ffffffff
ffffed85
804
4352
0
28
28
fffffb4e
6e
416
fffff9da
4ce
ffffff60
fffffc0e
618
fffffb32
92
3f6
fffff9e2
4b8
ffffff76
fffffbfc
201
fffffea7
ffffffe7
17d
fffffdff
159
19
fffffe83
201
ffffd098
ffffbfda
ffffc9f3
804
ffffb8b0
ffffffd7
3
0
ffffeb17
ffffffff
17d
fffffdff
159
19
28
28
660
fffffb60
10
484
fffff99e
49e
ffffffe2
fffffb7e
65e
fffffb54
20
476
fffff9a0
4a6
ffffffe4
fffffb80
65e
fffffb5c
8
0
ffffffdc
28
1f
ffffff87
ffffd098
ffffbfda
ffffc9f3
804
ffffb230
ffffffd8
3
0
ffffea50
ffffffff
ffffed85
804
216
0
28
28
fffffb6a
ffffffe2
4b8
fffff982
492
22
fffffb40
678
fffffb70
ffffffce
4c4
fffff982
48a
38
fffffb32
201
fffffea7
ffffffe7
17d
fffffdff
159
19
fffffe83
201
ffffd098
ffffbfda
ffffc9f3
804
57b0
ffffffd6
3
0
ffffe9c7
ffffffff
17d
fffffdff
159
19
28
28
692
fffffb60
ffffffc2
4e0
fffff968
490
42
fffffb16
690
fffffb78
ffffffae
4f0
fffff96a
478
5a
fffffb00
68e
fffffb8e
8
0
3d
ffffffcd
206
fffffe82
ffffd098
ffffbfda
ffffc9f3
804
ffff9ec0
ffffffd7
3
0
ffffe94d
ffffffff
ffffed85
804
4d6
0
28
28
fffffb6e
ffffffb6
4ec
fffff968
484
4e
fffffb04
690
fffffb86
ffffff98
504
fffff96c
46a
70
fffffaf2
201
fffffea7
ffffffe7
17d
fffffdff
159
19
fffffe83
201
ffffd098
ffffbfda
ffffc9f3
804
ffff8730
ffffffd5
3
0
ffffe909
ffffffff
17d
fffffdff
159
19
28
28
6ae
fffffb66
ffffffa8
512
fffff950
480
76
fffffad8
6a8
fffffb88
ffffff72
52a
fffff952
46e
92
fffffaca
6a6
fffffb9e
8
0
fffffe4b
ae
fffffff4
14
ffffd098
ffffbfda
ffffc9f3
804
ffffb4c0
ffffffd6
3
0
ffffe882
ffffffff
ffffed85
804
5c72
0
28
28
fffffb6e
ffffff86
528
fffff950
46c
9a
fffffabc
6a6
fffffba4
ffffff54
548
fffff956
44e
b2
fffffaa6
201
fffffea7
ffffffe7
17d
fffffdff
159
19
fffffe83
201
ffffd098
ffffbfda
ffffc9f3
804
6de0
ffffffd5
3
0
ffffe7e1
ffffffff
17d
fffffdff
159
19
28
28
6da
fffffb48
ffffffa2
53c
fffff926
496
82
fffffa9e
6cc
fffffb86
ffffff5e
568
fffff930
464
b6
fffffa86
6c8
fffffba6
8
0
fffffe1f
102
ffffffb3
46
ffffd098
ffffbfda
ffffc9f3
804
ffffc9f0
ffffffd5
3
0
ffffe6fd
ffffffff
ffffed85
804
4924
0
28
28
fffffaf0
a6
430
fffff98e
510
ffffff52
fffffbd2
66c
fffffad8
ca
40a
fffff994
538
ffffff00
fffffc18
201
fffffea7
ffffffe7
17d
fffffdff
159
19
fffffe83
201
ffffd098
ffffbfda
ffffc9f3
804
4170
ffffffd9
3
0
ffffe8de
ffffffff
17d
fffffdff
159
19
28
28
620
fffffb06
e6
3b4
fffff9ec
512
fffffeea
fffffc68
60a
fffffad8
130
37a
fffff9f6
536
fffffea6
fffffc9a
602
fffffaa8
8
0
20e
ffffff3a
ffffffc0
23f
ffffd098
ffffbfda
ffffc9f3
804
ffffa3d0
ffffffda
3
0
ffffeb1c
ffffffff
ffffed85
804
69c
0
28
28
fffffb30
9e
3ec
fffff9e8
4c2
ffffff6c
fffffc08
614
fffffb34
98
3ee
fffff9ea
4cc
ffffff60
fffffc10
1ff
fffffea1
fffffff4
173
fffffe01
15f
d
fffffe8e
1fe
ffffd098
ffffbfda
ffffc9f3
804
ffff8eb0
ffffffd9
3
0
ffffeb4a
ffffffff
172
fffffe02
15f
d
28
28
fffffb90
654
fffffb4c
36
462
fffff9aa
4ae
ffffffca
fffffb98
652
fffffb4e
38
460
fffff9ac
4ac
ffffffcc
fffffb98
652
8
0
246
ffffff54
ffffff84
87
ffffd098
ffffbfda
ffffc9f3
804
ffffda40
ffffffd5
3
0
ffffea7e
ffffffff
ffffed85
804
aaa
0
28
28
fffffb6e
ffffffda
4c0
fffff980
488
2a
fffffb3c
678
fffffb72
ffffffca
4c6
fffff984
484
36
fffffb32
203
fffffea3
ffffffeb
17b
fffffdfd
15d
15
fffffe85
203
ffffd098
ffffbfda
ffffc9f3
804
1bb0
ffffffd7
3
0
ffffe9ca
ffffffff
17b
fffffdfd
15d
15
28
28
68e
fffffb56
ffffffde
4ce
fffff96c
4a0
1e
fffffb2c
68c
fffffb66
ffffffca
4da
fffff96e
488
3c
fffffb18
68c
fffffb78
8
0
ffffffbb
ffffffd2
42
f
ffffd098
ffffbfda
ffffc9f3
804
fffffdf0
ffffffd6
3
0
ffffe978
ffffffff
ffffed85
804
314a
0
28
28
fffffb62
ffffffc8
4e6
fffff966
48e
3e
fffffb0e
694
fffffb74
ffffffac
4f8
fffff968
482
52
fffffb06
207
fffffe9f
ffffffed
17c
fffffdf9
161
13
fffffe84
207
ffffd098
ffffbfda
ffffc9f3
804
bc0
ffffffd5
3
0
ffffe929
ffffffff
17c
fffffdf9
161
13
28
28
6b0
fffffb48
ffffffd2
4f4
fffff94c
4a2
42
fffffafa
6ac
fffffb60
ffffffb2
508
fffff94e
48e
5a
fffffae6
6ac
fffffb7a
8
0
fffffe8b
a2
fffffff0
ffffffeb
ffffd098
ffffbfda
ffffc9f3
804
31c0
ffffffd6
3
0
ffffe8c1
ffffffff
ffffed85
804
6c38
0
28
28
fffffb60
ffffffa8
51c
fffff948
47e
76
fffffac6
6ac
fffffb90
ffffff6e
53e
fffff950
45c
9c
fffffab2
207
fffffe9f
ffffffed
17c
fffffdf9
161
13
fffffe84
207
ffffd098
ffffbfda
ffffc9f3
804
ffff9db0
ffffffd7
3
0
ffffe7f5
ffffffff
17c
fffffdf9
161
13
28
28
6e4
fffffb3a
ffffffac
540
fffff91c
49e
7c
fffffa9c
6d8
fffffb76
ffffff66
56a
fffff924
476
ac
fffffa8a
6d4
fffffb92
8
0
fffffe1d
100
ffffffb7
41
ffffd098
ffffbfda
ffffc9f3
804
2f30
ffffffd5
3
0
ffffe706
ffffffff
ffffed85
804
3202
0
28
28
fffffae6
ae
42a
fffff988
524
ffffff3a
fffffbe6
670
ffffface
d6
40c
fffff98e
542
fffffef8
fffffc10
207
fffffe9f
ffffffed
17c
fffffdf9
161
13
fffffe84
207
ffffd098
ffffbfda
ffffc9f3
804
ffff9890
ffffffdb
3
0
ffffe8de
ffffffff
17c
fffffdf9
161
13
28
28
61c
fffffaf8
fe
3a4
fffff9ec
51a
fffffed6
fffffc76
60c
ffffface
142
36e
fffff9f4
542
fffffe94
fffffcaa
602
fffffaa2
8
0
1e1
ffffff41
ffffffe5
207
ffffd098
ffffbfda
ffffc9f3
804
ffffe430
ffffffd8
3
0
ffffeb30
ffffffff
ffffed85
804
e02
0
28
28
fffffb46
6a
426
fffff9c8
4ce
ffffff66
fffffbfa
62c
fffffb30
8e
404
fffff9d2
4d0
ffffff6e
fffffbf8
207
fffffe9f
ffffffed
17c
fffffdf9
161
13
fffffe84
207
ffffd098
ffffbfda
ffffc9f3
804
66c0
ffffffda
3
0
ffffeb07
ffffffff
17c
fffffdf9
161
13
28
28
668
fffffb52
1c
480
fffff994
4aa
ffffffe8
fffffb74
666
fffffb4e
1c
480
fffff998
49a
fffffff2
fffffb6e
664
fffffb64
8
0
ffffffde
29
1c
ffffff89
ffffd098
ffffbfda
ffffc9f3
804
1320
ffffffd7
3
0
ffffea41
ffffffff
ffffed85
804
6f28
0
28
28
fffffb6a
ffffffd4
4ca
fffff97a
48c
24
fffffb36
682
fffffb6e
ffffffd4
4ca
fffff97c
482
3a
fffffb24
207
fffffe9f
ffffffed
17c
fffffdf9
161
13
fffffe84
207
ffffd098
ffffbfda
ffffc9f3
804
fffff6f0
ffffffd8
3
0
ffffe9bb
ffffffff
17c
fffffdf9
161
13
28
28
69c
fffffb6a
ffffffb4
4f8
fffff95e
480
5a
fffffafa
69a
fffffb82
ffffff96
50a
fffff960
470
76
fffffae8
69a
fffffb94
8
0
fffffe42
f8
fffffffa
ffffffab
ffffd098
ffffbfda
ffffc9f3
804
28b0
ffffffd6
3
0
ffffe948
ffffffff
ffffed85
804
3864
0
28
28
fffffb6e
ffffffba
4ee
fffff968
484
54
fffffb02
68e
fffffb8a
ffffff94
504
fffff96c
464
70
fffffaf0
207
fffffe9f
ffffffed
17c
fffffdf9
161
13
fffffe84
207
ffffd098
ffffbfda
ffffc9f3
804
ffffd8d0
ffffffd7
3
0
ffffe911
ffffffff
17c
fffffdf9
161
13
28
28
6b4
fffffb4c
ffffffc6
4fc
fffff948
498
4a
fffffaf0
6ae
fffffb72
ffffff98
522
fffff94c
47e
72
fffffad4
6b0
fffffb88
8
0
31
d
ffffff9f
9d
ffffd098
ffffbfda
ffffc9f3
804
ffff9280
ffffffd5
3
0
ffffe89f
ffffffff
ffffed85
804
722
0
28
28
fffffba4
ffffff40
568
fffff942
44c
d2
fffffa84
6b6
fffffbc4
ffffff0e
584
fffff946
420
fe
fffffa6a
205
fffffe9e
fffffff1
178
fffffdfb
162
f
fffffe87
204
ffffd098
ffffbfda
ffffc9f3
804
62c0
ffffffd5
3
0
ffffe7bb
ffffffff
177
fffffdfc
162
f
28
28
fffffaa4
6da
fffffb6c
ffffff74
566
fffff920
474
b8
fffffa7a
6d4
fffffba6
ffffff2e
58a
fffff928
44c
f0
fffffa58
6d0
8
0
fffffe47
bf
fffffff7
ffffffe4
ffffd098
ffffbfda
ffffc9f3
804
ffffd7e0
ffffffd3
3
0
ffffe6ff
ffffffff
ffffed85
804
2e90
0
28
28
fffffad8
bc
426
fffff988
522
ffffff18
fffffbf8
66c
fffffab6
120
3de
fffff996
562
fffffebe
fffffc3c
204
fffffe9e
fffffff2
177
fffffdfc
162
f
fffffe87
204
ffffd098
ffffbfda
ffffc9f3
804
fffffb00
ffffffd7
3
0
ffffe8ca
ffffffff
177
fffffdfc
162
f
28
28
fffffc9c
5f6
fffffac8
15c
350
fffffa08
548
fffffe74
fffffcce
5f0
fffffa94
1ca
2f6
fffffa1e
582
fffffe08
fffffd24
5de
8
0
1c6
ffffff2b
fffffff0
263
ffffd098
ffffbfda
ffffc9f3
804
4150
ffffffd6
3
0
ffffeb56
ffffffff
ffffed85
804
1178
0
28
28
fffffb4a
64
41c
fffff9de
4ba
ffffff68
fffffc0a
612
fffffb3a
98
3f2
fffff9e8
4d4
ffffff40
fffffc28
204
fffffe9e
fffffff2
177
fffffdfc
162
f
fffffe87
204
ffffd098
ffffbfda
ffffc9f3
804
3b90
ffffffd8
3
0
ffffeb4d
ffffffff
177
fffffdfc
162
f
28
28
666
fffffb52
26
47a
fffff99c
4b4
ffffffd0
fffffb88
662
fffffb46
2e
472
fffff99a
4ac
ffffffd4
fffffb86
660
fffffb46
8
0
ffffffbb
2f
37
ffffff6a
ffffd098
ffffbfda
ffffc9f3
804
ffff9af0
ffffffd4
3
0
ffffea5b
ffffffff
ffffed85
804
2f72
0
28
28
fffffb6e
ffffffd8
4be
fffff982
482
28
fffffb38
67a
fffffb74
ffffffc8
4cc
fffff986
47c
3a
fffffb2c
204
fffffe9e
fffffff2
177
fffffdfc
162
f
fffffe87
204
ffffd098
ffffbfda
ffffc9f3
804
ffffbed0
ffffffd5
3
0
ffffe9c0
ffffffff
177
fffffdfc
162
f
28
28
692
fffffb56
ffffffde
4d2
fffff96a
4a2
22
fffffb24
692
fffffb66
ffffffc0
4e2
fffff96c
488
40
fffffb16
68e
fffffb7a
8
0
ffffffed
fffffffd
ffffffe8
43
ffffd098
ffffbfda
ffffc9f3
804
5d40
ffffffd3
3
0
ffffe974
ffffffff
ffffed85
804
de4
0
28
28
fffffb68
ffffffba
4ec
fffff966
48a
4a
fffffb08
692
fffffb82
ffffff98
4fe
fffff968
46c
62
fffffaf6
204
fffffe9e
fffffff2
177
fffffdfc
162
f
fffffe87
204
ffffd098
ffffbfda
ffffc9f3
804
1a80
ffffffd5
3
0
ffffe907
ffffffff
177
fffffdfc
162
f
28
28
6b4
fffffb52
ffffffb6
508
fffff94a
48e
58
fffffae4
6b0
fffffb72
ffffff92
522
fffff94a
47e
72
fffffad0
6ae
fffffb90
8
0
fffffdf4
10d
ffffffd3
ffffffd1
ffffd098
ffffbfda
ffffc9f3
804
c80
ffffffd3
3
0
ffffe892
ffffffff
ffffed85
804
5e8
0
28
28
fffffb68
ffffff88
538
fffff942
472
9e
fffffaa6
6b0
fffffbae
ffffff3a
564
fffff94a
438
cc
fffffa8c
204
fffffe9e
fffffff2
177
fffffdfc
162
f
fffffe87
204
ffffd098
ffffbfda
ffffc9f3
804
ffffba00
ffffffd4
3
0
ffffe7b3
ffffffff
177
fffffdfc
162
f
28
28
6e4
fffffb4a
ffffff96
54c
fffff91e
488
8e
fffffa90
6d8
fffffb82
ffffff50
574
fffff926
46a
aa
fffffa82
6d4
fffffb9a
8
0
fffffe1c
103
ffffffb5
42
ffffd098
ffffbfda
ffffc9f3
804
5070
ffffffd3
3
0
ffffe6ed
ffffffff
ffffed85
804
2c58
0
28
28
fffffae6
ba
416
fffff998
518
ffffff2a
fffffbf0
662
fffffacc
f8
3ea
fffff9a2
548
fffffeca
fffffc42
204
fffffe9e
fffffff2
177
fffffdfc
162
f
fffffe87
204
ffffd098
ffffbfda
ffffc9f3
804
ffffe0d0
ffffffd8
3
0
ffffe91c
ffffffff
177
fffffdfc
162
f
28
28
618
fffffafe
f8
3a6
fffff9f2
518
fffffed6
fffffc7e
602
fffffad6
13c
368
fffff9fe
534
fffffe9e
fffffcaa
5fa
fffffaa6
8
0
215
ffffff0b
ffffffe5
236
ffffd098
ffffbfda
ffffc9f3
804
fffffb50
ffffffd6
3
0
ffffeb23
ffffffff
ffffed85
804
23b6
0
28
28
fffffb56
56
42e
fffff9ce
4be
ffffff76
fffffbf2
628
fffffb34
80
40c
fffff9d6
4ba
ffffff8a
fffffbe6
204
fffffe9e
fffffff2
177
fffffdfc
162
f
fffffe87
204
ffffd098
ffffbfda
ffffc9f3
804
ffff8840
ffffffd7
3
0
ffffeb13
ffffffff
177
fffffdfc
162
f
28
28
660
fffffb48
32
46c
fffff99e
4bc
ffffffbc
fffffb9a
65e
fffffb34
50
458
fffff9a0
4c2
ffffffb6
fffffb9c
65c
fffffb3a
8
0
ffffffdd
29
1f
ffffff87
ffffd098
ffffbfda
ffffc9f3
804
fffff2b0
ffffffd3
3
0
ffffea77
ffffffff
ffffed85
804
7a96
0
28
28
fffffb66
ffffffe4
4b8
fffff982
488
24
fffffb3e
678
fffffb74
ffffffd6
4c0
fffff984
484
26
fffffb3a
204
fffffe9e
fffffff2
177
fffffdfc
162
f
fffffe87
204
ffffd098
ffffbfda
ffffc9f3
804
ffffcd00
ffffffd5
3
0
ffffe9cd
ffffffff
177
fffffdfc
162
f
28
28
694
fffffb5a
ffffffd8
4d6
fffff968
498
2a
fffffb1e
692
fffffb64
ffffffc8
4d8
fffff968
490
36
fffffb18
690
fffffb76
8
0
fffffe80
94
25
ffffffa2
ffffd098
ffffbfda
ffffc9f3
804
fffff5b0
ffffffd3
3
0
ffffe972
ffffffff
ffffed85
804
7f58
0
28
28
fffffb56
ffffffe4
4ca
fffff970
496
30
fffffb20
68a
fffffb72
ffffffbc
4e4
fffff972
476
50
fffffb0c
204
fffffe9e
fffffff2
177
fffffdfc
162
f
fffffe87
204
ffffd098
ffffbfda
ffffc9f3
804
6390
ffffffd5
3
0
ffffe935
ffffffff
177
fffffdfc
162
f
28
28
6b0
fffffb4e
ffffffc2
500
fffff94a
496
4a
fffffaf0
6b0
fffffb6a
ffffff9e
51c
fffff94e
482
6a
fffffad8
6ae
fffffb82
8
0
33
c
ffffff9e
9e
ffffd098
ffffbfda
ffffc9f3
804
3940
ffffffd2
3
0
ffffe88e
ffffffff
ffffed85
804
6712
0
28
28
fffffb6e
ffffff8c
530
fffff948
470
8c
fffffab6
6b2
fffffba0
ffffff46
55a
fffff94c
446
c8
fffffa92
204
fffffe9e
fffffff2
177
fffffdfc
162
f
fffffe87
204
ffffd098
ffffbfda
ffffc9f3
804
ffffd380
ffffffd4
3
0
ffffe7d3
ffffffff
177
fffffdfc
162
f
28
28
6e2
fffffb46
ffffff98
54a
fffff91e
48a
94
fffffa8c
6d4
fffffb88
ffffff4e
574
fffff928
464
b6
fffffa80
6d0
fffffba6
8
0
fffffe1c
103
ffffffb5
42
ffffd098
ffffbfda
ffffc9f3
804
ffffade0
ffffffd3
3
0
ffffe6ed
ffffffff
ffffed85
804
3462
0
28
28
fffffae8
ae
42c
fffff98a
516
ffffff40
fffffbda
66e
fffffad0
ea
3fa
fffff994
548
fffffede
fffffc28
204
fffffe9e
fffffff2
177
fffffdfc
162
f
fffffe87
204
ffffd098
ffffbfda
ffffc9f3
804
fffff850
ffffffd7
3
0
ffffe8f6
ffffffff
177
fffffdfc
162
f
28
28
622
fffffb06
dc
3c4
fffff9e2
516
fffffedc
fffffc6e
60e
fffffad0
13c
372
fffff9f4
53e
fffffea2
fffffc9e
604
fffffaa2
8
0
215
ffffff0b
ffffffe5
36
ffffd098
ffffbfda
ffffc9f3
804
1af0
ffffffd7
3
0
ffffeb10
ffffffff
ffffed85
804
3cb8
0
28
28
fffffb58
50
434
fffff9cc
4be
ffffff7c
fffffbec
62a
fffffb38
78
412
fffff9d2
4b4
ffffff9c
fffffbda
204
fffffe9e
fffffff2
177
fffffdfc
162
f
fffffe87
204
ffffd098
ffffbfda
ffffc9f3
804
3d20
ffffffd8
3
0
ffffeaf9
ffffffff
177
fffffdfc
162
f
28
28
66a
fffffb52
14
488
fffff992
4ac
ffffffe8
fffffb76
66a
fffffb58
14
484
fffff994
4a0
ffffffee
fffffb6e
668
fffffb58
8
0
ffffffdd
29
1f
ffffff87
ffffd098
ffffbfda
ffffc9f3
804
4140
ffffffd4
3
0
ffffea35
ffffffff
ffffed85
804
3dba
0
28
28
fffffb6c
ffffffe4
4b8
fffff982
488
26
fffffb3a
67a
fffffb72
ffffffce
4c6
fffff984
484
2a
fffffb36
204
fffffe9e
fffffff2
177
fffffdfc
162
f
fffffe87
204
ffffd098
ffffbfda
ffffc9f3
804
ffff8df0
ffffffd5
3
0
ffffe9ce
ffffffff
177
fffffdfc
162
f
28
28
694
fffffb5a
ffffffce
4d8
fffff968
494
38
fffffb16
690
fffffb6e
ffffffb8
4e8
fffff968
488
4a
fffffb0e
692
fffffb80
8
0
fffffe7c
77
17
fffffffb
ffffd098
ffffbfda
ffffc9f3
804
ffffa8e0
ffffffd3
3
0
ffffe964
ffffffff
ffffed85
804
73e
0
28
28
fffffb88
ffffff8e
512
fffff95c
46c
76
fffffae2
69c
fffffb92
ffffff70
522
fffff960
45e
8e
fffffad2
202
fffffea2
ffffffec
178
fffffdfe
15d
16
fffffe85
202
ffffd098
ffffbfda
ffffc9f3
804
850
ffffffd6
3
0
ffffe8fd
ffffffff
178
fffffdfe
15d
16
28
28
fffffb00
6aa
fffffb5e
ffffffb6
500
fffff954
48c
66
fffffae8
6a4
fffffb7e
ffffff96
518
fffff956
472
78
fffffad6
6a2
8
0
fffffe69
96
1d
ffffffc6
ffffd098
ffffbfda
ffffc9f3
804
7bf0
ffffffd4
3
0
ffffe8bd
ffffffff
ffffed85
804
6a46
0
28
28
fffffb62
ffffff8c
542
fffff932
47a
94
fffffaa4
6c4
fffffb90
ffffff3e
56c
fffff93a
446
c6
fffffa84
203
fffffea0
ffffffed
179
fffffdfc
160
13
fffffe86
203
ffffd098
ffffbfda
ffffc9f3
804
ffff9730
ffffffd6
3
0
ffffe7d3
ffffffff
179
fffffdfc
160
13
28
28
6e8
fffffb42
ffffff8e
554
fffff91a
48e
90
fffffa8c
6dc
fffffb82
ffffff52
57c
fffff922
466
c2
fffffa74
6d8
fffffba4
8
0
fffffe1a
102
ffffffb9
3d
ffffd098
ffffbfda
ffffc9f3
804
520
ffffffd4
3
0
ffffe6d5
ffffffff
ffffed85
804
54dc
0
28
28
fffffac8
100
3ea
fffff998
550
fffffeca
fffffc3e
65a
fffffa88
15c
3a0
fffff9a6
57e
fffffe80
fffffc74
200
fffffea7
ffffffe7
17c
fffffe00
159
19
fffffe84
200
ffffd098
ffffbfda
ffffc9f3
804
ffffd330
ffffffd7
3
0
ffffe91f
ffffffff
17c
fffffe00
159
19
28
28
fffffc7e
5fc
fffffad0
15c
350
fffffa08
54a
fffffe6a
fffffcd8
5ea
fffffa96
1be
302
fffffa16
584
fffffdf8
fffffd3a
5d2
8
0
ffffffd3
5
25
ffffffc6
ffffd098
ffffbfda
ffffc9f3
804
28b0
ffffffda
3
0
ffffeb41
ffffffff
ffffed85
804
383e
0
28
28
fffffb2c
a6
3e0
fffff9ea
4ca
ffffff54
fffffc18
610
fffffb36
a0
3e8
fffff9ec
4dc
ffffff2e
fffffc38
1fc
fffffea0
fffffff5
16f
fffffe04
160
b
fffffe91
1fc
ffffd098
ffffbfda
ffffc9f3
804
3670
ffffffd6
3
0
ffffeb3c
ffffffff
16f
fffffe04
160
b
28
28
fffffba2
64a
fffffb50
3c
458
fffff9b0
49e
ffffffd6
fffffb96
648
fffffb56
34
45a
fffff9b4
4aa
ffffffb8
fffffbac
646
8
0
1bc
ffffff87
ffffff95
26a
ffffd098
ffffbfda
ffffc9f3
804
ffffb3a0
ffffffd4
3
0
ffffea83
ffffffff
ffffed85
804
72ce
0
28
28
fffffb60
ffffffe6
4c2
fffff974
490
22
fffffb36
684
fffffb62
ffffffcc
4d0
fffff976
484
36
fffffb28
1fc
fffffea0
fffffff5
16f
fffffe04
160
b
fffffe91
1fc
ffffd098
ffffbfda
ffffc9f3
804
ffffa1b0
ffffffd3
3
0
ffffe9c4
ffffffff
16f
fffffe04
160
b
28
28
686
fffffb62
ffffffdc
4ca
fffff974
48c
3a
fffffb22
684
fffffb78
ffffffb6
4e2
fffff978
476
4a
fffffb16
682
fffffb8c
8
0
53
ffffffd9
ffffffbb
69
ffffd098
ffffbfda
ffffc9f3
804
ffff8130
ffffffd2
3
0
ffffe96d
ffffffff
ffffed85
804
775a
0
28
28
fffffb5c
ffffffb6
4fa
fffff958
48a
5a
fffffaf4
6a0
fffffb7a
ffffff9e
50c
fffff95a
476
66
fffffae6
1fc
fffffea0
fffffff5
16f
fffffe04
160
b
fffffe91
1fc
ffffd098
ffffbfda
ffffc9f3
804
1d80
ffffffd2
3
0
ffffe8fe
ffffffff
16f
fffffe04
160
b
28
28
6ac
fffffb5e
ffffffb6
508
fffff94e
486
62
fffffade
6aa
fffffb82
ffffff86
528
fffff952
470
80
fffffacc
6a6
fffffb8e
8
0
fffffe48
b1
fffffff4
11
ffffd098
ffffbfda
ffffc9f3
804
7ba0
ffffffd1
3
0
ffffe888
ffffffff
ffffed85
804
1e0
0
28
28
fffffb6a
ffffff84
542
fffff93c
472
9e
fffffaa0
6bc
fffffb9c
ffffff40
564
fffff940
44e
ca
fffffa88
1fc
fffffea0
fffffff5
16f
fffffe04
160
b
fffffe91
1fc
ffffd098
ffffbfda
ffffc9f3
804
5c00
ffffffd2
3
0
ffffe7c3
ffffffff
16f
fffffe04
160
b
28
28
6d2
fffffb38
ffffffb6
52a
fffff92c
498
76
fffffab0
6c6
fffffb7c
ffffff76
552
fffff936
472
8e
fffffa9e
6c4
fffffb96
8
0
fffffe1a
105
ffffffb3
41
ffffd098
ffffbfda
ffffc9f3
804
2950
ffffffd1
3
0
ffffe714
ffffffff
ffffed85
804
74ee
0
28
28
fffffadc
b6
432
fffff97e
528
ffffff36
fffffbd4
67e
fffffac2
ec
406
fffff982
552
fffffee0
fffffc1e
1fc
fffffea0
fffffff5
16f
fffffe04
160
b
fffffe91
1fc
ffffd098
ffffbfda
ffffc9f3
804
ffffff30
ffffffd5
3
0
ffffe8ef
ffffffff
16f
fffffe04
160
b
28
28
610
fffffb0a
ec
3ac
fffff9f4
50e
fffffed0
fffffc86
5f8
fffffad2
14c
358
fffffa08
538
fffffe92
fffffcb8
5f0
fffffaae
8
0
1e3
ffffff3e
ffffffe8
6
ffffd098
ffffbfda
ffffc9f3
804
ffffc5f0
ffffffd5
3
0
ffffeb28
ffffffff
ffffed85
804
26ec
0
28
28
fffffb46
60
42a
fffff9c8
4ca
ffffff72
fffffbf2
62e
fffffb3a
7c
412
fffff9d2
4b6
ffffff8c
fffffbe0
1fe
fffffe9f
fffffff4
171
fffffe02
161
c
fffffe8f
1fe
ffffd098
ffffbfda
ffffc9f3
804
fffff880
ffffffd4
3
0
ffffeb08
ffffffff
171
fffffe02
161
c
28
28
662
fffffb64
a
48a
fffff99a
49e
ffffffe4
fffffb7c
660
fffffb58
1e
47a
fffff99e
4a2
ffffffe8
fffffb7a
660
fffffb58
8
0
ffffffe0
25
21
ffffff89
ffffd098
ffffbfda
ffffc9f3
804
ffffc610
ffffffd4
3
0
ffffea21
ffffffff
ffffed85
804
248a
0
28
28
fffffb6a
ffffffd0
4cc
fffff97a
486
38
fffffb26
680
fffffb80
ffffffbe
4da
fffff978
47a
44
fffffb1e
1fd
fffffea6
ffffffee
175
fffffe03
15a
12
fffffe8b
1fd
ffffd098
ffffbfda
ffffc9f3
804
2dc0
ffffffd4
3
0
ffffe9bf
ffffffff
175
fffffe03
15a
12
28
28
fffffb0e
68a
fffffb90
ffffff9c
4f8
fffff974
45e
70
fffffafa
686
fffffba0
ffffff76
50e
fffff976
44c
8c
fffffae8
686
8
0
ffffffcb
2
ffffffff
26
ffffd098
ffffbfda
ffffc9f3
804
4960
ffffffd6
3
0
ffffe948
ffffffff
ffffed85
804
2a04
0
28
28
fffffb94
ffffff7e
516
fffff96a
45e
84
fffffae0
692
fffffbaa
ffffff6a
522
fffff96a
448
9e
fffffad0
1fb
fffffea9
ffffffeb
176
fffffe05
157
15
fffffe8a
1fb
ffffd098
ffffbfda
ffffc9f3
804
6c80
ffffffd7
3
0
ffffe8e3
ffffffff
176
fffffe05
157
15
28
28
fffffad0
6ac
fffffb88
ffffff68
536
fffff950
462
9e
fffffaba
6aa
fffffbae
ffffff3c
552
fffff954
43a
d2
fffffa9a
6a6
8
0
fffffdfb
a9
45
fffffdba
ffffd098
ffffbfda
ffffc9f3
804
26f0
ffffffd7
3
0
ffffe847
ffffffff
ffffed85
804
732e
0
28
28
fffffb84
ffffff74
542
fffff946
460
aa
fffffaa2
6b2
fffffbae
ffffff2a
56a
fffff94c
42c
f4
fffffa78
201
fffffea5
ffffffeb
17a
fffffdff
15b
15
fffffe86
201
ffffd098
ffffbfda
ffffc9f3
804
ffffa110
ffffffd4
3
0
ffffe7a9
ffffffff
17a
fffffdff
15b
15
28
28
6d6
fffffb36
ffffffb4
52c
fffff92a
496
80
fffffaae
6c4
fffffb84
ffffff64
55e
fffff936
466
a4
fffffa94
6c4
fffffba0
4d1c
805
fffffe1e
103
ffffffb2
46
ffffd098
ffffbfda
ffffc9f3
804
1460
ffffffd6
3
0
ffffe709
ffffffff
ffffed85
804
6b56
0
28
28
fffffad4
dc
404
fffff994
53e
fffffeec
fffffc22
65e
fffffa9c
138
3b6
fffff9a2
570
fffffea4
fffffc60
200
fffffea6
ffffffea
17a
fffffe00
15a
16
fffffe86
200
ffffd098
ffffbfda
ffffc9f3
804
c0
ffffffdb
3
0
ffffe8f7
ffffffff
17a
fffffe00
15a
16
28
28
fffffcb4
5e4
fffffacc
16e
334
fffffa20
54c
fffffe52
fffffcfa
5d4
fffffa8c
1d8
2da
fffffa30
582
fffffdf4
fffffd46
5c8
8
0
191
ffffff2e
34
1f
ffffd098
ffffbfda
ffffc9f3
804
ffffcfe0
ffffffda
3
0
ffffeb6b
ffffffff
ffffed85
804
3abc
0
28
28
fffffb34
aa
3e4
fffff9e6
4e6
ffffff18
fffffc44
60c
fffffb02
e6
3b6
fffff9ee
4f0
ffffff22
fffffc3e
200
fffffea6
ffffffea
17a
fffffe00
15a
16
fffffe86
200
ffffd098
ffffbfda
ffffc9f3
804
c50
ffffffda
3
0
ffffeb7a
ffffffff
17a
fffffe00
15a
16
28
28
646
fffffb60
2c
45e
fffff9b8
4ae
ffffffb6
fffffbb2
642
fffffb46
42
44e
fffff9b8
4ac
ffffffb8
fffffbb2
642
fffffb4e
8
0
132
ffffff91
ffffffec
34
ffffd098
ffffbfda
ffffc9f3
804
ffff8540
ffffffd8
3
0
ffffeaa6
ffffffff
ffffed85
804
33ce
0
28
28
fffffb62
ffffffe2
4bc
fffff97e
48e
18
fffffb3c
67a
fffffb7a
ffffffcc
4ca
fffff982
484
42
fffffb2a
200
fffffea6
ffffffea
17a
fffffe00
15a
16
fffffe86
200
ffffd098
ffffbfda
ffffc9f3
804
ffffb7a0
ffffffd7
3
0
ffffe9cc
ffffffff
17a
fffffe00
15a
16
28
28
686
fffffb66
ffffffda
4ca
fffff972
49a
30
fffffb2a
686
fffffb6a
ffffffca
4d2
fffff976
482
3a
fffffb1e
684
fffffb78
4d10
805
fffffe12
179
ffffff90
ffffffbd
ffffd098
ffffbfda
ffffc9f3
804
ffffd280
ffffffd6
3
0
ffffe979
ffffffff
ffffed85
804
4b42
0
28
28
fffffb66
ffffffbc
4e8
fffff968
47c
52
fffffb04
690
fffffb86
ffffff92
502
fffff96c
462
6e
fffffaf0
200
fffffea6
ffffffea
17a
fffffe00
15a
16
fffffe86
200
ffffd098
ffffbfda
ffffc9f3
804
ffffa7c0
ffffffd7
3
0
ffffe90e
ffffffff
17a
fffffe00
15a
16
28
28
6b2
fffffb5e
ffffffa4
50c
fffff94a
480
60
fffffade
6ae
fffffb8e
ffffff76
534
fffff950
46c
9a
fffffac0
6a8
fffffba2
4d18
805
4
11
ffffffc5
67
ffffd098
ffffbfda
ffffc9f3
804
ffff8970
ffffffd6
3
0
ffffe87b
ffffffff
ffffed85
804
6260
0
28
28
fffffb7a
ffffff82
538
fffff940
476
a2
fffffaac
6b6
fffffba4
ffffff32
566
fffff948
436
da
fffffa84
200
fffffea6
ffffffea
17a
fffffe00
15a
16
fffffe86
200
ffffd098
ffffbfda
ffffc9f3
804
5640
ffffffd7
3
0
ffffe7b5
ffffffff
17a
fffffe00
15a
16
28
28
6e8
fffffb4e
ffffff7e
55a
fffff91a
47c
a4
fffffa82
6da
fffffb96
ffffff24
58e
fffff924
442
e2
fffffa5a
6d4
fffffbca
4d18
805
32
41
ffffff71
bb
ffffd098
ffffbfda
ffffc9f3
804
7120
ffffffd6
3
0
ffffe6a1
ffffffff
ffffed85
804
268c
0
28
28
fffffadc
ca
416
fffff988
538
ffffff1c
fffffbfa
670
fffffaac
108
3e4
fffff98c
55e
fffffecc
fffffc2c
1fe
fffffea9
ffffffe7
17c
fffffe01
156
1a
fffffe83
1fe
ffffd098
ffffbfda
ffffc9f3
804
ffffff20
ffffffd8
3
0
ffffe8e0
ffffffff
17c
fffffe01
156
1a
28
28
fffffc9c
5ec
fffffad0
164
33e
fffffa16
544
fffffe5c
fffffcee
5da
fffffa8c
1ee
2d0
fffffa30
58e
fffffdf2
fffffd46
5ca
4d10
805
fffffffe
ffffffbe
58
ffffffe1
ffffd098
ffffbfda
ffffc9f3
804
6e30
ffffffdb
3
0
ffffeb75
ffffffff
ffffed85
804
1904
0
28
28
fffffb22
c0
3d6
fffff9ec
4e8
ffffff3e
fffffc20
616
fffffb08
f0
3ac
fffff9f2
514
fffffee8
fffffc66
201
fffffea2
ffffffef
178
fffffdfe
15f
11
fffffe87
201
ffffd098
ffffbfda
ffffc9f3
804
ffff8640
ffffffd8
3
0
ffffebb0
ffffffff
178
fffffdfe
15f
11
28
28
64a
fffffb3e
5c
438
fffff9b6
4be
ffffffae
fffffbb6
644
fffffb48
58
440
fffff9b8
4c8
ffffff86
fffffbda
63c
fffffb30
8
0
ffffffd5
1
32
1c7
ffffd098
ffffbfda
ffffc9f3
804
ffffd150
ffffffd5
3
0
ffffeaa9
ffffffff
ffffed85
804
7f98
0
28
28
fffffb64
ffffffe4
4be
fffff97c
49c
20
fffffb3e
67e
fffffb6e
ffffffe6
4b8
fffff980
492
28
fffffb38
201
fffffea2
ffffffef
178
fffffdfe
15f
11
fffffe87
201
ffffd098
ffffbfda
ffffc9f3
804
3d50
ffffffd8
3
0
ffffe9ba
ffffffff
178
fffffdfe
15f
11
28
28
682
fffffb5e
fffffff0
4b8
fffff97c
49c
1c
fffffb36
680
fffffb6a
ffffffce
4ce
fffff97e
484
3c
fffffb22
67e
fffffb84
4d10
805
31
189
fffffeb5
96
ffffd098
ffffbfda
ffffc9f3
804
59d0
ffffffd4
3
0
ffffe97b
ffffffff
ffffed85
804
5fd6
0
28
28
fffffb66
ffffffac
4f6
fffff95c
47e
62
fffffaf4
69a
fffffb90
ffffff88
51a
fffff962
464
94
fffffad4
201
fffffea2
ffffffef
178
fffffdfe
15f
11
fffffe87
201
ffffd098
ffffbfda
ffffc9f3
804
ffffd220
ffffffd6
3
0
ffffe8dc
ffffffff
178
fffffdfe
15f
11
28
28
6b8
fffffb62
ffffffaa
51a
fffff946
48e
78
fffffad0
6b2
fffffb90
ffffff6a
53a
fffff948
462
a0
fffffab8
6ac
fffffba2
4d14
805
17
ffffffe4
ffffffe6
6b
ffffd098
ffffbfda
ffffc9f3
804
3870
ffffffd3
3
0
ffffe868
ffffffff
ffffed85
804
4d4c
0
28
28
fffffb8c
ffffff50
550
fffff944
454
bc
fffffa9c
6b6
fffffbb4
ffffff34
572
fffff946
43e
e4
fffffa80
1ff
fffffea7
ffffffeb
179
fffffe00
15a
16
fffffe85
1ff
ffffd098
ffffbfda
ffffc9f3
804
ffffe360
ffffffd5
3
0
ffffe7d5
ffffffff
179
fffffe00
15a
16
28
28
fffffa9e
6d6
fffffb86
ffffff54
56e
fffff926
466
bc
fffffa7c
6d2
fffffbb0
fffffefe
598
fffff92e
430
100
fffffa5a
6cc
8
0
fffffdea
fa
ffffffef
2
ffffd098
ffffbfda
ffffc9f3
804
46e0
ffffffd5
3
0
ffffe6d4
ffffffff
ffffed85
804
554
0
28
28
fffffac8
e0
40c
fffff98e
53c
ffffff22
fffffbf8
66e
fffffac2
e8
3fa
fffff98a
54a
fffffed6
fffffc2a
1f9
fffffeac
ffffffe8
175
fffffe07
153
1a
fffffe88
1f9
ffffd098
ffffbfda
ffffc9f3
804
7160
ffffffd9
3
0
ffffe8c6
ffffffff
175
fffffe07
153
1a
28
28
fffffc6c
5fc
fffffae4
128
370
fffffa04
532
fffffe94
fffffcbe
5ea
fffffaac
19a
31c
fffffa16
56c
fffffe3a
fffffd06
5e0
4d14
805
192
ffffff60
fffffff1
33
ffffd098
ffffbfda
ffffc9f3
804
4740
ffffffda
3
0
ffffeb1e
ffffffff
ffffed85
804
4692
0
28
28
fffffb46
9c
3de
fffff9fc
4d4
ffffff2a
fffffc48
5f8
fffffb1e
cc
3b4
fffffa06
4e6
ffffff04
fffffc6a
1fa
fffffea9
ffffffea
175
fffffe06
156
17
fffffe8a
1f9
ffffd098
ffffbfda
ffffc9f3
804
ffffd6b0
ffffffd7
3
0
ffffeb8f
ffffffff
175
fffffe06
156
17
28
28
646
fffffb48
38
44c
fffff9ba
4b0
ffffffa8
fffffbc0
63e
fffffb4a
56
43e
fffff9be
4b4
ffffffa2
fffffbc6
63c
fffffb44
4d14
805
113
ffffff79
28
9
ffffd098
ffffbfda
ffffc9f3
804
5f50
ffffffd7
3
0
ffffea85
ffffffff
ffffed85
804
2982
0
28
28
fffffb68
fffffff2
4ac
fffff98a
492
24
fffffb46
670
fffffb74
ffffffd0
4ba
fffff98e
482
24
fffffb42
1fa
fffffea9
ffffffea
175
fffffe06
156
17
fffffe8a
1f9
ffffd098
ffffbfda
ffffc9f3
804
ffffbe90
ffffffd3
3
0
ffffe9d0
ffffffff
175
fffffe06
156
17
28
28
680
fffffb74
ffffffc4
4cc
fffff97a
482
34
fffffb28
67c
fffffb7a
ffffffac
4dc
fffff980
46c
50
fffffb18
67a
fffffb9e
4d10
805
fffffffb
223
fffffe52
a0
ffffd098
ffffbfda
ffffc9f3
804
3730
ffffffd7
3
0
ffffe954
ffffffff
ffffed85
804
1506
0
28
28
fffffb70
ffffff98
502
fffff966
46c
6c
fffffaf0
692
fffffba0
ffffff80
51a
fffff968
45c
94
fffffade
1fa
fffffea9
ffffffea
175
fffffe06
156
17
fffffe8a
1f9
ffffd098
ffffbfda
ffffc9f3
804
2f20
ffffffd3
3
0
ffffe8ee
ffffffff
175
fffffe06
156
17
28
28
6a6
fffffb70
ffffffb0
50a
fffff958
480
74
fffffadc
6a2
fffffb8e
ffffff76
524
fffff95c
45c
92
fffffac6
6a0
fffffba2
8
0
fffffeb7
7e
fffffff6
3
ffffd098
ffffbfda
ffffc9f3
804
ffffbf60
ffffffd5
3
0
ffffe870
ffffffff
ffffed85
804
353c
0
28
28
fffffb7c
ffffff6e
53e
fffff94a
45e
a4
fffffaa6
6ae
fffffbac
ffffff22
56a
fffff950
432
d8
fffffa82
1fa
fffffea9
ffffffea
175
fffffe06
156
17
fffffe8a
1f9
ffffd098
ffffbfda
ffffc9f3
804
ffffcd30
ffffffd3
3
0
ffffe7b1
ffffffff
175
fffffe06
156
17
28
28
6d0
fffffb50
ffffff84
542
fffff934
476
96
fffffa92
6be
fffffba6
ffffff4e
572
fffff93e
452
c6
fffffa86
6bc
fffffbba
4d18
805
fffffe1e
103
ffffffb3
44
ffffd098
ffffbfda
ffffc9f3
804
6110
ffffffd6
3
0
ffffe6ed
ffffffff
ffffed85
804
6ff4
0
28
28
fffffaec
c4
416
fffff998
51a
ffffff34
fffffbee
662
fffffad0
f6
3e0
fffff9a6
54a
fffffec2
fffffc46
1fa
fffffea9
ffffffea
175
fffffe06
156
17
fffffe8a
1f9
ffffd098
ffffbfda
ffffc9f3
804
3bc0
ffffffd7
3
0
ffffe916
ffffffff
175
fffffe06
156
17
28
28
608
fffffb0a
f0
3a0
fffff9fe
504
fffffed6
fffffc86
5f4
fffffad6
15c
344
fffffa16
53e
fffffe74
fffffcd6
5e4
fffffaa0
8
0
25
ffffffd9
26
ffffffaa
ffffd098
ffffbfda
ffffc9f3
804
3460
ffffffda
3
0
ffffeb3e
ffffffff
ffffed85
804
4618
0
28
28
fffffb4a
70
410
fffff9de
4ca
ffffff4e
fffffc16
614
fffffb30
a8
3e8
fffff9e6
4c0
ffffff70
fffffc04
1fa
fffffea9
ffffffea
175
fffffe06
156
17
fffffe8a
1f9
ffffd098
ffffbfda
ffffc9f3
804
1dd0
ffffffd6
3
0
ffffeb06
ffffffff
175
fffffe06
156
17
28
28
650
fffffb6c
18
474
fffff9ae
498
ffffffe2
fffffb8a
64c
fffffb5a
22
468
fffff9b0
4a4
ffffffda
fffffb94
64a
fffffb5a
4d10
805
ffffff98
34
5f
ffffff73
ffffd098
ffffbfda
ffffc9f3
804
4110
ffffffd7
3
0
ffffea5d
ffffffff
ffffed85
804
335e
0
28
28
fffffb66
ffffffe0
4b2
fffff98a
48c
1e
fffffb44
670
fffffb70
ffffffda
4b8
fffff98c
484
2e
fffffb3a
1fa
fffffea9
ffffffea
175
fffffe06
156
17
fffffe8a
1f9
ffffd098
ffffbfda
ffffc9f3
804
a50
ffffffd4
3
0
ffffe9cb
ffffffff
175
fffffe06
156
17
28
28
688
fffffb64
ffffffcc
4d8
fffff974
48c
3e
fffffb18
686
fffffb90
ffffffac
4f0
fffff976
464
66
fffffb00
684
fffffba2
4d10
805
f
1a5
fffffeb2
83
ffffd098
ffffbfda
ffffc9f3
804
ffffbd10
ffffffd6
3
0
ffffe937
ffffffff
ffffed85
804
460e
0
28
28
fffffb74
ffffffcc
4e6
fffff96a
47e
50
fffffb04
68e
fffffb84
ffffff8e
502
fffff974
460
7c
fffffaec
1fa
fffffea9
ffffffea
175
fffffe06
156
17
fffffe8a
1f9
ffffd098
ffffbfda
ffffc9f3
804
ffffef20
ffffffd2
3
0
ffffe8ee
ffffffff
175
fffffe06
156
17
28
28
69e
fffffb58
ffffffb8
4f0
fffff962
48c
4e
fffffafc
696
fffffb7e
ffffff90
50c
fffff966
46a
68
fffffae8
694
fffffb98
8
0
11
13
ffffffb1
83
ffffd098
ffffbfda
ffffc9f3
804
3c00
ffffffd6
3
0
ffffe8b0
ffffffff
ffffed85
804
7b0a
0
28
28
fffffb6a
ffffff8c
52c
fffff946
478
7e
fffffab8
6b0
fffffba0
ffffff64
556
fffff94c
44a
b8
fffffa98
1fa
fffffea9
ffffffea
175
fffffe06
156
17
fffffe8a
1f9
ffffd098
ffffbfda
ffffc9f3
804
50a0
ffffffd3
3
0
ffffe7c9
ffffffff
175
fffffe06
156
17
28
28
6e6
fffffb5a
ffffff9c
554
fffff918
486
92
fffffa92
6dc
fffffb9a
ffffff2e
58c
fffff92a
450
e4
fffffa60
6d0
fffffbc2
4d14
805
1a
9
ffffffd3
8a
ffffd098
ffffbfda
ffffc9f3
804
ffffe1f0
ffffffd5
3
0
ffffe6ae
ffffffff
ffffed85
804
5f9c
0
28
28
fffffaee
9c
438
fffff986
514
ffffff52
fffffbcc
676
fffffadc
ae
42a
fffff984
52e
ffffff14
fffffbf8
201
fffffea5
ffffffea
17a
fffffdfe
15c
17
fffffe84
201
ffffd098
ffffbfda
ffffc9f3
804
940
ffffffd9
3
0
ffffe8c6
ffffffff
17b
fffffdff
15b
16
28
28
622
fffffb10
ce
3cc
fffff9e2
502
ffffff00
fffffc50
614
fffffae8
120
390
fffff9ee
52c
fffffeb8
fffffc8c
606
fffffaac
8
0
20e
ffffff3b
ffffffc0
23f
ffffd098
ffffbfda
ffffc9f3
804
1160
ffffffdb
3
0
ffffeb0d
ffffffff
ffffed85
804
4d38
0
28
28
fffffb18
c6
3d2
fffff9e4
4f6
ffffff32
fffffc2c
614
fffffb0a
ce
3c8
fffff9e8
4ec
ffffff24
fffffc3a
1fc
fffffea4
ffffffef
174
fffffe04
15c
11
fffffe8c
1fc
ffffd098
ffffbfda
ffffc9f3
804
ffffc550
ffffffda
3
0
ffffeb5d
ffffffff
174
fffffe04
15c
11
28
28
fffffbb6
642
fffffb3c
66
434
fffff9bc
4d2
ffffff80
fffffbd8
63e
fffffb24
78
424
fffff9c0
4d8
ffffff7e
fffffbde
63a
4d10
805
5b
55
ffffffcb
ffffffde
ffffd098
ffffbfda
ffffc9f3
804
ffffdb00
ffffffd5
3
0
ffffeab1
ffffffff
ffffed85
804
17ec
0
28
28
fffffb44
12
498
fffff984
4ae
fffffff6
fffffb5e
676
fffffb52
8
4a0
fffff986
4aa
fffffff4
fffffb5e
201
fffffea2
ffffffed
179
fffffdff
15e
13
fffffe87
201
ffffd098
ffffbfda
ffffc9f3
804
ffff8440
ffffffd4
3
0
ffffea19
ffffffff
179
fffffdff
15e
13
28
28
688
fffffb58
ffffffe0
4c4
fffff972
49c
1e
fffffb32
686
fffffb62
ffffffd4
4ca
fffff976
498
2a
fffffb30
686
fffffb6c
8
0
27
ffffffec
fffffff4
1b
ffffd098
ffffbfda
ffffc9f3
804
5e20
ffffffd5
3
0
ffffe99a
ffffffff
ffffed85
804
486
0
28
28
fffffb68
ffffffba
4f0
fffff962
48a
56
fffffb06
698
fffffb80
ffffff96
504
fffff966
46e
76
fffffae8
201
fffffea2
ffffffed
179
fffffdff
15e
13
fffffe87
201
ffffd098
ffffbfda
ffffc9f3
804
ffff9f70
ffffffd3
3
0
ffffe8f4
ffffffff
179
fffffdff
15e
13
28
28
6b2
fffffb66
ffffff9e
514
fffff94c
486
6c
fffffadc
6ac
fffffb80
ffffff7a
52e
fffff950
468
94
fffffac2
6a8
fffffba6
4d18
805
fffffff4
fffffffa
ffffffed
3c
ffffd098
ffffbfda
ffffc9f3
804
ffff8db0
ffffffd3
3
0
ffffe873
ffffffff
ffffed85
804
578e
0
28
28
fffffb6a
ffffff86
53a
fffff93e
478
9e
fffffaaa
6ba
fffffba2
ffffff42
562
fffff944
44c
d8
fffffa88
201
fffffea2
ffffffed
179
fffffdff
15e
13
fffffe87
201
ffffd098
ffffbfda
ffffc9f3
804
fffffe40
ffffffd2
3
0
ffffe7ac
ffffffff
179
fffffdff
15e
13
28
28
6e4
fffffb4a
ffffff92
54c
fffff91c
48a
aa
fffffa8a
6d4
fffffb94
ffffff36
57a
fffff928
45c
ce
fffffa74
6d2
fffffbaa
8
0
fffffe1c
103
ffffffb4
43
ffffd098
ffffbfda
ffffc9f3
804
ffffe200
ffffffd4
3
0
ffffe6d0
ffffffff
ffffed85
804
4498
0
28
28
fffffada
b4
420
fffff986
52c
ffffff2a
fffffbee
672
fffffac2
e4
402
fffff990
54c
fffffeea
fffffc22
201
fffffea2
ffffffed
179
fffffdff
15e
13
fffffe87
201
ffffd098
ffffbfda
ffffc9f3
804
ffffb6c0
ffffffd6
3
0
ffffe8ca
ffffffff
179
fffffdff
15e
13
28
28
618
fffffafc
fc
3a4
fffff9ee
518
fffffeda
fffffc76
606
fffffad4
140
36a
fffff9fc
53c
fffffe9e
fffffcac
5fc
fffffaae
8
0
1e1
ffffff40
ffffffe6
206
ffffd098
ffffbfda
ffffc9f3
804
5490
ffffffd8
3
0
ffffeb13
ffffffff
ffffed85
804
7306
0
28
28
fffffb48
70
41a
fffff9d2
4d0
ffffff64
fffffc04
622
fffffb36
8e
3f8
fffff9dc
4c8
ffffff6a
fffffc02
201
fffffea2
ffffffed
179
fffffdff
15e
13
fffffe87
201
ffffd098
ffffbfda
ffffc9f3
804
ffffeb70
ffffffd5
3
0
ffffeb06
ffffffff
179
fffffdff
15e
13
28
28
658
fffffb54
14
474
fffff9aa
4a4
ffffffd4
fffffb92
652
fffffb50
36
460
fffff9ac
4b2
ffffffd0
fffffb98
650
fffffb44
4d10
805
ffffffb0
0
7d
ffffff89
ffffd098
ffffbfda
ffffc9f3
804
2f50
ffffffd6
3
0
ffffea65
ffffffff
ffffed85
804
6338
0
28
28
fffffb5a
fffffff6
4a6
fffff988
49c
c
fffffb54
672
fffffb60
fffffff6
4a8
fffff98c
49a
a
fffffb58
201
fffffea2
ffffffed
179
fffffdff
15e
13
fffffe87
201
ffffd098
ffffbfda
ffffc9f3
804
62c0
ffffffd4
3
0
ffffe9fd
ffffffff
179
fffffdff
15e
13
28
28
68e
fffffb5e
ffffffcc
4d8
fffff96a
48e
44
fffffb1c
68e
fffffb7a
ffffffa0
4e8
fffff970
470
5e
fffffb04
68c
fffffb8e
8
0
30
ffffffe7
ffffffeb
2c
ffffd098
ffffbfda
ffffc9f3
804
69c0
ffffffd5
3
0
ffffe95c
ffffffff
ffffed85
804
11f0
0
28
28
fffffb86
ffffff96
504
fffff96a
46e
7a
fffffaee
690
fffffb98
ffffff80
512
fffff96a
454
96
fffffae0
201
fffffea6
ffffffea
17b
fffffdff
15a
16
fffffe85
201
ffffd098
ffffbfda
ffffc9f3
804
bb0
ffffffd7
3
0
ffffe902
ffffffff
17b
fffffdff
15a
16
28
28
fffffad6
6b2
fffffb8a
ffffff72
530
fffff94a
466
96
fffffabe
6ae
fffffba6
ffffff4a
552
fffff94c
446
d4
fffffa9a
6ac
4d10
805
ffffffe3
206
fffffe2a
fffffee1
ffffd098
ffffbfda
ffffc9f3
804
10b0
ffffffd7
3
0
ffffe859
ffffffff
ffffed85
804
5d2e
0
28
28
