7ff8
5
400
fffff0db
1ff5
ffffcde5
3fe6
z
7fd3
5
400
fffff0db
1ff5
ffffcde5
3fe6
z
7f4c
5
400
fffff0db
1ff5
ffffcde5
3fe6
z
7e6c
5
400
fffff0db
1ff5
ffffcde5
3fe6
z
7d33
5
400
fffff0db
1ff5
ffffcde5
3fe6
z
7ba3
5
400
fffff0db
1ff5
ffffcde5
3fe6
z
7c6a
5
400
fffff0db
1ff5
ffffcde5
3fe6
z
7c06
5
400
fffff0db
1ff5
ffffcde5
3fe6
z
7bd4
5
400
fffff0db
1ff5
ffffcde5
3fe6
z
7bbb
5
400
fffff0db
1ff5
ffffcde5
3fe6
z
7bd3
5
400
fffff990
726
fffffb95
44d
z
79bc
5
400
fffff990
726
fffffb95
44d
z
777f
5
400
fffff990
726
fffffb95
44d
z
74ef
5
400
fffff990
726
fffffb95
44d
z
720c
5
400
fffff990
726
fffffb95
44d
z
737d
5
400
fffff990
726
fffffb95
44d
z
7435
5
400
fffff990
726
fffffb95
44d
z
7491
5
400
fffff990
726
fffffb95
44d
z
74bf
5
400
fffff990
726
fffffb95
44d
z
74a5
5
400
fffff0db
1ff5
ffffcde5
3fe6
z
6ed9
5
400
fffff0db
1ff5
ffffcde5
3fe6
z
6b59
5
400
fffff0db
1ff5
ffffcde5
3fe6
z
6d18
5
400
fffff0db
1ff5
ffffcde5
3fe6
z
6df8
5
400
fffff0db
1ff5
ffffcde5
3fe6
z
6e68
5
400
fffff0db
1ff5
ffffcde5
3fe6
z
6ea0
5
400
fffff0db
1ff5
ffffcde5
3fe6
z
6ec8
5
400
fffff990
726
fffffb95
44d
z
678d
5
400
fffff990
726
fffffb95
44d
z
6379
5
400
fffff990
726
fffffb95
44d
z
5f1f
5
400
fffff990
726
fffffb95
44d
z
5a82
5
400
fffff990
726
fffffb95
44d
z
55a6
5
400
fffff990
726
fffffb95
44d
z
5814
5
400
fffff990
726
fffffb95
44d
z
56dd
5
400
fffff990
726
fffffb95
44d
z
5641
5
400
fffff990
726
fffffb95
44d
z
568e
5
400
fffff990
726
fffffb95
44d
z
5664
5
400
fffff0db
1ff5
ffffcde5
3fe6
z
508d
5
400
fffff0db
1ff5
ffffcde5
3fe6
z
4b3c
5
400
fffff0db
1ff5
ffffcde5
3fe6
z
45b6
5
400
fffff0db
1ff5
ffffcde5
3fe6
z
4000
5
400
fffff0db
1ff5
ffffcde5
3fe6
z
3a1c
5
400
fffff0db
1ff5
ffffcde5
3fe6
z
340f
5
400
fffff0db
1ff5
ffffcde5
3fe6
z
3715
5
400
fffff0db
1ff5
ffffcde5
3fe6
z
3898
5
400
fffff0db
1ff5
ffffcde5
3fe6
z
395a
5
400
fffff0db
1ff5
ffffcde5
3fe6
z
39bb
5
400
fffff0db
1ff5
ffffcde5
3fe6
z
39d6
5
400
fffff990
726
fffffb95
44d
z
2ddf
5
400
fffff990
726
fffffb95
44d
z
33da
5
400
fffff990
726
fffffb95
44d
z
30dc
5
400
fffff990
726
fffffb95
44d
z
2f5d
5
400
fffff990
726
fffffb95
44d
z
301c
5
400
fffff990
726
fffffb95
44d
z
3047
5
400
fffff0db
1ff5
ffffcde5
3fe6
z
278d
5
400
fffff0db
1ff5
ffffcde5
3fe6
z
2120
5
400
fffff0db
1ff5
ffffcde5
3fe6
z
1a9c
5
400
fffff0db
1ff5
ffffcde5
3fe6
z
1406
5
400
fffff0db
1ff5
ffffcde5
3fe6
z
d61
5
400
fffff0db
1ff5
ffffcde5
3fe6
z
6b2
5
400
fffff0db
1ff5
ffffcde5
3fe6
z
a09
5
400
fffff0db
1ff5
ffffcde5
3fe6
z
85d
5
400
fffff0db
1ff5
ffffcde5
3fe6
z
787
5
400
fffff0db
1ff5
ffffcde5
3fe6
z
71c
5
400
fffff0db
1ff5
ffffcde5
3fe6
z
6be
5
400
fffff990
726
fffffb95
44d
z
0
5
400
fffff990
726
fffffb95
44d
z
fffff94e
5
400
fffff990
726
fffffb95
44d
z
fffff29f
5
400
fffff990
726
fffffb95
44d
z
ffffebfa
5
400
fffff990
726
fffffb95
44d
z
ffffe564
5
400
fffff990
726
fffffb95
44d
z
ffffdee0
5
400
fffff990
726
fffffb95
44d
z
ffffd873
5
400
fffff990
726
fffffb95
44d
z
ffffdba9
5
400
fffff990
726
fffffb95
44d
z
ffffda0d
5
400
fffff990
726
fffffb95
44d
z
ffffd93f
5
400
fffff990
726
fffffb95
44d
z
ffffd9a5
5
400
fffff990
726
fffffb95
44d
z
ffffd971
5
400
fffff0db
1ff5
ffffcde5
3fe6
z
ffffd221
5
400
fffff0db
1ff5
ffffcde5
3fe6
z
ffffcbf1
5
400
fffff0db
1ff5
ffffcde5
3fe6
z
ffffc5e4
5
400
fffff0db
1ff5
ffffcde5
3fe6
z
ffffc8ea
5
400
fffff0db
1ff5
ffffcde5
3fe6
z
ffffc767
5
400
fffff0db
1ff5
ffffcde5
3fe6
z
ffffc6a5
5
400
fffff0db
1ff5
ffffcde5
3fe6
z
ffffc705
5
400
fffff0db
1ff5
ffffcde5
3fe6
z
ffffc724
5
400
fffff990
726
fffffb95
44d
z
ffffc000
5
400
fffff990
726
fffffb95
44d
z
ffffba4a
5
400
fffff990
726
fffffb95
44d
z
ffffb4c4
5
400
fffff990
726
fffffb95
44d
z
ffffaf73
5
400
fffff990
726
fffffb95
44d
z
ffffaa5a
5
400
fffff990
726
fffffb95
44d
z
ffffa57e
5
400
fffff990
726
fffffb95
44d
z
ffffa0e1
5
400
fffff990
726
fffffb95
44d
z
ffff9c87
5
400
fffff990
726
fffffb95
44d
z
ffff9873
5
400
fffff990
726
fffffb95
44d
z
ffff94a7
5
400
fffff990
726
fffffb95
44d
z
ffff9127
5
400
fffff990
726
fffffb95
44d
z
ffff92e6
5
400
fffff990
726
fffffb95
44d
z
ffff9206
5
400
fffff990
726
fffffb95
44d
z
ffff9276
5
400
fffff990
726
fffffb95
44d
z
ffff923e
5
400
fffff990
726
fffffb95
44d
z
ffff9242
5
400
fffff0db
1ff5
ffffcde5
3fe6
z
7ff8
5
400
fffff0ce
2085
ffffcc66
423f
z
7fd3
5
400
fffff0ce
2085
ffffcc66
423f
z
7f4c
5
400
fffff0ce
2085
ffffcc66
423f
z
7e6c
5
400
fffff0ce
2085
ffffcc66
423f
z
7d33
5
400
fffff0ce
2085
ffffcc66
423f
z
7ba3
5
400
fffff0ce
2085
ffffcc66
423f
z
7c6a
5
400
fffff0ce
2085
ffffcc66
423f
z
7c06
5
400
fffff0ce
2085
ffffcc66
423f
z
7bd4
5
400
fffff0ce
2085
ffffcc66
423f
z
7bbb
5
400
fffff0ce
2085
ffffcc66
423f
z
7baf
5
400
fffff971
818
fffffa76
4e7
z
79bc
5
400
fffff971
818
fffffa76
4e7
z
777f
5
400
fffff971
818
fffffa76
4e7
z
74ef
5
400
fffff971
818
fffffa76
4e7
z
720c
5
400
fffff971
818
fffffa76
4e7
z
737d
5
400
fffff971
818
fffffa76
4e7
z
7435
5
400
fffff971
818
fffffa76
4e7
z
73d8
5
400
fffff971
818
fffffa76
4e7
z
73aa
5
400
fffff971
818
fffffa76
4e7
z
7386
5
400
fffff0ce
2085
ffffcc66
423f
z
6ed9
5
400
fffff0ce
2085
ffffcc66
423f
z
6b59
5
400
fffff0ce
2085
ffffcc66
423f
z
6d18
5
400
fffff0ce
2085
ffffcc66
423f
z
6df8
5
400
fffff0ce
2085
ffffcc66
423f
z
6d88
5
400
fffff0ce
2085
ffffcc66
423f
z
6d50
5
400
fffff0ce
2085
ffffcc66
423f
z
6d76
5
400
fffff971
818
fffffa76
4e7
z
678d
5
400
fffff971
818
fffffa76
4e7
z
6379
5
400
fffff971
818
fffffa76
4e7
z
5f1f
5
400
fffff971
818
fffffa76
4e7
z
5a82
5
400
fffff971
818
fffffa76
4e7
z
55a6
5
400
fffff971
818
fffffa76
4e7
z
508d
5
400
fffff971
818
fffffa76
4e7
z
5319
5
400
fffff971
818
fffffa76
4e7
z
545f
5
400
fffff971
818
fffffa76
4e7
z
5502
5
400
fffff971
818
fffffa76
4e7
z
5554
5
400
fffff971
818
fffffa76
4e7
z
5516
5
400
fffff0ce
2085
ffffcc66
423f
z
4b3c
5
400
fffff0ce
2085
ffffcc66
423f
z
45b6
5
400
fffff0ce
2085
ffffcc66
423f
z
4000
5
400
fffff0ce
2085
ffffcc66
423f
z
3a1c
5
400
fffff0ce
2085
ffffcc66
423f
z
340f
5
400
fffff0ce
2085
ffffcc66
423f
z
3715
5
400
fffff0ce
2085
ffffcc66
423f
z
3898
5
400
fffff0ce
2085
ffffcc66
423f
z
37d6
5
400
fffff0ce
2085
ffffcc66
423f
z
3837
5
400
fffff0ce
2085
ffffcc66
423f
z
37ef
5
400
fffff971
818
fffffa76
4e7
z
2ddf
5
400
fffff971
818
fffffa76
4e7
z
278d
5
400
fffff971
818
fffffa76
4e7
z
2ab5
5
400
fffff971
818
fffffa76
4e7
z
2c49
5
400
fffff971
818
fffffa76
4e7
z
2d13
5
400
fffff971
818
fffffa76
4e7
z
2cad
5
400
fffff971
818
fffffa76
4e7
z
2c7e
5
400
fffff0ce
2085
ffffcc66
423f
z
2120
5
400
fffff0ce
2085
ffffcc66
423f
z
1a9c
5
400
fffff0ce
2085
ffffcc66
423f
z
1406
5
400
fffff0ce
2085
ffffcc66
423f
z
d61
5
400
fffff0ce
2085
ffffcc66
423f
z
6b2
5
400
fffff0ce
2085
ffffcc66
423f
z
a09
5
400
fffff0ce
2085
ffffcc66
423f
z
85d
5
400
fffff0ce
2085
ffffcc66
423f
z
932
5
400
fffff0ce
2085
ffffcc66
423f
z
8c7
5
400
fffff0ce
2085
ffffcc66
423f
z
8b7
5
400
fffff971
818
fffffa76
4e7
z
0
5
400
fffff971
818
fffffa76
4e7
z
fffff94e
5
400
fffff971
818
fffffa76
4e7
z
fffff29f
5
400
fffff971
818
fffffa76
4e7
z
ffffebfa
5
400
fffff971
818
fffffa76
4e7
z
ffffe564
5
400
fffff971
818
fffffa76
4e7
z
ffffdee0
5
400
fffff971
818
fffffa76
4e7
z
ffffe222
5
400
fffff971
818
fffffa76
4e7
z
ffffe081
5
400
fffff971
818
fffffa76
4e7
z
ffffe151
5
400
fffff971
818
fffffa76
4e7
z
ffffe0e8
5
400
fffff971
818
fffffa76
4e7
z
ffffe0b4
5
400
fffff0ce
2085
ffffcc66
423f
z
ffffd873
5
400
fffff0ce
2085
ffffcc66
423f
z
ffffd221
5
400
fffff0ce
2085
ffffcc66
423f
z
ffffcbf1
5
400
fffff0ce
2085
ffffcc66
423f
z
ffffc5e4
5
400
fffff0ce
2085
ffffcc66
423f
z
ffffc8ea
5
400
fffff0ce
2085
ffffcc66
423f
z
ffffca6d
5
400
fffff0ce
2085
ffffcc66
423f
z
ffffc9ab
5
400
fffff0ce
2085
ffffcc66
423f
z
ffffc94a
5
400
fffff0ce
2085
ffffcc66
423f
z
ffffc958
5
400
fffff971
818
fffffa76
4e7
z
ffffc000
5
400
fffff971
818
fffffa76
4e7
z
ffffba4a
5
400
fffff971
818
fffffa76
4e7
z
ffffb4c4
5
400
fffff971
818
fffffa76
4e7
z
ffffaf73
5
400
fffff971
818
fffffa76
4e7
z
ffffaa5a
5
400
fffff971
818
fffffa76
4e7
z
ffffa57e
5
400
fffff971
818
fffffa76
4e7
z
ffffa0e1
5
400
fffff971
818
fffffa76
4e7
z
ffff9c87
5
400
fffff971
818
fffffa76
4e7
z
ffff9873
5
400
fffff971
818
fffffa76
4e7
z
ffff94a7
5
400
fffff971
818
fffffa76
4e7
z
ffff9127
5
400
fffff971
818
fffffa76
4e7
z
ffff92e6
5
400
fffff971
818
fffffa76
4e7
z
ffff93c6
5
400
fffff971
818
fffffa76
4e7
z
ffff9356
5
400
fffff971
818
fffffa76
4e7
z
ffff931e
5
400
fffff971
818
fffffa76
4e7
z
ffff9323
5
400
fffff0ce
2085
ffffcc66
423f
z
7ff8
5
400
fffff106
2071
ffffcb65
44cf
z
7fd3
5
400
fffff106
2071
ffffcb65
44cf
z
7f4c
5
400
fffff106
2071
ffffcb65
44cf
z
7e6c
5
400
fffff106
2071
ffffcb65
44cf
z
7d33
5
400
fffff106
2071
ffffcb65
44cf
z
7ba3
5
400
fffff106
2071
ffffcb65
44cf
z
79bc
5
400
fffff106
2071
ffffcb65
44cf
z
7aaf
5
400
fffff106
2071
ffffcb65
44cf
z
7b28
5
400
fffff106
2071
ffffcb65
44cf
z
7b65
5
400
fffff106
2071
ffffcb65
44cf
z
7b46
5
400
fffff106
2071
ffffcb65
44cf
z
7b51
5
400
fffff99d
908
fffff887
7c4
z
777f
5
400
fffff99d
908
fffff887
7c4
z
74ef
5
400
fffff99d
908
fffff887
7c4
z
720c
5
400
fffff99d
908
fffff887
7c4
z
737d
5
400
fffff99d
908
fffff887
7c4
z
72c4
5
400
fffff99d
908
fffff887
7c4
z
7320
5
400
fffff99d
908
fffff887
7c4
z
72f2
5
400
fffff99d
908
fffff887
7c4
z
731c
5
400
fffff106
2071
ffffcb65
44cf
z
6ed9
5
400
fffff106
2071
ffffcb65
44cf
z
6b59
5
400
fffff106
2071
ffffcb65
44cf
z
6d18
5
400
fffff106
2071
ffffcb65
44cf
z
6c38
5
400
fffff106
2071
ffffcb65
44cf
z
6bc8
5
400
fffff106
2071
ffffcb65
44cf
z
6c00
5
400
fffff106
2071
ffffcb65
44cf
z
6beb
5
400
fffff99d
908
fffff887
7c4
z
678d
5
400
fffff99d
908
fffff887
7c4
z
6379
5
400
fffff99d
908
fffff887
7c4
z
5f1f
5
400
fffff99d
908
fffff887
7c4
z
5a82
5
400
fffff99d
908
fffff887
7c4
z
55a6
5
400
fffff99d
908
fffff887
7c4
z
508d
5
400
fffff99d
908
fffff887
7c4
z
4b3c
5
400
fffff99d
908
fffff887
7c4
z
4de4
5
400
fffff99d
908
fffff887
7c4
z
4f38
5
400
fffff99d
908
fffff887
7c4
z
4fe2
5
400
fffff99d
908
fffff887
7c4
z
4f8d
5
400
fffff99d
908
fffff887
7c4
z
4fa5
5
400
fffff106
2071
ffffcb65
44cf
z
45b6
5
400
fffff106
2071
ffffcb65
44cf
z
4000
5
400
fffff106
2071
ffffcb65
44cf
z
3a1c
5
400
fffff106
2071
ffffcb65
44cf
z
340f
5
400
fffff106
2071
ffffcb65
44cf
z
3715
5
400
fffff106
2071
ffffcb65
44cf
z
3591
5
400
fffff106
2071
ffffcb65
44cf
z
34cf
5
400
fffff106
2071
ffffcb65
44cf
z
346e
5
400
fffff106
2071
ffffcb65
44cf
z
3484
5
400
fffff99d
908
fffff887
7c4
z
2ddf
5
400
fffff99d
908
fffff887
7c4
z
278d
5
400
fffff99d
908
fffff887
7c4
z
2ab5
5
400
fffff99d
908
fffff887
7c4
z
2920
5
400
fffff99d
908
fffff887
7c4
z
2856
5
400
fffff99d
908
fffff887
7c4
z
28bb
5
400
fffff99d
908
fffff887
7c4
z
28e6
5
400
fffff106
2071
ffffcb65
44cf
z
2120
5
400
fffff106
2071
ffffcb65
44cf
z
1a9c
5
400
fffff106
2071
ffffcb65
44cf
z
1406
5
400
fffff106
2071
ffffcb65
44cf
z
d61
5
400
fffff106
2071
ffffcb65
44cf
z
6b2
5
400
fffff106
2071
ffffcb65
44cf
z
0
5
400
fffff106
2071
ffffcb65
44cf
z
359
5
400
fffff106
2071
ffffcb65
44cf
z
505
5
400
fffff106
2071
ffffcb65
44cf
z
42e
5
400
fffff106
2071
ffffcb65
44cf
z
3c3
5
400
fffff106
2071
ffffcb65
44cf
z
3fe
5
400
fffff99d
908
fffff887
7c4
z
fffff94e
5
400
fffff99d
908
fffff887
7c4
z
fffff29f
5
400
fffff99d
908
fffff887
7c4
z
ffffebfa
5
400
fffff99d
908
fffff887
7c4
z
ffffe564
5
400
fffff99d
908
fffff887
7c4
z
ffffdee0
5
400
fffff99d
908
fffff887
7c4
z
ffffe222
5
400
fffff99d
908
fffff887
7c4
z
ffffe3c3
5
400
fffff99d
908
fffff887
7c4
z
ffffe2f2
5
400
fffff99d
908
fffff887
7c4
z
ffffe28a
5
400
fffff99d
908
fffff887
7c4
z
ffffe241
5
400
fffff106
2071
ffffcb65
44cf
z
ffffd873
5
400
fffff106
2071
ffffcb65
44cf
z
ffffd221
5
400
fffff106
2071
ffffcb65
44cf
z
ffffcbf1
5
400
fffff106
2071
ffffcb65
44cf
z
ffffcf08
5
400
fffff106
2071
ffffcb65
44cf
z
ffffd094
5
400
fffff106
2071
ffffcb65
44cf
z
ffffcfce
5
400
fffff106
2071
ffffcb65
44cf
z
ffffd031
5
400
fffff106
2071
ffffcb65
44cf
z
ffffcfe5
5
400
fffff99d
908
fffff887
7c4
z
ffffc5e4
5
400
fffff99d
908
fffff887
7c4
z
ffffc000
5
400
fffff99d
908
fffff887
7c4
z
ffffba4a
5
400
fffff99d
908
fffff887
7c4
z
ffffb4c4
5
400
fffff99d
908
fffff887
7c4
z
ffffaf73
5
400
fffff99d
908
fffff887
7c4
z
ffffaa5a
5
400
fffff99d
908
fffff887
7c4
z
ffffa57e
5
400
fffff99d
908
fffff887
7c4
z
ffffa0e1
5
400
fffff99d
908
fffff887
7c4
z
ffff9c87
5
400
fffff99d
908
fffff887
7c4
z
ffff9873
5
400
fffff99d
908
fffff887
7c4
z
ffff94a7
5
400
fffff99d
908
fffff887
7c4
z
ffff968c
5
400
fffff99d
908
fffff887
7c4
z
ffff977f
5
400
fffff99d
908
fffff887
7c4
z
ffff97f8
5
400
fffff99d
908
fffff887
7c4
z
ffff9835
5
400
fffff99d
908
fffff887
7c4
z
ffff984a
5
400
fffff106
2071
ffffcb65
44cf
z
7ff8
5
400
fffff16b
1f44
ffffcda6
41a1
z
7fd3
5
400
fffff16b
1f44
ffffcda6
41a1
z
7f4c
5
400
fffff16b
1f44
ffffcda6
41a1
z
7e6c
5
400
fffff16b
1f44
ffffcda6
41a1
z
7d33
5
400
fffff16b
1f44
ffffcda6
41a1
z
7ba3
5
400
fffff16b
1f44
ffffcda6
41a1
z
79bc
5
400
fffff16b
1f44
ffffcda6
41a1
z
7aaf
5
400
fffff16b
1f44
ffffcda6
41a1
z
7b28
5
400
fffff16b
1f44
ffffcda6
41a1
z
7aeb
5
400
fffff16b
1f44
ffffcda6
41a1
z
7b09
5
400
fffff16b
1f44
ffffcda6
41a1
z
7b18
5
400
fffff987
9d2
fffff747
94e
z
777f
5
400
fffff987
9d2
fffff747
94e
z
74ef
5
400
fffff987
9d2
fffff747
94e
z
720c
5
400
fffff987
9d2
fffff747
94e
z
737d
5
400
fffff987
9d2
fffff747
94e
z
72c4
5
400
fffff987
9d2
fffff747
94e
z
7320
5
400
fffff987
9d2
fffff747
94e
z
72f2
5
400
fffff987
9d2
fffff747
94e
z
72d6
5
400
fffff16b
1f44
ffffcda6
41a1
z
6ed9
5
400
fffff16b
1f44
ffffcda6
41a1
z
6b59
5
400
fffff16b
1f44
ffffcda6
41a1
z
678d
5
400
fffff16b
1f44
ffffcda6
41a1
z
6972
5
400
fffff16b
1f44
ffffcda6
41a1
z
6a65
5
400
fffff16b
1f44
ffffcda6
41a1
z
69eb
5
400
fffff16b
1f44
ffffcda6
41a1
z
69ae
5
400
fffff16b
1f44
ffffcda6
41a1
z
6996
5
400
fffff987
9d2
fffff747
94e
z
6379
5
400
fffff987
9d2
fffff747
94e
z
5f1f
5
400
fffff987
9d2
fffff747
94e
z
5a82
5
400
fffff987
9d2
fffff747
94e
z
55a6
5
400
fffff987
9d2
fffff747
94e
z
508d
5
400
fffff987
9d2
fffff747
94e
z
4b3c
5
400
fffff987
9d2
fffff747
94e
z
4de4
5
400
fffff987
9d2
fffff747
94e
z
4c90
5
400
fffff987
9d2
fffff747
94e
z
4d3a
5
400
fffff987
9d2
fffff747
94e
z
4ce5
5
400
fffff987
9d2
fffff747
94e
z
4caa
5
400
fffff16b
1f44
ffffcda6
41a1
z
45b6
5
400
fffff16b
1f44
ffffcda6
41a1
z
4000
5
400
fffff16b
1f44
ffffcda6
41a1
z
3a1c
5
400
fffff16b
1f44
ffffcda6
41a1
z
340f
5
400
fffff16b
1f44
ffffcda6
41a1
z
2ddf
5
400
fffff16b
1f44
ffffcda6
41a1
z
30f6
5
400
fffff16b
1f44
ffffcda6
41a1
z
3282
5
400
fffff16b
1f44
ffffcda6
41a1
z
3348
5
400
fffff16b
1f44
ffffcda6
41a1
z
33ab
5
400
fffff16b
1f44
ffffcda6
41a1
z
334e
5
400
fffff987
9d2
fffff747
94e
z
278d
5
400
fffff987
9d2
fffff747
94e
z
2d6d
5
400
fffff987
9d2
fffff747
94e
z
2a7c
5
400
fffff987
9d2
fffff747
94e
z
2904
5
400
fffff987
9d2
fffff747
94e
z
2848
5
400
fffff987
9d2
fffff747
94e
z
27b5
5
400
fffff16b
1f44
ffffcda6
41a1
z
2120
5
400
fffff16b
1f44
ffffcda6
41a1
z
1a9c
5
400
fffff16b
1f44
ffffcda6
41a1
z
1406
5
400
fffff16b
1f44
ffffcda6
41a1
z
d61
5
400
fffff16b
1f44
ffffcda6
41a1
z
6b2
5
400
fffff16b
1f44
ffffcda6
41a1
z
0
5
400
fffff16b
1f44
ffffcda6
41a1
z
359
5
400
fffff16b
1f44
ffffcda6
41a1
z
1ac
5
400
fffff16b
1f44
ffffcda6
41a1
z
282
5
400
fffff16b
1f44
ffffcda6
41a1
z
2ed
5
400
fffff16b
1f44
ffffcda6
41a1
z
296
5
400
fffff987
9d2
fffff747
94e
z
fffff94e
5
400
fffff987
9d2
fffff747
94e
z
fffff29f
5
400
fffff987
9d2
fffff747
94e
z
ffffebfa
5
400
fffff987
9d2
fffff747
94e
z
ffffe564
5
400
fffff987
9d2
fffff747
94e
z
ffffe8af
5
400
fffff987
9d2
fffff747
94e
z
ffffe709
5
400
fffff987
9d2
fffff747
94e
z
ffffe636
5
400
fffff987
9d2
fffff747
94e
z
ffffe5cd
5
400
fffff987
9d2
fffff747
94e
z
ffffe584
5
400
fffff16b
1f44
ffffcda6
41a1
z
ffffdee0
5
400
fffff16b
1f44
ffffcda6
41a1
z
ffffd873
5
400
fffff16b
1f44
ffffcda6
41a1
z
ffffd221
5
400
fffff16b
1f44
ffffcda6
41a1
z
ffffcbf1
5
400
fffff16b
1f44
ffffcda6
41a1
z
ffffcf08
5
400
fffff16b
1f44
ffffcda6
41a1
z
ffffcd7c
5
400
fffff16b
1f44
ffffcda6
41a1
z
ffffce42
5
400
fffff16b
1f44
ffffcda6
41a1
z
ffffcea5
5
400
fffff16b
1f44
ffffcda6
41a1
z
ffffcec1
5
400
fffff987
9d2
fffff747
94e
z
ffffc5e4
5
400
fffff987
9d2
fffff747
94e
z
ffffc000
5
400
fffff987
9d2
fffff747
94e
z
ffffba4a
5
400
fffff987
9d2
fffff747
94e
z
ffffb4c4
5
400
fffff987
9d2
fffff747
94e
z
ffffaf73
5
400
fffff987
9d2
fffff747
94e
z
ffffaa5a
5
400
fffff987
9d2
fffff747
94e
z
ffffa57e
5
400
fffff987
9d2
fffff747
94e
z
ffffa0e1
5
400
fffff987
9d2
fffff747
94e
z
ffff9c87
5
400
fffff987
9d2
fffff747
94e
z
ffff9873
5
400
fffff987
9d2
fffff747
94e
z
ffff9a7c
5
400
fffff987
9d2
fffff747
94e
z
ffff9b81
5
400
fffff987
9d2
fffff747
94e
z
ffff9afe
5
400
fffff987
9d2
fffff747
94e
z
ffff9abd
5
400
fffff987
9d2
fffff747
94e
z
ffff9ada
5
400
fffff16b
1f44
ffffcda6
41a1
z
7ff8
5
400
fffff18f
1efb
ffffce13
412c
z
7fd3
5
400
fffff18f
1efb
ffffce13
412c
z
7f4c
5
400
fffff18f
1efb
ffffce13
412c
z
7e6c
5
400
fffff18f
1efb
ffffce13
412c
z
7d33
5
400
fffff18f
1efb
ffffce13
412c
z
7ba3
5
400
fffff18f
1efb
ffffce13
412c
z
79bc
5
400
fffff18f
1efb
ffffce13
412c
z
7aaf
5
400
fffff18f
1efb
ffffce13
412c
z
7b28
5
400
fffff18f
1efb
ffffce13
412c
z
7aeb
5
400
fffff18f
1efb
ffffce13
412c
z
7b09
5
400
fffff18f
1efb
ffffce13
412c
z
7afc
5
400
fffff949
a2a
fffff763
849
z
777f
5
400
fffff949
a2a
fffff763
849
z
74ef
5
400
fffff949
a2a
fffff763
849
z
720c
5
400
fffff949
a2a
fffff763
849
z
737d
5
400
fffff949
a2a
fffff763
849
z
72c4
5
400
fffff949
a2a
fffff763
849
z
7268
5
400
fffff949
a2a
fffff763
849
z
7296
5
400
fffff949
a2a
fffff763
849
z
72a5
5
400
fffff18f
1efb
ffffce13
412c
z
6ed9
5
400
fffff18f
1efb
ffffce13
412c
z
6b59
5
400
fffff18f
1efb
ffffce13
412c
z
678d
5
400
fffff18f
1efb
ffffce13
412c
z
6972
5
400
fffff18f
1efb
ffffce13
412c
z
687f
5
400
fffff18f
1efb
ffffce13
412c
z
6805
5
400
fffff18f
1efb
ffffce13
412c
z
67c8
5
400
fffff18f
1efb
ffffce13
412c
z
67d9
5
400
fffff949
a2a
fffff763
849
z
6379
5
400
fffff949
a2a
fffff763
849
z
5f1f
5
400
fffff949
a2a
fffff763
849
z
5a82
5
400
fffff949
a2a
fffff763
849
z
55a6
5
400
fffff949
a2a
fffff763
849
z
508d
5
400
fffff949
a2a
fffff763
849
z
4b3c
5
400
fffff949
a2a
fffff763
849
z
4de4
5
400
fffff949
a2a
fffff763
849
z
4c90
5
400
fffff949
a2a
fffff763
849
z
4be6
5
400
fffff949
a2a
fffff763
849
z
4c3b
5
400
fffff949
a2a
fffff763
849
z
4c65
5
400
fffff18f
1efb
ffffce13
412c
z
45b6
5
400
fffff18f
1efb
ffffce13
412c
z
4000
5
400
fffff18f
1efb
ffffce13
412c
z
3a1c
5
400
fffff18f
1efb
ffffce13
412c
z
340f
5
400
fffff18f
1efb
ffffce13
412c
z
2ddf
5
400
fffff18f
1efb
ffffce13
412c
z
30f6
5
400
fffff18f
1efb
ffffce13
412c
z
3282
5
400
fffff18f
1efb
ffffce13
412c
z
3348
5
400
fffff18f
1efb
ffffce13
412c
z
33ab
5
400
fffff18f
1efb
ffffce13
412c
z
3355
5
400
fffff949
a2a
fffff763
849
z
278d
5
400
fffff949
a2a
fffff763
849
z
2d70
5
400
fffff949
a2a
fffff763
849
z
2a7e
5
400
fffff949
a2a
fffff763
849
z
2905
5
400
fffff949
a2a
fffff763
849
z
2848
5
400
fffff949
a2a
fffff763
849
z
27e9
5
400
fffff18f
1efb
ffffce13
412c
z
2120
5
400
fffff18f
1efb
ffffce13
412c
z
1a9c
5
400
fffff18f
1efb
ffffce13
412c
z
1406
5
400
fffff18f
1efb
ffffce13
412c
z
d61
5
400
fffff18f
1efb
ffffce13
412c
z
6b2
5
400
fffff18f
1efb
ffffce13
412c
z
0
5
400
fffff18f
1efb
ffffce13
412c
z
359
5
400
fffff18f
1efb
ffffce13
412c
z
1ac
5
400
fffff18f
1efb
ffffce13
412c
z
d6
5
400
fffff18f
1efb
ffffce13
412c
z
141
5
400
fffff18f
1efb
ffffce13
412c
z
173
5
400
fffff949
a2a
fffff763
849
z
fffff94e
5
400
fffff949
a2a
fffff763
849
z
fffff29f
5
400
fffff949
a2a
fffff763
849
z
ffffebfa
5
400
fffff949
a2a
fffff763
849
z
ffffef4c
5
400
fffff949
a2a
fffff763
849
z
ffffeda3
5
400
fffff949
a2a
fffff763
849
z
ffffecce
5
400
fffff949
a2a
fffff763
849
z
ffffec64
5
400
fffff949
a2a
fffff763
849
z
ffffec01
5
400
fffff18f
1efb
ffffce13
412c
z
ffffe564
5
400
fffff18f
1efb
ffffce13
412c
z
ffffdee0
5
400
fffff18f
1efb
ffffce13
412c
z
ffffd873
5
400
fffff18f
1efb
ffffce13
412c
z
ffffd221
5
400
fffff18f
1efb
ffffce13
412c
z
ffffcbf1
5
400
fffff18f
1efb
ffffce13
412c
z
ffffcf08
5
400
fffff18f
1efb
ffffce13
412c
z
ffffd094
5
400
fffff18f
1efb
ffffce13
412c
z
ffffcfce
5
400
fffff18f
1efb
ffffce13
412c
z
ffffcf6b
5
400
fffff18f
1efb
ffffce13
412c
z
ffffcf76
5
400
fffff949
a2a
fffff763
849
z
ffffc5e4
5
400
fffff949
a2a
fffff763
849
z
ffffc000
5
400
fffff949
a2a
fffff763
849
z
ffffba4a
5
400
fffff949
a2a
fffff763
849
z
ffffb4c4
5
400
fffff949
a2a
fffff763
849
z
ffffaf73
5
400
fffff949
a2a
fffff763
849
z
ffffaa5a
5
400
fffff949
a2a
fffff763
849
z
ffffa57e
5
400
fffff949
a2a
fffff763
849
z
ffffa0e1
5
400
fffff949
a2a
fffff763
849
z
ffff9c87
5
400
fffff949
a2a
fffff763
849
z
ffff9873
5
400
fffff949
a2a
fffff763
849
z
ffff9a7c
5
400
fffff949
a2a
fffff763
849
z
ffff9977
5
400
fffff949
a2a
fffff763
849
z
ffff98f4
5
400
fffff949
a2a
fffff763
849
z
ffff98b3
5
400
fffff949
a2a
fffff763
849
z
ffff987e
5
400
fffff18f
1efb
ffffce13
412c
z
7ff8
5
400
fffff123
20bc
ffffca44
46f6
z
7fd3
5
400
fffff123
20bc
ffffca44
46f6
z
7f4c
5
400
fffff123
20bc
ffffca44
46f6
z
7e6c
5
400
fffff123
20bc
ffffca44
46f6
z
7d33
5
400
fffff123
20bc
ffffca44
46f6
z
7ba3
5
400
fffff123
20bc
ffffca44
46f6
z
79bc
5
400
fffff123
20bc
ffffca44
46f6
z
7aaf
5
400
fffff123
20bc
ffffca44
46f6
z
7b28
5
400
fffff123
20bc
ffffca44
46f6
z
7aeb
5
400
fffff123
20bc
ffffca44
46f6
z
7b09
5
400
fffff123
20bc
ffffca44
46f6
z
7b08
5
400
fffff940
a05
fffff813
6e3
z
777f
5
400
fffff940
a05
fffff813
6e3
z
74ef
5
400
fffff940
a05
fffff813
6e3
z
720c
5
400
fffff940
a05
fffff813
6e3
z
737d
5
400
fffff940
a05
fffff813
6e3
z
72c4
5
400
fffff940
a05
fffff813
6e3
z
7268
5
400
fffff940
a05
fffff813
6e3
z
7296
5
400
fffff940
a05
fffff813
6e3
z
729d
5
400
fffff123
20bc
ffffca44
46f6
z
6ed9
5
400
fffff123
20bc
ffffca44
46f6
z
6b59
5
400
fffff123
20bc
ffffca44
46f6
z
678d
5
400
fffff123
20bc
ffffca44
46f6
z
6379
5
400
fffff123
20bc
ffffca44
46f6
z
6582
5
400
fffff123
20bc
ffffca44
46f6
z
6687
5
400
fffff123
20bc
ffffca44
46f6
z
6709
5
400
fffff123
20bc
ffffca44
46f6
z
674a
5
400
fffff123
20bc
ffffca44
46f6
z
6720
5
400
fffff940
a05
fffff813
6e3
z
5f1f
5
400
fffff940
a05
fffff813
6e3
z
5a82
5
400
fffff940
a05
fffff813
6e3
z
55a6
5
400
fffff940
a05
fffff813
6e3
z
508d
5
400
fffff940
a05
fffff813
6e3
z
4b3c
5
400
fffff940
a05
fffff813
6e3
z
4de4
5
400
fffff940
a05
fffff813
6e3
z
4c90
5
400
fffff940
a05
fffff813
6e3
z
4be6
5
400
fffff940
a05
fffff813
6e3
z
4c3b
5
400
fffff940
a05
fffff813
6e3
z
4c39
5
400
fffff123
20bc
ffffca44
46f6
z
45b6
5
400
fffff123
20bc
ffffca44
46f6
z
4000
5
400
fffff123
20bc
ffffca44
46f6
z
3a1c
5
400
fffff123
20bc
ffffca44
46f6
z
340f
5
400
fffff123
20bc
ffffca44
46f6
z
3715
5
400
fffff123
20bc
ffffca44
46f6
z
3591
5
400
fffff123
20bc
ffffca44
46f6
z
34cf
5
400
fffff123
20bc
ffffca44
46f6
z
346e
5
400
fffff123
20bc
ffffca44
46f6
z
34bc
5
400
fffff940
a05
fffff813
6e3
z
2ddf
5
400
fffff940
a05
fffff813
6e3
z
278d
5
400
fffff940
a05
fffff813
6e3
z
2ab5
5
400
fffff940
a05
fffff813
6e3
z
2920
5
400
fffff940
a05
fffff813
6e3
z
2856
5
400
fffff940
a05
fffff813
6e3
z
28bb
5
400
fffff940
a05
fffff813
6e3
z
2876
5
400
fffff123
20bc
ffffca44
46f6
z
2120
5
400
fffff123
20bc
ffffca44
46f6
z
1a9c
5
400
fffff123
20bc
ffffca44
46f6
z
1406
5
400
fffff123
20bc
ffffca44
46f6
z
d61
5
400
fffff123
20bc
ffffca44
46f6
z
6b2
5
400
fffff123
20bc
ffffca44
46f6
z
0
5
400
fffff123
20bc
ffffca44
46f6
z
359
5
400
fffff123
20bc
ffffca44
46f6
z
1ac
5
400
fffff123
20bc
ffffca44
46f6
z
282
5
400
fffff123
20bc
ffffca44
46f6
z
2ed
5
400
fffff123
20bc
ffffca44
46f6
z
2b0
5
400
fffff940
a05
fffff813
6e3
z
fffff94e
5
400
fffff940
a05
fffff813
6e3
z
fffff29f
5
400
fffff940
a05
fffff813
6e3
z
ffffebfa
5
400
fffff940
a05
fffff813
6e3
z
ffffef4c
5
400
fffff940
a05
fffff813
6e3
z
ffffeda3
5
400
fffff940
a05
fffff813
6e3
z
ffffee77
5
400
fffff940
a05
fffff813
6e3
z
ffffeee1
5
400
fffff940
a05
fffff813
6e3
z
ffffeea3
5
400
fffff123
20bc
ffffca44
46f6
z
ffffe564
5
400
fffff123
20bc
ffffca44
46f6
z
ffffdee0
5
400
fffff123
20bc
ffffca44
46f6
z
ffffd873
5
400
fffff123
20bc
ffffca44
46f6
z
ffffd221
5
400
fffff123
20bc
ffffca44
46f6
z
ffffd549
5
400
fffff123
20bc
ffffca44
46f6
z
ffffd3b4
5
400
fffff123
20bc
ffffca44
46f6
z
ffffd47e
5
400
fffff123
20bc
ffffca44
46f6
z
ffffd419
5
400
fffff123
20bc
ffffca44
46f6
z
ffffd43e
5
400
fffff940
a05
fffff813
6e3
z
ffffcbf1
5
400
fffff940
a05
fffff813
6e3
z
ffffc5e4
5
400
fffff940
a05
fffff813
6e3
z
ffffc000
5
400
fffff940
a05
fffff813
6e3
z
ffffba4a
5
400
fffff940
a05
fffff813
6e3
z
ffffb4c4
5
400
fffff940
a05
fffff813
6e3
z
ffffaf73
5
400
fffff940
a05
fffff813
6e3
z
ffffaa5a
5
400
fffff940
a05
fffff813
6e3
z
ffffa57e
5
400
fffff940
a05
fffff813
6e3
z
ffffa0e1
5
400
fffff940
a05
fffff813
6e3
z
ffff9c87
5
400
fffff940
a05
fffff813
6e3
z
ffff9873
5
400
fffff940
a05
fffff813
6e3
z
ffff94a7
5
400
fffff940
a05
fffff813
6e3
z
ffff968c
5
400
fffff940
a05
fffff813
6e3
z
ffff9599
5
400
fffff940
a05
fffff813
6e3
z
ffff9612
5
400
fffff940
a05
fffff813
6e3
z
ffff964f
5
400
fffff940
a05
fffff813
6e3
z
ffff9614
5
400
fffff123
20bc
ffffca44
46f6
z
7ff8
5
400
fffff1a6
1e0c
ffffd0fd
3c11
z
7fd3
5
400
fffff1a6
1e0c
ffffd0fd
3c11
z
7f4c
5
400
fffff1a6
1e0c
ffffd0fd
3c11
z
7e6c
5
400
fffff1a6
1e0c
ffffd0fd
3c11
z
7d33
5
400
fffff1a6
1e0c
ffffd0fd
3c11
z
7ba3
5
400
fffff1a6
1e0c
ffffd0fd
3c11
z
79bc
5
400
fffff1a6
1e0c
ffffd0fd
3c11
z
7aaf
5
400
fffff1a6
1e0c
ffffd0fd
3c11
z
7b28
5
400
fffff1a6
1e0c
ffffd0fd
3c11
z
7aeb
5
400
fffff1a6
1e0c
ffffd0fd
3c11
z
7b09
5
400
fffff1a6
1e0c
ffffd0fd
3c11
z
7b07
5
400
fffff904
a75
fffff78f
710
z
777f
5
400
fffff904
a75
fffff78f
710
z
74ef
5
400
fffff904
a75
fffff78f
710
z
720c
5
400
fffff904
a75
fffff78f
710
z
737d
5
400
fffff904
a75
fffff78f
710
z
72c4
5
400
fffff904
a75
fffff78f
710
z
7320
5
400
fffff904
a75
fffff78f
710
z
72f2
5
400
fffff904
a75
fffff78f
710
z
72ff
5
400
fffff1a6
1e0c
ffffd0fd
3c11
z
6ed9
5
400
fffff1a6
1e0c
ffffd0fd
3c11
z
6b59
5
400
fffff1a6
1e0c
ffffd0fd
3c11
z
678d
5
400
fffff1a6
1e0c
ffffd0fd
3c11
z
6972
5
400
fffff1a6
1e0c
ffffd0fd
3c11
z
687f
5
400
fffff1a6
1e0c
ffffd0fd
3c11
z
6805
5
400
fffff1a6
1e0c
ffffd0fd
3c11
z
6841
5
400
fffff1a6
1e0c
ffffd0fd
3c11
z
680e
5
400
fffff904
a75
fffff78f
710
z
6379
5
400
fffff904
a75
fffff78f
710
z
5f1f
5
400
fffff904
a75
fffff78f
710
z
5a82
5
400
fffff904
a75
fffff78f
710
z
55a6
5
400
fffff904
a75
fffff78f
710
z
508d
5
400
fffff904
a75
fffff78f
710
z
4b3c
5
400
fffff904
a75
fffff78f
710
z
4de4
5
400
fffff904
a75
fffff78f
710
z
4c90
5
400
fffff904
a75
fffff78f
710
z
4be6
5
400
fffff904
a75
fffff78f
710
z
4c3b
5
400
fffff904
a75
fffff78f
710
z
4bf2
5
400
fffff1a6
1e0c
ffffd0fd
3c11
z
45b6
5
400
fffff1a6
1e0c
ffffd0fd
3c11
z
4000
5
400
fffff1a6
1e0c
ffffd0fd
3c11
z
3a1c
5
400
fffff1a6
1e0c
ffffd0fd
3c11
z
340f
5
400
fffff1a6
1e0c
ffffd0fd
3c11
z
3715
5
400
fffff1a6
1e0c
ffffd0fd
3c11
z
3591
5
400
fffff1a6
1e0c
ffffd0fd
3c11
z
3652
5
400
fffff1a6
1e0c
ffffd0fd
3c11
z
36b3
5
400
fffff1a6
1e0c
ffffd0fd
3c11
z
36ee
5
400
fffff904
a75
fffff78f
710
z
2ddf
5
400
fffff904
a75
fffff78f
710
z
278d
5
400
fffff904
a75
fffff78f
710
z
2ab5
5
400
fffff904
a75
fffff78f
710
z
2920
5
400
fffff904
a75
fffff78f
710
z
2856
5
400
fffff904
a75
fffff78f
710
z
28bb
5
400
fffff904
a75
fffff78f
710
z
289d
5
400
fffff1a6
1e0c
ffffd0fd
3c11
z
2120
5
400
fffff1a6
1e0c
ffffd0fd
3c11
z
1a9c
5
400
fffff1a6
1e0c
ffffd0fd
3c11
z
1406
5
400
fffff1a6
1e0c
ffffd0fd
3c11
z
d61
5
400
fffff1a6
1e0c
ffffd0fd
3c11
z
6b2
5
400
fffff1a6
1e0c
ffffd0fd
3c11
z
0
5
400
fffff1a6
1e0c
ffffd0fd
3c11
z
359
5
400
fffff1a6
1e0c
ffffd0fd
3c11
z
505
5
400
fffff1a6
1e0c
ffffd0fd
3c11
z
42e
5
400
fffff1a6
1e0c
ffffd0fd
3c11
z
3c3
5
400
fffff1a6
1e0c
ffffd0fd
3c11
z
3d2
5
400
fffff904
a75
fffff78f
710
z
fffff94e
5
400
fffff904
a75
fffff78f
710
z
fffff29f
5
400
fffff904
a75
fffff78f
710
z
ffffebfa
5
400
fffff904
a75
fffff78f
710
z
ffffef4c
5
400
fffff904
a75
fffff78f
710
z
fffff0f5
5
400
fffff904
a75
fffff78f
710
z
fffff1c9
5
400
fffff904
a75
fffff78f
710
z
fffff233
5
400
fffff904
a75
fffff78f
710
z
fffff201
5
400
fffff1a6
1e0c
ffffd0fd
3c11
z
ffffe564
5
400
fffff1a6
1e0c
ffffd0fd
3c11
z
ffffdee0
5
400
fffff1a6
1e0c
ffffd0fd
3c11
z
ffffd873
5
400
fffff1a6
1e0c
ffffd0fd
3c11
z
ffffd221
5
400
fffff1a6
1e0c
ffffd0fd
3c11
z
ffffcbf1
5
400
fffff1a6
1e0c
ffffd0fd
3c11
z
ffffc5e4
5
400
fffff1a6
1e0c
ffffd0fd
3c11
z
ffffc8ea
5
400
fffff1a6
1e0c
ffffd0fd
3c11
z
ffffc767
5
400
fffff1a6
1e0c
ffffd0fd
3c11
z
ffffc828
5
400
fffff1a6
1e0c
ffffd0fd
3c11
z
ffffc7c7
5
400
fffff1a6
1e0c
ffffd0fd
3c11
z
ffffc7ce
5
400
fffff904
a75
fffff78f
710
z
ffffc000
5
400
fffff904
a75
fffff78f
710
z
ffffba4a
5
400
fffff904
a75
fffff78f
710
z
ffffb4c4
5
400
fffff904
a75
fffff78f
710
z
ffffaf73
5
400
fffff904
a75
fffff78f
710
z
ffffaa5a
5
400
fffff904
a75
fffff78f
710
z
ffffa57e
5
400
fffff904
a75
fffff78f
710
z
ffffa0e1
5
400
fffff904
a75
fffff78f
710
z
ffff9c87
5
400
fffff904
a75
fffff78f
710
z
ffff9873
5
400
fffff904
a75
fffff78f
710
z
ffff94a7
5
400
fffff904
a75
fffff78f
710
z
ffff968c
5
400
fffff904
a75
fffff78f
710
z
ffff9599
5
400
fffff904
a75
fffff78f
710
z
ffff9612
5
400
fffff904
a75
fffff78f
710
z
ffff964f
5
400
fffff904
a75
fffff78f
710
z
ffff9632
5
400
fffff1a6
1e0c
ffffd0fd
3c11
z
7ff8
5
400
fffff14e
1ecf
ffffcf9a
3e12
z
7fd3
5
400
fffff14e
1ecf
ffffcf9a
3e12
z
7f4c
5
400
fffff14e
1ecf
ffffcf9a
3e12
z
7e6c
5
400
fffff14e
1ecf
ffffcf9a
3e12
z
7d33
5
400
fffff14e
1ecf
ffffcf9a
3e12
z
7ba3
5
400
fffff14e
1ecf
ffffcf9a
3e12
z
7c6a
5
400
fffff14e
1ecf
ffffcf9a
3e12
z
7c06
5
400
fffff14e
1ecf
ffffcf9a
3e12
z
7bd4
5
400
fffff14e
1ecf
ffffcf9a
3e12
z
7bbb
5
400
fffff14e
1ecf
ffffcf9a
3e12
z
7bd2
5
400
fffff89e
a0f
fffff968
2b5
z
79bc
5
400
fffff89e
a0f
fffff968
2b5
z
777f
5
400
fffff89e
a0f
fffff968
2b5
z
74ef
5
400
fffff89e
a0f
fffff968
2b5
z
7636
5
400
fffff89e
a0f
fffff968
2b5
z
7592
5
400
fffff89e
a0f
fffff968
2b5
z
7540
5
400
fffff89e
a0f
fffff968
2b5
z
7569
5
400
fffff89e
a0f
fffff968
2b5
z
7557
5
400
fffff14e
1ecf
ffffcf9a
3e12
z
720c
5
400
fffff14e
1ecf
ffffcf9a
3e12
z
6ed9
5
400
fffff14e
1ecf
ffffcf9a
3e12
z
6b59
5
400
fffff14e
1ecf
ffffcf9a
3e12
z
678d
5
400
fffff14e
1ecf
ffffcf9a
3e12
z
6972
5
400
fffff14e
1ecf
ffffcf9a
3e12
z
6a65
5
400
fffff14e
1ecf
ffffcf9a
3e12
z
6ade
5
400
fffff14e
1ecf
ffffcf9a
3e12
z
6b1b
5
400
fffff14e
1ecf
ffffcf9a
3e12
z
6b55
5
400
fffff89e
a0f
fffff968
2b5
z
6379
5
400
fffff89e
a0f
fffff968
2b5
z
5f1f
5
400
fffff89e
a0f
fffff968
2b5
z
5a82
5
400
fffff89e
a0f
fffff968
2b5
z
55a6
5
400
fffff89e
a0f
fffff968
2b5
z
508d
5
400
fffff89e
a0f
fffff968
2b5
z
4b3c
5
400
fffff89e
a0f
fffff968
2b5
z
4de4
5
400
fffff89e
a0f
fffff968
2b5
z
4c90
5
400
fffff89e
a0f
fffff968
2b5
z
4be6
5
400
fffff89e
a0f
fffff968
2b5
z
4c3b
5
400
fffff89e
a0f
fffff968
2b5
z
4c19
5
400
fffff14e
1ecf
ffffcf9a
3e12
z
45b6
5
400
fffff14e
1ecf
ffffcf9a
3e12
z
4000
5
400
fffff14e
1ecf
ffffcf9a
3e12
z
3a1c
5
400
fffff14e
1ecf
ffffcf9a
3e12
z
340f
5
400
fffff14e
1ecf
ffffcf9a
3e12
z
3715
5
400
fffff14e
1ecf
ffffcf9a
3e12
z
3898
5
400
fffff14e
1ecf
ffffcf9a
3e12
z
395a
5
400
fffff14e
1ecf
ffffcf9a
3e12
z
38f9
5
400
fffff14e
1ecf
ffffcf9a
3e12
z
38e9
5
400
fffff89e
a0f
fffff968
2b5
z
2ddf
5
400
fffff89e
a0f
fffff968
2b5
z
3363
5
400
fffff89e
a0f
fffff968
2b5
z
30a0
5
400
fffff89e
a0f
fffff968
2b5
z
2f3f
5
400
fffff89e
a0f
fffff968
2b5
z
2e8e
5
400
fffff89e
a0f
fffff968
2b5
z
2dfe
5
400
fffff14e
1ecf
ffffcf9a
3e12
z
278d
5
400
fffff14e
1ecf
ffffcf9a
3e12
z
2120
5
400
fffff14e
1ecf
ffffcf9a
3e12
z
1a9c
5
400
fffff14e
1ecf
ffffcf9a
3e12
z
1406
5
400
fffff14e
1ecf
ffffcf9a
3e12
z
d61
5
400
fffff14e
1ecf
ffffcf9a
3e12
z
6b2
5
400
fffff14e
1ecf
ffffcf9a
3e12
z
0
5
400
fffff14e
1ecf
ffffcf9a
3e12
z
359
5
400
fffff14e
1ecf
ffffcf9a
3e12
z
1ac
5
400
fffff14e
1ecf
ffffcf9a
3e12
z
282
5
400
fffff14e
1ecf
ffffcf9a
3e12
z
217
5
400
fffff14e
1ecf
ffffcf9a
3e12
z
255
5
400
fffff89e
a0f
fffff968
2b5
z
fffff94e
5
400
fffff89e
a0f
fffff968
2b5
z
fffff29f
5
400
fffff89e
a0f
fffff968
2b5
z
fffff5f6
5
400
fffff89e
a0f
fffff968
2b5
z
fffff7a2
5
400
fffff89e
a0f
fffff968
2b5
z
fffff6cc
5
400
fffff89e
a0f
fffff968
2b5
z
fffff661
5
400
fffff89e
a0f
fffff968
2b5
z
fffff6bf
5
400
fffff14e
1ecf
ffffcf9a
3e12
z
ffffebfa
5
400
fffff14e
1ecf
ffffcf9a
3e12
z
ffffe564
5
400
fffff14e
1ecf
ffffcf9a
3e12
z
ffffdee0
5
400
fffff14e
1ecf
ffffcf9a
3e12
z
ffffd873
5
400
fffff14e
1ecf
ffffcf9a
3e12
z
ffffd221
5
400
fffff14e
1ecf
ffffcf9a
3e12
z
ffffcbf1
5
400
fffff14e
1ecf
ffffcf9a
3e12
z
ffffc5e4
5
400
fffff14e
1ecf
ffffcf9a
3e12
z
ffffc8ea
5
400
fffff14e
1ecf
ffffcf9a
3e12
z
ffffc767
5
400
fffff14e
1ecf
ffffcf9a
3e12
z
ffffc828
5
400
fffff14e
1ecf
ffffcf9a
3e12
z
ffffc889
5
400
fffff14e
1ecf
ffffcf9a
3e12
z
ffffc8be
5
400
fffff89e
a0f
fffff968
2b5
z
ffffc000
5
400
fffff89e
a0f
fffff968
2b5
z
ffffba4a
5
400
fffff89e
a0f
fffff968
2b5
z
ffffb4c4
5
400
fffff89e
a0f
fffff968
2b5
z
ffffaf73
5
400
fffff89e
a0f
fffff968
2b5
z
ffffaa5a
5
400
fffff89e
a0f
fffff968
2b5
z
ffffa57e
5
400
fffff89e
a0f
fffff968
2b5
z
ffffa0e1
5
400
fffff89e
a0f
fffff968
2b5
z
ffff9c87
5
400
fffff89e
a0f
fffff968
2b5
z
ffff9873
5
400
fffff89e
a0f
fffff968
2b5
z
ffff94a7
5
400
fffff89e
a0f
fffff968
2b5
z
ffff9127
5
400
fffff89e
a0f
fffff968
2b5
z
ffff8df4
5
400
fffff89e
a0f
fffff968
2b5
z
ffff8f8d
5
400
fffff89e
a0f
fffff968
2b5
z
ffff9059
5
400
fffff89e
a0f
fffff968
2b5
z
ffff8ff2
5
400
fffff89e
a0f
fffff968
2b5
z
ffff9025
5
400
fffff89e
a0f
fffff968
2b5
z
ffff8ff5
5
400
fffff14e
1ecf
ffffcf9a
3e12
z
7ff8
5
400
fffff187
1edc
ffffce75
4072
z
7fd3
5
400
fffff187
1edc
ffffce75
4072
z
7f4c
5
400
fffff187
1edc
ffffce75
4072
z
7e6c
5
400
fffff187
1edc
ffffce75
4072
z
7d33
5
400
fffff187
1edc
ffffce75
4072
z
7ba3
5
400
fffff187
1edc
ffffce75
4072
z
79bc
5
400
fffff187
1edc
ffffce75
4072
z
7aaf
5
400
fffff187
1edc
ffffce75
4072
z
7b28
5
400
fffff187
1edc
ffffce75
4072
z
7aeb
5
400
fffff187
1edc
ffffce75
4072
z
7acc
5
400
fffff187
1edc
ffffce75
4072
z
7ae5
5
400
fffff8cc
a53
fffff82e
505
z
777f
5
400
fffff8cc
a53
fffff82e
505
z
74ef
5
400
fffff8cc
a53
fffff82e
505
z
720c
5
400
fffff8cc
a53
fffff82e
505
z
737d
5
400
fffff8cc
a53
fffff82e
505
z
7435
5
400
fffff8cc
a53
fffff82e
505
z
7491
5
400
fffff8cc
a53
fffff82e
505
z
74bf
5
400
fffff8cc
a53
fffff82e
505
z
74cf
5
400
fffff187
1edc
ffffce75
4072
z
6ed9
5
400
fffff187
1edc
ffffce75
4072
z
6b59
5
400
fffff187
1edc
ffffce75
4072
z
678d
5
400
fffff187
1edc
ffffce75
4072
z
6972
5
400
fffff187
1edc
ffffce75
4072
z
6a65
5
400
fffff187
1edc
ffffce75
4072
z
69eb
5
400
fffff187
1edc
ffffce75
4072
z
6a27
5
400
fffff187
1edc
ffffce75
4072
z
6a0d
5
400
fffff8cc
a53
fffff82e
505
z
6379
5
400
fffff8cc
a53
fffff82e
505
z
5f1f
5
400
fffff8cc
a53
fffff82e
505
z
5a82
5
400
fffff8cc
a53
fffff82e
505
z
55a6
5
400
fffff8cc
a53
fffff82e
505
z
508d
5
400
fffff8cc
a53
fffff82e
505
z
4b3c
5
400
fffff8cc
a53
fffff82e
505
z
4de4
5
400
fffff8cc
a53
fffff82e
505
z
4c90
5
400
fffff8cc
a53
fffff82e
505
z
4d3a
5
400
fffff8cc
a53
fffff82e
505
z
4d8f
5
400
fffff8cc
a53
fffff82e
505
z
4d87
5
400
fffff187
1edc
ffffce75
4072
z
45b6
5
400
fffff187
1edc
ffffce75
4072
z
4000
5
400
fffff187
1edc
ffffce75
4072
z
3a1c
5
400
fffff187
1edc
ffffce75
4072
z
340f
5
400
fffff187
1edc
ffffce75
4072
z
2ddf
5
400
fffff187
1edc
ffffce75
4072
z
30f6
5
400
fffff187
1edc
ffffce75
4072
z
3282
5
400
fffff187
1edc
ffffce75
4072
z
31bc
5
400
fffff187
1edc
ffffce75
4072
z
321f
5
400
fffff187
1edc
ffffce75
4072
z
3244
5
400
fffff8cc
a53
fffff82e
505
z
278d
5
400
fffff8cc
a53
fffff82e
505
z
2120
5
400
fffff8cc
a53
fffff82e
505
z
2456
5
400
fffff8cc
a53
fffff82e
505
z
25f1
5
400
fffff8cc
a53
fffff82e
505
z
26be
5
400
fffff8cc
a53
fffff82e
505
z
2725
5
400
fffff8cc
a53
fffff82e
505
z
26f3
5
400
fffff187
1edc
ffffce75
4072
z
1a9c
5
400
fffff187
1edc
ffffce75
4072
z
1406
5
400
fffff187
1edc
ffffce75
4072
z
d61
5
400
fffff187
1edc
ffffce75
4072
z
6b2
5
400
fffff187
1edc
ffffce75
4072
z
0
5
400
fffff187
1edc
ffffce75
4072
z
359
5
400
fffff187
1edc
ffffce75
4072
z
1ac
5
400
fffff187
1edc
ffffce75
4072
z
282
5
400
fffff187
1edc
ffffce75
4072
z
217
5
400
fffff187
1edc
ffffce75
4072
z
25e
5
400
fffff8cc
a53
fffff82e
505
z
fffff94e
5
400
fffff8cc
a53
fffff82e
505
z
fffff29f
5
400
fffff8cc
a53
fffff82e
505
z
fffff5f6
5
400
fffff8cc
a53
fffff82e
505
z
fffff7a2
5
400
fffff8cc
a53
fffff82e
505
z
fffff6cc
5
400
fffff8cc
a53
fffff82e
505
z
fffff661
5
400
fffff8cc
a53
fffff82e
505
z
fffff6cb
5
400
fffff187
1edc
ffffce75
4072
z
ffffebfa
5
400
fffff187
1edc
ffffce75
4072
z
ffffe564
5
400
fffff187
1edc
ffffce75
4072
z
ffffdee0
5
400
fffff187
1edc
ffffce75
4072
z
ffffd873
5
400
fffff187
1edc
ffffce75
4072
z
ffffd221
5
400
fffff187
1edc
ffffce75
4072
z
ffffcbf1
5
400
fffff187
1edc
ffffce75
4072
z
ffffcf08
5
400
fffff187
1edc
ffffce75
4072
z
ffffcd7c
5
400
fffff187
1edc
ffffce75
4072
z
ffffce42
5
400
fffff187
1edc
ffffce75
4072
z
ffffcddf
5
400
fffff187
1edc
ffffce75
4072
z
ffffcdff
5
400
fffff8cc
a53
fffff82e
505
z
ffffc5e4
5
400
fffff8cc
a53
fffff82e
505
z
ffffc000
5
400
fffff8cc
a53
fffff82e
505
z
ffffba4a
5
400
fffff8cc
a53
fffff82e
505
z
ffffb4c4
5
400
fffff8cc
a53
fffff82e
505
z
ffffaf73
5
400
fffff8cc
a53
fffff82e
505
z
ffffaa5a
5
400
fffff8cc
a53
fffff82e
505
z
ffffa57e
5
400
fffff8cc
a53
fffff82e
505
z
ffffa0e1
5
400
fffff8cc
a53
fffff82e
505
z
ffff9c87
5
400
fffff8cc
a53
fffff82e
505
z
ffff9873
5
400
fffff8cc
a53
fffff82e
505
z
ffff94a7
5
400
fffff8cc
a53
fffff82e
505
z
ffff9127
5
400
fffff8cc
a53
fffff82e
505
z
ffff92e6
5
400
fffff8cc
a53
fffff82e
505
z
ffff93c6
5
400
fffff8cc
a53
fffff82e
505
z
ffff9356
5
400
fffff8cc
a53
fffff82e
505
z
ffff931e
5
400
fffff8cc
a53
fffff82e
505
z
ffff932e
5
400
fffff187
1edc
ffffce75
4072
z
7ff8
5
400
fffff18a
1ee8
ffffce8d
4014
z
7fd3
5
400
fffff18a
1ee8
ffffce8d
4014
z
7f4c
5
400
fffff18a
1ee8
ffffce8d
4014
z
7e6c
5
400
fffff18a
1ee8
ffffce8d
4014
z
7d33
5
400
fffff18a
1ee8
ffffce8d
4014
z
7ba3
5
400
fffff18a
1ee8
ffffce8d
4014
z
79bc
5
400
fffff18a
1ee8
ffffce8d
4014
z
7aaf
5
400
fffff18a
1ee8
ffffce8d
4014
z
7a35
5
400
fffff18a
1ee8
ffffce8d
4014
z
7a71
5
400
fffff18a
1ee8
ffffce8d
4014
z
7a52
5
400
fffff18a
1ee8
ffffce8d
4014
z
7a48
5
400
fffff8d3
a50
fffff855
4c5
z
777f
5
400
fffff8d3
a50
fffff855
4c5
z
74ef
5
400
fffff8d3
a50
fffff855
4c5
z
720c
5
400
fffff8d3
a50
fffff855
4c5
z
737d
5
400
fffff8d3
a50
fffff855
4c5
z
7435
5
400
fffff8d3
a50
fffff855
4c5
z
73d8
5
400
fffff8d3
a50
fffff855
4c5
z
7406
5
400
fffff8d3
a50
fffff855
4c5
z
7404
5
400
fffff18a
1ee8
ffffce8d
4014
z
6ed9
5
400
fffff18a
1ee8
ffffce8d
4014
z
6b59
5
400
fffff18a
1ee8
ffffce8d
4014
z
678d
5
400
fffff18a
1ee8
ffffce8d
4014
z
6972
5
400
fffff18a
1ee8
ffffce8d
4014
z
687f
5
400
fffff18a
1ee8
ffffce8d
4014
z
68f8
5
400
fffff18a
1ee8
ffffce8d
4014
z
6935
5
400
fffff18a
1ee8
ffffce8d
4014
z
694e
5
400
fffff8d3
a50
fffff855
4c5
z
6379
5
400
fffff8d3
a50
fffff855
4c5
z
5f1f
5
400
fffff8d3
a50
fffff855
4c5
z
5a82
5
400
fffff8d3
a50
fffff855
4c5
z
55a6
5
400
fffff8d3
a50
fffff855
4c5
z
508d
5
400
fffff8d3
a50
fffff855
4c5
z
4b3c
5
400
fffff8d3
a50
fffff855
4c5
z
4de4
5
400
fffff8d3
a50
fffff855
4c5
z
4f38
5
400
fffff8d3
a50
fffff855
4c5
z
4e8e
5
400
fffff8d3
a50
fffff855
4c5
z
4ee3
5
400
fffff8d3
a50
fffff855
4c5
z
4eb9
5
400
fffff18a
1ee8
ffffce8d
4014
z
45b6
5
400
fffff18a
1ee8
ffffce8d
4014
z
4000
5
400
fffff18a
1ee8
ffffce8d
4014
z
3a1c
5
400
fffff18a
1ee8
ffffce8d
4014
z
340f
5
400
fffff18a
1ee8
ffffce8d
4014
z
2ddf
5
400
fffff18a
1ee8
ffffce8d
4014
z
30f6
5
400
fffff18a
1ee8
ffffce8d
4014
z
3282
5
400
fffff18a
1ee8
ffffce8d
4014
z
31bc
5
400
fffff18a
1ee8
ffffce8d
4014
z
321f
5
400
fffff18a
1ee8
ffffce8d
4014
z
31d9
5
400
fffff8d3
a50
fffff855
4c5
z
278d
5
400
fffff8d3
a50
fffff855
4c5
z
2120
5
400
fffff8d3
a50
fffff855
4c5
z
2456
5
400
fffff8d3
a50
fffff855
4c5
z
25f1
5
400
fffff8d3
a50
fffff855
4c5
z
2523
5
400
fffff8d3
a50
fffff855
4c5
z
24bc
5
400
fffff8d3
a50
fffff855
4c5
z
24f9
5
400
fffff18a
1ee8
ffffce8d
4014
z
1a9c
5
400
fffff18a
1ee8
ffffce8d
4014
z
1406
5
400
fffff18a
1ee8
ffffce8d
4014
z
d61
5
400
fffff18a
1ee8
ffffce8d
4014
z
6b2
5
400
fffff18a
1ee8
ffffce8d
4014
z
0
5
400
fffff18a
1ee8
ffffce8d
4014
z
359
5
400
fffff18a
1ee8
ffffce8d
4014
z
505
5
400
fffff18a
1ee8
ffffce8d
4014
z
5db
5
400
fffff18a
1ee8
ffffce8d
4014
z
56f
5
400
fffff18a
1ee8
ffffce8d
4014
z
55f
5
400
fffff8d3
a50
fffff855
4c5
z
fffff94e
5
400
fffff8d3
a50
fffff855
4c5
z
fffff29f
5
400
fffff8d3
a50
fffff855
4c5
z
fffff5f6
5
400
fffff8d3
a50
fffff855
4c5
z
fffff7a2
5
400
fffff8d3
a50
fffff855
4c5
z
fffff878
5
400
fffff8d3
a50
fffff855
4c5
z
fffff80d
5
400
fffff8d3
a50
fffff855
4c5
z
fffff862
5
400
fffff18a
1ee8
ffffce8d
4014
z
ffffebfa
5
400
fffff18a
1ee8
ffffce8d
4014
z
ffffe564
5
400
fffff18a
1ee8
ffffce8d
4014
z
ffffdee0
5
400
fffff18a
1ee8
ffffce8d
4014
z
ffffd873
5
400
fffff18a
1ee8
ffffce8d
4014
z
ffffd221
5
400
fffff18a
1ee8
ffffce8d
4014
z
ffffcbf1
5
400
fffff18a
1ee8
ffffce8d
4014
z
ffffcf08
5
400
fffff18a
1ee8
ffffce8d
4014
z
ffffcd7c
5
400
fffff18a
1ee8
ffffce8d
4014
z
ffffccb6
5
400
fffff18a
1ee8
ffffce8d
4014
z
ffffcc53
5
400
fffff18a
1ee8
ffffce8d
4014
z
ffffcc95
5
400
fffff8d3
a50
fffff855
4c5
z
ffffc5e4
5
400
fffff8d3
a50
fffff855
4c5
z
ffffc000
5
400
fffff8d3
a50
fffff855
4c5
z
ffffba4a
5
400
fffff8d3
a50
fffff855
4c5
z
ffffb4c4
5
400
fffff8d3
a50
fffff855
4c5
z
ffffaf73
5
400
fffff8d3
a50
fffff855
4c5
z
ffffaa5a
5
400
fffff8d3
a50
fffff855
4c5
z
ffffa57e
5
400
fffff8d3
a50
fffff855
4c5
z
ffffa0e1
5
400
fffff8d3
a50
fffff855
4c5
z
ffff9c87
5
400
fffff8d3
a50
fffff855
4c5
z
ffff9873
5
400
fffff8d3
a50
fffff855
4c5
z
ffff94a7
5
400
fffff8d3
a50
fffff855
4c5
z
ffff9127
5
400
fffff8d3
a50
fffff855
4c5
z
ffff92e6
5
400
fffff8d3
a50
fffff855
4c5
z
ffff9206
5
400
fffff8d3
a50
fffff855
4c5
z
ffff9276
5
400
fffff8d3
a50
fffff855
4c5
z
ffff92ae
5
400
fffff8d3
a50
fffff855
4c5
z
ffff92ba
5
400
fffff18a
1ee8
ffffce8d
4014
z
7ff8
5
400
fffff21f
1d13
ffffd15f
3cfd
z
7fd3
5
400
fffff21f
1d13
ffffd15f
3cfd
z
7f4c
5
400
fffff21f
1d13
ffffd15f
3cfd
z
7e6c
5
400
fffff21f
1d13
ffffd15f
3cfd
z
7d33
5
400
fffff21f
1d13
ffffd15f
3cfd
z
7ba3
5
400
fffff21f
1d13
ffffd15f
3cfd
z
7c6a
5
400
fffff21f
1d13
ffffd15f
3cfd
z
7cce
5
400
fffff21f
1d13
ffffd15f
3cfd
z
7c9c
5
400
fffff21f
1d13
ffffd15f
3cfd
z
7c83
5
400
fffff21f
1d13
ffffd15f
3cfd
z
7c96
5
400
fffff9ce
85c
fffff92c
6aa
z
79bc
5
400
fffff9ce
85c
fffff92c
6aa
z
777f
5
400
fffff9ce
85c
fffff92c
6aa
z
74ef
5
400
fffff9ce
85c
fffff92c
6aa
z
720c
5
400
fffff9ce
85c
fffff92c
6aa
z
737d
5
400
fffff9ce
85c
fffff92c
6aa
z
7435
5
400
fffff9ce
85c
fffff92c
6aa
z
7491
5
400
fffff9ce
85c
fffff92c
6aa
z
7462
5
400
fffff9ce
85c
fffff92c
6aa
z
7441
5
400
fffff21f
1d13
ffffd15f
3cfd
z
6ed9
5
400
fffff21f
1d13
ffffd15f
3cfd
z
6b59
5
400
fffff21f
1d13
ffffd15f
3cfd
z
678d
5
400
fffff21f
1d13
ffffd15f
3cfd
z
6379
5
400
fffff21f
1d13
ffffd15f
3cfd
z
6582
5
400
fffff21f
1d13
ffffd15f
3cfd
z
647d
5
400
fffff21f
1d13
ffffd15f
3cfd
z
64ff
5
400
fffff21f
1d13
ffffd15f
3cfd
z
6540
5
400
fffff21f
1d13
ffffd15f
3cfd
z
657f
5
400
fffff9ce
85c
fffff92c
6aa
z
5f1f
5
400
fffff9ce
85c
fffff92c
6aa
z
5a82
5
400
fffff9ce
85c
fffff92c
6aa
z
55a6
5
400
fffff9ce
85c
fffff92c
6aa
z
508d
5
400
fffff9ce
85c
fffff92c
6aa
z
5319
5
400
fffff9ce
85c
fffff92c
6aa
z
51d2
5
400
fffff9ce
85c
fffff92c
6aa
z
5275
5
400
fffff9ce
85c
fffff92c
6aa
z
52c6
5
400
fffff9ce
85c
fffff92c
6aa
z
530d
5
400
fffff21f
1d13
ffffd15f
3cfd
z
4b3c
5
400
fffff21f
1d13
ffffd15f
3cfd
z
45b6
5
400
fffff21f
1d13
ffffd15f
3cfd
z
4000
5
400
fffff21f
1d13
ffffd15f
3cfd
z
3a1c
5
400
fffff21f
1d13
ffffd15f
3cfd
z
340f
5
400
fffff21f
1d13
ffffd15f
3cfd
z
2ddf
5
400
fffff21f
1d13
ffffd15f
3cfd
z
30f6
5
400
fffff21f
1d13
ffffd15f
3cfd
z
3282
5
400
fffff21f
1d13
ffffd15f
3cfd
z
3348
5
400
fffff21f
1d13
ffffd15f
3cfd
z
33ab
5
400
fffff21f
1d13
ffffd15f
3cfd
z
3375
5
400
fffff9ce
85c
fffff92c
6aa
z
278d
5
400
fffff9ce
85c
fffff92c
6aa
z
2120
5
400
fffff9ce
85c
fffff92c
6aa
z
2456
5
400
fffff9ce
85c
fffff92c
6aa
z
22bb
5
400
fffff9ce
85c
fffff92c
6aa
z
2388
5
400
fffff9ce
85c
fffff92c
6aa
z
2321
5
400
fffff9ce
85c
fffff92c
6aa
z
233a
5
400
fffff21f
1d13
ffffd15f
3cfd
z
1a9c
5
400
fffff21f
1d13
ffffd15f
3cfd
z
1406
5
400
fffff21f
1d13
ffffd15f
3cfd
z
d61
5
400
fffff21f
1d13
ffffd15f
3cfd
z
6b2
5
400
fffff21f
1d13
ffffd15f
3cfd
z
0
5
400
fffff21f
1d13
ffffd15f
3cfd
z
fffff94e
5
400
fffff21f
1d13
ffffd15f
3cfd
z
fffff29f
5
400
fffff21f
1d13
ffffd15f
3cfd
z
fffff5f6
5
400
fffff21f
1d13
ffffd15f
3cfd
z
fffff7a2
5
400
fffff21f
1d13
ffffd15f
3cfd
z
fffff6cc
5
400
fffff21f
1d13
ffffd15f
3cfd
z
fffff737
5
400
fffff21f
1d13
ffffd15f
3cfd
z
fffff73c
5
400
fffff9ce
85c
fffff92c
6aa
z
ffffebfa
5
400
fffff9ce
85c
fffff92c
6aa
z
ffffe564
5
400
fffff9ce
85c
fffff92c
6aa
z
ffffdee0
5
400
fffff9ce
85c
fffff92c
6aa
z
ffffe222
5
400
fffff9ce
85c
fffff92c
6aa
z
ffffe081
5
400
fffff9ce
85c
fffff92c
6aa
z
ffffe151
5
400
fffff9ce
85c
fffff92c
6aa
z
ffffe1b9
5
400
fffff9ce
85c
fffff92c
6aa
z
ffffe206
5
400
fffff21f
1d13
ffffd15f
3cfd
z
ffffd873
5
400
fffff21f
1d13
ffffd15f
3cfd
z
ffffd221
5
400
fffff21f
1d13
ffffd15f
3cfd
z
ffffcbf1
5
400
fffff21f
1d13
ffffd15f
3cfd
z
ffffcf08
5
400
fffff21f
1d13
ffffd15f
3cfd
z
ffffd094
5
400
fffff21f
1d13
ffffd15f
3cfd
z
ffffd15a
5
400
fffff21f
1d13
ffffd15f
3cfd
z
ffffd0f7
5
400
fffff21f
1d13
ffffd15f
3cfd
z
ffffd14d
5
400
fffff9ce
85c
fffff92c
6aa
z
ffffc5e4
5
400
fffff9ce
85c
fffff92c
6aa
z
ffffc000
5
400
fffff9ce
85c
fffff92c
6aa
z
ffffba4a
5
400
fffff9ce
85c
fffff92c
6aa
z
ffffb4c4
5
400
fffff9ce
85c
fffff92c
6aa
z
ffffaf73
5
400
fffff9ce
85c
fffff92c
6aa
z
ffffaa5a
5
400
fffff9ce
85c
fffff92c
6aa
z
ffffa57e
5
400
fffff9ce
85c
fffff92c
6aa
z
ffffa0e1
5
400
fffff9ce
85c
fffff92c
6aa
z
ffff9c87
5
400
fffff9ce
85c
fffff92c
6aa
z
ffff9873
5
400
fffff9ce
85c
fffff92c
6aa
z
ffff94a7
5
400
fffff9ce
85c
fffff92c
6aa
z
ffff968c
5
400
fffff9ce
85c
fffff92c
6aa
z
ffff977f
5
400
fffff9ce
85c
fffff92c
6aa
z
ffff9705
5
400
fffff9ce
85c
fffff92c
6aa
z
ffff96c8
5
400
fffff9ce
85c
fffff92c
6aa
z
ffff9694
5
400
fffff21f
1d13
ffffd15f
3cfd
z
7ff8
5
400
fffff1b0
1ee7
ffffcd80
42a2
z
7fd3
5
400
fffff1b0
1ee7
ffffcd80
42a2
z
7f4c
5
400
fffff1b0
1ee7
ffffcd80
42a2
z
7e6c
5
400
fffff1b0
1ee7
ffffcd80
42a2
z
7d33
5
400
fffff1b0
1ee7
ffffcd80
42a2
z
7ba3
5
400
fffff1b0
1ee7
ffffcd80
42a2
z
7c6a
5
400
fffff1b0
1ee7
ffffcd80
42a2
z
7cce
5
400
fffff1b0
1ee7
ffffcd80
42a2
z
7c9c
5
400
fffff1b0
1ee7
ffffcd80
42a2
z
7cb5
5
400
fffff1b0
1ee7
ffffcd80
42a2
z
7ca9
5
400
fffff9a2
8ec
fffff844
7e5
z
79bc
5
400
fffff9a2
8ec
fffff844
7e5
z
777f
5
400
fffff9a2
8ec
fffff844
7e5
z
74ef
5
400
fffff9a2
8ec
fffff844
7e5
z
720c
5
400
fffff9a2
8ec
fffff844
7e5
z
737d
5
400
fffff9a2
8ec
fffff844
7e5
z
7435
5
400
fffff9a2
8ec
fffff844
7e5
z
73d8
5
400
fffff9a2
8ec
fffff844
7e5
z
7406
5
400
fffff9a2
8ec
fffff844
7e5
z
7429
5
400
fffff1b0
1ee7
ffffcd80
42a2
z
6ed9
5
400
fffff1b0
1ee7
ffffcd80
42a2
z
6b59
5
400
fffff1b0
1ee7
ffffcd80
42a2
z
678d
5
400
fffff1b0
1ee7
ffffcd80
42a2
z
6379
5
400
fffff1b0
1ee7
ffffcd80
42a2
z
6582
5
400
fffff1b0
1ee7
ffffcd80
42a2
z
647d
5
400
fffff1b0
1ee7
ffffcd80
42a2
z
64ff
5
400
fffff1b0
1ee7
ffffcd80
42a2
z
64bd
5
400
fffff1b0
1ee7
ffffcd80
42a2
z
64ab
5
400
fffff9a2
8ec
fffff844
7e5
z
5f1f
5
400
fffff9a2
8ec
fffff844
7e5
z
5a82
5
400
fffff9a2
8ec
fffff844
7e5
z
55a6
5
400
fffff9a2
8ec
fffff844
7e5
z
508d
5
400
fffff9a2
8ec
fffff844
7e5
z
5319
5
400
fffff9a2
8ec
fffff844
7e5
z
51d2
5
400
fffff9a2
8ec
fffff844
7e5
z
5275
5
400
fffff9a2
8ec
fffff844
7e5
z
5223
5
400
fffff9a2
8ec
fffff844
7e5
z
51e9
5
400
fffff1b0
1ee7
ffffcd80
42a2
z
4b3c
5
400
fffff1b0
1ee7
ffffcd80
42a2
z
45b6
5
400
fffff1b0
1ee7
ffffcd80
42a2
z
4000
5
400
fffff1b0
1ee7
ffffcd80
42a2
z
3a1c
5
400
fffff1b0
1ee7
ffffcd80
42a2
z
340f
5
400
fffff1b0
1ee7
ffffcd80
42a2
z
2ddf
5
400
fffff1b0
1ee7
ffffcd80
42a2
z
30f6
5
400
fffff1b0
1ee7
ffffcd80
42a2
z
3282
5
400
fffff1b0
1ee7
ffffcd80
42a2
z
3348
5
400
fffff1b0
1ee7
ffffcd80
42a2
z
32e5
5
400
fffff1b0
1ee7
ffffcd80
42a2
z
3300
5
400
fffff9a2
8ec
fffff844
7e5
z
278d
5
400
fffff9a2
8ec
fffff844
7e5
z
2120
5
400
fffff9a2
8ec
fffff844
7e5
z
2456
5
400
fffff9a2
8ec
fffff844
7e5
z
25f1
5
400
fffff9a2
8ec
fffff844
7e5
z
2523
5
400
fffff9a2
8ec
fffff844
7e5
z
24bc
5
400
fffff9a2
8ec
fffff844
7e5
z
247b
5
400
fffff1b0
1ee7
ffffcd80
42a2
z
1a9c
5
400
fffff1b0
1ee7
ffffcd80
42a2
z
1406
5
400
fffff1b0
1ee7
ffffcd80
42a2
z
d61
5
400
fffff1b0
1ee7
ffffcd80
42a2
z
6b2
5
400
fffff1b0
1ee7
ffffcd80
42a2
z
0
5
400
fffff1b0
1ee7
ffffcd80
42a2
z
fffff94e
5
400
fffff1b0
1ee7
ffffcd80
42a2
z
fffffca7
5
400
fffff1b0
1ee7
ffffcd80
42a2
z
fffffafa
5
400
fffff1b0
1ee7
ffffcd80
42a2
z
fffffbd0
5
400
fffff1b0
1ee7
ffffcd80
42a2
z
fffffb65
5
400
fffff1b0
1ee7
ffffcd80
42a2
z
fffffb4f
5
400
fffff9a2
8ec
fffff844
7e5
z
fffff29f
5
400
fffff9a2
8ec
fffff844
7e5
z
ffffebfa
5
400
fffff9a2
8ec
fffff844
7e5
z
ffffe564
5
400
fffff9a2
8ec
fffff844
7e5
z
ffffdee0
5
400
fffff9a2
8ec
fffff844
7e5
z
ffffe222
5
400
fffff9a2
8ec
fffff844
7e5
z
ffffe3c3
5
400
fffff9a2
8ec
fffff844
7e5
z
ffffe2f2
5
400
fffff9a2
8ec
fffff844
7e5
z
ffffe28a
5
400
fffff9a2
8ec
fffff844
7e5
z
ffffe2a3
5
400
fffff1b0
1ee7
ffffcd80
42a2
z
ffffd873
5
400
fffff1b0
1ee7
ffffcd80
42a2
z
ffffd221
5
400
fffff1b0
1ee7
ffffcd80
42a2
z
ffffd549
5
400
fffff1b0
1ee7
ffffcd80
42a2
z
ffffd6dd
5
400
fffff1b0
1ee7
ffffcd80
42a2
z
ffffd612
5
400
fffff1b0
1ee7
ffffcd80
42a2
z
ffffd5ad
5
400
fffff1b0
1ee7
ffffcd80
42a2
z
ffffd55f
5
400
fffff9a2
8ec
fffff844
7e5
z
ffffcbf1
5
400
fffff9a2
8ec
fffff844
7e5
z
ffffc5e4
5
400
fffff9a2
8ec
fffff844
7e5
z
ffffc000
5
400
fffff9a2
8ec
fffff844
7e5
z
ffffba4a
5
400
fffff9a2
8ec
fffff844
7e5
z
ffffb4c4
5
400
fffff9a2
8ec
fffff844
7e5
z
ffffaf73
5
400
fffff9a2
8ec
fffff844
7e5
z
ffffaa5a
5
400
fffff9a2
8ec
fffff844
7e5
z
ffffa57e
5
400
fffff9a2
8ec
fffff844
7e5
z
ffffa0e1
5
400
fffff9a2
8ec
fffff844
7e5
z
ffff9c87
5
400
fffff9a2
8ec
fffff844
7e5
z
ffff9873
5
400
fffff9a2
8ec
fffff844
7e5
z
ffff9a7c
5
400
fffff9a2
8ec
fffff844
7e5
z
ffff9977
5
400
fffff9a2
8ec
fffff844
7e5
z
ffff98f4
5
400
fffff9a2
8ec
fffff844
7e5
z
ffff98b3
5
400
fffff9a2
8ec
fffff844
7e5
z
ffff98b2
5
400
fffff1b0
1ee7
ffffcd80
42a2
z
7ff8
5
400
fffff17f
1fba
ffffcbc8
4528
z
7fd3
5
400
fffff17f
1fba
ffffcbc8
4528
z
7f4c
5
400
fffff17f
1fba
ffffcbc8
4528
z
7e6c
5
400
fffff17f
1fba
ffffcbc8
4528
z
7d33
5
400
fffff17f
1fba
ffffcbc8
4528
z
7ba3
5
400
fffff17f
1fba
ffffcbc8
4528
z
7c6a
5
400
fffff17f
1fba
ffffcbc8
4528
z
7cce
5
400
fffff17f
1fba
ffffcbc8
4528
z
7c9c
5
400
fffff17f
1fba
ffffcbc8
4528
z
7c83
5
400
fffff17f
1fba
ffffcbc8
4528
z
7c97
5
400
fffff9ab
916
fffff833
7c7
z
79bc
5
400
fffff9ab
916
fffff833
7c7
z
777f
5
400
fffff9ab
916
fffff833
7c7
z
74ef
5
400
fffff9ab
916
fffff833
7c7
z
720c
5
400
fffff9ab
916
fffff833
7c7
z
737d
5
400
fffff9ab
916
fffff833
7c7
z
7435
5
400
fffff9ab
916
fffff833
7c7
z
73d8
5
400
fffff9ab
916
fffff833
7c7
z
7406
5
400
fffff9ab
916
fffff833
7c7
z
7417
5
400
fffff17f
1fba
ffffcbc8
4528
z
6ed9
5
400
fffff17f
1fba
ffffcbc8
4528
z
6b59
5
400
fffff17f
1fba
ffffcbc8
4528
z
678d
5
400
fffff17f
1fba
ffffcbc8
4528
z
6379
5
400
fffff17f
1fba
ffffcbc8
4528
z
6582
5
400
fffff17f
1fba
ffffcbc8
4528
z
647d
5
400
fffff17f
1fba
ffffcbc8
4528
z
63fa
5
400
fffff17f
1fba
ffffcbc8
4528
z
63b9
5
400
fffff17f
1fba
ffffcbc8
4528
z
63e0
5
400
fffff9ab
916
fffff833
7c7
z
5f1f
5
400
fffff9ab
916
fffff833
7c7
z
5a82
5
400
fffff9ab
916
fffff833
7c7
z
55a6
5
400
fffff9ab
916
fffff833
7c7
z
508d
5
400
fffff9ab
916
fffff833
7c7
z
4b3c
5
400
fffff9ab
916
fffff833
7c7
z
4de4
5
400
fffff9ab
916
fffff833
7c7
z
4f38
5
400
fffff9ab
916
fffff833
7c7
z
4fe2
5
400
fffff9ab
916
fffff833
7c7
z
5037
5
400
fffff9ab
916
fffff833
7c7
z
4ff5
5
400
fffff17f
1fba
ffffcbc8
4528
z
45b6
5
400
fffff17f
1fba
ffffcbc8
4528
z
4000
5
400
fffff17f
1fba
ffffcbc8
4528
z
3a1c
5
400
fffff17f
1fba
ffffcbc8
4528
z
340f
5
400
fffff17f
1fba
ffffcbc8
4528
z
2ddf
5
400
fffff17f
1fba
ffffcbc8
4528
z
30f6
5
400
fffff17f
1fba
ffffcbc8
4528
z
3282
5
400
fffff17f
1fba
ffffcbc8
4528
z
3348
5
400
fffff17f
1fba
ffffcbc8
4528
z
33ab
5
400
fffff17f
1fba
ffffcbc8
4528
z
3382
5
400
fffff9ab
916
fffff833
7c7
z
278d
5
400
fffff9ab
916
fffff833
7c7
z
2120
5
400
fffff9ab
916
fffff833
7c7
z
2456
5
400
fffff9ab
916
fffff833
7c7
z
22bb
5
400
fffff9ab
916
fffff833
7c7
z
2388
5
400
fffff9ab
916
fffff833
7c7
z
23ef
5
400
fffff9ab
916
fffff833
7c7
z
23e1
5
400
fffff17f
1fba
ffffcbc8
4528
z
1a9c
5
400
fffff17f
1fba
ffffcbc8
4528
z
1406
5
400
fffff17f
1fba
ffffcbc8
4528
z
d61
5
400
fffff17f
1fba
ffffcbc8
4528
z
6b2
5
400
fffff17f
1fba
ffffcbc8
4528
z
0
5
400
fffff17f
1fba
ffffcbc8
4528
z
fffff94e
5
400
fffff17f
1fba
ffffcbc8
4528
z
fffffca7
5
400
fffff17f
1fba
ffffcbc8
4528
z
fffffe53
5
400
fffff17f
1fba
ffffcbc8
4528
z
fffffd7c
5
400
fffff17f
1fba
ffffcbc8
4528
z
fffffd11
5
400
fffff17f
1fba
ffffcbc8
4528
z
fffffd15
5
400
fffff9ab
916
fffff833
7c7
z
fffff29f
5
400
fffff9ab
916
fffff833
7c7
z
ffffebfa
5
400
fffff9ab
916
fffff833
7c7
z
ffffe564
5
400
fffff9ab
916
fffff833
7c7
z
ffffdee0
5
400
fffff9ab
916
fffff833
7c7
z
ffffe222
5
400
fffff9ab
916
fffff833
7c7
z
ffffe3c3
5
400
fffff9ab
916
fffff833
7c7
z
ffffe493
5
400
fffff9ab
916
fffff833
7c7
z
ffffe4fb
5
400
fffff9ab
916
fffff833
7c7
z
ffffe4f9
5
400
fffff17f
1fba
ffffcbc8
4528
z
ffffd873
5
400
fffff17f
1fba
ffffcbc8
4528
z
ffffd221
5
400
fffff17f
1fba
ffffcbc8
4528
z
ffffd549
5
400
fffff17f
1fba
ffffcbc8
4528
z
ffffd6dd
5
400
fffff17f
1fba
ffffcbc8
4528
z
ffffd7a7
5
400
fffff17f
1fba
ffffcbc8
4528
z
ffffd741
5
400
fffff17f
1fba
ffffcbc8
4528
z
ffffd705
5
400
fffff9ab
916
fffff833
7c7
z
ffffcbf1
5
400
fffff9ab
916
fffff833
7c7
z
ffffc5e4
5
400
fffff9ab
916
fffff833
7c7
z
ffffc000
5
400
fffff9ab
916
fffff833
7c7
z
ffffba4a
5
400
fffff9ab
916
fffff833
7c7
z
ffffb4c4
5
400
fffff9ab
916
fffff833
7c7
z
ffffaf73
5
400
fffff9ab
916
fffff833
7c7
z
ffffaa5a
5
400
fffff9ab
916
fffff833
7c7
z
ffffa57e
5
400
fffff9ab
916
fffff833
7c7
z
ffffa0e1
5
400
fffff9ab
916
fffff833
7c7
z
ffff9c87
5
400
fffff9ab
916
fffff833
7c7
z
ffff9873
5
400
fffff9ab
916
fffff833
7c7
z
ffff94a7
5
400
fffff9ab
916
fffff833
7c7
z
ffff968c
5
400
fffff9ab
916
fffff833
7c7
z
ffff977f
5
400
fffff9ab
916
fffff833
7c7
z
ffff97f8
5
400
fffff9ab
916
fffff833
7c7
z
ffff9835
5
400
fffff9ab
916
fffff833
7c7
z
ffff986b
5
400
fffff17f
1fba
ffffcbc8
4528
z
7ff8
5
400
fffff21d
1d6d
ffffd12b
3cc9
z
7fd3
5
400
fffff21d
1d6d
ffffd12b
3cc9
z
7f4c
5
400
fffff21d
1d6d
ffffd12b
3cc9
z
7e6c
5
400
fffff21d
1d6d
ffffd12b
3cc9
z
7d33
5
400
fffff21d
1d6d
ffffd12b
3cc9
z
7ba3
5
400
fffff21d
1d6d
ffffd12b
3cc9
z
7c6a
5
400
fffff21d
1d6d
ffffd12b
3cc9
z
7cce
5
400
fffff21d
1d6d
ffffd12b
3cc9
z
7c9c
5
400
fffff21d
1d6d
ffffd12b
3cc9
z
7c83
5
400
fffff21d
1d6d
ffffd12b
3cc9
z
7c86
5
400
fffff989
9b5
fffff72e
9b0
z
79bc
5
400
fffff989
9b5
fffff72e
9b0
z
777f
5
400
fffff989
9b5
fffff72e
9b0
z
74ef
5
400
fffff989
9b5
fffff72e
9b0
z
720c
5
400
fffff989
9b5
fffff72e
9b0
z
6ed9
5
400
fffff989
9b5
fffff72e
9b0
z
7072
5
400
fffff989
9b5
fffff72e
9b0
z
713f
5
400
fffff989
9b5
fffff72e
9b0
z
71a5
5
400
fffff989
9b5
fffff72e
9b0
z
71d8
5
400
fffff989
9b5
fffff72e
9b0
z
71e6
5
400
fffff21d
1d6d
ffffd12b
3cc9
z
6b59
5
400
fffff21d
1d6d
ffffd12b
3cc9
z
678d
5
400
fffff21d
1d6d
ffffd12b
3cc9
z
6379
5
400
fffff21d
1d6d
ffffd12b
3cc9
z
5f1f
5
400
fffff21d
1d6d
ffffd12b
3cc9
z
5a82
5
400
fffff21d
1d6d
ffffd12b
3cc9
z
5cd0
5
400
fffff21d
1d6d
ffffd12b
3cc9
z
5df7
5
400
fffff21d
1d6d
ffffd12b
3cc9
z
5e8a
5
400
fffff21d
1d6d
ffffd12b
3cc9
z
5e40
5
400
fffff21d
1d6d
ffffd12b
3cc9
z
5e3a
5
400
fffff989
9b5
fffff72e
9b0
z
55a6
5
400
fffff989
9b5
fffff72e
9b0
z
508d
5
400
fffff989
9b5
fffff72e
9b0
z
5319
5
400
fffff989
9b5
fffff72e
9b0
z
51d2
5
400
fffff989
9b5
fffff72e
9b0
z
512f
5
400
fffff989
9b5
fffff72e
9b0
z
5180
5
400
fffff989
9b5
fffff72e
9b0
z
5147
5
400
fffff21d
1d6d
ffffd12b
3cc9
z
4b3c
5
400
fffff21d
1d6d
ffffd12b
3cc9
z
45b6
5
400
fffff21d
1d6d
ffffd12b
3cc9
z
4000
5
400
fffff21d
1d6d
ffffd12b
3cc9
z
3a1c
5
400
fffff21d
1d6d
ffffd12b
3cc9
z
340f
5
400
fffff21d
1d6d
ffffd12b
3cc9
z
3715
5
400
fffff21d
1d6d
ffffd12b
3cc9
z
3898
5
400
fffff21d
1d6d
ffffd12b
3cc9
z
37d6
5
400
fffff21d
1d6d
ffffd12b
3cc9
z
3837
5
400
fffff21d
1d6d
ffffd12b
3cc9
z
3859
5
400
fffff989
9b5
fffff72e
9b0
z
2ddf
5
400
fffff989
9b5
fffff72e
9b0
z
278d
5
400
fffff989
9b5
fffff72e
9b0
z
2120
5
400
fffff989
9b5
fffff72e
9b0
z
2456
5
400
fffff989
9b5
fffff72e
9b0
z
25f1
5
400
fffff989
9b5
fffff72e
9b0
z
2523
5
400
fffff989
9b5
fffff72e
9b0
z
24bc
5
400
fffff989
9b5
fffff72e
9b0
z
2487
5
400
fffff21d
1d6d
ffffd12b
3cc9
z
1a9c
5
400
fffff21d
1d6d
ffffd12b
3cc9
z
1406
5
400
fffff21d
1d6d
ffffd12b
3cc9
z
d61
5
400
fffff21d
1d6d
ffffd12b
3cc9
z
6b2
5
400
fffff21d
1d6d
ffffd12b
3cc9
z
0
5
400
fffff21d
1d6d
ffffd12b
3cc9
z
fffff94e
5
400
fffff21d
1d6d
ffffd12b
3cc9
z
fffffca7
5
400
fffff21d
1d6d
ffffd12b
3cc9
z
fffffe53
5
400
fffff21d
1d6d
ffffd12b
3cc9
z
fffffd7c
5
400
fffff21d
1d6d
ffffd12b
3cc9
z
fffffd11
5
400
fffff21d
1d6d
ffffd12b
3cc9
z
fffffd0c
5
400
fffff989
9b5
fffff72e
9b0
z
fffff29f
5
400
fffff989
9b5
fffff72e
9b0
z
ffffebfa
5
400
fffff989
9b5
fffff72e
9b0
z
ffffe564
5
400
fffff989
9b5
fffff72e
9b0
z
ffffdee0
5
400
fffff989
9b5
fffff72e
9b0
z
ffffe222
5
400
fffff989
9b5
fffff72e
9b0
z
ffffe3c3
5
400
fffff989
9b5
fffff72e
9b0
z
ffffe493
5
400
fffff989
9b5
fffff72e
9b0
z
ffffe42a
5
400
fffff989
9b5
fffff72e
9b0
z
ffffe438
5
400
fffff21d
1d6d
ffffd12b
3cc9
z
ffffd873
5
400
fffff21d
1d6d
ffffd12b
3cc9
z
ffffd221
5
400
fffff21d
1d6d
ffffd12b
3cc9
z
ffffcbf1
5
400
fffff21d
1d6d
ffffd12b
3cc9
z
ffffcf08
5
400
fffff21d
1d6d
ffffd12b
3cc9
z
ffffcd7c
5
400
fffff21d
1d6d
ffffd12b
3cc9
z
ffffce42
5
400
fffff21d
1d6d
ffffd12b
3cc9
z
ffffcddf
5
400
fffff21d
1d6d
ffffd12b
3cc9
z
ffffce0d
5
400
fffff989
9b5
fffff72e
9b0
z
ffffc5e4
5
400
fffff989
9b5
fffff72e
9b0
z
ffffc000
5
400
fffff989
9b5
fffff72e
9b0
z
ffffba4a
5
400
fffff989
9b5
fffff72e
9b0
z
ffffb4c4
5
400
fffff989
9b5
fffff72e
9b0
z
ffffaf73
5
400
fffff989
9b5
fffff72e
9b0
z
ffffaa5a
5
400
fffff989
9b5
fffff72e
9b0
z
ffffa57e
5
400
fffff989
9b5
fffff72e
9b0
z
ffffa0e1
5
400
fffff989
9b5
fffff72e
9b0
z
ffff9c87
5
400
fffff989
9b5
fffff72e
9b0
z
ffff9873
5
400
fffff989
9b5
fffff72e
9b0
z
ffff9a7c
5
400
fffff989
9b5
fffff72e
9b0
z
ffff9b81
5
400
fffff989
9b5
fffff72e
9b0
z
ffff9c03
5
400
fffff989
9b5
fffff72e
9b0
z
ffff9bc1
5
400
fffff989
9b5
fffff72e
9b0
z
ffff9b87
5
400
fffff21d
1d6d
ffffd12b
3cc9
z
7ff8
5
400
fffff237
1d25
ffffd1a9
3c25
z
7fd3
5
400
fffff237
1d25
ffffd1a9
3c25
z
7f4c
5
400
fffff237
1d25
ffffd1a9
3c25
z
7e6c
5
400
fffff237
1d25
ffffd1a9
3c25
z
7d33
5
400
fffff237
1d25
ffffd1a9
3c25
z
7ba3
5
400
fffff237
1d25
ffffd1a9
3c25
z
7c6a
5
400
fffff237
1d25
ffffd1a9
3c25
z
7cce
5
400
fffff237
1d25
ffffd1a9
3c25
z
7c9c
5
400
fffff237
1d25
ffffd1a9
3c25
z
7c83
5
400
fffff237
1d25
ffffd1a9
3c25
z
7c77
5
400
fffff984
992
fffff735
992
z
79bc
5
400
fffff984
992
fffff735
992
z
777f
5
400
fffff984
992
fffff735
992
z
74ef
5
400
fffff984
992
fffff735
992
z
720c
5
400
fffff984
992
fffff735
992
z
737d
5
400
fffff984
992
fffff735
992
z
72c4
5
400
fffff984
992
fffff735
992
z
7320
5
400
fffff984
992
fffff735
992
z
72f2
5
400
fffff984
992
fffff735
992
z
72e2
5
400
fffff237
1d25
ffffd1a9
3c25
z
6ed9
5
400
fffff237
1d25
ffffd1a9
3c25
z
6b59
5
400
fffff237
1d25
ffffd1a9
3c25
z
678d
5
400
fffff237
1d25
ffffd1a9
3c25
z
6379
5
400
fffff237
1d25
ffffd1a9
3c25
z
5f1f
5
400
fffff237
1d25
ffffd1a9
3c25
z
5a82
5
400
fffff237
1d25
ffffd1a9
3c25
z
5cd0
5
400
fffff237
1d25
ffffd1a9
3c25
z
5df7
5
400
fffff237
1d25
ffffd1a9
3c25
z
5d63
5
400
fffff237
1d25
ffffd1a9
3c25
z
5dac
5
400
fffff237
1d25
ffffd1a9
3c25
z
5dc1
5
400
fffff984
992
fffff735
992
z
55a6
5
400
fffff984
992
fffff735
992
z
508d
5
400
fffff984
992
fffff735
992
z
5319
5
400
fffff984
992
fffff735
992
z
51d2
5
400
fffff984
992
fffff735
992
z
512f
5
400
fffff984
992
fffff735
992
z
5180
5
400
fffff984
992
fffff735
992
z
51a9
5
400
fffff237
1d25
ffffd1a9
3c25
z
4b3c
5
400
fffff237
1d25
ffffd1a9
3c25
z
45b6
5
400
fffff237
1d25
ffffd1a9
3c25
z
4000
5
400
fffff237
1d25
ffffd1a9
3c25
z
3a1c
5
400
fffff237
1d25
ffffd1a9
3c25
z
340f
5
400
fffff237
1d25
ffffd1a9
3c25
z
3715
5
400
fffff237
1d25
ffffd1a9
3c25
z
3898
5
400
fffff237
1d25
ffffd1a9
3c25
z
37d6
5
400
fffff237
1d25
ffffd1a9
3c25
z
3837
5
400
fffff237
1d25
ffffd1a9
3c25
z
3800
5
400
fffff984
992
fffff735
992
z
2ddf
5
400
fffff984
992
fffff735
992
z
278d
5
400
fffff984
992
fffff735
992
z
2120
5
400
fffff984
992
fffff735
992
z
2456
5
400
fffff984
992
fffff735
992
z
25f1
5
400
fffff984
992
fffff735
992
z
2523
5
400
fffff984
992
fffff735
992
z
24bc
5
400
fffff984
992
fffff735
992
z
247a
5
400
fffff237
1d25
ffffd1a9
3c25
z
1a9c
5
400
fffff237
1d25
ffffd1a9
3c25
z
1406
5
400
fffff237
1d25
ffffd1a9
3c25
z
d61
5
400
fffff237
1d25
ffffd1a9
3c25
z
6b2
5
400
fffff237
1d25
ffffd1a9
3c25
z
0
5
400
fffff237
1d25
ffffd1a9
3c25
z
fffff94e
5
400
fffff237
1d25
ffffd1a9
3c25
z
fffffca7
5
400
fffff237
1d25
ffffd1a9
3c25
z
fffffafa
5
400
fffff237
1d25
ffffd1a9
3c25
z
fffffbd0
5
400
fffff237
1d25
ffffd1a9
3c25
z
fffffc3b
5
400
fffff237
1d25
ffffd1a9
3c25
z
fffffc3c
5
400
fffff984
992
fffff735
992
z
fffff29f
5
400
fffff984
992
fffff735
992
z
ffffebfa
5
400
fffff984
992
fffff735
992
z
ffffe564
5
400
fffff984
992
fffff735
992
z
ffffdee0
5
400
fffff984
992
fffff735
992
z
ffffe222
5
400
fffff984
992
fffff735
992
z
ffffe3c3
5
400
fffff984
992
fffff735
992
z
ffffe2f2
5
400
fffff984
992
fffff735
992
z
ffffe35a
5
400
fffff984
992
fffff735
992
z
ffffe33f
5
400
fffff237
1d25
ffffd1a9
3c25
z
ffffd873
5
400
fffff237
1d25
ffffd1a9
3c25
z
ffffd221
5
400
fffff237
1d25
ffffd1a9
3c25
z
ffffcbf1
5
400
fffff237
1d25
ffffd1a9
3c25
z
ffffcf08
5
400
fffff237
1d25
ffffd1a9
3c25
z
ffffcd7c
5
400
fffff237
1d25
ffffd1a9
3c25
z
ffffce42
5
400
fffff237
1d25
ffffd1a9
3c25
z
ffffcddf
5
400
fffff237
1d25
ffffd1a9
3c25
z
ffffce1d
5
400
fffff984
992
fffff735
992
z
ffffc5e4
5
400
fffff984
992
fffff735
992
z
ffffc000
5
400
fffff984
992
fffff735
992
z
ffffba4a
5
400
fffff984
992
fffff735
992
z
ffffb4c4
5
400
fffff984
992
fffff735
992
z
ffffaf73
5
400
fffff984
992
fffff735
992
z
ffffaa5a
5
400
fffff984
992
fffff735
992
z
ffffa57e
5
400
fffff984
992
fffff735
992
z
ffffa0e1
5
400
fffff984
992
fffff735
992
z
ffff9c87
5
400
fffff984
992
fffff735
992
z
ffff9873
5
400
fffff984
992
fffff735
992
z
ffff9a7c
5
400
fffff984
992
fffff735
992
z
ffff9b81
5
400
fffff984
992
fffff735
992
z
ffff9afe
5
400
fffff984
992
fffff735
992
z
ffff9b3f
5
400
fffff984
992
fffff735
992
z
ffff9b7f
5
400
fffff237
1d25
ffffd1a9
3c25
z

