357
32f
2a3
1d3
dc
ffffffe7
58
1d
1
fffffff4
16f6
e9f
744
a4
fffffb31
fffffdaa
ffffff14
ffffffd6
3a
fffffe98
fffffffa
161
a5
4d
23
e
fffff73a
fffff4c7
fffff619
fffff8d0
fffffc7f
9e
fffffe90
ffffff99
1d
ffffffdc
8de
8fc
81b
645
390
2b
fffffc6c
fffffe4d
ffffff3d
ffffffb5
fffffff0
7bb
fffffd4d
37c
9d
ffffff02
ffffffd3
fffffa21
fffff5a8
fffff3b0
fffff35f
fffff529
fffff95b
e
fffffc67
fffffe27
ffffff16
ffffff91
ffffc6d4
ffffc2a8
ffffc23e
ffffc62a
ffffcec5
ffffdc1c
ffffedeb
395
fffff849
fffffdd5
b2
ffffff45
39c1
2f81
1a7d
fffff769
af6
1b9
fffffcb0
ffffff37
4b5c
69c8
7f8e
7fff
7fff
7fff
7fff
7fff
6ea6
4c29
212a
ffffef03
95e
fffffc81
305
ffffffc8
ffff8000
3b6
38b
2f6
215
109
fffffff9
77
35
17
8
1aca
127e
a86
33f
fffffd21
ffffffed
182
b1
4d
fffffe67
ffffff82
d8
23
ffffffd0
fffffff9
e
fffff735
fffff4da
fffff5b1
fffff808
fffffb7b
ffffff88
39c
1a1
97
10
ffffffcc
8b9
83e
6af
448
138
fffffdce
ffffff85
5f
fffffff2
29
884
157
fffffaa5
fffffe28
ffffffcb
93
2f
fffff9c7
fffff5ef
fffff5c7
fffff79f
fffffbbc
22f
fffffeae
5d
ffffff82
ffffffef
ffffd715
ffffd398
ffffd4fc
ffffda8c
ffffe490
fffff307
5a0
fffffbd0
98
fffffe2e
ffffff64
3502
3278
2654
e70
ffffe821
fffffd59
65f
1fa
ffffffaf
58fa
7ef8
7fff
7fff
7fff
7fff
7fff
7fff
6d03
4603
1666
ffffdf9f
fffffc54
9ac
316
ffffffbb
ffff8000
495
464
3b8
2b5
17b
38
ffffff19
ffffff9b
ffffffe5
e
fffffff9
1e9a
da6
4fe
fffffd82
f7
ffffff2a
b
ffffff99
fffffe01
fffffeeb
3d
ffffff88
ffffffe0
e
fffffff7
fffff42b
fffff1bf
fffff1ca
fffff396
fffff6c5
fffffad8
ffffff3f
361
168
59
ffffffcd
13
9a6
820
600
31d
ffffffbd
174
99
2b
fffffff4
78e
3ec
fffffecb
188
33
ffffff81
ffffffdb
fffff9b8
fffff6c6
fffff5be
fffff666
fffff901
fffffd9c
400
9c
ffffff0f
ffffffd3
37
ffffde68
ffffdea5
ffffe36a
ffffec1a
fffff8ac
8cb
4c
fffffc5f
fffffe50
ffffff4c
2000
188e
883
ffffeca5
fffffc47
2ca
ffffffa3
13d
3875
5b10
6d68
7ba4
7fff
7fff
7e5f
6ded
53a5
2f87
20e
ffffcc27
ffffe888
fffff5a1
fffffbe1
fffffef7
ffff8000
58b
553
48e
361
1f3
72
ffffff10
ffffffb2
d
ffffffde
fffffff5
1ff9
f4c
617
fffffe08
1c4
ffffffd3
c6
4b
fffffd56
fffffe04
ffffff3d
f4
10
ffffffa4
ffffffd9
fffffff5
fffff1a9
fffff03b
fffff1a8
fffff491
fffff87b
fffffcd8
113
ffffff09
14
ffffff90
ffffffd2
977
863
678
3bb
6e
fffffced
fffffeaa
ffffff8c
fffffffd
35
69b
ffffffe2
3e6
208
fd
71
fffff9bb
fffff71e
fffff5c8
fffff612
fffff845
fffffc7b
288
ffffff4c
de
12
ffffffaf
ffffe443
ffffe5d0
ffffeafd
fffff3d4
43
fffff999
fffffcd3
fffffe85
ffffff62
1e4d
1f63
1a1d
c20
fffff2ef
124
fffffa76
fffffde8
ffffff8d
40b1
5c79
6c58
77b1
7cee
7a98
6f7b
5ac1
3bf6
1329
ffffe0e8
fffffb8b
7b5
1b3
fffffea5
ffff8000
622
5e6
511
3cc
23d
96
ffffff0a
ffffffc0
26
fffffff2
b
1f28
f6e
66e
fffffe8d
235
4e
ffffff6a
ffffffdb
fffffcdc
fffffd5f
fffffe7e
23
ffffff46
ffffffb3
ffffffeb
8
fffff17f
fffff0ee
fffff23f
fffff4fd
fffff8b1
fffffcd3
d2
fffffee5
ffffffe1
5b
1e
8f2
80b
640
3a0
68
fffffcf3
fffffeac
ffffff8a
fffffff9
31
5f7
ffffffc0
371
1b8
c3
42
fffff9da
fffff715
fffff5a2
fffff5bf
fffff7b7
fffffba5
160
fffffe4e
ffffffcb
92
2e
ffffea1c
ffffedf7
fffff51c
c
fffffa19
fffffcf3
fffffe79
ffffff41
170a
1be5
1cb0
1745
942
fffff02e
fffffe50
428
155
ffffffd9
5450
7572
7fff
7fff
7fff
7fff
7fff
7a05
5b42
3235
ffffff73
1a5f
d4b
66c
2ef
ffff8000
5eb
5b0
4e2
3a7
224
88
ffffff06
ffffffb7
1b
ffffffe8
1
1f2c
f5c
672
fffffea5
243
61
ffffff7f
ffffffef
fffffcd7
fffffd46
fffffe4b
ffffffd0
1a9
ba
44
a
ffffffed
fffff176
fffff26d
fffff51d
fffff8be
fffffcc8
ac
fffffecd
ffffffc2
39
fffffffe
7c7
6db
520
2a5
ffffffa7
12f
6c
a
ffffffd8
5e9
33b
ffffff62
171
70
ffffffeb
2e
fffff9fa
fffff764
fffff654
fffff6c5
fffff8f2
fffffce2
258
ffffff73
dc
26
ffffffcc
ffffebd2
fffff108
fffff936
555
fffffec5
1ed
52
ffffff8a
12b4
1711
14bd
b59
fffff86e
345
fffffe36
d3
ffffff8a
4e3e
6e2a
7fff
7fff
7fff
7fff
7fff
7fff
7fff
79fa
5319
2270
ffffe905
739
fffff87d
ffffffec
399
ffff8000
5e3
5a8
4da
3a0
21f
87
ffffff0c
ffffffba
1c
ffffffea
2
1d1f
ddc
545
fffffdc6
13f
ffffff70
52
ffffffe0
fffffd02
fffffd89
fffffea2
3a
ffffff65
ffffffce
4
ffffffe9
fffff198
fffff114
fffff26d
fffff51f
fffff8b5
fffffcac
79
fffffea5
ffffff95
8
ffffffcf
7e6
6b1
4a0
1c1
fffffe5a
16
ffffff39
ffffffa8
ffffffdf
5f7
2f5
ffffff53
143
51
ffffffd3
13
fffff80e
fffff528
fffff41c
fffff4e1
fffff7d0
fffffd0e
480
85
fffffeb9
ffffff9c
10
ffffeed3
fffff5bc
fffffef1
c1a
505
1dc
60
ffffffa8
18fb
2ac7
2fea
2f76
2709
1429
fffff44a
617
fffffdb0
200
ffffffdd
7fff
7fff
7fff
7fff
7fff
7fff
7fff
7e06
5505
2208
ffffe621
59c
fffff63f
fffffdff
1d4
ffff8000
42d
3fc
353
252
11d
ffffffdf
73
26
2
fffffff0
1685
dde
61d
fffffefd
252
99
ffffffc6
2f
fffffdae
fffffde2
fffffead
fffffffe
1b6
d4
67
32
18
fffff163
fffff0b1
fffff29e
fffff5a2
fffff94a
fffffd15
80
fffffee3
ffffffb8
1e
ffffffec
842
68a
408
bc
fffffcf1
fffffedd
ffffffcf
46
a
438
ffffffef
299
161
af
50
fffff923
fffff593
fffff305
fffff1eb
fffff2bc
fffff5cb
fffffb3b
2e8
fffffecf
cc
ffffffca
4a
fffff160
fffffba7
86c
177
fffffe6b
ffffffe8
ad
104e
2115
2995
2e6b
2d62
2409
fda
ffffee3b
f8
fffff81d
fffffca8
fffffed8
7fff
7fff
7fff
7fff
7fff
7fff
7fff
7fff
7fff
7fff
56c6
183c
ffffd3f6
fffff772
81a
ffffffc7
3ec
ffff8000
5c3
58a
4c3
393
220
9b
ffffff35
ffffffd8
35
5
ffffffee
1526
7f5
54
fffff9cd
fffffcce
fffffe7d
ffffff62
ffffffd7
fffffd86
fffffe2e
ffffff6f
131
47
ffffffd8
f
fffffff4
fffff0ce
fffff077
fffff269
fffff593
fffff981
fffffdb0
19a
ffffffbc
b1
38
fffffffa
a14
908
720
460
10a
fffffd78
ffffff3f
24
ffffffb1
ffffffeb
5ca
62
fffffc20
fffffe4c
ffffff5a
ffffffdf
20
fffff9d2
fffff5fc
fffff624
fffff837
fffffc52
250
ffffff1a
a8
ffffffde
43
fffff3ee
fffffc5e
759
155
fffffeb8
fffffffe
a7
cbe
1956
1ece
2055
1bbf
ea8
fffff695
433
fffffdcf
11b
ffffff7c
7fff
7fff
7fff
7fff
7fff
7fff
7fff
7fff
7fff
7fff
5448
1a28
ffffd89a
fffffad2
ad3
2eb
fffffee5
ffff8000
69a
65f
58d
44c
2c3
122
ffffff9d
50
fffffff2
1f
8
14e0
a27
25b
fffffba9
fffffebf
7a
ffffff96
5
fffffd8d
fffffe07
ffffff27
cd
fffffff0
5d
26
b
fffff1f3
fffff1b5
fffff387
fffff698
fffffa74
fffffe97
27a
9e
ffffff9f
20
ffffffe0
983
8a3
6e0
44f
131
fffffde2
ffffff86
5c
fffffff1
26
6b4
19e
fffffd7d
ffffff97
9e
1b
ffffffd9
fffff9c1
fffff75c
fffff7e3
fffffa5a
fffffedf
548
1dc
4f
ffffff93
fffffff1
fffff49e
fffffeb5
9e1
3c4
11b
ffffffe0
7b
e49
1d9a
2381
2576
214c
149d
fffffcf1
a5c
412
9b
fffffecb
7fff
7fff
7fff
7fff
7fff
7fff
7fff
7fff
7fff
7fff
5c04
2256
ffffe139
338
fffff291
fffffafd
ffffff21
ffff8000
4e1
4a1
3bf
265
bd
fffffefc
ffffffcf
42
8
ffffffeb
20c6
12d8
9fc
1d6
fffffaed
fffffe19
ffffffe2
d5
58
fffffb2a
fffffbb7
fffffcfe
fffffede
126
fffffffe
92
48
23
fffff160
fffff494
fffff889
fffffd5c
27a
fffffff4
13b
99
47
898
968
8ab
6d8
402
63
fffffc51
fffffe5f
ffffff63
ffffffe3
23
ca7
456
fffffdbb
129
ffffff79
53
ffffffe6
fffff5ae
fffff1e9
fffff0ac
fffff135
fffff3b1
fffff810
fffffdf6
4b5
148
ffffff9a
70
5
ffffe125
ffffec56
fffff856
80b
ffffffbb
3c7
1bb
ba
117e
dd3
23f
ffffec99
fffff8e1
fffffde7
27
ffffff0c
32b0
5b20
6e78
7e11
7fff
7fff
7fff
7969
6232
4161
1763
ffffe516
ffffff9f
bd4
5ca
2b4
ffff8000
4b2
473
396
244
a4
fffffeeb
ffffffba
2c
fffffff2
f
218a
132f
a4b
218
fffffb1c
fffffe52
20
ffffff32
ffffffa6
fffffb18
fffffb8d
fffffcbc
fffffe7d
a4
ffffff8d
18
ffffffd2
fffffff6
fffff141
fffff400
fffff7bf
fffffc5d
148
fffffedb
15
ffffff79
ffffffc8
7f7
88d
7ed
650
3cc
99
fffffd0c
fffffed5
ffffffb8
29
fffffff1
acf
2ed
fffffc8d
ffffffdc
16d
a6
41
fffff806
fffff490
fffff3f0
fffff4fa
fffff7c8
fffffc30
1bf
fffffedd
49
ffffff92
ffffffed
ffffe0c2
ffffe5a2
ffffedd1
fffff9d8
966
131
fffffd68
ffffff46
3a
fb3
6ac
fffff65f
ffffffc9
384
1b7
c4
2585
4527
595b
6b28
78e1
7fff
7fff
7a4d
6982
4eef
2a92
fffffce4
1531
968
333
c
ffff8000
4ca
48b
3ae
25b
ba
fffffefd
ffffffce
40
6
ffffffea
22b4
143a
af9
265
fffffb05
fffffe6b
52
ffffff57
ffffffd2
fffffb0b
fffffb65
fffffc7e
fffffe27
35
ffffff2a
ffffffaf
fffffff2
14
fffff018
fffff25f
fffff5f9
fffffa84
ffffff70
422
1e1
ae
11
ffffffc1
78e
738
5b0
34e
4b
fffffcfa
fffffea3
ffffff78
ffffffe2
16
a6c
33a
fffffd61
6c
fffffeed
ffffffad
d
fffff81e
fffff55f
fffff50a
fffff651
fffff947
fffffdb8
325
5a
ffffff02
ffffffad
3
ffffe454
ffffea2a
fffff2bc
ffffff18
ee9
694
2ba
e3
fffffffc
f27
342
fffff0dd
fffffb62
ffffff9f
182
93
2602
4b08
5f38
70f0
7e84
7fff
7fff
7f35
6e19
532e
2e74
68
ffffc9fa
ffffe69e
fffff3d9
fffffa2a
fffffd48
ffff8000
5c7
57e
47a
2e9
f6
fffffed9
ffffffda
64
1e
fffffffc
294c
1ac0
1124
829
57
fffffa25
fffffcf0
fffffe90
ffffff6d
ffffffe0
fffff923
fffffa0e
fffffb81
fffffd6a
ffffff91
1b1
ab
20
ffffffda
fffffffd
fffff597
fffffc2e
9f
fffffe69
ffffff87
14
ffffffce
49a
529
4a8
330
d5
fffffdd0
ffffff61
1f
ffffffc1
fffffff0
b2e
73b
2a3
fffffccb
ffffffd4
144
8e
31
fffff5c3
fffff2b9
fffff281
fffff419
fffff7a8
fffffd18
406
68
fffffeb5
ffffff8d
fffffffa
ffffe3f6
ffffe986
fffff1bb
fffffd87
c90
4a7
fd
ffffff3d
1d
19a4
17e0
cbb
fffff75d
386
fffffdd5
c6
ffffff54
3e0f
56e0
6648
7136
7615
736e
680d
531c
3427
b3c
ffffd8e7
fffff392
ffffffc2
58b
2a1
ffff8000
607
5bb
4b1
315
114
fffffee6
ffffffee
7d
35
11
2516
1758
e18
581
fffffe17
182
ffffffba
99
28
fffff90e
fffff8fe
fffff9c8
fffffb38
fffffd25
ffffff54
180
73
ffffffe6
2d
a
fffff59f
fffffc5c
fd
fffffeb2
ffffffdb
6d
25
473
52a
4ba
350
fe
fffffdfb
ffffff8c
4a
ffffffec
1b
baa
78f
2c9
fffffcba
ffffffdf
15c
9f
3f
fffff5cf
fffff2a1
fffff245
fffff3b3
fffff715
fffffc58
31e
ffffff93
150
70
1
ffffe29e
ffffe7bc
ffffefc4
fffffb6e
a5f
281
fffffedd
a9
ffffffc3
190a
1708
c37
fffff750
338
fffffda6
88
ffffff1d
3baa
54cf
6460
6f83
74a1
7243
6734
529b
3404
b7b
ffffd989
fffff402
19
fffffa20
fffffd1d
ffff8000

